  291.000  3.625937e+02  1.601908e+02  9.460965e+00  3.397420e+01  2.170107e+01  1.505759e+00 
  292.000  3.985537e+02  1.763393e+02  1.046260e+01  3.733772e+01  2.392801e+01  1.665174e+00 
  293.000  3.091476e+02  1.369867e+02  8.165098e+00  2.895734e+01  1.861890e+01  1.299516e+00 
  294.000  3.281786e+02  1.456394e+02  8.720754e+00  3.073512e+01  1.982791e+01  1.387951e+00 
  295.000  2.908288e+02  1.292363e+02  7.769670e+00  2.723343e+01  1.762050e+01  1.236581e+00 
  296.000  4.006159e+02  1.782961e+02  1.076842e+01  3.750809e+01  2.435040e+01  1.713846e+00 
  297.000  2.171297e+02  9.676560e+01  5.867776e+00  2.032621e+01  1.323513e+01  9.338858e-01 
  298.000  3.556967e+02  1.587666e+02  9.671703e+00  3.329267e+01  2.175230e+01  1.539299e+00 
  299.000  3.515206e+02  1.571497e+02  9.617197e+00  3.289663e+01  2.156767e+01  1.530624e+00 
  300.000  2.836875e+02  1.269972e+02  7.803009e+00  2.654491e+01  1.745559e+01  1.241888e+00 
  301.000  4.140628e+02  1.849776e+02  1.138177e+01  3.874158e+01  2.543494e+01  1.811465e+00 
  302.000  2.925883e+02  1.303981e+02  8.036742e+00  2.737370e+01  1.793827e+01  1.279087e+00 
  303.000  4.242736e+02  1.886880e+02  1.164627e+01  3.969103e+01  2.596736e+01  1.853561e+00 
  304.000  3.792530e+02  1.683077e+02  1.040365e+01  3.547684e+01  2.317199e+01  1.655793e+00 
  305.000  4.266428e+02  1.889335e+02  1.169595e+01  3.990708e+01  2.602228e+01  1.861468e+00 
  306.000  3.664892e+02  1.618950e+02  1.003930e+01  3.427770e+01  2.230869e+01  1.597804e+00 
  307.000  4.003005e+02  1.764462e+02  1.095819e+01  3.743742e+01  2.432390e+01  1.744050e+00 
  308.000  4.206427e+02  1.850061e+02  1.150733e+01  3.933710e+01  2.551459e+01  1.831448e+00 
  309.000  3.853322e+02  1.691013e+02  1.053424e+01  3.603242e+01  2.333096e+01  1.676576e+00 
  310.000  3.159911e+02  1.383626e+02  8.635151e+00  2.954623e+01  1.909808e+01  1.374327e+00 
  311.000  5.490109e+02  2.398627e+02  1.507271e+01  5.133068e+01  3.312345e+01  2.398896e+00 
  312.000  3.972152e+02  1.732116e+02  1.094874e+01  3.713601e+01  2.392897e+01  1.742547e+00 
  313.000  4.449744e+02  1.936019e+02  1.232226e+01  4.159805e+01  2.675850e+01  1.961149e+00 
  314.000  4.379006e+02  1.900929e+02  1.218285e+01  4.093381e+01  2.628601e+01  1.938961e+00 
  315.000  4.455716e+02  1.929815e+02  1.245402e+01  4.164785e+01  2.669826e+01  1.982119e+00 
  316.000  3.346268e+02  1.446446e+02  9.390402e+00  3.127582e+01  2.001932e+01  1.494529e+00 
  317.000  4.519620e+02  1.949108e+02  1.274225e+01  4.223944e+01  2.698950e+01  2.027993e+00 
  318.000  4.185335e+02  1.800731e+02  1.185486e+01  3.911242e+01  2.494715e+01  1.886759e+00 
  319.000  4.072090e+02  1.748473e+02  1.158023e+01  3.805174e+01  2.423347e+01  1.843052e+00 
  320.000  4.488126e+02  1.922540e+02  1.282297e+01  4.193630e+01  2.665931e+01  2.040840e+00 
  321.000  4.482186e+02  1.916062e+02  1.285728e+01  4.187815e+01  2.658095e+01  2.046300e+00 
  322.000  4.359315e+02  1.859048e+02  1.256328e+01  4.072710e+01  2.580310e+01  1.999509e+00 
  323.000  3.504446e+02  1.491376e+02  1.014009e+01  3.273837e+01  2.070900e+01  1.613845e+00 
  324.000  4.052330e+02  1.720319e+02  1.178027e+01  3.785385e+01  2.390038e+01  1.874887e+00 
  325.000  4.923367e+02  2.085680e+02  1.436983e+01  4.598747e+01  2.898925e+01  2.287029e+00 
  326.000  6.146219e+02  2.598173e+02  1.801098e+01  5.740602e+01  3.612870e+01  2.866537e+00 
  327.000  6.105944e+02  2.575612e+02  1.796483e+01  5.702617e+01  3.583120e+01  2.859191e+00 
  328.000  5.497582e+02  2.313147e+02  1.625078e+01  5.134053e+01  3.219699e+01  2.586391e+00 
  329.000  5.854569e+02  2.457986e+02  1.737561e+01  5.467079e+01  3.422876e+01  2.765415e+00 
  330.000  6.104532e+02  2.557305e+02  1.818986e+01  5.700126e+01  3.562834e+01  2.895006e+00 
  331.000  5.230105e+02  2.186074e+02  1.557398e+01  4.883309e+01  3.046950e+01  2.478675e+00 
  332.000  5.456157e+02  2.275404e+02  1.623628e+01  5.094038e+01  3.172837e+01  2.584084e+00 
  333.000  6.150906e+02  2.559296e+02  1.829143e+01  5.742300e+01  3.570263e+01  2.911170e+00 
  334.000  5.321867e+02  2.209264e+02  1.581537e+01  4.968007e+01  3.083324e+01  2.517095e+00 
  335.000  5.537224e+02  2.293351e+02  1.644421e+01  5.168703e+01  3.202104e+01  2.617177e+00 
  336.000  4.146801e+02  1.713479e+02  1.230659e+01  3.870562e+01  2.393528e+01  1.958655e+00 
  337.000  4.060583e+02  1.673915e+02  1.204245e+01  3.789836e+01  2.339320e+01  1.916615e+00 
  338.000  4.918611e+02  2.023036e+02  1.457746e+01  4.590405e+01  2.828003e+01  2.320075e+00 
  339.000  4.914007e+02  2.016555e+02  1.455418e+01  4.585865e+01  2.819679e+01  2.316370e+00 
  340.000  5.626472e+02  2.304528e+02  1.665510e+01  5.250521e+01  3.223050e+01  2.650741e+00 
  341.000  4.719263e+02  1.928561e+02  1.402538e+01  4.403696e+01  2.698045e+01  2.232208e+00 
  342.000  4.942994e+02  2.015377e+02  1.475359e+01  4.612220e+01  2.820361e+01  2.348107e+00 
  343.000  4.995531e+02  2.032109e+02  1.497468e+01  4.660991e+01  2.844653e+01  2.383294e+00 
  344.000  4.571115e+02  1.855870e+02  1.375167e+01  4.264806e+01  2.598616e+01  2.188646e+00 
  345.000  5.836257e+02  2.363984e+02  1.763346e+01  5.444877e+01  3.311120e+01  2.806452e+00 
  346.000  6.476922e+02  2.618344e+02  1.963950e+01  6.042305e+01  3.668352e+01  3.125723e+00 
  347.000  6.178317e+02  2.491714e+02  1.881495e+01  5.763424e+01  3.492049e+01  2.994493e+00 
  348.000  5.835793e+02  2.348894e+02  1.783581e+01  5.443653e+01  3.292768e+01  2.838658e+00 
  349.000  6.411934e+02  2.574587e+02  1.968135e+01  5.980751e+01  3.610315e+01  3.132384e+00 
  350.000  6.576915e+02  2.635504e+02  2.026047e+01  6.134357e+01  3.696736e+01  3.224554e+00 
  351.000  6.265840e+02  2.504639e+02  1.929505e+01  5.843891e+01  3.514190e+01  3.070903e+00 
  352.000  6.451874e+02  2.573640e+02  1.985613e+01  6.017119e+01  3.611871e+01  3.160202e+00 
  353.000  5.896692e+02  2.346269e+02  1.813451e+01  5.499042e+01  3.293732e+01  2.886198e+00 
  354.000  6.827987e+02  2.711096e+02  2.098598e+01  6.367238e+01  3.806809e+01  3.340023e+00 
  355.000  6.945000e+02  2.751700e+02  2.133274e+01  6.476054e+01  3.864771e+01  3.395211e+00 
  356.000  6.592453e+02  2.605310e+02  2.023508e+01  6.146965e+01  3.660250e+01  3.220512e+00 
  357.000  4.233417e+02  1.669422e+02  1.298624e+01  3.947157e+01  2.345987e+01  2.066825e+00 
  358.000  4.618587e+02  1.817358e+02  1.415908e+01  4.306079e+01  2.554517e+01  2.253487e+00 
  359.000  4.664671e+02  1.831480e+02  1.429153e+01  4.348840e+01  2.575017e+01  2.274568e+00 
  360.000  6.943934e+02  2.720382e+02  2.126150e+01  6.473473e+01  3.825765e+01  3.383872e+00 
  361.000  5.512349e+02  2.154821e+02  1.693778e+01  5.138634e+01  3.031276e+01  2.695732e+00 
  362.000  6.052786e+02  2.359839e+02  1.868354e+01  5.642109e+01  3.320857e+01  2.973578e+00 
  363.000  6.448575e+02  2.508577e+02  1.998119e+01  6.010756e+01  3.531213e+01  3.180105e+00 
  364.000  6.451493e+02  2.504112e+02  2.006652e+01  6.013187e+01  3.525980e+01  3.193686e+00 
  365.000  6.057674e+02  2.345970e+02  1.891353e+01  5.645851e+01  3.304298e+01  3.010182e+00 
  366.000  8.335620e+02  3.220849e+02  2.612522e+01  7.768558e+01  4.537940e+01  4.157957e+00 
  367.000  7.479804e+02  2.883578e+02  2.353250e+01  6.970623e+01  4.063990e+01  3.745313e+00 
  368.000  7.073475e+02  2.720673e+02  2.233916e+01  6.591633e+01  3.835576e+01  3.555388e+00 
  369.000  6.821667e+02  2.618969e+02  2.160977e+01  6.356730e+01  3.693110e+01  3.439302e+00 
  370.000  7.867214e+02  3.013353e+02  2.501716e+01  7.330659e+01  4.250569e+01  3.981604e+00 
  371.000  6.300231e+02  2.407505e+02  2.011089e+01  5.870257e+01  3.397038e+01  3.200748e+00 
  372.000  6.649408e+02  2.534944e+02  2.130671e+01  6.195299e+01  3.577985e+01  3.391068e+00 
  373.000  6.643245e+02  2.526577e+02  2.136843e+01  6.189249e+01  3.567310e+01  3.400892e+00 
  374.000  5.157334e+02  1.956758e+02  1.665242e+01  4.804647e+01  2.763660e+01  2.650315e+00 
  375.000  4.734259e+02  1.792775e+02  1.533318e+01  4.410328e+01  2.532710e+01  2.440351e+00 
  376.000  6.788063e+02  2.564280e+02  2.206921e+01  6.323289e+01  3.623815e+01  3.512424e+00 
  377.000  6.962255e+02  2.623658e+02  2.272229e+01  6.485229e+01  3.708942e+01  3.616365e+00 
  378.000  9.025735e+02  3.394569e+02  2.954707e+01  8.406991e+01  4.800006e+01  4.702562e+00 
  379.000  6.963319e+02  2.612415e+02  2.288288e+01  6.485634e+01  3.695245e+01  3.641923e+00 
  380.000  6.530733e+02  2.444012e+02  2.154366e+01  6.082415e+01  3.458195e+01  3.428779e+00 
  381.000  7.331682e+02  2.738241e+02  2.426007e+01  6.828105e+01  3.875563e+01  3.861110e+00 
  382.000  5.476696e+02  2.040270e+02  1.819162e+01  5.100269e+01  2.888669e+01  2.895287e+00 
  383.000  3.816023e+02  1.417989e+02  1.272415e+01  3.553557e+01  2.008311e+01  2.025111e+00 
  384.000  4.197291e+02  1.556464e+02  1.403846e+01  3.908442e+01  2.205040e+01  2.234290e+00 
  385.000  6.313017e+02  2.334986e+02  2.119598e+01  5.878265e+01  3.309116e+01  3.373445e+00 
  386.000  4.896406e+02  1.807260e+02  1.649026e+01  4.559023e+01  2.561942e+01  2.624506e+00 
  387.000  5.615553e+02  2.067272e+02  1.898498e+01  5.228349e+01  2.931559e+01  3.021553e+00 
  388.000  5.555264e+02  2.040766e+02  1.883895e+01  5.172001e+01  2.894788e+01  2.998312e+00 
  389.000  6.320247e+02  2.316862e+02  2.149914e+01  5.883963e+01  3.287360e+01  3.421694e+00 
  390.000  7.651205e+02  2.797278e+02  2.613243e+01  7.122676e+01  3.970444e+01  4.159105e+00 
  391.000  8.544163e+02  3.117123e+02  2.937913e+01  7.953619e+01  4.425857e+01  4.675834e+00 
  392.000  7.579007e+02  2.759113e+02  2.623566e+01  7.054875e+01  3.918809e+01  4.175535e+00 
  393.000  4.056159e+02  1.472669e+02  1.415857e+01  3.775454e+01  2.092508e+01  2.253407e+00 
  394.000  4.479918e+02  1.623004e+02  1.574216e+01  4.169712e+01  2.306879e+01  2.505442e+00 
  395.000  7.505621e+02  2.713251e+02  2.654981e+01  6.985609e+01  3.857793e+01  4.225533e+00 
  396.000  7.711856e+02  2.779863e+02  2.751464e+01  7.177159e+01  3.954220e+01  4.379090e+00 
  397.000  3.132583e+02  1.126650e+02  1.125175e+01  2.915261e+01  1.603154e+01  1.790771e+00 
  398.000  8.747214e+02  3.139096e+02  3.162244e+01  8.140038e+01  4.468230e+01  5.032867e+00 
  399.000  1.046712e+03  3.748528e+02  3.807043e+01  9.740172e+01  5.337388e+01  6.059097e+00 
  400.000  1.026429e+03  3.666696e+02  3.760453e+01  9.550979e+01  5.222860e+01  5.984947e+00 
  401.000  1.017598e+03  3.625234e+02  3.741631e+01  9.468325e+01  5.165698e+01  5.954991e+00 
  402.000  1.075510e+03  3.823108e+02  3.965682e+01  1.000676e+02  5.449263e+01  6.311579e+00 
  403.000  1.004657e+03  3.562531e+02  3.715904e+01  9.347104e+01  5.079512e+01  5.914044e+00 
  404.000  1.076704e+03  3.809575e+02  3.993482e+01  1.001701e+02  5.433362e+01  6.355824e+00 
  405.000  9.848906e+02  3.475537e+02  3.665023e+01  9.162386e+01  4.958698e+01  5.833065e+00 
  406.000  9.747838e+02  3.433022e+02  3.636412e+01  9.068034e+01  4.899347e+01  5.787529e+00 
  407.000  9.470331e+02  3.325974e+02  3.545118e+01  8.809432e+01  4.748357e+01  5.642230e+00 
  408.000  1.023230e+03  3.586001e+02  3.840291e+01  9.517861e+01  5.121035e+01  6.112013e+00 
  409.000  1.129759e+03  3.949134e+02  4.253491e+01  1.050828e+02  5.641563e+01  6.769641e+00 
  410.000  9.420925e+02  3.285708e+02  3.556665e+01  8.762375e+01  4.695242e+01  5.660608e+00 
  411.000  1.103647e+03  3.838459e+02  4.196650e+01  1.026447e+02  5.487415e+01  6.679174e+00 
  412.000  1.140713e+03  3.957894e+02  4.365483e+01  1.060874e+02  5.660214e+01  6.947883e+00 
  413.000  1.074810e+03  3.721260e+02  4.136722e+01  9.995454e+01  5.323532e+01  6.583797e+00 
  414.000  1.052620e+03  3.634518e+02  4.080458e+01  9.788616e+01  5.201593e+01  6.494250e+00 
  415.000  1.119783e+03  3.857493e+02  4.367036e+01  1.041276e+02  5.522646e+01  6.950353e+00 
  416.000  1.110237e+03  3.814922e+02  4.358225e+01  1.032352e+02  5.463802e+01  6.936330e+00 
  417.000  1.073667e+03  3.682265e+02  4.235198e+01  9.983135e+01  5.275329e+01  6.740528e+00 
  418.000  1.047817e+03  3.584962e+02  4.158572e+01  9.742361e+01  5.137809e+01  6.618573e+00 
  419.000  1.071189e+03  3.654130e+02  4.282961e+01  9.959154e+01  5.239284e+01  6.816544e+00 
  420.000  9.045820e+02  3.078444e+02  3.637784e+01  8.409811e+01  4.415456e+01  5.789713e+00 
  421.000  1.130781e+03  3.838477e+02  4.560036e+01  1.051230e+02  5.507458e+01  7.257523e+00 
  422.000  1.080959e+03  3.661433e+02  4.369334e+01  1.004877e+02  5.254959e+01  6.954010e+00 
  423.000  9.109127e+02  3.077478e+02  3.692253e+01  8.467609e+01  4.418390e+01  5.876403e+00 
  424.000  9.997723e+02  3.368944e+02  4.063684e+01  9.293217e+01  4.838535e+01  6.467555e+00 
  425.000  1.033358e+03  3.472225e+02  4.212918e+01  9.604943e+01  4.988772e+01  6.705067e+00 
  426.000  9.910952e+02  3.323759e+02  4.048915e+01  9.211817e+01  4.776706e+01  6.444047e+00 
  427.000  9.514525e+02  3.181691e+02  3.898675e+01  8.842930e+01  4.574292e+01  6.204934e+00 
  428.000  9.615231e+02  3.206858e+02  3.950860e+01  8.936132e+01  4.612114e+01  6.287988e+00 
  429.000  8.729807e+02  2.904828e+02  3.595665e+01  8.112933e+01  4.179030e+01  5.722679e+00 
  430.000  6.952905e+02  2.307501e+02  2.871562e+01  6.461311e+01  3.320855e+01  4.570232e+00 
  431.000  6.238219e+02  2.066249e+02  2.581600e+01  5.796968e+01  2.974441e+01  4.108744e+00 
  432.000  1.120879e+03  3.701950e+02  4.652258e+01  1.041546e+02  5.331152e+01  7.404298e+00 
  433.000  9.959661e+02  3.280163e+02  4.145607e+01  9.254315e+01  4.725521e+01  6.597939e+00 
  434.000  9.448042e+02  3.104655e+02  3.941607e+01  8.778608e+01  4.474031e+01  6.273263e+00 
  435.000  1.026178e+03  3.362223e+02  4.293637e+01  9.534238e+01  4.847105e+01  6.833535e+00 
  436.000  1.135737e+03  3.713076e+02  4.762393e+01  1.055178e+02  5.354476e+01  7.579584e+00 
  437.000  1.144874e+03  3.731453e+02  4.815360e+01  1.063614e+02  5.383197e+01  7.663884e+00 
  438.000  1.023626e+03  3.329867e+02  4.313549e+01  9.509429e+01  4.805088e+01  6.865226e+00 
  439.000  9.889917e+02  3.207581e+02  4.179848e+01  9.187239e+01  4.630486e+01  6.652435e+00 
  440.000  1.106589e+03  3.580441e+02  4.688640e+01  1.027927e+02  5.170417e+01  7.462203e+00 
  441.000  1.100974e+03  3.556136e+02  4.682698e+01  1.022683e+02  5.136661e+01  7.452745e+00 
  442.000  1.157913e+03  3.728763e+02  4.957658e+01  1.075521e+02  5.388478e+01  7.890357e+00 
  443.000  1.163884e+03  3.738657e+02  5.010324e+01  1.081024e+02  5.404817e+01  7.974178e+00 
  444.000  1.154847e+03  3.697888e+02  5.005494e+01  1.072577e+02  5.348446e+01  7.966491e+00 
  445.000  1.212975e+03  3.875162e+02  5.283102e+01  1.126523e+02  5.606784e+01  8.408319e+00 
  446.000  1.078221e+03  3.436743e+02  4.719108e+01  1.001337e+02  4.974190e+01  7.510694e+00 
  447.000  1.227968e+03  3.903797e+02  5.404195e+01  1.140360e+02  5.652427e+01  8.601044e+00 
  448.000  1.246427e+03  3.951303e+02  5.517770e+01  1.157451e+02  5.723660e+01  8.781805e+00 
  449.000  1.252659e+03  3.961986e+02  5.571601e+01  1.163197e+02  5.741123e+01  8.867479e+00 
  450.000  1.277985e+03  4.030216e+02  5.716966e+01  1.186661e+02  5.842569e+01  9.098833e+00 
  451.000  1.378911e+03  4.338122e+02  6.181432e+01  1.280328e+02  6.290956e+01  9.838054e+00 
  452.000  1.279781e+03  4.018112e+02  5.747234e+01  1.188249e+02  5.828477e+01  9.147008e+00 
  453.000  1.186398e+03  3.714226e+02  5.341232e+01  1.101497e+02  5.389756e+01  8.500834e+00 
  454.000  1.263462e+03  3.941760e+02  5.705323e+01  1.172985e+02  5.722606e+01  9.080304e+00 
  455.000  1.270553e+03  3.955377e+02  5.747956e+01  1.179531e+02  5.744032e+01  9.148155e+00 
  456.000  1.299923e+03  4.036451e+02  5.893744e+01  1.206751e+02  5.863787e+01  9.380186e+00 
  457.000  1.305748e+03  4.044443e+02  5.932735e+01  1.212114e+02  5.877365e+01  9.442241e+00 
  458.000  1.281818e+03  3.955706e+02  5.842208e+01  1.189836e+02  5.751262e+01  9.298163e+00 
  459.000  1.280104e+03  3.942965e+02  5.843667e+01  1.188212e+02  5.734193e+01  9.300486e+00 
  460.000  1.267708e+03  3.894446e+02  5.799925e+01  1.176660e+02  5.665650e+01  9.230867e+00 
  461.000  1.312375e+03  4.021060e+02  6.000685e+01  1.218073e+02  5.851668e+01  9.550386e+00 
  462.000  1.289921e+03  3.940242e+02  5.893807e+01  1.197180e+02  5.736118e+01  9.380284e+00 
  463.000  1.288868e+03  3.928461e+02  5.886001e+01  1.196167e+02  5.720438e+01  9.367862e+00 
  464.000  1.291284e+03  3.924780e+02  5.893165e+01  1.198360e+02  5.716972e+01  9.379264e+00 
  465.000  1.270434e+03  3.853178e+02  5.795130e+01  1.178975e+02  5.614087e+01  9.223236e+00 
  466.000  1.309369e+03  3.955037e+02  5.967053e+01  1.215038e+02  5.765281e+01  9.496860e+00 
  467.000  1.261516e+03  3.799766e+02  5.745226e+01  1.170587e+02  5.540785e+01  9.143810e+00 
  468.000  1.334105e+03  4.008166e+02  6.072226e+01  1.237900e+02  5.846432e+01  9.664248e+00 
  469.000  1.321218e+03  3.960507e+02  6.010440e+01  1.225904e+02  5.778453e+01  9.565912e+00 
  470.000  1.302311e+03  3.891740e+02  5.921819e+01  1.208309e+02  5.680225e+01  9.424869e+00 
  471.000  1.299369e+03  3.871853e+02  5.922234e+01  1.205532e+02  5.653369e+01  9.425528e+00 
  472.000  1.314836e+03  3.907222e+02  6.006045e+01  1.219835e+02  5.707109e+01  9.558917e+00 
  473.000  1.300473e+03  3.854223e+02  5.953246e+01  1.206466e+02  5.631716e+01  9.474885e+00 
  474.000  1.310996e+03  3.875680e+02  6.013491e+01  1.216187e+02  5.664975e+01  9.570769e+00 
  475.000  1.364901e+03  4.023011e+02  6.275660e+01  1.266142e+02  5.882681e+01  9.988023e+00 
  476.000  1.324593e+03  3.891573e+02  6.105975e+01  1.228696e+02  5.692960e+01  9.717960e+00 
  477.000  1.313281e+03  3.848996e+02  6.065390e+01  1.218163e+02  5.632506e+01  9.653370e+00 
  478.000  1.375978e+03  4.025065e+02  6.364465e+01  1.276287e+02  5.891668e+01  1.012936e+01 
  479.000  1.310142e+03  3.822937e+02  6.071736e+01  1.215179e+02  5.597675e+01  9.663467e+00 
  480.000  1.332358e+03  3.875950e+02  6.189288e+01  1.235735e+02  5.677615e+01  9.850556e+00 
  481.000  1.321222e+03  3.831214e+02  6.135635e+01  1.225355e+02  5.614256e+01  9.765166e+00 
  482.000  1.346063e+03  3.891646e+02  6.246819e+01  1.248345e+02  5.704819e+01  9.942121e+00 
  483.000  1.345277e+03  3.876876e+02  6.238673e+01  1.247564e+02  5.685331e+01  9.929156e+00 
  484.000  1.291733e+03  3.712474e+02  5.986728e+01  1.197867e+02  5.445987e+01  9.528175e+00 
  485.000  1.299779e+03  3.725048e+02  6.020223e+01  1.205285e+02  5.466260e+01  9.581482e+00 
  486.000  1.052329e+03  3.010537e+02  4.872177e+01  9.758022e+01  4.418688e+01  7.754311e+00 
  487.000  1.181492e+03  3.368820e+02  5.466146e+01  1.095526e+02  4.946501e+01  8.699642e+00 
  488.000  1.281498e+03  3.642522e+02  5.924700e+01  1.188208e+02  5.350365e+01  9.429453e+00 
  489.000  1.190029e+03  3.372216e+02  5.498101e+01  1.103355e+02  4.955112e+01  8.750499e+00 
  490.000  1.353439e+03  3.823380e+02  6.254250e+01  1.254814e+02  5.620191e+01  9.953948e+00 
  491.000  1.265311e+03  3.567425e+02  5.867105e+01  1.173078e+02  5.245493e+01  9.337788e+00 
  492.000  1.215302e+03  3.415875e+02  5.665503e+01  1.126670e+02  5.024982e+01  9.016928e+00 
  493.000  1.308246e+03  3.665523e+02  6.132040e+01  1.212787e+02  5.394787e+01  9.759445e+00 
  494.000  1.263207e+03  3.528802e+02  5.951099e+01  1.170991e+02  5.195889e+01  9.471469e+00 
  495.000  1.349465e+03  3.760930e+02  6.382770e+01  1.250915e+02  5.539629e+01  1.015849e+01 
  496.000  1.314229e+03  3.652498e+02  6.245388e+01  1.218209e+02  5.382173e+01  9.939844e+00 
  497.000  1.274940e+03  3.532380e+02  6.089924e+01  1.181745e+02  5.207584e+01  9.692415e+00 
  498.000  1.244645e+03  3.440468e+02  5.968010e+01  1.153631e+02  5.073845e+01  9.498383e+00 
  499.000  1.241870e+03  3.421066e+02  5.988203e+01  1.151010e+02  5.047823e+01  9.530520e+00 
  500.000  1.236529e+03  3.395891e+02  5.995516e+01  1.146017e+02  5.013033e+01  9.542160e+00 
  501.000  1.208694e+03  3.312666e+02  5.902934e+01  1.120190e+02  4.892007e+01  9.394812e+00 
  502.000  1.201106e+03  3.280526e+02  5.936761e+01  1.113109e+02  4.847604e+01  9.448648e+00 
  503.000  1.272846e+03  3.466703e+02  6.352316e+01  1.179553e+02  5.125352e+01  1.011003e+01 
  504.000  1.184082e+03  3.219249e+02  5.944854e+01  1.097270e+02  4.761043e+01  9.461530e+00 
  505.000  1.277589e+03  3.461177e+02  6.490982e+01  1.183869e+02  5.122155e+01  1.033072e+01 
  506.000  1.367119e+03  3.690969e+02  7.025328e+01  1.266778e+02  5.465667e+01  1.118116e+01 
  507.000  1.271032e+03  3.423619e+02  6.580933e+01  1.177710e+02  5.071913e+01  1.047388e+01 
  508.000  1.218312e+03  3.270846e+02  6.374936e+01  1.128816e+02  4.848495e+01  1.014603e+01 
  509.000  1.312813e+03  3.515911e+02  6.923145e+01  1.216339e+02  5.214102e+01  1.101853e+01 
  510.000  1.271283e+03  3.395103e+02  6.763678e+01  1.177821e+02  5.037534e+01  1.076473e+01 
  511.000  1.271187e+03  3.384218e+02  6.905309e+01  1.177685e+02  5.025337e+01  1.099014e+01 
  512.000  1.333285e+03  3.542698e+02  7.335240e+01  1.235185e+02  5.263232e+01  1.167440e+01 
  513.000  1.220031e+03  3.229807e+02  6.873969e+01  1.130212e+02  4.802860e+01  1.094026e+01 
  514.000  1.193599e+03  3.154170e+02  6.801543e+01  1.105701e+02  4.692506e+01  1.082499e+01 
  515.000  1.218188e+03  3.208680e+02  7.083018e+01  1.128434e+02  4.777520e+01  1.127297e+01 
  516.000  1.279243e+03  3.361372e+02  7.547604e+01  1.184955e+02  5.007912e+01  1.201238e+01 
  517.000  9.426312e+02  2.467443e+02  5.688763e+01  8.731126e+01  3.679632e+01  9.053947e+00 
  518.000  1.166712e+03  3.049169e+02  7.106129e+01  1.080647e+02  4.548953e+01  1.130976e+01 
  519.000  1.105719e+03  2.878783e+02  6.882342e+01  1.024105e+02  4.298869e+01  1.095359e+01 
  520.000  1.217103e+03  3.163198e+02  7.650613e+01  1.127244e+02  4.725674e+01  1.217633e+01 
  521.000  1.218236e+03  3.154408e+02  7.856994e+01  1.128242e+02  4.717516e+01  1.250480e+01 
  522.000  1.266501e+03  3.273652e+02  8.267803e+01  1.172917e+02  4.898312e+01  1.315862e+01 
  523.000  1.180187e+03  3.042088e+02  7.851109e+01  1.092943e+02  4.555461e+01  1.249543e+01 
  524.000  1.280936e+03  3.291690e+02  8.696218e+01  1.186200e+02  4.933567e+01  1.384046e+01 
  525.000  1.270926e+03  3.258873e+02  8.751090e+01  1.176899e+02  4.887428e+01  1.392779e+01 
  526.000  1.211699e+03  3.096712e+02  8.521319e+01  1.122010e+02  4.648648e+01  1.356210e+01 
  527.000  1.059048e+03  2.698218e+02  7.592348e+01  9.806213e+01  4.054037e+01  1.208360e+01 
  528.000  1.272558e+03  3.233413e+02  9.274508e+01  1.178281e+02  4.861927e+01  1.476084e+01 
  529.000  1.309442e+03  3.317201e+02  9.714519e+01  1.212390e+02  4.992174e+01  1.546114e+01 
  530.000  1.237657e+03  3.129248e+02  9.287011e+01  1.145899e+02  4.711934e+01  1.478074e+01 
  531.000  1.348008e+03  3.396957e+02  1.024956e+02  1.248021e+02  5.119056e+01  1.631268e+01 
  532.000  1.286452e+03  3.233013e+02  9.881919e+01  1.190995e+02  4.875073e+01  1.572756e+01 
  533.000  1.129805e+03  2.831579e+02  8.766806e+01  1.045939e+02  4.272451e+01  1.395280e+01 
  534.000  1.228503e+03  3.067900e+02  9.658031e+01  1.137265e+02  4.632869e+01  1.537123e+01 
  535.000  1.252630e+03  3.122491e+02  9.911913e+01  1.159577e+02  4.717279e+01  1.577530e+01 
  536.000  1.328840e+03  3.301855e+02  1.063522e+02  1.230082e+02  4.991945e+01  1.692648e+01 
  537.000  1.232826e+03  3.051647e+02  9.998561e+01  1.141157e+02  4.617714e+01  1.591320e+01 
  538.000  1.290189e+03  3.185659e+02  1.055407e+02  1.194222e+02  4.823276e+01  1.679733e+01 
  539.000  1.285808e+03  3.165710e+02  1.062144e+02  1.190129e+02  4.796251e+01  1.690454e+01 
  540.000  1.258307e+03  3.088752e+02  1.049873e+02  1.164637e+02  4.682875e+01  1.670925e+01 
  541.000  1.153758e+03  2.824203e+02  9.660473e+01  1.067840e+02  4.283789e+01  1.537512e+01 
  542.000  1.287028e+03  3.140947e+02  1.081622e+02  1.191150e+02  4.766614e+01  1.721455e+01 
  543.000  1.231256e+03  2.994585e+02  1.039057e+02  1.139492e+02  4.547077e+01  1.653711e+01 
  544.000  1.298943e+03  3.149030e+02  1.100451e+02  1.202095e+02  4.784151e+01  1.751423e+01 
  545.000  1.279930e+03  3.093639e+02  1.088245e+02  1.184465e+02  4.702337e+01  1.731995e+01 
  546.000  1.251727e+03  3.017301e+02  1.067690e+02  1.158334e+02  4.588359e+01  1.699281e+01 
  547.000  1.305381e+03  3.135956e+02  1.117929e+02  1.207944e+02  4.771482e+01  1.779239e+01 
  548.000  1.212047e+03  2.897845e+02  1.043808e+02  1.121523e+02  4.412680e+01  1.661273e+01 
  549.000  1.275564e+03  3.044665e+02  1.100618e+02  1.180278e+02  4.637518e+01  1.751688e+01 
  550.000  1.248469e+03  2.968545e+02  1.081727e+02  1.155163e+02  4.524434e+01  1.721622e+01 
  551.000  1.241180e+03  2.946932e+02  1.075111e+02  1.148400e+02  4.492417e+01  1.711092e+01 
  552.000  1.295407e+03  3.069351e+02  1.121639e+02  1.198546e+02  4.680405e+01  1.785144e+01 
  553.000  1.245600e+03  2.943019e+02  1.077931e+02  1.152427e+02  4.489558e+01  1.715581e+01 
  554.000  1.287065e+03  3.034876e+02  1.113387e+02  1.190765e+02  4.631004e+01  1.772010e+01 
  555.000  1.291483e+03  3.039092e+02  1.116774e+02  1.194825e+02  4.638777e+01  1.777401e+01 
  556.000  1.256665e+03  2.951736e+02  1.086287e+02  1.162590e+02  4.506609e+01  1.728880e+01 
  557.000  1.220253e+03  2.860650e+02  1.054423e+02  1.128880e+02  4.368742e+01  1.678166e+01 
  558.000  1.267523e+03  2.965868e+02  1.094877e+02  1.172587e+02  4.530639e+01  1.742551e+01 
  559.000  1.199158e+03  2.798695e+02  1.035319e+02  1.109311e+02  4.276820e+01  1.647761e+01 
  560.000  1.205453e+03  2.807237e+02  1.039149e+02  1.115109e+02  4.291041e+01  1.653857e+01 
  561.000  1.325991e+03  3.081048e+02  1.133109e+02  1.226587e+02  4.709782e+01  1.803399e+01 
  562.000  1.218491e+03  2.825096e+02  1.032348e+02  1.127122e+02  4.318707e+01  1.643032e+01 
  563.000  1.275983e+03  2.951935e+02  1.071743e+02  1.180278e+02  4.512794e+01  1.705732e+01 
  564.000  1.259374e+03  2.906359e+02  1.047476e+02  1.164888e+02  4.443327e+01  1.667110e+01 
  565.000  1.275832e+03  2.938505e+02  1.052748e+02  1.180089e+02  4.492642e+01  1.675501e+01 
  566.000  1.177603e+03  2.705518e+02  9.619678e+01  1.089206e+02  4.136626e+01  1.531019e+01 
  567.000  1.265503e+03  2.901482e+02  1.025145e+02  1.170484e+02  4.436421e+01  1.631568e+01 
  568.000  1.267340e+03  2.900420e+02  1.019028e+02  1.172164e+02  4.434948e+01  1.621833e+01 
  569.000  1.251519e+03  2.854836e+02  9.927897e+01  1.157495e+02  4.365516e+01  1.580074e+01 
  570.000  1.258034e+03  2.860888e+02  9.857159e+01  1.163487e+02  4.375085e+01  1.568816e+01 
  571.000  1.208839e+03  2.742968e+02  9.397289e+01  1.117967e+02  4.195097e+01  1.495625e+01 
  572.000  1.284410e+03  2.910042e+02  9.930574e+01  1.187840e+02  4.450870e+01  1.580500e+01 
  573.000  1.297676e+03  2.932456e+02  9.939144e+01  1.200079e+02  4.485586e+01  1.581864e+01 
  574.000  1.291234e+03  2.911604e+02  9.812373e+01  1.194098e+02  4.454048e+01  1.561688e+01 
  575.000  1.261082e+03  2.836220e+02  9.492299e+01  1.166186e+02  4.339147e+01  1.510746e+01 
  576.000  1.238846e+03  2.778637e+02  9.231808e+01  1.145594e+02  4.251479e+01  1.469288e+01 
  577.000  1.288926e+03  2.885273e+02  9.535041e+01  1.191882e+02  4.414960e+01  1.517549e+01 
  578.000  1.249338e+03  2.788947e+02  9.147405e+01  1.155246e+02  4.267999e+01  1.455855e+01 
  579.000  1.238067e+03  2.757205e+02  8.983994e+01  1.144798e+02  4.219794e+01  1.429847e+01 
  580.000  1.278864e+03  2.843489e+02  9.223830e+01  1.182505e+02  4.352106e+01  1.468018e+01 
  581.000  1.253181e+03  2.779580e+02  8.984893e+01  1.158731e+02  4.255072e+01  1.429990e+01 
  582.000  1.270391e+03  2.811043e+02  9.055667e+01  1.174617e+02  4.304012e+01  1.441254e+01 
  583.000  1.278430e+03  2.823230e+02  9.069041e+01  1.182029e+02  4.323320e+01  1.443383e+01 
  584.000  1.274049e+03  2.804366e+02  8.965918e+01  1.177943e+02  4.295493e+01  1.426970e+01 
  585.000  1.265197e+03  2.780682e+02  8.870708e+01  1.169742e+02  4.259700e+01  1.411817e+01 
  586.000  1.210672e+03  2.654498e+02  8.438662e+01  1.119306e+02  4.067133e+01  1.343055e+01 
  587.000  1.260479e+03  2.760631e+02  8.761752e+01  1.165343e+02  4.230101e+01  1.394476e+01 
  588.000  1.259699e+03  2.751157e+02  8.695486e+01  1.164591e+02  4.216478e+01  1.383930e+01 
  589.000  1.133546e+03  2.470334e+02  7.783100e+01  1.047942e+02  3.786696e+01  1.238719e+01 
  590.000  1.185272e+03  2.575601e+02  8.082197e+01  1.095733e+02  3.948947e+01  1.286322e+01 
  591.000  1.247404e+03  2.704707e+02  8.500096e+01  1.153148e+02  4.148111e+01  1.352832e+01 
  592.000  1.230525e+03  2.662967e+02  8.382203e+01  1.137524e+02  4.085182e+01  1.334069e+01 
  593.000  1.229940e+03  2.655211e+02  8.374581e+01  1.136957e+02  4.074654e+01  1.332856e+01 
  594.000  1.244954e+03  2.681258e+02  8.473247e+01  1.150810e+02  4.115971e+01  1.348559e+01 
  595.000  1.231696e+03  2.645327e+02  8.378881e+01  1.138525e+02  4.062373e+01  1.333540e+01 
  596.000  1.249141e+03  2.676797e+02  8.494196e+01  1.154626e+02  4.111968e+01  1.351893e+01 
  597.000  1.257106e+03  2.691210e+02  8.546869e+01  1.161978e+02  4.134668e+01  1.360277e+01 
  598.000  1.226976e+03  2.620572e+02  8.338587e+01  1.134104e+02  4.027439e+01  1.327127e+01 
  599.000  1.226294e+03  2.612999e+02  8.330522e+01  1.133448e+02  4.017092e+01  1.325844e+01 
  600.000  1.222647e+03  2.599581e+02  8.302589e+01  1.130056e+02  3.997657e+01  1.321398e+01 
  601.000  1.213605e+03  2.574604e+02  8.214377e+01  1.121677e+02  3.960153e+01  1.307359e+01 
  602.000  1.200748e+03  2.538287e+02  8.077687e+01  1.109758e+02  3.905614e+01  1.285604e+01 
  603.000  1.207244e+03  2.546928e+02  8.093420e+01  1.115743e+02  3.919655e+01  1.288108e+01 
  604.000  1.244205e+03  2.620850e+02  8.318944e+01  1.149887e+02  4.034014e+01  1.324001e+01 
  605.000  1.240569e+03  2.606684e+02  8.258907e+01  1.146502e+02  4.013161e+01  1.314446e+01 
  606.000  1.226126e+03  2.569134e+02  8.123223e+01  1.133126e+02  3.956404e+01  1.292851e+01 
  607.000  1.219072e+03  2.548846e+02  8.046262e+01  1.126587e+02  3.925968e+01  1.280602e+01 
  608.000  1.214675e+03  2.532131e+02  7.975974e+01  1.122495e+02  3.901321e+01  1.269416e+01 
  609.000  1.201911e+03  2.502508e+02  7.875625e+01  1.110688e+02  3.856122e+01  1.253445e+01 
  610.000  1.182610e+03  2.456305e+02  7.716155e+01  1.092829e+02  3.785807e+01  1.228064e+01 
  611.000  1.201527e+03  2.490552e+02  7.801820e+01  1.110292e+02  3.839196e+01  1.241698e+01 
  612.000  1.185938e+03  2.449934e+02  7.635545e+01  1.095855e+02  3.777545e+01  1.215235e+01 
  613.000  1.168475e+03  2.408144e+02  7.478346e+01  1.079698e+02  3.713769e+01  1.190216e+01 
  614.000  1.126076e+03  2.316438e+02  7.173118e+01  1.040504e+02  3.572842e+01  1.141637e+01 
  615.000  1.179850e+03  2.421841e+02  7.474827e+01  1.090173e+02  3.736016e+01  1.189656e+01 
  616.000  1.121910e+03  2.295510e+02  7.049822e+01  1.036609e+02  3.541987e+01  1.122014e+01 
  617.000  1.128220e+03  2.302893e+02  7.046210e+01  1.042419e+02  3.554018e+01  1.121439e+01 
  618.000  1.181405e+03  2.407054e+02  7.343951e+01  1.091543e+02  3.715275e+01  1.168826e+01 
  619.000  1.170802e+03  2.379409e+02  7.230772e+01  1.081724e+02  3.673303e+01  1.150813e+01 
  620.000  1.188447e+03  2.408296e+02  7.287893e+01  1.098002e+02  3.718736e+01  1.159904e+01 
  621.000  1.209269e+03  2.444102e+02  7.396239e+01  1.117215e+02  3.775154e+01  1.177148e+01 
  622.000  1.145574e+03  2.312644e+02  6.998425e+01  1.058359e+02  3.572585e+01  1.113834e+01 
  623.000  1.155277e+03  2.323902e+02  7.032494e+01  1.067291e+02  3.591449e+01  1.119256e+01 
  624.000  1.156834e+03  2.323147e+02  7.030209e+01  1.068716e+02  3.590968e+01  1.118892e+01 
  625.000  1.125870e+03  2.256626e+02  6.828914e+01  1.040093e+02  3.488911e+01  1.086855e+01 
  626.000  1.132815e+03  2.262999e+02  6.848213e+01  1.046482e+02  3.500097e+01  1.089927e+01 
  627.000  1.157308e+03  2.305179e+02  6.975876e+01  1.069083e+02  3.566526e+01  1.110245e+01 
  628.000  1.175077e+03  2.335165e+02  7.066638e+01  1.085476e+02  3.613873e+01  1.124690e+01 
  629.000  1.184426e+03  2.350112e+02  7.111886e+01  1.094099e+02  3.637647e+01  1.131892e+01 
  630.000  1.141953e+03  2.261401e+02  6.843451e+01  1.054849e+02  3.501118e+01  1.089169e+01 
  631.000  1.178564e+03  2.326204e+02  7.055925e+01  1.088639e+02  3.603011e+01  1.122985e+01 
  632.000  1.098413e+03  2.163316e+02  6.573724e+01  1.014586e+02  3.351695e+01  1.046241e+01 
  633.000  1.172474e+03  2.304624e+02  7.014682e+01  1.082978e+02  3.571577e+01  1.116422e+01 
  634.000  1.134758e+03  2.222451e+02  6.785017e+01  1.048111e+02  3.445904e+01  1.079869e+01 
  635.000  1.154228e+03  2.258836e+02  6.900558e+01  1.066087e+02  3.502683e+01  1.098258e+01 
  636.000  1.112103e+03  2.169856e+02  6.645441e+01  1.027154e+02  3.366067e+01  1.057655e+01 
  637.000  1.147891e+03  2.232381e+02  6.855643e+01  1.060181e+02  3.464580e+01  1.091110e+01 
  638.000  1.162827e+03  2.257796e+02  6.943034e+01  1.073963e+02  3.504781e+01  1.105018e+01 
  639.000  1.152620e+03  2.232671e+02  6.879437e+01  1.064517e+02  3.466883e+01  1.094896e+01 
  640.000  1.114634e+03  2.156472e+02  6.651407e+01  1.029424e+02  3.349107e+01  1.058604e+01 
  641.000  1.130510e+03  2.179233e+02  6.700951e+01  1.044058e+02  3.385592e+01  1.066489e+01 
  642.000  1.115934e+03  2.146006e+02  6.574364e+01  1.030579e+02  3.334565e+01  1.046343e+01 
  643.000  1.136740e+03  2.181388e+02  6.660678e+01  1.049777e+02  3.390079e+01  1.060080e+01 
  644.000  1.123562e+03  2.150552e+02  6.540019e+01  1.037588e+02  3.342799e+01  1.040876e+01 
  645.000  1.135511e+03  2.166434e+02  6.554840e+01  1.048598e+02  3.368294e+01  1.043235e+01 
  646.000  1.100651e+03  2.095685e+02  6.320404e+01  1.016392e+02  3.258785e+01  1.005924e+01 
  647.000  1.121864e+03  2.130129e+02  6.395679e+01  1.035960e+02  3.313033e+01  1.017904e+01 
  648.000  1.126540e+03  2.135276e+02  6.393127e+01  1.040265e+02  3.321470e+01  1.017498e+01 
  649.000  1.143165e+03  2.158191e+02  6.420201e+01  1.055587e+02  3.358105e+01  1.021807e+01 
  650.000  1.048868e+03  1.973134e+02  5.842525e+01  9.684896e+01  3.071057e+01  9.298669e+00 
  651.000  1.129726e+03  2.122588e+02  6.278457e+01  1.043141e+02  3.304057e+01  9.992475e+00 
  652.000  1.118075e+03  2.095537e+02  6.185598e+01  1.032366e+02  3.262696e+01  9.844685e+00 
  653.000  1.128903e+03  2.111902e+02  6.224110e+01  1.042349e+02  3.288745e+01  9.905979e+00 
  654.000  1.115878e+03  2.078715e+02  6.104274e+01  1.030293e+02  3.238340e+01  9.715254e+00 
  655.000  1.090429e+03  2.028722e+02  5.950984e+01  1.006786e+02  3.160832e+01  9.471286e+00 
  656.000  9.246815e+02  1.715973e+02  5.022590e+01  8.537375e+01  2.674189e+01  7.993701e+00 
  657.000  9.850308e+02  1.823443e+02  5.325774e+01  9.094409e+01  2.842325e+01  8.476233e+00 
  658.000  1.093635e+03  2.017640e+02  5.875723e+01  1.009687e+02  3.146021e+01  9.351503e+00 
  659.000  1.094344e+03  2.011803e+02  5.840673e+01  1.010317e+02  3.137951e+01  9.295719e+00 
  660.000  1.101844e+03  2.022945e+02  5.866317e+01  1.017232e+02  3.155713e+01  9.336535e+00 
  661.000  1.104199e+03  2.019560e+02  5.836943e+01  1.019380e+02  3.151544e+01  9.289783e+00 
  662.000  1.118574e+03  2.043983e+02  5.902770e+01  1.032644e+02  3.189925e+01  9.394551e+00 
  663.000  1.106825e+03  2.014524e+02  5.797348e+01  1.021771e+02  3.145102e+01  9.226767e+00 
  664.000  1.088651e+03  1.978591e+02  5.686647e+01  1.004983e+02  3.089415e+01  9.050580e+00 
  665.000  1.093160e+03  1.981497e+02  5.681465e+01  1.009128e+02  3.094714e+01  9.042333e+00 
  666.000  1.105840e+03  1.999938e+02  5.722691e+01  1.020817e+02  3.124169e+01  9.107944e+00 
  667.000  1.083825e+03  1.952740e+02  5.568668e+01  1.000470e+02  3.051502e+01  8.862809e+00 
  668.000  1.089410e+03  1.959282e+02  5.578247e+01  1.005613e+02  3.062232e+01  8.878057e+00 
  669.000  1.105062e+03  1.980806e+02  5.622422e+01  1.020039e+02  3.096824e+01  8.948363e+00 
  670.000  1.091587e+03  1.953644e+02  5.537542e+01  1.007589e+02  3.054791e+01  8.813272e+00 
  671.000  1.080251e+03  1.925320e+02  5.472966e+01  9.970981e+01  3.012100e+01  8.710497e+00 
  672.000  1.076451e+03  1.916436e+02  5.452808e+01  9.935838e+01  2.998633e+01  8.678414e+00 
  673.000  1.084400e+03  1.923290e+02  5.489933e+01  1.000895e+02  3.010848e+01  8.737500e+00 
  674.000  1.086313e+03  1.923753e+02  5.498360e+01  1.002651e+02  3.012170e+01  8.750913e+00 
  675.000  1.069954e+03  1.887584e+02  5.412464e+01  9.875266e+01  2.957006e+01  8.614204e+00 
  676.000  1.089965e+03  1.920213e+02  5.512540e+01  1.005986e+02  3.008668e+01  8.773479e+00 
  677.000  1.068244e+03  1.878408e+02  5.401164e+01  9.859268e+01  2.943888e+01  8.596220e+00 
  678.000  1.086176e+03  1.903231e+02  5.488945e+01  1.002454e+02  2.984158e+01  8.735929e+00 
  679.000  1.070827e+03  1.873148e+02  5.410010e+01  9.882771e+01  2.937641e+01  8.610298e+00 
  680.000  1.063373e+03  1.852820e+02  5.381031e+01  9.813728e+01  2.907386e+01  8.564177e+00 
  681.000  1.065039e+03  1.852745e+02  5.420879e+01  9.828991e+01  2.908268e+01  8.627597e+00 
  682.000  1.063216e+03  1.843165e+02  5.479207e+01  9.811931e+01  2.895378e+01  8.720428e+00 
  683.000  1.070644e+03  1.852702e+02  5.552724e+01  9.880365e+01  2.911479e+01  8.837436e+00 
  684.000  1.052502e+03  1.815229e+02  5.522691e+01  9.712723e+01  2.854628e+01  8.789637e+00 
  685.000  1.063674e+03  1.832579e+02  5.601504e+01  9.815743e+01  2.882554e+01  8.915072e+00 
  686.000  1.021104e+03  1.753960e+02  5.432890e+01  9.422718e+01  2.760658e+01  8.646711e+00 
  687.000  1.069850e+03  1.832505e+02  5.746811e+01  9.872353e+01  2.886018e+01  9.146334e+00 
  688.000  1.055429e+03  1.804416e+02  5.704989e+01  9.739160e+01  2.842914e+01  9.079772e+00 
  689.000  1.062871e+03  1.812196e+02  5.797175e+01  9.807652e+01  2.856824e+01  9.226491e+00 
  690.000  1.060429e+03  1.804692e+02  5.818957e+01  9.784998e+01  2.846111e+01  9.261159e+00 
  691.000  1.053986e+03  1.790331e+02  6.022014e+01  9.725387e+01  2.826997e+01  9.584334e+00 
  692.000  1.039666e+03  1.762407e+02  6.309609e+01  9.593053e+01  2.788024e+01  1.004206e+01 
  693.000  1.041972e+03  1.764212e+02  6.539156e+01  9.614220e+01  2.793868e+01  1.040739e+01 
  694.000  1.051246e+03  1.775137e+02  7.110699e+01  9.699537e+01  2.818225e+01  1.131703e+01 
  695.000  1.030433e+03  1.739116e+02  7.219713e+01  9.507410e+01  2.764179e+01  1.149053e+01 
  696.000  1.041238e+03  1.756594e+02  7.552976e+01  9.607021e+01  2.795165e+01  1.202094e+01 
  697.000  1.039385e+03  1.752303e+02  7.934036e+01  9.589806e+01  2.793243e+01  1.262741e+01 
  698.000  1.020811e+03  1.720339e+02  8.011411e+01  9.418362e+01  2.745015e+01  1.275056e+01 
  699.000  1.043089e+03  1.757613e+02  8.276743e+01  9.623874e+01  2.805615e+01  1.317285e+01 
  700.000  1.030709e+03  1.735348e+02  8.744927e+01  9.509488e+01  2.777039e+01  1.391799e+01 
  701.000  1.008421e+03  1.698133e+02  8.951064e+01  9.303775e+01  2.722046e+01  1.424606e+01 
  702.000  1.003121e+03  1.689539e+02  9.324699e+01  9.254804e+01  2.713117e+01  1.484072e+01 
  703.000  1.014806e+03  1.709828e+02  1.021751e+02  9.362473e+01  2.754717e+01  1.626168e+01 
  704.000  1.017760e+03  1.715113e+02  1.065002e+02  9.389655e+01  2.767856e+01  1.695003e+01 
  705.000  1.026933e+03  1.731042e+02  1.137274e+02  9.474165e+01  2.800749e+01  1.810027e+01 
  706.000  1.016043e+03  1.713100e+02  1.180979e+02  9.373603e+01  2.778103e+01  1.879587e+01 
  707.000  1.000489e+03  1.687185e+02  1.205308e+02  9.230030e+01  2.740925e+01  1.918308e+01 
  708.000  1.029311e+03  1.736195e+02  1.296248e+02  9.495827e+01  2.826962e+01  2.063043e+01 
  709.000  9.920131e+02  1.673657e+02  1.301865e+02  9.151645e+01  2.731128e+01  2.071983e+01 
  710.000  1.016034e+03  1.714412e+02  1.365850e+02  9.373184e+01  2.801327e+01  2.173818e+01 
  711.000  1.005109e+03  1.698446e+02  1.468343e+02  9.272251e+01  2.788151e+01  2.336940e+01 
  712.000  9.903990e+02  1.674769e+02  1.499344e+02  9.136486e+01  2.755031e+01  2.386280e+01 
  713.000  9.870267e+02  1.670775e+02  1.570529e+02  9.105286e+01  2.756800e+01  2.499574e+01 
  714.000  1.003980e+03  1.699931e+02  1.617997e+02  9.261656e+01  2.807143e+01  2.575122e+01 
  715.000  9.700714e+02  1.644975e+02  1.673838e+02  8.948714e+01  2.728429e+01  2.663996e+01 
  716.000  9.964994e+02  1.691681e+02  1.804933e+02  9.192406e+01  2.815182e+01  2.872640e+01 
  717.000  9.732822e+02  1.653134e+02  1.802235e+02  8.978185e+01  2.755299e+01  2.868346e+01 
  718.000  9.694521e+02  1.649137e+02  1.909561e+02  8.942717e+01  2.761014e+01  3.039161e+01 
  719.000  9.586913e+02  1.631962e+02  1.940164e+02  8.843392e+01  2.737844e+01  3.087867e+01 
  720.000  9.662559e+02  1.645767e+02  1.998138e+02  8.913120e+01  2.765599e+01  3.180136e+01 
  721.000  9.625252e+02  1.644706e+02  2.173303e+02  8.878535e+01  2.783109e+01  3.458919e+01 
  722.000  9.752692e+02  1.669330e+02  2.294864e+02  8.996007e+01  2.834468e+01  3.652390e+01 
  723.000  9.737072e+02  1.668775e+02  2.360374e+02  8.981538e+01  2.840730e+01  3.756652e+01 
  724.000  9.810601e+02  1.682675e+02  2.420717e+02  9.049326e+01  2.868814e+01  3.852691e+01 
  725.000  9.703689e+02  1.669303e+02  2.557357e+02  8.950566e+01  2.862927e+01  4.070160e+01 
  726.000  9.689054e+02  1.670633e+02  2.680434e+02  8.936959e+01  2.878313e+01  4.266043e+01 
  727.000  9.829709e+02  1.695226e+02  2.730623e+02  9.066686e+01  2.921846e+01  4.345922e+01 
  728.000  9.666018e+02  1.671310e+02  2.828183e+02  8.915578e+01  2.895327e+01  4.501193e+01 
  729.000  9.278890e+02  1.608254e+02  2.844151e+02  8.558395e+01  2.799317e+01  4.526606e+01 
  730.000  9.623984e+02  1.670630e+02  3.036517e+02  8.876617e+01  2.916725e+01  4.832767e+01 
  731.000  9.467153e+02  1.645239e+02  3.051175e+02  8.731907e+01  2.878941e+01  4.856096e+01 
  732.000  9.636088e+02  1.676265e+02  3.164135e+02  8.887669e+01  2.939194e+01  5.035877e+01 
  733.000  9.481048e+02  1.653078e+02  3.246411e+02  8.744551e+01  2.912073e+01  5.166822e+01 
  734.000  9.672615e+02  1.689877e+02  3.432169e+02  8.921131e+01  2.989061e+01  5.462468e+01 
  735.000  9.598980e+02  1.679002e+02  3.476688e+02  8.853154e+01  2.976953e+01  5.533321e+01 
  736.000  9.426590e+02  1.650445e+02  3.471073e+02  8.694108e+01  2.932042e+01  5.524384e+01 
  737.000  9.550113e+02  1.676137e+02  3.661798e+02  8.807903e+01  2.992274e+01  5.827934e+01 
  738.000  9.520379e+02  1.673271e+02  3.734811e+02  8.780405e+01  2.995601e+01  5.944136e+01 
  739.000  9.211549e+02  1.621348e+02  3.698510e+02  8.495504e+01  2.911115e+01  5.886363e+01 
  740.000  9.293788e+02  1.637220e+02  3.781934e+02  8.571306e+01  2.944629e+01  6.019135e+01 
  741.000  9.217819e+02  1.625235e+02  3.811687e+02  8.501180e+01  2.929191e+01  6.066489e+01 
  742.000  9.069401e+02  1.600483e+02  3.881786e+02  8.364116e+01  2.898308e+01  6.178055e+01 
  743.000  9.334214e+02  1.647719e+02  4.042743e+02  8.608270e+01  2.988805e+01  6.434225e+01 
  744.000  9.422058e+02  1.663733e+02  4.129044e+02  8.689214e+01  3.022869e+01  6.571579e+01 
  745.000  9.177025e+02  1.620952e+02  4.068329e+02  8.463174e+01  2.949984e+01  6.474947e+01 
  746.000  9.306260e+02  1.644552e+02  4.200687e+02  8.582250e+01  3.000714e+01  6.685602e+01 
  747.000  9.453069e+02  1.671169e+02  4.333161e+02  8.717546e+01  3.056128e+01  6.896441e+01 
  748.000  9.277685e+02  1.640466e+02  4.282780e+02  8.555766e+01  3.003080e+01  6.816256e+01 
  749.000  9.279731e+02  1.641201e+02  4.320983e+02  8.557601e+01  3.008269e+01  6.877057e+01 
  750.000  9.146030e+02  1.618087e+02  4.312365e+02  8.434229e+01  2.971429e+01  6.863342e+01 
  751.000  9.123231e+02  1.613649e+02  4.326676e+02  8.413148e+01  2.966074e+01  6.886120e+01 
  752.000  9.264908e+02  1.636140e+02  4.441367e+02  8.543641e+01  3.013302e+01  7.068656e+01 
  753.000  9.177372e+02  1.619928e+02  4.413286e+02  8.462872e+01  2.985166e+01  7.023963e+01 
  754.000  9.321893e+02  1.644292e+02  4.503881e+02  8.596070e+01  3.032676e+01  7.168149e+01 
  755.000  9.269614e+02  1.633878e+02  4.500537e+02  8.547789e+01  3.016180e+01  7.162827e+01 
  756.000  9.088815e+02  1.601121e+02  4.429046e+02  8.381015e+01  2.957726e+01  7.049046e+01 
  757.000  9.156268e+02  1.612101e+02  4.478443e+02  8.443159e+01  2.980053e+01  7.127663e+01 
  758.000  9.155944e+02  1.609588e+02  4.523088e+02  8.442712e+01  2.980942e+01  7.198717e+01 
  759.000  9.013645e+02  1.583307e+02  4.475772e+02  8.311421e+01  2.935108e+01  7.123414e+01 
  760.000  9.096241e+02  1.596751e+02  4.533628e+02  8.387523e+01  2.962155e+01  7.215493e+01 
  761.000  9.102885e+02  1.596301e+02  4.549877e+02  8.393578e+01  2.963220e+01  7.241354e+01 
  762.000  8.856619e+02  1.551617e+02  4.437707e+02  8.166437e+01  2.881921e+01  7.062830e+01 
  763.000  9.129952e+02  1.597793e+02  4.587104e+02  8.418399e+01  2.969566e+01  7.300603e+01 
  764.000  9.147075e+02  1.597872e+02  4.616911e+02  8.434064e+01  2.972911e+01  7.348042e+01 
  765.000  9.148571e+02  1.596875e+02  4.626801e+02  8.435392e+01  2.972433e+01  7.363783e+01 
  766.000  8.628953e+02  1.504664e+02  4.374973e+02  7.956218e+01  2.802444e+01  6.962985e+01 
  767.000  8.696602e+02  1.514656e+02  4.422340e+02  8.018515e+01  2.823024e+01  7.038373e+01 
  768.000  8.994276e+02  1.565241e+02  4.582826e+02  8.292928e+01  2.918679e+01  7.293795e+01 
  769.000  8.929944e+02  1.551529e+02  4.568228e+02  8.233509e+01  2.895850e+01  7.270560e+01 
  770.000  8.857462e+02  1.538446e+02  4.534685e+02  8.166660e+01  2.871964e+01  7.217177e+01 
  771.000  8.852134e+02  1.536107e+02  4.540788e+02  8.161691e+01  2.868991e+01  7.226888e+01 
  772.000  8.819194e+02  1.524979e+02  4.540193e+02  8.131133e+01  2.851730e+01  7.225942e+01 
  773.000  8.783041e+02  1.516981e+02  4.526838e+02  8.097740e+01  2.837909e+01  7.204688e+01 
  774.000  8.874392e+02  1.531348e+02  4.578162e+02  8.181915e+01  2.865705e+01  7.286372e+01 
  775.000  8.539972e+02  1.472587e+02  4.408807e+02  7.873553e+01  2.756426e+01  7.016835e+01 
  776.000  8.892367e+02  1.531235e+02  4.597093e+02  8.198376e+01  2.867580e+01  7.316500e+01 
  777.000  8.833260e+02  1.518269e+02  4.574905e+02  8.143788e+01  2.845106e+01  7.281187e+01 
  778.000  8.788123e+02  1.508737e+02  4.556848e+02  8.102113e+01  2.828394e+01  7.252449e+01 
  779.000  8.819448e+02  1.511990e+02  4.579458e+02  8.130920e+01  2.835868e+01  7.288434e+01 
  780.000  8.712711e+02  1.491937e+02  4.529289e+02  8.032456e+01  2.799392e+01  7.208588e+01 
  781.000  8.700074e+02  1.486347e+02  4.529689e+02  8.020695e+01  2.790784e+01  7.209224e+01 
  782.000  8.808406e+02  1.501936e+02  4.591595e+02  8.120473e+01  2.821609e+01  7.307750e+01 
  783.000  8.604673e+02  1.465622e+02  4.488361e+02  7.932602e+01  2.754226e+01  7.143447e+01 
  784.000  8.656186e+02  1.472642e+02  4.518532e+02  7.980035e+01  2.768353e+01  7.191467e+01 
  785.000  8.686874e+02  1.476084e+02  4.537901e+02  8.008270e+01  2.775770e+01  7.222294e+01 
  786.000  8.547195e+02  1.450687e+02  4.468062e+02  7.879449e+01  2.728895e+01  7.111142e+01 
  787.000  8.694322e+02  1.472627e+02  4.550672e+02  8.014985e+01  2.771777e+01  7.242619e+01 
  788.000  8.573773e+02  1.451469e+02  4.488964e+02  7.903831e+01  2.732347e+01  7.144407e+01 
  789.000  8.658085e+02  1.462489e+02  4.539216e+02  7.981451e+01  2.754817e+01  7.224387e+01 
  790.000  8.574304e+02  1.447011e+02  4.497779e+02  7.904176e+01  2.726366e+01  7.158439e+01 
  791.000  8.527513e+02  1.436346e+02  4.477405e+02  7.860956e+01  2.707636e+01  7.126011e+01 
  792.000  8.389827e+02  1.411092e+02  4.407925e+02  7.733968e+01  2.661017e+01  7.015431e+01 
  793.000  8.371858e+02  1.406505e+02  4.400619e+02  7.717357e+01  2.653115e+01  7.003802e+01 
  794.000  8.265472e+02  1.383972e+02  4.351046e+02  7.619144e+01  2.612833e+01  6.924905e+01 
  795.000  8.237581e+02  1.377506e+02  4.338808e+02  7.593380e+01  2.601484e+01  6.905428e+01 
  796.000  8.419873e+02  1.405836e+02  4.437752e+02  7.761352e+01  2.656013e+01  7.062902e+01 
  797.000  8.463522e+02  1.411185e+02  4.463393e+02  7.801526e+01  2.667044e+01  7.103710e+01 
  798.000  8.445130e+02  1.406002e+02  4.456570e+02  7.784509e+01  2.658256e+01  7.092851e+01 
  799.000  8.445327e+02  1.405049e+02  4.458011e+02  7.784660e+01  2.656924e+01  7.095146e+01 
