  291.000  3.625937e+02  1.640349e+02  5.008092e+01  3.397420e+01  2.280639e+01  7.970626e+00 
  292.000  3.985537e+02  1.805957e+02  5.513457e+01  3.733772e+01  2.515114e+01  8.774940e+00 
  293.000  3.091476e+02  1.403128e+02  4.283442e+01  2.895734e+01  1.957408e+01  6.817310e+00 
  294.000  3.281786e+02  1.491966e+02  4.554412e+01  3.073512e+01  2.084882e+01  7.248571e+00 
  295.000  2.908288e+02  1.324093e+02  4.041769e+01  2.723343e+01  1.853066e+01  6.432676e+00 
  296.000  4.006159e+02  1.827000e+02  5.576566e+01  3.750809e+01  2.561284e+01  8.875381e+00 
  297.000  2.171297e+02  9.916839e+01  3.026765e+01  2.032621e+01  1.392353e+01  4.817246e+00 
  298.000  3.556967e+02  1.627329e+02  4.966535e+01  3.329267e+01  2.288795e+01  7.904486e+00 
  299.000  3.515206e+02  1.610997e+02  4.916364e+01  3.289663e+01  2.269793e+01  7.824637e+00 
  300.000  2.836875e+02  1.302065e+02  3.973445e+01  2.654491e+01  1.837339e+01  6.323935e+00 
  301.000  4.140628e+02  1.896687e+02  5.807360e+01  3.874158e+01  2.677695e+01  9.242702e+00 
  302.000  2.925883e+02  1.337186e+02  4.109994e+01  2.737370e+01  1.888853e+01  6.541258e+00 
  303.000  4.242736e+02  1.935100e+02  5.967880e+01  3.969103e+01  2.734779e+01  9.498176e+00 
  304.000  3.792530e+02  1.726244e+02  5.341891e+01  3.547684e+01  2.440816e+01  8.501883e+00 
  305.000  4.266428e+02  1.937967e+02  6.017615e+01  3.990708e+01  2.741545e+01  9.577332e+00 
  306.000  3.664892e+02  1.660796e+02  5.177290e+01  3.427770e+01  2.350793e+01  8.239914e+00 
  307.000  4.003005e+02  1.810236e+02  5.662731e+01  3.743742e+01  2.563616e+01  9.012516e+00 
  308.000  4.206427e+02  1.898232e+02  5.958731e+01  3.933710e+01  2.689606e+01  9.483614e+00 
  309.000  3.853322e+02  1.735205e+02  5.466109e+01  3.603242e+01  2.459878e+01  8.699583e+00 
  310.000  3.159911e+02  1.419929e+02  4.489959e+01  2.954623e+01  2.013995e+01  7.145990e+00 
  311.000  5.490109e+02  2.462121e+02  7.852535e+01  5.133068e+01  3.494634e+01  1.249770e+01 
  312.000  3.972152e+02  1.778316e+02  5.713531e+01  3.713601e+01  2.525578e+01  9.093367e+00 
  313.000  4.449744e+02  1.988118e+02  6.442702e+01  4.159805e+01  2.825524e+01  1.025388e+01 
  314.000  4.379006e+02  1.952539e+02  6.382037e+01  4.093381e+01  2.776925e+01  1.015733e+01 
  315.000  4.455716e+02  1.982675e+02  6.536546e+01  4.164785e+01  2.821800e+01  1.040324e+01 
  316.000  3.346268e+02  1.486367e+02  4.936612e+01  3.127582e+01  2.116746e+01  7.856863e+00 
  317.000  4.519620e+02  2.003382e+02  6.711363e+01  4.223944e+01  2.855101e+01  1.068147e+01 
  318.000  4.185335e+02  1.851318e+02  6.255701e+01  3.911242e+01  2.640320e+01  9.956257e+00 
  319.000  4.072090e+02  1.797967e+02  6.120573e+01  3.805174e+01  2.565852e+01  9.741195e+00 
  320.000  4.488126e+02  1.977442e+02  6.789675e+01  4.193630e+01  2.824072e+01  1.080610e+01 
  321.000  4.482186e+02  1.971077e+02  6.806581e+01  4.187815e+01  2.816613e+01  1.083301e+01 
  322.000  4.359315e+02  1.912765e+02  6.649510e+01  4.072710e+01  2.735153e+01  1.058302e+01 
  323.000  3.504446e+02  1.534705e+02  5.365974e+01  3.273837e+01  2.195841e+01  8.540214e+00 
  324.000  4.052330e+02  1.770619e+02  6.232603e+01  3.785385e+01  2.535141e+01  9.919497e+00 
  325.000  4.923367e+02  2.146997e+02  7.601288e+01  4.598747e+01  3.075875e+01  1.209782e+01 
  326.000  6.146219e+02  2.674977e+02  9.525648e+01  5.740602e+01  3.834594e+01  1.516054e+01 
  327.000  6.105944e+02  2.652170e+02  9.499530e+01  5.702617e+01  3.804212e+01  1.511897e+01 
  328.000  5.497582e+02  2.382347e+02  8.591373e+01  5.134053e+01  3.419630e+01  1.367359e+01 
  329.000  5.854569e+02  2.531927e+02  9.184411e+01  5.467079e+01  3.636585e+01  1.461744e+01 
  330.000  6.104532e+02  2.634664e+02  9.613520e+01  5.700126e+01  3.786506e+01  1.530039e+01 
  331.000  5.230105e+02  2.252868e+02  8.290467e+01  4.883309e+01  3.240150e+01  1.319469e+01 
  332.000  5.456157e+02  2.345625e+02  8.705402e+01  5.094038e+01  3.376029e+01  1.385508e+01 
  333.000  6.150906e+02  2.639070e+02  9.878009e+01  5.742300e+01  3.801186e+01  1.572134e+01 
  334.000  5.321867e+02  2.278816e+02  8.602360e+01  4.968007e+01  3.284737e+01  1.369108e+01 
  335.000  5.537224e+02  2.366271e+02  9.008743e+01  5.168703e+01  3.413356e+01  1.433786e+01 
  336.000  4.146801e+02  1.768505e+02  6.790456e+01  3.870562e+01  2.553004e+01  1.080735e+01 
  337.000  4.060583e+02  1.728206e+02  6.692416e+01  3.789836e+01  2.496730e+01  1.065131e+01 
  338.000  4.918611e+02  2.089259e+02  8.159275e+01  4.590405e+01  3.020079e+01  1.298589e+01 
  339.000  4.914007e+02  2.083172e+02  8.204572e+01  4.585865e+01  3.012971e+01  1.305798e+01 
  340.000  5.626472e+02  2.381241e+02  9.444856e+01  5.250521e+01  3.445703e+01  1.503196e+01 
  341.000  4.719263e+02  1.993085e+02  7.953358e+01  4.403696e+01  2.885390e+01  1.265816e+01 
  342.000  4.942994e+02  2.083129e+02  8.362019e+01  4.612220e+01  3.017156e+01  1.330857e+01 
  343.000  4.995531e+02  2.100753e+02  8.482992e+01  4.660991e+01  3.044114e+01  1.350110e+01 
  344.000  4.571115e+02  1.918813e+02  7.786866e+01  4.264806e+01  2.781571e+01  1.239318e+01 
  345.000  5.836257e+02  2.444549e+02  9.979855e+01  5.444877e+01  3.545385e+01  1.588343e+01 
  346.000  6.476922e+02  2.707939e+02  1.111051e+02  6.042305e+01  3.928957e+01  1.768293e+01 
  347.000  6.178317e+02  2.577391e+02  1.063868e+02  5.763424e+01  3.741355e+01  1.693199e+01 
  348.000  5.835793e+02  2.429988e+02  1.008082e+02  5.443653e+01  3.528817e+01  1.604412e+01 
  349.000  6.411934e+02  2.663908e+02  1.111835e+02  5.980751e+01  3.870413e+01  1.769540e+01 
  350.000  6.576915e+02  2.727311e+02  1.144074e+02  6.134357e+01  3.964164e+01  1.820850e+01 
  351.000  6.265840e+02  2.592678e+02  1.096906e+02  5.843891e+01  3.770745e+01  1.745779e+01 
  352.000  6.451874e+02  2.664808e+02  1.135631e+02  6.017119e+01  3.877634e+01  1.807413e+01 
  353.000  5.896692e+02  2.430157e+02  1.044695e+02  5.499042e+01  3.538375e+01  1.662683e+01 
  354.000  6.827987e+02  2.808780e+02  1.216265e+02  6.367238e+01  4.091783e+01  1.935746e+01 
  355.000  6.945000e+02  2.851613e+02  1.243826e+02  6.476054e+01  4.156353e+01  1.979610e+01 
  356.000  6.592453e+02  2.700786e+02  1.188372e+02  6.146965e+01  3.939001e+01  1.891354e+01 
  357.000  4.233417e+02  1.731073e+02  7.672587e+01  3.947157e+01  2.526046e+01  1.221130e+01 
  358.000  4.618587e+02  1.884989e+02  8.415936e+01  4.306079e+01  2.752114e+01  1.339438e+01 
  359.000  4.664671e+02  1.900162e+02  8.545826e+01  4.348840e+01  2.775755e+01  1.360110e+01 
  360.000  6.943934e+02  2.823182e+02  1.279014e+02  6.473473e+01  4.126332e+01  2.035615e+01 
  361.000  5.512349e+02  2.236597e+02  1.018650e+02  5.138634e+01  3.270461e+01  1.621231e+01 
  362.000  6.052786e+02  2.449833e+02  1.122725e+02  5.642109e+01  3.584192e+01  1.786873e+01 
  363.000  6.448575e+02  2.604631e+02  1.199891e+02  6.010756e+01  3.812388e+01  1.909685e+01 
  364.000  6.451493e+02  2.600386e+02  1.204202e+02  6.013187e+01  3.807906e+01  1.916546e+01 
  365.000  6.057674e+02  2.436532e+02  1.134246e+02  5.645851e+01  3.569599e+01  1.805208e+01 
  366.000  8.335620e+02  3.345694e+02  1.565680e+02  7.768558e+01  4.903810e+01  2.491857e+01 
  367.000  7.479804e+02  2.995808e+02  1.409355e+02  6.970623e+01  4.393019e+01  2.243058e+01 
  368.000  7.073475e+02  2.826999e+02  1.336994e+02  6.591633e+01  4.147417e+01  2.127892e+01 
  369.000  6.821667e+02  2.721658e+02  1.292651e+02  6.356730e+01  3.994378e+01  2.057318e+01 
  370.000  7.867214e+02  3.131994e+02  1.495480e+02  7.330659e+01  4.598773e+01  2.380131e+01 
  371.000  6.300231e+02  2.502685e+02  1.201397e+02  5.870257e+01  3.676498e+01  1.912083e+01 
  372.000  6.649408e+02  2.635578e+02  1.271993e+02  6.195299e+01  3.873579e+01  2.024440e+01 
  373.000  6.643245e+02  2.627296e+02  1.274838e+02  6.189249e+01  3.863275e+01  2.028968e+01 
  374.000  5.157334e+02  2.035087e+02  9.928294e+01  4.804647e+01  2.993926e+01  1.580137e+01 
  375.000  4.734259e+02  1.864781e+02  9.136966e+01  4.410328e+01  2.744454e+01  1.454193e+01 
  376.000  6.788063e+02  2.667704e+02  1.314234e+02  6.323289e+01  3.928077e+01  2.091669e+01 
  377.000  6.962255e+02  2.729922e+02  1.352245e+02  6.485229e+01  4.021688e+01  2.152164e+01 
  378.000  9.025735e+02  3.532519e+02  1.757485e+02  8.406991e+01  5.206147e+01  2.797125e+01 
  379.000  6.963319e+02  2.719027e+02  1.360212e+02  6.485634e+01  4.009259e+01  2.164844e+01 
  380.000  6.530733e+02  2.544191e+02  1.279953e+02  6.082415e+01  3.753384e+01  2.037108e+01 
  381.000  7.331682e+02  2.851198e+02  1.444182e+02  6.828105e+01  4.208519e+01  2.298487e+01 
  382.000  5.476696e+02  2.125107e+02  1.085589e+02  5.100269e+01  3.138846e+01  1.727768e+01 
  383.000  3.816023e+02  1.477421e+02  7.611686e+01  3.553557e+01  2.183649e+01  1.211438e+01 
  384.000  4.197291e+02  1.622116e+02  8.414220e+01  3.908442e+01  2.398797e+01  1.339165e+01 
  385.000  6.313017e+02  2.434261e+02  1.273491e+02  5.878265e+01  3.602234e+01  2.026824e+01 
  386.000  4.896406e+02  1.884586e+02  9.926680e+01  4.559023e+01  2.790338e+01  1.579880e+01 
  387.000  5.615553e+02  2.156428e+02  1.145577e+02  5.228349e+01  3.195013e+01  1.823243e+01 
  388.000  5.555264e+02  2.129337e+02  1.138930e+02  5.172001e+01  3.156611e+01  1.812664e+01 
  389.000  6.320247e+02  2.418054e+02  1.302220e+02  5.883963e+01  3.586601e+01  2.072547e+01 
  390.000  7.651205e+02  2.920428e+02  1.586369e+02  7.122676e+01  4.334786e+01  2.524785e+01 
  391.000  8.544163e+02  3.255323e+02  1.782496e+02  7.953619e+01  4.834879e+01  2.836930e+01 
  392.000  7.579007e+02  2.882304e+02  1.590922e+02  7.054875e+01  4.283544e+01  2.532031e+01 
  393.000  4.056159e+02  1.539000e+02  8.580037e+01  3.775454e+01  2.288993e+01  1.365555e+01 
  394.000  4.479918e+02  1.696622e+02  9.534694e+01  4.169712e+01  2.525028e+01  1.517494e+01 
  395.000  7.505621e+02  2.837184e+02  1.607234e+02  6.985609e+01  4.225185e+01  2.557993e+01 
  396.000  7.711856e+02  2.907997e+02  1.664535e+02  7.177159e+01  4.334256e+01  2.649190e+01 
  397.000  3.132583e+02  1.178952e+02  6.803395e+01  2.915261e+01  1.758339e+01  1.082794e+01 
  398.000  8.747214e+02  3.285823e+02  1.911116e+02  8.140038e+01  4.903755e+01  3.041636e+01 
  399.000  1.046712e+03  3.924875e+02  2.299748e+02  9.740172e+01  5.861026e+01  3.660163e+01 
  400.000  1.026429e+03  3.840531e+02  2.270368e+02  9.550979e+01  5.739268e+01  3.613403e+01 
  401.000  1.017598e+03  3.798672e+02  2.266963e+02  9.468325e+01  5.681172e+01  3.607984e+01 
  402.000  1.075510e+03  4.007349e+02  2.409688e+02  1.000676e+02  5.997058e+01  3.835137e+01 
  403.000  1.004657e+03  3.735593e+02  2.265099e+02  9.347104e+01  5.594295e+01  3.605018e+01 
  404.000  1.076704e+03  3.995974e+02  2.441234e+02  1.001701e+02  5.988029e+01  3.885344e+01 
  405.000  9.848906e+02  3.647044e+02  2.247968e+02  9.162386e+01  5.469289e+01  3.577752e+01 
  406.000  9.747838e+02  3.603513e+02  2.236009e+02  9.068034e+01  5.407094e+01  3.558719e+01 
  407.000  9.470331e+02  3.492620e+02  2.187452e+02  8.809432e+01  5.244896e+01  3.481438e+01 
  408.000  1.023230e+03  3.766871e+02  2.375726e+02  9.517861e+01  5.660157e+01  3.781085e+01 
  409.000  1.129759e+03  4.149930e+02  2.639596e+02  1.050828e+02  6.240351e+01  4.201048e+01 
  410.000  9.420925e+02  3.453942e+02  2.213148e+02  8.762375e+01  5.197129e+01  3.522334e+01 
  411.000  1.103647e+03  4.035962e+02  2.603690e+02  1.026447e+02  6.076913e+01  4.143901e+01 
  412.000  1.140713e+03  4.162341e+02  2.700391e+02  1.060874e+02  6.270703e+01  4.297805e+01 
  413.000  1.074810e+03  3.914155e+02  2.552162e+02  9.995454e+01  5.899749e+01  4.061891e+01 
  414.000  1.052620e+03  3.823752e+02  2.509142e+02  9.788616e+01  5.767149e+01  3.993423e+01 
  415.000  1.119783e+03  4.059086e+02  2.677941e+02  1.041276e+02  6.125394e+01  4.262075e+01 
  416.000  1.110237e+03  4.015105e+02  2.664542e+02  1.032352e+02  6.062606e+01  4.240750e+01 
  417.000  1.073667e+03  3.876074e+02  2.583587e+02  9.983135e+01  5.855267e+01  4.111906e+01 
  418.000  1.047817e+03  3.774376e+02  2.529792e+02  9.742361e+01  5.704841e+01  4.026289e+01 
  419.000  1.071189e+03  3.848103e+02  2.596716e+02  9.959154e+01  5.820275e+01  4.132802e+01 
  420.000  9.045820e+02  3.242468e+02  2.199859e+02  8.409811e+01  4.906955e+01  3.501185e+01 
  421.000  1.130781e+03  4.043662e+02  2.756098e+02  1.051230e+02  6.122579e+01  4.386466e+01 
  422.000  1.080959e+03  3.857695e+02  2.639648e+02  1.004877e+02  5.843556e+01  4.201130e+01 
  423.000  9.109127e+02  3.242982e+02  2.229410e+02  8.467609e+01  4.914972e+01  3.548215e+01 
  424.000  9.997723e+02  3.550718e+02  2.452378e+02  9.293217e+01  5.384188e+01  3.903080e+01 
  425.000  1.033358e+03  3.660244e+02  2.540967e+02  9.604943e+01  5.553462e+01  4.044075e+01 
  426.000  9.910952e+02  3.504178e+02  2.441094e+02  9.211817e+01  5.318759e+01  3.885122e+01 
  427.000  9.514525e+02  3.355018e+02  2.349166e+02  8.842930e+01  5.095304e+01  3.738814e+01 
  428.000  9.615231e+02  3.382133e+02  2.379357e+02  8.936132e+01  5.139235e+01  3.786864e+01 
  429.000  8.729807e+02  3.064052e+02  2.164458e+02  8.112933e+01  4.658077e+01  3.444843e+01 
  430.000  6.952905e+02  2.434409e+02  1.727859e+02  6.461311e+01  3.702858e+01  2.749973e+01 
  431.000  6.238219e+02  2.180281e+02  1.554124e+02  5.796968e+01  3.317807e+01  2.473465e+01 
  432.000  1.120879e+03  3.907283e+02  2.802596e+02  1.041546e+02  5.949759e+01  4.460470e+01 
  433.000  9.959661e+02  3.462991e+02  2.499050e+02  9.254315e+01  5.276609e+01  3.977361e+01 
  434.000  9.448042e+02  3.278375e+02  2.377337e+02  8.778608e+01  4.997881e+01  3.783650e+01 
  435.000  1.026178e+03  3.551301e+02  2.591426e+02  9.534238e+01  5.417567e+01  4.124382e+01 
  436.000  1.135737e+03  3.922664e+02  2.875797e+02  1.055178e+02  5.987071e+01  4.576972e+01 
  437.000  1.144874e+03  3.943182e+02  2.909833e+02  1.063614e+02  6.022612e+01  4.631143e+01 
  438.000  1.023626e+03  3.519425e+02  2.607737e+02  9.509429e+01  5.377745e+01  4.150343e+01 
  439.000  9.889917e+02  3.391100e+02  2.528616e+02  9.187239e+01  5.185202e+01  4.024418e+01 
  440.000  1.106589e+03  3.786095e+02  2.837281e+02  1.027927e+02  5.792310e+01  4.515672e+01 
  441.000  1.100974e+03  3.760811e+02  2.827751e+02  1.022683e+02  5.755790e+01  4.500506e+01 
  442.000  1.157913e+03  3.944138e+02  2.982933e+02  1.075521e+02  6.040339e+01  4.747485e+01 
  443.000  1.163884e+03  3.955235e+02  3.005704e+02  1.081024e+02  6.060622e+01  4.783726e+01 
  444.000  1.154847e+03  3.912898e+02  2.991655e+02  1.072577e+02  5.999887e+01  4.761367e+01 
  445.000  1.212975e+03  4.101078e+02  3.149231e+02  1.126523e+02  6.291556e+01  5.012156e+01 
  446.000  1.078221e+03  3.637635e+02  2.805619e+02  1.001337e+02  5.583369e+01  4.465281e+01 
  447.000  1.227968e+03  4.132681e+02  3.203362e+02  1.140360e+02  6.346829e+01  5.098309e+01 
  448.000  1.246427e+03  4.183725e+02  3.260327e+02  1.157451e+02  6.429166e+01  5.188972e+01 
  449.000  1.252659e+03  4.195646e+02  3.283780e+02  1.163197e+02  6.450694e+01  5.226298e+01 
  450.000  1.277985e+03  4.268685e+02  3.359187e+02  1.186661e+02  6.567136e+01  5.346313e+01 
  451.000  1.378911e+03  4.595356e+02  3.629112e+02  1.280328e+02  7.072883e+01  5.775911e+01 
  452.000  1.279781e+03  4.256798e+02  3.371856e+02  1.188249e+02  6.554295e+01  5.366475e+01 
  453.000  1.186398e+03  3.935423e+02  3.130593e+02  1.101497e+02  6.062746e+01  4.982493e+01 
  454.000  1.263462e+03  4.177228e+02  3.340070e+02  1.172985e+02  6.439474e+01  5.315886e+01 
  455.000  1.270553e+03  4.192104e+02  3.362605e+02  1.179531e+02  6.465022e+01  5.351753e+01 
  456.000  1.299923e+03  4.278574e+02  3.444950e+02  1.206751e+02  6.601558e+01  5.482809e+01 
  457.000  1.305748e+03  4.287574e+02  3.464879e+02  1.212114e+02  6.618549e+01  5.514527e+01 
  458.000  1.281818e+03  4.194266e+02  3.407878e+02  1.189836e+02  6.479011e+01  5.423807e+01 
  459.000  1.280104e+03  4.181147e+02  3.406631e+02  1.188212e+02  6.461040e+01  5.421821e+01 
  460.000  1.267708e+03  4.130237e+02  3.378226e+02  1.176660e+02  6.385552e+01  5.376614e+01 
  461.000  1.312375e+03  4.265211e+02  3.501899e+02  1.218073e+02  6.597455e+01  5.573446e+01 
  462.000  1.289921e+03  4.180273e+02  3.447234e+02  1.197180e+02  6.469728e+01  5.486444e+01 
  463.000  1.288868e+03  4.168335e+02  3.448163e+02  1.196167e+02  6.453860e+01  5.487923e+01 
  464.000  1.291284e+03  4.165150e+02  3.459443e+02  1.198360e+02  6.452293e+01  5.505875e+01 
  465.000  1.270434e+03  4.089701e+02  3.407173e+02  1.178975e+02  6.337922e+01  5.422684e+01 
  466.000  1.309369e+03  4.198871e+02  3.518661e+02  1.215038e+02  6.512051e+01  5.600124e+01 
  467.000  1.261516e+03  4.034726e+02  3.394737e+02  1.170587e+02  6.260752e+01  5.402892e+01 
  468.000  1.334105e+03  4.256679e+02  3.594526e+02  1.237900e+02  6.608289e+01  5.720865e+01 
  469.000  1.321218e+03  4.206648e+02  3.563685e+02  1.225904e+02  6.533347e+01  5.671781e+01 
  470.000  1.302311e+03  4.134366e+02  3.517776e+02  1.208309e+02  6.424766e+01  5.598715e+01 
  471.000  1.299369e+03  4.113662e+02  3.512878e+02  1.205532e+02  6.395800e+01  5.590919e+01 
  472.000  1.314836e+03  4.151649e+02  3.557636e+02  1.219835e+02  6.457961e+01  5.662154e+01 
  473.000  1.300473e+03  4.095726e+02  3.521603e+02  1.206466e+02  6.373961e+01  5.604806e+01 
  474.000  1.310996e+03  4.118898e+02  3.552766e+02  1.216187e+02  6.412840e+01  5.654403e+01 
  475.000  1.364901e+03  4.275933e+02  3.702137e+02  1.266142e+02  6.660818e+01  5.892135e+01 
  476.000  1.324593e+03  4.136711e+02  3.596259e+02  1.228696e+02  6.447606e+01  5.723624e+01 
  477.000  1.313281e+03  4.091806e+02  3.568096e+02  1.218163e+02  6.380327e+01  5.678802e+01 
  478.000  1.375978e+03  4.279273e+02  3.740536e+02  1.276287e+02  6.674874e+01  5.953248e+01 
  479.000  1.310142e+03  4.064741e+02  3.564161e+02  1.215179e+02  6.343013e+01  5.672538e+01 
  480.000  1.332358e+03  4.121553e+02  3.627814e+02  1.235735e+02  6.435101e+01  5.773845e+01 
  481.000  1.321222e+03  4.074733e+02  3.602554e+02  1.225355e+02  6.365762e+01  5.733643e+01 
  482.000  1.346063e+03  4.139750e+02  3.675279e+02  1.248345e+02  6.470899e+01  5.849389e+01 
  483.000  1.345277e+03  4.124839e+02  3.678506e+02  1.247564e+02  6.451434e+01  5.854524e+01 
  484.000  1.291733e+03  3.950568e+02  3.536429e+02  1.197867e+02  6.181972e+01  5.628402e+01 
  485.000  1.299779e+03  3.964624e+02  3.562985e+02  1.205285e+02  6.207214e+01  5.670667e+01 
  486.000  1.052329e+03  3.204501e+02  2.886958e+02  9.758022e+01  5.018772e+01  4.594736e+01 
  487.000  1.181492e+03  3.586584e+02  3.246114e+02  1.095526e+02  5.620637e+01  5.166351e+01 
  488.000  1.281498e+03  3.878708e+02  3.525774e+02  1.188208e+02  6.081960e+01  5.611444e+01 
  489.000  1.190029e+03  3.591532e+02  3.278525e+02  1.103355e+02  5.634839e+01  5.217934e+01 
  490.000  1.353439e+03  4.072728e+02  3.733539e+02  1.254814e+02  6.393448e+01  5.942112e+01 
  491.000  1.265311e+03  3.800250e+02  3.492329e+02  1.173078e+02  5.967782e+01  5.558214e+01 
  492.000  1.215302e+03  3.639065e+02  3.357157e+02  1.126670e+02  5.717790e+01  5.343081e+01 
  493.000  1.308246e+03  3.905305e+02  3.617042e+02  1.212787e+02  6.139550e+01  5.756701e+01 
  494.000  1.263207e+03  3.759894e+02  3.495360e+02  1.170991e+02  5.914074e+01  5.563039e+01 
  495.000  1.349465e+03  4.007437e+02  3.736423e+02  1.250915e+02  6.306066e+01  5.946702e+01 
  496.000  1.314229e+03  3.892144e+02  3.641617e+02  1.218209e+02  6.127680e+01  5.795814e+01 
  497.000  1.274940e+03  3.764408e+02  3.535688e+02  1.181745e+02  5.929821e+01  5.627223e+01 
  498.000  1.244645e+03  3.666650e+02  3.453817e+02  1.153631e+02  5.778202e+01  5.496920e+01 
  499.000  1.241870e+03  3.646255e+02  3.449263e+02  1.151010e+02  5.749548e+01  5.489673e+01 
  500.000  1.236529e+03  3.619673e+02  3.437562e+02  1.146017e+02  5.710791e+01  5.471049e+01 
  501.000  1.208694e+03  3.531124e+02  3.364359e+02  1.120190e+02  5.573439e+01  5.354544e+01 
  502.000  1.201106e+03  3.497131e+02  3.350228e+02  1.113109e+02  5.523722e+01  5.332055e+01 
  503.000  1.272846e+03  3.695831e+02  3.556343e+02  1.179553e+02  5.840958e+01  5.660096e+01 
  504.000  1.184082e+03  3.432157e+02  3.311835e+02  1.097270e+02  5.426221e+01  5.270950e+01 
  505.000  1.277589e+03  3.690374e+02  3.580924e+02  1.183869e+02  5.838730e+01  5.699218e+01 
  506.000  1.367119e+03  3.935681e+02  3.839694e+02  1.266778e+02  6.231276e+01  6.111063e+01 
  507.000  1.271032e+03  3.650792e+02  3.574685e+02  1.177710e+02  5.782975e+01  5.689288e+01 
  508.000  1.218312e+03  3.488133e+02  3.433006e+02  1.128816e+02  5.529061e+01  5.463798e+01 
  509.000  1.312813e+03  3.749681e+02  3.704581e+02  1.216339e+02  5.946649e+01  5.896024e+01 
  510.000  1.271283e+03  3.621064e+02  3.593248e+02  1.177821e+02  5.746009e+01  5.718832e+01 
  511.000  1.271187e+03  3.609116e+02  3.599803e+02  1.177685e+02  5.730943e+01  5.729264e+01 
  512.000  1.333285e+03  3.777900e+02  3.780050e+02  1.235185e+02  6.001469e+01  6.016137e+01 
  513.000  1.220031e+03  3.443840e+02  3.466637e+02  1.130212e+02  5.475176e+01  5.517325e+01 
  514.000  1.193599e+03  3.363004e+02  3.395159e+02  1.105701e+02  5.348737e+01  5.403564e+01 
  515.000  1.218188e+03  3.420777e+02  3.471805e+02  1.128434e+02  5.444463e+01  5.525549e+01 
  516.000  1.279243e+03  3.583295e+02  3.651003e+02  1.184955e+02  5.706107e+01  5.810751e+01 
  517.000  9.426312e+02  2.630037e+02  2.696326e+02  8.731126e+01  4.191584e+01  4.291336e+01 
  518.000  1.166712e+03  3.249938e+02  3.340373e+02  1.080647e+02  5.181315e+01  5.316368e+01 
  519.000  1.105719e+03  3.067974e+02  3.172736e+02  1.024105e+02  4.895241e+01  5.049566e+01 
  520.000  1.217103e+03  3.370898e+02  3.495889e+02  1.127244e+02  5.380634e+01  5.563880e+01 
  521.000  1.218236e+03  3.360390e+02  3.500941e+02  1.128242e+02  5.367580e+01  5.571922e+01 
  522.000  1.266501e+03  3.486823e+02  3.640212e+02  1.172917e+02  5.571319e+01  5.793578e+01 
  523.000  1.180187e+03  3.239299e+02  3.392960e+02  1.092943e+02  5.178456e+01  5.400064e+01 
  524.000  1.280936e+03  3.504034e+02  3.683598e+02  1.186200e+02  5.604814e+01  5.862628e+01 
  525.000  1.270926e+03  3.468364e+02  3.655507e+02  1.176899e+02  5.549969e+01  5.817920e+01 
  526.000  1.211699e+03  3.294715e+02  3.486162e+02  1.122010e+02  5.275306e+01  5.548399e+01 
  527.000  1.059048e+03  2.869878e+02  3.047786e+02  9.806213e+01  4.597688e+01  4.850703e+01 
  528.000  1.272558e+03  3.438218e+02  3.663087e+02  1.178281e+02  5.510930e+01  5.829984e+01 
  529.000  1.309442e+03  3.526293e+02  3.770219e+02  1.212390e+02  5.655193e+01  6.000490e+01 
  530.000  1.237657e+03  3.325867e+02  3.564119e+02  1.145899e+02  5.335666e+01  5.672472e+01 
  531.000  1.348008e+03  3.610242e+02  3.890208e+02  1.248021e+02  5.796129e+01  6.191458e+01 
  532.000  1.286452e+03  3.435960e+02  3.719599e+02  1.190995e+02  5.519695e+01  5.919926e+01 
  533.000  1.129805e+03  3.009288e+02  3.272851e+02  1.045939e+02  4.837231e+01  5.208904e+01 
  534.000  1.228503e+03  3.260385e+02  3.567540e+02  1.137265e+02  5.245069e+01  5.677916e+01 
  535.000  1.252630e+03  3.318373e+02  3.642098e+02  1.159577e+02  5.340519e+01  5.796580e+01 
  536.000  1.328840e+03  3.508936e+02  3.872101e+02  1.230082e+02  5.651258e+01  6.162640e+01 
  537.000  1.232826e+03  3.242978e+02  3.601546e+02  1.141157e+02  5.227367e+01  5.732038e+01 
  538.000  1.290189e+03  3.385352e+02  3.775438e+02  1.194222e+02  5.459909e+01  6.008796e+01 
  539.000  1.285808e+03  3.364107e+02  3.769834e+02  1.190129e+02  5.429134e+01  5.999876e+01 
  540.000  1.258307e+03  3.282281e+02  3.696507e+02  1.164637e+02  5.300614e+01  5.883173e+01 
  541.000  1.153758e+03  3.001228e+02  3.391396e+02  1.067840e+02  4.849165e+01  5.397575e+01 
  542.000  1.287028e+03  3.337914e+02  3.785489e+02  1.191150e+02  5.396059e+01  6.024792e+01 
  543.000  1.231256e+03  3.182470e+02  3.623986e+02  1.139492e+02  5.147906e+01  5.767753e+01 
  544.000  1.298943e+03  3.346700e+02  3.825727e+02  1.202095e+02  5.416677e+01  6.088833e+01 
  545.000  1.279930e+03  3.287917e+02  3.772026e+02  1.184465e+02  5.324386e+01  6.003365e+01 
  546.000  1.251727e+03  3.206862e+02  3.690923e+02  1.158334e+02  5.195630e+01  5.874287e+01 
  547.000  1.305381e+03  3.333070e+02  3.851762e+02  1.207944e+02  5.403379e+01  6.130270e+01 
  548.000  1.212047e+03  3.080121e+02  3.579775e+02  1.121523e+02  4.997569e+01  5.697388e+01 
  549.000  1.275564e+03  3.236222e+02  3.768611e+02  1.180278e+02  5.252394e+01  5.997930e+01 
  550.000  1.248469e+03  3.155466e+02  3.691697e+02  1.155163e+02  5.124886e+01  5.875519e+01 
  551.000  1.241180e+03  3.132867e+02  3.673545e+02  1.148400e+02  5.089849e+01  5.846629e+01 
  552.000  1.295407e+03  3.263565e+02  3.839077e+02  1.198546e+02  5.304655e+01  6.110081e+01 
  553.000  1.245600e+03  3.129966e+02  3.698079e+02  1.152427e+02  5.090741e+01  5.885676e+01 
  554.000  1.287065e+03  3.228192e+02  3.826043e+02  1.190765e+02  5.252882e+01  6.089336e+01 
  555.000  1.291483e+03  3.233219e+02  3.844098e+02  1.194825e+02  5.263477e+01  6.118071e+01 
  556.000  1.256665e+03  3.140756e+02  3.744768e+02  1.162590e+02  5.115067e+01  5.959984e+01 
  557.000  1.220253e+03  3.044322e+02  3.640673e+02  1.128880e+02  4.960180e+01  5.794311e+01 
  558.000  1.267523e+03  3.156784e+02  3.786143e+02  1.172587e+02  5.145599e+01  6.025834e+01 
  559.000  1.199158e+03  2.979477e+02  3.587644e+02  1.109311e+02  4.859394e+01  5.709912e+01 
  560.000  1.205453e+03  2.989145e+02  3.610679e+02  1.115109e+02  4.877459e+01  5.746575e+01 
  561.000  1.325991e+03  3.281611e+02  3.971780e+02  1.226587e+02  5.356562e+01  6.321283e+01 
  562.000  1.218491e+03  3.009814e+02  3.649831e+02  1.127122e+02  4.914588e+01  5.808886e+01 
  563.000  1.275983e+03  3.145801e+02  3.822090e+02  1.180278e+02  5.138395e+01  6.083044e+01 
  564.000  1.259374e+03  3.098177e+02  3.772392e+02  1.164888e+02  5.062555e+01  6.003949e+01 
  565.000  1.275832e+03  3.133216e+02  3.821736e+02  1.180089e+02  5.121402e+01  6.082481e+01 
  566.000  1.177603e+03  2.885682e+02  3.527542e+02  1.089206e+02  4.718636e+01  5.614257e+01 
  567.000  1.265503e+03  3.095487e+02  3.790891e+02  1.170484e+02  5.063340e+01  6.033390e+01 
  568.000  1.267340e+03  3.095051e+02  3.796432e+02  1.172164e+02  5.064067e+01  6.042210e+01 
  569.000  1.251519e+03  3.047645e+02  3.749105e+02  1.157495e+02  4.989062e+01  5.966886e+01 
  570.000  1.258034e+03  3.055272e+02  3.769203e+02  1.163487e+02  5.004023e+01  5.998874e+01 
  571.000  1.208839e+03  2.930146e+02  3.623307e+02  1.117967e+02  4.800931e+01  5.766673e+01 
  572.000  1.284410e+03  3.109209e+02  3.850909e+02  1.187840e+02  5.095661e+01  6.128912e+01 
  573.000  1.297676e+03  3.134176e+02  3.892569e+02  1.200079e+02  5.138909e+01  6.195216e+01 
  574.000  1.291234e+03  3.112729e+02  3.874800e+02  1.194098e+02  5.105664e+01  6.166936e+01 
  575.000  1.261082e+03  3.033123e+02  3.786144e+02  1.166186e+02  4.977345e+01  6.025835e+01 
  576.000  1.238846e+03  2.972551e+02  3.721251e+02  1.145594e+02  4.880257e+01  5.922555e+01 
  577.000  1.288926e+03  3.087386e+02  3.873085e+02  1.191882e+02  5.070528e+01  6.164206e+01 
  578.000  1.249338e+03  2.985337e+02  3.756028e+02  1.155246e+02  4.905285e+01  5.977903e+01 
  579.000  1.238067e+03  2.952235e+02  3.723762e+02  1.144798e+02  4.852905e+01  5.926551e+01 
  580.000  1.278864e+03  3.045231e+02  3.847596e+02  1.182505e+02  5.007170e+01  6.123639e+01 
  581.000  1.253181e+03  2.977481e+02  3.772054e+02  1.158731e+02  4.897920e+01  6.003410e+01 
  582.000  1.270391e+03  3.011866e+02  3.825560e+02  1.174617e+02  4.956602e+01  6.088568e+01 
  583.000  1.278430e+03  3.025492e+02  3.851194e+02  1.182029e+02  4.980799e+01  6.129365e+01 
  584.000  1.274049e+03  3.006208e+02  3.840330e+02  1.177943e+02  4.951957e+01  6.112074e+01 
  585.000  1.265197e+03  2.981245e+02  3.814713e+02  1.169742e+02  4.912165e+01  6.071304e+01 
  586.000  1.210672e+03  2.846602e+02  3.651924e+02  1.119306e+02  4.692325e+01  5.812217e+01 
  587.000  1.260479e+03  2.960727e+02  3.802942e+02  1.165343e+02  4.881421e+01  6.052570e+01 
  588.000  1.259699e+03  2.951352e+02  3.802554e+02  1.164591e+02  4.868420e+01  6.051952e+01 
  589.000  1.133546e+03  2.650631e+02  3.423089e+02  1.047942e+02  4.374044e+01  5.448015e+01 
  590.000  1.185272e+03  2.764319e+02  3.581184e+02  1.095733e+02  4.564018e+01  5.699631e+01 
  591.000  1.247404e+03  2.903199e+02  3.770475e+02  1.153148e+02  4.795279e+01  6.000898e+01 
  592.000  1.230525e+03  2.858654e+02  3.720826e+02  1.137524e+02  4.723417e+01  5.921877e+01 
  593.000  1.229940e+03  2.850653e+02  3.720779e+02  1.136957e+02  4.712361e+01  5.921803e+01 
  594.000  1.244954e+03  2.878936e+02  3.767889e+02  1.150810e+02  4.761238e+01  5.996783e+01 
  595.000  1.231696e+03  2.840727e+02  3.729720e+02  1.138525e+02  4.700505e+01  5.936034e+01 
  596.000  1.249141e+03  2.874822e+02  3.784134e+02  1.154626e+02  4.758921e+01  6.022636e+01 
  597.000  1.257106e+03  2.890433e+02  3.808965e+02  1.161978e+02  4.785650e+01  6.062156e+01 
  598.000  1.226976e+03  2.814873e+02  3.719299e+02  1.134104e+02  4.662593e+01  5.919449e+01 
  599.000  1.226294e+03  2.807044e+02  3.718846e+02  1.133448e+02  4.651664e+01  5.918728e+01 
  600.000  1.222647e+03  2.792912e+02  3.709282e+02  1.130056e+02  4.630130e+01  5.903505e+01 
  601.000  1.213605e+03  2.766446e+02  3.682113e+02  1.121677e+02  4.587989e+01  5.860264e+01 
  602.000  1.200748e+03  2.728026e+02  3.643111e+02  1.109758e+02  4.526937e+01  5.798191e+01 
  603.000  1.207244e+03  2.737653e+02  3.662825e+02  1.115743e+02  4.544415e+01  5.829568e+01 
  604.000  1.244205e+03  2.817382e+02  3.774970e+02  1.149887e+02  4.677960e+01  6.008051e+01 
  605.000  1.240569e+03  2.802587e+02  3.763942e+02  1.146502e+02  4.655315e+01  5.990500e+01 
  606.000  1.226126e+03  2.762695e+02  3.720124e+02  1.133126e+02  4.591177e+01  5.920761e+01 
  607.000  1.219072e+03  2.741246e+02  3.698727e+02  1.126587e+02  4.557159e+01  5.886707e+01 
  608.000  1.214675e+03  2.723769e+02  3.685386e+02  1.122495e+02  4.530325e+01  5.865475e+01 
  609.000  1.201911e+03  2.692105e+02  3.646661e+02  1.110688e+02  4.478552e+01  5.803841e+01 
  610.000  1.182610e+03  2.642801e+02  3.588102e+02  1.092829e+02  4.398308e+01  5.710641e+01 
  611.000  1.201527e+03  2.679982e+02  3.644423e+02  1.110292e+02  4.461542e+01  5.800279e+01 
  612.000  1.185938e+03  2.636825e+02  3.595058e+02  1.095855e+02  4.391885e+01  5.721713e+01 
  613.000  1.168475e+03  2.592224e+02  3.540690e+02  1.079698e+02  4.319107e+01  5.635184e+01 
  614.000  1.126076e+03  2.493794e+02  3.411130e+02  1.040504e+02  4.156247e+01  5.428982e+01 
  615.000  1.179850e+03  2.607610e+02  3.572716e+02  1.090173e+02  4.347316e+01  5.686154e+01 
  616.000  1.121910e+03  2.472077e+02  3.395413e+02  1.036609e+02  4.123313e+01  5.403967e+01 
  617.000  1.128220e+03  2.480393e+02  3.413124e+02  1.042419e+02  4.138644e+01  5.432156e+01 
  618.000  1.181405e+03  2.592871e+02  3.572916e+02  1.091543e+02  4.327482e+01  5.686473e+01 
  619.000  1.170802e+03  2.563491e+02  3.539334e+02  1.081724e+02  4.280042e+01  5.633024e+01 
  620.000  1.188447e+03  2.595062e+02  3.591068e+02  1.098002e+02  4.334617e+01  5.715361e+01 
  621.000  1.209269e+03  2.633960e+02  3.653984e+02  1.117215e+02  4.401509e+01  5.815498e+01 
  622.000  1.145574e+03  2.492424e+02  3.461522e+02  1.058359e+02  4.165813e+01  5.509183e+01 
  623.000  1.155277e+03  2.504968e+02  3.490837e+02  1.067291e+02  4.189281e+01  5.555840e+01 
  624.000  1.156834e+03  2.504345e+02  3.495543e+02  1.068716e+02  4.189409e+01  5.563330e+01 
  625.000  1.125870e+03  2.432850e+02  3.401977e+02  1.040093e+02  4.071113e+01  5.414415e+01 
  626.000  1.132815e+03  2.440091e+02  3.422960e+02  1.046482e+02  4.085499e+01  5.447810e+01 
  627.000  1.157308e+03  2.485903e+02  3.496966e+02  1.069083e+02  4.164233e+01  5.565594e+01 
  628.000  1.175077e+03  2.518505e+02  3.550650e+02  1.085476e+02  4.220471e+01  5.651036e+01 
  629.000  1.184426e+03  2.534804e+02  3.578897e+02  1.094099e+02  4.248878e+01  5.695992e+01 
  630.000  1.141953e+03  2.439339e+02  3.450557e+02  1.054849e+02  4.090193e+01  5.491732e+01 
  631.000  1.178564e+03  2.509398e+02  3.559466e+02  1.088639e+02  4.209833e+01  5.665066e+01 
  632.000  1.098413e+03  2.333753e+02  3.316153e+02  1.014586e+02  3.916470e+01  5.277822e+01 
  633.000  1.172474e+03  2.486262e+02  3.538540e+02  1.082978e+02  4.173675e+01  5.631761e+01 
  634.000  1.134758e+03  2.397734e+02  3.422584e+02  1.048111e+02  4.027297e+01  5.447212e+01 
  635.000  1.154228e+03  2.437015e+02  3.480844e+02  1.066087e+02  4.093760e+01  5.539936e+01 
  636.000  1.112103e+03  2.341114e+02  3.352073e+02  1.027154e+02  3.934482e+01  5.334990e+01 
  637.000  1.147891e+03  2.408683e+02  3.458010e+02  1.060181e+02  4.050068e+01  5.503593e+01 
  638.000  1.162827e+03  2.436160e+02  3.502043e+02  1.073963e+02  4.097279e+01  5.573675e+01 
  639.000  1.152620e+03  2.409129e+02  3.469897e+02  1.064517e+02  4.053292e+01  5.522513e+01 
  640.000  1.114634e+03  2.326947e+02  3.354849e+02  1.029424e+02  3.915752e+01  5.339407e+01 
  641.000  1.130510e+03  2.351904e+02  3.400594e+02  1.044058e+02  3.959888e+01  5.412213e+01 
  642.000  1.115934e+03  2.316375e+02  3.355453e+02  1.030579e+02  3.901427e+01  5.340370e+01 
  643.000  1.136740e+03  2.354863e+02  3.416843e+02  1.049777e+02  3.967481e+01  5.438075e+01 
  644.000  1.123562e+03  2.321932e+02  3.375829e+02  1.037588e+02  3.913470e+01  5.372799e+01 
  645.000  1.135511e+03  2.339529e+02  3.409964e+02  1.048598e+02  3.944982e+01  5.427127e+01 
  646.000  1.100651e+03  2.263399e+02  3.304208e+02  1.016392e+02  3.817735e+01  5.258810e+01 
  647.000  1.121864e+03  2.300982e+02  3.366385e+02  1.035960e+02  3.882703e+01  5.357767e+01 
  648.000  1.126540e+03  2.306781e+02  3.379473e+02  1.040265e+02  3.893480e+01  5.378599e+01 
  649.000  1.143165e+03  2.332088e+02  3.427171e+02  1.055587e+02  3.938473e+01  5.454512e+01 
  650.000  1.048868e+03  2.132524e+02  3.142680e+02  9.684896e+01  3.603324e+01  5.001731e+01 
  651.000  1.129726e+03  2.294178e+02  3.384267e+02  1.043141e+02  3.877187e+01  5.386229e+01 
  652.000  1.118075e+03  2.265189e+02  3.348040e+02  1.032366e+02  3.829588e+01  5.328571e+01 
  653.000  1.128903e+03  2.283069e+02  3.379452e+02  1.042349e+02  3.860874e+01  5.378564e+01 
  654.000  1.115878e+03  2.247616e+02  3.338193e+02  1.030293e+02  3.803298e+01  5.312899e+01 
  655.000  1.090429e+03  2.193685e+02  3.261395e+02  1.006786e+02  3.712735e+01  5.190671e+01 
  656.000  9.246815e+02  1.855716e+02  2.764530e+02  8.537375e+01  3.141915e+01  4.399886e+01 
  657.000  9.850308e+02  1.972155e+02  2.943793e+02  9.094409e+01  3.340277e+01  4.685192e+01 
  658.000  1.093635e+03  2.182518e+02  3.266598e+02  1.009687e+02  3.698419e+01  5.198952e+01 
  659.000  1.094344e+03  2.176546e+02  3.266875e+02  1.010317e+02  3.690225e+01  5.199393e+01 
  660.000  1.101844e+03  2.188727e+02  3.288583e+02  1.017232e+02  3.711592e+01  5.233943e+01 
  661.000  1.104199e+03  2.185434e+02  3.293629e+02  1.019380e+02  3.708085e+01  5.241974e+01 
  662.000  1.118574e+03  2.211951e+02  3.336026e+02  1.032644e+02  3.753583e+01  5.309450e+01 
  663.000  1.106825e+03  2.180453e+02  3.298928e+02  1.021771e+02  3.702286e+01  5.250407e+01 
  664.000  1.088651e+03  2.141697e+02  3.244025e+02  1.004983e+02  3.637251e+01  5.163026e+01 
  665.000  1.093160e+03  2.145095e+02  3.256098e+02  1.009128e+02  3.644447e+01  5.182240e+01 
  666.000  1.105840e+03  2.165274e+02  3.292694e+02  1.020817e+02  3.679958e+01  5.240485e+01 
  667.000  1.083825e+03  2.114526e+02  3.225242e+02  1.000470e+02  3.595700e+01  5.133131e+01 
  668.000  1.089410e+03  2.121778e+02  3.240954e+02  1.005613e+02  3.608981e+01  5.158139e+01 
  669.000  1.105062e+03  2.145401e+02  3.285811e+02  1.020039e+02  3.650950e+01  5.229530e+01 
  670.000  1.091587e+03  2.116125e+02  3.244966e+02  1.007589e+02  3.601941e+01  5.164523e+01 
  671.000  1.080251e+03  2.085708e+02  3.211073e+02  9.970981e+01  3.552588e+01  5.110582e+01 
  672.000  1.076451e+03  2.076149e+02  3.199777e+02  9.935838e+01  3.536951e+01  5.092603e+01 
  673.000  1.084400e+03  2.083802e+02  3.223393e+02  1.000895e+02  3.552211e+01  5.130190e+01 
  674.000  1.086313e+03  2.084394e+02  3.229077e+02  1.002651e+02  3.554113e+01  5.139236e+01 
  675.000  1.069954e+03  2.045428e+02  3.180438e+02  9.875266e+01  3.489864e+01  5.061824e+01 
  676.000  1.089965e+03  2.080870e+02  3.239914e+02  1.005986e+02  3.551147e+01  5.156484e+01 
  677.000  1.068244e+03  2.035676e+02  3.175344e+02  9.859268e+01  3.475101e+01  5.053716e+01 
  678.000  1.086176e+03  2.062785e+02  3.228634e+02  1.002454e+02  3.523421e+01  5.138530e+01 
  679.000  1.070827e+03  2.030280e+02  3.183002e+02  9.882771e+01  3.468869e+01  5.065906e+01 
  680.000  1.063373e+03  2.008397e+02  3.160832e+02  9.813728e+01  3.433721e+01  5.030620e+01 
  681.000  1.065039e+03  2.008204e+02  3.165776e+02  9.828991e+01  3.434357e+01  5.038489e+01 
  682.000  1.063216e+03  1.997578e+02  3.160340e+02  9.811931e+01  3.418261e+01  5.029837e+01 
  683.000  1.070644e+03  2.007787e+02  3.182412e+02  9.880365e+01  3.436814e+01  5.064965e+01 
  684.000  1.052502e+03  1.966949e+02  3.128470e+02  9.712723e+01  3.368879e+01  4.979114e+01 
  685.000  1.063674e+03  1.985677e+02  3.161669e+02  9.815743e+01  3.401575e+01  5.031952e+01 
  686.000  1.021104e+03  1.900293e+02  3.035121e+02  9.422718e+01  3.257016e+01  4.830544e+01 
  687.000  1.069850e+03  1.985196e+02  3.179995e+02  9.872353e+01  3.404214e+01  5.061119e+01 
  688.000  1.055429e+03  1.954639e+02  3.137120e+02  9.739160e+01  3.352913e+01  4.992883e+01 
  689.000  1.062871e+03  1.962882e+02  3.159223e+02  9.807652e+01  3.368650e+01  5.028059e+01 
  690.000  1.060429e+03  1.954630e+02  3.151953e+02  9.784998e+01  3.355568e+01  5.016489e+01 
  691.000  1.053986e+03  1.937703e+02  3.132787e+02  9.725387e+01  3.327966e+01  4.985985e+01 
  692.000  1.039666e+03  1.905312e+02  3.090201e+02  9.593053e+01  3.274083e+01  4.918208e+01 
  693.000  1.041972e+03  1.906000e+02  3.097044e+02  9.614220e+01  3.276286e+01  4.929098e+01 
  694.000  1.051246e+03  1.914800e+02  3.124646e+02  9.699537e+01  3.293773e+01  4.973028e+01 
  695.000  1.030433e+03  1.874472e+02  3.063186e+02  9.507410e+01  3.225154e+01  4.875212e+01 
  696.000  1.041238e+03  1.891792e+02  3.095762e+02  9.607021e+01  3.255689e+01  4.927058e+01 
  697.000  1.039385e+03  1.884848e+02  3.090952e+02  9.589806e+01  3.244866e+01  4.919403e+01 
  698.000  1.020811e+03  1.849178e+02  3.036104e+02  9.418362e+01  3.184084e+01  4.832109e+01 
  699.000  1.043089e+03  1.888712e+02  3.102521e+02  9.623874e+01  3.252416e+01  4.937816e+01 
  700.000  1.030709e+03  1.861465e+02  3.066819e+02  9.509488e+01  3.207035e+01  4.880994e+01 
  701.000  1.008421e+03  1.819231e+02  3.001815e+02  9.303775e+01  3.135002e+01  4.777536e+01 
  702.000  1.003121e+03  1.807566e+02  2.987438e+02  9.254804e+01  3.115674e+01  4.754655e+01 
  703.000  1.014806e+03  1.824700e+02  3.024846e+02  9.362473e+01  3.146649e+01  4.814191e+01 
  704.000  1.017760e+03  1.827998e+02  3.034989e+02  9.389655e+01  3.153077e+01  4.830335e+01 
  705.000  1.026933e+03  1.841339e+02  3.064422e+02  9.474165e+01  3.177240e+01  4.877180e+01 
  706.000  1.016043e+03  1.819026e+02  3.033778e+02  9.373603e+01  3.139764e+01  4.828408e+01 
  707.000  1.000489e+03  1.789059e+02  2.988741e+02  9.230030e+01  3.088819e+01  4.756730e+01 
  708.000  1.029311e+03  1.837789e+02  3.076704e+02  9.495827e+01  3.173983e+01  4.896727e+01 
  709.000  9.920131e+02  1.768568e+02  2.966959e+02  9.151645e+01  3.055398e+01  4.722061e+01 
  710.000  1.016034e+03  1.809771e+02  3.039875e+02  9.373184e+01  3.127175e+01  4.838111e+01 
  711.000  1.005109e+03  1.786020e+02  3.008285e+02  9.272251e+01  3.087512e+01  4.787834e+01 
  712.000  9.903990e+02  1.758036e+02  2.964613e+02  9.136486e+01  3.039715e+01  4.718328e+01 
  713.000  9.870267e+02  1.749370e+02  2.955034e+02  9.105286e+01  3.025571e+01  4.703083e+01 
  714.000  1.003980e+03  1.778698e+02  3.005929e+02  9.261656e+01  3.076520e+01  4.784084e+01 
  715.000  9.700714e+02  1.714743e+02  2.905150e+02  8.948714e+01  2.967117e+01  4.623690e+01 
  716.000  9.964994e+02  1.758459e+02  2.984872e+02  9.192406e+01  3.043701e+01  4.750572e+01 
  717.000  9.732822e+02  1.716109e+02  2.915593e+02  8.978185e+01  2.970830e+01  4.640310e+01 
  718.000  9.694521e+02  1.705344e+02  2.904888e+02  8.942717e+01  2.953451e+01  4.623273e+01 
  719.000  9.586913e+02  1.684600e+02  2.872991e+02  8.843392e+01  2.918092e+01  4.572508e+01 
  720.000  9.662559e+02  1.696398e+02  2.895948e+02  8.913120e+01  2.938997e+01  4.609044e+01 
  721.000  9.625252e+02  1.684799e+02  2.885732e+02  8.878535e+01  2.920481e+01  4.592786e+01 
  722.000  9.752692e+02  1.704723e+02  2.924395e+02  8.996007e+01  2.955764e+01  4.654320e+01 
  723.000  9.737072e+02  1.700217e+02  2.920051e+02  8.981538e+01  2.948507e+01  4.647406e+01 
  724.000  9.810601e+02  1.711966e+02  2.942310e+02  9.049326e+01  2.969221e+01  4.682832e+01 
  725.000  9.703689e+02  1.689130e+02  2.911043e+02  8.950566e+01  2.930921e+01  4.633070e+01 
  726.000  9.689054e+02  1.683332e+02  2.907273e+02  8.936959e+01  2.921876e+01  4.627069e+01 
  727.000  9.829709e+02  1.707480e+02  2.949533e+02  9.066686e+01  2.963881e+01  4.694328e+01 
  728.000  9.666018e+02  1.675386e+02  2.901113e+02  8.915578e+01  2.909315e+01  4.617264e+01 
  729.000  9.278890e+02  1.604983e+02  2.785551e+02  8.558395e+01  2.788091e+01  4.433342e+01 
  730.000  9.623984e+02  1.662480e+02  2.890339e+02  8.876617e+01  2.888741e+01  4.600118e+01 
  731.000  9.467153e+02  1.633802e+02  2.845896e+02  8.731907e+01  2.839666e+01  4.529385e+01 
  732.000  9.636088e+02  1.661509e+02  2.899103e+02  8.887669e+01  2.888512e+01  4.614065e+01 
  733.000  9.481048e+02  1.631483e+02  2.857968e+02  8.744551e+01  2.837879e+01  4.548597e+01 
  734.000  9.672615e+02  1.661479e+02  2.920680e+02  8.921131e+01  2.891468e+01  4.648406e+01 
  735.000  9.598980e+02  1.647086e+02  2.901362e+02  8.853154e+01  2.867249e+01  4.617661e+01 
  736.000  9.426590e+02  1.616103e+02  2.851600e+02  8.694108e+01  2.813980e+01  4.538462e+01 
  737.000  9.550113e+02  1.633696e+02  2.894953e+02  8.807903e+01  2.846315e+01  4.607461e+01 
  738.000  9.520379e+02  1.626528e+02  2.889415e+02  8.780405e+01  2.834814e+01  4.598647e+01 
  739.000  9.211549e+02  1.571673e+02  2.799176e+02  8.495504e+01  2.740203e+01  4.455027e+01 
  740.000  9.293788e+02  1.584463e+02  2.826238e+02  8.571306e+01  2.763090e+01  4.498098e+01 
  741.000  9.217819e+02  1.569732e+02  2.805399e+02  8.501180e+01  2.738168e+01  4.464931e+01 
  742.000  9.069401e+02  1.538978e+02  2.763813e+02  8.364116e+01  2.686509e+01  4.398744e+01 
  743.000  9.334214e+02  1.581930e+02  2.845808e+02  8.608270e+01  2.762207e+01  4.529245e+01 
  744.000  9.422058e+02  1.594807e+02  2.873903e+02  8.689214e+01  2.785421e+01  4.573959e+01 
  745.000  9.177025e+02  1.551389e+02  2.800433e+02  8.463174e+01  2.710292e+01  4.457027e+01 
  746.000  9.306260e+02  1.570111e+02  2.841910e+02  8.582250e+01  2.744131e+01  4.523040e+01 
  747.000  9.453069e+02  1.592124e+02  2.888540e+02  8.717546e+01  2.783602e+01  4.597255e+01 
  748.000  9.277685e+02  1.561335e+02  2.835764e+02  8.555766e+01  2.730225e+01  4.513258e+01 
  749.000  9.279731e+02  1.560129e+02  2.837401e+02  8.557601e+01  2.728677e+01  4.515863e+01 
  750.000  9.146030e+02  1.535419e+02  2.797974e+02  8.434229e+01  2.686266e+01  4.453114e+01 
  751.000  9.123231e+02  1.529917e+02  2.791596e+02  8.413148e+01  2.677191e+01  4.442963e+01 
  752.000  9.264908e+02  1.548762e+02  2.835848e+02  8.543641e+01  2.711693e+01  4.513393e+01 
  753.000  9.177372e+02  1.532693e+02  2.809318e+02  8.462872e+01  2.684005e+01  4.471169e+01 
  754.000  9.321893e+02  1.554647e+02  2.853958e+02  8.596070e+01  2.723127e+01  4.542215e+01 
  755.000  9.269614e+02  1.543661e+02  2.838367e+02  8.547789e+01  2.704588e+01  4.517402e+01 
  756.000  9.088815e+02  1.511867e+02  2.783315e+02  8.381015e+01  2.649406e+01  4.429783e+01 
  757.000  9.156268e+02  1.521377e+02  2.804284e+02  8.443159e+01  2.666602e+01  4.463156e+01 
  758.000  9.155944e+02  1.516688e+02  2.805032e+02  8.442712e+01  2.659818e+01  4.464347e+01 
  759.000  9.013645e+02  1.490737e+02  2.761872e+02  8.311421e+01  2.615045e+01  4.395655e+01 
  760.000  9.096241e+02  1.502525e+02  2.787522e+02  8.387523e+01  2.636304e+01  4.436478e+01 
  761.000  9.102885e+02  1.501428e+02  2.789958e+02  8.393578e+01  2.635058e+01  4.440356e+01 
  762.000  8.856619e+02  1.458830e+02  2.714840e+02  8.166437e+01  2.560911e+01  4.320802e+01 
  763.000  9.129952e+02  1.501599e+02  2.799036e+02  8.418399e+01  2.636686e+01  4.454805e+01 
  764.000  9.147075e+02  1.500572e+02  2.804985e+02  8.434064e+01  2.636071e+01  4.464272e+01 
  765.000  9.148571e+02  1.499161e+02  2.805745e+02  8.435392e+01  2.634105e+01  4.465482e+01 
  766.000  8.628953e+02  1.412024e+02  2.646746e+02  7.956218e+01  2.481615e+01  4.212428e+01 
  767.000  8.696602e+02  1.420724e+02  2.667927e+02  8.018515e+01  2.497637e+01  4.246138e+01 
  768.000  8.994276e+02  1.467701e+02  2.759547e+02  8.292928e+01  2.580733e+01  4.391955e+01 
  769.000  8.929944e+02  1.453904e+02  2.740408e+02  8.233509e+01  2.557492e+01  4.361495e+01 
  770.000  8.857462e+02  1.441461e+02  2.718281e+02  8.166660e+01  2.535803e+01  4.326279e+01 
  771.000  8.852134e+02  1.438821e+02  2.717131e+02  8.161691e+01  2.531723e+01  4.324448e+01 
  772.000  8.819194e+02  1.427675e+02  2.710775e+02  8.131133e+01  2.514183e+01  4.314331e+01 
  773.000  8.783041e+02  1.419954e+02  2.700873e+02  8.097740e+01  2.501254e+01  4.298573e+01 
  774.000  8.874392e+02  1.433215e+02  2.729940e+02  8.181915e+01  2.525153e+01  4.344835e+01 
  775.000  8.539972e+02  1.378079e+02  2.627795e+02  7.873553e+01  2.428414e+01  4.182266e+01 
  776.000  8.892367e+02  1.432682e+02  2.737693e+02  8.198376e+01  2.525442e+01  4.357174e+01 
  777.000  8.833260e+02  1.420181e+02  2.721423e+02  8.143788e+01  2.504469e+01  4.331279e+01 
  778.000  8.788123e+02  1.411030e+02  2.708742e+02  8.102113e+01  2.489008e+01  4.311096e+01 
  779.000  8.819448e+02  1.413791e+02  2.719863e+02  8.130920e+01  2.494689e+01  4.328796e+01 
  780.000  8.712711e+02  1.394809e+02  2.688155e+02  8.032456e+01  2.461862e+01  4.278331e+01 
  781.000  8.700074e+02  1.389145e+02  2.683732e+02  8.020695e+01  2.452861e+01  4.271293e+01 
  782.000  8.808406e+02  1.403343e+02  2.716325e+02  8.120473e+01  2.478738e+01  4.323166e+01 
  783.000  8.604673e+02  1.369213e+02  2.653053e+02  7.932602e+01  2.418889e+01  4.222466e+01 
  784.000  8.656186e+02  1.375549e+02  2.668441e+02  7.980035e+01  2.430567e+01  4.246956e+01 
  785.000  8.686874e+02  1.378539e+02  2.677400e+02  8.008270e+01  2.436341e+01  4.261214e+01 
  786.000  8.547195e+02  1.354609e+02  2.633880e+02  7.879449e+01  2.394509e+01  4.191950e+01 
  787.000  8.694322e+02  1.374713e+02  2.678363e+02  8.014985e+01  2.430881e+01  4.262748e+01 
  788.000  8.573773e+02  1.354869e+02  2.641019e+02  7.903831e+01  2.395995e+01  4.203312e+01 
  789.000  8.658085e+02  1.364745e+02  2.666073e+02  7.981451e+01  2.414356e+01  4.243186e+01 
  790.000  8.574304e+02  1.350135e+02  2.639901e+02  7.904176e+01  2.388875e+01  4.201533e+01 
  791.000  8.527513e+02  1.339888e+02  2.624729e+02  7.860956e+01  2.371490e+01  4.177385e+01 
  792.000  8.389827e+02  1.316124e+02  2.581783e+02  7.733968e+01  2.329984e+01  4.109035e+01 
  793.000  8.371858e+02  1.311689e+02  2.575824e+02  7.717357e+01  2.322553e+01  4.099551e+01 
  794.000  8.265472e+02  1.290211e+02  2.541812e+02  7.619144e+01  2.285769e+01  4.045419e+01 
  795.000  8.237581e+02  1.284006e+02  2.532742e+02  7.593380e+01  2.275255e+01  4.030984e+01 
  796.000  8.419873e+02  1.310199e+02  2.588199e+02  7.761352e+01  2.322246e+01  4.119247e+01 
  797.000  8.463522e+02  1.314992e+02  2.601085e+02  7.801526e+01  2.331259e+01  4.139755e+01 
  798.000  8.445130e+02  1.309953e+02  2.594852e+02  7.784509e+01  2.322890e+01  4.129835e+01 
  799.000  8.445327e+02  1.308967e+02  2.594642e+02  7.784660e+01  2.321406e+01  4.129501e+01 
