  291.000  3.625937e+02  1.629002e+02  3.809110e+01  3.397420e+01  2.248013e+01  6.062387e+00 
  292.000  3.985537e+02  1.793619e+02  4.218556e+01  3.733772e+01  2.479659e+01  6.714040e+00 
  293.000  3.091476e+02  1.393664e+02  3.297001e+01  2.895734e+01  1.930231e+01  5.247339e+00 
  294.000  3.281786e+02  1.482036e+02  3.526486e+01  3.073512e+01  2.056383e+01  5.612577e+00 
  295.000  2.908288e+02  1.315386e+02  3.145866e+01  2.723343e+01  1.828090e+01  5.006802e+00 
  296.000  4.006159e+02  1.815155e+02  4.366314e+01  3.750809e+01  2.527329e+01  6.949204e+00 
  297.000  2.171297e+02  9.853367e+01  2.382220e+01  2.032621e+01  1.374169e+01  3.791421e+00 
  298.000  3.556967e+02  1.617071e+02  3.932165e+01  3.329267e+01  2.259424e+01  6.258235e+00 
  299.000  3.515206e+02  1.601001e+02  3.915572e+01  3.289663e+01  2.241190e+01  6.231827e+00 
  300.000  2.836875e+02  1.294100e+02  3.180882e+01  2.654491e+01  1.814558e+01  5.062530e+00 
  301.000  4.140628e+02  1.885014e+02  4.645502e+01  3.874158e+01  2.644301e+01  7.393547e+00 
  302.000  2.925883e+02  1.328900e+02  3.284889e+01  2.737370e+01  1.865139e+01  5.228064e+00 
  303.000  4.242736e+02  1.923036e+02  4.766187e+01  3.969103e+01  2.700243e+01  7.585622e+00 
  304.000  3.792530e+02  1.715417e+02  4.263010e+01  3.547684e+01  2.409812e+01  6.784791e+00 
  305.000  4.266428e+02  1.925739e+02  4.798605e+01  3.990708e+01  2.706515e+01  7.637218e+00 
  306.000  3.664892e+02  1.650244e+02  4.124906e+01  3.427770e+01  2.320552e+01  6.564991e+00 
  307.000  4.003005e+02  1.798664e+02  4.508213e+01  3.743742e+01  2.530442e+01  7.175045e+00 
  308.000  4.206427e+02  1.886024e+02  4.740218e+01  3.933710e+01  2.654595e+01  7.544291e+00 
  309.000  3.853322e+02  1.723977e+02  4.344981e+01  3.603242e+01  2.427666e+01  6.915252e+00 
  310.000  3.159911e+02  1.410683e+02  3.566286e+01  2.954623e+01  1.987458e+01  5.675920e+00 
  311.000  5.490109e+02  2.445909e+02  6.232401e+01  5.133068e+01  3.448090e+01  9.919175e+00 
  312.000  3.972152e+02  1.766495e+02  4.531796e+01  3.713601e+01  2.491630e+01  7.212578e+00 
  313.000  4.449744e+02  1.974756e+02  5.106339e+01  4.159805e+01  2.787137e+01  8.126991e+00 
  314.000  4.379006e+02  1.939270e+02  5.054507e+01  4.093381e+01  2.738793e+01  8.044498e+00 
  315.000  4.455716e+02  1.969053e+02  5.173065e+01  4.164785e+01  2.782638e+01  8.233190e+00 
  316.000  3.346268e+02  1.476059e+02  3.904417e+01  3.127582e+01  2.087100e+01  6.214072e+00 
  317.000  4.519620e+02  1.989335e+02  5.304224e+01  4.223944e+01  2.814689e+01  8.441936e+00 
  318.000  4.185335e+02  1.838196e+02  4.940527e+01  3.911242e+01  2.602551e+01  7.863093e+00 
  319.000  4.072090e+02  1.785104e+02  4.830834e+01  3.805174e+01  2.528815e+01  7.688510e+00 
  320.000  4.488126e+02  1.963142e+02  5.355214e+01  4.193630e+01  2.782882e+01  8.523088e+00 
  321.000  4.482186e+02  1.956749e+02  5.368785e+01  4.187815e+01  2.775330e+01  8.544686e+00 
  322.000  4.359315e+02  1.898778e+02  5.245164e+01  4.072710e+01  2.694833e+01  8.347938e+00 
  323.000  3.504446e+02  1.523424e+02  4.232891e+01  3.273837e+01  2.163311e+01  6.736854e+00 
  324.000  4.052330e+02  1.757525e+02  4.916772e+01  3.785385e+01  2.497367e+01  7.825286e+00 
  325.000  4.923367e+02  2.131037e+02  5.996759e+01  4.598747e+01  3.029816e+01  9.544139e+00 
  326.000  6.146219e+02  2.654987e+02  7.515237e+01  5.740602e+01  3.776887e+01  1.196087e+01 
  327.000  6.105944e+02  2.632248e+02  7.494955e+01  5.702617e+01  3.746677e+01  1.192859e+01 
  328.000  5.497582e+02  2.364342e+02  6.778774e+01  5.134053e+01  3.367609e+01  1.078875e+01 
  329.000  5.854569e+02  2.512690e+02  7.247002e+01  5.467079e+01  3.580986e+01  1.153396e+01 
  330.000  6.104532e+02  2.614539e+02  7.585844e+01  5.700126e+01  3.728320e+01  1.207325e+01 
  331.000  5.230105e+02  2.235423e+02  6.531921e+01  4.883309e+01  3.189690e+01  1.039587e+01 
  332.000  5.456157e+02  2.327213e+02  6.848501e+01  5.094038e+01  3.322750e+01  1.089973e+01 
  333.000  6.150906e+02  2.618071e+02  7.759345e+01  5.742300e+01  3.740401e+01  1.234938e+01 
  334.000  5.321867e+02  2.260438e+02  6.747246e+01  4.968007e+01  3.231518e+01  1.073858e+01 
  335.000  5.537224e+02  2.346931e+02  7.055545e+01  5.168703e+01  3.357327e+01  1.122925e+01 
  336.000  4.146801e+02  1.753857e+02  5.310395e+01  3.870562e+01  2.510551e+01  8.451756e+00 
  337.000  4.060583e+02  1.713700e+02  5.226086e+01  3.789836e+01  2.454673e+01  8.317574e+00 
  338.000  4.918611e+02  2.071502e+02  6.362321e+01  4.590405e+01  2.968576e+01  1.012595e+01 
  339.000  4.914007e+02  2.065246e+02  6.388434e+01  4.585865e+01  2.960958e+01  1.016751e+01 
  340.000  5.626472e+02  2.360538e+02  7.345403e+01  5.250521e+01  3.385614e+01  1.169057e+01 
  341.000  4.719263e+02  1.975737e+02  6.192103e+01  4.403696e+01  2.835020e+01  9.855040e+00 
  342.000  4.942994e+02  2.064991e+02  6.518356e+01  4.612220e+01  2.964471e+01  1.037429e+01 
  343.000  4.995531e+02  2.082455e+02  6.620840e+01  4.660991e+01  2.990943e+01  1.053739e+01 
  344.000  4.571115e+02  1.902094e+02  6.083771e+01  4.264806e+01  2.732974e+01  9.682623e+00 
  345.000  5.836257e+02  2.423241e+02  7.806705e+01  5.444877e+01  3.483425e+01  1.242476e+01 
  346.000  6.476922e+02  2.684327e+02  8.700026e+01  6.042305e+01  3.860277e+01  1.384652e+01 
  347.000  6.178317e+02  2.554909e+02  8.340729e+01  5.763424e+01  3.675935e+01  1.327468e+01 
  348.000  5.835793e+02  2.408785e+02  7.911368e+01  5.443653e+01  3.467098e+01  1.259133e+01 
  349.000  6.411934e+02  2.640654e+02  8.736186e+01  5.980751e+01  3.802699e+01  1.390407e+01 
  350.000  6.576915e+02  2.703496e+02  8.998549e+01  6.134357e+01  3.894793e+01  1.432164e+01 
  351.000  6.265840e+02  2.569672e+02  8.606891e+01  5.843891e+01  3.703703e+01  1.369829e+01 
  352.000  6.451874e+02  2.640824e+02  8.891124e+01  6.017119e+01  3.807719e+01  1.415066e+01 
  353.000  5.896692e+02  2.407913e+02  8.157653e+01  5.499042e+01  3.473505e+01  1.298331e+01 
  354.000  6.827987e+02  2.782709e+02  9.476672e+01  6.367238e+01  4.015726e+01  1.508259e+01 
  355.000  6.945000e+02  2.824777e+02  9.670365e+01  6.476054e+01  4.078035e+01  1.539086e+01 
  356.000  6.592453e+02  2.674948e+02  9.215269e+01  6.146965e+01  3.863563e+01  1.466656e+01 
  357.000  4.233417e+02  1.714285e+02  5.936930e+01  3.947157e+01  2.477015e+01  9.448917e+00 
  358.000  4.618587e+02  1.866461e+02  6.498171e+01  4.306079e+01  2.697979e+01  1.034216e+01 
  359.000  4.664671e+02  1.881232e+02  6.584388e+01  4.348840e+01  2.720430e+01  1.047938e+01 
  360.000  6.943934e+02  2.794681e+02  9.833620e+01  6.473473e+01  4.043001e+01  1.565069e+01 
  361.000  5.512349e+02  2.213923e+02  7.831756e+01  5.138634e+01  3.204143e+01  1.246463e+01 
  362.000  6.052786e+02  2.424890e+02  8.633302e+01  5.642109e+01  3.511205e+01  1.374033e+01 
  363.000  6.448575e+02  2.578017e+02  9.227895e+01  6.010756e+01  3.734481e+01  1.468665e+01 
  364.000  6.451493e+02  2.573718e+02  9.262273e+01  6.013187e+01  3.729814e+01  1.474136e+01 
  365.000  6.057674e+02  2.411454e+02  8.725351e+01  5.645851e+01  3.496134e+01  1.388683e+01 
  366.000  8.335620e+02  3.311133e+02  1.204580e+02  7.768558e+01  4.802528e+01  1.917149e+01 
  367.000  7.479804e+02  2.964749e+02  1.084452e+02  6.970623e+01  4.301963e+01  1.725959e+01 
  368.000  7.073475e+02  2.797582e+02  1.028907e+02  6.591633e+01  4.061143e+01  1.637557e+01 
  369.000  6.821667e+02  2.693256e+02  9.948864e+01  6.356730e+01  3.911050e+01  1.583411e+01 
  370.000  7.867214e+02  3.099189e+02  1.151144e+02  7.330659e+01  4.502492e+01  1.832102e+01 
  371.000  6.300231e+02  2.476456e+02  9.257398e+01  5.870257e+01  3.599485e+01  1.473361e+01 
  372.000  6.649408e+02  2.607945e+02  9.812296e+01  6.195299e+01  3.792414e+01  1.561676e+01 
  373.000  6.643245e+02  2.599741e+02  9.845164e+01  6.189249e+01  3.782302e+01  1.566907e+01 
  374.000  5.157334e+02  2.013735e+02  7.675788e+01  4.804647e+01  2.931155e+01  1.221640e+01 
  375.000  4.734259e+02  1.845209e+02  7.070232e+01  4.410328e+01  2.686901e+01  1.125262e+01 
  376.000  6.788063e+02  2.639694e+02  1.018081e+02  6.323289e+01  3.845677e+01  1.620326e+01 
  377.000  6.962255e+02  2.701248e+02  1.048676e+02  6.485229e+01  3.937299e+01  1.669019e+01 
  378.000  9.025735e+02  3.495404e+02  1.364136e+02  8.406991e+01  5.096877e+01  2.171090e+01 
  379.000  6.963319e+02  2.690449e+02  1.056930e+02  6.485634e+01  3.925083e+01  1.682156e+01 
  380.000  6.530733e+02  2.517431e+02  9.955992e+01  6.082415e+01  3.674534e+01  1.584545e+01 
  381.000  7.331682e+02  2.821034e+02  1.123310e+02  6.828105e+01  4.119606e+01  1.787803e+01 
  382.000  5.476696e+02  2.102460e+02  8.443577e+01  5.100269e+01  3.072063e+01  1.343837e+01 
  383.000  3.816023e+02  1.461561e+02  5.920055e+01  3.553557e+01  2.136860e+01  9.422060e+00 
  384.000  4.197291e+02  1.604601e+02  6.544037e+01  3.908442e+01  2.347108e+01  1.041516e+01 
  385.000  6.313017e+02  2.407786e+02  9.904021e+01  5.878265e+01  3.524065e+01  1.576274e+01 
  386.000  4.896406e+02  1.863971e+02  7.719813e+01  4.559023e+01  2.729447e+01  1.228646e+01 
  387.000  5.615553e+02  2.132667e+02  8.908632e+01  5.228349e+01  3.124799e+01  1.417853e+01 
  388.000  5.555264e+02  2.105738e+02  8.856681e+01  5.172001e+01  3.086851e+01  1.409585e+01 
  389.000  6.320247e+02  2.391100e+02  1.012617e+02  5.883963e+01  3.506893e+01  1.611630e+01 
  390.000  7.651205e+02  2.887643e+02  1.233611e+02  7.122676e+01  4.237789e+01  1.963353e+01 
  391.000  8.544163e+02  3.218669e+02  1.387645e+02  7.953619e+01  4.726394e+01  2.208506e+01 
  392.000  7.579007e+02  2.849751e+02  1.239854e+02  7.054875e+01  4.187164e+01  1.973288e+01 
  393.000  4.056159e+02  1.521553e+02  6.695663e+01  3.775454e+01  2.237312e+01  1.065648e+01 
  394.000  4.479918e+02  1.677329e+02  7.448562e+01  4.169712e+01  2.467859e+01  1.185476e+01 
  395.000  7.505621e+02  2.804825e+02  1.256903e+02  6.985609e+01  4.129257e+01  2.000423e+01 
  396.000  7.711856e+02  2.874699e+02  1.303475e+02  7.177159e+01  4.235497e+01  2.074545e+01 
  397.000  3.132583e+02  1.165410e+02  5.333231e+01  2.915261e+01  1.718160e+01  8.488102e+00 
  398.000  8.747214e+02  3.247968e+02  1.499643e+02  8.140038e+01  4.791392e+01  2.386755e+01 
  399.000  1.046712e+03  3.879530e+02  1.806290e+02  9.740172e+01  5.726379e+01  2.874800e+01 
  400.000  1.026429e+03  3.796009e+02  1.785197e+02  9.550979e+01  5.607006e+01  2.841229e+01 
  401.000  1.017598e+03  3.754474e+02  1.784613e+02  9.468325e+01  5.549811e+01  2.840300e+01 
  402.000  1.075510e+03  3.960586e+02  1.898737e+02  1.000676e+02  5.858022e+01  3.021934e+01 
  403.000  1.004657e+03  3.691862e+02  1.786621e+02  9.347104e+01  5.464212e+01  2.843496e+01 
  404.000  1.076704e+03  3.949057e+02  1.927293e+02  1.001701e+02  5.848420e+01  3.067382e+01 
  405.000  9.848906e+02  3.604076e+02  1.776602e+02  9.162386e+01  5.341370e+01  2.827550e+01 
  406.000  9.747838e+02  3.560947e+02  1.768549e+02  9.068034e+01  5.280329e+01  2.814732e+01 
  407.000  9.470331e+02  3.451215e+02  1.732033e+02  8.809432e+01  5.121524e+01  2.756616e+01 
  408.000  1.023230e+03  3.722093e+02  1.882634e+02  9.517861e+01  5.526685e+01  2.996305e+01 
  409.000  1.129759e+03  4.100433e+02  2.093783e+02  1.050828e+02  6.092749e+01  3.332358e+01 
  410.000  9.420925e+02  3.412628e+02  1.756992e+02  8.762375e+01  5.073877e+01  2.796340e+01 
  411.000  1.103647e+03  3.987654e+02  2.069500e+02  1.026447e+02  5.932728e+01  3.293712e+01 
  412.000  1.140713e+03  4.112505e+02  2.148560e+02  1.060874e+02  6.121891e+01  3.419539e+01 
  413.000  1.074810e+03  3.867277e+02  2.032464e+02  9.995454e+01  5.759716e+01  3.234766e+01 
  414.000  1.052620e+03  3.777940e+02  2.000486e+02  9.788616e+01  5.630234e+01  3.183873e+01 
  415.000  1.119783e+03  4.010440e+02  2.137113e+02  1.041276e+02  5.979945e+01  3.401321e+01 
  416.000  1.110237e+03  3.966969e+02  2.128631e+02  1.032352e+02  5.918619e+01  3.387821e+01 
  417.000  1.073667e+03  3.829594e+02  2.065550e+02  9.983135e+01  5.716184e+01  3.287424e+01 
  418.000  1.047817e+03  3.729100e+02  2.024501e+02  9.742361e+01  5.569304e+01  3.222094e+01 
  419.000  1.071189e+03  3.801925e+02  2.080497e+02  9.959154e+01  5.681963e+01  3.311213e+01 
  420.000  9.045820e+02  3.203550e+02  1.764215e+02  8.409811e+01  4.790338e+01  2.807836e+01 
  421.000  1.130781e+03  3.995252e+02  2.213431e+02  1.051230e+02  5.977452e+01  3.522785e+01 
  422.000  1.080959e+03  3.811612e+02  2.122443e+02  1.004877e+02  5.705352e+01  3.377974e+01 
  423.000  9.109127e+02  3.204343e+02  1.795129e+02  8.467609e+01  4.799039e+01  2.857037e+01 
  424.000  9.997723e+02  3.508524e+02  1.977446e+02  9.293217e+01  5.257528e+01  3.147204e+01 
  425.000  1.033358e+03  3.616873e+02  2.052019e+02  9.604943e+01  5.423204e+01  3.265889e+01 
  426.000  9.910952e+02  3.462738e+02  1.973407e+02  9.211817e+01  5.194257e+01  3.140774e+01 
  427.000  9.514525e+02  3.315457e+02  1.901971e+02  8.842930e+01  4.976387e+01  3.027081e+01 
  428.000  9.615231e+02  3.342360e+02  1.929094e+02  8.936132e+01  5.019622e+01  3.070249e+01 
  429.000  8.729807e+02  3.028104e+02  1.756973e+02  8.112933e+01  4.549924e+01  2.796310e+01 
  430.000  6.952905e+02  2.405895e+02  1.404158e+02  6.461311e+01  3.617028e+01  2.234787e+01 
  431.000  6.238219e+02  2.154563e+02  1.261834e+02  5.796968e+01  3.240365e+01  2.008271e+01 
  432.000  1.120879e+03  3.860717e+02  2.272525e+02  1.041546e+02  5.809471e+01  3.616836e+01 
  433.000  9.959661e+02  3.421310e+02  2.023826e+02  9.254315e+01  5.150971e+01  3.221019e+01 
  434.000  9.448042e+02  3.238604e+02  1.923320e+02  8.778608e+01  4.877954e+01  3.061059e+01 
  435.000  1.026178e+03  3.507784e+02  2.093813e+02  9.534238e+01  5.286271e+01  3.332407e+01 
  436.000  1.135737e+03  3.874237e+02  2.321350e+02  1.055178e+02  5.840902e+01  3.694544e+01 
  437.000  1.144874e+03  3.893992e+02  2.345679e+02  1.063614e+02  5.874060e+01  3.733264e+01 
  438.000  1.023626e+03  3.475238e+02  2.100408e+02  9.509429e+01  5.244254e+01  3.342902e+01 
  439.000  9.889917e+02  3.348098e+02  2.034065e+02  9.187239e+01  5.055223e+01  3.237315e+01 
  440.000  1.106589e+03  3.737716e+02  2.280122e+02  1.027927e+02  5.646013e+01  3.628926e+01 
  441.000  1.100974e+03  3.712567e+02  2.271605e+02  1.022683e+02  5.609857e+01  3.615372e+01 
  442.000  1.157913e+03  3.893200e+02  2.394692e+02  1.075521e+02  5.886166e+01  3.811271e+01 
  443.000  1.163884e+03  3.903870e+02  2.411674e+02  1.081024e+02  5.905086e+01  3.838299e+01 
  444.000  1.154847e+03  3.861725e+02  2.398775e+02  1.072577e+02  5.844844e+01  3.817768e+01 
  445.000  1.212975e+03  4.047176e+02  2.523900e+02  1.126523e+02  6.128175e+01  4.016911e+01 
  446.000  1.078221e+03  3.589584e+02  2.247428e+02  1.001337e+02  5.437662e+01  3.576893e+01 
  447.000  1.227968e+03  4.077781e+02  2.564630e+02  1.140360e+02  6.180270e+01  4.081736e+01 
  448.000  1.246427e+03  4.127809e+02  2.608707e+02  1.157451e+02  6.259436e+01  4.151886e+01 
  449.000  1.252659e+03  4.139297e+02  2.626234e+02  1.163197e+02  6.279574e+01  4.179781e+01 
  450.000  1.277985e+03  4.211010e+02  2.685024e+02  1.186661e+02  6.391898e+01  4.273349e+01 
  451.000  1.378911e+03  4.533102e+02  2.900420e+02  1.280328e+02  6.883647e+01  4.616162e+01 
  452.000  1.279781e+03  4.199001e+02  2.694539e+02  1.188249e+02  6.378540e+01  4.288492e+01 
  453.000  1.186398e+03  3.881819e+02  2.501373e+02  1.101497e+02  5.899656e+01  3.981059e+01 
  454.000  1.263462e+03  4.120112e+02  2.668278e+02  1.172985e+02  6.265588e+01  4.246696e+01 
  455.000  1.270553e+03  4.134650e+02  2.685991e+02  1.179531e+02  6.290034e+01  4.274887e+01 
  456.000  1.299923e+03  4.219769e+02  2.751414e+02  1.206751e+02  6.422375e+01  4.379011e+01 
  457.000  1.305748e+03  4.228485e+02  2.766988e+02  1.212114e+02  6.438418e+01  4.403798e+01 
  458.000  1.281818e+03  4.136232e+02  2.720972e+02  1.189836e+02  6.301973e+01  4.330562e+01 
  459.000  1.280104e+03  4.123176e+02  2.719724e+02  1.188212e+02  6.284134e+01  4.328576e+01 
  460.000  1.267708e+03  4.072809e+02  2.696699e+02  1.176660e+02  6.210215e+01  4.291929e+01 
  461.000  1.312375e+03  4.205883e+02  2.796766e+02  1.218073e+02  6.416232e+01  4.451192e+01 
  462.000  1.289921e+03  4.122102e+02  2.754641e+02  1.197180e+02  6.291940e+01  4.384147e+01 
  463.000  1.288868e+03  4.110313e+02  2.756474e+02  1.196167e+02  6.276456e+01  4.387065e+01 
  464.000  1.291284e+03  4.107150e+02  2.766895e+02  1.198360e+02  6.274863e+01  4.403650e+01 
  465.000  1.270434e+03  4.032734e+02  2.726133e+02  1.178975e+02  6.163586e+01  4.338775e+01 
  466.000  1.309369e+03  4.140351e+02  2.817392e+02  1.215038e+02  6.332827e+01  4.484019e+01 
  467.000  1.261516e+03  3.978472e+02  2.719522e+02  1.170587e+02  6.088378e+01  4.328254e+01 
  468.000  1.334105e+03  4.197310e+02  2.880865e+02  1.237900e+02  6.426282e+01  4.585038e+01 
  469.000  1.321218e+03  4.147958e+02  2.857273e+02  1.225904e+02  6.353351e+01  4.547491e+01 
  470.000  1.302311e+03  4.076646e+02  2.821788e+02  1.208309e+02  6.247642e+01  4.491015e+01 
  471.000  1.299369e+03  4.056058e+02  2.817109e+02  1.205532e+02  6.218936e+01  4.483569e+01 
  472.000  1.314836e+03  4.093344e+02  2.852279e+02  1.219835e+02  6.278857e+01  4.539544e+01 
  473.000  1.300473e+03  4.038046e+02  2.822695e+02  1.206466e+02  6.196684e+01  4.492459e+01 
  474.000  1.310996e+03  4.060740e+02  2.847019e+02  1.216187e+02  6.234010e+01  4.531171e+01 
  475.000  1.364901e+03  4.215369e+02  2.965910e+02  1.266142e+02  6.474487e+01  4.720392e+01 
  476.000  1.324593e+03  4.077922e+02  2.880240e+02  1.228696e+02  6.266628e+01  4.584045e+01 
  477.000  1.313281e+03  4.033510e+02  2.857059e+02  1.218163e+02  6.200783e+01  4.547151e+01 
  478.000  1.375978e+03  4.218187e+02  2.994622e+02  1.276287e+02  6.486670e+01  4.766090e+01 
  479.000  1.310142e+03  4.006569e+02  2.852782e+02  1.215179e+02  6.163703e+01  4.540343e+01 
  480.000  1.332358e+03  4.062385e+02  2.902942e+02  1.235735e+02  6.252614e+01  4.620176e+01 
  481.000  1.321222e+03  4.016190e+02  2.883989e+02  1.225355e+02  6.185097e+01  4.590011e+01 
  482.000  1.346063e+03  4.080249e+02  2.943678e+02  1.248345e+02  6.287176e+01  4.685009e+01 
  483.000  1.345277e+03  4.065527e+02  2.947843e+02  1.247564e+02  6.268184e+01  4.691638e+01 
  484.000  1.291733e+03  3.893741e+02  2.835262e+02  1.197867e+02  6.006311e+01  4.512459e+01 
  485.000  1.299779e+03  3.907573e+02  2.857881e+02  1.205285e+02  6.030768e+01  4.548459e+01 
  486.000  1.052329e+03  3.158377e+02  2.316310e+02  9.758022e+01  4.876075e+01  3.686521e+01 
  487.000  1.181492e+03  3.534938e+02  2.605884e+02  1.095526e+02  5.460754e+01  4.147394e+01 
  488.000  1.281498e+03  3.822832e+02  2.831823e+02  1.188208e+02  5.908882e+01  4.506987e+01 
  489.000  1.190029e+03  3.539772e+02  2.634529e+02  1.103355e+02  5.474419e+01  4.192982e+01 
  490.000  1.353439e+03  4.014008e+02  3.001603e+02  1.254814e+02  6.211352e+01  4.777200e+01 
  491.000  1.265311e+03  3.745444e+02  2.808355e+02  1.173078e+02  5.797757e+01  4.469636e+01 
  492.000  1.215302e+03  3.586560e+02  2.700673e+02  1.126670e+02  5.554808e+01  4.298254e+01 
  493.000  1.308246e+03  3.848933e+02  2.910852e+02  1.212787e+02  5.964460e+01  4.632766e+01 
  494.000  1.263207e+03  3.705599e+02  2.813938e+02  1.170991e+02  5.745334e+01  4.478521e+01 
  495.000  1.349465e+03  3.949547e+02  3.008852e+02  1.250915e+02  6.126075e+01  4.788737e+01 
  496.000  1.314229e+03  3.835898e+02  2.933487e+02  1.218209e+02  5.952704e+01  4.668789e+01 
  497.000  1.274940e+03  3.709983e+02  2.849201e+02  1.181745e+02  5.760413e+01  4.534644e+01 
  498.000  1.244645e+03  3.613622e+02  2.783987e+02  1.153631e+02  5.613065e+01  4.430853e+01 
  499.000  1.241870e+03  3.593495e+02  2.781436e+02  1.151010e+02  5.585141e+01  4.426792e+01 
  500.000  1.236529e+03  3.567275e+02  2.773058e+02  1.146017e+02  5.547414e+01  4.413459e+01 
  501.000  1.208694e+03  3.479995e+02  2.715101e+02  1.120190e+02  5.413953e+01  4.321217e+01 
  502.000  1.201106e+03  3.446471e+02  2.705526e+02  1.113109e+02  5.365591e+01  4.305978e+01 
  503.000  1.272846e+03  3.642273e+02  2.873546e+02  1.179553e+02  5.673689e+01  4.573391e+01 
  504.000  1.184082e+03  3.382409e+02  2.676896e+02  1.097270e+02  5.270795e+01  4.260411e+01 
  505.000  1.277589e+03  3.636858e+02  2.896364e+02  1.183869e+02  5.671415e+01  4.609706e+01 
  506.000  1.367119e+03  3.878583e+02  3.107701e+02  1.266778e+02  6.052637e+01  4.946061e+01 
  507.000  1.271032e+03  3.597810e+02  2.894477e+02  1.177710e+02  5.617141e+01  4.606702e+01 
  508.000  1.218312e+03  3.437491e+02  2.781467e+02  1.128816e+02  5.370444e+01  4.426842e+01 
  509.000  1.312813e+03  3.695224e+02  3.002870e+02  1.216339e+02  5.776002e+01  4.779217e+01 
  510.000  1.271283e+03  3.568456e+02  2.914142e+02  1.177821e+02  5.581062e+01  4.638001e+01 
  511.000  1.271187e+03  3.556372e+02  2.917509e+02  1.177685e+02  5.565461e+01  4.643360e+01 
  512.000  1.333285e+03  3.722487e+02  3.062285e+02  1.235185e+02  5.827539e+01  4.873779e+01 
  513.000  1.220031e+03  3.392971e+02  2.806104e+02  1.130212e+02  5.315388e+01  4.466053e+01 
  514.000  1.193599e+03  3.313161e+02  2.747169e+02  1.105701e+02  5.192114e+01  4.372255e+01 
  515.000  1.218188e+03  3.369769e+02  2.807200e+02  1.128434e+02  5.284068e+01  4.467798e+01 
  516.000  1.279243e+03  3.529624e+02  2.950558e+02  1.184955e+02  5.537252e+01  4.695960e+01 
  517.000  9.426312e+02  2.590366e+02  2.177256e+02  8.731126e+01  4.066674e+01  3.465211e+01 
  518.000  1.166712e+03  3.200775e+02  2.696409e+02  1.080647e+02  5.026465e+01  4.291469e+01 
  519.000  1.105719e+03  3.021241e+02  2.559030e+02  1.024105e+02  4.747929e+01  4.072822e+01 
  520.000  1.217103e+03  3.319388e+02  2.818631e+02  1.127244e+02  5.218201e+01  4.485991e+01 
  521.000  1.218236e+03  3.309271e+02  2.827097e+02  1.128242e+02  5.206253e+01  4.499465e+01 
  522.000  1.266501e+03  3.433925e+02  2.942066e+02  1.172917e+02  5.404314e+01  4.682443e+01 
  523.000  1.180187e+03  3.190369e+02  2.745925e+02  1.092943e+02  5.023884e+01  4.370275e+01 
  524.000  1.280936e+03  3.451358e+02  2.985535e+02  1.186200e+02  5.438298e+01  4.751626e+01 
  525.000  1.270926e+03  3.416401e+02  2.965854e+02  1.176899e+02  5.385631e+01  4.720303e+01 
  526.000  1.211699e+03  3.245611e+02  2.832931e+02  1.122010e+02  5.119897e+01  4.508749e+01 
  527.000  1.059048e+03  2.827314e+02  2.480328e+02  9.806213e+01  4.462886e+01  3.947564e+01 
  528.000  1.272558e+03  3.387443e+02  2.984871e+02  1.178281e+02  5.350030e+01  4.750569e+01 
  529.000  1.309442e+03  3.474463e+02  3.076463e+02  1.212390e+02  5.490844e+01  4.896343e+01 
  530.000  1.237657e+03  3.277135e+02  2.910923e+02  1.145899e+02  5.181072e+01  4.632878e+01 
  531.000  1.348008e+03  3.556945e+02  3.174222e+02  1.248021e+02  5.626938e+01  5.051932e+01 
  532.000  1.286452e+03  3.384874e+02  3.032053e+02  1.190995e+02  5.357431e+01  4.825661e+01 
  533.000  1.129805e+03  2.964229e+02  2.665287e+02  1.045939e+02  4.694027e+01  4.241935e+01 
  534.000  1.228503e+03  3.211116e+02  2.901587e+02  1.137265e+02  5.088367e+01  4.618019e+01 
  535.000  1.252630e+03  3.267997e+02  2.960345e+02  1.159577e+02  5.180236e+01  4.711536e+01 
  536.000  1.328840e+03  3.455236e+02  3.143774e+02  1.230082e+02  5.480284e+01  5.003472e+01 
  537.000  1.232826e+03  3.192876e+02  2.920261e+02  1.141157e+02  5.067722e+01  4.647740e+01 
  538.000  1.290189e+03  3.332727e+02  3.058629e+02  1.194222e+02  5.292137e+01  4.867960e+01 
  539.000  1.285808e+03  3.311443e+02  3.051088e+02  1.190129e+02  5.261138e+01  4.855957e+01 
  540.000  1.258307e+03  3.230525e+02  2.988710e+02  1.164637e+02  5.135410e+01  4.756680e+01 
  541.000  1.153758e+03  2.954071e+02  2.745326e+02  1.067840e+02  4.698558e+01  4.369321e+01 
  542.000  1.287028e+03  3.285676e+02  3.068392e+02  1.191150e+02  5.229123e+01  4.883498e+01 
  543.000  1.231256e+03  3.132889e+02  2.941858e+02  1.139492e+02  4.989355e+01  4.682111e+01 
  544.000  1.298943e+03  3.294784e+02  3.109962e+02  1.202095e+02  5.250551e+01  4.949659e+01 
  545.000  1.279930e+03  3.237117e+02  3.070265e+02  1.184465e+02  5.161731e+01  4.886478e+01 
  546.000  1.251727e+03  3.157492e+02  3.007723e+02  1.158334e+02  5.037471e+01  4.786940e+01 
  547.000  1.305381e+03  3.281990e+02  3.143323e+02  1.207944e+02  5.239631e+01  5.002753e+01 
  548.000  1.212047e+03  3.033220e+02  2.927247e+02  1.121523e+02  4.847071e+01  4.658858e+01 
  549.000  1.275564e+03  3.187054e+02  3.083796e+02  1.180278e+02  5.094569e+01  4.908014e+01 
  550.000  1.248469e+03  3.107781e+02  3.025866e+02  1.155163e+02  4.971705e+01  4.815816e+01 
  551.000  1.241180e+03  3.085672e+02  3.013993e+02  1.148400e+02  4.938205e+01  4.796918e+01 
  552.000  1.295407e+03  3.214621e+02  3.154247e+02  1.198546e+02  5.147335e+01  5.020139e+01 
  553.000  1.245600e+03  3.083314e+02  3.044225e+02  1.152427e+02  4.940716e+01  4.845035e+01 
  554.000  1.287065e+03  3.180287e+02  3.153837e+02  1.190765e+02  5.098778e+01  5.019488e+01 
  555.000  1.291483e+03  3.185454e+02  3.173046e+02  1.194825e+02  5.109771e+01  5.050059e+01 
  556.000  1.256665e+03  3.094545e+02  3.094836e+02  1.162590e+02  4.966314e+01  4.925584e+01 
  557.000  1.220253e+03  2.999723e+02  3.012675e+02  1.128880e+02  4.816566e+01  4.794820e+01 
  558.000  1.267523e+03  3.110730e+02  3.136941e+02  1.172587e+02  4.997255e+01  4.992597e+01 
  559.000  1.199158e+03  2.936259e+02  2.977477e+02  1.109311e+02  4.720122e+01  4.738802e+01 
  560.000  1.205453e+03  2.946009e+02  3.000898e+02  1.115109e+02  4.738403e+01  4.776077e+01 
  561.000  1.325991e+03  3.234581e+02  3.306137e+02  1.226587e+02  5.204898e+01  5.261881e+01 
  562.000  1.218491e+03  2.966970e+02  3.042727e+02  1.127122e+02  4.776379e+01  4.842651e+01 
  563.000  1.275983e+03  3.101326e+02  3.191130e+02  1.180278e+02  4.994876e+01  5.078841e+01 
  564.000  1.259374e+03  3.054713e+02  3.154950e+02  1.164888e+02  4.922243e+01  5.021259e+01 
  565.000  1.275832e+03  3.089536e+02  3.200553e+02  1.180089e+02  4.980349e+01  5.093839e+01 
  566.000  1.177603e+03  2.845770e+02  2.959188e+02  1.089206e+02  4.589703e+01  4.709694e+01 
  567.000  1.265503e+03  3.052955e+02  3.184551e+02  1.170484e+02  4.925900e+01  5.068370e+01 
  568.000  1.267340e+03  3.052773e+02  3.193125e+02  1.172164e+02  4.927409e+01  5.082016e+01 
  569.000  1.251519e+03  3.006456e+02  3.160283e+02  1.157495e+02  4.855856e+01  5.029746e+01 
  570.000  1.258034e+03  3.014251e+02  3.181806e+02  1.163487e+02  4.871299e+01  5.064001e+01 
  571.000  1.208839e+03  2.890692e+02  3.057648e+02  1.117967e+02  4.673230e+01  4.866397e+01 
  572.000  1.284410e+03  3.067261e+02  3.248990e+02  1.187840e+02  4.959856e+01  5.170929e+01 
  573.000  1.297676e+03  3.091747e+02  3.282879e+02  1.200079e+02  5.001492e+01  5.224865e+01 
  574.000  1.291234e+03  3.070472e+02  3.266856e+02  1.194098e+02  4.968758e+01  5.199363e+01 
  575.000  1.261082e+03  2.991808e+02  3.190892e+02  1.166186e+02  4.843436e+01  5.078462e+01 
  576.000  1.238846e+03  2.931919e+02  3.134955e+02  1.145594e+02  4.748506e+01  4.989437e+01 
  577.000  1.288926e+03  3.045078e+02  3.261931e+02  1.191882e+02  4.933298e+01  5.191525e+01 
  578.000  1.249338e+03  2.944283e+02  3.162077e+02  1.155246e+02  4.772065e+01  5.032602e+01 
  579.000  1.238067e+03  2.911513e+02  3.133833e+02  1.144798e+02  4.720713e+01  4.987650e+01 
  580.000  1.278864e+03  3.003141e+02  3.237298e+02  1.182505e+02  4.870502e+01  5.152320e+01 
  581.000  1.253181e+03  2.936311e+02  3.174252e+02  1.158731e+02  4.764185e+01  5.051979e+01 
  582.000  1.270391e+03  2.970205e+02  3.219803e+02  1.174617e+02  4.821222e+01  5.124476e+01 
  583.000  1.278430e+03  2.983630e+02  3.241815e+02  1.182029e+02  4.844720e+01  5.159509e+01 
  584.000  1.274049e+03  2.964592e+02  3.233387e+02  1.177943e+02  4.816606e+01  5.146095e+01 
  585.000  1.265197e+03  2.939965e+02  3.212146e+02  1.169742e+02  4.777875e+01  5.112289e+01 
  586.000  1.210672e+03  2.807173e+02  3.075566e+02  1.119306e+02  4.564003e+01  4.894915e+01 
  587.000  1.260479e+03  2.919710e+02  3.202989e+02  1.165343e+02  4.747908e+01  5.097716e+01 
  588.000  1.259699e+03  2.910447e+02  3.203268e+02  1.164591e+02  4.735212e+01  5.098159e+01 
  589.000  1.133546e+03  2.613882e+02  2.884020e+02  1.047942e+02  4.254329e+01  4.590060e+01 
  590.000  1.185272e+03  2.725977e+02  3.017799e+02  1.095733e+02  4.439053e+01  4.802977e+01 
  591.000  1.247404e+03  2.862917e+02  3.177794e+02  1.153148e+02  4.663942e+01  5.057616e+01 
  592.000  1.230525e+03  2.818978e+02  3.136369e+02  1.137524e+02  4.594013e+01  4.991687e+01 
  593.000  1.229940e+03  2.811073e+02  3.136860e+02  1.136957e+02  4.583215e+01  4.992469e+01 
  594.000  1.244954e+03  2.838948e+02  3.177097e+02  1.150810e+02  4.630709e+01  5.056507e+01 
  595.000  1.231696e+03  2.801252e+02  3.145515e+02  1.138525e+02  4.571590e+01  5.006242e+01 
  596.000  1.249141e+03  2.834860e+02  3.191895e+02  1.154626e+02  4.628363e+01  5.080058e+01 
  597.000  1.257106e+03  2.850248e+02  3.213056e+02  1.161978e+02  4.654341e+01  5.113737e+01 
  598.000  1.226976e+03  2.775724e+02  3.137918e+02  1.134104e+02  4.534617e+01  4.994152e+01 
  599.000  1.226294e+03  2.767989e+02  3.138034e+02  1.133448e+02  4.523946e+01  4.994336e+01 
  600.000  1.222647e+03  2.754040e+02  3.130422e+02  1.130056e+02  4.502964e+01  4.982222e+01 
  601.000  1.213605e+03  2.727929e+02  3.107765e+02  1.121677e+02  4.461936e+01  4.946161e+01 
  602.000  1.200748e+03  2.690023e+02  3.075211e+02  1.109758e+02  4.402491e+01  4.894349e+01 
  603.000  1.207244e+03  2.699503e+02  3.092056e+02  1.115743e+02  4.419448e+01  4.921161e+01 
  604.000  1.244205e+03  2.778111e+02  3.186889e+02  1.149887e+02  4.549287e+01  5.072091e+01 
  605.000  1.240569e+03  2.763507e+02  3.177840e+02  1.146502e+02  4.527214e+01  5.057690e+01 
  606.000  1.226126e+03  2.724154e+02  3.141136e+02  1.133126e+02  4.464784e+01  4.999273e+01 
  607.000  1.219072e+03  2.702990e+02  3.123290e+02  1.126587e+02  4.431659e+01  4.970870e+01 
  608.000  1.214675e+03  2.685740e+02  3.112327e+02  1.122495e+02  4.405504e+01  4.953423e+01 
  609.000  1.201911e+03  2.654511e+02  3.079745e+02  1.110688e+02  4.355133e+01  4.901566e+01 
  610.000  1.182610e+03  2.605881e+02  3.030531e+02  1.092829e+02  4.277053e+01  4.823239e+01 
  611.000  1.201527e+03  2.642601e+02  3.079208e+02  1.110292e+02  4.338731e+01  4.900713e+01 
  612.000  1.185938e+03  2.600161e+02  3.039585e+02  1.095855e+02  4.271366e+01  4.837649e+01 
  613.000  1.168475e+03  2.556261e+02  2.995053e+02  1.079698e+02  4.200843e+01  4.766775e+01 
  614.000  1.126076e+03  2.459256e+02  2.886545e+02  1.040504e+02  4.042637e+01  4.594080e+01 
  615.000  1.179850e+03  2.571569e+02  3.024592e+02  1.090173e+02  4.228717e+01  4.813787e+01 
  616.000  1.121910e+03  2.438012e+02  2.876350e+02  1.036609e+02  4.011158e+01  4.577854e+01 
  617.000  1.128220e+03  2.446290e+02  2.892744e+02  1.042419e+02  4.026320e+01  4.603945e+01 
  618.000  1.181405e+03  2.557283e+02  3.029279e+02  1.091543e+02  4.210232e+01  4.821248e+01 
  619.000  1.170802e+03  2.528390e+02  3.002326e+02  1.081724e+02  4.164348e+01  4.778350e+01 
  620.000  1.188447e+03  2.559616e+02  3.047846e+02  1.098002e+02  4.217731e+01  4.850797e+01 
  621.000  1.209269e+03  2.597968e+02  3.101500e+02  1.117215e+02  4.282769e+01  4.936191e+01 
  622.000  1.145574e+03  2.458360e+02  2.938246e+02  1.058359e+02  4.053410e+01  4.676364e+01 
  623.000  1.155277e+03  2.470713e+02  2.963462e+02  1.067291e+02  4.076180e+01  4.716497e+01 
  624.000  1.156834e+03  2.470089e+02  2.967612e+02  1.068716e+02  4.076273e+01  4.723102e+01 
  625.000  1.125870e+03  2.399562e+02  2.888351e+02  1.040093e+02  3.961137e+01  4.596952e+01 
  626.000  1.132815e+03  2.406686e+02  2.906466e+02  1.046482e+02  3.975074e+01  4.625785e+01 
  627.000  1.157308e+03  2.451856e+02  2.969574e+02  1.069083e+02  4.051628e+01  4.726224e+01 
  628.000  1.175077e+03  2.483998e+02  3.015377e+02  1.085476e+02  4.106302e+01  4.799122e+01 
  629.000  1.184426e+03  2.500066e+02  3.039511e+02  1.094099e+02  4.133912e+01  4.837532e+01 
  630.000  1.141953e+03  2.405899e+02  2.930690e+02  1.054849e+02  3.979486e+01  4.664338e+01 
  631.000  1.178564e+03  2.475087e+02  3.024952e+02  1.088639e+02  4.096178e+01  4.814361e+01 
  632.000  1.098413e+03  2.301911e+02  2.819418e+02  1.014586e+02  3.810954e+01  4.487243e+01 
  633.000  1.172474e+03  2.452404e+02  3.009697e+02  1.082978e+02  4.061441e+01  4.790082e+01 
  634.000  1.134758e+03  2.365196e+02  2.913198e+02  1.048111e+02  3.919373e+01  4.636498e+01 
  635.000  1.154228e+03  2.403969e+02  2.963250e+02  1.066087e+02  3.984136e+01  4.716158e+01 
  636.000  1.112103e+03  2.309462e+02  2.855357e+02  1.027154e+02  3.829426e+01  4.544442e+01 
  637.000  1.147891e+03  2.376221e+02  2.947528e+02  1.060181e+02  3.942264e+01  4.691136e+01 
  638.000  1.162827e+03  2.403379e+02  2.986023e+02  1.073963e+02  3.988387e+01  4.752403e+01 
  639.000  1.152620e+03  2.376787e+02  2.960018e+02  1.064517e+02  3.945815e+01  4.711015e+01 
  640.000  1.114634e+03  2.295746e+02  2.862568e+02  1.029424e+02  3.812043e+01  4.555918e+01 
  641.000  1.130510e+03  2.320478e+02  2.903636e+02  1.044058e+02  3.855365e+01  4.621280e+01 
  642.000  1.115934e+03  2.285492e+02  2.866387e+02  1.030579e+02  3.798674e+01  4.561996e+01 
  643.000  1.136740e+03  2.323530e+02  2.919998e+02  1.049777e+02  3.863191e+01  4.647321e+01 
  644.000  1.123562e+03  2.291112e+02  2.886349e+02  1.037588e+02  3.810843e+01  4.593767e+01 
  645.000  1.135511e+03  2.308570e+02  2.917299e+02  1.048598e+02  3.841836e+01  4.643026e+01 
  646.000  1.100651e+03  2.233504e+02  2.827894e+02  1.016392e+02  3.718102e+01  4.500733e+01 
  647.000  1.121864e+03  2.270670e+02  2.882610e+02  1.035960e+02  3.781636e+01  4.587816e+01 
  648.000  1.126540e+03  2.276443e+02  2.894761e+02  1.040265e+02  3.792296e+01  4.607156e+01 
  649.000  1.143165e+03  2.301532e+02  2.937791e+02  1.055587e+02  3.836496e+01  4.675639e+01 
  650.000  1.048868e+03  2.104678e+02  2.695713e+02  9.684896e+01  3.510335e+01  4.290360e+01 
  651.000  1.129726e+03  2.264258e+02  2.903623e+02  1.043141e+02  3.777249e+01  4.621259e+01 
  652.000  1.118075e+03  2.235717e+02  2.873866e+02  1.032366e+02  3.731106e+01  4.573900e+01 
  653.000  1.128903e+03  2.253417e+02  2.901839e+02  1.042349e+02  3.761762e+01  4.618420e+01 
  654.000  1.115878e+03  2.218544e+02  2.868677e+02  1.030293e+02  3.706055e+01  4.565641e+01 
  655.000  1.090429e+03  2.165345e+02  2.803345e+02  1.006786e+02  3.617923e+01  4.461663e+01 
  656.000  9.246815e+02  1.831802e+02  2.377389e+02  8.537375e+01  3.061873e+01  3.783731e+01 
  657.000  9.850308e+02  1.946801e+02  2.532711e+02  9.094409e+01  3.255383e+01  4.030935e+01 
  658.000  1.093635e+03  2.154552e+02  2.812198e+02  1.009687e+02  3.604725e+01  4.475752e+01 
  659.000  1.094344e+03  2.148753e+02  2.814274e+02  1.010317e+02  3.597054e+01  4.479056e+01 
  660.000  1.101844e+03  2.160815e+02  2.833655e+02  1.017232e+02  3.617999e+01  4.509903e+01 
  661.000  1.104199e+03  2.157666e+02  2.839986e+02  1.019380e+02  3.614920e+01  4.519979e+01 
  662.000  1.118574e+03  2.183872e+02  2.877024e+02  1.032644e+02  3.659357e+01  4.578926e+01 
  663.000  1.106825e+03  2.152881e+02  2.847087e+02  1.021771e+02  3.609700e+01  4.531279e+01 
  664.000  1.088651e+03  2.114654e+02  2.800438e+02  1.004983e+02  3.546417e+01  4.457036e+01 
  665.000  1.093160e+03  2.118079e+02  2.812222e+02  1.009128e+02  3.553667e+01  4.475789e+01 
  666.000  1.105840e+03  2.138065e+02  2.844998e+02  1.020817e+02  3.588492e+01  4.527955e+01 
  667.000  1.083825e+03  2.088053e+02  2.788619e+02  1.000470e+02  3.506654e+01  4.438224e+01 
  668.000  1.089410e+03  2.095261e+02  2.803111e+02  1.005613e+02  3.519761e+01  4.461290e+01 
  669.000  1.105062e+03  2.118678e+02  2.843614e+02  1.020039e+02  3.560982e+01  4.525752e+01 
  670.000  1.091587e+03  2.089807e+02  2.809041e+02  1.007589e+02  3.513313e+01  4.470727e+01 
  671.000  1.080251e+03  2.059762e+02  2.780154e+02  9.970981e+01  3.465153e+01  4.424752e+01 
  672.000  1.076451e+03  2.050318e+02  2.770450e+02  9.935838e+01  3.449886e+01  4.409309e+01 
  673.000  1.084400e+03  2.057861e+02  2.791164e+02  1.000895e+02  3.464717e+01  4.442275e+01 
  674.000  1.086313e+03  2.058439e+02  2.796192e+02  1.002651e+02  3.466552e+01  4.450278e+01 
  675.000  1.069954e+03  2.019944e+02  2.754336e+02  9.875266e+01  3.403833e+01  4.383661e+01 
  676.000  1.089965e+03  2.054938e+02  2.805941e+02  1.005986e+02  3.463587e+01  4.465794e+01 
  677.000  1.068244e+03  2.010301e+02  2.750148e+02  9.859268e+01  3.389389e+01  4.376996e+01 
  678.000  1.086176e+03  2.037058e+02  2.796546e+02  1.002454e+02  3.436469e+01  4.450840e+01 
  679.000  1.070827e+03  2.004951e+02  2.757137e+02  9.882771e+01  3.383240e+01  4.388121e+01 
  680.000  1.063373e+03  1.983327e+02  2.738200e+02  9.813728e+01  3.348906e+01  4.357981e+01 
  681.000  1.065039e+03  1.983130e+02  2.742599e+02  9.828991e+01  3.349503e+01  4.364981e+01 
  682.000  1.063216e+03  1.972623e+02  2.738138e+02  9.811931e+01  3.333756e+01  4.357881e+01 
  683.000  1.070644e+03  1.982697e+02  2.757390e+02  9.880365e+01  3.351825e+01  4.388523e+01 
  684.000  1.052502e+03  1.942357e+02  2.710887e+02  9.712723e+01  3.285523e+01  4.314510e+01 
  685.000  1.063674e+03  1.960846e+02  2.739729e+02  9.815743e+01  3.317395e+01  4.360414e+01 
  686.000  1.021104e+03  1.876518e+02  2.630273e+02  9.422718e+01  3.176373e+01  4.186210e+01 
  687.000  1.069850e+03  1.960348e+02  2.756023e+02  9.872353e+01  3.319887e+01  4.386348e+01 
  688.000  1.055429e+03  1.930167e+02  2.718995e+02  9.739160e+01  3.269829e+01  4.327416e+01 
  689.000  1.062871e+03  1.938296e+02  2.738343e+02  9.807652e+01  3.285139e+01  4.358208e+01 
  690.000  1.060429e+03  1.930140e+02  2.732170e+02  9.784998e+01  3.272355e+01  4.348384e+01 
  691.000  1.053986e+03  1.913415e+02  2.715731e+02  9.725387e+01  3.245403e+01  4.322220e+01 
  692.000  1.039666e+03  1.881419e+02  2.679023e+02  9.593053e+01  3.192815e+01  4.263797e+01 
  693.000  1.041972e+03  1.882092e+02  2.685076e+02  9.614220e+01  3.194940e+01  4.273432e+01 
  694.000  1.051246e+03  1.890766e+02  2.709296e+02  9.699537e+01  3.211936e+01  4.311978e+01 
  695.000  1.030433e+03  1.850939e+02  2.656143e+02  9.507410e+01  3.145009e+01  4.227382e+01 
  696.000  1.041238e+03  1.868037e+02  2.684531e+02  9.607021e+01  3.174773e+01  4.272565e+01 
  697.000  1.039385e+03  1.861174e+02  2.680577e+02  9.589806e+01  3.164200e+01  4.266271e+01 
  698.000  1.020811e+03  1.825948e+02  2.633130e+02  9.418362e+01  3.104918e+01  4.190757e+01 
  699.000  1.043089e+03  1.864984e+02  2.690782e+02  9.623874e+01  3.171547e+01  4.282512e+01 
  700.000  1.030709e+03  1.838060e+02  2.659958e+02  9.509488e+01  3.127235e+01  4.233455e+01 
  701.000  1.008421e+03  1.796301e+02  2.602903e+02  9.303775e+01  3.056808e+01  4.142649e+01 
  702.000  1.003121e+03  1.784723e+02  2.589718e+02  9.254804e+01  3.037763e+01  4.121665e+01 
  703.000  1.014806e+03  1.801529e+02  2.620808e+02  9.362473e+01  3.067594e+01  4.171145e+01 
  704.000  1.017760e+03  1.804728e+02  2.628910e+02  9.389655e+01  3.073671e+01  4.184040e+01 
  705.000  1.026933e+03  1.817811e+02  2.653338e+02  9.474165e+01  3.096930e+01  4.222919e+01 
  706.000  1.016043e+03  1.795705e+02  2.625857e+02  9.373603e+01  3.060139e+01  4.179181e+01 
  707.000  1.000489e+03  1.766063e+02  2.586155e+02  9.230030e+01  3.010286e+01  4.115994e+01 
  708.000  1.029311e+03  1.814087e+02  2.661316e+02  9.495827e+01  3.093021e+01  4.235616e+01 
  709.000  9.920131e+02  1.745685e+02  2.565496e+02  9.151645e+01  2.977215e+01  4.083113e+01 
  710.000  1.016034e+03  1.786309e+02  2.627996e+02  9.373184e+01  3.047003e+01  4.182586e+01 
  711.000  1.005109e+03  1.762843e+02  2.600721e+02  9.272251e+01  3.008282e+01  4.139176e+01 
  712.000  9.903990e+02  1.735218e+02  2.563079e+02  9.136486e+01  2.961702e+01  4.079267e+01 
  713.000  9.870267e+02  1.726659e+02  2.554963e+02  9.105286e+01  2.947906e+01  4.066350e+01 
  714.000  1.003980e+03  1.755605e+02  2.599012e+02  9.261656e+01  2.997543e+01  4.136455e+01 
  715.000  9.700714e+02  1.692473e+02  2.512114e+02  8.948714e+01  2.890928e+01  3.998154e+01 
  716.000  9.964994e+02  1.735615e+02  2.581235e+02  9.192406e+01  2.965529e+01  4.108163e+01 
  717.000  9.732822e+02  1.693812e+02  2.521409e+02  8.978185e+01  2.894522e+01  4.012947e+01 
  718.000  9.694521e+02  1.683180e+02  2.512399e+02  8.942717e+01  2.877567e+01  3.998607e+01 
  719.000  9.586913e+02  1.662702e+02  2.484924e+02  8.843392e+01  2.843107e+01  3.954878e+01 
  720.000  9.662559e+02  1.674343e+02  2.504870e+02  8.913120e+01  2.863466e+01  3.986625e+01 
  721.000  9.625252e+02  1.663076e+02  2.499719e+02  8.878535e+01  2.846049e+01  3.978426e+01 
  722.000  9.752692e+02  1.682859e+02  2.535505e+02  8.996007e+01  2.880834e+01  4.035381e+01 
  723.000  9.737072e+02  1.678498e+02  2.533447e+02  8.981538e+01  2.874060e+01  4.032107e+01 
  724.000  9.810601e+02  1.690149e+02  2.553809e+02  9.049326e+01  2.894435e+01  4.064514e+01 
  725.000  9.703689e+02  1.667808e+02  2.530692e+02  8.950566e+01  2.857802e+01  4.027721e+01 
  726.000  9.689054e+02  1.662241e+02  2.530540e+02  8.936959e+01  2.849528e+01  4.027480e+01 
  727.000  9.829709e+02  1.686101e+02  2.567601e+02  9.066686e+01  2.890542e+01  4.086464e+01 
  728.000  9.666018e+02  1.654587e+02  2.528968e+02  8.915578e+01  2.837940e+01  4.024977e+01 
  729.000  9.278890e+02  1.585218e+02  2.431402e+02  8.558395e+01  2.720243e+01  3.869697e+01 
  730.000  9.623984e+02  1.642101e+02  2.524856e+02  8.876617e+01  2.818774e+01  4.018433e+01 
  731.000  9.467153e+02  1.613816e+02  2.487193e+02  8.731907e+01  2.771035e+01  3.958490e+01 
  732.000  9.636088e+02  1.641221e+02  2.534749e+02  8.887669e+01  2.818836e+01  4.034179e+01 
  733.000  9.481048e+02  1.611648e+02  2.501185e+02  8.744551e+01  2.769732e+01  3.980759e+01 
  734.000  9.672615e+02  1.641356e+02  2.558226e+02  8.921131e+01  2.822311e+01  4.071544e+01 
  735.000  9.598980e+02  1.627182e+02  2.542572e+02  8.853154e+01  2.798834e+01  4.046629e+01 
  736.000  9.426590e+02  1.596610e+02  2.499981e+02  8.694108e+01  2.746967e+01  3.978843e+01 
  737.000  9.550113e+02  1.614083e+02  2.540582e+02  8.807903e+01  2.778865e+01  4.043462e+01 
  738.000  9.520379e+02  1.607054e+02  2.537225e+02  8.780405e+01  2.767830e+01  4.038120e+01 
  739.000  9.211549e+02  1.552911e+02  2.459494e+02  8.495504e+01  2.675648e+01  3.914406e+01 
  740.000  9.293788e+02  1.565579e+02  2.484167e+02  8.571306e+01  2.698112e+01  3.953674e+01 
  741.000  9.217819e+02  1.551033e+02  2.466385e+02  8.501180e+01  2.673814e+01  3.925373e+01 
  742.000  9.069401e+02  1.520498e+02  2.427899e+02  8.364116e+01  2.622870e+01  3.864121e+01 
  743.000  9.334214e+02  1.562881e+02  2.499234e+02  8.608270e+01  2.696596e+01  3.977654e+01 
  744.000  9.422058e+02  1.575549e+02  2.523203e+02  8.689214e+01  2.719075e+01  4.015802e+01 
  745.000  9.177025e+02  1.532602e+02  2.458018e+02  8.463174e+01  2.645560e+01  3.912057e+01 
  746.000  9.306260e+02  1.551013e+02  2.493330e+02  8.582250e+01  2.678308e+01  3.968258e+01 
  747.000  9.453069e+02  1.572685e+02  2.533278e+02  8.717546e+01  2.716582e+01  4.031837e+01 
  748.000  9.277685e+02  1.542239e+02  2.486556e+02  8.555766e+01  2.664377e+01  3.957478e+01 
  749.000  9.279731e+02  1.541006e+02  2.487450e+02  8.557601e+01  2.662726e+01  3.958900e+01 
  750.000  9.146030e+02  1.516539e+02  2.452108e+02  8.434229e+01  2.621138e+01  3.902652e+01 
  751.000  9.123231e+02  1.511086e+02  2.446363e+02  8.413148e+01  2.612223e+01  3.893508e+01 
  752.000  9.264908e+02  1.529691e+02  2.485420e+02  8.543641e+01  2.645863e+01  3.955669e+01 
  753.000  9.177372e+02  1.513817e+02  2.462249e+02  8.462872e+01  2.618839e+01  3.918791e+01 
  754.000  9.321893e+02  1.535497e+02  2.501496e+02  8.596070e+01  2.657000e+01  3.981255e+01 
  755.000  9.269614e+02  1.524642e+02  2.487959e+02  8.547789e+01  2.638899e+01  3.959710e+01 
  756.000  9.088815e+02  1.493237e+02  2.439798e+02  8.381015e+01  2.585050e+01  3.883059e+01 
  757.000  9.156268e+02  1.502627e+02  2.458275e+02  8.443159e+01  2.601819e+01  3.912466e+01 
  758.000  9.155944e+02  1.497987e+02  2.459191e+02  8.442712e+01  2.595177e+01  3.913925e+01 
  759.000  9.013645e+02  1.472352e+02  2.421486e+02  8.311421e+01  2.551480e+01  3.853914e+01 
  760.000  9.096241e+02  1.483991e+02  2.444080e+02  8.387523e+01  2.572212e+01  3.889874e+01 
  761.000  9.102885e+02  1.482904e+02  2.446339e+02  8.393578e+01  2.570986e+01  3.893470e+01 
  762.000  8.856619e+02  1.440829e+02  2.380584e+02  8.166437e+01  2.498631e+01  3.788816e+01 
  763.000  9.129952e+02  1.483065e+02  2.454540e+02  8.418399e+01  2.572552e+01  3.906522e+01 
  764.000  9.147075e+02  1.482045e+02  2.459972e+02  8.434064e+01  2.571933e+01  3.915168e+01 
  765.000  9.148571e+02  1.480648e+02  2.460732e+02  8.435392e+01  2.570006e+01  3.916376e+01 
  766.000  8.628953e+02  1.394584e+02  2.321396e+02  7.956218e+01  2.421217e+01  3.694617e+01 
  767.000  8.696602e+02  1.403172e+02  2.340106e+02  8.018515e+01  2.436837e+01  3.724394e+01 
  768.000  8.994276e+02  1.449566e+02  2.420561e+02  8.292928e+01  2.517902e+01  3.852442e+01 
  769.000  8.929944e+02  1.435934e+02  2.403958e+02  8.233509e+01  2.495210e+01  3.826017e+01 
  770.000  8.857462e+02  1.423644e+02  2.384583e+02  8.166660e+01  2.474046e+01  3.795182e+01 
  771.000  8.852134e+02  1.421025e+02  2.383532e+02  8.161691e+01  2.470027e+01  3.793509e+01 
  772.000  8.819194e+02  1.409866e+02  2.375937e+02  8.131133e+01  2.452402e+01  3.781422e+01 
  773.000  8.783041e+02  1.402193e+02  2.366609e+02  8.097740e+01  2.439626e+01  3.766575e+01 
  774.000  8.874392e+02  1.415248e+02  2.391555e+02  8.181915e+01  2.462803e+01  3.806278e+01 
  775.000  8.539972e+02  1.360774e+02  2.301680e+02  7.873553e+01  2.368352e+01  3.663237e+01 
  776.000  8.892367e+02  1.414633e+02  2.397153e+02  8.198376e+01  2.462781e+01  3.815189e+01 
  777.000  8.833260e+02  1.402211e+02  2.381874e+02  8.143788e+01  2.442066e+01  3.790870e+01 
  778.000  8.788123e+02  1.393127e+02  2.370119e+02  8.102113e+01  2.426824e+01  3.772161e+01 
  779.000  8.819448e+02  1.395795e+02  2.379064e+02  8.130920e+01  2.432162e+01  3.786398e+01 
  780.000  8.712711e+02  1.377005e+02  2.350681e+02  8.032456e+01  2.399994e+01  3.741226e+01 
  781.000  8.700074e+02  1.371469e+02  2.348037e+02  8.020695e+01  2.391408e+01  3.737017e+01 
  782.000  8.808406e+02  1.385551e+02  2.377921e+02  8.120473e+01  2.416865e+01  3.784580e+01 
  783.000  8.604673e+02  1.351889e+02  2.323270e+02  7.932602e+01  2.358633e+01  3.697599e+01 
  784.000  8.656186e+02  1.358185e+02  2.337567e+02  7.980035e+01  2.370157e+01  3.720353e+01 
  785.000  8.686874e+02  1.361176e+02  2.346248e+02  8.008270e+01  2.375925e+01  3.734169e+01 
  786.000  8.547195e+02  1.337585e+02  2.308889e+02  7.879449e+01  2.335260e+01  3.674711e+01 
  787.000  8.694322e+02  1.357504e+02  2.349302e+02  8.014985e+01  2.370968e+01  3.739030e+01 
  788.000  8.573773e+02  1.337925e+02  2.316891e+02  7.903831e+01  2.336999e+01  3.687447e+01 
  789.000  8.658085e+02  1.347751e+02  2.340392e+02  7.981451e+01  2.355161e+01  3.724850e+01 
  790.000  8.574304e+02  1.333352e+02  2.318037e+02  7.904176e+01  2.330407e+01  3.689271e+01 
  791.000  8.527513e+02  1.323292e+02  2.305986e+02  7.860956e+01  2.313659e+01  3.670091e+01 
  792.000  8.389827e+02  1.299868e+02  2.269196e+02  7.733968e+01  2.273320e+01  3.611538e+01 
  793.000  8.371858e+02  1.295522e+02  2.264672e+02  7.717357e+01  2.266187e+01  3.604337e+01 
  794.000  8.265472e+02  1.274409e+02  2.236891e+02  7.619144e+01  2.230647e+01  3.560123e+01 
  795.000  8.237581e+02  1.268319e+02  2.229727e+02  7.593380e+01  2.220522e+01  3.548721e+01 
  796.000  8.419873e+02  1.294238e+02  2.279530e+02  7.761352e+01  2.266544e+01  3.627986e+01 
  797.000  8.463522e+02  1.299015e+02  2.291762e+02  7.801526e+01  2.275487e+01  3.647453e+01 
  798.000  8.445130e+02  1.294082e+02  2.287233e+02  7.784509e+01  2.267477e+01  3.640245e+01 
  799.000  8.445327e+02  1.293130e+02  2.287497e+02  7.784660e+01  2.266102e+01  3.640664e+01 
