  291.000  3.625937e+02  1.600869e+02  8.362889e+00  3.397420e+01  2.167119e+01  1.330995e+00 
  292.000  3.985537e+02  1.762187e+02  9.196359e+00  3.733772e+01  2.389334e+01  1.463646e+00 
  293.000  3.091476e+02  1.368881e+02  7.136571e+00  2.895734e+01  1.859057e+01  1.135821e+00 
  294.000  3.281786e+02  1.455291e+02  7.579325e+00  3.073512e+01  1.979626e+01  1.206287e+00 
  295.000  2.908288e+02  1.291342e+02  6.719409e+00  2.723343e+01  1.759122e+01  1.069427e+00 
  296.000  4.006159e+02  1.781485e+02  9.260231e+00  3.750809e+01  2.430809e+01  1.473812e+00 
  297.000  2.171297e+02  9.668221e+01  5.020992e+00  2.032621e+01  1.321124e+01  7.991157e-01 
  298.000  3.556967e+02  1.586235e+02  8.229123e+00  3.329267e+01  2.171134e+01  1.309706e+00 
  299.000  3.515206e+02  1.570018e+02  8.136359e+00  3.289663e+01  2.152535e+01  1.294942e+00 
  300.000  2.836875e+02  1.268732e+02  6.569280e+00  2.654491e+01  1.742012e+01  1.045533e+00 
  301.000  4.140628e+02  1.848025e+02  9.639070e+00  3.874158e+01  2.538485e+01  1.534106e+00 
  302.000  2.925883e+02  1.302792e+02  6.852416e+00  2.737370e+01  1.790423e+01  1.090596e+00 
  303.000  4.242736e+02  1.885216e+02  9.989013e+00  3.969103e+01  2.591973e+01  1.589801e+00 
  304.000  3.792530e+02  1.681645e+02  8.976250e+00  3.547684e+01  2.313097e+01  1.428614e+00 
  305.000  4.266428e+02  1.887785e+02  1.015124e+01  3.990708e+01  2.597789e+01  1.615620e+00 
  306.000  3.664892e+02  1.617680e+02  8.772652e+00  3.427770e+01  2.227230e+01  1.396211e+00 
  307.000  4.003005e+02  1.763134e+02  9.632600e+00  3.743742e+01  2.428581e+01  1.533076e+00 
  308.000  4.206427e+02  1.848727e+02  1.017555e+01  3.933710e+01  2.547632e+01  1.619489e+00 
  309.000  3.853322e+02  1.689847e+02  9.370583e+00  3.603242e+01  2.329752e+01  1.491375e+00 
  310.000  3.159911e+02  1.382712e+02  7.722460e+00  2.954623e+01  1.907186e+01  1.229068e+00 
  311.000  5.490109e+02  2.396960e+02  1.340802e+01  5.133068e+01  3.307562e+01  2.133953e+00 
  312.000  3.972152e+02  1.730862e+02  9.695125e+00  3.713601e+01  2.389296e+01  1.543027e+00 
  313.000  4.449744e+02  1.934551e+02  1.085330e+01  4.159805e+01  2.671630e+01  1.727357e+00 
  314.000  4.379006e+02  1.899421e+02  1.067333e+01  4.093381e+01  2.624265e+01  1.698713e+00 
  315.000  4.455716e+02  1.928215e+02  1.085268e+01  4.164785e+01  2.665226e+01  1.727258e+00 
  316.000  3.346268e+02  1.445202e+02  8.145500e+00  3.127582e+01  1.998356e+01  1.296397e+00 
  317.000  4.519620e+02  1.947363e+02  1.099387e+01  4.223944e+01  2.693929e+01  1.749729e+00 
  318.000  4.185335e+02  1.799053e+02  1.017346e+01  3.911242e+01  2.489887e+01  1.619156e+00 
  319.000  4.072090e+02  1.746789e+02  9.892096e+00  3.805174e+01  2.418499e+01  1.574376e+00 
  320.000  4.488126e+02  1.920618e+02  1.089486e+01  4.193630e+01  2.660394e+01  1.733972e+00 
  321.000  4.482186e+02  1.914085e+02  1.087366e+01  4.187815e+01  2.652399e+01  1.730597e+00 
  322.000  4.359315e+02  1.857060e+02  1.056784e+01  4.072710e+01  2.574581e+01  1.681924e+00 
  323.000  3.504446e+02  1.489734e+02  8.490106e+00  3.273837e+01  2.066163e+01  1.351242e+00 
  324.000  4.052330e+02  1.718359e+02  9.810171e+00  3.785385e+01  2.384382e+01  1.561337e+00 
  325.000  4.923367e+02  2.083234e+02  1.191122e+01  4.598747e+01  2.891868e+01  1.895730e+00 
  326.000  6.146219e+02  2.595040e+02  1.486014e+01  5.740602e+01  3.603825e+01  2.365065e+00 
  327.000  6.105944e+02  2.572421e+02  1.475322e+01  5.702617e+01  3.573902e+01  2.348048e+00 
  328.000  5.497582e+02  2.310190e+02  1.327321e+01  5.134053e+01  3.211154e+01  2.112498e+00 
  329.000  5.854569e+02  2.454759e+02  1.412586e+01  5.467079e+01  3.413550e+01  2.248200e+00 
  330.000  6.104532e+02  2.553861e+02  1.471977e+01  5.700126e+01  3.552876e+01  2.342724e+00 
  331.000  5.230105e+02  2.183199e+02  1.267593e+01  4.883309e+01  3.038634e+01  2.017436e+00 
  332.000  5.456157e+02  2.272484e+02  1.329155e+01  5.094038e+01  3.164389e+01  2.115415e+00 
  333.000  6.150906e+02  2.556095e+02  1.506073e+01  5.742300e+01  3.560994e+01  2.396989e+00 
  334.000  5.321867e+02  2.206572e+02  1.309749e+01  4.968007e+01  3.075527e+01  2.084530e+00 
  335.000  5.537224e+02  2.290631e+02  1.369721e+01  5.168703e+01  3.194224e+01  2.179979e+00 
  336.000  4.146801e+02  1.711503e+02  1.031022e+01  3.870562e+01  2.387802e+01  1.640923e+00 
  337.000  4.060583e+02  1.672041e+02  1.014746e+01  3.789836e+01  2.333885e+01  1.615018e+00 
  338.000  4.918611e+02  2.020840e+02  1.235484e+01  4.590405e+01  2.821633e+01  1.966334e+00 
  339.000  4.914007e+02  2.014435e+02  1.240671e+01  4.585865e+01  2.813529e+01  1.974589e+00 
  340.000  5.626472e+02  2.302172e+02  1.426631e+01  5.250521e+01  3.216213e+01  2.270553e+00 
  341.000  4.719263e+02  1.926529e+02  1.196243e+01  4.403696e+01  2.692145e+01  1.903879e+00 
  342.000  4.942994e+02  2.013180e+02  1.252111e+01  4.612220e+01  2.813982e+01  1.992797e+00 
  343.000  4.995531e+02  2.029820e+02  1.264563e+01  4.660991e+01  2.838003e+01  2.012615e+00 
  344.000  4.571115e+02  1.853723e+02  1.156471e+01  4.264806e+01  2.592376e+01  1.840580e+00 
  345.000  5.836257e+02  2.361161e+02  1.475535e+01  5.444877e+01  3.302914e+01  2.348387e+00 
  346.000  6.476922e+02  2.615137e+02  1.636571e+01  6.042305e+01  3.659024e+01  2.604683e+00 
  347.000  6.178317e+02  2.488569e+02  1.560040e+01  5.763424e+01  3.482898e+01  2.482880e+00 
  348.000  5.835793e+02  2.345855e+02  1.472697e+01  5.443653e+01  3.283923e+01  2.343869e+00 
  349.000  6.411934e+02  2.571159e+02  1.616957e+01  5.980751e+01  3.600333e+01  2.573466e+00 
  350.000  6.576915e+02  2.631911e+02  1.657588e+01  6.134357e+01  3.686270e+01  2.638134e+00 
  351.000  6.265840e+02  2.501216e+02  1.578070e+01  5.843891e+01  3.504216e+01  2.511576e+00 
  352.000  6.451874e+02  2.570122e+02  1.623959e+01  6.017119e+01  3.601614e+01  2.584611e+00 
  353.000  5.896692e+02  2.343060e+02  1.483155e+01  5.499042e+01  3.284372e+01  2.360515e+00 
  354.000  6.827987e+02  2.707386e+02  1.716367e+01  6.367238e+01  3.795985e+01  2.731683e+00 
  355.000  6.945000e+02  2.747933e+02  1.744728e+01  6.476054e+01  3.853776e+01  2.776821e+00 
  356.000  6.592453e+02  2.601741e+02  1.654955e+01  6.146965e+01  3.649831e+01  2.633942e+00 
  357.000  4.233417e+02  1.667134e+02  1.062099e+01  3.947157e+01  2.339305e+01  1.690383e+00 
  358.000  4.618587e+02  1.814866e+02  1.158022e+01  4.306079e+01  2.547237e+01  1.843048e+00 
  359.000  4.664671e+02  1.828968e+02  1.168855e+01  4.348840e+01  2.567675e+01  1.860290e+00 
  360.000  6.943934e+02  2.716649e+02  1.738905e+01  6.473473e+01  3.814851e+01  2.767553e+00 
  361.000  5.512349e+02  2.151863e+02  1.386556e+01  5.138634e+01  3.022623e+01  2.206773e+00 
  362.000  6.052786e+02  2.356599e+02  1.531259e+01  5.642109e+01  3.311372e+01  2.437074e+00 
  363.000  6.448575e+02  2.505130e+02  1.639202e+01  6.010756e+01  3.521122e+01  2.608871e+00 
  364.000  6.451493e+02  2.500669e+02  1.647794e+01  6.013187e+01  3.515899e+01  2.622546e+00 
  365.000  6.057674e+02  2.342743e+02  1.554610e+01  5.645851e+01  3.294845e+01  2.474239e+00 
  366.000  8.335620e+02  3.216417e+02  2.149438e+01  7.768558e+01  4.524951e+01  3.420937e+00 
  367.000  7.479804e+02  2.879608e+02  1.937972e+01  6.970623e+01  4.052351e+01  3.084378e+00 
  368.000  7.073475e+02  2.716925e+02  1.841446e+01  6.591633e+01  3.824586e+01  2.930752e+00 
  369.000  6.821667e+02  2.615361e+02  1.782670e+01  6.356730e+01  3.682523e+01  2.837207e+00 
  370.000  7.867214e+02  3.009199e+02  2.065704e+01  7.330659e+01  4.238377e+01  3.287670e+00 
  371.000  6.300231e+02  2.404106e+02  1.653824e+01  5.870257e+01  3.387056e+01  2.632142e+00 
  372.000  6.649408e+02  2.531272e+02  1.744329e+01  6.195299e+01  3.567201e+01  2.776186e+00 
  373.000  6.643245e+02  2.522825e+02  1.741553e+01  6.189249e+01  3.556286e+01  2.771768e+00 
  374.000  5.157334e+02  1.953779e+02  1.351112e+01  4.804647e+01  2.754906e+01  2.150361e+00 
  375.000  4.734259e+02  1.789994e+02  1.239608e+01  4.410328e+01  2.524531e+01  1.972897e+00 
  376.000  6.788063e+02  2.560206e+02  1.776171e+01  6.323289e+01  3.611830e+01  2.826864e+00 
  377.000  6.962255e+02  2.619392e+02  1.820513e+01  6.485229e+01  3.696384e+01  2.897436e+00 
  378.000  9.025735e+02  3.388946e+02  2.358789e+01  8.406991e+01  4.783452e+01  3.754129e+00 
  379.000  6.963319e+02  2.607988e+02  1.818548e+01  6.485634e+01  3.682208e+01  2.894310e+00 
  380.000  6.530733e+02  2.439782e+02  1.704824e+01  6.082415e+01  3.445730e+01  2.713312e+00 
  381.000  7.331682e+02  2.733500e+02  1.921605e+01  6.828105e+01  3.861586e+01  3.058330e+00 
  382.000  5.476696e+02  2.036736e+02  1.442635e+01  5.100269e+01  2.878245e+01  2.296025e+00 
  383.000  3.816023e+02  1.415531e+02  1.010240e+01  3.553557e+01  2.001059e+01  1.607846e+00 
  384.000  4.197291e+02  1.553764e+02  1.115634e+01  3.908442e+01  2.197074e+01  1.775587e+00 
  385.000  6.313017e+02  2.330935e+02  1.686407e+01  5.878265e+01  3.297154e+01  2.684000e+00 
  386.000  4.896406e+02  1.804123e+02  1.313227e+01  4.559023e+01  2.552676e+01  2.090066e+00 
  387.000  5.615553e+02  2.063682e+02  1.513649e+01  5.228349e+01  2.920951e+01  2.409047e+00 
  388.000  5.555264e+02  2.037220e+02  1.503391e+01  5.172001e+01  2.884307e+01  2.392722e+00 
  389.000  6.320247e+02  2.312835e+02  1.717257e+01  5.883963e+01  3.275452e+01  2.733100e+00 
  390.000  7.651205e+02  2.792414e+02  2.089845e+01  7.122676e+01  3.956052e+01  3.326092e+00 
  391.000  8.544163e+02  3.111700e+02  2.353754e+01  7.953619e+01  4.409808e+01  3.746116e+00 
  392.000  7.579007e+02  2.754312e+02  2.105681e+01  7.054875e+01  3.904591e+01  3.351295e+00 
  393.000  4.056159e+02  1.470104e+02  1.138887e+01  3.775454e+01  2.084912e+01  1.812596e+00 
  394.000  4.479918e+02  1.620177e+02  1.268481e+01  4.169712e+01  2.298501e+01  2.018851e+00 
  395.000  7.505621e+02  2.708522e+02  2.143045e+01  6.985609e+01  3.843776e+01  3.410762e+00 
  396.000  7.711856e+02  2.775016e+02  2.225849e+01  7.177159e+01  3.939843e+01  3.542548e+00 
  397.000  3.132583e+02  1.124685e+02  9.117922e+00  2.915261e+01  1.597323e+01  1.451162e+00 
  398.000  8.747214e+02  3.133617e+02  2.566745e+01  8.140038e+01  4.451968e+01  4.085101e+00 
  399.000  1.046712e+03  3.741984e+02  3.094835e+01  9.740172e+01  5.317954e+01  4.925582e+00 
  400.000  1.026429e+03  3.660292e+02  3.062495e+01  9.550979e+01  5.203832e+01  4.874112e+00 
  401.000  1.017598e+03  3.619039e+02  3.065495e+01  9.468325e+01  5.147284e+01  4.878887e+00 
  402.000  1.075510e+03  3.816694e+02  3.264901e+01  1.000676e+02  5.430194e+01  5.196250e+00 
  403.000  1.004657e+03  3.556678e+02  3.075572e+01  9.347104e+01  5.062104e+01  4.894926e+00 
  404.000  1.076704e+03  3.803436e+02  3.321048e+01  1.001701e+02  5.415096e+01  5.285612e+00 
  405.000  9.848906e+02  3.470067e+02  3.064964e+01  9.162386e+01  4.942414e+01  4.878043e+00 
  406.000  9.747838e+02  3.427716e+02  3.053719e+01  9.068034e+01  4.883546e+01  4.860144e+00 
  407.000  9.470331e+02  3.320966e+02  2.994244e+01  8.809432e+01  4.733434e+01  4.765488e+00 
  408.000  1.023230e+03  3.580708e+02  3.257477e+01  9.517861e+01  5.105259e+01  5.184436e+00 
  409.000  1.129759e+03  3.943449e+02  3.626677e+01  1.050828e+02  5.624612e+01  5.772036e+00 
  410.000  9.420925e+02  3.281084e+02  3.046098e+01  8.762375e+01  4.681446e+01  4.848015e+00 
  411.000  1.103647e+03  3.833210e+02  3.616209e+01  1.026447e+02  5.471747e+01  5.755375e+00 
  412.000  1.140713e+03  3.952617e+02  3.781222e+01  1.060874e+02  5.644458e+01  6.018002e+00 
  413.000  1.074810e+03  3.716413e+02  3.599392e+01  9.995454e+01  5.309053e+01  5.728610e+00 
  414.000  1.052620e+03  3.629926e+02  3.570599e+01  9.788616e+01  5.187869e+01  5.682785e+00 
  415.000  1.119783e+03  3.852747e+02  3.839384e+01  1.041276e+02  5.508455e+01  6.110569e+00 
  416.000  1.110237e+03  3.810367e+02  3.851049e+01  1.032352e+02  5.450175e+01  6.129135e+00 
  417.000  1.073667e+03  3.677968e+02  3.756270e+01  9.983135e+01  5.262471e+01  5.978289e+00 
  418.000  1.047817e+03  3.580902e+02  3.705424e+01  9.742361e+01  5.125654e+01  5.897367e+00 
  419.000  1.071189e+03  3.650145e+02  3.837494e+01  9.959154e+01  5.227349e+01  6.107561e+00 
  420.000  9.045820e+02  3.075192e+02  3.273683e+01  8.409811e+01  4.405710e+01  5.210228e+00 
  421.000  1.130781e+03  3.834558e+02  4.120731e+01  1.051230e+02  5.495710e+01  6.558346e+00 
  422.000  1.080959e+03  3.657805e+02  3.962234e+01  1.004877e+02  5.244080e+01  6.306091e+00 
  423.000  9.109127e+02  3.074541e+02  3.362117e+01  8.467609e+01  4.409577e+01  5.350976e+00 
  424.000  9.997723e+02  3.365851e+02  3.715508e+01  9.293217e+01  4.829249e+01  5.913415e+00 
  425.000  1.033358e+03  3.469174e+02  3.869066e+01  9.604943e+01  4.979612e+01  6.157811e+00 
  426.000  9.910952e+02  3.320930e+02  3.729577e+01  9.211817e+01  4.768205e+01  5.935806e+00 
  427.000  9.514525e+02  3.179109e+02  3.606865e+01  8.842930e+01  4.566532e+01  5.740504e+00 
  428.000  9.615231e+02  3.204375e+02  3.669719e+01  8.936132e+01  4.604645e+01  5.840539e+00 
  429.000  8.729807e+02  2.902672e+02  3.351279e+01  8.112933e+01  4.172544e+01  5.333727e+00 
  430.000  6.952905e+02  2.305865e+02  2.685879e+01  6.461311e+01  3.315932e+01  4.274710e+00 
  431.000  6.238219e+02  2.064784e+02  2.415084e+01  5.796968e+01  2.970029e+01  3.843726e+00 
  432.000  1.120879e+03  3.699324e+02  4.353276e+01  1.041546e+02  5.323238e+01  6.928454e+00 
  433.000  9.959661e+02  3.277835e+02  3.880128e+01  9.254315e+01  4.718503e+01  6.175416e+00 
  434.000  9.448042e+02  3.102450e+02  3.689905e+01  8.778608e+01  4.467383e+01  5.872666e+00 
  435.000  1.026178e+03  3.359834e+02  4.020452e+01  9.534238e+01  4.839896e+01  6.398747e+00 
  436.000  1.135737e+03  3.710437e+02  4.460202e+01  1.055178e+02  5.346509e+01  7.098633e+00 
  437.000  1.144874e+03  3.728799e+02  4.510967e+01  1.063614e+02  5.375182e+01  7.179427e+00 
  438.000  1.023626e+03  3.327498e+02  4.041520e+01  9.509429e+01  4.797930e+01  6.432279e+00 
  439.000  9.889917e+02  3.205297e+02  3.917215e+01  9.187239e+01  4.623583e+01  6.234440e+00 
  440.000  1.106589e+03  3.577882e+02  4.394038e+01  1.027927e+02  5.162681e+01  6.993329e+00 
  441.000  1.100974e+03  3.553508e+02  4.379781e+01  1.022683e+02  5.128712e+01  6.970638e+00 
  442.000  1.157913e+03  3.725849e+02  4.621053e+01  1.075521e+02  5.379656e+01  7.354635e+00 
  443.000  1.163884e+03  3.735603e+02  4.657085e+01  1.081024e+02  5.395568e+01  7.411982e+00 
  444.000  1.154847e+03  3.694701e+02  4.636268e+01  1.072577e+02  5.338790e+01  7.378849e+00 
  445.000  1.212975e+03  3.871697e+02  4.881181e+01  1.126523e+02  5.596283e+01  7.768641e+00 
  446.000  1.078221e+03  3.433560e+02  4.349233e+01  1.001337e+02  4.964535e+01  6.922019e+00 
  447.000  1.227968e+03  3.900036e+02  4.966629e+01  1.140360e+02  5.641018e+01  7.904636e+00 
  448.000  1.246427e+03  3.947339e+02  5.055844e+01  1.157451e+02  5.711628e+01  8.046625e+00 
  449.000  1.252659e+03  3.957884e+02  5.092934e+01  1.163197e+02  5.728666e+01  8.105657e+00 
  450.000  1.277985e+03  4.025890e+02  5.211322e+01  1.186661e+02  5.829426e+01  8.294077e+00 
  451.000  1.378911e+03  4.333464e+02  5.636165e+01  1.280328e+02  6.276796e+01  8.970236e+00 
  452.000  1.279781e+03  4.013795e+02  5.241410e+01  1.188249e+02  5.815351e+01  8.341964e+00 
  453.000  1.186398e+03  3.710234e+02  4.872637e+01  1.101497e+02  5.377610e+01  7.755043e+00 
  454.000  1.263462e+03  3.937521e+02  5.206701e+01  1.172985e+02  5.709699e+01  8.286721e+00 
  455.000  1.270553e+03  3.951121e+02  5.246787e+01  1.179531e+02  5.731070e+01  8.350522e+00 
  456.000  1.299923e+03  4.032106e+02  5.381301e+01  1.206751e+02  5.850547e+01  8.564608e+00 
  457.000  1.305748e+03  4.040087e+02  5.418297e+01  1.212114e+02  5.864087e+01  8.623487e+00 
  458.000  1.281818e+03  3.951443e+02  5.337635e+01  1.189836e+02  5.738258e+01  8.495110e+00 
  459.000  1.280104e+03  3.938714e+02  5.339991e+01  1.188212e+02  5.721221e+01  8.498859e+00 
  460.000  1.267708e+03  3.890246e+02  5.301436e+01  1.176660e+02  5.652825e+01  8.437497e+00 
  461.000  1.312375e+03  4.016721e+02  5.484952e+01  1.218073e+02  5.838414e+01  8.729572e+00 
  462.000  1.289921e+03  3.935988e+02  5.387262e+01  1.197180e+02  5.723115e+01  8.574094e+00 
  463.000  1.288868e+03  3.924218e+02  5.380128e+01  1.196167e+02  5.707463e+01  8.562740e+00 
  464.000  1.291284e+03  3.920538e+02  5.386680e+01  1.198360e+02  5.703996e+01  8.573167e+00 
  465.000  1.270434e+03  3.849012e+02  5.297071e+01  1.178975e+02  5.601337e+01  8.430552e+00 
  466.000  1.309369e+03  3.950757e+02  5.454222e+01  1.215038e+02  5.752175e+01  8.680664e+00 
  467.000  1.261516e+03  3.795652e+02  5.251461e+01  1.170587e+02  5.528180e+01  8.357960e+00 
  468.000  1.334105e+03  4.003824e+02  5.550361e+01  1.237900e+02  5.833123e+01  8.833673e+00 
  469.000  1.321218e+03  3.956216e+02  5.493886e+01  1.225904e+02  5.765291e+01  8.743791e+00 
  470.000  1.302311e+03  3.887507e+02  5.411399e+01  1.208309e+02  5.667236e+01  8.612509e+00 
  471.000  1.299369e+03  3.867493e+02  5.395579e+01  1.205532e+02  5.639981e+01  8.587331e+00 
  472.000  1.314836e+03  3.902678e+02  5.456332e+01  1.219835e+02  5.693151e+01  8.684022e+00 
  473.000  1.300473e+03  3.849602e+02  5.393386e+01  1.206466e+02  5.617515e+01  8.583840e+00 
  474.000  1.310996e+03  3.870903e+02  5.433878e+01  1.216187e+02  5.650288e+01  8.648285e+00 
  475.000  1.364901e+03  4.017893e+02  5.653410e+01  1.266142e+02  5.866933e+01  8.997681e+00 
  476.000  1.324593e+03  3.886453e+02  5.482364e+01  1.228696e+02  5.677198e+01  8.725453e+00 
  477.000  1.313281e+03  3.843807e+02  5.432518e+01  1.218163e+02  5.616525e+01  8.646121e+00 
  478.000  1.375978e+03  4.019537e+02  5.689383e+01  1.276287e+02  5.874634e+01  9.054934e+00 
  479.000  1.310142e+03  3.817559e+02  5.414072e+01  1.215179e+02  5.581098e+01  8.616763e+00 
  480.000  1.332358e+03  3.870340e+02  5.502054e+01  1.235735e+02  5.660315e+01  8.756791e+00 
  481.000  1.321222e+03  3.825784e+02  5.469084e+01  1.225355e+02  5.597497e+01  8.704316e+00 
  482.000  1.346063e+03  3.886275e+02  5.586493e+01  1.248345e+02  5.688237e+01  8.891178e+00 
  483.000  1.345277e+03  3.871683e+02  5.598927e+01  1.247564e+02  5.669286e+01  8.910969e+00 
  484.000  1.291733e+03  3.707628e+02  5.388749e+01  1.197867e+02  5.431006e+01  8.576460e+00 
  485.000  1.299779e+03  3.720318e+02  5.435547e+01  1.205285e+02  5.451629e+01  8.650943e+00 
  486.000  1.052329e+03  3.006781e+02  4.407429e+01  9.758022e+01  4.407066e+01  7.014641e+00 
  487.000  1.181492e+03  3.364757e+02  4.962466e+01  1.095526e+02  4.933923e+01  7.898009e+00 
  488.000  1.281498e+03  3.638272e+02  5.396833e+01  1.188208e+02  5.337200e+01  8.589327e+00 
  489.000  1.190029e+03  3.368410e+02  5.024524e+01  1.103355e+02  4.943316e+01  7.996779e+00 
  490.000  1.353439e+03  3.819191e+02  5.732134e+01  1.254814e+02  5.607201e+01  9.122974e+00 
  491.000  1.265311e+03  3.563515e+02  5.379192e+01  1.173078e+02  5.233364e+01  8.561250e+00 
  492.000  1.215302e+03  3.412130e+02  5.197186e+01  1.126670e+02  5.013356e+01  8.271578e+00 
  493.000  1.308246e+03  3.661501e+02  5.628249e+01  1.212787e+02  5.382296e+01  8.957637e+00 
  494.000  1.263207e+03  3.524929e+02  5.464963e+01  1.170991e+02  5.183851e+01  8.697759e+00 
  495.000  1.349465e+03  3.756801e+02  5.863699e+01  1.250915e+02  5.526788e+01  9.332367e+00 
  496.000  1.314229e+03  3.648485e+02  5.740173e+01  1.218209e+02  5.369690e+01  9.135769e+00 
  497.000  1.274940e+03  3.528497e+02  5.600135e+01  1.181745e+02  5.195497e+01  8.912890e+00 
  498.000  1.244645e+03  3.436685e+02  5.490094e+01  1.153631e+02  5.062063e+01  8.737757e+00 
  499.000  1.241870e+03  3.417302e+02  5.511700e+01  1.151010e+02  5.036092e+01  8.772142e+00 
  500.000  1.236529e+03  3.392164e+02  5.522940e+01  1.146017e+02  5.001414e+01  8.790033e+00 
  501.000  1.208694e+03  3.309119e+02  5.452462e+01  1.120190e+02  4.880941e+01  8.677863e+00 
  502.000  1.201106e+03  3.277159e+02  5.508290e+01  1.113109e+02  4.837094e+01  8.766716e+00 
  503.000  1.272846e+03  3.463270e+02  5.914746e+01  1.179553e+02  5.114632e+01  9.413610e+00 
  504.000  1.184082e+03  3.216135e+02  5.547412e+01  1.097270e+02  4.751314e+01  8.828981e+00 
  505.000  1.277589e+03  3.457987e+02  6.082899e+01  1.183869e+02  5.112181e+01  9.681234e+00 
  506.000  1.367119e+03  3.687730e+02  6.610158e+01  1.266778e+02  5.455535e+01  1.052039e+01 
  507.000  1.271032e+03  3.420717e+02  6.208307e+01  1.177710e+02  5.062828e+01  9.880827e+00 
  508.000  1.218312e+03  3.268210e+02  6.035896e+01  1.128816e+02  4.840242e+01  9.606427e+00 
  509.000  1.312813e+03  3.513189e+02  6.572353e+01  1.216339e+02  5.205571e+01  1.046022e+01 
  510.000  1.271283e+03  3.392596e+02  6.440103e+01  1.177821e+02  5.029673e+01  1.024974e+01 
  511.000  1.271187e+03  3.382705e+02  6.709588e+01  1.177685e+02  5.020590e+01  1.067864e+01 
  512.000  1.333285e+03  3.541761e+02  7.213899e+01  1.235185e+02  5.260292e+01  1.148128e+01 
  513.000  1.220031e+03  3.230081e+02  6.909641e+01  1.130212e+02  4.803724e+01  1.099704e+01 
  514.000  1.193599e+03  3.154972e+02  6.905823e+01  1.105701e+02  4.695026e+01  1.099096e+01 
  515.000  1.218188e+03  3.210480e+02  7.317671e+01  1.128434e+02  4.783183e+01  1.164644e+01 
  516.000  1.279243e+03  3.364022e+02  7.893453e+01  1.184955e+02  5.016249e+01  1.256282e+01 
  517.000  9.426312e+02  2.470273e+02  6.059042e+01  8.731126e+01  3.688542e+01  9.643266e+00 
  518.000  1.166712e+03  3.053118e+02  7.623474e+01  1.080647e+02  4.561393e+01  1.213314e+01 
  519.000  1.105719e+03  2.883538e+02  7.506762e+01  1.024105e+02  4.313858e+01  1.194738e+01 
  520.000  1.217103e+03  3.168943e+02  8.406033e+01  1.127244e+02  4.743792e+01  1.337862e+01 
  521.000  1.218236e+03  3.161400e+02  8.778722e+01  1.128242e+02  4.739582e+01  1.397177e+01 
  522.000  1.266501e+03  3.281534e+02  9.308114e+01  1.172917e+02  4.923198e+01  1.481432e+01 
  523.000  1.180187e+03  3.050334e+02  8.941574e+01  1.092943e+02  4.581511e+01  1.423096e+01 
  524.000  1.280936e+03  3.301710e+02  1.002406e+02  1.186200e+02  4.965242e+01  1.595379e+01 
  525.000  1.270926e+03  3.269563e+02  1.016992e+02  1.176899e+02  4.921237e+01  1.618593e+01 
  526.000  1.211699e+03  3.107985e+02  1.002100e+02  1.122010e+02  4.684327e+01  1.594891e+01 
  527.000  1.059048e+03  2.708945e+02  9.022456e+01  9.806213e+01  4.088009e+01  1.435968e+01 
  528.000  1.272558e+03  3.247215e+02  1.111807e+02  1.178281e+02  4.905664e+01  1.769496e+01 
  529.000  1.309442e+03  3.332430e+02  1.175296e+02  1.212390e+02  5.040464e+01  1.870542e+01 
  530.000  1.237657e+03  3.144270e+02  1.130052e+02  1.145899e+02  4.759588e+01  1.798534e+01 
  531.000  1.348008e+03  3.413907e+02  1.252662e+02  1.248021e+02  5.172865e+01  1.993674e+01 
  532.000  1.286452e+03  3.249603e+02  1.211473e+02  1.190995e+02  4.927768e+01  1.928119e+01 
  533.000  1.129805e+03  2.846511e+02  1.078020e+02  1.045939e+02  4.319907e+01  1.715722e+01 
  534.000  1.228503e+03  3.084649e+02  1.192192e+02  1.137265e+02  4.686139e+01  1.897432e+01 
  535.000  1.252630e+03  3.139831e+02  1.225848e+02  1.159577e+02  4.772448e+01  1.950997e+01 
  536.000  1.328840e+03  3.320737e+02  1.319614e+02  1.230082e+02  5.052062e+01  2.100231e+01 
  537.000  1.232826e+03  3.069697e+02  1.245290e+02  1.141157e+02  4.675226e+01  1.981940e+01 
  538.000  1.290189e+03  3.204911e+02  1.317637e+02  1.194222e+02  4.884652e+01  2.097084e+01 
  539.000  1.285808e+03  3.185309e+02  1.329630e+02  1.190129e+02  4.858772e+01  2.116171e+01 
  540.000  1.258307e+03  3.108349e+02  1.317860e+02  1.164637e+02  4.745424e+01  2.097440e+01 
  541.000  1.153758e+03  2.842320e+02  1.214266e+02  1.067840e+02  4.341651e+01  1.932565e+01 
  542.000  1.287028e+03  3.161332e+02  1.361457e+02  1.191150e+02  4.831758e+01  2.166826e+01 
  543.000  1.231256e+03  3.014275e+02  1.309948e+02  1.139492e+02  4.610041e+01  2.084846e+01 
  544.000  1.298943e+03  3.169987e+02  1.389390e+02  1.202095e+02  4.851212e+01  2.211283e+01 
  545.000  1.279930e+03  3.114457e+02  1.375836e+02  1.184465e+02  4.768995e+01  2.189711e+01 
  546.000  1.251727e+03  3.037808e+02  1.351474e+02  1.158334e+02  4.654055e+01  2.150938e+01 
  547.000  1.305381e+03  3.157533e+02  1.417184e+02  1.207944e+02  4.840651e+01  2.255518e+01 
  548.000  1.212047e+03  2.918126e+02  1.325962e+02  1.121523e+02  4.477755e+01  2.110334e+01 
  549.000  1.275564e+03  3.066096e+02  1.399116e+02  1.180278e+02  4.706311e+01  2.226763e+01 
  550.000  1.248469e+03  2.989708e+02  1.377222e+02  1.155163e+02  4.592416e+01  2.191917e+01 
  551.000  1.241180e+03  2.967947e+02  1.368797e+02  1.148400e+02  4.559941e+01  2.178508e+01 
  552.000  1.295407e+03  3.091249e+02  1.428033e+02  1.198546e+02  4.750790e+01  2.272786e+01 
  553.000  1.245600e+03  2.964028e+02  1.372382e+02  1.152427e+02  4.557118e+01  2.184214e+01 
  554.000  1.287065e+03  3.056550e+02  1.417521e+02  1.190765e+02  4.700727e+01  2.256054e+01 
  555.000  1.291483e+03  3.060806e+02  1.421831e+02  1.194825e+02  4.708651e+01  2.262914e+01 
  556.000  1.256665e+03  2.972833e+02  1.383014e+02  1.162590e+02  4.574522e+01  2.201135e+01 
  557.000  1.220253e+03  2.881105e+02  1.342444e+02  1.128880e+02  4.434609e+01  2.136565e+01 
  558.000  1.267523e+03  2.987084e+02  1.393946e+02  1.172587e+02  4.598977e+01  2.218534e+01 
  559.000  1.199158e+03  2.818726e+02  1.318117e+02  1.109311e+02  4.341370e+01  2.097848e+01 
  560.000  1.205453e+03  2.827282e+02  1.322521e+02  1.115109e+02  4.355661e+01  2.104858e+01 
  561.000  1.325991e+03  3.102612e+02  1.438311e+02  1.226587e+02  4.779321e+01  2.289143e+01 
  562.000  1.218491e+03  2.844478e+02  1.306988e+02  1.127122e+02  4.381230e+01  2.080136e+01 
  563.000  1.275983e+03  2.971779e+02  1.353253e+02  1.180278e+02  4.576827e+01  2.153769e+01 
  564.000  1.259374e+03  2.925443e+02  1.318579e+02  1.164888e+02  4.504934e+01  2.098584e+01 
  565.000  1.275832e+03  2.957431e+02  1.321894e+02  1.180089e+02  4.553757e+01  2.103860e+01 
  566.000  1.177603e+03  2.722516e+02  1.204035e+02  1.089206e+02  4.191540e+01  1.916282e+01 
  567.000  1.265503e+03  2.919334e+02  1.279644e+02  1.170484e+02  4.494109e+01  2.036617e+01 
  568.000  1.267340e+03  2.917932e+02  1.268929e+02  1.172164e+02  4.491554e+01  2.019563e+01 
  569.000  1.251519e+03  2.871481e+02  1.230744e+02  1.157495e+02  4.419347e+01  1.958789e+01 
  570.000  1.258034e+03  2.876976e+02  1.216077e+02  1.163487e+02  4.427136e+01  1.935447e+01 
  571.000  1.208839e+03  2.757905e+02  1.153882e+02  1.117967e+02  4.243443e+01  1.836460e+01 
  572.000  1.284410e+03  2.925534e+02  1.215356e+02  1.187840e+02  4.501024e+01  1.934299e+01 
  573.000  1.297676e+03  2.947453e+02  1.209416e+02  1.200079e+02  4.534158e+01  1.924846e+01 
  574.000  1.291234e+03  2.925988e+02  1.188180e+02  1.194098e+02  4.500650e+01  1.891047e+01 
  575.000  1.261082e+03  2.849638e+02  1.142546e+02  1.166186e+02  4.382636e+01  1.818419e+01 
  576.000  1.238846e+03  2.791175e+02  1.104086e+02  1.145594e+02  4.292132e+01  1.757207e+01 
  577.000  1.288926e+03  2.897835e+02  1.134959e+02  1.191882e+02  4.455704e+01  1.806344e+01 
  578.000  1.249338e+03  2.800471e+02  1.081462e+02  1.155246e+02  4.305393e+01  1.721200e+01 
  579.000  1.238067e+03  2.768070e+02  1.055800e+02  1.144798e+02  4.255064e+01  1.680359e+01 
  580.000  1.278864e+03  2.854327e+02  1.079540e+02  1.182505e+02  4.387300e+01  1.718141e+01 
  581.000  1.253181e+03  2.789837e+02  1.047422e+02  1.158731e+02  4.288390e+01  1.667024e+01 
  582.000  1.270391e+03  2.821085e+02  1.051581e+02  1.174617e+02  4.336645e+01  1.673643e+01 
  583.000  1.278430e+03  2.833040e+02  1.049699e+02  1.182029e+02  4.355206e+01  1.670647e+01 
  584.000  1.274049e+03  2.813658e+02  1.032102e+02  1.177943e+02  4.325712e+01  1.642641e+01 
  585.000  1.265197e+03  2.789689e+02  1.018536e+02  1.169742e+02  4.288999e+01  1.621049e+01 
  586.000  1.210672e+03  2.662783e+02  9.649738e+01  1.119306e+02  4.094096e+01  1.535804e+01 
  587.000  1.260479e+03  2.769096e+02  9.999952e+01  1.165343e+02  4.257655e+01  1.591542e+01 
  588.000  1.259699e+03  2.759211e+02  9.875562e+01  1.164591e+02  4.242709e+01  1.571745e+01 
  589.000  1.133546e+03  2.477305e+02  8.805807e+01  1.047942e+02  3.809407e+01  1.401488e+01 
  590.000  1.185272e+03  2.582509e+02  9.097216e+01  1.095733e+02  3.971461e+01  1.447867e+01 
  591.000  1.247404e+03  2.711754e+02  9.536897e+01  1.153148e+02  4.171086e+01  1.517844e+01 
  592.000  1.230525e+03  2.669728e+02  9.378258e+01  1.137524e+02  4.107235e+01  1.492596e+01 
  593.000  1.229940e+03  2.661731e+02  9.336472e+01  1.136957e+02  4.095929e+01  1.485946e+01 
  594.000  1.244954e+03  2.687624e+02  9.413837e+01  1.150810e+02  4.136752e+01  1.498259e+01 
  595.000  1.231696e+03  2.651357e+02  9.271185e+01  1.138525e+02  4.082063e+01  1.475555e+01 
  596.000  1.249141e+03  2.682694e+02  9.368037e+01  1.154626e+02  4.131231e+01  1.490969e+01 
  597.000  1.257106e+03  2.697047e+02  9.412515e+01  1.161978e+02  4.153743e+01  1.498048e+01 
  598.000  1.226976e+03  2.626047e+02  9.151673e+01  1.134104e+02  4.045337e+01  1.456534e+01 
  599.000  1.226294e+03  2.618250e+02  9.111474e+01  1.133448e+02  4.034264e+01  1.450136e+01 
  600.000  1.222647e+03  2.604613e+02  9.051958e+01  1.130056e+02  4.014119e+01  1.440664e+01 
  601.000  1.213605e+03  2.579398e+02  8.929227e+01  1.121677e+02  3.975842e+01  1.421131e+01 
  602.000  1.200748e+03  2.542717e+02  8.739694e+01  1.109758e+02  3.920121e+01  1.390966e+01 
  603.000  1.207244e+03  2.551206e+02  8.733517e+01  1.115743e+02  3.933670e+01  1.389982e+01 
  604.000  1.244205e+03  2.625120e+02  8.958346e+01  1.149887e+02  4.048004e+01  1.425765e+01 
  605.000  1.240569e+03  2.610718e+02  8.863885e+01  1.146502e+02  4.026384e+01  1.410731e+01 
  606.000  1.226126e+03  2.572874e+02  8.685138e+01  1.133126e+02  3.968671e+01  1.382283e+01 
  607.000  1.219072e+03  2.552377e+02  8.577398e+01  1.126587e+02  3.937551e+01  1.365135e+01 
  608.000  1.214675e+03  2.535393e+02  8.467602e+01  1.122495e+02  3.912029e+01  1.347661e+01 
  609.000  1.201911e+03  2.505634e+02  8.347021e+01  1.110688e+02  3.866385e+01  1.328470e+01 
  610.000  1.182610e+03  2.459177e+02  8.149923e+01  1.092829e+02  3.795240e+01  1.297100e+01 
  611.000  1.201527e+03  2.493302e+02  8.217668e+01  1.110292e+02  3.848232e+01  1.307882e+01 
  612.000  1.185938e+03  2.452374e+02  8.005199e+01  1.095855e+02  3.785565e+01  1.274067e+01 
  613.000  1.168475e+03  2.410360e+02  7.814482e+01  1.079698e+02  3.721055e+01  1.243713e+01 
  614.000  1.126076e+03  2.318431e+02  7.475817e+01  1.040504e+02  3.579398e+01  1.189813e+01 
  615.000  1.179850e+03  2.423758e+02  7.766379e+01  1.090173e+02  3.742325e+01  1.236058e+01 
  616.000  1.121910e+03  2.297091e+02  7.290734e+01  1.036609e+02  3.547193e+01  1.160356e+01 
  617.000  1.128220e+03  2.304303e+02  7.261356e+01  1.042419e+02  3.558662e+01  1.155681e+01 
  618.000  1.181405e+03  2.408387e+02  7.547665e+01  1.091543e+02  3.719669e+01  1.201248e+01 
  619.000  1.170802e+03  2.380535e+02  7.403029e+01  1.081724e+02  3.677014e+01  1.178229e+01 
  620.000  1.188447e+03  2.409232e+02  7.431307e+01  1.098002e+02  3.721822e+01  1.182729e+01 
  621.000  1.209269e+03  2.445052e+02  7.542101e+01  1.117215e+02  3.778289e+01  1.200363e+01 
  622.000  1.145574e+03  2.313543e+02  7.136575e+01  1.058359e+02  3.575553e+01  1.135821e+01 
  623.000  1.155277e+03  2.324807e+02  7.171729e+01  1.067291e+02  3.594435e+01  1.141416e+01 
  624.000  1.156834e+03  2.324051e+02  7.169592e+01  1.068716e+02  3.593955e+01  1.141076e+01 
  625.000  1.125870e+03  2.257505e+02  6.964520e+01  1.040093e+02  3.491815e+01  1.108438e+01 
  626.000  1.132815e+03  2.263881e+02  6.984578e+01  1.046482e+02  3.503012e+01  1.111630e+01 
  627.000  1.157308e+03  2.306078e+02  7.115121e+01  1.069083e+02  3.569500e+01  1.132407e+01 
  628.000  1.175077e+03  2.336076e+02  7.207964e+01  1.085476e+02  3.616888e+01  1.147183e+01 
  629.000  1.184426e+03  2.351029e+02  7.254299e+01  1.094099e+02  3.640683e+01  1.154558e+01 
  630.000  1.141953e+03  2.262284e+02  6.980711e+01  1.054849e+02  3.504042e+01  1.111015e+01 
  631.000  1.178564e+03  2.326792e+02  7.147552e+01  1.088639e+02  3.604960e+01  1.137568e+01 
  632.000  1.098413e+03  2.163632e+02  6.622926e+01  1.014586e+02  3.352740e+01  1.054071e+01 
  633.000  1.172474e+03  2.304735e+02  7.032053e+01  1.082978e+02  3.571946e+01  1.119186e+01 
  634.000  1.134758e+03  2.222163e+02  6.739816e+01  1.048111e+02  3.444946e+01  1.072675e+01 
  635.000  1.154228e+03  2.258457e+02  6.841113e+01  1.066087e+02  3.501424e+01  1.088797e+01 
  636.000  1.112103e+03  2.169170e+02  6.537741e+01  1.027154e+02  3.363789e+01  1.040514e+01 
  637.000  1.147891e+03  2.231316e+02  6.688202e+01  1.060181e+02  3.461044e+01  1.064460e+01 
  638.000  1.162827e+03  2.256541e+02  6.745428e+01  1.073963e+02  3.500610e+01  1.073568e+01 
  639.000  1.152620e+03  2.231169e+02  6.642694e+01  1.064517e+02  3.461892e+01  1.057218e+01 
  640.000  1.114634e+03  2.154893e+02  6.402309e+01  1.029424e+02  3.343859e+01  1.018959e+01 
  641.000  1.130510e+03  2.177261e+02  6.389113e+01  1.044058e+02  3.379033e+01  1.016859e+01 
  642.000  1.115934e+03  2.143825e+02  6.228926e+01  1.030579e+02  3.327308e+01  9.913645e+00 
  643.000  1.136740e+03  2.178955e+02  6.274861e+01  1.049777e+02  3.381980e+01  9.986751e+00 
  644.000  1.123562e+03  2.147895e+02  6.118016e+01  1.037588e+02  3.333951e+01  9.737123e+00 
  645.000  1.135511e+03  2.163432e+02  6.077129e+01  1.048598e+02  3.358292e+01  9.672052e+00 
  646.000  1.100651e+03  2.092583e+02  5.826287e+01  1.016392e+02  3.248449e+01  9.272824e+00 
  647.000  1.121864e+03  2.126700e+02  5.848499e+01  1.035960e+02  3.301601e+01  9.308175e+00 
  648.000  1.126540e+03  2.131666e+02  5.816334e+01  1.040265e+02  3.309429e+01  9.256983e+00 
  649.000  1.143165e+03  2.154143e+02  5.771965e+01  1.055587e+02  3.344598e+01  9.186368e+00 
  650.000  1.048868e+03  1.969197e+02  5.210524e+01  9.684896e+01  3.057909e+01  8.292807e+00 
  651.000  1.129726e+03  2.118309e+02  5.591247e+01  1.043141e+02  3.289768e+01  8.898747e+00 
  652.000  1.118075e+03  2.091231e+02  5.492871e+01  1.032366e+02  3.248309e+01  8.742176e+00 
  653.000  1.128903e+03  2.107500e+02  5.515088e+01  1.042349e+02  3.274032e+01  8.777534e+00 
  654.000  1.115878e+03  2.074243e+02  5.381905e+01  1.030293e+02  3.223379e+01  8.565568e+00 
  655.000  1.090429e+03  2.024315e+02  5.238784e+01  1.006786e+02  3.146090e+01  8.337784e+00 
  656.000  9.246815e+02  1.712177e+02  4.407964e+01  8.537375e+01  2.661482e+01  7.015491e+00 
  657.000  9.850308e+02  1.819337e+02  4.660003e+01  9.094409e+01  2.828576e+01  7.416626e+00 
  658.000  1.093635e+03  2.012988e+02  5.119857e+01  1.009687e+02  3.130436e+01  8.148505e+00 
  659.000  1.094344e+03  2.007051e+02  5.066907e+01  1.010317e+02  3.122022e+01  8.064233e+00 
  660.000  1.101844e+03  2.018119e+02  5.079650e+01  1.017232e+02  3.139528e+01  8.084515e+00 
  661.000  1.104199e+03  2.014502e+02  5.010551e+01  1.019380e+02  3.134572e+01  7.974540e+00 
  662.000  1.118574e+03  2.038805e+02  5.056401e+01  1.032644e+02  3.172551e+01  8.047512e+00 
  663.000  1.106825e+03  2.009173e+02  4.920465e+01  1.021771e+02  3.127134e+01  7.831164e+00 
  664.000  1.088651e+03  1.973248e+02  4.810091e+01  1.004983e+02  3.071466e+01  7.655498e+00 
  665.000  1.093160e+03  1.975981e+02  4.775208e+01  1.009128e+02  3.076179e+01  7.599979e+00 
  666.000  1.105840e+03  1.994230e+02  4.783538e+01  1.020817e+02  3.104981e+01  7.613238e+00 
  667.000  1.083825e+03  1.946939e+02  4.611836e+01  1.000470e+02  3.031988e+01  7.339965e+00 
  668.000  1.089410e+03  1.953353e+02  4.599145e+01  1.005613e+02  3.042280e+01  7.319766e+00 
  669.000  1.105062e+03  1.974606e+02  4.596628e+01  1.020039e+02  3.075954e+01  7.315761e+00 
  670.000  1.091587e+03  1.947437e+02  4.509457e+01  1.007589e+02  3.033890e+01  7.177024e+00 
  671.000  1.080251e+03  1.919176e+02  4.452590e+01  9.970981e+01  2.991397e+01  7.086516e+00 
  672.000  1.076451e+03  1.910319e+02  4.436192e+01  9.935838e+01  2.978016e+01  7.060418e+00 
  673.000  1.084400e+03  1.917147e+02  4.466401e+01  1.000895e+02  2.990129e+01  7.108497e+00 
  674.000  1.086313e+03  1.917606e+02  4.473258e+01  1.002651e+02  2.991435e+01  7.119412e+00 
  675.000  1.069954e+03  1.881549e+02  4.403381e+01  9.875266e+01  2.936633e+01  7.008200e+00 
  676.000  1.089965e+03  1.914072e+02  4.484801e+01  1.005986e+02  2.987931e+01  7.137783e+00 
  677.000  1.068244e+03  1.872398e+02  4.394193e+01  9.859268e+01  2.923589e+01  6.993575e+00 
  678.000  1.086176e+03  1.897138e+02  4.465614e+01  1.002454e+02  2.963565e+01  7.107245e+00 
  679.000  1.070827e+03  1.867150e+02  4.401397e+01  9.882771e+01  2.917361e+01  7.005040e+00 
  680.000  1.063373e+03  1.846952e+02  4.391854e+01  9.813728e+01  2.887535e+01  6.989853e+00 
  681.000  1.065039e+03  1.847070e+02  4.463132e+01  9.828991e+01  2.889064e+01  7.103294e+00 
  682.000  1.063216e+03  1.837934e+02  4.594072e+01  9.811931e+01  2.877662e+01  7.311692e+00 
  683.000  1.070644e+03  1.847658e+02  4.698397e+01  9.880365e+01  2.894395e+01  7.477732e+00 
  684.000  1.052502e+03  1.810679e+02  4.750101e+01  9.712723e+01  2.839206e+01  7.560020e+00 
  685.000  1.063674e+03  1.828109e+02  4.841923e+01  9.815743e+01  2.867399e+01  7.706159e+00 
  686.000  1.021104e+03  1.750021e+02  4.762058e+01  9.422718e+01  2.747295e+01  7.579051e+00 
  687.000  1.069850e+03  1.828722e+02  5.101268e+01  9.872353e+01  2.873179e+01  8.118921e+00 
  688.000  1.055429e+03  1.800908e+02  5.105587e+01  9.739160e+01  2.831004e+01  8.125794e+00 
  689.000  1.062871e+03  1.808989e+02  5.248137e+01  9.807652e+01  2.845930e+01  8.352668e+00 
  690.000  1.060429e+03  1.801712e+02  5.308059e+01  9.784998e+01  2.835984e+01  8.448038e+00 
  691.000  1.053986e+03  1.788458e+02  5.700328e+01  9.725387e+01  2.820629e+01  9.072353e+00 
  692.000  1.039666e+03  1.762207e+02  6.275233e+01  9.593053e+01  2.787345e+01  9.987343e+00 
  693.000  1.041972e+03  1.764971e+02  6.669874e+01  9.614220e+01  2.796449e+01  1.061543e+01 
  694.000  1.051246e+03  1.778177e+02  7.636088e+01  9.699537e+01  2.828577e+01  1.215321e+01 
  695.000  1.030433e+03  1.743198e+02  7.925726e+01  9.507410e+01  2.778080e+01  1.261418e+01 
  696.000  1.041238e+03  1.761853e+02  8.463382e+01  9.607021e+01  2.813078e+01  1.346989e+01 
  697.000  1.039385e+03  1.759287e+02  9.144707e+01  9.589806e+01  2.817041e+01  1.455425e+01 
  698.000  1.020811e+03  1.728161e+02  9.368241e+01  9.418362e+01  2.771671e+01  1.491002e+01 
  699.000  1.043089e+03  1.766002e+02  9.732491e+01  9.623874e+01  2.834208e+01  1.548974e+01 
  700.000  1.030709e+03  1.746036e+02  1.060287e+02  9.509488e+01  2.813481e+01  1.687499e+01 
  701.000  1.008421e+03  1.709883e+02  1.099516e+02  9.303775e+01  2.762114e+01  1.749934e+01 
  702.000  1.003121e+03  1.702602e+02  1.159900e+02  9.254804e+01  2.757669e+01  1.846038e+01 
  703.000  1.014806e+03  1.725600e+02  1.296788e+02  9.362473e+01  2.808532e+01  2.063902e+01 
  704.000  1.017760e+03  1.732243e+02  1.363949e+02  9.389655e+01  2.826314e+01  2.170792e+01 
  705.000  1.026933e+03  1.750365e+02  1.474905e+02  9.474165e+01  2.866709e+01  2.347383e+01 
  706.000  1.016043e+03  1.734030e+02  1.547080e+02  9.373603e+01  2.849565e+01  2.462254e+01 
  707.000  1.000489e+03  1.709171e+02  1.590196e+02  9.230030e+01  2.816005e+01  2.530875e+01 
  708.000  1.029311e+03  1.760636e+02  1.724581e+02  9.495827e+01  2.910447e+01  2.744757e+01 
  709.000  9.920131e+02  1.698914e+02  1.744971e+02  9.151645e+01  2.817421e+01  2.777207e+01 
  710.000  1.016034e+03  1.741330e+02  1.838395e+02  9.373184e+01  2.893307e+01  2.925897e+01 
  711.000  1.005109e+03  1.726753e+02  1.966105e+02  9.272251e+01  2.884915e+01  3.129154e+01 
  712.000  9.903990e+02  1.703310e+02  2.001587e+02  9.136486e+01  2.852611e+01  3.185625e+01 
  713.000  9.870267e+02  1.700161e+02  2.088173e+02  9.105286e+01  2.857289e+01  3.323430e+01 
  714.000  1.003980e+03  1.730073e+02  2.149131e+02  9.261656e+01  2.910229e+01  3.420448e+01 
  715.000  9.700714e+02  1.675459e+02  2.211848e+02  8.948714e+01  2.832722e+01  3.520265e+01 
  716.000  9.964994e+02  1.724046e+02  2.376823e+02  9.192406e+01  2.925940e+01  3.782831e+01 
  717.000  9.732822e+02  1.685229e+02  2.369654e+02  8.978185e+01  2.865143e+01  3.771422e+01 
  718.000  9.694521e+02  1.682509e+02  2.500513e+02  8.942717e+01  2.875268e+01  3.979691e+01 
  719.000  9.586913e+02  1.665597e+02  2.536232e+02  8.843392e+01  2.853021e+01  4.036539e+01 
  720.000  9.662559e+02  1.680189e+02  2.608532e+02  8.913120e+01  2.883487e+01  4.151607e+01 
  721.000  9.625252e+02  1.680675e+02  2.812452e+02  8.878535e+01  2.906351e+01  4.476156e+01 
  722.000  9.752692e+02  1.706554e+02  2.956956e+02  8.996007e+01  2.962037e+01  4.706142e+01 
  723.000  9.737072e+02  1.706518e+02  3.032213e+02  8.981538e+01  2.970104e+01  4.825916e+01 
  724.000  9.810601e+02  1.721061e+02  3.104275e+02  9.049326e+01  3.000399e+01  4.940607e+01 
  725.000  9.703689e+02  1.708634e+02  3.258969e+02  8.950566e+01  2.997807e+01  5.186811e+01 
  726.000  9.689054e+02  1.710965e+02  3.400877e+02  8.936959e+01  3.016667e+01  5.412664e+01 
  727.000  9.829709e+02  1.736238e+02  3.463294e+02  9.066686e+01  3.062535e+01  5.512003e+01 
  728.000  9.666018e+02  1.712832e+02  3.571097e+02  8.915578e+01  3.037814e+01  5.683577e+01 
  729.000  9.278890e+02  1.649188e+02  3.577619e+02  8.558395e+01  2.939835e+01  5.693957e+01 
  730.000  9.623984e+02  1.713916e+02  3.812838e+02  8.876617e+01  3.065344e+01  6.068320e+01 
  731.000  9.467153e+02  1.688682e+02  3.830906e+02  8.731907e+01  3.028126e+01  6.097076e+01 
  732.000  9.636088e+02  1.721271e+02  3.972440e+02  8.887669e+01  3.093767e+01  6.322334e+01 
  733.000  9.481048e+02  1.699150e+02  4.075117e+02  8.744551e+01  3.070359e+01  6.485751e+01 
  734.000  9.672615e+02  1.738491e+02  4.307805e+02  8.921131e+01  3.156134e+01  6.856085e+01 
  735.000  9.598980e+02  1.728193e+02  4.363423e+02  8.853154e+01  3.146038e+01  6.944604e+01 
  736.000  9.426590e+02  1.699514e+02  4.356183e+02  8.694108e+01  3.100731e+01  6.933080e+01 
  737.000  9.550113e+02  1.727791e+02  4.595098e+02  8.807903e+01  3.169915e+01  7.313326e+01 
  738.000  9.520379e+02  1.725891e+02  4.686498e+02  8.780405e+01  3.176605e+01  7.458794e+01 
  739.000  9.211549e+02  1.673394e+02  4.640751e+02  8.495504e+01  3.090181e+01  7.385986e+01 
  740.000  9.293788e+02  1.690401e+02  4.745324e+02  8.571306e+01  3.127629e+01  7.552418e+01 
  741.000  9.217819e+02  1.678991e+02  4.786315e+02  8.501180e+01  3.114204e+01  7.617657e+01 
  742.000  9.069401e+02  1.656707e+02  4.903768e+02  8.364116e+01  3.091921e+01  7.804589e+01 
  743.000  9.334214e+02  1.706789e+02  5.117426e+02  8.608270e+01  3.192259e+01  8.144637e+01 
  744.000  9.422058e+02  1.724577e+02  5.237026e+02  8.689214e+01  3.232478e+01  8.334986e+01 
  745.000  9.177025e+02  1.681391e+02  5.169932e+02  8.463174e+01  3.158238e+01  8.228202e+01 
  746.000  9.306260e+02  1.707733e+02  5.353922e+02  8.582250e+01  3.218484e+01  8.521030e+01 
  747.000  9.453069e+02  1.737011e+02  5.536475e+02  8.717546e+01  3.283132e+01  8.811573e+01 
  748.000  9.277685e+02  1.705839e+02  5.478231e+02  8.555766e+01  3.228498e+01  8.718877e+01 
  749.000  9.279731e+02  1.707523e+02  5.534661e+02  8.557601e+01  3.236996e+01  8.808687e+01 
  750.000  9.146030e+02  1.684798e+02  5.534435e+02  8.434229e+01  3.201548e+01  8.808326e+01 
  751.000  9.123231e+02  1.681013e+02  5.561698e+02  8.413148e+01  3.198490e+01  8.851718e+01 
  752.000  9.264908e+02  1.706632e+02  5.736635e+02  8.543641e+01  3.256629e+01  9.130137e+01 
  753.000  9.177372e+02  1.690362e+02  5.708322e+02  8.462872e+01  3.228322e+01  9.085076e+01 
  754.000  9.321893e+02  1.716755e+02  5.837563e+02  8.596070e+01  3.282893e+01  9.290771e+01 
  755.000  9.269614e+02  1.706889e+02  5.845708e+02  8.547789e+01  3.268348e+01  9.303734e+01 
  756.000  9.088815e+02  1.673417e+02  5.762084e+02  8.381015e+01  3.207465e+01  9.170642e+01 
  757.000  9.156268e+02  1.685650e+02  5.835686e+02  8.443159e+01  3.234167e+01  9.287782e+01 
  758.000  9.155944e+02  1.685074e+02  5.919103e+02  8.442712e+01  3.241873e+01  9.420545e+01 
  759.000  9.013645e+02  1.658613e+02  5.870016e+02  8.311421e+01  3.195477e+01  9.342422e+01 
  760.000  9.096241e+02  1.673426e+02  5.954488e+02  8.387523e+01  3.227309e+01  9.476862e+01 
  761.000  9.102885e+02  1.673284e+02  5.977940e+02  8.393578e+01  3.229502e+01  9.514188e+01 
  762.000  8.856619e+02  1.626685e+02  5.831595e+02  8.166437e+01  3.141634e+01  9.281272e+01 
  763.000  9.129952e+02  1.675370e+02  6.029091e+02  8.418399e+01  3.238017e+01  9.595597e+01 
  764.000  9.147075e+02  1.675918e+02  6.070264e+02  8.434064e+01  3.243091e+01  9.661125e+01 
  765.000  9.148571e+02  1.675072e+02  6.084123e+02  8.435392e+01  3.243184e+01  9.683183e+01 
  766.000  8.628953e+02  1.578585e+02  5.754001e+02  7.956218e+01  3.058448e+01  9.157777e+01 
  767.000  8.696602e+02  1.589354e+02  5.817520e+02  8.018515e+01  3.081784e+01  9.258870e+01 
  768.000  8.994276e+02  1.642633e+02  6.029485e+02  8.292928e+01  3.186818e+01  9.596222e+01 
  769.000  8.929944e+02  1.628640e+02  6.011968e+02  8.233509e+01  3.163109e+01  9.568345e+01 
  770.000  8.857462e+02  1.614984e+02  5.968153e+02  8.166660e+01  3.137255e+01  9.498611e+01 
  771.000  8.852134e+02  1.612708e+02  5.976722e+02  8.161691e+01  3.134554e+01  9.512248e+01 
  772.000  8.819194e+02  1.601178e+02  5.972816e+02  8.131133e+01  3.116063e+01  9.506031e+01 
  773.000  8.783041e+02  1.592828e+02  5.954242e+02  8.097740e+01  3.101080e+01  9.476471e+01 
  774.000  8.874392e+02  1.607954e+02  6.020940e+02  8.181915e+01  3.131549e+01  9.582623e+01 
  775.000  8.539972e+02  1.546283e+02  5.797610e+02  7.873553e+01  3.012205e+01  9.227184e+01 
  776.000  8.892367e+02  1.607924e+02  6.043995e+02  8.198376e+01  3.133817e+01  9.619316e+01 
  777.000  8.833260e+02  1.594386e+02  6.013231e+02  8.143788e+01  3.109445e+01  9.570353e+01 
  778.000  8.788123e+02  1.584426e+02  5.988486e+02  8.102113e+01  3.091300e+01  9.530971e+01 
  779.000  8.819448e+02  1.587901e+02  6.016990e+02  8.130920e+01  3.099611e+01  9.576337e+01 
  780.000  8.712711e+02  1.566889e+02  5.950076e+02  8.032456e+01  3.059861e+01  9.469840e+01 
  781.000  8.700074e+02  1.560812e+02  5.943840e+02  8.020695e+01  3.049659e+01  9.459916e+01 
  782.000  8.808406e+02  1.576966e+02  6.018692e+02  8.120473e+01  3.082536e+01  9.579046e+01 
  783.000  8.604673e+02  1.538722e+02  5.879935e+02  7.932602e+01  3.008487e+01  9.358208e+01 
  784.000  8.656186e+02  1.545963e+02  5.915638e+02  7.980035e+01  3.023434e+01  9.415031e+01 
  785.000  8.686874e+02  1.549445e+02  5.937122e+02  8.008270e+01  3.031043e+01  9.449223e+01 
  786.000  8.547195e+02  1.522663e+02  5.842133e+02  7.879449e+01  2.979399e+01  9.298042e+01 
  787.000  8.694322e+02  1.545469e+02  5.943562e+02  8.014985e+01  3.025383e+01  9.459473e+01 
  788.000  8.573773e+02  1.523210e+02  5.861364e+02  7.903831e+01  2.982143e+01  9.328650e+01 
  789.000  8.658085e+02  1.534536e+02  5.919930e+02  7.981451e+01  3.005774e+01  9.421861e+01 
  790.000  8.574304e+02  1.518199e+02  5.863022e+02  7.904176e+01  2.974368e+01  9.331290e+01 
  791.000  8.527513e+02  1.507058e+02  5.835573e+02  7.860956e+01  2.954058e+01  9.287602e+01 
  792.000  8.389827e+02  1.480668e+02  5.745804e+02  7.733968e+01  2.903540e+01  9.144732e+01 
  793.000  8.371858e+02  1.475937e+02  5.736877e+02  7.717357e+01  2.895178e+01  9.130523e+01 
  794.000  8.265472e+02  1.452533e+02  5.674026e+02  7.619144e+01  2.851995e+01  9.030493e+01 
  795.000  8.237581e+02  1.445840e+02  5.658748e+02  7.593380e+01  2.839904e+01  9.006178e+01 
  796.000  8.419873e+02  1.475687e+02  5.788611e+02  7.761352e+01  2.899788e+01  9.212861e+01 
  797.000  8.463522e+02  1.481402e+02  5.822791e+02  7.801526e+01  2.912151e+01  9.267260e+01 
  798.000  8.445130e+02  1.476070e+02  5.814690e+02  7.784509e+01  2.902905e+01  9.254368e+01 
  799.000  8.445327e+02  1.475121e+02  5.816945e+02  7.784660e+01  2.901613e+01  9.257955e+01 
