  291.000  3.625937e+02  1.603443e+02  1.108342e+01  3.397420e+01  2.174522e+01  1.763981e+00 
  292.000  3.985537e+02  1.765149e+02  1.230556e+01  3.733772e+01  2.397847e+01  1.958491e+00 
  293.000  3.091476e+02  1.371283e+02  9.641241e+00  2.895734e+01  1.865957e+01  1.534451e+00 
  294.000  3.281786e+02  1.457956e+02  1.033764e+01  3.073512e+01  1.987274e+01  1.645287e+00 
  295.000  2.908288e+02  1.293793e+02  9.241511e+00  2.723343e+01  1.766153e+01  1.470832e+00 
  296.000  4.006159e+02  1.785006e+02  1.285769e+01  3.750809e+01  2.440902e+01  2.046365e+00 
  297.000  2.171297e+02  9.688003e+01  7.029685e+00  2.032621e+01  1.326791e+01  1.118809e+00 
  298.000  3.556967e+02  1.589609e+02  1.163085e+01  3.329267e+01  2.180793e+01  1.851107e+00 
  299.000  3.515206e+02  1.573487e+02  1.160888e+01  3.289663e+01  2.162460e+01  1.847610e+00 
  300.000  2.836875e+02  1.271627e+02  9.449863e+00  2.654491e+01  1.750292e+01  1.503992e+00 
  301.000  4.140628e+02  1.852246e+02  1.384088e+01  3.874158e+01  2.550562e+01  2.202844e+00 
  302.000  2.925883e+02  1.305771e+02  9.819402e+00  2.737370e+01  1.798951e+01  1.562806e+00 
  303.000  4.242736e+02  1.889532e+02  1.428864e+01  3.969103e+01  2.604330e+01  2.274107e+00 
  304.000  3.792530e+02  1.685499e+02  1.281719e+01  3.547684e+01  2.324135e+01  2.039919e+00 
  305.000  4.266428e+02  1.892117e+02  1.446937e+01  3.990708e+01  2.610198e+01  2.302871e+00 
  306.000  3.664892e+02  1.621397e+02  1.247923e+01  3.427770e+01  2.237881e+01  1.986130e+00 
  307.000  4.003005e+02  1.767189e+02  1.367851e+01  3.743742e+01  2.440206e+01  2.177002e+00 
  308.000  4.206427e+02  1.852984e+02  1.442429e+01  3.933710e+01  2.559840e+01  2.295697e+00 
  309.000  3.853322e+02  1.693743e+02  1.326011e+01  3.603242e+01  2.340927e+01  2.110413e+00 
  310.000  3.159911e+02  1.385908e+02  1.091483e+01  2.954623e+01  1.916357e+01  1.737149e+00 
  311.000  5.490109e+02  2.402667e+02  1.911097e+01  5.133068e+01  3.323946e+01  3.041605e+00 
  312.000  3.972152e+02  1.735087e+02  1.391876e+01  3.713601e+01  2.401429e+01  2.215239e+00 
  313.000  4.449744e+02  1.939410e+02  1.571279e+01  4.159805e+01  2.685590e+01  2.500768e+00 
  314.000  4.379006e+02  1.904327e+02  1.558221e+01  4.093381e+01  2.638366e+01  2.479986e+00 
  315.000  4.455716e+02  1.933335e+02  1.597711e+01  4.164785e+01  2.679945e+01  2.542835e+00 
  316.000  3.346268e+02  1.449129e+02  1.207777e+01  3.127582e+01  2.009650e+01  1.922236e+00 
  317.000  4.519620e+02  1.952797e+02  1.643765e+01  4.223944e+01  2.709563e+01  2.616134e+00 
  318.000  4.185335e+02  1.804206e+02  1.533813e+01  3.911242e+01  2.504719e+01  2.441139e+00 
  319.000  4.072090e+02  1.751904e+02  1.502053e+01  3.805174e+01  2.433226e+01  2.390592e+00 
  320.000  4.488126e+02  1.926384e+02  1.667937e+01  4.193630e+01  2.677004e+01  2.654604e+00 
  321.000  4.482186e+02  1.919897e+02  1.670624e+01  4.187815e+01  2.669146e+01  2.658881e+00 
  322.000  4.359315e+02  1.862774e+02  1.630407e+01  4.072710e+01  2.591050e+01  2.594873e+00 
  323.000  3.504446e+02  1.494369e+02  1.314545e+01  3.273837e+01  2.079528e+01  2.092164e+00 
  324.000  4.052330e+02  1.723775e+02  1.525298e+01  3.785385e+01  2.400007e+01  2.427588e+00 
  325.000  4.923367e+02  2.089874e+02  1.858637e+01  4.598747e+01  2.911029e+01  2.958113e+00 
  326.000  6.146219e+02  2.603403e+02  2.327153e+01  5.740602e+01  3.627969e+01  3.703779e+00 
  327.000  6.105944e+02  2.580803e+02  2.318762e+01  5.702617e+01  3.598110e+01  3.690424e+00 
  328.000  5.497582e+02  2.317815e+02  2.094973e+01  5.134053e+01  3.233185e+01  3.334253e+00 
  329.000  5.854569e+02  2.462951e+02  2.237650e+01  5.467079e+01  3.437228e+01  3.561332e+00 
  330.000  6.104532e+02  2.562478e+02  2.340193e+01  5.700126e+01  3.577790e+01  3.724533e+00 
  331.000  5.230105e+02  2.190647e+02  2.018279e+01  4.883309e+01  3.060175e+01  3.212191e+00 
  332.000  5.456157e+02  2.280321e+02  2.119451e+01  5.094038e+01  3.187064e+01  3.373211e+00 
  333.000  6.150906e+02  2.565005e+02  2.405114e+01  5.742300e+01  3.586787e+01  3.827858e+00 
  334.000  5.321867e+02  2.214348e+02  2.094668e+01  4.968007e+01  3.098045e+01  3.333768e+00 
  335.000  5.537224e+02  2.298791e+02  2.193776e+01  5.168703e+01  3.217863e+01  3.491503e+00 
  336.000  4.146801e+02  1.717666e+02  1.653702e+01  3.870562e+01  2.405663e+01  2.631948e+00 
  337.000  4.060583e+02  1.678126e+02  1.629936e+01  3.789836e+01  2.351530e+01  2.594124e+00 
  338.000  4.918611e+02  2.028270e+02  1.987332e+01  4.590405e+01  2.843182e+01  3.162937e+00 
  339.000  4.914007e+02  2.021915e+02  1.998507e+01  4.585865e+01  2.835233e+01  3.180722e+00 
  340.000  5.626472e+02  2.310792e+02  2.300755e+01  5.250521e+01  3.241232e+01  3.661765e+00 
  341.000  4.719263e+02  1.933879e+02  1.942410e+01  4.403696e+01  2.713485e+01  3.091442e+00 
  342.000  4.942994e+02  2.021008e+02  2.047786e+01  4.612220e+01  2.836719e+01  3.259153e+00 
  343.000  4.995531e+02  2.037863e+02  2.083047e+01  4.660991e+01  2.861373e+01  3.315272e+00 
  344.000  4.571115e+02  1.861183e+02  1.916409e+01  4.264806e+01  2.614060e+01  3.050060e+00 
  345.000  5.836257e+02  2.370841e+02  2.462718e+01  5.444877e+01  3.331060e+01  3.919537e+00 
  346.000  6.476922e+02  2.626022e+02  2.747833e+01  6.042305e+01  3.690686e+01  4.373312e+00 
  347.000  6.178317e+02  2.499117e+02  2.638138e+01  5.763424e+01  3.513590e+01  4.198727e+00 
  348.000  5.835793e+02  2.355948e+02  2.505311e+01  5.443653e+01  3.313300e+01  3.987326e+00 
  349.000  6.411934e+02  2.582419e+02  2.770435e+01  5.980751e+01  3.633121e+01  4.409285e+00 
  350.000  6.576915e+02  2.643607e+02  2.856991e+01  6.134357e+01  3.720339e+01  4.547042e+00 
  351.000  6.265840e+02  2.512439e+02  2.730318e+01  5.843891e+01  3.536918e+01  4.345437e+00 
  352.000  6.451874e+02  2.581740e+02  2.818106e+01  6.017119e+01  3.635482e+01  4.485155e+00 
  353.000  5.896692e+02  2.353747e+02  2.583016e+01  5.499042e+01  3.315538e+01  4.110997e+00 
  354.000  6.827987e+02  2.719827e+02  2.998144e+01  6.367238e+01  3.832280e+01  4.771695e+00 
  355.000  6.945000e+02  2.760655e+02  3.056855e+01  6.476054e+01  3.890903e+01  4.865136e+00 
  356.000  6.592453e+02  2.613894e+02  2.910068e+01  6.146965e+01  3.685313e+01  4.631517e+00 
  357.000  4.233417e+02  1.674979e+02  1.873241e+01  3.947157e+01  2.362219e+01  2.981355e+00 
  358.000  4.618587e+02  1.823471e+02  2.048612e+01  4.306079e+01  2.572377e+01  3.260468e+00 
  359.000  4.664671e+02  1.837704e+02  2.074061e+01  4.348840e+01  2.593208e+01  3.300971e+00 
  360.000  6.943934e+02  2.729721e+02  3.094979e+01  6.473473e+01  3.853072e+01  4.925811e+00 
  361.000  5.512349e+02  2.162226e+02  2.462872e+01  5.138634e+01  3.052936e+01  3.919783e+00 
  362.000  6.052786e+02  2.367954e+02  2.712231e+01  5.642109e+01  3.344601e+01  4.316649e+00 
  363.000  6.448575e+02  2.517207e+02  2.896622e+01  6.010756e+01  3.556475e+01  4.610118e+00 
  364.000  6.451493e+02  2.512730e+02  2.905006e+01  6.013187e+01  3.551218e+01  4.623460e+00 
  365.000  6.057674e+02  2.354047e+02  2.734343e+01  5.645851e+01  3.327961e+01  4.351842e+00 
  366.000  8.335620e+02  3.231944e+02  3.771787e+01  7.768558e+01  4.570455e+01  6.002985e+00 
  367.000  7.479804e+02  2.893516e+02  3.392839e+01  6.970623e+01  4.093124e+01  5.399870e+00 
  368.000  7.073475e+02  2.730053e+02  3.216409e+01  6.591633e+01  3.863089e+01  5.119073e+00 
  369.000  6.821667e+02  2.628003e+02  3.108012e+01  6.356730e+01  3.719612e+01  4.946554e+00 
  370.000  7.867214e+02  3.023752e+02  3.593203e+01  7.330659e+01  4.281088e+01  5.718761e+00 
  371.000  6.300231e+02  2.415896e+02  2.892958e+01  5.870257e+01  3.421675e+01  4.604285e+00 
  372.000  6.649408e+02  2.543874e+02  3.070358e+01  6.195299e+01  3.604216e+01  4.886627e+00 
  373.000  6.643245e+02  2.535573e+02  3.084633e+01  6.189249e+01  3.593745e+01  4.909346e+00 
  374.000  5.157334e+02  1.963799e+02  2.408033e+01  4.804647e+01  2.784359e+01  3.832504e+00 
  375.000  4.734259e+02  1.799281e+02  2.220333e+01  4.410328e+01  2.551842e+01  3.533769e+00 
  376.000  6.788063e+02  2.573684e+02  3.201253e+01  6.323289e+01  3.651481e+01  5.094953e+00 
  377.000  6.962255e+02  2.633382e+02  3.301636e+01  6.485229e+01  3.737559e+01  5.254716e+00 
  378.000  9.025735e+02  3.407255e+02  4.299160e+01  8.406991e+01  4.837354e+01  6.842327e+00 
  379.000  6.963319e+02  2.622280e+02  3.335162e+01  6.485634e+01  3.724301e+01  5.308076e+00 
  380.000  6.530733e+02  2.453337e+02  3.145279e+01  6.082415e+01  3.485674e+01  5.005867e+00 
  381.000  7.331682e+02  2.748776e+02  3.546631e+01  6.828105e+01  3.906615e+01  5.644638e+00 
  382.000  5.476696e+02  2.048201e+02  2.663926e+01  5.100269e+01  2.912056e+01  4.239770e+00 
  383.000  3.816023e+02  1.423557e+02  1.866392e+01  3.553557e+01  2.024740e+01  2.970455e+00 
  384.000  4.197291e+02  1.562626e+02  2.061909e+01  3.908442e+01  2.223228e+01  3.281631e+00 
  385.000  6.313017e+02  2.344326e+02  3.118320e+01  5.878265e+01  3.336693e+01  4.962960e+00 
  386.000  4.896406e+02  1.814548e+02  2.429213e+01  4.559023e+01  2.583469e+01  3.866212e+00 
  387.000  5.615553e+02  2.075694e+02  2.801295e+01  5.228349e+01  2.956446e+01  4.458400e+00 
  388.000  5.555264e+02  2.049147e+02  2.783374e+01  5.172001e+01  2.919564e+01  4.429877e+00 
  389.000  6.320247e+02  2.326454e+02  3.180532e+01  5.883963e+01  3.315726e+01  5.061974e+00 
  390.000  7.651205e+02  2.808972e+02  3.871388e+01  7.122676e+01  4.005038e+01  6.161506e+00 
  391.000  8.544163e+02  3.130159e+02  4.342116e+01  7.953619e+01  4.464438e+01  6.910692e+00 
  392.000  7.579007e+02  2.770657e+02  3.868455e+01  7.054875e+01  3.952985e+01  6.156837e+00 
  393.000  4.056159e+02  1.478833e+02  2.081635e+01  3.775454e+01  2.110768e+01  3.313025e+00 
  394.000  4.479918e+02  1.629801e+02  2.309135e+01  4.169712e+01  2.327019e+01  3.675102e+00 
  395.000  7.505621e+02  2.724617e+02  3.885563e+01  6.985609e+01  3.891489e+01  6.184065e+00 
  396.000  7.711856e+02  2.791515e+02  4.014924e+01  7.177159e+01  3.988779e+01  6.389950e+00 
  397.000  3.132583e+02  1.131375e+02  1.638098e+01  2.915261e+01  1.617172e+01  2.607113e+00 
  398.000  8.747214e+02  3.152265e+02  4.593684e+01  8.140038e+01  4.507319e+01  7.311076e+00 
  399.000  1.046712e+03  3.764260e+02  5.519021e+01  9.740172e+01  5.384101e+01  8.783795e+00 
  400.000  1.026429e+03  3.682092e+02  5.438175e+01  9.550979e+01  5.268595e+01  8.655126e+00 
  401.000  1.017598e+03  3.640605e+02  5.419108e+01  9.468325e+01  5.211381e+01  8.624779e+00 
  402.000  1.075510e+03  3.839448e+02  5.751072e+01  1.000676e+02  5.497846e+01  9.153114e+00 
  403.000  1.004657e+03  3.577891e+02  5.396526e+01  9.347104e+01  5.125203e+01  8.588839e+00 
  404.000  1.076704e+03  3.826131e+02  5.807059e+01  1.001701e+02  5.482627e+01  9.242223e+00 
  405.000  9.848906e+02  3.490782e+02  5.337479e+01  9.162386e+01  5.004085e+01  8.494862e+00 
  406.000  9.747838e+02  3.448185e+02  5.301788e+01  9.068034e+01  4.944508e+01  8.438057e+00 
  407.000  9.470331e+02  3.340809e+02  5.176783e+01  8.809432e+01  4.792559e+01  8.239106e+00 
  408.000  1.023230e+03  3.602112e+02  5.614375e+01  9.517861e+01  5.169057e+01  8.935555e+00 
  409.000  1.129759e+03  3.967033e+02  6.227276e+01  1.050828e+02  5.694939e+01  9.911017e+00 
  410.000  9.420925e+02  3.300714e+02  5.213484e+01  8.762375e+01  4.740009e+01  8.297517e+00 
  411.000  1.103647e+03  3.856299e+02  6.169448e+01  1.026447e+02  5.540663e+01  9.818982e+00 
  412.000  1.140713e+03  3.976575e+02  6.434027e+01  1.060874e+02  5.715996e+01  1.024007e+01 
  413.000  1.074810e+03  3.739064e+02  6.110550e+01  9.995454e+01  5.376716e+01  9.725241e+00 
  414.000  1.052620e+03  3.652206e+02  6.044349e+01  9.788616e+01  5.254456e+01  9.619879e+00 
  415.000  1.119783e+03  3.876534e+02  6.483961e+01  1.041276e+02  5.579577e+01  1.031955e+01 
  416.000  1.110237e+03  3.834044e+02  6.487161e+01  1.032352e+02  5.521001e+01  1.032464e+01 
  417.000  1.073667e+03  3.700932e+02  6.315722e+01  9.983135e+01  5.331187e+01  1.005179e+01 
  418.000  1.047817e+03  3.603395e+02  6.215812e+01  9.742361e+01  5.192992e+01  9.892772e+00 
  419.000  1.071189e+03  3.673242e+02  6.419549e+01  9.959154e+01  5.296531e+01  1.021703e+01 
  420.000  9.045820e+02  3.094766e+02  5.464780e+01  8.409811e+01  4.464363e+01  8.697468e+00 
  421.000  1.130781e+03  3.859115e+02  6.873632e+01  1.051230e+02  5.569331e+01  1.093972e+01 
  422.000  1.080959e+03  3.681353e+02  6.605118e+01  1.004877e+02  5.314702e+01  1.051237e+01 
  423.000  9.109127e+02  3.094457e+02  5.600579e+01  8.467609e+01  4.469333e+01  8.913599e+00 
  424.000  9.997723e+02  3.387789e+02  6.184760e+01  9.293217e+01  4.895102e+01  9.843351e+00 
  425.000  1.033358e+03  3.491938e+02  6.435318e+01  9.604943e+01  5.047978e+01  1.024213e+01 
  426.000  9.910952e+02  3.342819e+02  6.200040e+01  9.211817e+01  4.833971e+01  9.867670e+00 
  427.000  9.514525e+02  3.200204e+02  5.991452e+01  8.842930e+01  4.629942e+01  9.535692e+00 
  428.000  9.615231e+02  3.225768e+02  6.091610e+01  8.936132e+01  4.668983e+01  9.695099e+00 
  429.000  8.729807e+02  2.922154e+02  5.559677e+01  8.112933e+01  4.231158e+01  8.848500e+00 
  430.000  6.952905e+02  2.321427e+02  4.452517e+01  6.461311e+01  3.362774e+01  7.086400e+00 
  431.000  6.238219e+02  2.078724e+02  3.999358e+01  5.796968e+01  3.012004e+01  6.365177e+00 
  432.000  1.120879e+03  3.724313e+02  7.197864e+01  1.041546e+02  5.398523e+01  1.145576e+01 
  433.000  9.959661e+02  3.299988e+02  6.405955e+01  9.254315e+01  4.785279e+01  1.019539e+01 
  434.000  9.448042e+02  3.123427e+02  6.084652e+01  8.778608e+01  4.530639e+01  9.684023e+00 
  435.000  1.026178e+03  3.382564e+02  6.619585e+01  9.534238e+01  4.908475e+01  1.053540e+01 
  436.000  1.135737e+03  3.735549e+02  7.335291e+01  1.055178e+02  5.422305e+01  1.167448e+01 
  437.000  1.144874e+03  3.754050e+02  7.407001e+01  1.063614e+02  5.451440e+01  1.178861e+01 
  438.000  1.023626e+03  3.350040e+02  6.629634e+01  9.509429e+01  4.866029e+01  1.055139e+01 
  439.000  9.889917e+02  3.227023e+02  6.415932e+01  9.187239e+01  4.689255e+01  1.021127e+01 
  440.000  1.106589e+03  3.602161e+02  7.190070e+01  1.027927e+02  5.236099e+01  1.144335e+01 
  441.000  1.100974e+03  3.577802e+02  7.180370e+01  1.022683e+02  5.202200e+01  1.142791e+01 
  442.000  1.157913e+03  3.751653e+02  7.600914e+01  1.075521e+02  5.457755e+01  1.209723e+01 
  443.000  1.163884e+03  3.761749e+02  7.680777e+01  1.081024e+02  5.474738e+01  1.222434e+01 
  444.000  1.154847e+03  3.720905e+02  7.672269e+01  1.072577e+02  5.418184e+01  1.221080e+01 
  445.000  1.212975e+03  3.899416e+02  8.096954e+01  1.126523e+02  5.680302e+01  1.288670e+01 
  446.000  1.078221e+03  3.458373e+02  7.231835e+01  1.001337e+02  5.039781e+01  1.150982e+01 
  447.000  1.227968e+03  3.928522e+02  8.280759e+01  1.140360e+02  5.727438e+01  1.317924e+01 
  448.000  1.246427e+03  3.976497e+02  8.453766e+01  1.157451e+02  5.800135e+01  1.345459e+01 
  449.000  1.252659e+03  3.987384e+02  8.535416e+01  1.163197e+02  5.818253e+01  1.358454e+01 
  450.000  1.277985e+03  4.056231e+02  8.757853e+01  1.186661e+02  5.921613e+01  1.393856e+01 
  451.000  1.378911e+03  4.366278e+02  9.477203e+01  1.280328e+02  6.376545e+01  1.508344e+01 
  452.000  1.279781e+03  4.044312e+02  8.817638e+01  1.188249e+02  5.908149e+01  1.403371e+01 
  453.000  1.186398e+03  3.738604e+02  8.202767e+01  1.101497e+02  5.463925e+01  1.305511e+01 
  454.000  1.263462e+03  3.967835e+02  8.772203e+01  1.172985e+02  5.801989e+01  1.396140e+01 
  455.000  1.270553e+03  3.981668e+02  8.844100e+01  1.179531e+02  5.824105e+01  1.407582e+01 
  456.000  1.299923e+03  4.063434e+02  9.076134e+01  1.206751e+02  5.946008e+01  1.444512e+01 
  457.000  1.305748e+03  4.071629e+02  9.143674e+01  1.212114e+02  5.960242e+01  1.455261e+01 
  458.000  1.281818e+03  3.982511e+02  9.014979e+01  1.189836e+02  5.833035e+01  1.434778e+01 
  459.000  1.280104e+03  3.969794e+02  9.022726e+01  1.188212e+02  5.816066e+01  1.436012e+01 
  460.000  1.267708e+03  3.921098e+02  8.962798e+01  1.176660e+02  5.747021e+01  1.426474e+01 
  461.000  1.312375e+03  4.048733e+02  9.289728e+01  1.218073e+02  5.936198e+01  1.478506e+01 
  462.000  1.289921e+03  3.967534e+02  9.143243e+01  1.197180e+02  5.819531e+01  1.455192e+01 
  463.000  1.288868e+03  3.955796e+02  9.144662e+01  1.196167e+02  5.804016e+01  1.455418e+01 
  464.000  1.291284e+03  3.952250e+02  9.173232e+01  1.198360e+02  5.801006e+01  1.459965e+01 
  465.000  1.270434e+03  3.880267e+02  9.033630e+01  1.178975e+02  5.696987e+01  1.437747e+01 
  466.000  1.309369e+03  3.983078e+02  9.327258e+01  1.215038e+02  5.851159e+01  1.484479e+01 
  467.000  1.261516e+03  3.826861e+02  8.997466e+01  1.170587e+02  5.623811e+01  1.431991e+01 
  468.000  1.334105e+03  4.036895e+02  9.525755e+01  1.237900e+02  5.934508e+01  1.516071e+01 
  469.000  1.321218e+03  3.989025e+02  9.442950e+01  1.225904e+02  5.865915e+01  1.502892e+01 
  470.000  1.302311e+03  3.919938e+02  9.321926e+01  1.208309e+02  5.766755e+01  1.483631e+01 
  471.000  1.299369e+03  3.900069e+02  9.330219e+01  1.205532e+02  5.740000e+01  1.484950e+01 
  472.000  1.314836e+03  3.935852e+02  9.469623e+01  1.219835e+02  5.795057e+01  1.507137e+01 
  473.000  1.300473e+03  3.882614e+02  9.393441e+01  1.206466e+02  5.718976e+01  1.495013e+01 
  474.000  1.310996e+03  3.904371e+02  9.495148e+01  1.216187e+02  5.753197e+01  1.511200e+01 
  475.000  1.364901e+03  4.052968e+02  9.917300e+01  1.266142e+02  5.974847e+01  1.578387e+01 
  476.000  1.324593e+03  3.920735e+02  9.657729e+01  1.228696e+02  5.782733e+01  1.537075e+01 
  477.000  1.313281e+03  3.877974e+02  9.599865e+01  1.218163e+02  5.721754e+01  1.527866e+01 
  478.000  1.375978e+03  4.055480e+02  1.007841e+02  1.276287e+02  5.985376e+01  1.604029e+01 
  479.000  1.310142e+03  3.851963e+02  9.621291e+01  1.215179e+02  5.687145e+01  1.531276e+01 
  480.000  1.332358e+03  3.905549e+02  9.815509e+01  1.235735e+02  5.768906e+01  1.562187e+01 
  481.000  1.321222e+03  3.860788e+02  9.765530e+01  1.225355e+02  5.705520e+01  1.554232e+01 
  482.000  1.346063e+03  3.922001e+02  9.979210e+01  1.248345e+02  5.798548e+01  1.588241e+01 
  483.000  1.345277e+03  3.907456e+02  1.000576e+02  1.247564e+02  5.779809e+01  1.592466e+01 
  484.000  1.291733e+03  3.742031e+02  9.633646e+01  1.197867e+02  5.537351e+01  1.533242e+01 
  485.000  1.299779e+03  3.754991e+02  9.720947e+01  1.205285e+02  5.558867e+01  1.547137e+01 
  486.000  1.052329e+03  3.034882e+02  7.884093e+01  9.758022e+01  4.494005e+01  1.254792e+01 
  487.000  1.181492e+03  3.396366e+02  8.880807e+01  1.095526e+02  5.031774e+01  1.413424e+01 
  488.000  1.281498e+03  3.672615e+02  9.662067e+01  1.188208e+02  5.443579e+01  1.537766e+01 
  489.000  1.190029e+03  3.400355e+02  8.999029e+01  1.103355e+02  5.042321e+01  1.432240e+01 
  490.000  1.353439e+03  3.855560e+02  1.026553e+02  1.254814e+02  5.719986e+01  1.633811e+01 
  491.000  1.265311e+03  3.597461e+02  9.615601e+01  1.173078e+02  5.338674e+01  1.530370e+01 
  492.000  1.215302e+03  3.444651e+02  9.263438e+01  1.126670e+02  5.114306e+01  1.474322e+01 
  493.000  1.308246e+03  3.696419e+02  1.000250e+02  1.212787e+02  5.490750e+01  1.591947e+01 
  494.000  1.263207e+03  3.558561e+02  9.685905e+01  1.170991e+02  5.288373e+01  1.541560e+01 
  495.000  1.349465e+03  3.792660e+02  1.037059e+02  1.250915e+02  5.638282e+01  1.650530e+01 
  496.000  1.314229e+03  3.683328e+02  1.012675e+02  1.218209e+02  5.478080e+01  1.611722e+01 
  497.000  1.274940e+03  3.562212e+02  9.852753e+01  1.181745e+02  5.300441e+01  1.568114e+01 
  498.000  1.244645e+03  3.469535e+02  9.639606e+01  1.153631e+02  5.164364e+01  1.534191e+01 
  499.000  1.241870e+03  3.449986e+02  9.648934e+01  1.151010e+02  5.137943e+01  1.535676e+01 
  500.000  1.236529e+03  3.424613e+02  9.638120e+01  1.146017e+02  5.102591e+01  1.533954e+01 
  501.000  1.208694e+03  3.340695e+02  9.462034e+01  1.120190e+02  4.979434e+01  1.505929e+01 
  502.000  1.201106e+03  3.308297e+02  9.470995e+01  1.113109e+02  4.934290e+01  1.507356e+01 
  503.000  1.272846e+03  3.496064e+02  1.009547e+02  1.179553e+02  5.217051e+01  1.606745e+01 
  504.000  1.184082e+03  3.246523e+02  9.425709e+01  1.097270e+02  4.846251e+01  1.500148e+01 
  505.000  1.277589e+03  3.490516e+02  1.024398e+02  1.183869e+02  5.213884e+01  1.630381e+01 
  506.000  1.367119e+03  3.722274e+02  1.103849e+02  1.266778e+02  5.563606e+01  1.756830e+01 
  507.000  1.271032e+03  3.452667e+02  1.031027e+02  1.177710e+02  5.162834e+01  1.640930e+01 
  508.000  1.218312e+03  3.298612e+02  9.947189e+01  1.128816e+02  4.935461e+01  1.583144e+01 
  509.000  1.312813e+03  3.545769e+02  1.077056e+02  1.216339e+02  5.307666e+01  1.714188e+01 
  510.000  1.271283e+03  3.423948e+02  1.048725e+02  1.177821e+02  5.127975e+01  1.669098e+01 
  511.000  1.271187e+03  3.412701e+02  1.058988e+02  1.177685e+02  5.114701e+01  1.685431e+01 
  512.000  1.333285e+03  3.572337e+02  1.117433e+02  1.235185e+02  5.356261e+01  1.778450e+01 
  513.000  1.220031e+03  3.256518e+02  1.034244e+02  1.130212e+02  4.886765e+01  1.646050e+01 
  514.000  1.193599e+03  3.180109e+02  1.017382e+02  1.105701e+02  4.774016e+01  1.619213e+01 
  515.000  1.218188e+03  3.234796e+02  1.048587e+02  1.128434e+02  4.859644e+01  1.668877e+01 
  516.000  1.279243e+03  3.388522e+02  1.109084e+02  1.184955e+02  5.093329e+01  1.765161e+01 
  517.000  9.426312e+02  2.487129e+02  8.264637e+01  8.731126e+01  3.741618e+01  1.315358e+01 
  518.000  1.166712e+03  3.073372e+02  1.027643e+02  1.080647e+02  4.625187e+01  1.635544e+01 
  519.000  1.105719e+03  2.901353e+02  9.846227e+01  1.024105e+02  4.370013e+01  1.567076e+01 
  520.000  1.217103e+03  3.187854e+02  1.089241e+02  1.127244e+02  4.803425e+01  1.733581e+01 
  521.000  1.218236e+03  3.178543e+02  1.103848e+02  1.128242e+02  4.793684e+01  1.756828e+01 
  522.000  1.266501e+03  3.298470e+02  1.154333e+02  1.172917e+02  4.976667e+01  1.837178e+01 
  523.000  1.180187e+03  3.064813e+02  1.085620e+02  1.092943e+02  4.627250e+01  1.727817e+01 
  524.000  1.280936e+03  3.315878e+02  1.190158e+02  1.186200e+02  5.010028e+01  1.894196e+01 
  525.000  1.270926e+03  3.282538e+02  1.189189e+02  1.176899e+02  4.962270e+01  1.892653e+01 
  526.000  1.211699e+03  3.118791e+02  1.145846e+02  1.122010e+02  4.718526e+01  1.823671e+01 
  527.000  1.059048e+03  2.717125e+02  1.011294e+02  9.806213e+01  4.113914e+01  1.609525e+01 
  528.000  1.272558e+03  3.255723e+02  1.225450e+02  1.178281e+02  4.932624e+01  1.950364e+01 
  529.000  1.309442e+03  3.339698e+02  1.272577e+02  1.212390e+02  5.063509e+01  2.025369e+01 
  530.000  1.237657e+03  3.150230e+02  1.209935e+02  1.145899e+02  4.778494e+01  1.925672e+01 
  531.000  1.348008e+03  3.419440e+02  1.326984e+02  1.248021e+02  5.190427e+01  2.111960e+01 
  532.000  1.286452e+03  3.254192e+02  1.273238e+02  1.190995e+02  4.942345e+01  2.026421e+01 
  533.000  1.129805e+03  2.849937e+02  1.124215e+02  1.045939e+02  4.330795e+01  1.789243e+01 
  534.000  1.228503e+03  3.087519e+02  1.230976e+02  1.137265e+02  4.695265e+01  1.959159e+01 
  535.000  1.252630e+03  3.142320e+02  1.259531e+02  1.159577e+02  4.780367e+01  2.004606e+01 
  536.000  1.328840e+03  3.322562e+02  1.344363e+02  1.230082e+02  5.057872e+01  2.139621e+01 
  537.000  1.232826e+03  3.070500e+02  1.256215e+02  1.141157e+02  4.677786e+01  1.999328e+01 
  538.000  1.290189e+03  3.205144e+02  1.320822e+02  1.194222e+02  4.885397e+01  2.102154e+01 
  539.000  1.285808e+03  3.184851e+02  1.323375e+02  1.190129e+02  4.857310e+01  2.106216e+01 
  540.000  1.258307e+03  3.107203e+02  1.302193e+02  1.164637e+02  4.741768e+01  2.072505e+01 
  541.000  1.153758e+03  2.841077e+02  1.197241e+02  1.067840e+02  4.337682e+01  1.905468e+01 
  542.000  1.287028e+03  3.159723e+02  1.339370e+02  1.191150e+02  4.826616e+01  2.131674e+01 
  543.000  1.231256e+03  3.012496e+02  1.285474e+02  1.139492e+02  4.604353e+01  2.045895e+01 
  544.000  1.298943e+03  3.167874e+02  1.360253e+02  1.202095e+02  4.844450e+01  2.164910e+01 
  545.000  1.279930e+03  3.112160e+02  1.344096e+02  1.184465e+02  4.761638e+01  2.139195e+01 
  546.000  1.251727e+03  3.035373e+02  1.317774e+02  1.158334e+02  4.646253e+01  2.097302e+01 
  547.000  1.305381e+03  3.154748e+02  1.378563e+02  1.207944e+02  4.831725e+01  2.194052e+01 
  548.000  1.212047e+03  2.915224e+02  1.285587e+02  1.121523e+02  4.468443e+01  2.046076e+01 
  549.000  1.275564e+03  3.062928e+02  1.354987e+02  1.180278e+02  4.696141e+01  2.156529e+01 
  550.000  1.248469e+03  2.986396e+02  1.330973e+02  1.155163e+02  4.581776e+01  2.118309e+01 
  551.000  1.241180e+03  2.964893e+02  1.326108e+02  1.148400e+02  4.550126e+01  2.110567e+01 
  552.000  1.295407e+03  3.088413e+02  1.388345e+02  1.198546e+02  4.741673e+01  2.209620e+01 
  553.000  1.245600e+03  2.961761e+02  1.340611e+02  1.152427e+02  4.549829e+01  2.133648e+01 
  554.000  1.287065e+03  3.054545e+02  1.389388e+02  1.190765e+02  4.694278e+01  2.211279e+01 
  555.000  1.291483e+03  3.059135e+02  1.398362e+02  1.194825e+02  4.703275e+01  2.225562e+01 
  556.000  1.256665e+03  2.971506e+02  1.364341e+02  1.162590e+02  4.570249e+01  2.171416e+01 
  557.000  1.220253e+03  2.880120e+02  1.328577e+02  1.128880e+02  4.431437e+01  2.114496e+01 
  558.000  1.267523e+03  2.986367e+02  1.383836e+02  1.172587e+02  4.596666e+01  2.202444e+01 
  559.000  1.199158e+03  2.818439e+02  1.314078e+02  1.109311e+02  4.340447e+01  2.091421e+01 
  560.000  1.205453e+03  2.827408e+02  1.324296e+02  1.115109e+02  4.356067e+01  2.107683e+01 
  561.000  1.325991e+03  3.103761e+02  1.454571e+02  1.226587e+02  4.783026e+01  2.315022e+01 
  562.000  1.218491e+03  2.846435e+02  1.334727e+02  1.127122e+02  4.387545e+01  2.124284e+01 
  563.000  1.275983e+03  2.974770e+02  1.395693e+02  1.180278e+02  4.586481e+01  2.221314e+01 
  564.000  1.259374e+03  2.929436e+02  1.375298e+02  1.164888e+02  4.517823e+01  2.188855e+01 
  565.000  1.275832e+03  2.962322e+02  1.391454e+02  1.180089e+02  4.569552e+01  2.214568e+01 
  566.000  1.177603e+03  2.728007e+02  1.282223e+02  1.089206e+02  4.209277e+01  2.040720e+01 
  567.000  1.265503e+03  2.926098e+02  1.376068e+02  1.170484e+02  4.515966e+01  2.190080e+01 
  568.000  1.267340e+03  2.925465e+02  1.376423e+02  1.172164e+02  4.515903e+01  2.190646e+01 
  569.000  1.251519e+03  2.880265e+02  1.356320e+02  1.157495e+02  4.447756e+01  2.158651e+01 
  570.000  1.258034e+03  2.887106e+02  1.361135e+02  1.163487e+02  4.459913e+01  2.166314e+01 
  571.000  1.208839e+03  2.768614e+02  1.307417e+02  1.117967e+02  4.278105e+01  2.080818e+01 
  572.000  1.284410e+03  2.937621e+02  1.388792e+02  1.187840e+02  4.540155e+01  2.210331e+01 
  573.000  1.297676e+03  2.960891e+02  1.402513e+02  1.200079e+02  4.577680e+01  2.232170e+01 
  574.000  1.291234e+03  2.940367e+02  1.395038e+02  1.194098e+02  4.547234e+01  2.220273e+01 
  575.000  1.261082e+03  2.864860e+02  1.361860e+02  1.166186e+02  4.431973e+01  2.167467e+01 
  576.000  1.238846e+03  2.807332e+02  1.337229e+02  1.145594e+02  4.344523e+01  2.128267e+01 
  577.000  1.288926e+03  2.915547e+02  1.390823e+02  1.191882e+02  4.513156e+01  2.213563e+01 
  578.000  1.249338e+03  2.818857e+02  1.347477e+02  1.155246e+02  4.365059e+01  2.144576e+01 
  579.000  1.238067e+03  2.787328e+02  1.334783e+02  1.144798e+02  4.317580e+01  2.124374e+01 
  580.000  1.278864e+03  2.874938e+02  1.378395e+02  1.182505e+02  4.454225e+01  2.193784e+01 
  581.000  1.253181e+03  2.810685e+02  1.350139e+02  1.158731e+02  4.356111e+01  2.148813e+01 
  582.000  1.270391e+03  2.842855e+02  1.368115e+02  1.174617e+02  4.407387e+01  2.177422e+01 
  583.000  1.278430e+03  2.855476e+02  1.376300e+02  1.182029e+02  4.428138e+01  2.190450e+01 
  584.000  1.274049e+03  2.836882e+02  1.370809e+02  1.177943e+02  4.401245e+01  2.181710e+01 
  585.000  1.265197e+03  2.813145e+02  1.360930e+02  1.169742e+02  4.365306e+01  2.165988e+01 
  586.000  1.210672e+03  2.685822e+02  1.301744e+02  1.119306e+02  4.169075e+01  2.071790e+01 
  587.000  1.260479e+03  2.793370e+02  1.355038e+02  1.165343e+02  4.336666e+01  2.156611e+01 
  588.000  1.259699e+03  2.784192e+02  1.353544e+02  1.164591e+02  4.324060e+01  2.154232e+01 
  589.000  1.133546e+03  2.500277e+02  1.217544e+02  1.047942e+02  3.884240e+01  1.937782e+01 
  590.000  1.185272e+03  2.607207e+02  1.272639e+02  1.095733e+02  4.051960e+01  2.025468e+01 
  591.000  1.247404e+03  2.738125e+02  1.341690e+02  1.153148e+02  4.257066e+01  2.135366e+01 
  592.000  1.230525e+03  2.696061e+02  1.325723e+02  1.137524e+02  4.193119e+01  2.109954e+01 
  593.000  1.229940e+03  2.688452e+02  1.327851e+02  1.136957e+02  4.183115e+01  2.113340e+01 
  594.000  1.244954e+03  2.715062e+02  1.346765e+02  1.150810e+02  4.226317e+01  2.143443e+01 
  595.000  1.231696e+03  2.678954e+02  1.335555e+02  1.138525e+02  4.172192e+01  2.125603e+01 
  596.000  1.249141e+03  2.711049e+02  1.357017e+02  1.154626e+02  4.223867e+01  2.159759e+01 
  597.000  1.257106e+03  2.725744e+02  1.366796e+02  1.161978e+02  4.247513e+01  2.175324e+01 
  598.000  1.226976e+03  2.654428e+02  1.336642e+02  1.134104e+02  4.138113e+01  2.127332e+01 
  599.000  1.226294e+03  2.646985e+02  1.338491e+02  1.133448e+02  4.128235e+01  2.130275e+01 
  600.000  1.222647e+03  2.633603e+02  1.336906e+02  1.130056e+02  4.108958e+01  2.127752e+01 
  601.000  1.213605e+03  2.608589e+02  1.328200e+02  1.121677e+02  4.071373e+01  2.113896e+01 
  602.000  1.200748e+03  2.572270e+02  1.315582e+02  1.109758e+02  4.016894e+01  2.093814e+01 
  603.000  1.207244e+03  2.581295e+02  1.323519e+02  1.115743e+02  4.032232e+01  2.106446e+01 
  604.000  1.244205e+03  2.656429e+02  1.364691e+02  1.149887e+02  4.150590e+01  2.171973e+01 
  605.000  1.240569e+03  2.642414e+02  1.361748e+02  1.146502e+02  4.130281e+01  2.167289e+01 
  606.000  1.226126e+03  2.604729e+02  1.347050e+02  1.133126e+02  4.073135e+01  2.143897e+01 
  607.000  1.219072e+03  2.584450e+02  1.340186e+02  1.126587e+02  4.042771e+01  2.132972e+01 
  608.000  1.214675e+03  2.567897e+02  1.336558e+02  1.122495e+02  4.018715e+01  2.127197e+01 
  609.000  1.201911e+03  2.538015e+02  1.322997e+02  1.110688e+02  3.972687e+01  2.105614e+01 
  610.000  1.182610e+03  2.491472e+02  1.302715e+02  1.092829e+02  3.901305e+01  2.073336e+01 
  611.000  1.201527e+03  2.526471e+02  1.323299e+02  1.110292e+02  3.957206e+01  2.106095e+01 
  612.000  1.185938e+03  2.485698e+02  1.305402e+02  1.095855e+02  3.895107e+01  2.077612e+01 
  613.000  1.168475e+03  2.443594e+02  1.285680e+02  1.079698e+02  3.830344e+01  2.046223e+01 
  614.000  1.126076e+03  2.350762e+02  1.238649e+02  1.040504e+02  3.685749e+01  1.971371e+01 
  615.000  1.179850e+03  2.457996e+02  1.297341e+02  1.090173e+02  3.854990e+01  2.064783e+01 
  616.000  1.121910e+03  2.330161e+02  1.232983e+02  1.036609e+02  3.656073e+01  1.962353e+01 
  617.000  1.128220e+03  2.337942e+02  1.239433e+02  1.042419e+02  3.669456e+01  1.972619e+01 
  618.000  1.181405e+03  2.443914e+02  1.297475e+02  1.091543e+02  3.836720e+01  2.064995e+01 
  619.000  1.170802e+03  2.416158e+02  1.285300e+02  1.081724e+02  3.794429e+01  2.045618e+01 
  620.000  1.188447e+03  2.445833e+02  1.304058e+02  1.098002e+02  3.842517e+01  2.075472e+01 
  621.000  1.209269e+03  2.482323e+02  1.326326e+02  1.117215e+02  3.901249e+01  2.110914e+01 
  622.000  1.145574e+03  2.348863e+02  1.256219e+02  1.058359e+02  3.692099e+01  1.999335e+01 
  623.000  1.155277e+03  2.360462e+02  1.266104e+02  1.067291e+02  3.712159e+01  2.015067e+01 
  624.000  1.156834e+03  2.359771e+02  1.267458e+02  1.068716e+02  3.711928e+01  2.017223e+01 
  625.000  1.125870e+03  2.292288e+02  1.233140e+02  1.040093e+02  3.606729e+01  1.962603e+01 
  626.000  1.132815e+03  2.298909e+02  1.240063e+02  1.046482e+02  3.618805e+01  1.973621e+01 
  627.000  1.157308e+03  2.341892e+02  1.266263e+02  1.069083e+02  3.687946e+01  2.015320e+01 
  628.000  1.175077e+03  2.372462e+02  1.285213e+02  1.085476e+02  3.737273e+01  2.045481e+01 
  629.000  1.184426e+03  2.387719e+02  1.295110e+02  1.094099e+02  3.762106e+01  2.061232e+01 
  630.000  1.141953e+03  2.297676e+02  1.248266e+02  1.054849e+02  3.621207e+01  1.986677e+01 
  631.000  1.178564e+03  2.363562e+02  1.287578e+02  1.088639e+02  3.726759e+01  2.049244e+01 
  632.000  1.098413e+03  2.198073e+02  1.199581e+02  1.014586e+02  3.466870e+01  1.909192e+01 
  633.000  1.172474e+03  2.341666e+02  1.280043e+02  1.082978e+02  3.694365e+01  2.037252e+01 
  634.000  1.134758e+03  2.258198e+02  1.238126e+02  1.048111e+02  3.564473e+01  1.970539e+01 
  635.000  1.154228e+03  2.295174e+02  1.259208e+02  1.066087e+02  3.623227e+01  2.004092e+01 
  636.000  1.112103e+03  2.204783e+02  1.212649e+02  1.027154e+02  3.481991e+01  1.929990e+01 
  637.000  1.147891e+03  2.268337e+02  1.250999e+02  1.060181e+02  3.583989e+01  1.991027e+01 
  638.000  1.162827e+03  2.294174e+02  1.266942e+02  1.073963e+02  3.625621e+01  2.016402e+01 
  639.000  1.152620e+03  2.268660e+02  1.255332e+02  1.064517e+02  3.586483e+01  1.997924e+01 
  640.000  1.114634e+03  2.191241e+02  1.213720e+02  1.029424e+02  3.464677e+01  1.931695e+01 
  641.000  1.130510e+03  2.214659e+02  1.230298e+02  1.044058e+02  3.503417e+01  1.958080e+01 
  642.000  1.115934e+03  2.181150e+02  1.213985e+02  1.030579e+02  3.451498e+01  1.932117e+01 
  643.000  1.136740e+03  2.217343e+02  1.236211e+02  1.049777e+02  3.509755e+01  1.967492e+01 
  644.000  1.123562e+03  2.186278e+02  1.221392e+02  1.037588e+02  3.461761e+01  1.943906e+01 
  645.000  1.135511e+03  2.202774e+02  1.233767e+02  1.048598e+02  3.489365e+01  1.963601e+01 
  646.000  1.100651e+03  2.131050e+02  1.195518e+02  1.016392e+02  3.376650e+01  1.902726e+01 
  647.000  1.121864e+03  2.166374e+02  1.218036e+02  1.035960e+02  3.433883e+01  1.938564e+01 
  648.000  1.126540e+03  2.171795e+02  1.222785e+02  1.040265e+02  3.443270e+01  1.946122e+01 
  649.000  1.143165e+03  2.195532e+02  1.240074e+02  1.055587e+02  3.482727e+01  1.973638e+01 
  650.000  1.048868e+03  2.007580e+02  1.137160e+02  9.684896e+01  3.186086e+01  1.809846e+01 
  651.000  1.129726e+03  2.159735e+02  1.224586e+02  1.043141e+02  3.428135e+01  1.948989e+01 
  652.000  1.118075e+03  2.132391e+02  1.211496e+02  1.032366e+02  3.385845e+01  1.928156e+01 
  653.000  1.128903e+03  2.149181e+02  1.222877e+02  1.042349e+02  3.413351e+01  1.946269e+01 
  654.000  1.115878e+03  2.115715e+02  1.207979e+02  1.030293e+02  3.362101e+01  1.922559e+01 
  655.000  1.090429e+03  2.064922e+02  1.180198e+02  1.006786e+02  3.281943e+01  1.878343e+01 
  656.000  9.246815e+02  1.746745e+02  1.000414e+02  8.537375e+01  2.777183e+01  1.592208e+01 
  657.000  9.850308e+02  1.856299e+02  1.065301e+02  9.094409e+01  2.952340e+01  1.695479e+01 
  658.000  1.093635e+03  2.054232e+02  1.182143e+02  1.009687e+02  3.268618e+01  1.881439e+01 
  659.000  1.094344e+03  2.048537e+02  1.182269e+02  1.010317e+02  3.261095e+01  1.881640e+01 
  660.000  1.101844e+03  2.059974e+02  1.190135e+02  1.017232e+02  3.279873e+01  1.894159e+01 
  661.000  1.104199e+03  2.056794e+02  1.191990e+02  1.019380e+02  3.276470e+01  1.897110e+01 
  662.000  1.118574e+03  2.081731e+02  1.207340e+02  1.032644e+02  3.316599e+01  1.921541e+01 
  663.000  1.106825e+03  2.052004e+02  1.193944e+02  1.021771e+02  3.270958e+01  1.900220e+01 
  664.000  1.088651e+03  2.015502e+02  1.174083e+02  1.004983e+02  3.213387e+01  1.868612e+01 
  665.000  1.093160e+03  2.018643e+02  1.178472e+02  1.009128e+02  3.219536e+01  1.875597e+01 
  666.000  1.105840e+03  2.037586e+02  1.191734e+02  1.020817e+02  3.250726e+01  1.896704e+01 
  667.000  1.083825e+03  1.989754e+02  1.167349e+02  1.000470e+02  3.176006e+01  1.857893e+01 
  668.000  1.089410e+03  1.996541e+02  1.173049e+02  1.005613e+02  3.187598e+01  1.866965e+01 
  669.000  1.105062e+03  2.018702e+02  1.189309e+02  1.020039e+02  3.224405e+01  1.892843e+01 
  670.000  1.091587e+03  1.991124e+02  1.174536e+02  1.007589e+02  3.181002e+01  1.869332e+01 
  671.000  1.080251e+03  1.962307e+02  1.161598e+02  9.970981e+01  3.136744e+01  1.848741e+01 
  672.000  1.076451e+03  1.953260e+02  1.157317e+02  9.935838e+01  3.122750e+01  1.841928e+01 
  673.000  1.084400e+03  1.960273e+02  1.165189e+02  1.000895e+02  3.135580e+01  1.854455e+01 
  674.000  1.086313e+03  1.960755e+02  1.166974e+02  1.002651e+02  3.137002e+01  1.857296e+01 
  675.000  1.069954e+03  1.923916e+02  1.148735e+02  9.875266e+01  3.079659e+01  1.828268e+01 
  676.000  1.089965e+03  1.957184e+02  1.169971e+02  1.005986e+02  3.133504e+01  1.862067e+01 
  677.000  1.068244e+03  1.914586e+02  1.146329e+02  9.859268e+01  3.066089e+01  1.824440e+01 
  678.000  1.086176e+03  1.939912e+02  1.164952e+02  1.002454e+02  3.108132e+01  1.854078e+01 
  679.000  1.070827e+03  1.909261e+02  1.148195e+02  9.882771e+01  3.059730e+01  1.827410e+01 
  680.000  1.063373e+03  1.888654e+02  1.142203e+02  9.813728e+01  3.028618e+01  1.817872e+01 
  681.000  1.065039e+03  1.888831e+02  1.151117e+02  9.828991e+01  3.030388e+01  1.832060e+01 
  682.000  1.063216e+03  1.879608e+02  1.164480e+02  9.811931e+01  3.018784e+01  1.853328e+01 
  683.000  1.070644e+03  1.889616e+02  1.180608e+02  9.880365e+01  3.036524e+01  1.878996e+01 
  684.000  1.052502e+03  1.851912e+02  1.175132e+02  9.712723e+01  2.978961e+01  1.870280e+01 
  685.000  1.063674e+03  1.869774e+02  1.192186e+02  9.815743e+01  3.008649e+01  1.897422e+01 
  686.000  1.021104e+03  1.790005e+02  1.157076e+02  9.422718e+01  2.882920e+01  1.841545e+01 
  687.000  1.069850e+03  1.870601e+02  1.224691e+02  9.872353e+01  3.015305e+01  1.949156e+01 
  688.000  1.055429e+03  1.842213e+02  1.216268e+02  9.739160e+01  2.971231e+01  1.935751e+01 
  689.000  1.062871e+03  1.850571e+02  1.236632e+02  9.807652e+01  2.987169e+01  1.968161e+01 
  690.000  1.060429e+03  1.843188e+02  1.241754e+02  9.784998e+01  2.976913e+01  1.976313e+01 
  691.000  1.053986e+03  1.828562e+02  1.258685e+02  9.725387e+01  2.956958e+01  2.003259e+01 
  692.000  1.039666e+03  1.799945e+02  1.276942e+02  9.593053e+01  2.915700e+01  2.032316e+01 
  693.000  1.041972e+03  1.801732e+02  1.300405e+02  9.614220e+01  2.921524e+01  2.069659e+01 
  694.000  1.051246e+03  1.812753e+02  1.361125e+02  9.699537e+01  2.946306e+01  2.166297e+01 
  695.000  1.030433e+03  1.775898e+02  1.358172e+02  9.507410e+01  2.889444e+01  2.161598e+01 
  696.000  1.041238e+03  1.793671e+02  1.397163e+02  9.607021e+01  2.921462e+01  2.223654e+01 
  697.000  1.039385e+03  1.789177e+02  1.432585e+02  9.589806e+01  2.918885e+01  2.280029e+01 
  698.000  1.020811e+03  1.756478e+02  1.428042e+02  9.418362e+01  2.868173e+01  2.272799e+01 
  699.000  1.043089e+03  1.794509e+02  1.467902e+02  9.623874e+01  2.931362e+01  2.336239e+01 
  700.000  1.030709e+03  1.771483e+02  1.502647e+02  9.509488e+01  2.900243e+01  2.391537e+01 
  701.000  1.008421e+03  1.732686e+02  1.496216e+02  9.303775e+01  2.839875e+01  2.381302e+01 
  702.000  1.003121e+03  1.723059e+02  1.516076e+02  9.254804e+01  2.827442e+01  2.412909e+01 
  703.000  1.014806e+03  1.742152e+02  1.585405e+02  9.362473e+01  2.865003e+01  2.523250e+01 
  704.000  1.017760e+03  1.746718e+02  1.616551e+02  9.389655e+01  2.875709e+01  2.572820e+01 
  705.000  1.026933e+03  1.761668e+02  1.672398e+02  9.474165e+01  2.905292e+01  2.661704e+01 
  706.000  1.016043e+03  1.742280e+02  1.691384e+02  9.373603e+01  2.877732e+01  2.691921e+01 
  707.000  1.000489e+03  1.715067e+02  1.693412e+02  9.230030e+01  2.836139e+01  2.695148e+01 
  708.000  1.029311e+03  1.763753e+02  1.779201e+02  9.495827e+01  2.921092e+01  2.831686e+01 
  709.000  9.920131e+02  1.699164e+02  1.749339e+02  9.151645e+01  2.818271e+01  2.784160e+01 
  710.000  1.016034e+03  1.739886e+02  1.813059e+02  9.373184e+01  2.888376e+01  2.885572e+01 
  711.000  1.005109e+03  1.720084e+02  1.848835e+02  9.272251e+01  2.862118e+01  2.942513e+01 
  712.000  9.903990e+02  1.694438e+02  1.845461e+02  9.136486e+01  2.822277e+01  2.937143e+01 
  713.000  9.870267e+02  1.687979e+02  1.873588e+02  9.105286e+01  2.815632e+01  2.981908e+01 
  714.000  1.003980e+03  1.716787e+02  1.915010e+02  9.261656e+01  2.864789e+01  3.047833e+01 
  715.000  9.700714e+02  1.657797e+02  1.900135e+02  8.948714e+01  2.772297e+01  3.024159e+01 
  716.000  9.964994e+02  1.702178e+02  1.990418e+02  9.192406e+01  2.851105e+01  3.167849e+01 
  717.000  9.732822e+02  1.662157e+02  1.961768e+02  8.978185e+01  2.786183e+01  3.122251e+01 
  718.000  9.694521e+02  1.654558e+02  2.005556e+02  8.942717e+01  2.779574e+01  3.191942e+01 
  719.000  9.586913e+02  1.635711e+02  2.006602e+02  8.843392e+01  2.750683e+01  3.193607e+01 
  720.000  9.662559e+02  1.648220e+02  2.041629e+02  8.913120e+01  2.773998e+01  3.249353e+01 
  721.000  9.625252e+02  1.640123e+02  2.091865e+02  8.878535e+01  2.767406e+01  3.329306e+01 
  722.000  9.752692e+02  1.660954e+02  2.145882e+02  8.996007e+01  2.805763e+01  3.415278e+01 
  723.000  9.737072e+02  1.657633e+02  2.162060e+02  8.981538e+01  2.802542e+01  3.441026e+01 
  724.000  9.810601e+02  1.669744e+02  2.190438e+02  9.049326e+01  2.824486e+01  3.486189e+01 
  725.000  9.703689e+02  1.649984e+02  2.212734e+02  8.950566e+01  2.796677e+01  3.521675e+01 
  726.000  9.689054e+02  1.646273e+02  2.245307e+02  8.936959e+01  2.794751e+01  3.573518e+01 
  727.000  9.829709e+02  1.670063e+02  2.281091e+02  9.066686e+01  2.835526e+01  3.630470e+01 
  728.000  9.666018e+02  1.640869e+02  2.283528e+02  8.915578e+01  2.790866e+01  3.634349e+01 
  729.000  9.278890e+02  1.573898e+02  2.228562e+02  8.558395e+01  2.681383e+01  3.546866e+01 
  730.000  9.623984e+02  1.631467e+02  2.334135e+02  8.876617e+01  2.782262e+01  3.714891e+01 
  731.000  9.467153e+02  1.603881e+02  2.308879e+02  8.731907e+01  2.736918e+01  3.674694e+01 
  732.000  9.636088e+02  1.631588e+02  2.361732e+02  8.887669e+01  2.785750e+01  3.758814e+01 
  733.000  9.481048e+02  1.603256e+02  2.350239e+02  8.744551e+01  2.740902e+01  3.740520e+01 
  734.000  9.672615e+02  1.633772e+02  2.421616e+02  8.921131e+01  2.796246e+01  3.854122e+01 
  735.000  9.598980e+02  1.620228e+02  2.417216e+02  8.853154e+01  2.774931e+01  3.847119e+01 
  736.000  9.426590e+02  1.590241e+02  2.385088e+02  8.694108e+01  2.725071e+01  3.795985e+01 
  737.000  9.550113e+02  1.608802e+02  2.445159e+02  8.807903e+01  2.760703e+01  3.891591e+01 
  738.000  9.520379e+02  1.602468e+02  2.454279e+02  8.780405e+01  2.752054e+01  3.906107e+01 
  739.000  9.211549e+02  1.549154e+02  2.391475e+02  8.495504e+01  2.662722e+01  3.806151e+01 
  740.000  9.293788e+02  1.562192e+02  2.422806e+02  8.571306e+01  2.686457e+01  3.856015e+01 
  741.000  9.217819e+02  1.548203e+02  2.415079e+02  8.501180e+01  2.664074e+01  3.843718e+01 
  742.000  9.069401e+02  1.519115e+02  2.402755e+02  8.364116e+01  2.618107e+01  3.824104e+01 
  743.000  9.334214e+02  1.561962e+02  2.482525e+02  8.608270e+01  2.693432e+01  3.951061e+01 
  744.000  9.422058e+02  1.575133e+02  2.515627e+02  8.689214e+01  2.717642e+01  4.003745e+01 
  745.000  9.177025e+02  1.532690e+02  2.459619e+02  8.463174e+01  2.645863e+01  3.914605e+01 
  746.000  9.306260e+02  1.551893e+02  2.509393e+02  8.582250e+01  2.681341e+01  3.993824e+01 
  747.000  9.453069e+02  1.574274e+02  2.562324e+02  8.717546e+01  2.722061e+01  4.078065e+01 
  748.000  9.277685e+02  1.544113e+02  2.520831e+02  8.555766e+01  2.670840e+01  4.012027e+01 
  749.000  9.279731e+02  1.543271e+02  2.528891e+02  8.557601e+01  2.670536e+01  4.024856e+01 
  750.000  9.146030e+02  1.519331e+02  2.503255e+02  8.434229e+01  2.630770e+01  3.984055e+01 
  751.000  9.123231e+02  1.514128e+02  2.502132e+02  8.413148e+01  2.622718e+01  3.982267e+01 
  752.000  9.264908e+02  1.533253e+02  2.550883e+02  8.543641e+01  2.658161e+01  4.059857e+01 
  753.000  9.177372e+02  1.517484e+02  2.529673e+02  8.462872e+01  2.631499e+01  4.026100e+01 
  754.000  9.321893e+02  1.539431e+02  2.573902e+02  8.596070e+01  2.670585e+01  4.096492e+01 
  755.000  9.269614e+02  1.528771e+02  2.564030e+02  8.547789e+01  2.653160e+01  4.080781e+01 
  756.000  9.088815e+02  1.497446e+02  2.517411e+02  8.381015e+01  2.599590e+01  4.006585e+01 
  757.000  9.156268e+02  1.507031e+02  2.539534e+02  8.443159e+01  2.617034e+01  4.041794e+01 
  758.000  9.155944e+02  1.502831e+02  2.548768e+02  8.442712e+01  2.611920e+01  4.056490e+01 
  759.000  9.013645e+02  1.477345e+02  2.513937e+02  8.311421e+01  2.568745e+01  4.001056e+01 
  760.000  9.096241e+02  1.489215e+02  2.540873e+02  8.387523e+01  2.590275e+01  4.043925e+01 
  761.000  9.102885e+02  1.488387e+02  2.548038e+02  8.393578e+01  2.589949e+01  4.055328e+01 
  762.000  8.856619e+02  1.446397e+02  2.483970e+02  8.166437e+01  2.517894e+01  3.953360e+01 
  763.000  9.129952e+02  1.489071e+02  2.566173e+02  8.418399e+01  2.593335e+01  4.084191e+01 
  764.000  9.147075e+02  1.488513e+02  2.580433e+02  8.434064e+01  2.594327e+01  4.106886e+01 
  765.000  9.148571e+02  1.487312e+02  2.584925e+02  8.435392e+01  2.593080e+01  4.114035e+01 
  766.000  8.628953e+02  1.401102e+02  2.442991e+02  7.956218e+01  2.443790e+01  3.888141e+01 
  767.000  8.696602e+02  1.410018e+02  2.467965e+02  8.018515e+01  2.460551e+01  3.927888e+01 
  768.000  8.994276e+02  1.456838e+02  2.556501e+02  8.292928e+01  2.543098e+01  4.068798e+01 
  769.000  8.929944e+02  1.443538e+02  2.546315e+02  8.233509e+01  2.521563e+01  4.052586e+01 
  770.000  8.857462e+02  1.431260e+02  2.527222e+02  8.166660e+01  2.500443e+01  4.022200e+01 
  771.000  8.852134e+02  1.428834e+02  2.529915e+02  8.161691e+01  2.497099e+01  4.026484e+01 
  772.000  8.819194e+02  1.418187e+02  2.532385e+02  8.131133e+01  2.481268e+01  4.030416e+01 
  773.000  8.783041e+02  1.410653e+02  2.525837e+02  8.097740e+01  2.468983e+01  4.019994e+01 
  774.000  8.874392e+02  1.423937e+02  2.555199e+02  8.181915e+01  2.492956e+01  4.066726e+01 
  775.000  8.539972e+02  1.369240e+02  2.461220e+02  7.873553e+01  2.397735e+01  3.917153e+01 
  776.000  8.892367e+02  1.423657e+02  2.567417e+02  8.198376e+01  2.494110e+01  4.086171e+01 
  777.000  8.833260e+02  1.411450e+02  2.556454e+02  8.143788e+01  2.474151e+01  4.068723e+01 
  778.000  8.788123e+02  1.402493e+02  2.547270e+02  8.102113e+01  2.459356e+01  4.054107e+01 
  779.000  8.819448e+02  1.405402e+02  2.560994e+02  8.130920e+01  2.465541e+01  4.075948e+01 
  780.000  8.712711e+02  1.386667e+02  2.533831e+02  8.032456e+01  2.433570e+01  4.032717e+01 
  781.000  8.700074e+02  1.381362e+02  2.535917e+02  8.020695e+01  2.425802e+01  4.036037e+01 
  782.000  8.808406e+02  1.395765e+02  2.572175e+02  8.120473e+01  2.452382e+01  4.093744e+01 
  783.000  8.604673e+02  1.361972e+02  2.515206e+02  7.932602e+01  2.393703e+01  4.003075e+01 
  784.000  8.656186e+02  1.368445e+02  2.533073e+02  7.980035e+01  2.405852e+01  4.031511e+01 
  785.000  8.686874e+02  1.371591e+02  2.544903e+02  8.008270e+01  2.412168e+01  4.050338e+01 
  786.000  8.547195e+02  1.347944e+02  2.506644e+02  7.879449e+01  2.371313e+01  3.989447e+01 
  787.000  8.694322e+02  1.368243e+02  2.554641e+02  8.014985e+01  2.408355e+01  4.065837e+01 
  788.000  8.573773e+02  1.348564e+02  2.520401e+02  7.903831e+01  2.374041e+01  4.011344e+01 
  789.000  8.658085e+02  1.358708e+02  2.550386e+02  7.981451e+01  2.393329e+01  4.059065e+01 
  790.000  8.574304e+02  1.344291e+02  2.527823e+02  7.904176e+01  2.368515e+01  4.023156e+01 
  791.000  8.527513e+02  1.334303e+02  2.517459e+02  7.860956e+01  2.352028e+01  4.006661e+01 
  792.000  8.389827e+02  1.310783e+02  2.479084e+02  7.733968e+01  2.311367e+01  3.945585e+01 
  793.000  8.371858e+02  1.306476e+02  2.475498e+02  7.717357e+01  2.304379e+01  3.939877e+01 
  794.000  8.265472e+02  1.285410e+02  2.449168e+02  7.619144e+01  2.269022e+01  3.897972e+01 
  795.000  8.237581e+02  1.279353e+02  2.442878e+02  7.593380e+01  2.259023e+01  3.887961e+01 
  796.000  8.419873e+02  1.305602e+02  2.499304e+02  7.761352e+01  2.306204e+01  3.977766e+01 
  797.000  8.463522e+02  1.310514e+02  2.514389e+02  7.801526e+01  2.315627e+01  4.001775e+01 
  798.000  8.445130e+02  1.305639e+02  2.511249e+02  7.784509e+01  2.307830e+01  3.996777e+01 
  799.000  8.445327e+02  1.304726e+02  2.512389e+02  7.784660e+01  2.306596e+01  3.998592e+01 
