  291.000  3.625937e+02  1.612384e+02  2.053135e+01  3.397420e+01  2.200231e+01  3.267665e+00 
  292.000  3.985537e+02  1.775049e+02  2.269580e+01  3.733772e+01  2.426296e+01  3.612149e+00 
  293.000  3.091476e+02  1.379019e+02  1.770485e+01  2.895734e+01  1.888174e+01  2.817814e+00 
  294.000  3.281786e+02  1.466229e+02  1.890212e+01  3.073512e+01  2.011018e+01  3.008366e+00 
  295.000  2.908288e+02  1.301173e+02  1.683477e+01  2.723343e+01  1.787321e+01  2.679337e+00 
  296.000  4.006159e+02  1.795248e+02  2.332297e+01  3.750809e+01  2.470263e+01  3.711965e+00 
  297.000  2.171297e+02  9.743884e+01  1.270443e+01  2.032621e+01  1.342801e+01  2.021973e+00 
  298.000  3.556967e+02  1.598833e+02  2.093214e+01  3.329267e+01  2.207205e+01  3.331453e+00 
  299.000  3.515206e+02  1.582673e+02  2.080602e+01  3.289663e+01  2.188746e+01  3.311381e+00 
  300.000  2.836875e+02  1.279091e+02  1.687639e+01  2.654491e+01  1.771638e+01  2.685961e+00 
  301.000  4.140628e+02  1.863245e+02  2.478799e+01  3.874158e+01  2.582026e+01  3.945131e+00 
  302.000  2.925883e+02  1.313628e+02  1.764227e+01  2.737370e+01  1.821434e+01  2.807854e+00 
  303.000  4.242736e+02  1.901032e+02  2.574375e+01  3.969103e+01  2.637251e+01  4.097244e+00 
  304.000  3.792530e+02  1.695875e+02  2.315687e+01  3.547684e+01  2.353849e+01  3.685530e+00 
  305.000  4.266428e+02  1.903899e+02  2.621422e+01  3.990708e+01  2.643949e+01  4.172123e+00 
  306.000  3.664892e+02  1.631625e+02  2.267986e+01  3.427770e+01  2.267193e+01  3.609612e+00 
  307.000  4.003005e+02  1.778464e+02  2.492760e+01  3.743742e+01  2.472529e+01  3.967350e+00 
  308.000  4.206427e+02  1.864940e+02  2.635843e+01  3.933710e+01  2.594130e+01  4.195075e+00 
  309.000  3.853322e+02  1.704796e+02  2.429688e+01  3.603242e+01  2.372637e+01  3.866968e+00 
  310.000  3.159911e+02  1.395054e+02  2.005160e+01  2.954623e+01  1.942607e+01  3.191311e+00 
  311.000  5.490109e+02  2.418703e+02  3.513607e+01  5.133068e+01  3.369984e+01  5.592079e+00 
  312.000  3.972152e+02  1.746778e+02  2.560697e+01  3.713601e+01  2.435006e+01  4.075477e+00 
  313.000  4.449744e+02  1.952625e+02  2.892963e+01  4.159805e+01  2.723556e+01  4.604294e+00 
  314.000  4.379006e+02  1.917448e+02  2.871093e+01  4.093381e+01  2.676077e+01  4.569486e+00 
  315.000  4.455716e+02  1.946805e+02  2.946058e+01  4.164785e+01  2.718672e+01  4.688797e+00 
  316.000  3.346268e+02  1.459322e+02  2.228464e+01  3.127582e+01  2.038965e+01  3.546711e+00 
  317.000  4.519620e+02  1.966686e+02  3.035133e+01  4.223944e+01  2.749522e+01  4.830564e+00 
  318.000  4.185335e+02  1.817180e+02  2.834169e+01  3.911242e+01  2.542062e+01  4.510720e+00 
  319.000  4.072090e+02  1.764622e+02  2.777197e+01  3.805174e+01  2.469843e+01  4.420047e+00 
  320.000  4.488126e+02  1.940525e+02  3.086412e+01  4.193630e+01  2.717735e+01  4.912177e+00 
  321.000  4.482186e+02  1.934183e+02  3.104241e+01  4.187815e+01  2.710309e+01  4.940552e+00 
  322.000  4.359315e+02  1.876855e+02  3.044131e+01  4.072710e+01  2.631639e+01  4.844884e+00 
  323.000  3.504446e+02  1.505817e+02  2.464475e+01  3.273837e+01  2.112541e+01  3.922334e+00 
  324.000  4.052330e+02  1.737189e+02  2.873230e+01  3.785385e+01  2.438703e+01  4.572888e+00 
  325.000  4.923367e+02  2.106354e+02  3.515375e+01  4.598747e+01  2.958587e+01  5.594893e+00 
  326.000  6.146219e+02  2.624205e+02  4.419305e+01  5.740602e+01  3.688022e+01  7.033543e+00 
  327.000  6.105944e+02  2.601697e+02  4.421077e+01  5.702617e+01  3.658451e+01  7.036363e+00 
  328.000  5.497582e+02  2.336868e+02  4.013028e+01  5.134053e+01  3.288233e+01  6.386932e+00 
  329.000  5.854569e+02  2.483462e+02  4.303377e+01  5.467079e+01  3.496510e+01  6.849037e+00 
  330.000  6.104532e+02  2.584095e+02  4.518237e+01  5.700126e+01  3.640292e+01  7.190998e+00 
  331.000  5.230105e+02  2.209220e+02  3.890518e+01  4.883309e+01  3.113897e+01  6.191952e+00 
  332.000  5.456157e+02  2.299752e+02  4.079091e+01  5.094038e+01  3.243290e+01  6.492075e+00 
  333.000  6.150906e+02  2.586973e+02  4.621621e+01  5.742300e+01  3.650380e+01  7.355538e+00 
  334.000  5.321867e+02  2.233409e+02  4.018806e+01  4.968007e+01  3.153245e+01  6.396128e+00 
  335.000  5.537224e+02  2.318680e+02  4.202446e+01  5.168703e+01  3.275483e+01  6.688400e+00 
  336.000  4.146801e+02  1.732604e+02  3.163002e+01  3.870562e+01  2.448955e+01  5.034074e+00 
  337.000  4.060583e+02  1.692795e+02  3.112792e+01  3.789836e+01  2.394060e+01  4.954163e+00 
  338.000  4.918611e+02  2.046079e+02  3.789580e+01  4.590405e+01  2.894837e+01  6.031303e+00 
  339.000  4.914007e+02  2.039747e+02  3.805149e+01  4.585865e+01  2.886974e+01  6.056083e+00 
  340.000  5.626472e+02  2.331248e+02  4.375165e+01  5.250521e+01  3.300603e+01  6.963291e+00 
  341.000  4.719263e+02  1.951075e+02  3.688235e+01  4.403696e+01  2.763413e+01  5.870008e+00 
  342.000  4.942994e+02  2.039059e+02  3.882578e+01  4.612220e+01  2.889150e+01  6.179314e+00 
  343.000  4.995531e+02  2.056146e+02  3.943635e+01  4.660991e+01  2.914500e+01  6.276490e+00 
  344.000  4.571115e+02  1.877944e+02  3.623746e+01  4.264806e+01  2.662778e+01  5.767371e+00 
  345.000  5.836257e+02  2.392288e+02  4.650013e+01  5.444877e+01  3.393423e+01  7.400725e+00 
  346.000  6.476922e+02  2.649867e+02  5.182127e+01  6.042305e+01  3.760044e+01  8.247612e+00 
  347.000  6.178317e+02  2.521913e+02  4.968129e+01  5.763424e+01  3.579922e+01  7.907022e+00 
  348.000  5.835793e+02  2.377519e+02  4.712392e+01  5.443653e+01  3.376090e+01  7.500006e+00 
  349.000  6.411934e+02  2.606172e+02  5.203709e+01  5.980751e+01  3.702287e+01  8.281960e+00 
  350.000  6.576915e+02  2.668015e+02  5.359997e+01  6.134357e+01  3.791438e+01  8.530700e+00 
  351.000  6.265840e+02  2.535920e+02  5.141326e+01  5.843891e+01  3.605346e+01  8.182673e+00 
  352.000  6.451874e+02  2.606125e+02  5.324575e+01  6.017119e+01  3.706568e+01  8.474323e+00 
  353.000  5.896692e+02  2.376261e+02  4.900109e+01  5.499042e+01  3.381197e+01  7.798767e+00 
  354.000  6.827987e+02  2.746117e+02  5.706688e+01  6.367238e+01  3.908975e+01  9.082477e+00 
  355.000  6.945000e+02  2.787618e+02  5.837862e+01  6.476054e+01  3.969593e+01  9.291246e+00 
  356.000  6.592453e+02  2.639744e+02  5.579707e+01  6.146965e+01  3.760785e+01  8.880379e+00 
  357.000  4.233417e+02  1.691716e+02  3.603600e+01  3.947157e+01  2.411100e+01  5.735308e+00 
  358.000  4.618587e+02  1.841879e+02  3.953959e+01  4.306079e+01  2.626161e+01  6.292920e+00 
  359.000  4.664671e+02  1.856447e+02  4.016221e+01  4.348840e+01  2.647990e+01  6.392014e+00 
  360.000  6.943934e+02  2.757849e+02  6.012732e+01  6.473473e+01  3.935309e+01  9.569560e+00 
  361.000  5.512349e+02  2.184734e+02  4.800305e+01  5.138634e+01  3.118766e+01  7.639923e+00 
  362.000  6.052786e+02  2.392904e+02  5.306910e+01  5.642109e+01  3.417609e+01  8.446209e+00 
  363.000  6.448575e+02  2.543998e+02  5.686014e+01  6.010756e+01  3.634900e+01  9.049573e+00 
  364.000  6.451493e+02  2.539743e+02  5.720824e+01  6.013187e+01  3.630323e+01  9.104974e+00 
  365.000  6.057674e+02  2.379609e+02  5.402003e+01  5.645851e+01  3.402845e+01  8.597554e+00 
  366.000  8.335620e+02  3.267391e+02  7.475390e+01  7.768558e+01  4.674335e+01  1.189745e+01 
  367.000  7.479804e+02  2.925567e+02  6.745741e+01  6.970623e+01  4.187092e+01  1.073618e+01 
  368.000  7.073475e+02  2.760595e+02  6.415231e+01  6.591633e+01  3.952665e+01  1.021016e+01 
  369.000  6.821667e+02  2.657637e+02  6.214693e+01  6.356730e+01  3.806551e+01  9.890991e+00 
  370.000  7.867214e+02  3.058185e+02  7.207491e+01  7.330659e+01  4.382148e+01  1.147108e+01 
  371.000  6.300231e+02  2.443599e+02  5.804305e+01  5.870257e+01  3.503012e+01  9.237837e+00 
  372.000  6.649408e+02  2.573239e+02  6.160332e+01  6.195299e+01  3.690471e+01  9.804472e+00 
  373.000  6.643245e+02  2.565038e+02  6.189069e+01  6.189249e+01  3.680331e+01  9.850211e+00 
  374.000  5.157334e+02  1.986773e+02  4.831604e+01  4.804647e+01  2.851897e+01  7.689737e+00 
  375.000  4.734259e+02  1.820444e+02  4.455049e+01  4.410328e+01  2.614074e+01  7.090430e+00 
  376.000  6.788063e+02  2.604157e+02  6.423347e+01  6.323289e+01  3.741131e+01  1.022307e+01 
  377.000  6.962255e+02  2.664771e+02  6.624872e+01  6.485229e+01  3.829942e+01  1.054381e+01 
  378.000  9.025735e+02  3.448086e+02  8.626559e+01  8.406991e+01  4.957568e+01  1.372960e+01 
  379.000  6.963319e+02  2.653915e+02  6.692339e+01  6.485634e+01  3.817479e+01  1.065119e+01 
  380.000  6.530733e+02  2.483137e+02  6.311852e+01  6.082415e+01  3.573482e+01  1.004563e+01 
  381.000  7.331682e+02  2.782427e+02  7.126205e+01  6.828105e+01  4.005804e+01  1.134171e+01 
  382.000  5.476696e+02  2.073521e+02  5.360937e+01  5.100269e+01  2.986721e+01  8.532196e+00 
  383.000  3.816023e+02  1.441327e+02  3.761768e+01  3.553557e+01  2.077164e+01  5.987040e+00 
  384.000  4.197291e+02  1.582284e+02  4.160939e+01  3.908442e+01  2.281242e+01  6.622341e+00 
  385.000  6.313017e+02  2.374103e+02  6.302367e+01  5.878265e+01  3.424614e+01  1.003053e+01 
  386.000  4.896406e+02  1.837775e+02  4.915569e+01  4.559023e+01  2.652072e+01  7.823371e+00 
  387.000  5.615553e+02  2.102520e+02  5.677001e+01  5.228349e+01  3.035716e+01  9.035228e+00 
  388.000  5.555264e+02  2.075834e+02  5.647413e+01  5.172001e+01  2.998453e+01  8.988137e+00 
  389.000  6.320247e+02  2.356986e+02  6.460891e+01  5.883963e+01  3.406012e+01  1.028283e+01 
  390.000  7.651205e+02  2.846190e+02  7.875864e+01  7.122676e+01  4.115148e+01  1.253483e+01 
  391.000  8.544163e+02  3.171949e+02  8.843830e+01  7.953619e+01  4.588123e+01  1.407539e+01 
  392.000  7.579007e+02  2.807930e+02  7.888252e+01  7.054875e+01  4.063342e+01  1.255454e+01 
  393.000  4.056159e+02  1.498917e+02  4.250833e+01  3.775454e+01  2.170260e+01  6.765410e+00 
  394.000  4.479918e+02  1.652104e+02  4.720807e+01  4.169712e+01  2.393108e+01  7.513398e+00 
  395.000  7.505621e+02  2.762185e+02  7.952711e+01  6.985609e+01  4.002854e+01  1.265713e+01 
  396.000  7.711856e+02  2.830384e+02  8.229562e+01  7.177159e+01  4.104061e+01  1.309775e+01 
  397.000  3.132583e+02  1.147249e+02  3.361520e+01  2.915261e+01  1.664273e+01  5.350025e+00 
  398.000  8.747214e+02  3.196823e+02  9.437008e+01  8.140038e+01  4.639578e+01  1.501946e+01 
  399.000  1.046712e+03  3.817839e+02  1.134963e+02  9.740172e+01  5.543198e+01  1.806350e+01 
  400.000  1.026429e+03  3.734940e+02  1.119709e+02  9.550979e+01  5.425588e+01  1.782072e+01 
  401.000  1.017598e+03  3.693322e+02  1.117233e+02  9.468325e+01  5.368061e+01  1.778132e+01 
  402.000  1.075510e+03  3.895439e+02  1.186899e+02  1.000676e+02  5.664322e+01  1.889009e+01 
  403.000  1.004657e+03  3.630476e+02  1.114990e+02  9.347104e+01  5.281618e+01  1.774562e+01 
  404.000  1.076704e+03  3.882758e+02  1.201027e+02  1.001701e+02  5.651134e+01  1.911493e+01 
  405.000  9.848906e+02  3.542876e+02  1.105224e+02  9.162386e+01  5.159172e+01  1.759019e+01 
  406.000  9.747838e+02  3.499963e+02  1.098811e+02  9.068034e+01  5.098710e+01  1.748812e+01 
  407.000  9.470331e+02  3.391409e+02  1.074227e+02  8.809432e+01  4.943326e+01  1.709685e+01 
  408.000  1.023230e+03  3.657022e+02  1.166102e+02  9.517861e+01  5.332730e+01  1.855908e+01 
  409.000  1.129759e+03  4.027982e+02  1.294837e+02  1.050828e+02  5.876694e+01  2.060798e+01 
  410.000  9.420925e+02  3.351772e+02  1.085080e+02  8.762375e+01  4.892328e+01  1.726958e+01 
  411.000  1.103647e+03  3.916308e+02  1.280536e+02  1.026447e+02  5.719776e+01  2.038037e+01 
  412.000  1.140713e+03  4.038760e+02  1.331984e+02  1.060874e+02  5.901685e+01  2.119918e+01 
  413.000  1.074810e+03  3.797791e+02  1.262126e+02  9.995454e+01  5.552148e+01  2.008737e+01 
  414.000  1.052620e+03  3.709888e+02  1.244889e+02  9.788616e+01  5.426848e+01  1.981302e+01 
  415.000  1.119783e+03  3.938046e+02  1.332256e+02  1.041276e+02  5.763491e+01  2.120352e+01 
  416.000  1.110237e+03  3.895192e+02  1.329501e+02  1.032352e+02  5.703912e+01  2.115966e+01 
  417.000  1.073667e+03  3.760181e+02  1.291922e+02  9.983135e+01  5.508479e+01  2.056158e+01 
  418.000  1.047817e+03  3.661360e+02  1.268489e+02  9.742361e+01  5.366515e+01  2.018862e+01 
  419.000  1.071189e+03  3.732675e+02  1.306358e+02  9.959154e+01  5.474546e+01  2.079133e+01 
  420.000  9.045820e+02  3.145078e+02  1.109676e+02  8.409811e+01  4.615125e+01  1.766105e+01 
  421.000  1.130781e+03  3.922303e+02  1.395684e+02  1.051230e+02  5.758759e+01  2.221300e+01 
  422.000  1.080959e+03  3.741994e+02  1.341103e+02  1.004877e+02  5.496566e+01  2.134432e+01 
  423.000  9.109127e+02  3.145796e+02  1.137083e+02  8.467609e+01  4.623372e+01  1.809724e+01 
  424.000  9.997723e+02  3.444395e+02  1.255625e+02  9.293217e+01  5.065024e+01  1.998389e+01 
  425.000  1.033358e+03  3.550737e+02  1.306422e+02  9.604943e+01  5.224574e+01  2.079235e+01 
  426.000  9.910952e+02  3.399403e+02  1.258612e+02  9.211817e+01  5.003973e+01  2.003144e+01 
  427.000  9.514525e+02  3.254792e+02  1.216204e+02  8.842930e+01  4.794029e+01  1.935649e+01 
  428.000  9.615231e+02  3.281180e+02  1.236476e+02  8.936132e+01  4.835629e+01  1.967912e+01 
  429.000  8.729807e+02  2.972658e+02  1.128457e+02  8.112933e+01  4.383106e+01  1.795996e+01 
  430.000  6.952905e+02  2.361840e+02  9.040349e+01  6.461311e+01  3.484421e+01  1.438816e+01 
  431.000  6.238219e+02  2.115213e+02  8.146374e+01  5.796968e+01  3.121880e+01  1.296536e+01 
  432.000  1.120879e+03  3.790480e+02  1.472993e+02  1.041546e+02  5.597867e+01  2.344341e+01 
  433.000  9.959661e+02  3.359301e+02  1.316844e+02  9.254315e+01  4.964063e+01  2.095823e+01 
  434.000  9.448042e+02  3.180085e+02  1.255272e+02  8.778608e+01  4.701492e+01  1.997828e+01 
  435.000  1.026178e+03  3.444650e+02  1.371896e+02  9.534238e+01  5.095792e+01  2.183441e+01 
  436.000  1.135737e+03  3.804713e+02  1.525385e+02  1.055178e+02  5.631062e+01  2.427726e+01 
  437.000  1.144874e+03  3.824405e+02  1.547598e+02  1.063614e+02  5.663911e+01  2.463078e+01 
  438.000  1.023626e+03  3.413296e+02  1.389235e+02  9.509429e+01  5.057128e+01  2.211036e+01 
  439.000  9.889917e+02  3.288666e+02  1.350541e+02  9.187239e+01  4.875580e+01  2.149453e+01 
  440.000  1.106589e+03  3.671575e+02  1.518415e+02  1.027927e+02  5.446005e+01  2.416633e+01 
  441.000  1.100974e+03  3.646942e+02  1.515076e+02  1.022683e+02  5.411343e+01  2.411319e+01 
  442.000  1.157913e+03  3.824510e+02  1.601450e+02  1.075521e+02  5.678267e+01  2.548787e+01 
  443.000  1.163884e+03  3.835097e+02  1.616337e+02  1.081024e+02  5.696840e+01  2.572480e+01 
  444.000  1.154847e+03  3.793829e+02  1.612121e+02  1.072577e+02  5.639129e+01  2.565770e+01 
  445.000  1.212975e+03  3.976118e+02  1.699541e+02  1.126523e+02  5.912793e+01  2.704904e+01 
  446.000  1.078221e+03  3.526651e+02  1.516340e+02  1.001337e+02  5.246822e+01  2.413331e+01 
  447.000  1.227968e+03  4.006404e+02  1.734195e+02  1.140360e+02  5.963722e+01  2.760056e+01 
  448.000  1.246427e+03  4.055682e+02  1.768173e+02  1.157451e+02  6.040499e+01  2.814134e+01 
  449.000  1.252659e+03  4.067072e+02  1.783432e+02  1.163197e+02  6.060246e+01  2.838420e+01 
  450.000  1.277985e+03  4.137681e+02  1.827870e+02  1.186661e+02  6.169094e+01  2.909145e+01 
  451.000  1.378911e+03  4.454421e+02  1.979446e+02  1.280328e+02  6.644477e+01  3.150386e+01 
  452.000  1.279781e+03  4.126321e+02  1.842812e+02  1.188249e+02  6.157529e+01  2.932927e+01 
  453.000  1.186398e+03  3.814893e+02  1.715783e+02  1.101497e+02  5.696036e+01  2.730754e+01 
  454.000  1.263462e+03  4.049417e+02  1.836778e+02  1.172985e+02  6.050362e+01  2.923323e+01 
  455.000  1.270553e+03  4.063915e+02  1.852995e+02  1.179531e+02  6.074603e+01  2.949133e+01 
  456.000  1.299923e+03  4.147834e+02  1.903022e+02  1.206751e+02  6.203183e+01  3.028753e+01 
  457.000  1.305748e+03  4.156650e+02  1.918554e+02  1.212114e+02  6.219431e+01  3.053473e+01 
  458.000  1.281818e+03  4.066324e+02  1.893528e+02  1.189836e+02  6.088713e+01  3.013644e+01 
  459.000  1.280104e+03  4.053672e+02  1.896160e+02  1.188212e+02  6.072032e+01  3.017831e+01 
  460.000  1.267708e+03  4.004408e+02  1.884953e+02  1.176660e+02  6.001377e+01  2.999997e+01 
  461.000  1.312375e+03  4.135081e+02  1.955249e+02  1.218073e+02  6.199957e+01  3.111875e+01 
  462.000  1.289921e+03  4.052518e+02  1.926159e+02  1.197180e+02  6.079269e+01  3.065577e+01 
  463.000  1.288868e+03  4.040791e+02  1.927697e+02  1.196167e+02  6.063890e+01  3.068025e+01 
  464.000  1.291284e+03  4.037506e+02  1.935314e+02  1.198360e+02  6.061814e+01  3.080149e+01 
  465.000  1.270434e+03  3.964221e+02  1.907048e+02  1.178975e+02  5.953915e+01  3.035162e+01 
  466.000  1.309369e+03  4.069751e+02  1.971371e+02  1.215038e+02  6.116608e+01  3.137535e+01 
  467.000  1.261516e+03  3.910463e+02  1.903208e+02  1.170587e+02  5.879983e+01  3.029050e+01 
  468.000  1.334105e+03  4.125397e+02  2.016424e+02  1.237900e+02  6.205822e+01  3.209238e+01 
  469.000  1.321218e+03  4.076749e+02  2.000175e+02  1.225904e+02  6.134959e+01  3.183377e+01 
  470.000  1.302311e+03  4.006511e+02  1.976089e+02  1.208309e+02  6.032418e+01  3.145044e+01 
  471.000  1.299369e+03  3.986542e+02  1.977477e+02  1.205532e+02  6.005501e+01  3.147252e+01 
  472.000  1.314836e+03  4.023446e+02  2.006666e+02  1.219835e+02  6.064138e+01  3.193708e+01 
  473.000  1.300473e+03  3.969339e+02  1.990181e+02  1.206466e+02  5.985518e+01  3.167471e+01 
  474.000  1.310996e+03  3.991879e+02  2.011408e+02  1.216187e+02  6.022272e+01  3.201255e+01 
  475.000  1.364901e+03  4.144173e+02  2.100438e+02  1.266142e+02  6.255447e+01  3.342952e+01 
  476.000  1.324593e+03  4.009349e+02  2.045048e+02  1.228696e+02  6.055527e+01  3.254795e+01 
  477.000  1.313281e+03  3.965906e+02  2.032490e+02  1.218163e+02  5.992572e+01  3.234808e+01 
  478.000  1.375978e+03  4.147670e+02  2.133557e+02  1.276287e+02  6.269410e+01  3.395662e+01 
  479.000  1.310142e+03  3.939817e+02  2.036477e+02  1.215179e+02  5.957946e+01  3.241154e+01 
  480.000  1.332358e+03  3.994983e+02  2.077203e+02  1.235735e+02  6.044735e+01  3.305972e+01 
  481.000  1.321222e+03  3.949566e+02  2.066233e+02  1.225355e+02  5.979493e+01  3.288511e+01 
  482.000  1.346063e+03  4.012534e+02  2.111076e+02  1.248345e+02  6.078089e+01  3.359882e+01 
  483.000  1.345277e+03  3.998026e+02  2.116297e+02  1.247564e+02  6.059632e+01  3.368191e+01 
  484.000  1.291733e+03  3.829067e+02  2.037273e+02  1.197867e+02  5.806393e+01  3.242421e+01 
  485.000  1.299779e+03  3.842643e+02  2.055404e+02  1.205285e+02  5.829956e+01  3.271277e+01 
  486.000  1.052329e+03  3.105883e+02  1.666851e+02  9.758022e+01  4.713670e+01  2.652876e+01 
  487.000  1.181492e+03  3.476158e+02  1.877225e+02  1.095526e+02  5.278789e+01  2.987696e+01 
  488.000  1.281498e+03  3.759237e+02  2.042011e+02  1.188208e+02  5.711895e+01  3.249961e+01 
  489.000  1.190029e+03  3.480861e+02  1.901563e+02  1.103355e+02  5.291836e+01  3.026431e+01 
  490.000  1.353439e+03  3.947242e+02  2.169370e+02  1.254814e+02  6.004303e+01  3.452660e+01 
  491.000  1.265311e+03  3.683404e+02  2.034101e+02  1.173078e+02  5.605290e+01  3.237372e+01 
  492.000  1.215302e+03  3.527540e+02  1.962730e+02  1.126670e+02  5.371604e+01  3.123782e+01 
  493.000  1.308246e+03  3.786022e+02  2.122744e+02  1.212787e+02  5.769058e+01  3.378451e+01 
  494.000  1.263207e+03  3.645417e+02  2.058652e+02  1.170991e+02  5.558304e+01  3.276447e+01 
  495.000  1.349465e+03  3.885729e+02  2.206766e+02  1.250915e+02  5.927650e+01  3.512177e+01 
  496.000  1.314229e+03  3.774290e+02  2.157869e+02  1.218209e+02  5.761052e+01  3.434355e+01 
  497.000  1.274940e+03  3.650798e+02  2.102668e+02  1.181745e+02  5.576187e+01  3.346500e+01 
  498.000  1.244645e+03  3.556266e+02  2.059496e+02  1.153631e+02  5.434452e+01  3.277790e+01 
  499.000  1.241870e+03  3.536887e+02  2.064886e+02  1.151010e+02  5.408741e+01  3.286368e+01 
  500.000  1.236529e+03  3.511425e+02  2.064762e+02  1.146017e+02  5.373272e+01  3.286171e+01 
  501.000  1.208694e+03  3.425496e+02  2.023048e+02  1.120190e+02  5.243955e+01  3.219782e+01 
  502.000  1.201106e+03  3.392472e+02  2.018319e+02  1.113109e+02  5.197035e+01  3.212255e+01 
  503.000  1.272846e+03  3.585184e+02  2.145725e+02  1.179553e+02  5.495389e+01  3.415027e+01 
  504.000  1.184082e+03  3.329380e+02  2.000082e+02  1.097270e+02  5.105118e+01  3.183230e+01 
  505.000  1.277589e+03  3.579812e+02  2.166646e+02  1.183869e+02  5.493063e+01  3.448324e+01 
  506.000  1.367119e+03  3.817717e+02  2.327412e+02  1.266778e+02  5.862211e+01  3.704191e+01 
  507.000  1.271032e+03  3.541333e+02  2.169380e+02  1.177710e+02  5.440363e+01  3.452675e+01 
  508.000  1.218312e+03  3.383506e+02  2.086923e+02  1.128816e+02  5.201358e+01  3.321441e+01 
  509.000  1.312813e+03  3.637172e+02  2.254835e+02  1.216339e+02  5.594089e+01  3.588682e+01 
  510.000  1.271283e+03  3.512374e+02  2.190195e+02  1.177821e+02  5.405224e+01  3.485803e+01 
  511.000  1.271187e+03  3.500880e+02  2.199671e+02  1.177685e+02  5.391359e+01  3.500886e+01 
  512.000  1.333285e+03  3.664667e+02  2.313362e+02  1.235185e+02  5.646059e+01  3.681830e+01 
  513.000  1.220031e+03  3.340730e+02  2.127752e+02  1.130212e+02  5.151291e+01  3.386422e+01 
  514.000  1.193599e+03  3.262367e+02  2.086803e+02  1.105701e+02  5.032500e+01  3.321251e+01 
  515.000  1.218188e+03  3.318508e+02  2.139308e+02  1.128434e+02  5.122879e+01  3.404814e+01 
  516.000  1.279243e+03  3.476243e+02  2.253903e+02  1.184955e+02  5.369310e+01  3.587199e+01 
  517.000  9.426312e+02  2.551551e+02  1.669383e+02  8.731126e+01  3.944459e+01  2.656906e+01 
  518.000  1.166712e+03  3.152997e+02  2.070602e+02  1.080647e+02  4.875982e+01  3.295466e+01 
  519.000  1.105719e+03  2.976562e+02  1.972290e+02  1.024105e+02  4.607090e+01  3.138998e+01 
  520.000  1.217103e+03  3.270511e+02  2.176011e+02  1.127244e+02  5.064075e+01  3.463230e+01 
  521.000  1.218236e+03  3.260855e+02  2.188888e+02  1.128242e+02  5.053457e+01  3.483724e+01 
  522.000  1.266501e+03  3.383831e+02  2.280919e+02  1.172917e+02  5.246160e+01  3.630196e+01 
  523.000  1.180187e+03  3.144041e+02  2.133298e+02  1.092943e+02  4.877533e+01  3.395250e+01 
  524.000  1.280936e+03  3.401494e+02  2.324736e+02  1.186200e+02  5.280671e+01  3.699932e+01 
  525.000  1.270926e+03  3.367221e+02  2.313118e+02  1.176899e+02  5.230091e+01  3.681441e+01 
  526.000  1.211699e+03  3.199146e+02  2.214813e+02  1.122010e+02  4.972841e+01  3.524985e+01 
  527.000  1.059048e+03  2.787047e+02  1.943492e+02  9.806213e+01  4.335360e+01  3.093164e+01 
  528.000  1.272558e+03  3.339418e+02  2.343381e+02  1.178281e+02  5.197843e+01  3.729607e+01 
  529.000  1.309442e+03  3.425451e+02  2.420421e+02  1.212390e+02  5.335430e+01  3.852220e+01 
  530.000  1.237657e+03  3.231058e+02  2.293326e+02  1.145899e+02  5.034903e+01  3.649941e+01 
  531.000  1.348008e+03  3.507337e+02  2.507791e+02  1.248021e+02  5.469457e+01  3.991273e+01 
  532.000  1.286452e+03  3.337990e+02  2.401042e+02  1.190995e+02  5.208511e+01  3.821378e+01 
  533.000  1.129805e+03  2.923454e+02  2.115496e+02  1.045939e+02  4.564441e+01  3.366916e+01 
  534.000  1.228503e+03  3.167348e+02  2.309999e+02  1.137265e+02  4.949164e+01  3.676477e+01 
  535.000  1.252630e+03  3.223660e+02  2.360331e+02  1.159577e+02  5.039170e+01  3.756583e+01 
  536.000  1.328840e+03  3.408745e+02  2.513233e+02  1.230082e+02  5.332264e+01  3.999935e+01 
  537.000  1.232826e+03  3.150338e+02  2.341831e+02  1.141157e+02  4.932178e+01  3.727139e+01 
  538.000  1.290189e+03  3.288614e+02  2.457774e+02  1.194222e+02  5.151505e+01  3.911668e+01 
  539.000  1.285808e+03  3.267943e+02  2.457404e+02  1.190129e+02  5.122373e+01  3.911081e+01 
  540.000  1.258307e+03  3.188422e+02  2.412919e+02  1.164637e+02  5.001017e+01  3.840279e+01 
  541.000  1.153758e+03  2.915561e+02  2.217717e+02  1.067840e+02  4.575567e+01  3.529607e+01 
  542.000  1.287028e+03  3.242827e+02  2.480182e+02  1.191150e+02  5.092191e+01  3.947333e+01 
  543.000  1.231256e+03  3.092015e+02  2.379508e+02  1.139492e+02  4.858645e+01  3.787104e+01 
  544.000  1.298943e+03  3.251780e+02  2.517066e+02  1.202095e+02  5.112942e+01  4.006034e+01 
  545.000  1.279930e+03  3.194850e+02  2.486383e+02  1.184465e+02  5.026398e+01  3.957201e+01 
  546.000  1.251727e+03  3.116251e+02  2.437003e+02  1.158334e+02  4.905351e+01  3.878610e+01 
  547.000  1.305381e+03  3.239104e+02  2.548526e+02  1.207944e+02  5.102150e+01  4.056105e+01 
  548.000  1.212047e+03  2.993561e+02  2.375481e+02  1.121523e+02  4.719814e+01  3.780696e+01 
  549.000  1.275564e+03  3.145374e+02  2.503297e+02  1.180278e+02  4.960785e+01  3.984121e+01 
  550.000  1.248469e+03  3.067119e+02  2.458110e+02  1.155163e+02  4.841086e+01  3.912204e+01 
  551.000  1.241180e+03  3.045292e+02  2.449684e+02  1.148400e+02  4.808459e+01  3.898794e+01 
  552.000  1.295407e+03  3.172542e+02  2.565479e+02  1.198546e+02  5.012084e+01  4.083087e+01 
  553.000  1.245600e+03  3.042939e+02  2.478354e+02  1.152427e+02  4.810880e+01  3.944423e+01 
  554.000  1.287065e+03  3.138632e+02  2.569318e+02  1.190765e+02  4.964777e+01  4.089197e+01 
  555.000  1.291483e+03  3.143720e+02  2.586713e+02  1.194825e+02  4.975470e+01  4.116882e+01 
  556.000  1.256665e+03  3.053992e+02  2.524479e+02  1.162590e+02  4.835774e+01  4.017833e+01 
  557.000  1.220253e+03  2.960403e+02  2.459017e+02  1.128880e+02  4.689952e+01  3.913647e+01 
  558.000  1.267523e+03  3.069945e+02  2.562010e+02  1.172587e+02  4.865882e+01  4.077566e+01 
  559.000  1.199158e+03  2.897748e+02  2.433780e+02  1.109311e+02  4.596022e+01  3.873481e+01 
  560.000  1.205453e+03  2.907374e+02  2.454737e+02  1.115109e+02  4.613855e+01  3.906836e+01 
  561.000  1.325991e+03  3.192263e+02  2.707182e+02  1.226587e+02  5.068428e+01  4.308614e+01 
  562.000  1.218491e+03  2.928243e+02  2.493957e+02  1.127122e+02  4.651448e+01  3.969255e+01 
  563.000  1.275983e+03  3.060940e+02  2.618170e+02  1.180278e+02  4.864549e+01  4.166946e+01 
  564.000  1.259374e+03  3.015038e+02  2.591334e+02  1.164888e+02  4.794163e+01  4.124237e+01 
  565.000  1.275832e+03  3.049493e+02  2.631111e+02  1.180089e+02  4.851044e+01  4.187542e+01 
  566.000  1.177603e+03  2.808985e+02  2.435368e+02  1.089206e+02  4.470873e+01  3.876008e+01 
  567.000  1.265503e+03  3.013579e+02  2.623210e+02  1.170484e+02  4.798659e+01  4.174969e+01 
  568.000  1.267340e+03  3.013477e+02  2.632361e+02  1.172164e+02  4.800389e+01  4.189532e+01 
  569.000  1.251519e+03  2.967892e+02  2.608994e+02  1.157495e+02  4.731141e+01  4.152343e+01 
  570.000  1.258034e+03  2.975823e+02  2.631532e+02  1.163487e+02  4.746963e+01  4.188214e+01 
  571.000  1.208839e+03  2.854227e+02  2.534852e+02  1.117967e+02  4.555206e+01  4.034342e+01 
  572.000  1.284410e+03  3.028851e+02  2.697852e+02  1.187840e+02  4.835507e+01  4.293765e+01 
  573.000  1.297676e+03  3.053521e+02  2.733578e+02  1.200079e+02  4.877686e+01  4.350624e+01 
  574.000  1.291234e+03  3.032913e+02  2.726485e+02  1.194098e+02  4.847069e+01  4.339335e+01 
  575.000  1.261082e+03  2.955684e+02  2.670424e+02  1.166186e+02  4.726351e+01  4.250113e+01 
  576.000  1.238846e+03  2.897002e+02  2.631127e+02  1.145594e+02  4.635286e+01  4.187568e+01 
  577.000  1.288926e+03  3.009178e+02  2.743342e+02  1.191882e+02  4.816853e+01  4.366164e+01 
  578.000  1.249338e+03  2.910064e+02  2.667012e+02  1.155246e+02  4.661024e+01  4.244682e+01 
  579.000  1.238067e+03  2.878095e+02  2.649717e+02  1.144798e+02  4.612231e+01  4.217156e+01 
  580.000  1.278864e+03  2.968964e+02  2.741735e+02  1.182505e+02  4.759528e+01  4.363607e+01 
  581.000  1.253181e+03  2.903115e+02  2.692239e+02  1.158731e+02  4.656353e+01  4.284831e+01 
  582.000  1.270391e+03  2.936841e+02  2.734683e+02  1.174617e+02  4.712802e+01  4.352383e+01 
  583.000  1.278430e+03  2.950295e+02  2.756558e+02  1.182029e+02  4.736359e+01  4.387198e+01 
  584.000  1.274049e+03  2.931764e+02  2.754604e+02  1.177943e+02  4.709836e+01  4.384088e+01 
  585.000  1.265197e+03  2.907544e+02  2.738888e+02  1.169742e+02  4.672403e+01  4.359075e+01 
  586.000  1.210672e+03  2.776418e+02  2.626026e+02  1.119306e+02  4.463916e+01  4.179450e+01 
  587.000  1.260479e+03  2.887822e+02  2.736564e+02  1.165343e+02  4.644110e+01  4.355376e+01 
  588.000  1.259699e+03  2.878907e+02  2.741194e+02  1.164591e+02  4.632504e+01  4.362746e+01 
  589.000  1.133546e+03  2.585726e+02  2.470998e+02  1.047942e+02  4.162605e+01  3.932716e+01 
  590.000  1.185272e+03  2.696852e+02  2.589843e+02  1.095733e+02  4.344128e+01  4.121863e+01 
  591.000  1.247404e+03  2.832526e+02  2.730646e+02  1.153148e+02  4.564855e+01  4.345958e+01 
  592.000  1.230525e+03  2.789226e+02  2.698102e+02  1.137524e+02  4.496977e+01  4.294163e+01 
  593.000  1.229940e+03  2.781622e+02  2.702372e+02  1.136957e+02  4.487119e+01  4.300959e+01 
  594.000  1.244954e+03  2.809418e+02  2.740807e+02  1.150810e+02  4.534315e+01  4.362130e+01 
  595.000  1.231696e+03  2.772361e+02  2.717927e+02  1.138525e+02  4.477236e+01  4.325715e+01 
  596.000  1.249141e+03  2.805821e+02  2.761547e+02  1.154626e+02  4.533494e+01  4.395139e+01 
  597.000  1.257106e+03  2.821140e+02  2.781424e+02  1.161978e+02  4.559229e+01  4.426774e+01 
  598.000  1.226976e+03  2.747582e+02  2.720004e+02  1.134104e+02  4.442625e+01  4.329021e+01 
  599.000  1.226294e+03  2.740130e+02  2.723712e+02  1.133448e+02  4.432839e+01  4.334922e+01 
  600.000  1.222647e+03  2.726509e+02  2.720435e+02  1.130056e+02  4.412896e+01  4.329707e+01 
  601.000  1.213605e+03  2.700925e+02  2.705089e+02  1.121677e+02  4.373560e+01  4.305283e+01 
  602.000  1.200748e+03  2.663836e+02  2.683885e+02  1.109758e+02  4.316737e+01  4.271535e+01 
  603.000  1.207244e+03  2.673472e+02  2.702604e+02  1.115743e+02  4.334178e+01  4.301327e+01 
  604.000  1.244205e+03  2.751520e+02  2.788688e+02  1.149887e+02  4.462161e+01  4.438335e+01 
  605.000  1.240569e+03  2.737373e+02  2.785900e+02  1.146502e+02  4.441550e+01  4.433897e+01 
  606.000  1.226126e+03  2.698743e+02  2.759396e+02  1.133126e+02  4.381450e+01  4.391716e+01 
  607.000  1.219072e+03  2.678045e+02  2.748060e+02  1.126587e+02  4.349823e+01  4.373674e+01 
  608.000  1.214675e+03  2.661319e+02  2.744337e+02  1.122495e+02  4.325350e+01  4.367749e+01 
  609.000  1.201911e+03  2.630521e+02  2.717981e+02  1.110688e+02  4.276377e+01  4.325801e+01 
  610.000  1.182610e+03  2.582623e+02  2.679284e+02  1.092829e+02  4.200667e+01  4.264213e+01 
  611.000  1.201527e+03  2.619186e+02  2.725170e+02  1.110292e+02  4.261805e+01  4.337242e+01 
  612.000  1.185938e+03  2.577382e+02  2.694467e+02  1.095855e+02  4.196487e+01  4.288378e+01 
  613.000  1.168475e+03  2.534045e+02  2.657996e+02  1.079698e+02  4.127788e+01  4.230333e+01 
  614.000  1.126076e+03  2.438018e+02  2.563973e+02  1.040504e+02  3.972777e+01  4.080689e+01 
  615.000  1.179850e+03  2.549525e+02  2.689332e+02  1.090173e+02  4.156177e+01  4.280205e+01 
  616.000  1.121910e+03  2.417343e+02  2.561410e+02  1.036609e+02  3.943108e+01  4.076610e+01 
  617.000  1.128220e+03  2.425723e+02  2.578910e+02  1.042419e+02  3.958580e+01  4.104464e+01 
  618.000  1.181405e+03  2.535921e+02  2.702943e+02  1.091543e+02  4.139847e+01  4.301867e+01 
  619.000  1.170802e+03  2.507456e+02  2.682064e+02  1.081724e+02  4.095350e+01  4.268637e+01 
  620.000  1.188447e+03  2.538651e+02  2.726543e+02  1.098002e+02  4.148596e+01  4.339428e+01 
  621.000  1.209269e+03  2.577000e+02  2.779646e+02  1.117215e+02  4.213596e+01  4.423944e+01 
  622.000  1.145574e+03  2.438652e+02  2.635508e+02  1.058359e+02  3.988380e+01  4.194542e+01 
  623.000  1.155277e+03  2.451312e+02  2.664778e+02  1.067291e+02  4.012123e+01  4.241125e+01 
  624.000  1.156834e+03  2.450883e+02  2.671615e+02  1.068716e+02  4.012840e+01  4.252007e+01 
  625.000  1.125870e+03  2.381115e+02  2.603721e+02  1.040093e+02  3.900193e+01  4.143950e+01 
  626.000  1.132815e+03  2.388551e+02  2.626074e+02  1.046482e+02  3.915128e+01  4.179527e+01 
  627.000  1.157308e+03  2.433708e+02  2.688477e+02  1.069083e+02  3.991610e+01  4.278845e+01 
  628.000  1.175077e+03  2.465875e+02  2.734254e+02  1.085476e+02  4.046341e+01  4.351701e+01 
  629.000  1.184426e+03  2.482001e+02  2.759033e+02  1.094099e+02  4.074130e+01  4.391138e+01 
  630.000  1.141953e+03  2.388730e+02  2.663790e+02  1.054849e+02  3.922648e+01  4.239553e+01 
  631.000  1.178564e+03  2.457803e+02  2.755686e+02  1.088639e+02  4.038924e+01  4.385810e+01 
  632.000  1.098413e+03  2.286066e+02  2.572242e+02  1.014586e+02  3.758449e+01  4.093850e+01 
  633.000  1.172474e+03  2.435747e+02  2.749525e+02  1.082978e+02  4.006226e+01  4.376004e+01 
  634.000  1.134758e+03  2.349525e+02  2.667869e+02  1.048111e+02  3.867394e+01  4.246045e+01 
  635.000  1.154228e+03  2.388127e+02  2.715117e+02  1.066087e+02  3.931583e+01  4.321243e+01 
  636.000  1.112103e+03  2.294563e+02  2.621546e+02  1.027154e+02  3.779974e+01  4.172320e+01 
  637.000  1.147891e+03  2.361248e+02  2.712069e+02  1.060181e+02  3.892539e+01  4.316391e+01 
  638.000  1.162827e+03  2.388412e+02  2.750422e+02  1.073963e+02  3.938670e+01  4.377433e+01 
  639.000  1.152620e+03  2.362245e+02  2.730753e+02  1.064517e+02  3.897488e+01  4.346129e+01 
  640.000  1.114634e+03  2.281827e+02  2.642964e+02  1.029424e+02  3.765779e+01  4.206408e+01 
  641.000  1.130510e+03  2.306695e+02  2.685684e+02  1.044058e+02  3.809523e+01  4.274398e+01 
  642.000  1.115934e+03  2.272074e+02  2.653893e+02  1.030579e+02  3.754028e+01  4.223803e+01 
  643.000  1.136740e+03  2.310030e+02  2.705933e+02  1.049777e+02  3.818258e+01  4.306626e+01 
  644.000  1.123562e+03  2.277970e+02  2.677628e+02  1.037588e+02  3.767082e+01  4.261578e+01 
  645.000  1.135511e+03  2.295541e+02  2.709967e+02  1.048598e+02  3.798428e+01  4.313047e+01 
  646.000  1.100651e+03  2.221028e+02  2.629115e+02  1.016392e+02  3.676522e+01  4.184367e+01 
  647.000  1.121864e+03  2.258168e+02  2.683068e+02  1.035960e+02  3.739949e+01  4.270235e+01 
  648.000  1.126540e+03  2.264023e+02  2.696313e+02  1.040265e+02  3.750870e+01  4.291315e+01 
  649.000  1.143165e+03  2.289236e+02  2.740848e+02  1.055587e+02  3.795457e+01  4.362195e+01 
  650.000  1.048868e+03  2.093694e+02  2.519409e+02  9.684896e+01  3.473656e+01  4.009764e+01 
  651.000  1.129726e+03  2.252565e+02  2.715794e+02  1.043141e+02  3.738195e+01  4.322320e+01 
  652.000  1.118075e+03  2.224412e+02  2.691991e+02  1.032366e+02  3.693332e+01  4.284436e+01 
  653.000  1.128903e+03  2.242206e+02  2.721256e+02  1.042349e+02  3.724289e+01  4.331014e+01 
  654.000  1.115878e+03  2.207916e+02  2.697039e+02  1.030293e+02  3.670506e+01  4.292471e+01 
  655.000  1.090429e+03  2.155093e+02  2.637631e+02  1.006786e+02  3.583621e+01  4.197920e+01 
  656.000  9.246815e+02  1.823332e+02  2.240268e+02  8.537375e+01  3.033523e+01  3.565496e+01 
  657.000  9.850308e+02  1.938009e+02  2.390157e+02  9.094409e+01  3.225943e+01  3.804053e+01 
  658.000  1.093635e+03  2.145139e+02  2.659247e+02  1.009687e+02  3.573187e+01  4.232323e+01 
  659.000  1.094344e+03  2.139695e+02  2.666774e+02  1.010317e+02  3.566690e+01  4.244302e+01 
  660.000  1.101844e+03  2.151829e+02  2.687199e+02  1.017232e+02  3.587868e+01  4.276810e+01 
  661.000  1.104199e+03  2.149049e+02  2.699205e+02  1.019380e+02  3.586008e+01  4.295918e+01 
  662.000  1.118574e+03  2.175237e+02  2.735862e+02  1.032644e+02  3.630379e+01  4.354259e+01 
  663.000  1.106825e+03  2.144736e+02  2.713610e+02  1.021771e+02  3.582350e+01  4.318844e+01 
  664.000  1.088651e+03  2.106785e+02  2.671368e+02  1.004983e+02  3.519987e+01  4.251614e+01 
  665.000  1.093160e+03  2.110441e+02  2.686721e+02  1.009128e+02  3.527999e+01  4.276050e+01 
  666.000  1.105840e+03  2.130564e+02  2.721567e+02  1.020817e+02  3.563275e+01  4.331508e+01 
  667.000  1.083825e+03  2.081066e+02  2.673372e+02  1.000470e+02  3.483150e+01  4.254804e+01 
  668.000  1.089410e+03  2.088411e+02  2.690002e+02  1.005613e+02  3.496712e+01  4.281271e+01 
  669.000  1.105062e+03  2.112054e+02  2.734018e+02  1.020039e+02  3.538684e+01  4.351324e+01 
  670.000  1.091587e+03  2.083411e+02  2.703112e+02  1.007589e+02  3.491777e+01  4.302136e+01 
  671.000  1.080251e+03  2.053720e+02  2.679803e+02  9.970981e+01  3.444792e+01  4.265040e+01 
  672.000  1.076451e+03  2.044369e+02  2.671584e+02  9.935838e+01  3.429836e+01  4.251958e+01 
  673.000  1.084400e+03  2.052118e+02  2.695474e+02  1.000895e+02  3.445347e+01  4.289980e+01 
  674.000  1.086313e+03  2.052786e+02  2.701902e+02  1.002651e+02  3.447479e+01  4.300211e+01 
  675.000  1.069954e+03  2.014620e+02  2.665317e+02  9.875266e+01  3.385860e+01  4.241984e+01 
  676.000  1.089965e+03  2.049605e+02  2.716687e+02  1.005986e+02  3.445578e+01  4.323741e+01 
  677.000  1.068244e+03  2.005194e+02  2.664565e+02  9.859268e+01  3.372137e+01  4.240787e+01 
  678.000  1.086176e+03  2.032091e+02  2.713112e+02  1.002454e+02  3.419679e+01  4.318053e+01 
  679.000  1.070827e+03  2.000161e+02  2.676587e+02  9.882771e+01  3.367044e+01  4.259920e+01 
  680.000  1.063373e+03  1.978815e+02  2.662143e+02  9.813728e+01  3.333643e+01  4.236932e+01 
  681.000  1.065039e+03  1.978716e+02  2.668115e+02  9.828991e+01  3.334568e+01  4.246437e+01 
  682.000  1.063216e+03  1.968443e+02  2.667424e+02  9.811931e+01  3.319603e+01  4.245338e+01 
  683.000  1.070644e+03  1.978606e+02  2.688082e+02  9.880365e+01  3.337966e+01  4.278215e+01 
  684.000  1.052502e+03  1.938547e+02  2.646205e+02  9.712723e+01  3.272611e+01  4.211565e+01 
  685.000  1.063674e+03  1.957063e+02  2.675448e+02  9.815743e+01  3.304571e+01  4.258109e+01 
  686.000  1.021104e+03  1.873070e+02  2.571559e+02  9.422718e+01  3.164677e+01  4.092762e+01 
  687.000  1.069850e+03  1.956915e+02  2.697445e+02  9.872353e+01  3.308236e+01  4.293118e+01 
  688.000  1.055429e+03  1.926897e+02  2.663127e+02  9.739160e+01  3.258728e+01  4.238499e+01 
  689.000  1.062871e+03  1.935173e+02  2.684880e+02  9.807652e+01  3.274531e+01  4.273119e+01 
  690.000  1.060429e+03  1.927138e+02  2.680721e+02  9.784998e+01  3.262156e+01  4.266500e+01 
  691.000  1.053986e+03  1.910802e+02  2.670855e+02  9.725387e+01  3.236519e+01  4.250798e+01 
  692.000  1.039666e+03  1.879377e+02  2.643887e+02  9.593053e+01  3.185871e+01  4.207877e+01 
  693.000  1.041972e+03  1.880357e+02  2.655189e+02  9.614220e+01  3.189038e+01  4.225864e+01 
  694.000  1.051246e+03  1.889754e+02  2.691818e+02  9.699537e+01  3.208492e+01  4.284161e+01 
  695.000  1.030433e+03  1.850304e+02  2.645154e+02  9.507410e+01  3.142846e+01  4.209893e+01 
  696.000  1.041238e+03  1.867761e+02  2.679758e+02  9.607021e+01  3.173834e+01  4.264967e+01 
  697.000  1.039385e+03  1.861458e+02  2.685506e+02  9.589806e+01  3.165169e+01  4.274116e+01 
  698.000  1.020811e+03  1.826537e+02  2.643356e+02  9.418362e+01  3.106927e+01  4.207031e+01 
  699.000  1.043089e+03  1.865714e+02  2.703453e+02  9.623874e+01  3.174036e+01  4.302679e+01 
  700.000  1.030709e+03  1.839514e+02  2.685246e+02  9.509488e+01  3.132195e+01  4.273700e+01 
  701.000  1.008421e+03  1.797934e+02  2.631313e+02  9.303775e+01  3.062376e+01  4.187866e+01 
  702.000  1.003121e+03  1.786570e+02  2.621878e+02  9.254804e+01  3.044063e+01  4.172848e+01 
  703.000  1.014806e+03  1.803811e+02  2.660604e+02  9.362473e+01  3.075381e+01  4.234483e+01 
  704.000  1.017760e+03  1.807229e+02  2.672551e+02  9.389655e+01  3.082204e+01  4.253497e+01 
  705.000  1.026933e+03  1.820663e+02  2.703170e+02  9.474165e+01  3.106665e+01  4.302229e+01 
  706.000  1.016043e+03  1.798818e+02  2.680317e+02  9.373603e+01  3.070770e+01  4.265857e+01 
  707.000  1.000489e+03  1.769350e+02  2.643702e+02  9.230030e+01  3.021512e+01  4.207582e+01 
  708.000  1.029311e+03  1.817762e+02  2.725714e+02  9.495827e+01  3.105573e+01  4.338108e+01 
  709.000  9.920131e+02  1.749499e+02  2.632416e+02  9.151645e+01  2.990247e+01  4.189621e+01 
  710.000  1.016034e+03  1.790384e+02  2.699534e+02  9.373184e+01  3.060928e+01  4.296442e+01 
  711.000  1.005109e+03  1.767403e+02  2.680918e+02  9.272251e+01  3.023873e+01  4.266814e+01 
  712.000  9.903990e+02  1.739945e+02  2.646256e+02  9.136486e+01  2.977862e+01  4.211647e+01 
  713.000  9.870267e+02  1.731707e+02  2.643889e+02  9.105286e+01  2.965169e+01  4.207880e+01 
  714.000  1.003980e+03  1.760830e+02  2.691086e+02  9.261656e+01  3.015413e+01  4.282995e+01 
  715.000  9.700714e+02  1.698009e+02  2.609806e+02  8.948714e+01  2.909865e+01  4.153635e+01 
  716.000  9.964994e+02  1.741677e+02  2.688336e+02  9.192406e+01  2.986271e+01  4.278619e+01 
  717.000  9.732822e+02  1.699905e+02  2.629119e+02  8.978185e+01  2.915372e+01  4.184372e+01 
  718.000  9.694521e+02  1.689748e+02  2.628703e+02  8.942717e+01  2.900053e+01  4.183711e+01 
  719.000  9.586913e+02  1.669422e+02  2.604016e+02  8.843392e+01  2.866119e+01  4.144421e+01 
  720.000  9.662559e+02  1.681302e+02  2.628262e+02  8.913120e+01  2.887298e+01  4.183009e+01 
  721.000  9.625252e+02  1.670537e+02  2.632293e+02  8.878535e+01  2.871612e+01  4.189424e+01 
  722.000  9.752692e+02  1.690652e+02  2.674113e+02  8.996007e+01  2.907541e+01  4.255983e+01 
  723.000  9.737072e+02  1.686452e+02  2.675023e+02  8.981538e+01  2.901322e+01  4.257431e+01 
  724.000  9.810601e+02  1.698270e+02  2.698412e+02  9.049326e+01  2.922271e+01  4.294656e+01 
  725.000  9.703689e+02  1.676246e+02  2.681222e+02  8.950566e+01  2.886740e+01  4.267297e+01 
  726.000  9.689054e+02  1.670982e+02  2.686677e+02  8.936959e+01  2.879512e+01  4.275980e+01 
  727.000  9.829709e+02  1.694996e+02  2.726523e+02  9.066686e+01  2.921058e+01  4.339396e+01 
  728.000  9.666018e+02  1.663688e+02  2.691808e+02  8.915578e+01  2.869172e+01  4.284146e+01 
  729.000  9.278890e+02  1.594273e+02  2.593646e+02  8.558395e+01  2.751326e+01  4.127916e+01 
  730.000  9.623984e+02  1.651680e+02  2.696639e+02  8.876617e+01  2.851660e+01  4.291835e+01 
  731.000  9.467153e+02  1.623316e+02  2.657706e+02  8.731907e+01  2.803659e+01  4.229871e+01 
  732.000  9.636088e+02  1.650963e+02  2.709700e+02  8.887669e+01  2.852292e+01  4.312622e+01 
  733.000  9.481048e+02  1.621394e+02  2.676493e+02  8.744551e+01  2.803217e+01  4.259770e+01 
  734.000  9.672615e+02  1.651445e+02  2.739936e+02  8.921131e+01  2.856981e+01  4.360743e+01 
  735.000  9.598980e+02  1.637279e+02  2.724577e+02  8.853154e+01  2.833539e+01  4.336299e+01 
  736.000  9.426590e+02  1.606594e+02  2.680067e+02  8.694108e+01  2.781289e+01  4.265459e+01 
  737.000  9.550113e+02  1.624372e+02  2.726476e+02  8.807903e+01  2.814248e+01  4.339322e+01 
  738.000  9.520379e+02  1.617411e+02  2.724543e+02  8.780405e+01  2.803457e+01  4.336244e+01 
  739.000  9.211549e+02  1.563033e+02  2.642746e+02  8.495504e+01  2.710474e+01  4.206060e+01 
  740.000  9.293788e+02  1.575851e+02  2.670248e+02  8.571306e+01  2.733459e+01  4.249832e+01 
  741.000  9.217819e+02  1.561358e+02  2.653584e+02  8.501180e+01  2.709349e+01  4.223310e+01 
  742.000  9.069401e+02  1.531323e+02  2.624667e+02  8.364116e+01  2.660148e+01  4.177288e+01 
  743.000  9.334214e+02  1.574262e+02  2.706301e+02  8.608270e+01  2.735797e+01  4.307212e+01 
  744.000  9.422058e+02  1.587280e+02  2.736832e+02  8.689214e+01  2.759490e+01  4.355803e+01 
  745.000  9.177025e+02  1.544263e+02  2.670551e+02  8.463174e+01  2.685738e+01  4.250313e+01 
  746.000  9.306260e+02  1.563214e+02  2.716026e+02  8.582250e+01  2.720360e+01  4.322689e+01 
  747.000  9.453069e+02  1.585408e+02  2.765806e+02  8.717546e+01  2.760448e+01  4.401918e+01 
  748.000  9.277685e+02  1.554875e+02  2.717634e+02  8.555766e+01  2.707950e+01  4.325249e+01 
  749.000  9.279731e+02  1.553830e+02  2.722133e+02  8.557601e+01  2.706954e+01  4.332410e+01 
  750.000  9.146030e+02  1.529444e+02  2.688524e+02  8.434229e+01  2.665656e+01  4.278920e+01 
  751.000  9.123231e+02  1.524207e+02  2.686923e+02  8.413148e+01  2.657493e+01  4.276371e+01 
  752.000  9.264908e+02  1.543825e+02  2.745126e+02  8.543641e+01  2.694651e+01  4.369004e+01 
  753.000  9.177372e+02  1.528053e+02  2.724004e+02  8.462872e+01  2.667986e+01  4.335387e+01 
  754.000  9.321893e+02  1.550314e+02  2.774216e+02  8.596070e+01  2.708166e+01  4.415303e+01 
  755.000  9.269614e+02  1.539747e+02  2.766257e+02  8.547789e+01  2.691070e+01  4.402636e+01 
  756.000  9.088815e+02  1.508322e+02  2.717951e+02  8.381015e+01  2.637160e+01  4.325753e+01 
  757.000  9.156268e+02  1.518103e+02  2.743851e+02  8.443159e+01  2.655288e+01  4.366975e+01 
  758.000  9.155944e+02  1.514214e+02  2.759284e+02  8.442712e+01  2.651267e+01  4.391538e+01 
  759.000  9.013645e+02  1.488711e+02  2.724365e+02  8.311421e+01  2.608041e+01  4.335962e+01 
  760.000  9.096241e+02  1.500751e+02  2.754644e+02  8.387523e+01  2.630168e+01  4.384153e+01 
  761.000  9.102885e+02  1.499689e+02  2.757693e+02  8.393578e+01  2.629042e+01  4.389004e+01 
  762.000  8.856619e+02  1.457140e+02  2.683453e+02  8.166437e+01  2.555063e+01  4.270849e+01 
  763.000  9.129952e+02  1.499858e+02  2.766688e+02  8.418399e+01  2.630664e+01  4.403321e+01 
  764.000  9.147075e+02  1.498832e+02  2.772589e+02  8.434064e+01  2.630049e+01  4.412712e+01 
  765.000  9.148571e+02  1.497423e+02  2.773349e+02  8.435392e+01  2.628086e+01  4.413923e+01 
  766.000  8.628953e+02  1.410387e+02  2.616197e+02  7.956218e+01  2.475944e+01  4.163806e+01 
  767.000  8.696602e+02  1.419076e+02  2.637145e+02  8.018515e+01  2.491928e+01  4.197147e+01 
  768.000  8.994276e+02  1.465998e+02  2.727717e+02  8.292928e+01  2.574833e+01  4.341296e+01 
  769.000  8.929944e+02  1.452217e+02  2.708817e+02  8.233509e+01  2.551644e+01  4.311215e+01 
  770.000  8.857462e+02  1.439789e+02  2.686948e+02  8.166660e+01  2.530004e+01  4.276411e+01 
  771.000  8.852134e+02  1.437168e+02  2.686146e+02  8.161691e+01  2.525993e+01  4.275134e+01 
  772.000  8.819194e+02  1.426319e+02  2.685280e+02  8.131133e+01  2.509479e+01  4.273755e+01 
  773.000  8.783041e+02  1.418697e+02  2.677216e+02  8.097740e+01  2.496893e+01  4.260921e+01 
  774.000  8.874392e+02  1.432020e+02  2.707436e+02  8.181915e+01  2.521006e+01  4.309018e+01 
  775.000  8.539972e+02  1.376986e+02  2.607184e+02  7.873553e+01  2.424617e+01  4.149462e+01 
  776.000  8.892367e+02  1.431656e+02  2.718329e+02  8.198376e+01  2.521878e+01  4.326353e+01 
  777.000  8.833260e+02  1.419309e+02  2.704947e+02  8.143788e+01  2.501441e+01  4.305056e+01 
  778.000  8.788123e+02  1.410256e+02  2.694105e+02  8.102113e+01  2.486320e+01  4.287801e+01 
  779.000  8.819448e+02  1.413126e+02  2.707274e+02  8.130920e+01  2.492379e+01  4.308760e+01 
  780.000  8.712711e+02  1.394244e+02  2.677452e+02  8.032456e+01  2.459900e+01  4.261297e+01 
  781.000  8.700074e+02  1.388826e+02  2.677669e+02  8.020695e+01  2.451751e+01  4.261643e+01 
  782.000  8.808406e+02  1.403236e+02  2.714288e+02  8.120473e+01  2.478366e+01  4.319923e+01 
  783.000  8.604673e+02  1.369224e+02  2.653274e+02  7.932602e+01  2.418929e+01  4.222817e+01 
  784.000  8.656186e+02  1.375690e+02  2.671124e+02  7.980035e+01  2.431057e+01  4.251226e+01 
  785.000  8.686874e+02  1.378811e+02  2.682588e+02  8.008270e+01  2.437287e+01  4.269472e+01 
  786.000  8.547195e+02  1.354999e+02  2.641317e+02  7.879449e+01  2.395864e+01  4.203786e+01 
  787.000  8.694322e+02  1.375331e+02  2.690176e+02  8.014985e+01  2.433032e+01  4.281548e+01 
  788.000  8.573773e+02  1.355532e+02  2.653703e+02  7.903831e+01  2.398304e+01  4.223499e+01 
  789.000  8.658085e+02  1.365651e+02  2.683437e+02  7.981451e+01  2.417512e+01  4.270822e+01 
  790.000  8.574304e+02  1.351129e+02  2.658951e+02  7.904176e+01  2.392335e+01  4.231853e+01 
  791.000  8.527513e+02  1.340977e+02  2.645655e+02  7.860956e+01  2.375288e+01  4.210690e+01 
  792.000  8.389827e+02  1.317243e+02  2.603306e+02  7.733968e+01  2.333886e+01  4.143289e+01 
  793.000  8.371858e+02  1.312842e+02  2.598009e+02  7.717357e+01  2.326571e+01  4.134859e+01 
  794.000  8.265472e+02  1.291456e+02  2.565824e+02  7.619144e+01  2.290110e+01  4.083635e+01 
  795.000  8.237581e+02  1.285287e+02  2.557485e+02  7.593380e+01  2.279725e+01  4.070364e+01 
  796.000  8.419873e+02  1.311557e+02  2.614464e+02  7.761352e+01  2.326985e+01  4.161048e+01 
  797.000  8.463522e+02  1.316401e+02  2.628360e+02  7.801526e+01  2.336177e+01  4.183166e+01 
  798.000  8.445130e+02  1.311406e+02  2.623024e+02  7.784509e+01  2.327965e+01  4.174672e+01 
  799.000  8.445327e+02  1.310443e+02  2.623260e+02  7.784660e+01  2.326559e+01  4.175048e+01 
