  291.000  3.625937e+02  1.601364e+02  8.886412e+00  3.397420e+01  2.168544e+01  1.414316e+00 
  292.000  3.985537e+02  1.762735e+02  9.772063e+00  3.733772e+01  2.390911e+01  1.555272e+00 
  293.000  3.091476e+02  1.369309e+02  7.583335e+00  2.895734e+01  1.860288e+01  1.206925e+00 
  294.000  3.281786e+02  1.455750e+02  8.053812e+00  3.073512e+01  1.980942e+01  1.281804e+00 
  295.000  2.908288e+02  1.291751e+02  7.140067e+00  2.723343e+01  1.760294e+01  1.136377e+00 
  296.000  4.006159e+02  1.782052e+02  9.839960e+00  3.750809e+01  2.432435e+01  1.566078e+00 
  297.000  2.171297e+02  9.671317e+01  5.335330e+00  2.032621e+01  1.322011e+01  8.491442e-01 
  298.000  3.556967e+02  1.586746e+02  8.744312e+00  3.329267e+01  2.172597e+01  1.391701e+00 
  299.000  3.515206e+02  1.570527e+02  8.645746e+00  3.289663e+01  2.153991e+01  1.376013e+00 
  300.000  2.836875e+02  1.269145e+02  6.980235e+00  2.654491e+01  1.743194e+01  1.110939e+00 
  301.000  4.140628e+02  1.848570e+02  1.018164e+01  3.874158e+01  2.540045e+01  1.620458e+00 
  302.000  2.925883e+02  1.303130e+02  7.189323e+00  2.737370e+01  1.791392e+01  1.144216e+00 
  303.000  4.242736e+02  1.885647e+02  1.041825e+01  3.969103e+01  2.593207e+01  1.658116e+00 
  304.000  3.792530e+02  1.681976e+02  9.306660e+00  3.547684e+01  2.314046e+01  1.481201e+00 
  305.000  4.266428e+02  1.888098e+02  1.046270e+01  3.990708e+01  2.598684e+01  1.665190e+00 
  306.000  3.664892e+02  1.617889e+02  8.980727e+00  3.427770e+01  2.227827e+01  1.429327e+00 
  307.000  4.003005e+02  1.763304e+02  9.802725e+00  3.743742e+01  2.429070e+01  1.560152e+00 
  308.000  4.206427e+02  1.848846e+02  1.029396e+01  3.933710e+01  2.547972e+01  1.638335e+00 
  309.000  3.853322e+02  1.689900e+02  9.423479e+00  3.603242e+01  2.329904e+01  1.499793e+00 
  310.000  3.159911e+02  1.382714e+02  7.724894e+00  2.954623e+01  1.907193e+01  1.229455e+00 
  311.000  5.490109e+02  2.397045e+02  1.349226e+01  5.133068e+01  3.307804e+01  2.147359e+00 
  312.000  3.972152e+02  1.730973e+02  9.805926e+00  3.713601e+01  2.389614e+01  1.560662e+00 
  313.000  4.449744e+02  1.934740e+02  1.104290e+01  4.159805e+01  2.672175e+01  1.757532e+00 
  314.000  4.379006e+02  1.899672e+02  1.092467e+01  4.093381e+01  2.624987e+01  1.738716e+00 
  315.000  4.455716e+02  1.928537e+02  1.117468e+01  4.164785e+01  2.666151e+01  1.778506e+00 
  316.000  3.346268e+02  1.445487e+02  8.430173e+00  3.127582e+01  1.999174e+01  1.341704e+00 
  317.000  4.519620e+02  1.947815e+02  1.144622e+01  4.223944e+01  2.695228e+01  1.821722e+00 
  318.000  4.185335e+02  1.799534e+02  1.065551e+01  3.911242e+01  2.491271e+01  1.695878e+00 
  319.000  4.072090e+02  1.747310e+02  1.041404e+01  3.805174e+01  2.419998e+01  1.657446e+00 
  320.000  4.488126e+02  1.921258e+02  1.153689e+01  4.193630e+01  2.662238e+01  1.836153e+00 
  321.000  4.482186e+02  1.914724e+02  1.151444e+01  4.187815e+01  2.654239e+01  1.832580e+00 
  322.000  4.359315e+02  1.857681e+02  1.119059e+01  4.072710e+01  2.576369e+01  1.781038e+00 
  323.000  3.504446e+02  1.490232e+02  8.990420e+00  3.273837e+01  2.067599e+01  1.430870e+00 
  324.000  4.052330e+02  1.718934e+02  1.038827e+01  3.785385e+01  2.386042e+01  1.653345e+00 
  325.000  4.923367e+02  2.083933e+02  1.261314e+01  4.598747e+01  2.893883e+01  2.007443e+00 
  326.000  6.146219e+02  2.595910e+02  1.573583e+01  5.740602e+01  3.606339e+01  2.504435e+00 
  327.000  6.105944e+02  2.573285e+02  1.562261e+01  5.702617e+01  3.576397e+01  2.486416e+00 
  328.000  5.497582e+02  2.310966e+02  1.405539e+01  5.134053e+01  3.213398e+01  2.236984e+00 
  329.000  5.854569e+02  2.455585e+02  1.495828e+01  5.467079e+01  3.415939e+01  2.380684e+00 
  330.000  6.104532e+02  2.554722e+02  1.558665e+01  5.700126e+01  3.555364e+01  2.480693e+00 
  331.000  5.230105e+02  2.183863e+02  1.334514e+01  4.883309e+01  3.040555e+01  2.123945e+00 
  332.000  5.456157e+02  2.273100e+02  1.391266e+01  5.094038e+01  3.166171e+01  2.214269e+00 
  333.000  6.150906e+02  2.556702e+02  1.567370e+01  5.742300e+01  3.562753e+01  2.494546e+00 
  334.000  5.321867e+02  2.207022e+02  1.355200e+01  4.968007e+01  3.076831e+01  2.156868e+00 
  335.000  5.537224e+02  2.291021e+02  1.409084e+01  5.168703e+01  3.195353e+01  2.242627e+00 
  336.000  4.146801e+02  1.711736e+02  1.054537e+01  3.870562e+01  2.388476e+01  1.678347e+00 
  337.000  4.060583e+02  1.672210e+02  1.031903e+01  3.789836e+01  2.334377e+01  1.642324e+00 
  338.000  4.918611e+02  2.020975e+02  1.249125e+01  4.590405e+01  2.822023e+01  1.988045e+00 
  339.000  4.914007e+02  2.014499e+02  1.247131e+01  4.585865e+01  2.813714e+01  1.984871e+00 
  340.000  5.626472e+02  2.302178e+02  1.427157e+01  5.250521e+01  3.216228e+01  2.271391e+00 
  341.000  4.719263e+02  1.926529e+02  1.196243e+01  4.403696e+01  2.692145e+01  1.903879e+00 
  342.000  4.942994e+02  2.013180e+02  1.252111e+01  4.612220e+01  2.813982e+01  1.992797e+00 
  343.000  4.995531e+02  2.029820e+02  1.264563e+01  4.660991e+01  2.838003e+01  2.012615e+00 
  344.000  4.571115e+02  1.853723e+02  1.156471e+01  4.264806e+01  2.592376e+01  1.840580e+00 
  345.000  5.836257e+02  2.361161e+02  1.475535e+01  5.444877e+01  3.302914e+01  2.348387e+00 
  346.000  6.476922e+02  2.615137e+02  1.636571e+01  6.042305e+01  3.659024e+01  2.604683e+00 
  347.000  6.178317e+02  2.488569e+02  1.560040e+01  5.763424e+01  3.482898e+01  2.482880e+00 
  348.000  5.835793e+02  2.345855e+02  1.472697e+01  5.443653e+01  3.283923e+01  2.343869e+00 
  349.000  6.411934e+02  2.571159e+02  1.616957e+01  5.980751e+01  3.600333e+01  2.573466e+00 
  350.000  6.576915e+02  2.631911e+02  1.657588e+01  6.134357e+01  3.686270e+01  2.638134e+00 
  351.000  6.265840e+02  2.501216e+02  1.578070e+01  5.843891e+01  3.504216e+01  2.511576e+00 
  352.000  6.451874e+02  2.570122e+02  1.623959e+01  6.017119e+01  3.601614e+01  2.584611e+00 
  353.000  5.896692e+02  2.343060e+02  1.483155e+01  5.499042e+01  3.284372e+01  2.360515e+00 
  354.000  6.827987e+02  2.707386e+02  1.716367e+01  6.367238e+01  3.795985e+01  2.731683e+00 
  355.000  6.945000e+02  2.747933e+02  1.744728e+01  6.476054e+01  3.853776e+01  2.776821e+00 
  356.000  6.592453e+02  2.601741e+02  1.654955e+01  6.146965e+01  3.649831e+01  2.633942e+00 
  357.000  4.233417e+02  1.667134e+02  1.062099e+01  3.947157e+01  2.339305e+01  1.690383e+00 
  358.000  4.618587e+02  1.814866e+02  1.158022e+01  4.306079e+01  2.547237e+01  1.843048e+00 
  359.000  4.664671e+02  1.828968e+02  1.168855e+01  4.348840e+01  2.567675e+01  1.860290e+00 
  360.000  6.943934e+02  2.716649e+02  1.738905e+01  6.473473e+01  3.814851e+01  2.767553e+00 
  361.000  5.512349e+02  2.151863e+02  1.386556e+01  5.138634e+01  3.022623e+01  2.206773e+00 
  362.000  6.052786e+02  2.356599e+02  1.531259e+01  5.642109e+01  3.311372e+01  2.437074e+00 
  363.000  6.448575e+02  2.505130e+02  1.639202e+01  6.010756e+01  3.521122e+01  2.608871e+00 
  364.000  6.451493e+02  2.500669e+02  1.647794e+01  6.013187e+01  3.515899e+01  2.622546e+00 
  365.000  6.057674e+02  2.342743e+02  1.554610e+01  5.645851e+01  3.294845e+01  2.474239e+00 
  366.000  8.335620e+02  3.216417e+02  2.149438e+01  7.768558e+01  4.524951e+01  3.420937e+00 
  367.000  7.479804e+02  2.879608e+02  1.937972e+01  6.970623e+01  4.052351e+01  3.084378e+00 
  368.000  7.073475e+02  2.716925e+02  1.841446e+01  6.591633e+01  3.824586e+01  2.930752e+00 
  369.000  6.821667e+02  2.615361e+02  1.782670e+01  6.356730e+01  3.682523e+01  2.837207e+00 
  370.000  7.867214e+02  3.009199e+02  2.065704e+01  7.330659e+01  4.238377e+01  3.287670e+00 
  371.000  6.300231e+02  2.404106e+02  1.653824e+01  5.870257e+01  3.387056e+01  2.632142e+00 
  372.000  6.649408e+02  2.531272e+02  1.744329e+01  6.195299e+01  3.567201e+01  2.776186e+00 
  373.000  6.643245e+02  2.522825e+02  1.741553e+01  6.189249e+01  3.556286e+01  2.771768e+00 
  374.000  5.157334e+02  1.953779e+02  1.351112e+01  4.804647e+01  2.754906e+01  2.150361e+00 
  375.000  4.734259e+02  1.789994e+02  1.239608e+01  4.410328e+01  2.524531e+01  1.972897e+00 
  376.000  6.788063e+02  2.560206e+02  1.776171e+01  6.323289e+01  3.611830e+01  2.826864e+00 
  377.000  6.962255e+02  2.619392e+02  1.820513e+01  6.485229e+01  3.696384e+01  2.897436e+00 
  378.000  9.025735e+02  3.388946e+02  2.358789e+01  8.406991e+01  4.783452e+01  3.754129e+00 
  379.000  6.963319e+02  2.607988e+02  1.818548e+01  6.485634e+01  3.682208e+01  2.894310e+00 
  380.000  6.530733e+02  2.439778e+02  1.704397e+01  6.082415e+01  3.445718e+01  2.712632e+00 
  381.000  7.331682e+02  2.733413e+02  1.912368e+01  6.828105e+01  3.861330e+01  3.043628e+00 
  382.000  5.476696e+02  2.036594e+02  1.427525e+01  5.100269e+01  2.877827e+01  2.271977e+00 
  383.000  3.816023e+02  1.415378e+02  9.939660e+00  3.553557e+01  2.000609e+01  1.581946e+00 
  384.000  4.197291e+02  1.553549e+02  1.092660e+01  3.908442e+01  2.196439e+01  1.739022e+00 
  385.000  6.313017e+02  2.330522e+02  1.642272e+01  5.878265e+01  3.295936e+01  2.613758e+00 
  386.000  4.896406e+02  1.803747e+02  1.273029e+01  4.559023e+01  2.551567e+01  2.026088e+00 
  387.000  5.615553e+02  2.063172e+02  1.458958e+01  5.228349e+01  2.919443e+01  2.322003e+00 
  388.000  5.555264e+02  2.036652e+02  1.442464e+01  5.172001e+01  2.882629e+01  2.295753e+00 
  389.000  6.320247e+02  2.312117e+02  1.640149e+01  5.883963e+01  3.273329e+01  2.610379e+00 
  390.000  7.651205e+02  2.791437e+02  1.984662e+01  7.122676e+01  3.953159e+01  3.158689e+00 
  391.000  8.544163e+02  3.110511e+02  2.225677e+01  7.953619e+01  4.406289e+01  3.542275e+00 
  392.000  7.579007e+02  2.753170e+02  1.982620e+01  7.054875e+01  3.901213e+01  3.155438e+00 
  393.000  4.056159e+02  1.469436e+02  1.066678e+01  3.775454e+01  2.082931e+01  1.697671e+00 
  394.000  4.479918e+02  1.619388e+02  1.183096e+01  4.169712e+01  2.296161e+01  1.882956e+00 
  395.000  7.505621e+02  2.707113e+02  1.990521e+01  6.985609e+01  3.839599e+01  3.168012e+00 
  396.000  7.711856e+02  2.773453e+02  2.056436e+01  7.177159e+01  3.935209e+01  3.272921e+00 
  397.000  3.132583e+02  1.124014e+02  8.389178e+00  2.915261e+01  1.595331e+01  1.335179e+00 
  398.000  8.747214e+02  3.131644e+02  2.352256e+01  8.140038e+01  4.446111e+01  3.743732e+00 
  399.000  1.046712e+03  3.739511e+02  2.825745e+01  9.740172e+01  5.310612e+01  4.497313e+00 
  400.000  1.026429e+03  3.657736e+02  2.783949e+01  9.550979e+01  5.196239e+01  4.430793e+00 
  401.000  1.017598e+03  3.616506e+02  2.789082e+01  9.468325e+01  5.139756e+01  4.438962e+00 
  402.000  1.075510e+03  3.814023e+02  2.972919e+01  1.000676e+02  5.422248e+01  4.731548e+00 
  403.000  1.004657e+03  3.554187e+02  2.802994e+01  9.347104e+01  5.054693e+01  4.461103e+00 
  404.000  1.076704e+03  3.800771e+02  3.029084e+01  1.001701e+02  5.407164e+01  4.820937e+00 
  405.000  9.848906e+02  3.467635e+02  2.798074e+01  9.162386e+01  4.935171e+01  4.453273e+00 
  406.000  9.747838e+02  3.425311e+02  2.789699e+01  9.068034e+01  4.876386e+01  4.439943e+00 
  407.000  9.470331e+02  3.318635e+02  2.737919e+01  8.809432e+01  4.726490e+01  4.357533e+00 
  408.000  1.023230e+03  3.578195e+02  2.980674e+01  9.517861e+01  5.097766e+01  4.743891e+00 
  409.000  1.129759e+03  3.940680e+02  3.321252e+01  1.050828e+02  5.616352e+01  5.285938e+00 
  410.000  9.420925e+02  3.278778e+02  2.791551e+01  8.762375e+01  4.674569e+01  4.442891e+00 
  411.000  1.103647e+03  3.830372e+02  3.302356e+01  1.026447e+02  5.463276e+01  5.255864e+00 
  412.000  1.140713e+03  3.949551e+02  3.441713e+01  1.060874e+02  5.635302e+01  5.477655e+00 
  413.000  1.074810e+03  3.713413e+02  3.266788e+01  9.995454e+01  5.300091e+01  5.199254e+00 
  414.000  1.052620e+03  3.626850e+02  3.229065e+01  9.788616e+01  5.178676e+01  5.139216e+00 
  415.000  1.119783e+03  3.849350e+02  3.461842e+01  1.041276e+02  5.498301e+01  5.509694e+00 
  416.000  1.110237e+03  3.806866e+02  3.461317e+01  1.032352e+02  5.439704e+01  5.508858e+00 
  417.000  1.073667e+03  3.674486e+02  3.368244e+01  9.983135e+01  5.252053e+01  5.360727e+00 
  418.000  1.047817e+03  3.577386e+02  3.312999e+01  9.742361e+01  5.115128e+01  5.272801e+00 
  419.000  1.071189e+03  3.646403e+02  3.419160e+01  9.959154e+01  5.216140e+01  5.441763e+00 
  420.000  9.045820e+02  3.071936e+02  2.909271e+01  8.409811e+01  4.395955e+01  4.630249e+00 
  421.000  1.130781e+03  3.830497e+02  3.665476e+01  1.051230e+02  5.483535e+01  5.833786e+00 
  422.000  1.080959e+03  3.653930e+02  3.527267e+01  1.004877e+02  5.232458e+01  5.613819e+00 
  423.000  9.109127e+02  3.071282e+02  2.995805e+01  8.467609e+01  4.399798e+01  4.767972e+00 
  424.000  9.997723e+02  3.362281e+02  3.313716e+01  9.293217e+01  4.818534e+01  5.273942e+00 
  425.000  1.033358e+03  3.465493e+02  3.454062e+01  9.604943e+01  4.968556e+01  5.497311e+00 
  426.000  9.910952e+02  3.317404e+02  3.331733e+01  9.211817e+01  4.757614e+01  5.302617e+00 
  427.000  9.514525e+02  3.175733e+02  3.225198e+01  8.842930e+01  4.556383e+01  5.133062e+00 
  428.000  9.615231e+02  3.200970e+02  3.284259e+01  8.936132e+01  4.594405e+01  5.227060e+00 
  429.000  8.729807e+02  2.899587e+02  3.001509e+01  8.112933e+01  4.163260e+01  4.777050e+00 
  430.000  6.952905e+02  2.303420e+02  2.408316e+01  6.461311e+01  3.308572e+01  3.832954e+00 
  431.000  6.238219e+02  2.062651e+02  2.172649e+01  5.796968e+01  2.963605e+01  3.457879e+00 
  432.000  1.120879e+03  3.695649e+02  3.934985e+01  1.041546e+02  5.312168e+01  6.262723e+00 
  433.000  9.959661e+02  3.274706e+02  3.523425e+01  9.254315e+01  4.709072e+01  5.607705e+00 
  434.000  9.448042e+02  3.099585e+02  3.362885e+01  8.778608e+01  4.458745e+01  5.352197e+00 
  435.000  1.026178e+03  3.356867e+02  3.681185e+01  9.534238e+01  4.830945e+01  5.858788e+00 
  436.000  1.135737e+03  3.707271e+02  4.097847e+01  1.055178e+02  5.336956e+01  6.521925e+00 
  437.000  1.144874e+03  3.725776e+02  4.164293e+01  1.063614e+02  5.366054e+01  6.627678e+00 
  438.000  1.023626e+03  3.324889e+02  3.741918e+01  9.509429e+01  4.790047e+01  5.955447e+00 
  439.000  9.889917e+02  3.202915e+02  3.643298e+01  9.187239e+01  4.616385e+01  5.798489e+00 
  440.000  1.106589e+03  3.575341e+02  4.101359e+01  1.027927e+02  5.154996e+01  6.527515e+00 
  441.000  1.100974e+03  3.551069e+02  4.098637e+01  1.022683e+02  5.121335e+01  6.523183e+00 
  442.000  1.157913e+03  3.723448e+02  4.343834e+01  1.075521e+02  5.372390e+01  6.913426e+00 
  443.000  1.163884e+03  3.733326e+02  4.393700e+01  1.081024e+02  5.388671e+01  6.992791e+00 
  444.000  1.154847e+03  3.692611e+02  4.394118e+01  1.072577e+02  5.332458e+01  6.993456e+00 
  445.000  1.212975e+03  3.869630e+02  4.641301e+01  1.126523e+02  5.590016e+01  7.386859e+00 
  446.000  1.078221e+03  3.431835e+02  4.148917e+01  1.001337e+02  4.959306e+01  6.603206e+00 
  447.000  1.227968e+03  3.898219e+02  4.755216e+01  1.140360e+02  5.635505e+01  7.568162e+00 
  448.000  1.246427e+03  3.945654e+02  4.859475e+01  1.157451e+02  5.706513e+01  7.734095e+00 
  449.000  1.252659e+03  3.956319e+02  4.910370e+01  1.163197e+02  5.723915e+01  7.815096e+00 
  450.000  1.277985e+03  4.024449e+02  5.042832e+01  1.186661e+02  5.825047e+01  8.025916e+00 
  451.000  1.378911e+03  4.331911e+02  5.454472e+01  1.280328e+02  6.272078e+01  8.681062e+00 
  452.000  1.279781e+03  4.012357e+02  5.072861e+01  1.188249e+02  5.810977e+01  8.073709e+00 
  453.000  1.186398e+03  3.708904e+02  4.716491e+01  1.101497e+02  5.373563e+01  7.506529e+00 
  454.000  1.263462e+03  3.936108e+02  5.040549e+01  1.172985e+02  5.705399e+01  8.022283e+00 
  455.000  1.270553e+03  3.949703e+02  5.079789e+01  1.179531e+02  5.726751e+01  8.084734e+00 
  456.000  1.299923e+03  4.030658e+02  5.210545e+01  1.206751e+02  5.846136e+01  8.292839e+00 
  457.000  1.305748e+03  4.038636e+02  5.246875e+01  1.212114e+02  5.859663e+01  8.350661e+00 
  458.000  1.281818e+03  3.950022e+02  5.169500e+01  1.189836e+02  5.733924e+01  8.227516e+00 
  459.000  1.280104e+03  3.937298e+02  5.172155e+01  1.188212e+02  5.716899e+01  8.231741e+00 
  460.000  1.267708e+03  3.888846e+02  5.135328e+01  1.176660e+02  5.648552e+01  8.173128e+00 
  461.000  1.312375e+03  4.015415e+02  5.329695e+01  1.218073e+02  5.834423e+01  8.482473e+00 
  462.000  1.289921e+03  3.934866e+02  5.253697e+01  1.197180e+02  5.719687e+01  8.361518e+00 
  463.000  1.288868e+03  3.923212e+02  5.260237e+01  1.196167e+02  5.704388e+01  8.371927e+00 
  464.000  1.291284e+03  3.919679e+02  5.284037e+01  1.198360e+02  5.701366e+01  8.409807e+00 
  465.000  1.270434e+03  3.848276e+02  5.209104e+01  1.178975e+02  5.599086e+01  8.290547e+00 
  466.000  1.309369e+03  3.950215e+02  5.389212e+01  1.215038e+02  5.750513e+01  8.577199e+00 
  467.000  1.261516e+03  3.795271e+02  5.205778e+01  1.170587e+02  5.527014e+01  8.285254e+00 
  468.000  1.334105e+03  4.003557e+02  5.518220e+01  1.237900e+02  5.832303e+01  8.782519e+00 
  469.000  1.321218e+03  3.956068e+02  5.476162e+01  1.225904e+02  5.764840e+01  8.715583e+00 
  470.000  1.302311e+03  3.887521e+02  5.413023e+01  1.208309e+02  5.667277e+01  8.615094e+00 
  471.000  1.299369e+03  3.867653e+02  5.414919e+01  1.205532e+02  5.640473e+01  8.618111e+00 
  472.000  1.314836e+03  3.902981e+02  5.493011e+01  1.219835e+02  5.694083e+01  8.742399e+00 
  473.000  1.300473e+03  3.850038e+02  5.446125e+01  1.206466e+02  5.618853e+01  8.667778e+00 
  474.000  1.310996e+03  3.871470e+02  5.502558e+01  1.216187e+02  5.652028e+01  8.757593e+00 
  475.000  1.364901e+03  4.018639e+02  5.744078e+01  1.266142e+02  5.869228e+01  9.141984e+00 
  476.000  1.324593e+03  3.887341e+02  5.590469e+01  1.228696e+02  5.679930e+01  8.897508e+00 
  477.000  1.313281e+03  3.844808e+02  5.554567e+01  1.218163e+02  5.619607e+01  8.840367e+00 
  478.000  1.375978e+03  4.020684e+02  5.829483e+01  1.276287e+02  5.878169e+01  9.277910e+00 
  479.000  1.310142e+03  3.818774e+02  5.562637e+01  1.215179e+02  5.584842e+01  8.853211e+00 
  480.000  1.332358e+03  3.871726e+02  5.671909e+01  1.235735e+02  5.664591e+01  9.027123e+00 
  481.000  1.321222e+03  3.827175e+02  5.639924e+01  1.225355e+02  5.601793e+01  8.976218e+00 
  482.000  1.346063e+03  3.887690e+02  5.760431e+01  1.248345e+02  5.692605e+01  9.168011e+00 
  483.000  1.345277e+03  3.873093e+02  5.772641e+01  1.247564e+02  5.673643e+01  9.187444e+00 
  484.000  1.291733e+03  3.708978e+02  5.555450e+01  1.197867e+02  5.435182e+01  8.841773e+00 
  485.000  1.299779e+03  3.721674e+02  5.603183e+01  1.205285e+02  5.455824e+01  8.917743e+00 
  486.000  1.052329e+03  3.007878e+02  4.543098e+01  9.758022e+01  4.410459e+01  7.230565e+00 
  487.000  1.181492e+03  3.365985e+02  5.114676e+01  1.095526e+02  4.937723e+01  8.140258e+00 
  488.000  1.281498e+03  3.639600e+02  5.561815e+01  1.188208e+02  5.341315e+01  8.851905e+00 
  489.000  1.190029e+03  3.369641e+02  5.177629e+01  1.103355e+02  4.947129e+01  8.240453e+00 
  490.000  1.353439e+03  3.820609e+02  5.908878e+01  1.254814e+02  5.611598e+01  9.404271e+00 
  491.000  1.265311e+03  3.564930e+02  5.555696e+01  1.173078e+02  5.237751e+01  8.842165e+00 
  492.000  1.215302e+03  3.413622e+02  5.383697e+01  1.126670e+02  5.017986e+01  8.568419e+00 
  493.000  1.308246e+03  3.663253e+02  5.847670e+01  1.212787e+02  5.387737e+01  9.306856e+00 
  494.000  1.263207e+03  3.526752e+02  5.693752e+01  1.170991e+02  5.189516e+01  9.061887e+00 
  495.000  1.349465e+03  3.758858e+02  6.122304e+01  1.250915e+02  5.533186e+01  9.743948e+00 
  496.000  1.314229e+03  3.650616e+02  6.008451e+01  1.218209e+02  5.376318e+01  9.562746e+00 
  497.000  1.274940e+03  3.530699e+02  5.877923e+01  1.181745e+02  5.202352e+01  9.355005e+00 
  498.000  1.244645e+03  3.438933e+02  5.774072e+01  1.153631e+02  5.069064e+01  9.189721e+00 
  499.000  1.241870e+03  3.419689e+02  5.813845e+01  1.151010e+02  5.043531e+01  9.253021e+00 
  500.000  1.236529e+03  3.394656e+02  5.839013e+01  1.146017e+02  5.009185e+01  9.293078e+00 
  501.000  1.208694e+03  3.311551e+02  5.761293e+01  1.120190e+02  4.888528e+01  9.169383e+00 
  502.000  1.201106e+03  3.279569e+02  5.814972e+01  1.113109e+02  4.844616e+01  9.254814e+00 
  503.000  1.272846e+03  3.465818e+02  6.239563e+01  1.179553e+02  5.122589e+01  9.930573e+00 
  504.000  1.184082e+03  3.218502e+02  5.849471e+01  1.097270e+02  4.758708e+01  9.309721e+00 
  505.000  1.277589e+03  3.460533e+02  6.408582e+01  1.183869e+02  5.120142e+01  1.019957e+01 
  506.000  1.367119e+03  3.690447e+02  6.958425e+01  1.266778e+02  5.464034e+01  1.107468e+01 
  507.000  1.271032e+03  3.423238e+02  6.531948e+01  1.177710e+02  5.070719e+01  1.039592e+01 
  508.000  1.218312e+03  3.270620e+02  6.345913e+01  1.128816e+02  4.847789e+01  1.009983e+01 
  509.000  1.312813e+03  3.515780e+02  6.906255e+01  1.216339e+02  5.213691e+01  1.099165e+01 
  510.000  1.271283e+03  3.395099e+02  6.763263e+01  1.177821e+02  5.037523e+01  1.076407e+01 
  511.000  1.271187e+03  3.384359e+02  6.923487e+01  1.177685e+02  5.025777e+01  1.101907e+01 
  512.000  1.333285e+03  3.542938e+02  7.366283e+01  1.235185e+02  5.263984e+01  1.172380e+01 
  513.000  1.220031e+03  3.230186e+02  6.923303e+01  1.130212e+02  4.804054e+01  1.101878e+01 
  514.000  1.193599e+03  3.154617e+02  6.859705e+01  1.105701e+02  4.693912e+01  1.091756e+01 
  515.000  1.218188e+03  3.209275e+02  7.160667e+01  1.128434e+02  4.779394e+01  1.139656e+01 
  516.000  1.279243e+03  3.362105e+02  7.643327e+01  1.184955e+02  5.010220e+01  1.216473e+01 
  517.000  9.426312e+02  2.468108e+02  5.775759e+01  8.731126e+01  3.681725e+01  9.192406e+00 
  518.000  1.166712e+03  3.050055e+02  7.222224e+01  1.080647e+02  4.551745e+01  1.149453e+01 
  519.000  1.105719e+03  2.879767e+02  7.011491e+01  1.024105e+02  4.301969e+01  1.115913e+01 
  520.000  1.217103e+03  3.164353e+02  7.802480e+01  1.127244e+02  4.729316e+01  1.241803e+01 
  521.000  1.218236e+03  3.155576e+02  8.010972e+01  1.128242e+02  4.721202e+01  1.274986e+01 
  522.000  1.266501e+03  3.274864e+02  8.427831e+01  1.172917e+02  4.902141e+01  1.341331e+01 
  523.000  1.180187e+03  3.043215e+02  8.000156e+01  1.092943e+02  4.559021e+01  1.273264e+01 
  524.000  1.280936e+03  3.292910e+02  8.857900e+01  1.186200e+02  4.937424e+01  1.409779e+01 
  525.000  1.270926e+03  3.260081e+02  8.911446e+01  1.176899e+02  4.891249e+01  1.418301e+01 
  526.000  1.211699e+03  3.097860e+02  8.674111e+01  1.122010e+02  4.652283e+01  1.380528e+01 
  527.000  1.059048e+03  2.699219e+02  7.725816e+01  9.806213e+01  4.057207e+01  1.229602e+01 
  528.000  1.272558e+03  3.234613e+02  9.434807e+01  1.178281e+02  4.865730e+01  1.501596e+01 
  529.000  1.309442e+03  3.318432e+02  9.879376e+01  1.212390e+02  4.996079e+01  1.572352e+01 
  530.000  1.237657e+03  3.130410e+02  9.442778e+01  1.145899e+02  4.715620e+01  1.502865e+01 
  531.000  1.348008e+03  3.398088e+02  1.040141e+02  1.248021e+02  5.122644e+01  1.655435e+01 
  532.000  1.286452e+03  3.233976e+02  1.001158e+02  1.190995e+02  4.878133e+01  1.593392e+01 
  533.000  1.129805e+03  2.832324e+02  8.867280e+01  1.045939e+02  4.274819e+01  1.411271e+01 
  534.000  1.228503e+03  3.068568e+02  9.748228e+01  1.137265e+02  4.634991e+01  1.551479e+01 
  535.000  1.252630e+03  3.123099e+02  9.994128e+01  1.159577e+02  4.719212e+01  1.590615e+01 
  536.000  1.328840e+03  3.302364e+02  1.070416e+02  1.230082e+02  4.993563e+01  1.703619e+01 
  537.000  1.232826e+03  3.051971e+02  1.004248e+02  1.141157e+02  4.618743e+01  1.598311e+01 
  538.000  1.290189e+03  3.185896e+02  1.058631e+02  1.194222e+02  4.824030e+01  1.684864e+01 
  539.000  1.285808e+03  3.165830e+02  1.063787e+02  1.190129e+02  4.796635e+01  1.693070e+01 
  540.000  1.258307e+03  3.088754e+02  1.049893e+02  1.164637e+02  4.682879e+01  1.670957e+01 
  541.000  1.153758e+03  2.824295e+02  9.673228e+01  1.067840e+02  4.284086e+01  1.539542e+01 
  542.000  1.287028e+03  3.141163e+02  1.084593e+02  1.191150e+02  4.767305e+01  1.726184e+01 
  543.000  1.231256e+03  2.994913e+02  1.043573e+02  1.139492e+02  4.548126e+01  1.660897e+01 
  544.000  1.298943e+03  3.149496e+02  1.106875e+02  1.202095e+02  4.785641e+01  1.761646e+01 
  545.000  1.279930e+03  3.094206e+02  1.096090e+02  1.184465e+02  4.704155e+01  1.744481e+01 
  546.000  1.251727e+03  3.017952e+02  1.076692e+02  1.158334e+02  4.590443e+01  1.713609e+01 
  547.000  1.305381e+03  3.136758e+02  1.129056e+02  1.207944e+02  4.774054e+01  1.796948e+01 
  548.000  1.212047e+03  2.898751e+02  1.056399e+02  1.121523e+02  4.415584e+01  1.681311e+01 
  549.000  1.275564e+03  3.045675e+02  1.114688e+02  1.180278e+02  4.640761e+01  1.774081e+01 
  550.000  1.248469e+03  2.969680e+02  1.097566e+02  1.155163e+02  4.528078e+01  1.746831e+01 
  551.000  1.241180e+03  2.948215e+02  1.093033e+02  1.148400e+02  4.496537e+01  1.739617e+01 
  552.000  1.295407e+03  3.070918e+02  1.143562e+02  1.198546e+02  4.685441e+01  1.820036e+01 
  553.000  1.245600e+03  2.944825e+02  1.103237e+02  1.152427e+02  4.495364e+01  1.755856e+01 
  554.000  1.287065e+03  3.036960e+02  1.142640e+02  1.190765e+02  4.637710e+01  1.818568e+01 
  555.000  1.291483e+03  3.041405e+02  1.149275e+02  1.194825e+02  4.646221e+01  1.829128e+01 
  556.000  1.256665e+03  2.954180e+02  1.120665e+02  1.162590e+02  4.514478e+01  1.783593e+01 
  557.000  1.220253e+03  2.863221e+02  1.090624e+02  1.128880e+02  4.377021e+01  1.735783e+01 
  558.000  1.267523e+03  2.968737e+02  1.135320e+02  1.172587e+02  4.539880e+01  1.806918e+01 
  559.000  1.199158e+03  2.801664e+02  1.077234e+02  1.109311e+02  4.286387e+01  1.714472e+01 
  560.000  1.205453e+03  2.810435e+02  1.084359e+02  1.115109e+02  4.301350e+01  1.725811e+01 
  561.000  1.325991e+03  3.084785e+02  1.185989e+02  1.226587e+02  4.721830e+01  1.887560e+01 
  562.000  1.218491e+03  2.828724e+02  1.083757e+02  1.127122e+02  4.330410e+01  1.724853e+01 
  563.000  1.275983e+03  2.955938e+02  1.128526e+02  1.180278e+02  4.525710e+01  1.796104e+01 
  564.000  1.259374e+03  2.910534e+02  1.106785e+02  1.164888e+02  4.456804e+01  1.761503e+01 
  565.000  1.275832e+03  2.942917e+02  1.115495e+02  1.180089e+02  4.506890e+01  1.775366e+01 
  566.000  1.177603e+03  2.709801e+02  1.022962e+02  1.089206e+02  4.150463e+01  1.628094e+01 
  567.000  1.265503e+03  2.906271e+02  1.093421e+02  1.170484e+02  4.451897e+01  1.740233e+01 
  568.000  1.267340e+03  2.905380e+02  1.089809e+02  1.172164e+02  4.450982e+01  1.734485e+01 
  569.000  1.251519e+03  2.860024e+02  1.066964e+02  1.157495e+02  4.382296e+01  1.698125e+01 
  570.000  1.258034e+03  2.866342e+02  1.063802e+02  1.163487e+02  4.392729e+01  1.693093e+01 
  571.000  1.208839e+03  2.748298e+02  1.016146e+02  1.117967e+02  4.212348e+01  1.617247e+01 
  572.000  1.284410e+03  2.915771e+02  1.075261e+02  1.187840e+02  4.469416e+01  1.711330e+01 
  573.000  1.297676e+03  2.938358e+02  1.078716e+02  1.200079e+02  4.504699e+01  1.716829e+01 
  574.000  1.291234e+03  2.917570e+02  1.067058e+02  1.194098e+02  4.473374e+01  1.698276e+01 
  575.000  1.261082e+03  2.842155e+02  1.034739e+02  1.166186e+02  4.358383e+01  1.646838e+01 
  576.000  1.238846e+03  2.784579e+02  1.008914e+02  1.145594e+02  4.270745e+01  1.605736e+01 
  577.000  1.288926e+03  2.891538e+02  1.044004e+02  1.191882e+02  4.435281e+01  1.661585e+01 
  578.000  1.249338e+03  2.795132e+02  1.004224e+02  1.155246e+02  4.288069e+01  1.598272e+01 
  579.000  1.238067e+03  2.763430e+02  9.885799e+01  1.144798e+02  4.240002e+01  1.573374e+01 
  580.000  1.278864e+03  2.849985e+02  1.016581e+02  1.182505e+02  4.373201e+01  1.617938e+01 
  581.000  1.253181e+03  2.786048e+02  9.924042e+01  1.158731e+02  4.276082e+01  1.579460e+01 
  582.000  1.270391e+03  2.817700e+02  1.002358e+02  1.174617e+02  4.325644e+01  1.595302e+01 
  583.000  1.278430e+03  2.830013e+02  1.005633e+02  1.182029e+02  4.345366e+01  1.600514e+01 
  584.000  1.274049e+03  2.811262e+02  9.971546e+01  1.177943e+02  4.317919e+01  1.587021e+01 
  585.000  1.265197e+03  2.787592e+02  9.879275e+01  1.169742e+02  4.282178e+01  1.572335e+01 
  586.000  1.210672e+03  2.661203e+02  9.418764e+01  1.119306e+02  4.088954e+01  1.499043e+01 
  587.000  1.260479e+03  2.767657e+02  9.789435e+01  1.165343e+02  4.252971e+01  1.558037e+01 
  588.000  1.259699e+03  2.758292e+02  9.740874e+01  1.164591e+02  4.239715e+01  1.550308e+01 
  589.000  1.133546e+03  2.476832e+02  8.736330e+01  1.047942e+02  3.807864e+01  1.390430e+01 
  590.000  1.185272e+03  2.582499e+02  9.095747e+01  1.095733e+02  3.971428e+01  1.447633e+01 
  591.000  1.247404e+03  2.711960e+02  9.567177e+01  1.153148e+02  4.171756e+01  1.522663e+01 
  592.000  1.230525e+03  2.670110e+02  9.434479e+01  1.137524e+02  4.108480e+01  1.501544e+01 
  593.000  1.229940e+03  2.662337e+02  9.425893e+01  1.136957e+02  4.097906e+01  1.500177e+01 
  594.000  1.244954e+03  2.688457e+02  9.536938e+01  1.150810e+02  4.139472e+01  1.517851e+01 
  595.000  1.231696e+03  2.652435e+02  9.430719e+01  1.138525e+02  4.085583e+01  1.500946e+01 
  596.000  1.249141e+03  2.683993e+02  9.560503e+01  1.154626e+02  4.135474e+01  1.521601e+01 
  597.000  1.257106e+03  2.698445e+02  9.619786e+01  1.161978e+02  4.158310e+01  1.531036e+01 
  598.000  1.226976e+03  2.627621e+02  9.385352e+01  1.134104e+02  4.050481e+01  1.493725e+01 
  599.000  1.226294e+03  2.620031e+02  9.376268e+01  1.133448e+02  4.040087e+01  1.492279e+01 
  600.000  1.222647e+03  2.606579e+02  9.344822e+01  1.130056e+02  4.020552e+01  1.487275e+01 
  601.000  1.213605e+03  2.581539e+02  9.248481e+01  1.121677e+02  3.982848e+01  1.471942e+01 
  602.000  1.200748e+03  2.545129e+02  9.100169e+01  1.109758e+02  3.928020e+01  1.448337e+01 
  603.000  1.207244e+03  2.553796e+02  9.121059e+01  1.115743e+02  3.942155e+01  1.451662e+01 
  604.000  1.244205e+03  2.627921e+02  9.377747e+01  1.149887e+02  4.057181e+01  1.492515e+01 
  605.000  1.240569e+03  2.613720e+02  9.314137e+01  1.146502e+02  4.036225e+01  1.482391e+01 
  606.000  1.226126e+03  2.576072e+02  9.165637e+01  1.133126e+02  3.979160e+01  1.458756e+01 
  607.000  1.219072e+03  2.555733e+02  9.082274e+01  1.126587e+02  3.948563e+01  1.445489e+01 
  608.000  1.214675e+03  2.538977e+02  9.007695e+01  1.122495e+02  3.923793e+01  1.433619e+01 
  609.000  1.201911e+03  2.509277e+02  8.896283e+01  1.110688e+02  3.878342e+01  1.415887e+01 
  610.000  1.182610e+03  2.462952e+02  8.719979e+01  1.092829e+02  3.807637e+01  1.387828e+01 
  611.000  1.201527e+03  2.497364e+02  8.831814e+01  1.110292e+02  3.861576e+01  1.405627e+01 
  612.000  1.185938e+03  2.456774e+02  8.671835e+01  1.095855e+02  3.800029e+01  1.380165e+01 
  613.000  1.168475e+03  2.414963e+02  8.512905e+01  1.079698e+02  3.736193e+01  1.354871e+01 
  614.000  1.126076e+03  2.323070e+02  8.180373e+01  1.040504e+02  3.594657e+01  1.301947e+01 
  615.000  1.179850e+03  2.428861e+02  8.542519e+01  1.090173e+02  3.759118e+01  1.359584e+01 
  616.000  1.121910e+03  2.302287e+02  8.082587e+01  1.036609e+02  3.564303e+01  1.286384e+01 
  617.000  1.128220e+03  2.309785e+02  8.097855e+01  1.042419e+02  3.576717e+01  1.288813e+01 
  618.000  1.181405e+03  2.414331e+02  8.455569e+01  1.091543e+02  3.739250e+01  1.345745e+01 
  619.000  1.170802e+03  2.386703e+02  8.346690e+01  1.081724e+02  3.697344e+01  1.328417e+01 
  620.000  1.188447e+03  2.415786e+02  8.435732e+01  1.098002e+02  3.743434e+01  1.342588e+01 
  621.000  1.209269e+03  2.451707e+02  8.563661e+01  1.117215e+02  3.800245e+01  1.362949e+01 
  622.000  1.145574e+03  2.319842e+02  8.104131e+01  1.058359e+02  3.596336e+01  1.289812e+01 
  623.000  1.155277e+03  2.331141e+02  8.146875e+01  1.067291e+02  3.615348e+01  1.296615e+01 
  624.000  1.156834e+03  2.330385e+02  8.145772e+01  1.068716e+02  3.614874e+01  1.296440e+01 
  625.000  1.125870e+03  2.263660e+02  7.914257e+01  1.040093e+02  3.512151e+01  1.259593e+01 
  626.000  1.132815e+03  2.270058e+02  7.939626e+01  1.046482e+02  3.523430e+01  1.263631e+01 
  627.000  1.157308e+03  2.312374e+02  8.090329e+01  1.069083e+02  3.590322e+01  1.287616e+01 
  628.000  1.175077e+03  2.342456e+02  8.197754e+01  1.085476e+02  3.638000e+01  1.304713e+01 
  629.000  1.184426e+03  2.357453e+02  8.251701e+01  1.094099e+02  3.661942e+01  1.313299e+01 
  630.000  1.141953e+03  2.268468e+02  7.942027e+01  1.054849e+02  3.524513e+01  1.264013e+01 
  631.000  1.178564e+03  2.333371e+02  8.172424e+01  1.088639e+02  3.626752e+01  1.300682e+01 
  632.000  1.098413e+03  2.169907e+02  7.601852e+01  1.014586e+02  3.373534e+01  1.209872e+01 
  633.000  1.172474e+03  2.311573e+02  8.100048e+01  1.082978e+02  3.594611e+01  1.289163e+01 
  634.000  1.134758e+03  2.229025e+02  7.814152e+01  1.048111e+02  3.467709e+01  1.243661e+01 
  635.000  1.154228e+03  2.265490e+02  7.942719e+01  1.066087e+02  3.524755e+01  1.264123e+01 
  636.000  1.112103e+03  2.176144e+02  7.632230e+01  1.027154e+02  3.386938e+01  1.214707e+01 
  637.000  1.147891e+03  2.238735e+02  7.854840e+01  1.060181e+02  3.485681e+01  1.250137e+01 
  638.000  1.162827e+03  2.264165e+02  7.945610e+01  1.073963e+02  3.525937e+01  1.264583e+01 
  639.000  1.152620e+03  2.238885e+02  7.859159e+01  1.064517e+02  3.487534e+01  1.250824e+01 
  640.000  1.114634e+03  2.162433e+02  7.591911e+01  1.029424e+02  3.368921e+01  1.208290e+01 
  641.000  1.130510e+03  2.185137e+02  7.634455e+01  1.044058e+02  3.405226e+01  1.215061e+01 
  642.000  1.115934e+03  2.151743e+02  7.482860e+01  1.030579e+02  3.353653e+01  1.190934e+01 
  643.000  1.136740e+03  2.187150e+02  7.574408e+01  1.049777e+02  3.409259e+01  1.205505e+01 
  644.000  1.123562e+03  2.156151e+02  7.429134e+01  1.037588e+02  3.361441e+01  1.182383e+01 
  645.000  1.135511e+03  2.171970e+02  7.435748e+01  1.048598e+02  3.386737e+01  1.183436e+01 
  646.000  1.100651e+03  2.100976e+02  7.163553e+01  1.016392e+02  3.276422e+01  1.140115e+01 
  647.000  1.121864e+03  2.135419e+02  7.240061e+01  1.035960e+02  3.330674e+01  1.152291e+01 
  648.000  1.126540e+03  2.140524e+02  7.231601e+01  1.040265e+02  3.338973e+01  1.150945e+01 
  649.000  1.143165e+03  2.163368e+02  7.249345e+01  1.055587e+02  3.375383e+01  1.153769e+01 
  650.000  1.048868e+03  1.977808e+02  6.592706e+01  9.684896e+01  3.086664e+01  1.049262e+01 
  651.000  1.129726e+03  2.127616e+02  7.086302e+01  1.043141e+02  3.320854e+01  1.127820e+01 
  652.000  1.118075e+03  2.100504e+02  6.984788e+01  1.032366e+02  3.279295e+01  1.111663e+01 
  653.000  1.128903e+03  2.116910e+02  7.030791e+01  1.042349e+02  3.305485e+01  1.118985e+01 
  654.000  1.115878e+03  2.083649e+02  6.901095e+01  1.030293e+02  3.254844e+01  1.098343e+01 
  655.000  1.090429e+03  2.033538e+02  6.729470e+01  1.006786e+02  3.176946e+01  1.071029e+01 
  656.000  9.246815e+02  1.720049e+02  5.682470e+01  8.537375e+01  2.687833e+01  9.043931e+00 
  657.000  9.850308e+02  1.827776e+02  6.028437e+01  9.094409e+01  2.856836e+01  9.594556e+00 
  658.000  1.093635e+03  2.022438e+02  6.655427e+01  1.009687e+02  3.162099e+01  1.059244e+01 
  659.000  1.094344e+03  2.016591e+02  6.620433e+01  1.010317e+02  3.154003e+01  1.053675e+01 
  660.000  1.101844e+03  2.027747e+02  6.648943e+01  1.017232e+02  3.171814e+01  1.058212e+01 
  661.000  1.104199e+03  2.024122e+02  6.582176e+01  1.019380e+02  3.166849e+01  1.047586e+01 
  662.000  1.118574e+03  2.048543e+02  6.648238e+01  1.032644e+02  3.205228e+01  1.058100e+01 
  663.000  1.106825e+03  2.018779e+02  6.494524e+01  1.021771e+02  3.159388e+01  1.033636e+01 
  664.000  1.088651e+03  1.982684e+02  6.357925e+01  1.004983e+02  3.103161e+01  1.011895e+01 
  665.000  1.093160e+03  1.985437e+02  6.328751e+01  1.009128e+02  3.107952e+01  1.007252e+01 
  666.000  1.105840e+03  2.003778e+02  6.354498e+01  1.020817e+02  3.137077e+01  1.011350e+01 
  667.000  1.083825e+03  1.956268e+02  6.150543e+01  1.000470e+02  3.063369e+01  9.788894e+00 
  668.000  1.089410e+03  1.962716e+02  6.145315e+01  1.005613e+02  3.073787e+01  9.780573e+00 
  669.000  1.105062e+03  1.984079e+02  6.164135e+01  1.020039e+02  3.107845e+01  9.810525e+00 
  670.000  1.091587e+03  1.956783e+02  6.057452e+01  1.007589e+02  3.065362e+01  9.640733e+00 
  671.000  1.080251e+03  1.928394e+02  5.983524e+01  9.970981e+01  3.022460e+01  9.523074e+00 
  672.000  1.076451e+03  1.919496e+02  5.961484e+01  9.935838e+01  3.008948e+01  9.487998e+00 
  673.000  1.084400e+03  1.926364e+02  6.002069e+01  1.000895e+02  3.021215e+01  9.552590e+00 
  674.000  1.086313e+03  1.926828e+02  6.011281e+01  1.002651e+02  3.022545e+01  9.567251e+00 
  675.000  1.069954e+03  1.890603e+02  5.917368e+01  9.875266e+01  2.967200e+01  9.417784e+00 
  676.000  1.089965e+03  1.923286e+02  6.026778e+01  1.005986e+02  3.019043e+01  9.591915e+00 
  677.000  1.068244e+03  1.881415e+02  5.905011e+01  9.859268e+01  2.954045e+01  9.398117e+00 
  678.000  1.086176e+03  1.906280e+02  6.000978e+01  1.002454e+02  2.994462e+01  9.550853e+00 
  679.000  1.070827e+03  1.876150e+02  5.914676e+01  9.882771e+01  2.947788e+01  9.413500e+00 
  680.000  1.063373e+03  1.855896e+02  5.899665e+01  9.813728e+01  2.917794e+01  9.389608e+00 
  681.000  1.065039e+03  1.856114e+02  5.989412e+01  9.828991e+01  2.919668e+01  9.532446e+00 
  682.000  1.063216e+03  1.847144e+02  6.152408e+01  9.811931e+01  2.908853e+01  9.791862e+00 
  683.000  1.070644e+03  1.857029e+02  6.285693e+01  9.880365e+01  2.926136e+01  1.000399e+01 
  684.000  1.052502e+03  1.820063e+02  6.343358e+01  9.712723e+01  2.871009e+01  1.009577e+01 
  685.000  1.063674e+03  1.837646e+02  6.462451e+01  9.815743e+01  2.899730e+01  1.028531e+01 
  686.000  1.021104e+03  1.759324e+02  6.346239e+01  9.422718e+01  2.778851e+01  1.010035e+01 
  687.000  1.069850e+03  1.838614e+02  6.789078e+01  9.872353e+01  2.906749e+01  1.080515e+01 
  688.000  1.055429e+03  1.810760e+02  6.788938e+01  9.739160e+01  2.864452e+01  1.080493e+01 
  689.000  1.062871e+03  1.819047e+02  6.970028e+01  9.807652e+01  2.880096e+01  1.109314e+01 
  690.000  1.060429e+03  1.811839e+02  7.044014e+01  9.784998e+01  2.870395e+01  1.121090e+01 
  691.000  1.053986e+03  1.798014e+02  7.341262e+01  9.725387e+01  2.853113e+01  1.168398e+01 
  692.000  1.039666e+03  1.770748e+02  7.744971e+01  9.593053e+01  2.816393e+01  1.232651e+01 
  693.000  1.041972e+03  1.773015e+02  8.055941e+01  9.614220e+01  2.823818e+01  1.282143e+01 
  694.000  1.051246e+03  1.785070e+02  8.827380e+01  9.699537e+01  2.852049e+01  1.404921e+01 
  695.000  1.030433e+03  1.749368e+02  8.993053e+01  9.507410e+01  2.799095e+01  1.431289e+01 
  696.000  1.041238e+03  1.767485e+02  9.438397e+01  9.607021e+01  2.832263e+01  1.502167e+01 
  697.000  1.039385e+03  1.763987e+02  9.959348e+01  9.589806e+01  2.833054e+01  1.585079e+01 
  698.000  1.020811e+03  1.732264e+02  1.008014e+02  9.418362e+01  2.785656e+01  1.604304e+01 
  699.000  1.043089e+03  1.769985e+02  1.042350e+02  9.623874e+01  2.847779e+01  1.658951e+01 
  700.000  1.030709e+03  1.748589e+02  1.104667e+02  9.509488e+01  2.822185e+01  1.758132e+01 
  701.000  1.008421e+03  1.711134e+02  1.121270e+02  9.303775e+01  2.766378e+01  1.784557e+01 
  702.000  1.003121e+03  1.702519e+02  1.158459e+02  9.254804e+01  2.757387e+01  1.843744e+01 
  703.000  1.014806e+03  1.723047e+02  1.252264e+02  9.362473e+01  2.799820e+01  1.993040e+01 
  704.000  1.017760e+03  1.728416e+02  1.297157e+02  9.389655e+01  2.813253e+01  2.064489e+01 
  705.000  1.026933e+03  1.744535e+02  1.373033e+02  9.474165e+01  2.846807e+01  2.185250e+01 
  706.000  1.016043e+03  1.726512e+02  1.415585e+02  9.373603e+01  2.823897e+01  2.252973e+01 
  707.000  1.000489e+03  1.700439e+02  1.437346e+02  9.230030e+01  2.786188e+01  2.287608e+01 
  708.000  1.029311e+03  1.749895e+02  1.536329e+02  9.495827e+01  2.873755e+01  2.445143e+01 
  709.000  9.920131e+02  1.686918e+02  1.534517e+02  9.151645e+01  2.776435e+01  2.442260e+01 
  710.000  1.016034e+03  1.728030e+02  1.604920e+02  9.373184e+01  2.847861e+01  2.554309e+01 
  711.000  1.005109e+03  1.710408e+02  1.678692e+02  9.272251e+01  2.829042e+01  2.671721e+01 
  712.000  9.903990e+02  1.685801e+02  1.693479e+02  9.136486e+01  2.792749e+01  2.695256e+01 
  713.000  9.870267e+02  1.680674e+02  1.744903e+02  9.105286e+01  2.790651e+01  2.777099e+01 
  714.000  1.003980e+03  1.709706e+02  1.790234e+02  9.261656e+01  2.840572e+01  2.849245e+01 
  715.000  9.700714e+02  1.652836e+02  1.812572e+02  8.948714e+01  2.755323e+01  2.884798e+01 
  716.000  9.964994e+02  1.698533e+02  1.926008e+02  9.192406e+01  2.838631e+01  3.065337e+01 
  717.000  9.732822e+02  1.659264e+02  1.910616e+02  8.978185e+01  2.776280e+01  3.040840e+01 
  718.000  9.694521e+02  1.653612e+02  1.988794e+02  8.942717e+01  2.776333e+01  3.165265e+01 
  719.000  9.586913e+02  1.635649e+02  2.005507e+02  8.843392e+01  2.750470e+01  3.191863e+01 
  720.000  9.662559e+02  1.648876e+02  2.053276e+02  8.913120e+01  2.776248e+01  3.267891e+01 
  721.000  9.625252e+02  1.644243e+02  2.165067e+02  8.878535e+01  2.781521e+01  3.445810e+01 
  722.000  9.752692e+02  1.666932e+02  2.252207e+02  8.996007e+01  2.826249e+01  3.584500e+01 
  723.000  9.737072e+02  1.664944e+02  2.292189e+02  8.981538e+01  2.827600e+01  3.648131e+01 
  724.000  9.810601e+02  1.677934e+02  2.336281e+02  9.049326e+01  2.852561e+01  3.718307e+01 
  725.000  9.703689e+02  1.661237e+02  2.413469e+02  8.950566e+01  2.835266e+01  3.841155e+01 
  726.000  9.689054e+02  1.659956e+02  2.489713e+02  8.936959e+01  2.841687e+01  3.962502e+01 
  727.000  9.829709e+02  1.684161e+02  2.532952e+02  9.066686e+01  2.883888e+01  4.031318e+01 
  728.000  9.666018e+02  1.657481e+02  2.580738e+02  8.915578e+01  2.847869e+01  4.107372e+01 
  729.000  9.278890e+02  1.592319e+02  2.558629e+02  8.558395e+01  2.744617e+01  4.072184e+01 
  730.000  9.623984e+02  1.652261e+02  2.707064e+02  8.876617e+01  2.853655e+01  4.308425e+01 
  731.000  9.467153e+02  1.625660e+02  2.699771e+02  8.731907e+01  2.811707e+01  4.296819e+01 
  732.000  9.636088e+02  1.654962e+02  2.781529e+02  8.887669e+01  2.866027e+01  4.426941e+01 
  733.000  9.481048e+02  1.628993e+02  2.813184e+02  8.744551e+01  2.829325e+01  4.477320e+01 
  734.000  9.672615e+02  1.662492e+02  2.938926e+02  8.921131e+01  2.894949e+01  4.677446e+01 
  735.000  9.598980e+02  1.650175e+02  2.957045e+02  8.853154e+01  2.877867e+01  4.706284e+01 
  736.000  9.426590e+02  1.620810e+02  2.936501e+02  8.694108e+01  2.830161e+01  4.673586e+01 
  737.000  9.550113e+02  1.642729e+02  3.058171e+02  8.807903e+01  2.877381e+01  4.867231e+01 
  738.000  9.520379e+02  1.638004e+02  3.096976e+02  8.780405e+01  2.874290e+01  4.928991e+01 
  739.000  9.211549e+02  1.585256e+02  3.045077e+02  8.495504e+01  2.786934e+01  4.846390e+01 
  740.000  9.293788e+02  1.599636e+02  3.101101e+02  8.571306e+01  2.815302e+01  4.935556e+01 
  741.000  9.217819e+02  1.586590e+02  3.111056e+02  8.501180e+01  2.796191e+01  4.951399e+01 
  742.000  9.069401e+02  1.559722e+02  3.140875e+02  8.364116e+01  2.757943e+01  4.998857e+01 
  743.000  9.334214e+02  1.604779e+02  3.261515e+02  8.608270e+01  2.840907e+01  5.190862e+01 
  744.000  9.422058e+02  1.619388e+02  3.321524e+02  8.689214e+01  2.870102e+01  5.286369e+01 
  745.000  9.177025e+02  1.576794e+02  3.263488e+02  8.463174e+01  2.797831e+01  5.194003e+01 
  746.000  9.306260e+02  1.598222e+02  3.355031e+02  8.582250e+01  2.841026e+01  5.339697e+01 
  747.000  9.453069e+02  1.622744e+02  3.448152e+02  8.717546e+01  2.889172e+01  5.487904e+01 
  748.000  9.277685e+02  1.592322e+02  3.402395e+02  8.555766e+01  2.837071e+01  5.415080e+01 
  749.000  9.279731e+02  1.592280e+02  3.425758e+02  8.557601e+01  2.839557e+01  5.452263e+01 
  750.000  9.146030e+02  1.568771e+02  3.408949e+02  8.434229e+01  2.801314e+01  5.425511e+01 
  751.000  9.123231e+02  1.564045e+02  3.417279e+02  8.413148e+01  2.794937e+01  5.438769e+01 
  752.000  9.264908e+02  1.585272e+02  3.506698e+02  8.543641e+01  2.837718e+01  5.581084e+01 
  753.000  9.177372e+02  1.569397e+02  3.484189e+02  8.462872e+01  2.810719e+01  5.545259e+01 
  754.000  9.321893e+02  1.592747e+02  3.555199e+02  8.596070e+01  2.854690e+01  5.658275e+01 
  755.000  9.269614e+02  1.582396e+02  3.552030e+02  8.547789e+01  2.838372e+01  5.653232e+01 
  756.000  9.088815e+02  1.550476e+02  3.495214e+02  8.381015e+01  2.782777e+01  5.562806e+01 
  757.000  9.156268e+02  1.560910e+02  3.533798e+02  8.443159e+01  2.803188e+01  5.624215e+01 
  758.000  9.155944e+02  1.557941e+02  3.567953e+02  8.442712e+01  2.802416e+01  5.678573e+01 
  759.000  9.013645e+02  1.532229e+02  3.530083e+02  8.311421e+01  2.758505e+01  5.618302e+01 
  760.000  9.096241e+02  1.545029e+02  3.575171e+02  8.387523e+01  2.783291e+01  5.690062e+01 
  761.000  9.102885e+02  1.544380e+02  3.586729e+02  8.393578e+01  2.783627e+01  5.708456e+01 
  762.000  8.856619e+02  1.500960e+02  3.497104e+02  8.166437e+01  2.706665e+01  5.565815e+01 
  763.000  9.129952e+02  1.545414e+02  3.613474e+02  8.418399e+01  2.788308e+01  5.751022e+01 
  764.000  9.147075e+02  1.545124e+02  3.634639e+02  8.434064e+01  2.790305e+01  5.784708e+01 
  765.000  9.148571e+02  1.544002e+02  3.641432e+02  8.435392e+01  2.789365e+01  5.795519e+01 
  766.000  8.628953e+02  1.454655e+02  3.442045e+02  7.956218e+01  2.629255e+01  5.478186e+01 
  767.000  8.696602e+02  1.464090e+02  3.477898e+02  8.018515e+01  2.647861e+01  5.535246e+01 
  768.000  8.994276e+02  1.512830e+02  3.603126e+02  8.292928e+01  2.737091e+01  5.734553e+01 
  769.000  8.929944e+02  1.499265e+02  3.589690e+02  8.233509e+01  2.714708e+01  5.713168e+01 
  770.000  8.857462e+02  1.486561e+02  3.562953e+02  8.166660e+01  2.692126e+01  5.670615e+01 
  771.000  8.852134e+02  1.484166e+02  3.567145e+02  8.161691e+01  2.688925e+01  5.677287e+01 
  772.000  8.819194e+02  1.473410e+02  3.570640e+02  8.131133e+01  2.672837e+01  5.682849e+01 
  773.000  8.783041e+02  1.465681e+02  3.561410e+02  8.097740e+01  2.659912e+01  5.668160e+01 
  774.000  8.874392e+02  1.479561e+02  3.602813e+02  8.181915e+01  2.685988e+01  5.734056e+01 
  775.000  8.539972e+02  1.422786e+02  3.470305e+02  7.873553e+01  2.583580e+01  5.523162e+01 
  776.000  8.892367e+02  1.479449e+02  3.620047e+02  8.198376e+01  2.687799e+01  5.761483e+01 
  777.000  8.833260e+02  1.466919e+02  3.604594e+02  8.143788e+01  2.666780e+01  5.736889e+01 
  778.000  8.788123e+02  1.457708e+02  3.591648e+02  8.102113e+01  2.651145e+01  5.716286e+01 
  779.000  8.819448e+02  1.460849e+02  3.611002e+02  8.130920e+01  2.658186e+01  5.747089e+01 
  780.000  8.712711e+02  1.441473e+02  3.572706e+02  8.032456e+01  2.624024e+01  5.686138e+01 
  781.000  8.700074e+02  1.436140e+02  3.576207e+02  8.020695e+01  2.616238e+01  5.691711e+01 
  782.000  8.808406e+02  1.451269e+02  3.627888e+02  8.120473e+01  2.645406e+01  5.773962e+01 
  783.000  8.604673e+02  1.416216e+02  3.547832e+02  7.932602e+01  2.582378e+01  5.646549e+01 
  784.000  8.656186e+02  1.423040e+02  3.573362e+02  7.980035e+01  2.595786e+01  5.687181e+01 
  785.000  8.686874e+02  1.426406e+02  3.590382e+02  8.008270e+01  2.602905e+01  5.714270e+01 
  786.000  8.547195e+02  1.401901e+02  3.536715e+02  7.879449e+01  2.559103e+01  5.628857e+01 
  787.000  8.694322e+02  1.423172e+02  3.605000e+02  8.014985e+01  2.599596e+01  5.737536e+01 
  788.000  8.573773e+02  1.402742e+02  3.556820e+02  7.903831e+01  2.562684e+01  5.660856e+01 
  789.000  8.658085e+02  1.413465e+02  3.599738e+02  7.981451e+01  2.584058e+01  5.729161e+01 
  790.000  8.574304e+02  1.398536e+02  3.568138e+02  7.904176e+01  2.557493e+01  5.678868e+01 
  791.000  8.527513e+02  1.388289e+02  3.554376e+02  7.860956e+01  2.540164e+01  5.656964e+01 
  792.000  8.389827e+02  1.363924e+02  3.500941e+02  7.733968e+01  2.496604e+01  5.571920e+01 
  793.000  8.371858e+02  1.359524e+02  3.496441e+02  7.717357e+01  2.489323e+01  5.564759e+01 
  794.000  8.265472e+02  1.337843e+02  3.460934e+02  7.619144e+01  2.451924e+01  5.508248e+01 
  795.000  8.237581e+02  1.331632e+02  3.452691e+02  7.593380e+01  2.441426e+01  5.495129e+01 
  796.000  8.419873e+02  1.359064e+02  3.533216e+02  7.761352e+01  2.492782e+01  5.623288e+01 
  797.000  8.463522e+02  1.364277e+02  3.555238e+02  7.801526e+01  2.503298e+01  5.658337e+01 
  798.000  8.445130e+02  1.359311e+02  3.551556e+02  7.784509e+01  2.495229e+01  5.652477e+01 
  799.000  8.445327e+02  1.358410e+02  3.553521e+02  7.784660e+01  2.494062e+01  5.655604e+01 
