  291.000  3.625937e+02  1.600422e+02  7.890369e+00  3.397420e+01  2.165834e+01  1.255791e+00 
  292.000  3.985537e+02  1.761748e+02  8.735420e+00  3.733772e+01  2.388072e+01  1.390285e+00 
  293.000  3.091476e+02  1.368581e+02  6.824728e+00  2.895734e+01  1.858197e+01  1.086189e+00 
  294.000  3.281786e+02  1.455019e+02  7.297181e+00  3.073512e+01  1.978844e+01  1.161382e+00 
  295.000  2.908288e+02  1.291136e+02  6.507575e+00  2.723343e+01  1.758531e+01  1.035713e+00 
  296.000  4.006159e+02  1.781259e+02  9.029023e+00  3.750809e+01  2.430160e+01  1.437014e+00 
  297.000  2.171297e+02  9.667272e+01  4.924634e+00  2.032621e+01  1.320852e+01  7.837798e-01 
  298.000  3.556967e+02  1.586133e+02  8.125892e+00  3.329267e+01  2.170841e+01  1.293276e+00 
  299.000  3.515206e+02  1.569971e+02  8.088758e+00  3.289663e+01  2.152399e+01  1.287366e+00 
  300.000  2.836875e+02  1.268732e+02  6.569589e+00  2.654491e+01  1.742013e+01  1.045582e+00 
  301.000  4.140628e+02  1.848083e+02  9.696386e+00  3.874158e+01  2.538650e+01  1.543228e+00 
  302.000  2.925883e+02  1.302879e+02  6.939093e+00  2.737370e+01  1.790672e+01  1.104391e+00 
  303.000  4.242736e+02  1.885401e+02  1.017361e+01  3.969103e+01  2.592504e+01  1.619180e+00 
  304.000  3.792530e+02  1.681863e+02  9.194187e+00  3.547684e+01  2.313723e+01  1.463300e+00 
  305.000  4.266428e+02  1.888091e+02  1.045625e+01  3.990708e+01  2.598666e+01  1.664165e+00 
  306.000  3.664892e+02  1.618002e+02  9.093741e+00  3.427770e+01  2.228152e+01  1.447314e+00 
  307.000  4.003005e+02  1.763542e+02  1.004009e+01  3.743742e+01  2.429752e+01  1.597930e+00 
  308.000  4.206427e+02  1.849216e+02  1.066372e+01  3.933710e+01  2.549035e+01  1.697183e+00 
  309.000  3.853322e+02  1.690350e+02  9.872988e+00  3.603242e+01  2.331196e+01  1.571335e+00 
  310.000  3.159911e+02  1.383168e+02  8.177542e+00  2.954623e+01  1.908493e+01  1.301496e+00 
  311.000  5.490109e+02  2.397751e+02  1.419815e+01  5.133068e+01  3.309832e+01  2.259706e+00 
  312.000  3.972152e+02  1.731433e+02  1.026645e+01  3.713601e+01  2.390937e+01  1.633957e+00 
  313.000  4.449744e+02  1.935190e+02  1.149288e+01  4.159805e+01  2.673468e+01  1.829149e+00 
  314.000  4.379006e+02  1.900049e+02  1.130230e+01  4.093381e+01  2.626072e+01  1.798817e+00 
  315.000  4.455716e+02  1.928854e+02  1.149222e+01  4.164785e+01  2.667063e+01  1.829044e+00 
  316.000  3.346268e+02  1.445682e+02  8.625509e+00  3.127582e+01  1.999735e+01  1.372792e+00 
  317.000  4.519620e+02  1.948010e+02  1.164173e+01  4.223944e+01  2.695789e+01  1.852839e+00 
  318.000  4.185335e+02  1.799651e+02  1.077297e+01  3.911242e+01  2.491609e+01  1.714572e+00 
  319.000  4.072090e+02  1.747370e+02  1.047503e+01  3.805174e+01  2.420173e+01  1.667153e+00 
  320.000  4.488126e+02  1.921259e+02  1.153854e+01  4.193630e+01  2.662243e+01  1.836415e+00 
  321.000  4.482186e+02  1.914784e+02  1.157532e+01  4.187815e+01  2.654414e+01  1.842269e+00 
  322.000  4.359315e+02  1.857807e+02  1.131735e+01  4.072710e+01  2.576733e+01  1.801213e+00 
  323.000  3.504446e+02  1.490380e+02  9.139100e+00  3.273837e+01  2.068026e+01  1.454533e+00 
  324.000  4.052330e+02  1.719168e+02  1.062362e+01  3.785385e+01  2.386718e+01  1.690801e+00 
  325.000  4.923367e+02  2.084283e+02  1.296543e+01  4.598747e+01  2.894894e+01  2.063513e+00 
  326.000  6.146219e+02  2.596430e+02  1.625886e+01  5.740602e+01  3.607840e+01  2.587678e+00 
  327.000  6.105944e+02  2.573884e+02  1.622528e+01  5.702617e+01  3.578127e+01  2.582334e+00 
  328.000  5.497582e+02  2.311593e+02  1.468571e+01  5.134053e+01  3.215207e+01  2.337303e+00 
  329.000  5.854569e+02  2.456332e+02  1.570998e+01  5.467079e+01  3.418096e+01  2.500320e+00 
  330.000  6.104532e+02  2.555583e+02  1.645422e+01  5.700126e+01  3.557853e+01  2.618770e+00 
  331.000  5.230105e+02  2.184600e+02  1.408794e+01  4.883309e+01  3.042686e+01  2.242165e+00 
  332.000  5.456157e+02  2.273868e+02  1.468705e+01  5.094038e+01  3.168393e+01  2.337516e+00 
  333.000  6.150906e+02  2.557567e+02  1.654610e+01  5.742300e+01  3.565255e+01  2.633394e+00 
  334.000  5.321867e+02  2.207769e+02  1.430631e+01  4.968007e+01  3.078995e+01  2.276920e+00 
  335.000  5.537224e+02  2.291798e+02  1.487514e+01  5.168703e+01  3.197603e+01  2.367452e+00 
  336.000  4.146801e+02  1.712317e+02  1.113233e+01  3.870562e+01  2.390160e+01  1.771765e+00 
  337.000  4.060583e+02  1.672779e+02  1.089339e+01  3.789836e+01  2.336024e+01  1.733737e+00 
  338.000  4.918611e+02  2.021662e+02  1.318652e+01  4.590405e+01  2.824016e+01  2.098700e+00 
  339.000  4.914007e+02  2.015184e+02  1.316546e+01  4.585865e+01  2.815702e+01  2.095348e+00 
  340.000  5.626472e+02  2.302961e+02  1.506592e+01  5.250521e+01  3.218502e+01  2.397816e+00 
  341.000  4.719263e+02  1.927185e+02  1.262825e+01  4.403696e+01  2.694049e+01  2.009849e+00 
  342.000  4.942994e+02  2.013866e+02  1.321803e+01  4.612220e+01  2.815973e+01  2.103715e+00 
  343.000  4.995531e+02  2.030512e+02  1.334948e+01  4.660991e+01  2.840012e+01  2.124636e+00 
  344.000  4.571115e+02  1.854355e+02  1.220839e+01  4.264806e+01  2.594212e+01  1.943026e+00 
  345.000  5.836257e+02  2.361967e+02  1.557662e+01  5.444877e+01  3.305256e+01  2.479097e+00 
  346.000  6.476922e+02  2.616029e+02  1.727661e+01  6.042305e+01  3.661620e+01  2.749657e+00 
  347.000  6.178317e+02  2.489419e+02  1.646870e+01  5.763424e+01  3.485369e+01  2.621075e+00 
  348.000  5.835793e+02  2.346656e+02  1.554665e+01  5.443653e+01  3.286255e+01  2.474327e+00 
  349.000  6.411934e+02  2.572037e+02  1.706954e+01  5.980751e+01  3.602891e+01  2.716702e+00 
  350.000  6.576915e+02  2.632810e+02  1.749848e+01  6.134357e+01  3.688890e+01  2.784969e+00 
  351.000  6.265840e+02  2.502160e+02  1.674961e+01  5.843891e+01  3.506966e+01  2.665784e+00 
  352.000  6.451874e+02  2.571174e+02  1.732044e+01  6.017119e+01  3.604679e+01  2.756634e+00 
  353.000  5.896692e+02  2.344109e+02  1.591102e+01  5.499042e+01  3.287431e+01  2.532318e+00 
  354.000  6.827987e+02  2.708686e+02  1.850245e+01  6.367238e+01  3.799776e+01  2.944756e+00 
  355.000  6.945000e+02  2.749341e+02  1.889971e+01  6.476054e+01  3.857886e+01  3.007982e+00 
  356.000  6.592453e+02  2.603177e+02  1.803205e+01  6.146965e+01  3.654022e+01  2.869889e+00 
  357.000  4.233417e+02  1.668109e+02  1.162879e+01  3.947157e+01  2.342152e+01  1.850780e+00 
  358.000  4.618587e+02  1.815988e+02  1.274084e+01  4.306079e+01  2.550514e+01  2.027767e+00 
  359.000  4.664671e+02  1.830159e+02  1.292275e+01  4.348840e+01  2.571157e+01  2.056720e+00 
  360.000  6.943934e+02  2.718510e+02  1.931898e+01  6.473473e+01  3.820290e+01  3.074711e+00 
  361.000  5.512349e+02  2.153274e+02  1.533124e+01  5.138634e+01  3.026751e+01  2.440043e+00 
  362.000  6.052786e+02  2.358049e+02  1.682167e+01  5.642109e+01  3.315618e+01  2.677252e+00 
  363.000  6.448575e+02  2.506588e+02  1.791033e+01  6.010756e+01  3.525391e+01  2.850517e+00 
  364.000  6.451493e+02  2.502040e+02  1.790707e+01  6.013187e+01  3.519914e+01  2.849998e+00 
  365.000  6.057674e+02  2.343947e+02  1.680324e+01  5.645851e+01  3.298374e+01  2.674319e+00 
  366.000  8.335620e+02  3.217961e+02  2.310716e+01  7.768558e+01  4.529474e+01  3.677619e+00 
  367.000  7.479804e+02  2.880891e+02  2.072139e+01  6.970623e+01  4.056111e+01  3.297911e+00 
  368.000  7.073475e+02  2.718041e+02  1.958303e+01  6.591633e+01  3.827858e+01  3.116736e+00 
  369.000  6.821667e+02  2.616362e+02  1.887606e+01  6.356730e+01  3.685460e+01  3.004218e+00 
  370.000  7.867214e+02  3.010245e+02  2.175492e+01  7.330659e+01  4.241447e+01  3.462403e+00 
  371.000  6.300231e+02  2.404936e+02  1.741033e+01  5.870257e+01  3.389493e+01  2.770941e+00 
  372.000  6.649408e+02  2.532146e+02  1.836311e+01  6.195299e+01  3.569769e+01  2.922580e+00 
  373.000  6.643245e+02  2.523697e+02  1.833388e+01  6.189249e+01  3.558847e+01  2.917928e+00 
  374.000  5.157334e+02  1.954455e+02  1.422358e+01  4.804647e+01  2.756892e+01  2.263753e+00 
  375.000  4.734259e+02  1.790613e+02  1.304974e+01  4.410328e+01  2.526351e+01  2.076931e+00 
  376.000  6.788063e+02  2.561092e+02  1.869831e+01  6.323289e+01  3.614436e+01  2.975928e+00 
  377.000  6.962255e+02  2.620298e+02  1.916511e+01  6.485229e+01  3.699053e+01  3.050221e+00 
  378.000  9.025735e+02  3.390120e+02  2.483171e+01  8.406991e+01  4.786907e+01  3.952089e+00 
  379.000  6.963319e+02  2.608892e+02  1.914442e+01  6.485634e+01  3.684869e+01  3.046929e+00 
  380.000  6.530733e+02  2.440627e+02  1.794699e+01  6.082415e+01  3.448222e+01  2.856352e+00 
  381.000  7.331682e+02  2.734448e+02  2.022448e+01  6.828105e+01  3.864380e+01  3.218826e+00 
  382.000  5.476696e+02  2.037442e+02  1.517912e+01  5.100269e+01  2.880329e+01  2.415832e+00 
  383.000  3.816023e+02  1.416022e+02  1.062655e+01  3.553557e+01  2.002509e+01  1.691268e+00 
  384.000  4.197291e+02  1.554304e+02  1.173255e+01  3.908442e+01  2.198667e+01  1.867293e+00 
  385.000  6.313017e+02  2.331745e+02  1.773013e+01  5.878265e+01  3.299546e+01  2.821838e+00 
  386.000  4.896406e+02  1.804750e+02  1.380362e+01  4.559023e+01  2.554529e+01  2.196914e+00 
  387.000  5.615553e+02  2.064400e+02  1.590590e+01  5.228349e+01  2.923072e+01  2.531502e+00 
  388.000  5.555264e+02  2.037929e+02  1.579464e+01  5.172001e+01  2.886402e+01  2.513795e+00 
  389.000  6.320247e+02  2.313640e+02  1.803756e+01  5.883963e+01  3.277832e+01  2.870767e+00 
  390.000  7.651205e+02  2.793387e+02  2.194486e+01  7.122676e+01  3.958929e+01  3.492633e+00 
  391.000  8.544163e+02  3.112784e+02  2.470542e+01  7.953619e+01  4.413016e+01  3.931990e+00 
  392.000  7.579007e+02  2.755272e+02  2.209220e+01  7.054875e+01  3.907434e+01  3.516082e+00 
  393.000  4.056159e+02  1.470617e+02  1.194261e+01  3.775454e+01  2.086430e+01  1.900725e+00 
  394.000  4.479918e+02  1.620742e+02  1.329606e+01  4.169712e+01  2.300176e+01  2.116133e+00 
  395.000  7.505621e+02  2.709467e+02  2.245394e+01  6.985609e+01  3.846578e+01  3.573656e+00 
  396.000  7.711856e+02  2.775985e+02  2.330933e+01  7.177159e+01  3.942717e+01  3.709795e+00 
  397.000  3.132583e+02  1.125078e+02  9.544529e+00  2.915261e+01  1.598489e+01  1.519059e+00 
  398.000  8.747214e+02  3.134713e+02  2.685801e+01  8.140038e+01  4.455219e+01  4.274584e+00 
  399.000  1.046712e+03  3.743293e+02  3.237224e+01  9.740172e+01  5.321840e+01  5.152202e+00 
  400.000  1.026429e+03  3.661573e+02  3.202035e+01  9.550979e+01  5.207636e+01  5.096197e+00 
  401.000  1.017598e+03  3.620446e+02  3.219069e+01  9.468325e+01  5.151466e+01  5.123307e+00 
  402.000  1.075510e+03  3.818302e+02  3.440551e+01  1.000676e+02  5.434974e+01  5.475807e+00 
  403.000  1.004657e+03  3.558304e+02  3.253423e+01  9.347104e+01  5.066938e+01  5.177983e+00 
  404.000  1.076704e+03  3.805298e+02  3.524974e+01  1.001701e+02  5.420635e+01  5.610171e+00 
  405.000  9.848906e+02  3.471900e+02  3.265999e+01  9.162386e+01  4.947869e+01  5.197999e+00 
  406.000  9.747838e+02  3.429626e+02  3.263496e+01  9.068034e+01  4.889235e+01  5.194016e+00 
  407.000  9.470331e+02  3.322953e+02  3.212736e+01  8.809432e+01  4.739353e+01  5.113227e+00 
  408.000  1.023230e+03  3.582961e+02  3.505486e+01  9.517861e+01  5.111972e+01  5.579155e+00 
  409.000  1.129759e+03  3.946078e+02  3.916587e+01  1.050828e+02  5.632452e+01  6.233441e+00 
  410.000  9.420925e+02  3.283379e+02  3.299541e+01  8.762375e+01  4.688294e+01  5.251384e+00 
  411.000  1.103647e+03  3.836049e+02  3.930181e+01  1.026447e+02  5.480222e+01  6.255077e+00 
  412.000  1.140713e+03  3.955685e+02  4.120867e+01  1.060874e+02  5.653617e+01  6.558564e+00 
  413.000  1.074810e+03  3.719414e+02  3.932133e+01  9.995454e+01  5.318019e+01  6.258185e+00 
  414.000  1.052620e+03  3.633004e+02  3.912281e+01  9.788616e+01  5.197066e+01  6.226589e+00 
  415.000  1.119783e+03  3.856144e+02  4.217095e+01  1.041276e+02  5.518613e+01  6.711715e+00 
  416.000  1.110237e+03  3.813869e+02  4.240964e+01  1.032352e+02  5.460651e+01  6.749703e+00 
  417.000  1.073667e+03  3.681451e+02  4.144483e+01  9.983135e+01  5.272893e+01  6.596149e+00 
  418.000  1.047817e+03  3.584420e+02  4.098047e+01  9.742361e+01  5.136186e+01  6.522245e+00 
  419.000  1.071189e+03  3.653889e+02  4.256046e+01  9.959154e+01  5.238563e+01  6.773707e+00 
  420.000  9.045820e+02  3.078453e+02  3.638797e+01  8.409811e+01  4.415483e+01  5.791325e+00 
  421.000  1.130781e+03  3.838766e+02  4.592422e+01  1.051230e+02  5.508324e+01  7.309067e+00 
  422.000  1.080959e+03  3.661933e+02  4.425536e+01  1.004877e+02  5.256461e+01  7.043459e+00 
  423.000  9.109127e+02  3.078126e+02  3.764997e+01  8.467609e+01  4.420332e+01  5.992179e+00 
  424.000  9.997723e+02  3.369901e+02  4.171351e+01  9.293217e+01  4.841407e+01  6.638911e+00 
  425.000  1.033358e+03  3.473491e+02  4.355672e+01  9.604943e+01  4.992575e+01  6.932267e+00 
  426.000  9.910952e+02  3.325154e+02  4.206360e+01  9.211817e+01  4.780898e+01  6.694631e+00 
  427.000  9.514525e+02  3.183285e+02  4.078808e+01  8.842930e+01  4.579082e+01  6.491624e+00 
  428.000  9.615231e+02  3.208705e+02  4.159925e+01  8.936132e+01  4.617667e+01  6.620726e+00 
  429.000  8.729807e+02  2.906691e+02  3.806824e+01  8.112933e+01  4.184634e+01  6.058748e+00 
  430.000  6.952905e+02  2.309159e+02  3.059826e+01  6.461311e+01  3.325847e+01  4.869864e+00 
  431.000  6.238219e+02  2.067906e+02  2.769886e+01  5.796968e+01  2.979429e+01  4.408410e+00 
  432.000  1.120879e+03  3.705369e+02  5.041412e+01  1.041546e+02  5.341451e+01  8.023657e+00 
  433.000  9.959661e+02  3.283582e+02  4.535359e+01  9.254315e+01  4.735826e+01  7.218249e+00 
  434.000  9.448042e+02  3.108185e+02  4.344695e+01  8.778608e+01  4.484679e+01  6.914798e+00 
  435.000  1.026178e+03  3.366461e+02  4.778191e+01  9.534238e+01  4.859890e+01  7.604726e+00 
  436.000  1.135737e+03  3.718097e+02  5.337244e+01  1.055178e+02  5.369630e+01  8.494488e+00 
  437.000  1.144874e+03  3.736982e+02  5.449449e+01  1.063614e+02  5.399894e+01  8.673068e+00 
  438.000  1.023626e+03  3.335070e+02  4.910901e+01  9.509429e+01  4.820806e+01  7.815942e+00 
  439.000  9.889917e+02  3.212996e+02  4.802653e+01  9.187239e+01  4.646855e+01  7.643659e+00 
  440.000  1.106589e+03  3.586820e+02  5.423317e+01  1.027927e+02  5.189708e+01  8.631477e+00 
  441.000  1.100974e+03  3.562474e+02  5.413346e+01  1.022683e+02  5.155833e+01  8.615608e+00 
  442.000  1.157913e+03  3.735413e+02  5.725538e+01  1.075521e+02  5.408603e+01  9.112477e+00 
  443.000  1.163884e+03  3.745327e+02  5.781705e+01  1.081024e+02  5.425014e+01  9.201870e+00 
  444.000  1.154847e+03  3.704489e+02  5.770309e+01  1.072577e+02  5.368446e+01  9.183732e+00 
  445.000  1.212975e+03  3.882082e+02  6.085978e+01  1.126523e+02  5.627761e+01  9.686134e+00 
  446.000  1.078221e+03  3.442884e+02  5.432400e+01  1.001337e+02  4.992809e+01  8.645934e+00 
  447.000  1.227968e+03  3.910775e+02  6.216048e+01  1.140360e+02  5.673598e+01  9.893147e+00 
  448.000  1.246427e+03  3.958370e+02  6.341278e+01  1.157451e+02  5.745110e+01  1.009246e+01 
  449.000  1.252659e+03  3.969074e+02  6.398780e+01  1.163197e+02  5.762650e+01  1.018398e+01 
  450.000  1.277985e+03  4.037444e+02  6.561832e+01  1.186661e+02  5.864531e+01  1.044348e+01 
  451.000  1.378911e+03  4.346047e+02  7.109071e+01  1.280328e+02  6.315046e+01  1.131444e+01 
  452.000  1.279781e+03  4.025566e+02  6.620783e+01  1.188249e+02  5.851144e+01  1.053730e+01 
  453.000  1.186398e+03  3.721266e+02  6.167570e+01  1.101497e+02  5.411174e+01  9.815992e+00 
  454.000  1.263462e+03  3.949422e+02  6.606550e+01  1.172985e+02  5.745933e+01  1.051465e+01 
  455.000  1.270553e+03  3.963184e+02  6.667371e+01  1.179531e+02  5.767810e+01  1.061145e+01 
  456.000  1.299923e+03  4.044562e+02  6.850402e+01  1.206751e+02  5.888503e+01  1.090275e+01 
  457.000  1.305748e+03  4.052711e+02  6.909251e+01  1.212114e+02  5.902570e+01  1.099641e+01 
  458.000  1.281818e+03  3.963995e+02  6.823360e+01  1.189836e+02  5.776550e+01  1.085971e+01 
  459.000  1.280104e+03  3.951331e+02  6.834985e+01  1.188212e+02  5.759723e+01  1.087822e+01 
  460.000  1.267708e+03  3.902853e+02  6.797556e+01  1.176660e+02  5.691316e+01  1.081865e+01 
  461.000  1.312375e+03  4.030025e+02  7.066183e+01  1.218073e+02  5.879052e+01  1.124618e+01 
  462.000  1.289921e+03  3.949351e+02  6.978239e+01  1.197180e+02  5.763955e+01  1.110621e+01 
  463.000  1.288868e+03  3.937773e+02  6.996030e+01  1.196167e+02  5.748907e+01  1.113453e+01 
  464.000  1.291284e+03  3.934380e+02  7.039391e+01  1.198360e+02  5.746338e+01  1.120354e+01 
  465.000  1.270434e+03  3.862823e+02  6.948260e+01  1.178975e+02  5.643605e+01  1.105850e+01 
  466.000  1.309369e+03  3.965373e+02  7.205608e+01  1.215038e+02  5.796935e+01  1.146808e+01 
  467.000  1.261516e+03  3.809983e+02  6.971609e+01  1.170587e+02  5.572094e+01  1.109566e+01 
  468.000  1.334105e+03  4.019217e+02  7.400748e+01  1.237900e+02  5.880313e+01  1.177866e+01 
  469.000  1.321218e+03  3.971667e+02  7.353667e+01  1.225904e+02  5.812679e+01  1.170372e+01 
  470.000  1.302311e+03  3.903016e+02  7.281480e+01  1.208309e+02  5.714828e+01  1.158884e+01 
  471.000  1.299369e+03  3.883224e+02  7.295686e+01  1.205532e+02  5.688282e+01  1.161144e+01 
  472.000  1.314836e+03  3.918845e+02  7.412132e+01  1.219835e+02  5.742813e+01  1.179677e+01 
  473.000  1.300473e+03  3.865829e+02  7.359638e+01  1.206466e+02  5.667389e+01  1.171323e+01 
  474.000  1.310996e+03  3.887485e+02  7.446031e+01  1.216187e+02  5.701274e+01  1.185073e+01 
  475.000  1.364901e+03  4.035431e+02  7.785342e+01  1.266142e+02  5.920889e+01  1.239076e+01 
  476.000  1.324593e+03  3.903759e+02  7.590216e+01  1.228696e+02  5.730475e+01  1.208020e+01 
  477.000  1.313281e+03  3.861177e+02  7.551107e+01  1.218163e+02  5.670021e+01  1.201796e+01 
  478.000  1.375978e+03  4.037909e+02  7.932746e+01  1.276287e+02  5.931237e+01  1.262536e+01 
  479.000  1.310142e+03  3.835266e+02  7.579414e+01  1.215179e+02  5.635678e+01  1.206301e+01 
  480.000  1.332358e+03  3.888611e+02  7.740397e+01  1.235735e+02  5.716665e+01  1.231922e+01 
  481.000  1.321222e+03  3.843896e+02  7.692192e+01  1.225355e+02  5.653391e+01  1.224250e+01 
  482.000  1.346063e+03  3.904684e+02  7.849911e+01  1.248345e+02  5.745076e+01  1.249352e+01 
  483.000  1.345277e+03  3.890033e+02  7.859422e+01  1.247564e+02  5.725979e+01  1.250866e+01 
  484.000  1.291733e+03  3.725208e+02  7.557977e+01  1.197867e+02  5.485350e+01  1.202889e+01 
  485.000  1.299779e+03  3.737968e+02  7.616935e+01  1.205285e+02  5.506216e+01  1.212273e+01 
  486.000  1.052329e+03  3.021050e+02  6.172842e+01  9.758022e+01  4.451213e+01  9.824382e+00 
  487.000  1.181492e+03  3.380735e+02  6.943124e+01  1.095526e+02  4.983385e+01  1.105033e+01 
  488.000  1.281498e+03  3.655558e+02  7.543673e+01  1.188208e+02  5.390745e+01  1.200613e+01 
  489.000  1.190029e+03  3.384423e+02  7.016806e+01  1.103355e+02  4.992944e+01  1.116759e+01 
  490.000  1.353439e+03  3.837356e+02  7.996461e+01  1.254814e+02  5.663535e+01  1.272676e+01 
  491.000  1.265311e+03  3.580471e+02  7.495182e+01  1.173078e+02  5.285964e+01  1.192895e+01 
  492.000  1.215302e+03  3.428373e+02  7.228190e+01  1.126670e+02  5.063778e+01  1.150402e+01 
  493.000  1.308246e+03  3.678942e+02  7.813094e+01  1.212787e+02  5.436467e+01  1.243493e+01 
  494.000  1.263207e+03  3.541728e+02  7.573240e+01  1.170991e+02  5.236058e+01  1.205318e+01 
  495.000  1.349465e+03  3.774712e+02  8.114805e+01  1.250915e+02  5.582478e+01  1.291511e+01 
  496.000  1.314229e+03  3.665888e+02  7.931187e+01  1.218209e+02  5.423828e+01  1.262288e+01 
  497.000  1.274940e+03  3.545337e+02  7.724244e+01  1.181745e+02  5.247915e+01  1.229352e+01 
  498.000  1.244645e+03  3.453093e+02  7.562707e+01  1.153631e+02  5.113160e+01  1.203642e+01 
  499.000  1.241870e+03  3.433627e+02  7.578185e+01  1.151010e+02  5.086965e+01  1.206106e+01 
  500.000  1.236529e+03  3.408391e+02  7.580775e+01  1.146017e+02  5.052009e+01  1.206518e+01 
  501.000  1.208694e+03  3.325042e+02  7.474440e+01  1.120190e+02  4.930610e+01  1.189594e+01 
  502.000  1.201106e+03  3.293085e+02  7.535083e+01  1.113109e+02  4.886807e+01  1.199246e+01 
  503.000  1.272846e+03  3.480236e+02  8.077655e+01  1.179553e+02  5.167619e+01  1.285599e+01 
  504.000  1.184082e+03  3.231969e+02  7.568262e+01  1.097270e+02  4.800782e+01  1.204526e+01 
  505.000  1.277589e+03  3.475181e+02  8.282275e+01  1.183869e+02  5.165937e+01  1.318165e+01 
  506.000  1.367119e+03  3.706242e+02  8.983294e+01  1.266778e+02  5.513450e+01  1.429736e+01 
  507.000  1.271032e+03  3.437997e+02  8.426848e+01  1.177710e+02  5.116916e+01  1.341175e+01 
  508.000  1.218312e+03  3.284868e+02  8.178963e+01  1.128816e+02  4.892414e+01  1.301723e+01 
  509.000  1.312813e+03  3.531213e+02  8.894926e+01  1.216339e+02  5.262053e+01  1.415671e+01 
  510.000  1.271283e+03  3.410133e+02  8.703918e+01  1.177821e+02  5.084660e+01  1.385272e+01 
  511.000  1.271187e+03  3.399213e+02  8.845071e+01  1.177685e+02  5.072383e+01  1.407737e+01 
  512.000  1.333285e+03  3.558400e+02  9.369014e+01  1.235185e+02  5.312514e+01  1.491125e+01 
  513.000  1.220031e+03  3.244128e+02  8.733682e+01  1.130212e+02  4.847848e+01  1.390009e+01 
  514.000  1.193599e+03  3.168160e+02  8.620348e+01  1.105701e+02  4.736468e+01  1.371971e+01 
  515.000  1.218188e+03  3.222917e+02  8.938146e+01  1.128434e+02  4.822292e+01  1.422550e+01 
  516.000  1.279243e+03  3.376292e+02  9.494822e+01  1.184955e+02  5.054854e+01  1.511148e+01 
  517.000  9.426312e+02  2.478401e+02  7.122570e+01  8.731126e+01  3.714135e+01  1.133592e+01 
  518.000  1.166712e+03  3.062713e+02  8.880249e+01  1.080647e+02  4.591615e+01  1.413336e+01 
  519.000  1.105719e+03  2.891577e+02  8.562512e+01  1.024105e+02  4.339199e+01  1.362766e+01 
  520.000  1.217103e+03  3.177260e+02  9.499423e+01  1.127244e+02  4.770015e+01  1.511880e+01 
  521.000  1.218236e+03  3.168293e+02  9.687308e+01  1.128242e+02  4.761335e+01  1.541783e+01 
  522.000  1.266501e+03  3.287987e+02  1.015973e+02  1.172917e+02  4.943570e+01  1.616971e+01 
  523.000  1.180187e+03  3.055298e+02  9.598006e+01  1.092943e+02  4.597193e+01  1.527570e+01 
  524.000  1.280936e+03  3.305853e+02  1.057307e+02  1.186200e+02  4.978338e+01  1.682756e+01 
  525.000  1.270926e+03  3.272802e+02  1.059980e+02  1.176899e+02  4.931481e+01  1.687011e+01 
  526.000  1.211699e+03  3.109814e+02  1.026435e+02  1.122010e+02  4.690116e+01  1.633622e+01 
  527.000  1.059048e+03  2.709526e+02  9.099929e+01  9.806213e+01  4.089850e+01  1.448299e+01 
  528.000  1.272558e+03  3.246851e+02  1.106940e+02  1.178281e+02  4.904509e+01  1.761749e+01 
  529.000  1.309442e+03  3.330858e+02  1.154264e+02  1.212390e+02  5.035481e+01  1.837068e+01 
  530.000  1.237657e+03  3.142053e+02  1.100338e+02  1.145899e+02  4.752555e+01  1.751242e+01 
  531.000  1.348008e+03  3.410719e+02  1.209827e+02  1.248021e+02  5.162742e+01  1.925499e+01 
  532.000  1.286452e+03  3.246002e+02  1.163011e+02  1.190995e+02  4.916331e+01  1.850990e+01 
  533.000  1.129805e+03  2.842860e+02  1.028798e+02  1.045939e+02  4.308305e+01  1.637383e+01 
  534.000  1.228503e+03  3.079989e+02  1.129198e+02  1.137265e+02  4.671316e+01  1.797175e+01 
  535.000  1.252630e+03  3.134726e+02  1.156765e+02  1.159577e+02  4.756207e+01  1.841049e+01 
  536.000  1.328840e+03  3.314664e+02  1.237240e+02  1.230082e+02  5.032724e+01  1.969128e+01 
  537.000  1.232826e+03  3.063344e+02  1.158907e+02  1.141157e+02  4.654984e+01  1.844458e+01 
  538.000  1.290189e+03  3.197772e+02  1.220409e+02  1.194222e+02  4.861895e+01  1.942342e+01 
  539.000  1.285808e+03  3.177638e+02  1.224929e+02  1.190129e+02  4.834299e+01  1.949534e+01 
  540.000  1.258307e+03  3.100279e+02  1.207499e+02  1.164637e+02  4.719665e+01  1.921794e+01 
  541.000  1.153758e+03  2.834931e+02  1.113035e+02  1.067840e+02  4.318053e+01  1.771450e+01 
  542.000  1.287028e+03  3.153110e+02  1.248595e+02  1.191150e+02  4.805484e+01  1.987201e+01 
  543.000  1.231256e+03  3.006432e+02  1.202044e+02  1.139492e+02  4.584961e+01  1.913113e+01 
  544.000  1.298943e+03  3.161736e+02  1.275622e+02  1.202095e+02  4.824807e+01  2.030216e+01 
  545.000  1.279930e+03  3.106347e+02  1.263796e+02  1.184465e+02  4.743026e+01  2.011393e+01 
  546.000  1.251727e+03  3.029895e+02  1.241957e+02  1.158334e+02  4.628702e+01  1.976636e+01 
  547.000  1.305381e+03  3.149303e+02  1.303042e+02  1.207944e+02  4.814268e+01  2.073856e+01 
  548.000  1.212047e+03  2.910515e+02  1.220074e+02  1.121523e+02  4.453333e+01  1.941808e+01 
  549.000  1.275564e+03  3.058098e+02  1.287713e+02  1.180278e+02  4.680637e+01  2.049459e+01 
  550.000  1.248469e+03  2.981916e+02  1.268415e+02  1.155163e+02  4.567384e+01  2.018745e+01 
  551.000  1.241180e+03  2.960287e+02  1.261748e+02  1.148400e+02  4.535329e+01  2.008134e+01 
  552.000  1.295407e+03  3.083383e+02  1.317967e+02  1.198546e+02  4.725505e+01  2.097610e+01 
  553.000  1.245600e+03  2.956632e+02  1.268729e+02  1.152427e+02  4.533335e+01  2.019244e+01 
  554.000  1.287065e+03  3.049031e+02  1.312018e+02  1.190765e+02  4.676540e+01  2.088142e+01 
  555.000  1.291483e+03  3.053386e+02  1.317591e+02  1.194825e+02  4.684774e+01  2.097011e+01 
  556.000  1.256665e+03  2.965723e+02  1.283004e+02  1.162590e+02  4.551633e+01  2.041965e+01 
  557.000  1.220253e+03  2.874312e+02  1.246787e+02  1.128880e+02  4.412733e+01  1.984323e+01 
  558.000  1.267523e+03  2.980139e+02  1.296049e+02  1.172587e+02  4.576607e+01  2.062725e+01 
  559.000  1.199158e+03  2.812299e+02  1.227384e+02  1.109311e+02  4.320659e+01  1.953443e+01 
  560.000  1.205453e+03  2.821040e+02  1.234280e+02  1.115109e+02  4.335539e+01  1.964418e+01 
  561.000  1.325991e+03  3.096656e+02  1.354005e+02  1.226587e+02  4.760112e+01  2.154967e+01 
  562.000  1.218491e+03  2.839816e+02  1.240929e+02  1.127122e+02  4.366191e+01  1.974999e+01 
  563.000  1.275983e+03  2.967744e+02  1.296019e+02  1.180278e+02  4.563809e+01  2.062678e+01 
  564.000  1.259374e+03  2.922397e+02  1.275316e+02  1.164888e+02  4.495103e+01  2.029729e+01 
  565.000  1.275832e+03  2.955107e+02  1.288855e+02  1.180089e+02  4.546255e+01  2.051277e+01 
  566.000  1.177603e+03  2.721251e+02  1.186009e+02  1.089206e+02  4.187451e+01  1.887592e+01 
  567.000  1.265503e+03  2.918751e+02  1.271330e+02  1.170484e+02  4.492225e+01  2.023384e+01 
  568.000  1.267340e+03  2.918032e+02  1.270349e+02  1.172164e+02  4.491876e+01  2.021822e+01 
  569.000  1.251519e+03  2.872791e+02  1.249466e+02  1.157495e+02  4.423582e+01  1.988586e+01 
  570.000  1.258034e+03  2.879431e+02  1.251231e+02  1.163487e+02  4.435080e+01  1.991396e+01 
  571.000  1.208839e+03  2.761053e+02  1.199009e+02  1.117967e+02  4.253631e+01  1.908282e+01 
  572.000  1.284410e+03  2.929452e+02  1.271567e+02  1.187840e+02  4.513707e+01  2.023762e+01 
  573.000  1.297676e+03  2.952403e+02  1.280540e+02  1.200079e+02  4.550188e+01  2.038042e+01 
  574.000  1.291234e+03  2.931728e+02  1.270756e+02  1.194098e+02  4.519246e+01  2.022470e+01 
  575.000  1.261082e+03  2.856198e+02  1.237056e+02  1.166186e+02  4.403897e+01  1.968836e+01 
  576.000  1.238846e+03  2.798592e+02  1.211121e+02  1.145594e+02  4.316185e+01  1.927559e+01 
  577.000  1.288926e+03  2.906282e+02  1.256983e+02  1.191882e+02  4.483104e+01  2.000550e+01 
  578.000  1.249338e+03  2.809644e+02  1.214179e+02  1.155246e+02  4.335161e+01  1.932426e+01 
  579.000  1.238067e+03  2.777999e+02  1.199643e+02  1.144798e+02  4.287297e+01  1.909292e+01 
  580.000  1.278864e+03  2.865165e+02  1.236686e+02  1.182505e+02  4.422491e+01  1.968247e+01 
  581.000  1.253181e+03  2.801123e+02  1.211302e+02  1.158731e+02  4.325051e+01  1.927846e+01 
  582.000  1.270391e+03  2.833179e+02  1.227430e+02  1.174617e+02  4.375946e+01  1.953515e+01 
  583.000  1.278430e+03  2.845754e+02  1.234774e+02  1.182029e+02  4.396535e+01  1.965204e+01 
  584.000  1.274049e+03  2.827217e+02  1.229849e+02  1.177943e+02  4.369810e+01  1.957366e+01 
  585.000  1.265197e+03  2.803558e+02  1.220987e+02  1.169742e+02  4.334118e+01  1.943261e+01 
  586.000  1.210672e+03  2.676665e+02  1.167888e+02  1.119306e+02  4.139273e+01  1.858751e+01 
  587.000  1.260479e+03  2.783844e+02  1.215702e+02  1.165343e+02  4.305659e+01  1.934851e+01 
  588.000  1.259699e+03  2.774692e+02  1.214363e+02  1.164591e+02  4.293122e+01  1.932718e+01 
  589.000  1.133546e+03  2.491742e+02  1.092349e+02  1.047942e+02  3.856436e+01  1.738527e+01 
  590.000  1.185272e+03  2.598291e+02  1.141630e+02  1.095733e+02  4.022900e+01  1.816961e+01 
  591.000  1.247404e+03  2.728563e+02  1.201005e+02  1.153148e+02  4.225890e+01  1.911459e+01 
  592.000  1.230525e+03  2.686464e+02  1.184346e+02  1.137524e+02  4.161818e+01  1.884945e+01 
  593.000  1.229940e+03  2.678651e+02  1.183266e+02  1.136957e+02  4.151138e+01  1.883226e+01 
  594.000  1.244954e+03  2.704939e+02  1.197204e+02  1.150810e+02  4.193273e+01  1.905409e+01 
  595.000  1.231696e+03  2.668705e+02  1.183868e+02  1.138525e+02  4.138719e+01  1.884184e+01 
  596.000  1.249141e+03  2.700464e+02  1.200158e+02  1.154626e+02  4.189288e+01  1.910111e+01 
  597.000  1.257106e+03  2.715009e+02  1.207599e+02  1.161978e+02  4.212433e+01  1.921954e+01 
  598.000  1.226976e+03  2.643757e+02  1.178168e+02  1.134104e+02  4.103230e+01  1.875113e+01 
  599.000  1.226294e+03  2.636128e+02  1.177026e+02  1.133448e+02  4.092730e+01  1.873295e+01 
  600.000  1.222647e+03  2.622601e+02  1.173077e+02  1.130056e+02  4.072968e+01  1.867010e+01 
  601.000  1.213605e+03  2.597574e+02  1.163957e+02  1.121677e+02  4.035326e+01  1.852495e+01 
  602.000  1.200748e+03  2.561251e+02  1.150930e+02  1.109758e+02  3.980813e+01  1.831761e+01 
  603.000  1.207244e+03  2.570149e+02  1.156765e+02  1.115743e+02  3.995722e+01  1.841048e+01 
  604.000  1.244205e+03  2.644888e+02  1.191868e+02  1.149887e+02  4.112776e+01  1.896917e+01 
  605.000  1.240569e+03  2.630821e+02  1.187884e+02  1.146502e+02  4.092281e+01  1.890577e+01 
  606.000  1.226126e+03  2.593176e+02  1.173500e+02  1.133126e+02  4.035249e+01  1.867684e+01 
  607.000  1.219072e+03  2.572892e+02  1.166326e+02  1.126587e+02  4.004853e+01  1.856265e+01 
  608.000  1.214675e+03  2.556282e+02  1.161539e+02  1.122495e+02  3.980593e+01  1.848647e+01 
  609.000  1.201911e+03  2.526483e+02  1.149102e+02  1.110688e+02  3.934830e+01  1.828852e+01 
  610.000  1.182610e+03  2.480048e+02  1.130186e+02  1.092829e+02  3.863785e+01  1.798746e+01 
  611.000  1.201527e+03  2.514800e+02  1.146830e+02  1.110292e+02  3.918862e+01  1.825236e+01 
  612.000  1.185938e+03  2.474074e+02  1.129288e+02  1.095855e+02  3.856897e+01  1.797318e+01 
  613.000  1.168475e+03  2.432069e+02  1.110828e+02  1.079698e+02  3.792446e+01  1.767937e+01 
  614.000  1.126076e+03  2.339601e+02  1.069134e+02  1.040504e+02  3.649037e+01  1.701580e+01 
  615.000  1.179850e+03  2.446238e+02  1.118517e+02  1.090173e+02  3.816298e+01  1.780176e+01 
  616.000  1.121910e+03  2.318889e+02  1.061218e+02  1.036609e+02  3.618960e+01  1.688981e+01 
  617.000  1.128220e+03  2.326537e+02  1.065416e+02  1.042419e+02  3.631895e+01  1.695662e+01 
  618.000  1.181405e+03  2.431919e+02  1.114230e+02  1.091543e+02  3.797197e+01  1.773353e+01 
  619.000  1.170802e+03  2.404196e+02  1.102295e+02  1.081724e+02  3.755002e+01  1.754357e+01 
  620.000  1.188447e+03  2.433615e+02  1.116811e+02  1.098002e+02  3.802227e+01  1.777459e+01 
  621.000  1.209269e+03  2.469917e+02  1.135883e+02  1.117215e+02  3.860318e+01  1.807815e+01 
  622.000  1.145574e+03  2.337121e+02  1.075844e+02  1.058359e+02  3.653353e+01  1.712258e+01 
  623.000  1.155277e+03  2.348654e+02  1.084311e+02  1.067291e+02  3.673172e+01  1.725734e+01 
  624.000  1.156834e+03  2.347962e+02  1.085472e+02  1.068716e+02  3.672928e+01  1.727582e+01 
  625.000  1.125870e+03  2.280813e+02  1.056082e+02  1.040093e+02  3.568818e+01  1.680806e+01 
  626.000  1.132815e+03  2.287394e+02  1.062013e+02  1.046482e+02  3.580738e+01  1.690246e+01 
  627.000  1.157308e+03  2.330154e+02  1.084453e+02  1.069083e+02  3.649128e+01  1.725960e+01 
  628.000  1.175077e+03  2.360565e+02  1.100684e+02  1.085476e+02  3.697915e+01  1.751793e+01 
  629.000  1.184426e+03  2.375743e+02  1.109160e+02  1.094099e+02  3.722472e+01  1.765283e+01 
  630.000  1.141953e+03  2.286147e+02  1.069043e+02  1.054849e+02  3.583041e+01  1.701435e+01 
  631.000  1.178564e+03  2.351588e+02  1.101042e+02  1.088639e+02  3.687096e+01  1.752362e+01 
  632.000  1.098413e+03  2.186856e+02  1.024584e+02  1.014586e+02  3.429698e+01  1.630677e+01 
  633.000  1.172474e+03  2.329635e+02  1.092135e+02  1.082978e+02  3.654486e+01  1.738186e+01 
  634.000  1.134758e+03  2.246456e+02  1.054299e+02  1.048111e+02  3.525525e+01  1.677969e+01 
  635.000  1.154228e+03  2.283209e+02  1.071801e+02  1.066087e+02  3.583535e+01  1.705824e+01 
  636.000  1.112103e+03  2.193175e+02  1.030485e+02  1.027154e+02  3.443464e+01  1.640067e+01 
  637.000  1.147891e+03  2.256267e+02  1.061191e+02  1.060181e+02  3.543905e+01  1.688939e+01 
  638.000  1.162827e+03  2.281903e+02  1.073779e+02  1.073963e+02  3.584859e+01  1.708972e+01 
  639.000  1.152620e+03  2.256433e+02  1.062571e+02  1.064517e+02  3.545850e+01  1.691134e+01 
  640.000  1.114634e+03  2.179386e+02  1.026673e+02  1.029424e+02  3.425271e+01  1.634000e+01 
  641.000  1.130510e+03  2.202457e+02  1.037329e+02  1.044058e+02  3.462830e+01  1.650961e+01 
  642.000  1.115934e+03  2.168967e+02  1.021050e+02  1.030579e+02  3.410962e+01  1.625052e+01 
  643.000  1.136740e+03  2.204810e+02  1.037466e+02  1.049777e+02  3.468037e+01  1.651178e+01 
  644.000  1.123562e+03  2.173742e+02  1.022299e+02  1.037588e+02  3.420018e+01  1.627039e+01 
  645.000  1.135511e+03  2.189920e+02  1.029214e+02  1.048598e+02  3.446539e+01  1.638046e+01 
  646.000  1.100651e+03  2.118479e+02  9.952180e+01  1.016392e+02  3.334753e+01  1.583939e+01 
  647.000  1.121864e+03  2.153404e+02  1.011034e+02  1.035960e+02  3.390638e+01  1.609112e+01 
  648.000  1.126540e+03  2.158673e+02  1.013137e+02  1.040265e+02  3.399506e+01  1.612458e+01 
  649.000  1.143165e+03  2.181992e+02  1.023226e+02  1.055587e+02  3.437540e+01  1.628514e+01 
  650.000  1.048868e+03  1.995020e+02  9.355499e+01  9.684896e+01  3.144143e+01  1.488974e+01 
  651.000  1.129726e+03  2.146178e+02  1.006812e+02  1.043141e+02  3.382853e+01  1.602390e+01 
  652.000  1.118075e+03  2.118920e+02  9.947578e+01  1.032366e+02  3.340830e+01  1.583206e+01 
  653.000  1.128903e+03  2.135538e+02  1.003119e+02  1.042349e+02  3.367748e+01  1.596514e+01 
  654.000  1.115878e+03  2.102137e+02  9.886910e+01  1.030293e+02  3.316684e+01  1.573551e+01 
  655.000  1.090429e+03  2.051627e+02  9.653058e+01  1.006786e+02  3.237462e+01  1.536332e+01 
  656.000  9.246815e+02  1.735425e+02  8.171604e+01  8.537375e+01  2.739295e+01  1.300551e+01 
  657.000  9.850308e+02  1.844193e+02  8.690290e+01  9.094409e+01  2.911807e+01  1.383103e+01 
  658.000  1.093635e+03  2.040722e+02  9.626289e+01  1.009687e+02  3.223356e+01  1.532071e+01 
  659.000  1.094344e+03  2.034945e+02  9.609419e+01  1.010317e+02  3.215533e+01  1.529387e+01 
  660.000  1.101844e+03  2.046249e+02  9.664404e+01  1.017232e+02  3.233852e+01  1.538138e+01 
  661.000  1.104199e+03  2.042725e+02  9.621449e+01  1.019380e+02  3.229267e+01  1.531301e+01 
  662.000  1.118574e+03  2.067403e+02  9.731285e+01  1.032644e+02  3.268518e+01  1.548782e+01 
  663.000  1.106825e+03  2.037504e+02  9.563171e+01  1.021771e+02  3.222267e+01  1.522026e+01 
  664.000  1.088651e+03  2.001124e+02  9.382608e+01  1.004983e+02  3.165097e+01  1.493288e+01 
  665.000  1.093160e+03  2.003995e+02  9.377859e+01  1.009128e+02  3.170311e+01  1.492533e+01 
  666.000  1.105840e+03  2.022586e+02  9.449187e+01  1.020817e+02  3.200302e+01  1.503885e+01 
  667.000  1.083825e+03  1.974759e+02  9.200225e+01  1.000470e+02  3.125565e+01  1.464261e+01 
  668.000  1.089410e+03  1.981329e+02  9.218626e+01  1.005613e+02  3.136413e+01  1.467190e+01 
  669.000  1.105062e+03  2.003009e+02  9.296490e+01  1.020039e+02  3.171575e+01  1.479582e+01 
  670.000  1.091587e+03  1.975504e+02  9.158362e+01  1.007589e+02  3.128406e+01  1.457598e+01 
  671.000  1.080251e+03  1.946984e+02  9.071008e+01  9.970981e+01  3.085106e+01  1.443696e+01 
  672.000  1.076451e+03  1.938037e+02  9.043062e+01  9.935838e+01  3.071441e+01  1.439248e+01 
  673.000  1.084400e+03  1.945098e+02  9.123502e+01  1.000895e+02  3.084400e+01  1.452050e+01 
  674.000  1.086313e+03  1.945618e+02  9.145090e+01  1.002651e+02  3.085934e+01  1.455486e+01 
  675.000  1.069954e+03  1.909165e+02  9.020846e+01  9.875266e+01  3.029860e+01  1.435712e+01 
  676.000  1.089965e+03  1.942215e+02  9.194553e+01  1.005986e+02  3.082958e+01  1.463359e+01 
  677.000  1.068244e+03  1.899993e+02  9.017946e+01  9.859268e+01  3.016795e+01  1.435251e+01 
  678.000  1.086176e+03  1.925219e+02  9.181865e+01  1.002454e+02  3.058474e+01  1.461339e+01 
  679.000  1.070827e+03  1.894845e+02  9.058070e+01  9.882771e+01  3.010993e+01  1.441637e+01 
  680.000  1.063373e+03  1.874462e+02  9.029567e+01  9.813728e+01  2.980606e+01  1.437100e+01 
  681.000  1.065039e+03  1.874587e+02  9.107200e+01  9.828991e+01  2.982185e+01  1.449456e+01 
  682.000  1.063216e+03  1.865325e+02  9.228231e+01  9.811931e+01  2.970416e+01  1.468719e+01 
  683.000  1.070644e+03  1.875200e+02  9.363911e+01  9.880365e+01  2.987689e+01  1.490313e+01 
  684.000  1.052502e+03  1.837680e+02  9.334698e+01  9.712723e+01  2.930722e+01  1.485663e+01 
  685.000  1.063674e+03  1.855372e+02  9.474592e+01  9.815743e+01  2.959825e+01  1.507928e+01 
  686.000  1.021104e+03  1.776128e+02  9.207705e+01  9.422718e+01  2.835850e+01  1.465452e+01 
  687.000  1.069850e+03  1.856011e+02  9.757550e+01  9.872353e+01  2.965792e+01  1.552962e+01 
  688.000  1.055429e+03  1.827787e+02  9.698064e+01  9.739160e+01  2.922258e+01  1.543495e+01 
  689.000  1.062871e+03  1.835997e+02  9.871474e+01  9.807652e+01  2.937666e+01  1.571094e+01 
  690.000  1.060429e+03  1.828616e+02  9.919745e+01  9.784998e+01  2.927400e+01  1.578776e+01 
  691.000  1.053986e+03  1.814353e+02  1.014700e+02  9.725387e+01  2.908657e+01  1.614945e+01 
  692.000  1.039666e+03  1.786396e+02  1.043783e+02  9.593053e+01  2.869617e+01  1.661232e+01 
  693.000  1.041972e+03  1.788425e+02  1.071113e+02  9.614220e+01  2.876248e+01  1.704729e+01 
  694.000  1.051246e+03  1.799970e+02  1.140229e+02  9.699537e+01  2.902782e+01  1.814731e+01 
  695.000  1.030433e+03  1.763671e+02  1.146687e+02  9.507410e+01  2.847803e+01  1.825009e+01 
  696.000  1.041238e+03  1.781626e+02  1.188651e+02  9.607021e+01  2.880434e+01  1.891797e+01 
  697.000  1.039385e+03  1.777628e+02  1.232397e+02  9.589806e+01  2.879535e+01  1.961420e+01 
  698.000  1.020811e+03  1.745399e+02  1.235851e+02  9.418362e+01  2.830416e+01  1.966919e+01 
  699.000  1.043089e+03  1.783297e+02  1.273343e+02  9.623874e+01  2.893149e+01  2.026588e+01 
  700.000  1.030709e+03  1.761063e+02  1.321512e+02  9.509488e+01  2.864717e+01  2.103252e+01 
  701.000  1.008421e+03  1.722863e+02  1.325324e+02  9.303775e+01  2.806376e+01  2.109318e+01 
  702.000  1.003121e+03  1.713682e+02  1.352814e+02  9.254804e+01  2.795460e+01  2.153070e+01 
  703.000  1.014806e+03  1.733400e+02  1.432793e+02  9.362473e+01  2.835143e+01  2.280361e+01 
  704.000  1.017760e+03  1.738317e+02  1.469944e+02  9.389655e+01  2.847041e+01  2.339489e+01 
  705.000  1.026933e+03  1.753776e+02  1.534508e+02  9.474165e+01  2.878354e+01  2.442245e+01 
  706.000  1.016043e+03  1.734991e+02  1.563890e+02  9.373603e+01  2.852846e+01  2.489008e+01 
  707.000  1.000489e+03  1.708283e+02  1.574664e+02  9.230030e+01  2.812975e+01  2.506156e+01 
  708.000  1.029311e+03  1.757296e+02  1.666043e+02  9.495827e+01  2.899037e+01  2.651590e+01 
  709.000  9.920131e+02  1.693428e+02  1.648713e+02  9.151645e+01  2.798675e+01  2.624008e+01 
  710.000  1.016034e+03  1.734312e+02  1.715200e+02  9.373184e+01  2.869327e+01  2.729826e+01 
  711.000  1.005109e+03  1.715629e+02  1.770494e+02  9.272251e+01  2.846889e+01  2.817829e+01 
  712.000  9.903990e+02  1.690520e+02  1.776523e+02  9.136486e+01  2.808883e+01  2.827424e+01 
  713.000  9.870267e+02  1.684760e+02  1.816884e+02  9.105286e+01  2.804625e+01  2.891660e+01 
  714.000  1.003980e+03  1.713696e+02  1.860555e+02  9.261656e+01  2.854220e+01  2.961165e+01 
  715.000  9.700714e+02  1.655801e+02  1.864899e+02  8.948714e+01  2.765466e+01  2.968079e+01 
  716.000  9.964994e+02  1.700891e+02  1.967671e+02  9.192406e+01  2.846700e+01  3.131645e+01 
  717.000  9.732822e+02  1.661251e+02  1.945742e+02  8.978185e+01  2.783080e+01  3.096744e+01 
  718.000  9.694521e+02  1.654673e+02  2.007594e+02  8.942717e+01  2.779967e+01  3.195184e+01 
  719.000  9.586913e+02  1.636284e+02  2.016767e+02  8.843392e+01  2.752646e+01  3.209784e+01 
  720.000  9.662559e+02  1.649176e+02  2.058586e+02  8.913120e+01  2.777273e+01  3.276341e+01 
  721.000  9.625252e+02  1.643108e+02  2.144891e+02  8.878535e+01  2.777631e+01  3.413700e+01 
  722.000  9.752692e+02  1.665059e+02  2.218899e+02  8.996007e+01  2.819831e+01  3.531487e+01 
  723.000  9.737072e+02  1.662537e+02  2.249339e+02  8.981538e+01  2.819349e+01  3.579934e+01 
  724.000  9.810601e+02  1.675178e+02  2.287211e+02  9.049326e+01  2.843115e+01  3.640209e+01 
  725.000  9.703689e+02  1.657248e+02  2.342322e+02  8.950566e+01  2.821589e+01  3.727921e+01 
  726.000  9.689054e+02  1.654993e+02  2.401064e+02  8.936959e+01  2.824663e+01  3.821412e+01 
  727.000  9.829709e+02  1.679039e+02  2.441451e+02  9.066686e+01  2.866318e+01  3.885690e+01 
  728.000  9.666018e+02  1.651342e+02  2.470915e+02  8.915578e+01  2.826805e+01  3.932583e+01 
  729.000  9.278890e+02  1.585434e+02  2.435269e+02  8.558395e+01  2.720984e+01  3.875850e+01 
  730.000  9.623984e+02  1.644506e+02  2.567975e+02  8.876617e+01  2.827028e+01  4.087059e+01 
  731.000  9.467153e+02  1.617690e+02  2.556720e+02  8.731907e+01  2.784337e+01  4.069147e+01 
  732.000  9.636088e+02  1.646539e+02  2.630244e+02  8.887669e+01  2.837097e+01  4.186164e+01 
  733.000  9.481048e+02  1.619999e+02  2.651401e+02  8.744551e+01  2.798425e+01  4.219835e+01 
  734.000  9.672615e+02  1.652681e+02  2.762206e+02  8.921131e+01  2.861231e+01  4.396188e+01 
  735.000  9.598980e+02  1.640066e+02  2.774810e+02  8.853154e+01  2.843118e+01  4.416247e+01 
  736.000  9.426590e+02  1.610583e+02  2.752020e+02  8.694108e+01  2.795002e+01  4.379975e+01 
  737.000  9.550113e+02  1.631605e+02  2.857167e+02  8.807903e+01  2.839123e+01  4.547322e+01 
  738.000  9.520379e+02  1.626471e+02  2.888400e+02  8.780405e+01  2.834621e+01  4.597031e+01 
  739.000  9.211549e+02  1.573653e+02  2.835025e+02  8.495504e+01  2.747016e+01  4.512082e+01 
  740.000  9.293788e+02  1.587666e+02  2.884279e+02  8.571306e+01  2.774115e+01  4.590472e+01 
  741.000  9.217819e+02  1.574386e+02  2.889789e+02  8.501180e+01  2.754188e+01  4.599242e+01 
  742.000  9.069401e+02  1.546902e+02  2.907847e+02  8.364116e+01  2.713796e+01  4.627981e+01 
  743.000  9.334214e+02  1.591292e+02  3.016132e+02  8.608270e+01  2.794452e+01  4.800323e+01 
  744.000  9.422058e+02  1.605477e+02  3.068206e+02  8.689214e+01  2.822179e+01  4.883202e+01 
  745.000  9.177025e+02  1.562959e+02  3.011319e+02  8.463174e+01  2.750159e+01  4.792662e+01 
  746.000  9.306260e+02  1.583733e+02  3.090558e+02  8.582250e+01  2.791084e+01  4.918776e+01 
  747.000  9.453069e+02  1.607622e+02  3.171788e+02  8.717546e+01  2.837036e+01  5.048058e+01 
  748.000  9.277685e+02  1.577298e+02  3.127659e+02  8.555766e+01  2.785266e+01  4.977824e+01 
  749.000  9.279731e+02  1.577027e+02  3.146617e+02  8.557601e+01  2.786951e+01  5.007997e+01 
  750.000  9.146030e+02  1.553411e+02  3.127576e+02  8.434229e+01  2.748330e+01  4.977692e+01 
  751.000  9.123231e+02  1.548511e+02  3.132486e+02  8.413148e+01  2.741343e+01  4.985506e+01 
  752.000  9.264908e+02  1.568927e+02  3.206377e+02  8.543641e+01  2.781300e+01  5.103107e+01 
  753.000  9.177372e+02  1.553042e+02  3.183459e+02  8.462872e+01  2.754254e+01  5.066632e+01 
  754.000  9.321893e+02  1.575882e+02  3.244800e+02  8.596070e+01  2.796455e+01  5.164260e+01 
  755.000  9.269614e+02  1.565365e+02  3.238247e+02  8.547789e+01  2.779549e+01  5.153830e+01 
  756.000  9.088815e+02  1.533584e+02  3.183741e+02  8.381015e+01  2.724424e+01  5.067081e+01 
  757.000  9.156268e+02  1.543697e+02  3.216149e+02  8.443159e+01  2.743715e+01  5.118660e+01 
  758.000  9.155944e+02  1.540199e+02  3.239834e+02  8.442712e+01  2.741088e+01  5.156357e+01 
  759.000  9.013645e+02  1.514492e+02  3.201688e+02  8.311421e+01  2.697179e+01  5.095645e+01 
  760.000  9.096241e+02  1.526962e+02  3.240360e+02  8.387523e+01  2.720811e+01  5.157194e+01 
  761.000  9.102885e+02  1.526345e+02  3.252173e+02  8.393578e+01  2.721245e+01  5.175993e+01 
  762.000  8.856619e+02  1.483480e+02  3.172541e+02  8.166437e+01  2.646191e+01  5.049256e+01 
  763.000  9.129952e+02  1.527472e+02  3.279966e+02  8.418399e+01  2.726219e+01  5.220228e+01 
  764.000  9.147075e+02  1.527280e+02  3.302334e+02  8.434064e+01  2.728529e+01  5.255827e+01 
  765.000  9.148571e+02  1.526211e+02  3.309860e+02  8.435392e+01  2.727763e+01  5.267805e+01 
  766.000  8.628953e+02  1.437942e+02  3.130251e+02  7.956218e+01  2.571374e+01  4.981950e+01 
  767.000  8.696602e+02  1.447326e+02  3.164787e+02  8.018515e+01  2.589788e+01  5.036914e+01 
  768.000  8.994276e+02  1.495548e+02  3.280084e+02  8.292928e+01  2.677215e+01  5.220415e+01 
  769.000  8.929944e+02  1.482218e+02  3.270527e+02  8.233509e+01  2.655626e+01  5.205205e+01 
  770.000  8.857462e+02  1.469675e+02  3.246685e+02  8.166660e+01  2.633595e+01  5.167261e+01 
  771.000  8.852134e+02  1.467341e+02  3.251754e+02  8.161691e+01  2.630597e+01  5.175327e+01 
  772.000  8.819194e+02  1.456705e+02  3.256567e+02  8.131133e+01  2.614887e+01  5.182988e+01 
  773.000  8.783041e+02  1.449063e+02  3.248672e+02  8.097740e+01  2.602253e+01  5.170422e+01 
  774.000  8.874392e+02  1.462785e+02  3.286861e+02  8.181915e+01  2.627771e+01  5.231202e+01 
  775.000  8.539972e+02  1.406654e+02  3.166287e+02  7.873553e+01  2.527588e+01  5.039302e+01 
  776.000  8.892367e+02  1.462673e+02  3.303540e+02  8.198376e+01  2.629560e+01  5.257748e+01 
  777.000  8.833260e+02  1.450285e+02  3.290266e+02  8.143788e+01  2.609013e+01  5.236621e+01 
  778.000  8.788123e+02  1.441177e+02  3.278975e+02  8.102113e+01  2.593726e+01  5.218650e+01 
  779.000  8.819448e+02  1.444282e+02  3.297271e+02  8.130920e+01  2.600626e+01  5.247770e+01 
  780.000  8.712711e+02  1.425125e+02  3.262819e+02  8.032456e+01  2.567213e+01  5.192937e+01 
  781.000  8.700074e+02  1.419704e+02  3.264066e+02  8.020695e+01  2.559097e+01  5.194923e+01 
  782.000  8.808406e+02  1.434513e+02  3.309190e+02  8.120473e+01  2.587136e+01  5.266739e+01 
  783.000  8.604673e+02  1.399786e+02  3.235066e+02  7.932602e+01  2.525231e+01  5.148767e+01 
  784.000  8.656186e+02  1.406443e+02  3.257121e+02  7.980035e+01  2.538047e+01  5.183869e+01 
  785.000  8.686874e+02  1.409682e+02  3.271396e+02  8.008270e+01  2.544709e+01  5.206588e+01 
  786.000  8.547195e+02  1.385381e+02  3.221340e+02  7.879449e+01  2.501607e+01  5.126922e+01 
  787.000  8.694322e+02  1.406251e+02  3.281431e+02  8.014985e+01  2.540683e+01  5.222559e+01 
  788.000  8.573773e+02  1.386027e+02  3.237063e+02  7.903831e+01  2.504484e+01  5.151946e+01 
  789.000  8.658085e+02  1.396461e+02  3.273871e+02  7.981451e+01  2.524829e+01  5.210527e+01 
  790.000  8.574304e+02  1.381646e+02  3.244216e+02  7.904176e+01  2.498651e+01  5.163331e+01 
  791.000  8.527513e+02  1.371483e+02  3.231583e+02  7.860956e+01  2.481597e+01  5.143225e+01 
  792.000  8.389827e+02  1.347412e+02  3.183421e+02  7.733968e+01  2.439046e+01  5.066573e+01 
  793.000  8.371858e+02  1.343064e+02  3.179650e+02  7.717357e+01  2.431936e+01  5.060570e+01 
  794.000  8.265472e+02  1.321642e+02  3.148308e+02  7.619144e+01  2.395408e+01  5.010688e+01 
  795.000  8.237581e+02  1.315504e+02  3.141173e+02  7.593380e+01  2.385156e+01  4.999333e+01 
  796.000  8.419873e+02  1.342603e+02  3.214869e+02  7.761352e+01  2.435334e+01  5.116623e+01 
  797.000  8.463522e+02  1.347751e+02  3.235299e+02  7.801526e+01  2.445612e+01  5.149138e+01 
  798.000  8.445130e+02  1.342844e+02  3.232376e+02  7.784509e+01  2.437732e+01  5.144485e+01 
  799.000  8.445327e+02  1.341954e+02  3.234363e+02  7.784660e+01  2.436594e+01  5.147648e+01 
