  291.000  3.625937e+02  1.656526e+02  6.717555e+01  3.397420e+01  2.327156e+01  1.069132e+01 
  292.000  3.985537e+02  1.824499e+02  7.459538e+01  3.733772e+01  2.568398e+01  1.187222e+01 
  293.000  3.091476e+02  1.418113e+02  5.845446e+01  2.895734e+01  2.000443e+01  9.303318e+00 
  294.000  3.281786e+02  1.508526e+02  6.268764e+01  3.073512e+01  2.132412e+01  9.977049e+00 
  295.000  2.908288e+02  1.339286e+02  5.604937e+01  2.723343e+01  1.896645e+01  8.920534e+00 
  296.000  4.006159e+02  1.848757e+02  7.799539e+01  3.750809e+01  2.623652e+01  1.241335e+01 
  297.000  2.171297e+02  1.003877e+02  4.264926e+01  2.032621e+01  1.427286e+01  6.787840e+00 
  298.000  3.556967e+02  1.648069e+02  7.057779e+01  3.329267e+01  2.348178e+01  1.123280e+01 
  299.000  3.515206e+02  1.632267e+02  7.045784e+01  3.289663e+01  2.330653e+01  1.121371e+01 
  300.000  2.836875e+02  1.319785e+02  5.736503e+01  2.654491e+01  1.888015e+01  9.129928e+00 
  301.000  4.140628e+02  1.922994e+02  8.425739e+01  3.874158e+01  2.752952e+01  1.340998e+01 
  302.000  2.925883e+02  1.356135e+02  5.996811e+01  2.737370e+01  1.943081e+01  9.544221e+00 
  303.000  4.242736e+02  1.963035e+02  8.750594e+01  3.969103e+01  2.814752e+01  1.392700e+01 
  304.000  3.792530e+02  1.751626e+02  7.871287e+01  3.547684e+01  2.513507e+01  1.252754e+01 
  305.000  4.266428e+02  1.966987e+02  8.910528e+01  3.990708e+01  2.824678e+01  1.418155e+01 
  306.000  3.664892e+02  1.686183e+02  7.709176e+01  3.427770e+01  2.423547e+01  1.226954e+01 
  307.000  4.003005e+02  1.838405e+02  8.473234e+01  3.743742e+01  2.644373e+01  1.348557e+01 
  308.000  4.206427e+02  1.928298e+02  8.959628e+01  3.933710e+01  2.775830e+01  1.425969e+01 
  309.000  3.853322e+02  1.763175e+02  8.258911e+01  3.603242e+01  2.540119e+01  1.314447e+01 
  310.000  3.159911e+02  1.443211e+02  6.815575e+01  2.954623e+01  2.080810e+01  1.084732e+01 
  311.000  5.490109e+02  2.502943e+02  1.193198e+02  5.133068e+01  3.611830e+01  1.899034e+01 
  312.000  3.972152e+02  1.808083e+02  8.689278e+01  3.713601e+01  2.611063e+01  1.382942e+01 
  313.000  4.449744e+02  2.021768e+02  9.808060e+01  4.159805e+01  2.922197e+01  1.561001e+01 
  314.000  4.379006e+02  1.985954e+02  9.725383e+01  4.093381e+01  2.872960e+01  1.547843e+01 
  315.000  4.455716e+02  2.016982e+02  9.970678e+01  4.164785e+01  2.920437e+01  1.586883e+01 
  316.000  3.346268e+02  1.512331e+02  7.536511e+01  3.127582e+01  2.191418e+01  1.199473e+01 
  317.000  4.519620e+02  2.038763e+02  1.025592e+02  4.223944e+01  2.956898e+01  1.632281e+01 
  318.000  4.185335e+02  1.884375e+02  9.568842e+01  3.911242e+01  2.735466e+01  1.522928e+01 
  319.000  4.072090e+02  1.830374e+02  9.369845e+01  3.805174e+01  2.659158e+01  1.491257e+01 
  320.000  4.488126e+02  2.013477e+02  1.040440e+02  4.193630e+01  2.927866e+01  1.655911e+01 
  321.000  4.482186e+02  2.007395e+02  1.045115e+02  4.187815e+01  2.921259e+01  1.663352e+01 
  322.000  4.359315e+02  1.948464e+02  1.023366e+02  4.072710e+01  2.838057e+01  1.628738e+01 
  323.000  3.504446e+02  1.563664e+02  8.274626e+01  3.273837e+01  2.279346e+01  1.316948e+01 
  324.000  4.052330e+02  1.804458e+02  9.633092e+01  3.785385e+01  2.632760e+01  1.533154e+01 
  325.000  4.923367e+02  2.188479e+02  1.177154e+02  4.598747e+01  3.195584e+01  1.873498e+01 
  326.000  6.146219e+02  2.727224e+02  1.478040e+02  5.740602e+01  3.985424e+01  2.352375e+01 
  327.000  6.105944e+02  2.704536e+02  1.476848e+02  5.702617e+01  3.955442e+01  2.350477e+01 
  328.000  5.497582e+02  2.429982e+02  1.338671e+02  5.134053e+01  3.557256e+01  2.130561e+01 
  329.000  5.854569e+02  2.583100e+02  1.433825e+02  5.467079e+01  3.784490e+01  2.282004e+01 
  330.000  6.104532e+02  2.688486e+02  1.503662e+02  5.700126e+01  3.942128e+01  2.393153e+01 
  331.000  5.230105e+02  2.299161e+02  1.295694e+02  4.883309e+01  3.374050e+01  2.062161e+01 
  332.000  5.456157e+02  2.394106e+02  1.359474e+02  5.094038e+01  3.516314e+01  2.163670e+01 
  333.000  6.150906e+02  2.693936e+02  1.541390e+02  5.742300e+01  3.960011e+01  2.453198e+01 
  334.000  5.321867e+02  2.326472e+02  1.341295e+02  4.968007e+01  3.422744e+01  2.134738e+01 
  335.000  5.537224e+02  2.416048e+02  1.403581e+02  5.168703e+01  3.557563e+01  2.233868e+01 
  336.000  4.146801e+02  1.805927e+02  1.057161e+02  3.870562e+01  2.661462e+01  1.682524e+01 
  337.000  4.060583e+02  1.764992e+02  1.041110e+02  3.789836e+01  2.603388e+01  1.656978e+01 
  338.000  4.918611e+02  2.133966e+02  1.268346e+02  4.590405e+01  3.149749e+01  2.018635e+01 
  339.000  4.914007e+02  2.127981e+02  1.274432e+02  4.585865e+01  3.142988e+01  2.028322e+01 
  340.000  5.626472e+02  2.432685e+02  1.466179e+02  5.250521e+01  3.595017e+01  2.333497e+01 
  341.000  4.719263e+02  2.036570e+02  1.236822e+02  4.403696e+01  3.011650e+01  1.968463e+01 
  342.000  4.942994e+02  2.129042e+02  1.302875e+02  4.612220e+01  3.150514e+01  2.073590e+01 
  343.000  4.995531e+02  2.147525e+02  1.324257e+02  4.660991e+01  3.180017e+01  2.107621e+01 
  344.000  4.571115e+02  1.961894e+02  1.217521e+02  4.264806e+01  2.906790e+01  1.937744e+01 
  345.000  5.836257e+02  2.499987e+02  1.563374e+02  5.444877e+01  3.706585e+01  2.488188e+01 
  346.000  6.476922e+02  2.769865e+02  1.743242e+02  6.042305e+01  4.109082e+01  2.774456e+01 
  347.000  6.178317e+02  2.636924e+02  1.672362e+02  5.763424e+01  3.914586e+01  2.661646e+01 
  348.000  5.835793e+02  2.486584e+02  1.587149e+02  5.443653e+01  3.693556e+01  2.526025e+01 
  349.000  6.411934e+02  2.726571e+02  1.753777e+02  5.980751e+01  4.052887e+01  2.791222e+01 
  350.000  6.576915e+02  2.791998e+02  1.807434e+02  6.134357e+01  4.152594e+01  2.876621e+01 
  351.000  6.265840e+02  2.654141e+02  1.727995e+02  5.843891e+01  3.949856e+01  2.750190e+01 
  352.000  6.451874e+02  2.727915e+02  1.784280e+02  6.017119e+01  4.061598e+01  2.839769e+01 
  353.000  5.896692e+02  2.487634e+02  1.636229e+02  5.499042e+01  3.705996e+01  2.604140e+01 
  354.000  6.827987e+02  2.875140e+02  1.899965e+02  6.367238e+01  4.285379e+01  3.023888e+01 
  355.000  6.945000e+02  2.918914e+02  1.937956e+02  6.476054e+01  4.352760e+01  3.084353e+01 
  356.000  6.592453e+02  2.764444e+02  1.845794e+02  6.146965e+01  4.124856e+01  2.937672e+01 
  357.000  4.233417e+02  1.771830e+02  1.188637e+02  3.947157e+01  2.645082e+01  1.891774e+01 
  358.000  4.618587e+02  1.929321e+02  1.300442e+02  4.306079e+01  2.881638e+01  2.069717e+01 
  359.000  4.664671e+02  1.944801e+02  1.317128e+02  4.348840e+01  2.906224e+01  2.096274e+01 
  360.000  6.943934e+02  2.889432e+02  1.966252e+02  6.473473e+01  4.320031e+01  3.129388e+01 
  361.000  5.512349e+02  2.289374e+02  1.566756e+02  5.138634e+01  3.424827e+01  2.493570e+01 
  362.000  6.052786e+02  2.508060e+02  1.728267e+02  5.642109e+01  3.754575e+01  2.750622e+01 
  363.000  6.448575e+02  2.666911e+02  1.848327e+02  6.010756e+01  3.994699e+01  2.941703e+01 
  364.000  6.451493e+02  2.662939e+02  1.856245e+02  6.013187e+01  3.991085e+01  2.954306e+01 
  365.000  6.057674e+02  2.495497e+02  1.749612e+02  5.645851e+01  3.742337e+01  2.784594e+01 
  366.000  8.335620e+02  3.427150e+02  2.416769e+02  7.768558e+01  5.142526e+01  3.846407e+01 
  367.000  7.479804e+02  3.069186e+02  2.176955e+02  6.970623e+01  4.608144e+01  3.464731e+01 
  368.000  7.073475e+02  2.896660e+02  2.066591e+02  6.591633e+01  4.351725e+01  3.289083e+01 
  369.000  6.821667e+02  2.789048e+02  1.999139e+02  6.356730e+01  4.192084e+01  3.181728e+01 
  370.000  7.867214e+02  3.210012e+02  2.314394e+02  7.330659e+01  4.827752e+01  3.683472e+01 
  371.000  6.300231e+02  2.565650e+02  1.863122e+02  5.870257e+01  3.861370e+01  2.965251e+01 
  372.000  6.649408e+02  2.702567e+02  1.976887e+02  6.195299e+01  4.070346e+01  3.146313e+01 
  373.000  6.643245e+02  2.694758e+02  1.985595e+02  6.189249e+01  4.061510e+01  3.160173e+01 
  374.000  5.157334e+02  2.087875e+02  1.549691e+02  4.804647e+01  3.149106e+01  2.466410e+01 
  375.000  4.734259e+02  1.913544e+02  1.428624e+02  4.410328e+01  2.887850e+01  2.273725e+01 
  376.000  6.788063e+02  2.738169e+02  2.059288e+02  6.323289e+01  4.135378e+01  3.277459e+01 
  377.000  6.962255e+02  2.802758e+02  2.123364e+02  6.485229e+01  4.236053e+01  3.379438e+01 
  378.000  9.025735e+02  3.627526e+02  2.764383e+02  8.406991e+01  5.485858e+01  4.399651e+01 
  379.000  6.963319e+02  2.792889e+02  2.144032e+02  6.485634e+01  4.226807e+01  3.412333e+01 
  380.000  6.530733e+02  2.613959e+02  2.021325e+02  6.082415e+01  3.958966e+01  3.217039e+01 
  381.000  7.331682e+02  2.929319e+02  2.275202e+02  6.828105e+01  4.438793e+01  3.621096e+01 
  382.000  5.476696e+02  2.183272e+02  1.705155e+02  5.100269e+01  3.310371e+01  2.713838e+01 
  383.000  3.816023e+02  1.517815e+02  1.192028e+02  3.553557e+01  2.302821e+01  1.897171e+01 
  384.000  4.197291e+02  1.666428e+02  1.314588e+02  3.908442e+01  2.529573e+01  2.092232e+01 
  385.000  6.313017e+02  2.500686e+02  1.983766e+02  5.878265e+01  3.798360e+01  3.157261e+01 
  386.000  4.896406e+02  1.935967e+02  1.542688e+02  4.559023e+01  2.942099e+01  2.455264e+01 
  387.000  5.615553e+02  2.215155e+02  1.775123e+02  5.228349e+01  3.368552e+01  2.825196e+01 
  388.000  5.555264e+02  2.187275e+02  1.760718e+02  5.172001e+01  3.327880e+01  2.802270e+01 
  389.000  6.320247e+02  2.483790e+02  2.008489e+02  5.883963e+01  3.780990e+01  3.196609e+01 
  390.000  7.651205e+02  2.999731e+02  2.439636e+02  7.122676e+01  4.569405e+01  3.882801e+01 
  391.000  8.544163e+02  3.343637e+02  2.733822e+02  7.953619e+01  5.096257e+01  4.351012e+01 
  392.000  7.579007e+02  2.960424e+02  2.433428e+02  7.054875e+01  4.514840e+01  3.872920e+01 
  393.000  4.056159e+02  1.580663e+02  1.307986e+02  3.775454e+01  2.412405e+01  2.081725e+01 
  394.000  4.479918e+02  1.742508e+02  1.449653e+02  4.169712e+01  2.661001e+01  2.307194e+01 
  395.000  7.505621e+02  2.913843e+02  2.437173e+02  6.985609e+01  4.452436e+01  3.878881e+01 
  396.000  7.711856e+02  2.986471e+02  2.515449e+02  7.177159e+01  4.567005e+01  4.003462e+01 
  397.000  3.132583e+02  1.210735e+02  1.025399e+02  2.915261e+01  1.852643e+01  1.631973e+01 
  398.000  8.747214e+02  3.374319e+02  2.873051e+02  8.140038e+01  5.166436e+01  4.572602e+01 
  399.000  1.046712e+03  4.030486e+02  3.449027e+02  9.740172e+01  6.174622e+01  5.489297e+01 
  400.000  1.026429e+03  3.943758e+02  3.395258e+02  9.550979e+01  6.045922e+01  5.403721e+01 
  401.000  1.017598e+03  3.900213e+02  3.375135e+02  9.468325e+01  5.982965e+01  5.371695e+01 
  402.000  1.075510e+03  4.113981e+02  3.574819e+02  1.000676e+02  6.314105e+01  5.689501e+01 
  403.000  1.004657e+03  3.834492e+02  3.347166e+02  9.347104e+01  5.888473e+01  5.327180e+01 
  404.000  1.076704e+03  4.101280e+02  3.594795e+02  1.001701e+02  6.301389e+01  5.721294e+01 
  405.000  9.848906e+02  3.742626e+02  3.296518e+02  9.162386e+01  5.753844e+01  5.246571e+01 
  406.000  9.747838e+02  3.697560e+02  3.268846e+02  9.068034e+01  5.687177e+01  5.202530e+01 
  407.000  9.470331e+02  3.583238e+02  3.184152e+02  8.809432e+01  5.514899e+01  5.067735e+01 
  408.000  1.023230e+03  3.864169e+02  3.447142e+02  9.517861e+01  5.950174e+01  5.486296e+01 
  409.000  1.129759e+03  4.256536e+02  3.815181e+02  1.050828e+02  6.558259e+01  6.072049e+01 
  410.000  9.420925e+02  3.542243e+02  3.188088e+02  8.762375e+01  5.460556e+01  5.073999e+01 
  411.000  1.103647e+03  4.139276e+02  3.746158e+02  1.026447e+02  6.385281e+01  5.962196e+01 
  412.000  1.140713e+03  4.269068e+02  3.882168e+02  1.060874e+02  6.589392e+01  6.178662e+01 
  413.000  1.074810e+03  4.014666e+02  3.666453e+02  9.995454e+01  6.199995e+01  5.835341e+01 
  414.000  1.052620e+03  3.922126e+02  3.601409e+02  9.788616e+01  6.061157e+01  5.731821e+01 
  415.000  1.119783e+03  4.163681e+02  3.840783e+02  1.041276e+02  6.438123e+01  6.112796e+01 
  416.000  1.110237e+03  4.118746e+02  3.818425e+02  1.032352e+02  6.372626e+01  6.077213e+01 
  417.000  1.073667e+03  3.976257e+02  3.700153e+02  9.983135e+01  6.155045e+01  5.888976e+01 
  418.000  1.047817e+03  3.872090e+02  3.620325e+02  9.742361e+01  5.997361e+01  5.761927e+01 
  419.000  1.071189e+03  3.947925e+02  3.712635e+02  9.959154e+01  6.119268e+01  5.908843e+01 
  420.000  9.045820e+02  3.326721e+02  3.142986e+02  8.409811e+01  5.159420e+01  5.002217e+01 
  421.000  1.130781e+03  4.149059e+02  3.937582e+02  1.051230e+02  6.438546e+01  6.266857e+01 
  422.000  1.080959e+03  3.958509e+02  3.771119e+02  1.004877e+02  6.145901e+01  6.001922e+01 
  423.000  9.109127e+02  3.327997e+02  3.184942e+02  8.467609e+01  5.170054e+01  5.068992e+01 
  424.000  9.997723e+02  3.644091e+02  3.503373e+02  9.293217e+01  5.664479e+01  5.575792e+01 
  425.000  1.033358e+03  3.756826e+02  3.629814e+02  9.604943e+01  5.843534e+01  5.777028e+01 
  426.000  9.910952e+02  3.596857e+02  3.487069e+02  9.211817e+01  5.597205e+01  5.549842e+01 
  427.000  9.514525e+02  3.444054e+02  3.355645e+02  8.842930e+01  5.362945e+01  5.340676e+01 
  428.000  9.615231e+02  3.472172e+02  3.398673e+02  8.936132e+01  5.410016e+01  5.409156e+01 
  429.000  8.729807e+02  3.145845e+02  3.091635e+02  8.112933e+01  4.904164e+01  4.920489e+01 
  430.000  6.952905e+02  2.499602e+02  2.467958e+02  6.461311e+01  3.899095e+01  3.927877e+01 
  431.000  6.238219e+02  2.238861e+02  2.219883e+02  5.796968e+01  3.494202e+01  3.533053e+01 
  432.000  1.120879e+03  4.012769e+02  4.003379e+02  1.041546e+02  6.267559e+01  6.371576e+01 
  433.000  9.959661e+02  3.556918e+02  3.569951e+02  9.254315e+01  5.559729e+01  5.681754e+01 
  434.000  9.448042e+02  3.367625e+02  3.396213e+02  8.778608e+01  5.267014e+01  5.405241e+01 
  435.000  1.026178e+03  3.648444e+02  3.702239e+02  9.534238e+01  5.710656e+01  5.892297e+01 
  436.000  1.135737e+03  4.030348e+02  4.108656e+02  1.055178e+02  6.312089e+01  6.539128e+01 
  437.000  1.144874e+03  4.051969e+02  4.157498e+02  1.063614e+02  6.351145e+01  6.616862e+01 
  438.000  1.023626e+03  3.616822e+02  3.725989e+02  9.509429e+01  5.671983e+01  5.930096e+01 
  439.000  9.889917e+02  3.485396e+02  3.613117e+02  9.187239e+01  5.470229e+01  5.750455e+01 
  440.000  1.106589e+03  3.891752e+02  4.054076e+02  1.027927e+02  6.111813e+01  6.452261e+01 
  441.000  1.100974e+03  3.865785e+02  4.037890e+02  1.022683e+02  6.073331e+01  6.426502e+01 
  442.000  1.157913e+03  4.054272e+02  4.254768e+02  1.075521e+02  6.373673e+01  6.771673e+01 
  443.000  1.163884e+03  4.065714e+02  4.283362e+02  1.081024e+02  6.395155e+01  6.817182e+01 
  444.000  1.154847e+03  4.022238e+02  4.258469e+02  1.072577e+02  6.331166e+01  6.777564e+01 
  445.000  1.212975e+03  4.215709e+02  4.479109e+02  1.126523e+02  6.639015e+01  7.128724e+01 
  446.000  1.078221e+03  3.739342e+02  3.987133e+02  1.001337e+02  5.891785e+01  6.345718e+01 
  447.000  1.227968e+03  4.248268e+02  4.548158e+02  1.140360e+02  6.697504e+01  7.238618e+01 
  448.000  1.246427e+03  4.300781e+02  4.624455e+02  1.157451e+02  6.784486e+01  7.360049e+01 
  449.000  1.252659e+03  4.313070e+02  4.654012e+02  1.163197e+02  6.807279e+01  7.407089e+01 
  450.000  1.277985e+03  4.388211e+02  4.756342e+02  1.186661e+02  6.930306e+01  7.569952e+01 
  451.000  1.378911e+03  4.724218e+02  5.137472e+02  1.280328e+02  7.464592e+01  8.176540e+01 
  452.000  1.279781e+03  4.376316e+02  4.772462e+02  1.188249e+02  6.917734e+01  7.595609e+01 
  453.000  1.186398e+03  4.046112e+02  4.429892e+02  1.101497e+02  6.399517e+01  7.050393e+01 
  454.000  1.263462e+03  4.294968e+02  4.724912e+02  1.172985e+02  6.797929e+01  7.519931e+01 
  455.000  1.270553e+03  4.310419e+02  4.755928e+02  1.179531e+02  6.825366e+01  7.569294e+01 
  456.000  1.299923e+03  4.399517e+02  4.871342e+02  1.206751e+02  6.970082e+01  7.752982e+01 
  457.000  1.305748e+03  4.408954e+02  4.898501e+02  1.212114e+02  6.988578e+01  7.796206e+01 
  458.000  1.281818e+03  4.313270e+02  4.816438e+02  1.189836e+02  6.842042e+01  7.665600e+01 
  459.000  1.280104e+03  4.299914e+02  4.813923e+02  1.188212e+02  6.823473e+01  7.661597e+01 
  460.000  1.267708e+03  4.247745e+02  4.772744e+02  1.176660e+02  6.744321e+01  7.596059e+01 
  461.000  1.312375e+03  4.386602e+02  4.944685e+02  1.218073e+02  6.968259e+01  7.869711e+01 
  462.000  1.289921e+03  4.299295e+02  4.864335e+02  1.197180e+02  6.833498e+01  7.741830e+01 
  463.000  1.288868e+03  4.287051e+02  4.863397e+02  1.196167e+02  6.816840e+01  7.740337e+01 
  464.000  1.291284e+03  4.283820e+02  4.876411e+02  1.198360e+02  6.815318e+01  7.761050e+01 
  465.000  1.270434e+03  4.206254e+02  4.800577e+02  1.178975e+02  6.694611e+01  7.640356e+01 
  466.000  1.309369e+03  4.318600e+02  4.953419e+02  1.215038e+02  6.878735e+01  7.883611e+01 
  467.000  1.261516e+03  4.149818e+02  4.776166e+02  1.170587e+02  6.613415e+01  7.601505e+01 
  468.000  1.334105e+03  4.378142e+02  5.054591e+02  1.237900e+02  6.980651e+01  8.044632e+01 
  469.000  1.321218e+03  4.326719e+02  5.008901e+02  1.225904e+02  6.901595e+01  7.971913e+01 
  470.000  1.302311e+03  4.252422e+02  4.941300e+02  1.208309e+02  6.787041e+01  7.864323e+01 
  471.000  1.299369e+03  4.231174e+02  4.932222e+02  1.205532e+02  6.756597e+01  7.849876e+01 
  472.000  1.314836e+03  4.270291e+02  4.992945e+02  1.219835e+02  6.822416e+01  7.946519e+01 
  473.000  1.300473e+03  4.212814e+02  4.940337e+02  1.206466e+02  6.733820e+01  7.862790e+01 
  474.000  1.310996e+03  4.236689e+02  4.982134e+02  1.216187e+02  6.775031e+01  7.929314e+01 
  475.000  1.364901e+03  4.398264e+02  5.189233e+02  1.266142e+02  7.037183e+01  8.258920e+01 
  476.000  1.324593e+03  4.255113e+02  5.038340e+02  1.228696e+02  6.812103e+01  8.018767e+01 
  477.000  1.313281e+03  4.208961e+02  4.997049e+02  1.218163e+02  6.741150e+01  7.953050e+01 
  478.000  1.375978e+03  4.401828e+02  5.237040e+02  1.276287e+02  7.052464e+01  8.335008e+01 
  479.000  1.310142e+03  4.181192e+02  4.988231e+02  1.215179e+02  6.701965e+01  7.939015e+01 
  480.000  1.332358e+03  4.239681e+02  5.075004e+02  1.235735e+02  6.799429e+01  8.077119e+01 
  481.000  1.321222e+03  4.191713e+02  5.038379e+02  1.225355e+02  6.726764e+01  8.018829e+01 
  482.000  1.346063e+03  4.258797e+02  5.139036e+02  1.248345e+02  6.838485e+01  8.179030e+01 
  483.000  1.345277e+03  4.243674e+02  5.142415e+02  1.247564e+02  6.818582e+01  8.184408e+01 
  484.000  1.291733e+03  4.064556e+02  4.942884e+02  1.197867e+02  6.534325e+01  7.866845e+01 
  485.000  1.299779e+03  4.079200e+02  4.979047e+02  1.205285e+02  6.561571e+01  7.924400e+01 
  486.000  1.052329e+03  3.297201e+02  4.033860e+02  9.758022e+01  5.305568e+01  6.420087e+01 
  487.000  1.181492e+03  3.690531e+02  4.534686e+02  1.095526e+02  5.942427e+01  7.217178e+01 
  488.000  1.281498e+03  3.991318e+02  4.924330e+02  1.188208e+02  6.430774e+01  7.837315e+01 
  489.000  1.190029e+03  3.695982e+02  4.578079e+02  1.103355e+02  5.958560e+01  7.286240e+01 
  490.000  1.353439e+03  4.191399e+02  5.212774e+02  1.254814e+02  6.761462e+01  8.296388e+01 
  491.000  1.265311e+03  3.911202e+02  4.876983e+02  1.173078e+02  6.311985e+01  7.761959e+01 
  492.000  1.215302e+03  3.745641e+02  4.689702e+02  1.126670e+02  6.048613e+01  7.463894e+01 
  493.000  1.308246e+03  4.020039e+02  5.054371e+02  1.212787e+02  6.495918e+01  8.044281e+01 
  494.000  1.263207e+03  3.870686e+02  4.885812e+02  1.170991e+02  6.258390e+01  7.776011e+01 
  495.000  1.349465e+03  4.125798e+02  5.224005e+02  1.250915e+02  6.674072e+01  8.314262e+01 
  496.000  1.314229e+03  4.007418e+02  5.092884e+02  1.218209e+02  6.486282e+01  8.105577e+01 
  497.000  1.274940e+03  3.876238e+02  4.946264e+02  1.181745e+02  6.277917e+01  7.872225e+01 
  498.000  1.244645e+03  3.775824e+02  4.832842e+02  1.153631e+02  6.118180e+01  7.691708e+01 
  499.000  1.241870e+03  3.755185e+02  4.828102e+02  1.151010e+02  6.088992e+01  7.684163e+01 
  500.000  1.236529e+03  3.728106e+02  4.812726e+02  1.146017e+02  6.048890e+01  7.659691e+01 
  501.000  1.208694e+03  3.636933e+02  4.707957e+02  1.120190e+02  5.903487e+01  7.492946e+01 
  502.000  1.201106e+03  3.601966e+02  4.684370e+02  1.113109e+02  5.850956e+01  7.455406e+01 
  503.000  1.272846e+03  3.806661e+02  4.969291e+02  1.179553e+02  6.187099e+01  7.908873e+01 
  504.000  1.184082e+03  3.535103e+02  4.625736e+02  1.097270e+02  5.747851e+01  7.362086e+01 
  505.000  1.277589e+03  3.801113e+02  4.997475e+02  1.183869e+02  6.184953e+01  7.953727e+01 
  506.000  1.367119e+03  4.053832e+02  5.354362e+02  1.266778e+02  6.600924e+01  8.521732e+01 
  507.000  1.271032e+03  3.760421e+02  4.982180e+02  1.177710e+02  6.126121e+01  7.929386e+01 
  508.000  1.218312e+03  3.592920e+02  4.781148e+02  1.128816e+02  5.857265e+01  7.609433e+01 
  509.000  1.312813e+03  3.862359e+02  5.156514e+02  1.216339e+02  6.299743e+01  8.206847e+01 
  510.000  1.271283e+03  3.729915e+02  4.998384e+02  1.177821e+02  6.087300e+01  7.955177e+01 
  511.000  1.271187e+03  3.717652e+02  5.003822e+02  1.177685e+02  6.071470e+01  7.963829e+01 
  512.000  1.333285e+03  3.891541e+02  5.252004e+02  1.235185e+02  6.358154e+01  8.358823e+01 
  513.000  1.220031e+03  3.547480e+02  4.812418e+02  1.130212e+02  5.800728e+01  7.659201e+01 
  514.000  1.193599e+03  3.464235e+02  4.711243e+02  1.105701e+02  5.666840e+01  7.498176e+01 
  515.000  1.218188e+03  3.523790e+02  4.814003e+02  1.128434e+02  5.768389e+01  7.661724e+01 
  516.000  1.279243e+03  3.691236e+02  5.059696e+02  1.184955e+02  6.045700e+01  8.052757e+01 
  517.000  9.426312e+02  2.709301e+02  3.733444e+02  8.731126e+01  4.441157e+01  5.941961e+01 
  518.000  1.166712e+03  3.347904e+02  4.623571e+02  1.080647e+02  5.489878e+01  7.358643e+01 
  519.000  1.105719e+03  3.160500e+02  4.387804e+02  1.024105e+02  5.186903e+01  6.983408e+01 
  520.000  1.217103e+03  3.472582e+02  4.832824e+02  1.127244e+02  5.701284e+01  7.691679e+01 
  521.000  1.218236e+03  3.462262e+02  4.843807e+02  1.128242e+02  5.689080e+01  7.709159e+01 
  522.000  1.266501e+03  3.592799e+02  5.038887e+02  1.172917e+02  5.905899e+01  8.019637e+01 
  523.000  1.180187e+03  3.338152e+02  4.700152e+02  1.092943e+02  5.490734e+01  7.480524e+01 
  524.000  1.280936e+03  3.611442e+02  5.106953e+02  1.186200e+02  5.944341e+01  8.127969e+01 
  525.000  1.270926e+03  3.575012e+02  5.070951e+02  1.176899e+02  5.887255e+01  8.070669e+01 
  526.000  1.211699e+03  3.396506e+02  4.840296e+02  1.122010e+02  5.597466e+01  7.703571e+01 
  527.000  1.059048e+03  2.958936e+02  4.235101e+02  9.806213e+01  4.879736e+01  6.740372e+01 
  528.000  1.272558e+03  3.545324e+02  5.093725e+02  1.178281e+02  5.850336e+01  8.106915e+01 
  529.000  1.309442e+03  3.636606e+02  5.246791e+02  1.212390e+02  6.004988e+01  8.350526e+01 
  530.000  1.237657e+03  3.430194e+02  4.962484e+02  1.145899e+02  5.666621e+01  7.898038e+01 
  531.000  1.348008e+03  3.723440e+02  5.410885e+02  1.248021e+02  6.155472e+01  8.611691e+01 
  532.000  1.286452e+03  3.543609e+02  5.168419e+02  1.190995e+02  5.861621e+01  8.225793e+01 
  533.000  1.129805e+03  3.103496e+02  4.543127e+02  1.045939e+02  5.136637e+01  7.230611e+01 
  534.000  1.228503e+03  3.362351e+02  4.945764e+02  1.137265e+02  5.569371e+01  7.871429e+01 
  535.000  1.252630e+03  3.422099e+02  5.045842e+02  1.159577e+02  5.670545e+01  8.030708e+01 
  536.000  1.328840e+03  3.618519e+02  5.358348e+02  1.230082e+02  6.000155e+01  8.528077e+01 
  537.000  1.232826e+03  3.344147e+02  4.977227e+02  1.141157e+02  5.549730e+01  7.921502e+01 
  538.000  1.290189e+03  3.490888e+02  5.212950e+02  1.194222e+02  5.796364e+01  8.296667e+01 
  539.000  1.285808e+03  3.468896e+02  5.199972e+02  1.190129e+02  5.763409e+01  8.276012e+01 
  540.000  1.258307e+03  3.384435e+02  5.093534e+02  1.164637e+02  5.626688e+01  8.106612e+01 
  541.000  1.153758e+03  3.094860e+02  4.674214e+02  1.067840e+02  5.148204e+01  7.439243e+01 
  542.000  1.287028e+03  3.442325e+02  5.218783e+02  1.191150e+02  5.729722e+01  8.305951e+01 
  543.000  1.231256e+03  3.282314e+02  4.997652e+02  1.139492e+02  5.467194e+01  7.954009e+01 
  544.000  1.298943e+03  3.451989e+02  5.277369e+02  1.202095e+02  5.753598e+01  8.399194e+01 
  545.000  1.279930e+03  3.391626e+02  5.204667e+02  1.184465e+02  5.656445e+01  8.283484e+01 
  546.000  1.251727e+03  3.308249e+02  5.093968e+02  1.158334e+02  5.520430e+01  8.107301e+01 
  547.000  1.305381e+03  3.438753e+02  5.317521e+02  1.207944e+02  5.742175e+01  8.463097e+01 
  548.000  1.212047e+03  3.178182e+02  4.944074e+02  1.121523e+02  5.312227e+01  7.868739e+01 
  549.000  1.275564e+03  3.339397e+02  5.205619e+02  1.180278e+02  5.583572e+01  8.285000e+01 
  550.000  1.248469e+03  3.256390e+02  5.100890e+02  1.155163e+02  5.449087e+01  8.118319e+01 
  551.000  1.241180e+03  3.233169e+02  5.075265e+02  1.148400e+02  5.412133e+01  8.077535e+01 
  552.000  1.295407e+03  3.368201e+02  5.303155e+02  1.198546e+02  5.640983e+01  8.440233e+01 
  553.000  1.245600e+03  3.230516e+02  5.107329e+02  1.152427e+02  5.414087e+01  8.128568e+01 
  554.000  1.287065e+03  3.332042e+02  5.283282e+02  1.190765e+02  5.586955e+01  8.408605e+01 
  555.000  1.291483e+03  3.337376e+02  5.307430e+02  1.194825e+02  5.598657e+01  8.447037e+01 
  556.000  1.256665e+03  3.242063e+02  5.169604e+02  1.162590e+02  5.441174e+01  8.227679e+01 
  557.000  1.220253e+03  3.142649e+02  5.025201e+02  1.128880e+02  5.276801e+01  7.997855e+01 
  558.000  1.267523e+03  3.258875e+02  5.225286e+02  1.172587e+02  5.474446e+01  8.316302e+01 
  559.000  1.199158e+03  3.076004e+02  4.950429e+02  1.109311e+02  5.170452e+01  7.878852e+01 
  560.000  1.205453e+03  3.086156e+02  4.982083e+02  1.115109e+02  5.190197e+01  7.929231e+01 
  561.000  1.325991e+03  3.388501e+02  5.484634e+02  1.226587e+02  5.701260e+01  8.729065e+01 
  562.000  1.218491e+03  3.108195e+02  5.043898e+02  1.127122e+02  5.231954e+01  8.027614e+01 
  563.000  1.275983e+03  3.248987e+02  5.285975e+02  1.180278e+02  5.471375e+01  8.412892e+01 
  564.000  1.259374e+03  3.200200e+02  5.221700e+02  1.164888e+02  5.391906e+01  8.310595e+01 
  565.000  1.275832e+03  3.236718e+02  5.293637e+02  1.180089e+02  5.455631e+01  8.425085e+01 
  566.000  1.177603e+03  2.981383e+02  4.890340e+02  1.089206e+02  5.027792e+01  7.783218e+01 
  567.000  1.265503e+03  3.198479e+02  5.259156e+02  1.170484e+02  5.396156e+01  8.370207e+01 
  568.000  1.267340e+03  3.198322e+02  5.270129e+02  1.172164e+02  5.397878e+01  8.387671e+01 
  569.000  1.251519e+03  3.149856e+02  5.210270e+02  1.157495e+02  5.319614e+01  8.292403e+01 
  570.000  1.258034e+03  3.158193e+02  5.242987e+02  1.163487e+02  5.337030e+01  8.344473e+01 
  571.000  1.208839e+03  3.029089e+02  5.041851e+02  1.117967e+02  5.121176e+01  8.024355e+01 
  572.000  1.284410e+03  3.214371e+02  5.359874e+02  1.187840e+02  5.436115e+01  8.530505e+01 
  573.000  1.297676e+03  3.240481e+02  5.420138e+02  1.200079e+02  5.483205e+01  8.626418e+01 
  574.000  1.291234e+03  3.218553e+02  5.397273e+02  1.194098e+02  5.448517e+01  8.590027e+01 
  575.000  1.261082e+03  3.136529e+02  5.275985e+02  1.166186e+02  5.312502e+01  8.396991e+01 
  576.000  1.238846e+03  3.074187e+02  5.187811e+02  1.145594e+02  5.209820e+01  8.256660e+01 
  577.000  1.288926e+03  3.193170e+02  5.401177e+02  1.191882e+02  5.413649e+01  8.596240e+01 
  578.000  1.249338e+03  3.087926e+02  5.240229e+02  1.155246e+02  5.238183e+01  8.340083e+01 
  579.000  1.238067e+03  3.053943e+02  5.197169e+02  1.144798e+02  5.183068e+01  8.271551e+01 
  580.000  1.278864e+03  3.150320e+02  5.371360e+02  1.182505e+02  5.348398e+01  8.548784e+01 
  581.000  1.253181e+03  3.080389e+02  5.266288e+02  1.158731e+02  5.232197e+01  8.381558e+01 
  582.000  1.270391e+03  3.116114e+02  5.341354e+02  1.174617e+02  5.295367e+01  8.501029e+01 
  583.000  1.278430e+03  3.130340e+02  5.377449e+02  1.182029e+02  5.321621e+01  8.558475e+01 
  584.000  1.274049e+03  3.110597e+02  5.362778e+02  1.177943e+02  5.291467e+01  8.535125e+01 
  585.000  1.265197e+03  3.084862e+02  5.327232e+02  1.169742e+02  5.249251e+01  8.478553e+01 
  586.000  1.210672e+03  2.945685e+02  5.100241e+02  1.119306e+02  5.014781e+01  8.117286e+01 
  587.000  1.260479e+03  3.063852e+02  5.311318e+02  1.165343e+02  5.217093e+01  8.453225e+01 
  588.000  1.259699e+03  3.054326e+02  5.311196e+02  1.164591e+02  5.203757e+01  8.453030e+01 
  589.000  1.133546e+03  2.743233e+02  4.781466e+02  1.047942e+02  4.675711e+01  7.609940e+01 
  590.000  1.185272e+03  2.861061e+02  5.002700e+02  1.095733e+02  4.879324e+01  7.962044e+01 
  591.000  1.247404e+03  3.004942e+02  5.267462e+02  1.153148e+02  5.127007e+01  8.383427e+01 
  592.000  1.230525e+03  2.958958e+02  5.198391e+02  1.137524e+02  5.050564e+01  8.273497e+01 
  593.000  1.229940e+03  2.950832e+02  5.198692e+02  1.136957e+02  5.039232e+01  8.273975e+01 
  594.000  1.244954e+03  2.980260e+02  5.264874e+02  1.150810e+02  5.091980e+01  8.379307e+01 
  595.000  1.231696e+03  2.940881e+02  5.211955e+02  1.138525e+02  5.027586e+01  8.295085e+01 
  596.000  1.249141e+03  2.976320e+02  5.288331e+02  1.154626e+02  5.090520e+01  8.416640e+01 
  597.000  1.257106e+03  2.992545e+02  5.323182e+02  1.161978e+02  5.119312e+01  8.472108e+01 
  598.000  1.226976e+03  2.914461e+02  5.198215e+02  1.134104e+02  4.988137e+01  8.273216e+01 
  599.000  1.226294e+03  2.906499e+02  5.197924e+02  1.133448e+02  4.976907e+01  8.272754e+01 
  600.000  1.222647e+03  2.892000e+02  5.184871e+02  1.130056e+02  4.954292e+01  8.251980e+01 
  601.000  1.213605e+03  2.864729e+02  5.147675e+02  1.121677e+02  4.909637e+01  8.192779e+01 
  602.000  1.200748e+03  2.825154e+02  5.094521e+02  1.109758e+02  4.844993e+01  8.108182e+01 
  603.000  1.207244e+03  2.835241e+02  5.122862e+02  1.115743e+02  4.864085e+01  8.153288e+01 
  604.000  1.244205e+03  2.917906e+02  5.280323e+02  1.149887e+02  5.007331e+01  8.403895e+01 
  605.000  1.240569e+03  2.902733e+02  5.265883e+02  1.146502e+02  4.983587e+01  8.380914e+01 
  606.000  1.226126e+03  2.861582e+02  5.205671e+02  1.133126e+02  4.915472e+01  8.285084e+01 
  607.000  1.219072e+03  2.839492e+02  5.176564e+02  1.126587e+02  4.879469e+01  8.238757e+01 
  608.000  1.214675e+03  2.821562e+02  5.159031e+02  1.122495e+02  4.851307e+01  8.210853e+01 
  609.000  1.201911e+03  2.788831e+02  5.105277e+02  1.110688e+02  4.796095e+01  8.125301e+01 
  610.000  1.182610e+03  2.737894e+02  5.024204e+02  1.092829e+02  4.710617e+01  7.996269e+01 
  611.000  1.201527e+03  2.776529e+02  5.104236e+02  1.110292e+02  4.778732e+01  8.123643e+01 
  612.000  1.185938e+03  2.732007e+02  5.037137e+02  1.095855e+02  4.704767e+01  8.016853e+01 
  613.000  1.168475e+03  2.685928e+02  4.962366e+02  1.079698e+02  4.627249e+01  7.897851e+01 
  614.000  1.126076e+03  2.584039e+02  4.781847e+02  1.040504e+02  4.453105e+01  7.610545e+01 
  615.000  1.179850e+03  2.702094e+02  5.009645e+02  1.090173e+02  4.658226e+01  7.973098e+01 
  616.000  1.121910e+03  2.561819e+02  4.762850e+02  1.036609e+02  4.418777e+01  7.580311e+01 
  617.000  1.128220e+03  2.570563e+02  4.789053e+02  1.042419e+02  4.435635e+01  7.622015e+01 
  618.000  1.181405e+03  2.687232e+02  5.014343e+02  1.091543e+02  4.638366e+01  7.980575e+01 
  619.000  1.170802e+03  2.656920e+02  4.968698e+02  1.081724e+02  4.587987e+01  7.907928e+01 
  620.000  1.188447e+03  2.689801e+02  5.042987e+02  1.098002e+02  4.647028e+01  8.026163e+01 
  621.000  1.209269e+03  2.730267e+02  5.132317e+02  1.117215e+02  4.719233e+01  8.168337e+01 
  622.000  1.145574e+03  2.583619e+02  4.862403e+02  1.058359e+02  4.466732e+01  7.738754e+01 
  623.000  1.155277e+03  2.596815e+02  4.904852e+02  1.067291e+02  4.492535e+01  7.806314e+01 
  624.000  1.156834e+03  2.596259e+02  4.912057e+02  1.068716e+02  4.492970e+01  7.817782e+01 
  625.000  1.125870e+03  2.522240e+02  4.781236e+02  1.040093e+02  4.366434e+01  7.609573e+01 
  626.000  1.132815e+03  2.529921e+02  4.811875e+02  1.046482e+02  4.382442e+01  7.658337e+01 
  627.000  1.157308e+03  2.577575e+02  4.916937e+02  1.069083e+02  4.467417e+01  7.825549e+01 
  628.000  1.175077e+03  2.611504e+02  4.993242e+02  1.085476e+02  4.528164e+01  7.946991e+01 
  629.000  1.184426e+03  2.628488e+02  5.033518e+02  1.094099e+02  4.558919e+01  8.011092e+01 
  630.000  1.141953e+03  2.529597e+02  4.853688e+02  1.054849e+02  4.388995e+01  7.724885e+01 
  631.000  1.178564e+03  2.602430e+02  5.008742e+02  1.088639e+02  4.517994e+01  7.971661e+01 
  632.000  1.098413e+03  2.420384e+02  4.667573e+02  1.014586e+02  4.203537e+01  7.428673e+01 
  633.000  1.172474e+03  2.578662e+02  4.981764e+02  1.082978e+02  4.479964e+01  7.928723e+01 
  634.000  1.134758e+03  2.487034e+02  4.820590e+02  1.048111e+02  4.323495e+01  7.672207e+01 
  635.000  1.154228e+03  2.527819e+02  4.903098e+02  1.066087e+02  4.394987e+01  7.803522e+01 
  636.000  1.112103e+03  2.428499e+02  4.723400e+02  1.027154e+02  4.224519e+01  7.517525e+01 
  637.000  1.147891e+03  2.498762e+02  4.874560e+02  1.060181e+02  4.349216e+01  7.758103e+01 
  638.000  1.162827e+03  2.527352e+02  4.937570e+02  1.073963e+02  4.400209e+01  7.858387e+01 
  639.000  1.152620e+03  2.499434e+02  4.893617e+02  1.064517e+02  4.353400e+01  7.788433e+01 
  640.000  1.114634e+03  2.414234e+02  4.732039e+02  1.029424e+02  4.205888e+01  7.531274e+01 
  641.000  1.130510e+03  2.440308e+02  4.798548e+02  1.044058e+02  4.253915e+01  7.637125e+01 
  642.000  1.115934e+03  2.403558e+02  4.736112e+02  1.030579e+02  4.191509e+01  7.537757e+01 
  643.000  1.136740e+03  2.443598e+02  4.823902e+02  1.049777e+02  4.262831e+01  7.677478e+01 
  644.000  1.123562e+03  2.409551e+02  4.767364e+02  1.037588e+02  4.205226e+01  7.587495e+01 
  645.000  1.135511e+03  2.427967e+02  4.817290e+02  1.048598e+02  4.239625e+01  7.666956e+01 
  646.000  1.100651e+03  2.349054e+02  4.668931e+02  1.016392e+02  4.103201e+01  7.430834e+01 
  647.000  1.121864e+03  2.388192e+02  4.758253e+02  1.035960e+02  4.173484e+01  7.572993e+01 
  648.000  1.126540e+03  2.394294e+02  4.777672e+02  1.040265e+02  4.185356e+01  7.603901e+01 
  649.000  1.143165e+03  2.420751e+02  4.847220e+02  1.055587e+02  4.234381e+01  7.714591e+01 
  650.000  1.048868e+03  2.213805e+02  4.447351e+02  9.684896e+01  3.874754e+01  7.078180e+01 
  651.000  1.129726e+03  2.381723e+02  4.790585e+02  1.043141e+02  4.169597e+01  7.624453e+01 
  652.000  1.118075e+03  2.351828e+02  4.741934e+02  1.032366e+02  4.119089e+01  7.547022e+01 
  653.000  1.128903e+03  2.370543e+02  4.788425e+02  1.042349e+02  4.153258e+01  7.621016e+01 
  654.000  1.115878e+03  2.334072e+02  4.734460e+02  1.030293e+02  4.092484e+01  7.535128e+01 
  655.000  1.090429e+03  2.278166e+02  4.626857e+02  1.006786e+02  3.995376e+01  7.363872e+01 
  656.000  9.246815e+02  1.927350e+02  3.924200e+02  8.537375e+01  3.381678e+01  6.245558e+01 
  657.000  9.850308e+02  2.048457e+02  4.180967e+02  9.094409e+01  3.595773e+01  6.654215e+01 
  658.000  1.093635e+03  2.267222e+02  4.642925e+02  1.009687e+02  3.982209e+01  7.389445e+01 
  659.000  1.094344e+03  2.261292e+02  4.646962e+02  1.010317e+02  3.974325e+01  7.395869e+01 
  660.000  1.101844e+03  2.274050e+02  4.679189e+02  1.017232e+02  3.997685e+01  7.447160e+01 
  661.000  1.104199e+03  2.270923e+02  4.690300e+02  1.019380e+02  3.994921e+01  7.464845e+01 
  662.000  1.118574e+03  2.298549e+02  4.751629e+02  1.032644e+02  4.044184e+01  7.562452e+01 
  663.000  1.106825e+03  2.266124e+02  4.702864e+02  1.021771e+02  3.989964e+01  7.484840e+01 
  664.000  1.088651e+03  2.225954e+02  4.626051e+02  1.004983e+02  3.920250e+01  7.362589e+01 
  665.000  1.093160e+03  2.229686e+02  4.645966e+02  1.009128e+02  3.928699e+01  7.394283e+01 
  666.000  1.105840e+03  2.250835e+02  4.700500e+02  1.020817e+02  3.967575e+01  7.481078e+01 
  667.000  1.083825e+03  2.198363e+02  4.607976e+02  1.000470e+02  3.877699e+01  7.333821e+01 
  668.000  1.089410e+03  2.206036e+02  4.632222e+02  1.005613e+02  3.892484e+01  7.372411e+01 
  669.000  1.105062e+03  2.230849e+02  4.699714e+02  1.020039e+02  3.938617e+01  7.479827e+01 
  670.000  1.091587e+03  2.200521e+02  4.642829e+02  1.007589e+02  3.886140e+01  7.389291e+01 
  671.000  1.080251e+03  2.168964e+02  4.593821e+02  9.970981e+01  3.833151e+01  7.311294e+01 
  672.000  1.076451e+03  2.159037e+02  4.577404e+02  9.935838e+01  3.816327e+01  7.285165e+01 
  673.000  1.084400e+03  2.167042e+02  4.610307e+02  1.000895e+02  3.832955e+01  7.337532e+01 
  674.000  1.086313e+03  2.167676e+02  4.618082e+02  1.002651e+02  3.835074e+01  7.349905e+01 
  675.000  1.069954e+03  2.127199e+02  4.547651e+02  9.875266e+01  3.765907e+01  7.237812e+01 
  676.000  1.089965e+03  2.164074e+02  4.632373e+02  1.005986e+02  3.832098e+01  7.372649e+01 
  677.000  1.068244e+03  2.117096e+02  4.539622e+02  9.859268e+01  3.750114e+01  7.225034e+01 
  678.000  1.086176e+03  2.145331e+02  4.614998e+02  1.002454e+02  3.802408e+01  7.344997e+01 
  679.000  1.070827e+03  2.111544e+02  4.549389e+02  9.882771e+01  3.743609e+01  7.240577e+01 
  680.000  1.063373e+03  2.088814e+02  4.516504e+02  9.813728e+01  3.705780e+01  7.188240e+01 
  681.000  1.065039e+03  2.088582e+02  4.522335e+02  9.828991e+01  3.706366e+01  7.197520e+01 
  682.000  1.063216e+03  2.077466e+02  4.511916e+02  9.811931e+01  3.688783e+01  7.180936e+01 
  683.000  1.070644e+03  2.088049e+02  4.542045e+02  9.880365e+01  3.708693e+01  7.228888e+01 
  684.000  1.052502e+03  2.045517e+02  4.462542e+02  9.712723e+01  3.635182e+01  7.102356e+01 
  685.000  1.063674e+03  2.064973e+02  4.509106e+02  9.815743e+01  3.670399e+01  7.176466e+01 
  686.000  1.021104e+03  1.976125e+02  4.326445e+02  9.422718e+01  3.514240e+01  6.885751e+01 
  687.000  1.069850e+03  2.064364e+02  4.530816e+02  9.872353e+01  3.672892e+01  7.211018e+01 
  688.000  1.055429e+03  2.032555e+02  4.468331e+02  9.739160e+01  3.617429e+01  7.111569e+01 
  689.000  1.062871e+03  2.041076e+02  4.497774e+02  9.807652e+01  3.634246e+01  7.158429e+01 
  690.000  1.060429e+03  2.032461e+02  4.486047e+02  9.784998e+01  3.620022e+01  7.139765e+01 
  691.000  1.053986e+03  2.014925e+02  4.458797e+02  9.725387e+01  3.590471e+01  7.096395e+01 
  692.000  1.039666e+03  1.981368e+02  4.399043e+02  9.593053e+01  3.532770e+01  7.001294e+01 
  693.000  1.041972e+03  1.982157e+02  4.409283e+02  9.614220e+01  3.535400e+01  7.017592e+01 
  694.000  1.051246e+03  1.991480e+02  4.449772e+02  9.699537e+01  3.554862e+01  7.082031e+01 
  695.000  1.030433e+03  1.949611e+02  4.362840e+02  9.507410e+01  3.481050e+01  6.943674e+01 
  696.000  1.041238e+03  1.967700e+02  4.409850e+02  9.607021e+01  3.514257e+01  7.018494e+01 
  697.000  1.039385e+03  1.960594e+02  4.403936e+02  9.589806e+01  3.502956e+01  7.009083e+01 
  698.000  1.020811e+03  1.923555e+02  4.326310e+02  9.418362e+01  3.437551e+01  6.885536e+01 
  699.000  1.043089e+03  1.964705e+02  4.421166e+02  9.623874e+01  3.511410e+01  7.036505e+01 
  700.000  1.030709e+03  1.936507e+02  4.371308e+02  9.509488e+01  3.462893e+01  6.957153e+01 
  701.000  1.008421e+03  1.892582e+02  4.277874e+02  9.303775e+01  3.385135e+01  6.808449e+01 
  702.000  1.003121e+03  1.880458e+02  4.256556e+02  9.254804e+01  3.364287e+01  6.774521e+01 
  703.000  1.014806e+03  1.898303e+02  4.308309e+02  9.362473e+01  3.397776e+01  6.856887e+01 
  704.000  1.017760e+03  1.901744e+02  4.321964e+02  9.389655e+01  3.404738e+01  6.878619e+01 
  705.000  1.026933e+03  1.915640e+02  4.362645e+02  9.474165e+01  3.430863e+01  6.943364e+01 
  706.000  1.016043e+03  1.892442e+02  4.317922e+02  9.373603e+01  3.390425e+01  6.872188e+01 
  707.000  1.000489e+03  1.861277e+02  4.252990e+02  9.230030e+01  3.335435e+01  6.768843e+01 
  708.000  1.029311e+03  1.911989e+02  4.377058e+02  9.495827e+01  3.427429e+01  6.966306e+01 
  709.000  9.920131e+02  1.839986e+02  4.219899e+02  9.151645e+01  3.299403e+01  6.716177e+01 
  710.000  1.016034e+03  1.882861e+02  4.322972e+02  9.373184e+01  3.376929e+01  6.880225e+01 
  711.000  1.005109e+03  1.858176e+02  4.277095e+02  9.272251e+01  3.334165e+01  6.807209e+01 
  712.000  9.903990e+02  1.829072e+02  4.214642e+02  9.136486e+01  3.282580e+01  6.707812e+01 
  713.000  9.870267e+02  1.820071e+02  4.200500e+02  9.105286e+01  3.267350e+01  6.685303e+01 
  714.000  1.003980e+03  1.850589e+02  4.272705e+02  9.261656e+01  3.322382e+01  6.800220e+01 
  715.000  9.700714e+02  1.784072e+02  4.128696e+02  8.948714e+01  3.204300e+01  6.571024e+01 
  716.000  9.964994e+02  1.829573e+02  4.241408e+02  9.192406e+01  3.287054e+01  6.750410e+01 
  717.000  9.732822e+02  1.785517e+02  4.142694e+02  8.978185e+01  3.208379e+01  6.593302e+01 
  718.000  9.694521e+02  1.774341e+02  4.126700e+02  8.942717e+01  3.189676e+01  6.567847e+01 
  719.000  9.586913e+02  1.752767e+02  4.081033e+02  8.843392e+01  3.151519e+01  6.495167e+01 
  720.000  9.662559e+02  1.765051e+02  4.113350e+02  8.913120e+01  3.174120e+01  6.546600e+01 
  721.000  9.625252e+02  1.753109e+02  4.099569e+02  8.878535e+01  3.154536e+01  6.524667e+01 
  722.000  9.752692e+02  1.773916e+02  4.155121e+02  8.996007e+01  3.192895e+01  6.613081e+01 
  723.000  9.737072e+02  1.769283e+02  4.149415e+02  8.981538e+01  3.185242e+01  6.603999e+01 
  724.000  9.810601e+02  1.781543e+02  4.181332e+02  9.049326e+01  3.207734e+01  6.654797e+01 
  725.000  9.703689e+02  1.757911e+02  4.137996e+02  8.950566e+01  3.166793e+01  6.585825e+01 
  726.000  9.689054e+02  1.751978e+02  4.133490e+02  8.936959e+01  3.157358e+01  6.578653e+01 
  727.000  9.829709e+02  1.777120e+02  4.193649e+02  9.066686e+01  3.202779e+01  6.674400e+01 
  728.000  9.666018e+02  1.743833e+02  4.125764e+02  8.915578e+01  3.144197e+01  6.566358e+01 
  729.000  9.278890e+02  1.670657e+02  3.962286e+02  8.558395e+01  3.013529e+01  6.306174e+01 
  730.000  9.623984e+02  1.730560e+02  4.111355e+02  8.876617e+01  3.122492e+01  6.543425e+01 
  731.000  9.467153e+02  1.700714e+02  4.046844e+02  8.731907e+01  3.069443e+01  6.440752e+01 
  732.000  9.636088e+02  1.729561e+02  4.121324e+02  8.887669e+01  3.122239e+01  6.559292e+01 
  733.000  9.481048e+02  1.698319e+02  4.060169e+02  8.744551e+01  3.067504e+01  6.461961e+01 
  734.000  9.672615e+02  1.729555e+02  4.146852e+02  8.921131e+01  3.125424e+01  6.599920e+01 
  735.000  9.598980e+02  1.714579e+02  4.118011e+02  8.853154e+01  3.099243e+01  6.554018e+01 
  736.000  9.426590e+02  1.682332e+02  4.046248e+02  8.694108e+01  3.041662e+01  6.439803e+01 
  737.000  9.550113e+02  1.700659e+02  4.104868e+02  8.807903e+01  3.076607e+01  6.533101e+01 
  738.000  9.520379e+02  1.693205e+02  4.095338e+02  8.780405e+01  3.064172e+01  6.517933e+01 
  739.000  9.211549e+02  1.636110e+02  3.965755e+02  8.495504e+01  2.961903e+01  6.311694e+01 
  740.000  9.293788e+02  1.649428e+02  4.003098e+02  8.571306e+01  2.986640e+01  6.371129e+01 
  741.000  9.217819e+02  1.634137e+02  3.973095e+02  8.501180e+01  2.959831e+01  6.323378e+01 
  742.000  9.069401e+02  1.602433e+02  3.917226e+02  8.364116e+01  2.905022e+01  6.234459e+01 
  743.000  9.334214e+02  1.647268e+02  4.034535e+02  8.608270e+01  2.987251e+01  6.421162e+01 
  744.000  9.422058e+02  1.660791e+02  4.075473e+02  8.689214e+01  3.012734e+01  6.486317e+01 
  745.000  9.177025e+02  1.615686e+02  3.972355e+02  8.463174e+01  2.931840e+01  6.322200e+01 
  746.000  9.306260e+02  1.635360e+02  4.032910e+02  8.582250e+01  2.969032e+01  6.418576e+01 
  747.000  9.453069e+02  1.658444e+02  4.100597e+02  8.717546e+01  3.012255e+01  6.526302e+01 
  748.000  9.277685e+02  1.626443e+02  4.026360e+02  8.555766e+01  2.954728e+01  6.408150e+01 
  749.000  9.279731e+02  1.625274e+02  4.029534e+02  8.557601e+01  2.953343e+01  6.413203e+01 
  750.000  9.146030e+02  1.599658e+02  3.974767e+02  8.434229e+01  2.907859e+01  6.326038e+01 
  751.000  9.123231e+02  1.594019e+02  3.966805e+02  8.413148e+01  2.898351e+01  6.313366e+01 
  752.000  9.264908e+02  1.613927e+02  4.033218e+02  8.543641e+01  2.936629e+01  6.419066e+01 
  753.000  9.177372e+02  1.597262e+02  3.996517e+02  8.462872e+01  2.906914e+01  6.360654e+01 
  754.000  9.321893e+02  1.620261e+02  4.061588e+02  8.596070e+01  2.949695e+01  6.464217e+01 
  755.000  9.269614e+02  1.608937e+02  4.041027e+02  8.547789e+01  2.930040e+01  6.431495e+01 
  756.000  9.088815e+02  1.575892e+02  3.963857e+02  8.381015e+01  2.870575e+01  6.308675e+01 
  757.000  9.156268e+02  1.585900e+02  3.994947e+02  8.443159e+01  2.889528e+01  6.358155e+01 
  758.000  9.155944e+02  1.581267e+02  3.999336e+02  8.442712e+01  2.883047e+01  6.365141e+01 
  759.000  9.013645e+02  1.554342e+02  3.939502e+02  8.311421e+01  2.834962e+01  6.269912e+01 
  760.000  9.096241e+02  1.566722e+02  3.977153e+02  8.387523e+01  2.858308e+01  6.329837e+01 
  761.000  9.102885e+02  1.565601e+02  3.980375e+02  8.393578e+01  2.857028e+01  6.334964e+01 
  762.000  8.856619e+02  1.521194e+02  3.872812e+02  8.166437e+01  2.776668e+01  6.163771e+01 
  763.000  9.129952e+02  1.565803e+02  3.992472e+02  8.418399e+01  2.858865e+01  6.354217e+01 
  764.000  9.147075e+02  1.564755e+02  4.000194e+02  8.434064e+01  2.858262e+01  6.366508e+01 
  765.000  9.148571e+02  1.563293e+02  4.000950e+02  8.435392e+01  2.856158e+01  6.367709e+01 
  766.000  8.628953e+02  1.472440e+02  3.773825e+02  7.956218e+01  2.690847e+01  6.006228e+01 
  767.000  8.696602e+02  1.481526e+02  3.803554e+02  8.018515e+01  2.708259e+01  6.053545e+01 
  768.000  8.994276e+02  1.530522e+02  3.933846e+02  8.292928e+01  2.798390e+01  6.260910e+01 
  769.000  8.929944e+02  1.516154e+02  3.905908e+02  8.233509e+01  2.773244e+01  6.216445e+01 
  770.000  8.857462e+02  1.503182e+02  3.874243e+02  8.166660e+01  2.749736e+01  6.166049e+01 
  771.000  8.852134e+02  1.500448e+02  3.872347e+02  8.161691e+01  2.745370e+01  6.163031e+01 
  772.000  8.819194e+02  1.488998e+02  3.863716e+02  8.131133e+01  2.726912e+01  6.149295e+01 
  773.000  8.783041e+02  1.481002e+02  3.849740e+02  8.097740e+01  2.713072e+01  6.127052e+01 
  774.000  8.874392e+02  1.494878e+02  3.891283e+02  8.181915e+01  2.739141e+01  6.193170e+01 
  775.000  8.539972e+02  1.437403e+02  3.745768e+02  7.873553e+01  2.634313e+01  5.961575e+01 
  776.000  8.892367e+02  1.494424e+02  3.902587e+02  8.198376e+01  2.739788e+01  6.211160e+01 
  777.000  8.833260e+02  1.481473e+02  3.879612e+02  8.143788e+01  2.717324e+01  6.174594e+01 
  778.000  8.788123e+02  1.471984e+02  3.861673e+02  8.102113e+01  2.700732e+01  6.146043e+01 
  779.000  8.819448e+02  1.474932e+02  3.877693e+02  8.130920e+01  2.707116e+01  6.171540e+01 
  780.000  8.712711e+02  1.455184e+02  3.832624e+02  8.032456e+01  2.671674e+01  6.099811e+01 
  781.000  8.700074e+02  1.449458e+02  3.829131e+02  8.020695e+01  2.662539e+01  6.094251e+01 
  782.000  8.808406e+02  1.464438e+02  3.878363e+02  8.120473e+01  2.691203e+01  6.172607e+01 
  783.000  8.604673e+02  1.428911e+02  3.789496e+02  7.932602e+01  2.626534e+01  6.031170e+01 
  784.000  8.656186e+02  1.435622e+02  3.813113e+02  7.980035e+01  2.639559e+01  6.068758e+01 
  785.000  8.686874e+02  1.438842e+02  3.827577e+02  8.008270e+01  2.646178e+01  6.091778e+01 
  786.000  8.547195e+02  1.413960e+02  3.766914e+02  7.879449e+01  2.601070e+01  5.995230e+01 
  787.000  8.694322e+02  1.435114e+02  3.833362e+02  8.014985e+01  2.641175e+01  6.100986e+01 
  788.000  8.573773e+02  1.414440e+02  3.780603e+02  7.903831e+01  2.603415e+01  6.017017e+01 
  789.000  8.658085e+02  1.424933e+02  3.819503e+02  7.981451e+01  2.624002e+01  6.078927e+01 
  790.000  8.574304e+02  1.409753e+02  3.783244e+02  7.904176e+01  2.596568e+01  6.021219e+01 
  791.000  8.527513e+02  1.399205e+02  3.764036e+02  7.860956e+01  2.578204e+01  5.990649e+01 
  792.000  8.389827e+02  1.374501e+02  3.704323e+02  7.733968e+01  2.533472e+01  5.895613e+01 
  793.000  8.371858e+02  1.369955e+02  3.697195e+02  7.717357e+01  2.525689e+01  5.884269e+01 
  794.000  8.265472e+02  1.347776e+02  3.652610e+02  7.619144e+01  2.486574e+01  5.813309e+01 
  795.000  8.237581e+02  1.341391e+02  3.641207e+02  7.593380e+01  2.475477e+01  5.795161e+01 
  796.000  8.419873e+02  1.368872e+02  3.722890e+02  7.761352e+01  2.527010e+01  5.925163e+01 
  797.000  8.463522e+02  1.373985e+02  3.743184e+02  7.801526e+01  2.537186e+01  5.957463e+01 
  798.000  8.445130e+02  1.368833e+02  3.736135e+02  7.784509e+01  2.528479e+01  5.946243e+01 
  799.000  8.445327e+02  1.367857e+02  3.736727e+02  7.784660e+01  2.527050e+01  5.947185e+01 
