  400.000  9.373175e+02  2.706680e+02  1.207985e+02   3.845137024e+01 
  400.000  9.427128e+02  2.689639e+02  1.244806e+02   3.914545059e+01 
  400.000  1.438407e+03  1.345969e-12  3.419637e+02   9.201509094e+01 
  401.000  9.372017e+02  2.679784e+02  1.205180e+02   3.836207199e+01 
  401.000  9.425505e+02  2.662772e+02  1.241571e+02   3.904835892e+01 
  401.000  1.432868e+03  1.354054e-12  3.393460e+02   9.131133270e+01 
  402.000  9.738296e+02  2.751269e+02  1.248957e+02   3.975551987e+01 
  402.000  9.793297e+02  2.733628e+02  1.286237e+02   4.045897675e+01 
  402.000  1.481764e+03  3.151268e-12  3.495371e+02   9.403215790e+01 
  403.000  9.206918e+02  2.571668e+02  1.177859e+02   3.749240494e+01 
  403.000  9.258406e+02  2.555026e+02  1.212635e+02   3.814895248e+01 
  403.000  1.394836e+03 -1.130847e-12  3.276664e+02   8.814248657e+01 
  404.000  9.892540e+02  2.728637e+02  1.262118e+02   4.017445374e+01 
  404.000  9.947275e+02  2.710803e+02  1.298936e+02   4.086997604e+01 
  404.000  1.492698e+03 -1.058443e-12  3.483923e+02   9.377397156e+01 
  405.000  9.612646e+02  2.619449e+02  1.223210e+02   3.893597031e+01 
  405.000  9.665286e+02  2.602165e+02  1.258480e+02   3.960263824e+01 
  405.000  1.444768e+03  9.579667e-13  3.351892e+02   9.026547241e+01 
  406.000  9.080381e+02  2.446330e+02  1.152671e+02   3.669065857e+01 
  406.000  9.129611e+02  2.430045e+02  1.185544e+02   3.731233597e+01 
  406.000  1.358777e+03  2.593670e-12  3.140577e+02   8.455935669e+01 
  407.000  9.221281e+02  2.454011e+02  1.167529e+02   3.716360855e+01 
  407.000  9.270740e+02  2.437521e+02  1.200434e+02   3.778624725e+01 
  407.000  1.373508e+03  8.415853e-13  3.161247e+02   8.510556793e+01 
  408.000  9.558132e+02  2.514782e+02  1.207291e+02   3.842927933e+01 
  408.000  9.608909e+02  2.497741e+02  1.240946e+02   3.906646729e+01 
  408.000  1.419274e+03  2.150017e-12  3.244110e+02   8.741915894e+01 
  409.000  1.031678e+03  2.682426e+02  1.299921e+02   4.137777328e+01 
  409.000  1.037104e+03  2.664091e+02  1.335747e+02   4.205645752e+01 
  409.000  1.526381e+03 -1.730309e-12  3.467962e+02   9.350680542e+01 
  410.000  8.300001e+02  2.133381e+02  1.043338e+02   3.321048355e+01 
  410.000  8.343215e+02  2.118676e+02  1.071775e+02   3.374947739e+01 
  410.000  1.223158e+03  2.215819e-13  2.766107e+02   7.459506989e+01 
  411.000  1.014529e+03  2.574153e+02  1.271945e+02   4.048725891e+01 
  411.000  1.019752e+03  2.556247e+02  1.306180e+02   4.113655853e+01 
  411.000  1.488556e+03 -1.074232e-12  3.348501e+02   9.032044983e+01 
  412.000  1.042030e+03  2.615813e+02  1.303611e+02   4.149522400e+01 
  412.000  1.047344e+03  2.597479e+02  1.338336e+02   4.215413284e+01 
  412.000  1.522866e+03 -4.496937e-12  3.413967e+02   9.207266235e+01 
  413.000  9.861574e+02  2.447062e+02  1.230864e+02   3.917960739e+01 
  413.000  9.911375e+02  2.429775e+02  1.263287e+02   3.979517746e+01 
  413.000  1.436888e+03 -4.977190e-12  3.199005e+02   8.636048889e+01 
  414.000  1.039584e+03  2.549992e+02  1.294583e+02   4.120787430e+01 
  414.000  1.044781e+03  2.531836e+02  1.328304e+02   4.184843063e+01 
  414.000  1.509067e+03 -9.368965e-13  3.343286e+02   9.028115082e+01 
  415.000  1.019166e+03  2.471119e+02  1.266277e+02   4.030686569e+01 
  415.000  1.024208e+03  2.453387e+02  1.298890e+02   4.092670441e+01 
  415.000  1.473199e+03  1.594635e-12  3.252047e+02   8.780290985e+01 
  416.000  1.068996e+03  2.562491e+02  1.325245e+02   4.218386078e+01 
  416.000  1.074232e+03  2.543963e+02  1.358997e+02   4.282570267e+01 
  416.000  1.538889e+03 -1.539122e-12  3.384820e+02   9.137503052e+01 
  417.000  1.001216e+03  2.373777e+02  1.238593e+02   3.942565536e+01 
  417.000  1.006073e+03  2.356492e+02  1.269802e+02   4.001944733e+01 
  417.000  1.436606e+03  1.458344e-12  3.143642e+02   8.490416718e+01 
  418.000  1.005269e+03  2.355636e+02  1.240833e+02   3.949693680e+01 
  418.000  1.010097e+03  2.338353e+02  1.271744e+02   4.008539200e+01 
  418.000  1.437584e+03  3.195622e-12  3.127736e+02   8.452622223e+01 
  419.000  1.029262e+03  2.382982e+02  1.267560e+02   4.034768295e+01 
  419.000  1.034152e+03  2.365365e+02  1.298768e+02   4.094212341e+01 
  419.000  1.466514e+03  2.335451e-12  3.173893e+02   8.580888367e+01 
  420.000  9.212367e+02  2.110198e+02  1.132257e+02   3.604084396e+01 
  420.000  9.255736e+02  2.094493e+02  1.159843e+02   3.656658554e+01 
  420.000  1.308603e+03 -2.108145e-12  2.817653e+02   7.621821594e+01 
  421.000  1.081741e+03  2.450002e+02  1.326741e+02   4.223149109e+01 
  421.000  1.086783e+03  2.431641e+02  1.358711e+02   4.284108353e+01 
  421.000  1.531372e+03 -7.230615e-13  3.281335e+02   8.879402161e+01 
  422.000  1.077601e+03  2.413498e+02  1.318951e+02   4.198350525e+01 
  422.000  1.082575e+03  2.395288e+02  1.350387e+02   4.258324051e+01 
  422.000  1.520577e+03 -2.396552e-13  3.241787e+02   8.776475525e+01 
  423.000  9.646264e+02  2.136658e+02  1.178292e+02   3.750620651e+01 
  423.000  9.690352e+02  2.120430e+02  1.206072e+02   3.803646088e+01 
  423.000  1.356555e+03 -9.972159e-13  2.879211e+02   7.797053528e+01 
  424.000  9.435442e+02  2.066640e+02  1.150208e+02   3.661226273e+01 
  424.000  9.478148e+02  2.050839e+02  1.177029e+02   3.712449265e+01 
  424.000  1.322966e+03 -1.801617e-12  2.792152e+02   7.566502380e+01 
  425.000  9.533228e+02  2.064783e+02  1.159801e+02   3.691761398e+01 
  425.000  9.575945e+02  2.048893e+02  1.186549e+02   3.742871094e+01 
  425.000  1.331861e+03  3.909263e-13  2.800027e+02   7.588426971e+01 
  426.000  1.033864e+03  2.216774e+02  1.255542e+02   3.996513367e+01 
  426.000  1.038454e+03  2.199615e+02  1.284210e+02   4.051318359e+01 
  426.000  1.439107e+03 -1.031813e-12  3.018445e+02   8.177602386e+01 
  427.000  9.644922e+02  2.044691e+02  1.168961e+02   3.720919418e+01 
  427.000  9.687321e+02  2.028761e+02  1.195357e+02   3.771406937e+01 
  427.000  1.338686e+03 -2.311948e-13  2.791561e+02   7.568734741e+01 
  428.000  9.668048e+02  2.026837e+02  1.169489e+02   3.722597885e+01 
  428.000  9.710139e+02  2.010949e+02  1.195608e+02   3.772583389e+01 
  428.000  1.338373e+03 -2.969556e-12  2.773785e+02   7.527490997e+01 
  429.000  8.691743e+02  1.803351e+02  1.049509e+02   3.340692139e+01 
  429.000  8.729225e+02  1.789133e+02  1.072709e+02   3.385111618e+01 
  429.000  1.198821e+03  1.589636e-12  2.478469e+02   6.724035645e+01 
  430.000  7.433858e+02  1.526382e+02  8.960241e+01   2.852133179e+01 
  430.000  7.465617e+02  1.514279e+02  9.156280e+01   2.889686012e+01 
  430.000  1.022187e+03 -3.096508e-12  2.104857e+02   5.711890793e+01 
  431.000  6.225557e+02  1.263847e+02  7.489405e+01   2.383951569e+01 
  431.000  6.251896e+02  1.253765e+02  7.651441e+01   2.415008354e+01 
  431.000  8.540588e+02 -2.845693e-13  1.746459e+02   4.745103073e+01 
  432.000  1.111504e+03  2.232061e+02  1.334710e+02   4.248514938e+01 
  432.000  1.116160e+03  2.214151e+02  1.363277e+02   4.303295135e+01 
  432.000  1.519271e+03 -1.818755e-13  3.097960e+02   8.415467072e+01 
  433.000  1.059302e+03  2.103590e+02  1.269661e+02   4.041458130e+01 
  433.000  1.063696e+03  2.086612e+02  1.296537e+02   4.093021393e+01 
  433.000  1.443570e+03 -6.095373e-13  2.929555e+02   7.961824799e+01 
  434.000  9.944153e+02  1.953844e+02  1.189800e+02   3.787250519e+01 
  434.000  9.985013e+02  1.937988e+02  1.214721e+02   3.835089493e+01 
  434.000  1.351923e+03 -2.095072e-12  2.727861e+02   7.420304108e+01 
  435.000  1.093540e+03  2.126402e+02  1.306181e+02   4.157702255e+01 
  435.000  1.097994e+03  2.109054e+02  1.333260e+02   4.209710312e+01 
  435.000  1.483550e+03 -5.680975e-13  2.975255e+02   8.101823425e+01 
  436.000  1.207386e+03  2.322117e+02  1.439598e+02   4.582381439e+01 
  436.000  1.212253e+03  2.303067e+02  1.469119e+02   4.639106369e+01 
  436.000  1.632328e+03  2.933275e-12  3.263373e+02   8.885861969e+01 
  437.000  1.194013e+03  2.273031e+02  1.421316e+02   4.524189758e+01 
  437.000  1.198781e+03  2.254287e+02  1.450167e+02   4.579651260e+01 
  437.000  1.608740e+03  2.277099e-12  3.208688e+02   8.734724426e+01 
  438.000  1.088068e+03  2.050469e+02  1.293115e+02   4.116113663e+01 
  438.000  1.092373e+03  2.033475e+02  1.319100e+02   4.166090012e+01 
  438.000  1.461773e+03  4.671086e-13  2.905176e+02   7.910102081e+01 
  439.000  9.799844e+02  1.825708e+02  1.162555e+02   3.700528336e+01 
  439.000  9.838254e+02  1.810495e+02  1.185652e+02   3.744976807e+01 
  439.000  1.314823e+03 -1.423380e-13  2.589568e+02   7.065180206e+01 
  440.000  1.058889e+03  1.953249e+02  1.254214e+02   3.992286301e+01 
  440.000  1.063002e+03  1.936897e+02  1.278886e+02   4.039787292e+01 
  440.000  1.416351e+03  1.438059e-12  2.781973e+02   7.589629364e+01 
  441.000  1.128808e+03  2.060631e+02  1.334871e+02   4.249025345e+01 
  441.000  1.133159e+03  2.043320e+02  1.360843e+02   4.299060822e+01 
  441.000  1.504814e+03 -4.221729e-12  2.949939e+02   8.044493866e+01 
  442.000  1.193691e+03  2.155854e+02  1.409276e+02   4.485864639e+01 
  442.000  1.198257e+03  2.137680e+02  1.436389e+02   4.538132477e+01 
  442.000  1.587049e+03 -2.812944e-13  3.098747e+02   8.452752686e+01 
  443.000  1.167083e+03  2.084572e+02  1.375540e+02   4.378480911e+01 
  443.000  1.171549e+03  2.067032e+02  1.401646e+02   4.428873444e+01 
  443.000  1.549559e+03 -2.022379e-12  3.006838e+02   8.209647369e+01 
  444.000  1.182313e+03  2.089706e+02  1.391284e+02   4.428594589e+01 
  444.000  1.186764e+03  2.071941e+02  1.417466e+02   4.479131699e+01 
  444.000  1.565630e+03  5.290889e-12  3.021506e+02   8.257916260e+01 
  445.000  1.175174e+03  2.054079e+02  1.380582e+02   4.394529724e+01 
  445.000  1.179569e+03  2.036562e+02  1.406258e+02   4.444128418e+01 
  445.000  1.553597e+03  7.656855e-13  2.978347e+02   8.149861145e+01 
  446.000  1.093456e+03  1.891983e+02  1.282654e+02   4.082815170e+01 
  446.000  1.097512e+03  1.875787e+02  1.306260e+02   4.128441238e+01 
  446.000  1.441189e+03 -2.023372e-12  2.756783e+02   7.541616821e+01 
  447.000  1.229834e+03  2.109207e+02  1.440754e+02   4.586063385e+01 
  447.000  1.234343e+03  2.091037e+02  1.467059e+02   4.636912537e+01 
  447.000  1.616728e+03 -8.899645e-13  3.082999e+02   8.436563110e+01 
  448.000  1.294272e+03  2.195646e+02  1.513837e+02   4.818693161e+01 
  448.000  1.298963e+03  2.176610e+02  1.541194e+02   4.871595383e+01 
  448.000  1.699100e+03 -1.216842e-12  3.213289e+02   8.810461426e+01 
  449.000  1.254504e+03  2.107726e+02  1.465277e+02   4.664120483e+01 
  449.000  1.259001e+03  2.089357e+02  1.491509e+02   4.714860916e+01 
  449.000  1.640631e+03 -2.752882e-12  3.101539e+02   8.497615814e+01 
  450.000  1.301056e+03  2.165247e+02  1.517580e+02   4.830607986e+01 
  450.000  1.305670e+03  2.146282e+02  1.544500e+02   4.882691956e+01 
  450.000  1.696495e+03 -4.176828e-12  3.199377e+02   8.765666199e+01 
  451.000  1.385498e+03  2.283815e+02  1.613880e+02   5.137139130e+01 
  451.000  1.390364e+03  2.263716e+02  1.642241e+02   5.192031097e+01 
  451.000  1.802480e+03  9.448037e-13  3.385413e+02   9.280812073e+01 
  452.000  1.301939e+03  2.124774e+02  1.514417e+02   4.820538712e+01 
  452.000  1.306467e+03  2.105989e+02  1.540769e+02   4.871562958e+01 
  452.000  1.689881e+03  5.343791e-12  3.160431e+02   8.669322205e+01 
  453.000  1.165190e+03  1.881926e+02  1.353383e+02   4.307951355e+01 
  453.000  1.169204e+03  1.865216e+02  1.376688e+02   4.353096771e+01 
  453.000  1.508828e+03 -1.672803e-12  2.809698e+02   7.711681366e+01 
  454.000  1.241727e+03  1.984898e+02  1.440217e+02   4.584353638e+01 
  454.000  1.245964e+03  1.967197e+02  1.464761e+02   4.631920242e+01 
  454.000  1.603632e+03  4.643479e-12  2.976328e+02   8.170950317e+01 
  455.000  1.294328e+03  2.048692e+02  1.499197e+02   4.772091293e+01 
  455.000  1.298703e+03  2.030346e+02  1.524496e+02   4.821143341e+01 
  455.000  1.668318e+03  2.389316e-13  3.081733e+02   8.467123413e+01 
  456.000  1.307914e+03  2.050295e+02  1.512943e+02   4.815847397e+01 
  456.000  1.312296e+03  2.031862e+02  1.538229e+02   4.864893723e+01 
  456.000  1.682221e+03 -1.366928e-12  3.095273e+02   8.508792877e+01 
  457.000  1.358118e+03  2.107605e+02  1.568879e+02   4.993895721e+01 
  457.000  1.362627e+03  2.088580e+02  1.594834e+02   5.044264984e+01 
  457.000  1.743250e+03 -6.327181e-13  3.192967e+02   8.783701324e+01 
  458.000  1.290634e+03  1.982641e+02  1.488898e+02   4.739310455e+01 
  458.000  1.294881e+03  1.964673e+02  1.513281e+02   4.786650467e+01 
  458.000  1.654397e+03  2.853654e-14  3.010966e+02   8.294480896e+01 
  459.000  1.322113e+03  2.011605e+02  1.523273e+02   4.848730087e+01 
  459.000  1.326425e+03  1.993306e+02  1.547979e+02   4.896717834e+01 
  459.000  1.690813e+03  2.629895e-12  3.067508e+02   8.452628326e+01 
  460.000  1.308689e+03  1.972195e+02  1.505909e+02   4.793455887e+01 
  460.000  1.312922e+03  1.954188e+02  1.530098e+02   4.840462494e+01 
  460.000  1.670983e+03 -4.265525e-12  3.016259e+02   8.319478607e+01 
  461.000  1.319436e+03  1.969761e+02  1.516412e+02   4.826887894e+01 
  461.000  1.323666e+03  1.951712e+02  1.540539e+02   4.873794556e+01 
  461.000  1.681271e+03  6.099986e-12  3.023749e+02   8.344251251e+01 
  462.000  1.297269e+03  1.916013e+02  1.488871e+02   4.739222336e+01 
  462.000  1.301387e+03  1.898385e+02  1.512305e+02   4.784801483e+01 
  462.000  1.648592e+03 -1.364778e-12  2.955685e+02   8.158049774e+01 
  463.000  1.311790e+03  1.919616e+02  1.503751e+02   4.786589432e+01 
  463.000  1.315921e+03  1.901895e+02  1.527200e+02   4.832216644e+01 
  463.000  1.665330e+03 -1.854746e-12  2.967582e+02   8.202333069e+01 
  464.000  1.307144e+03  1.894090e+02  1.496553e+02   4.763676071e+01 
  464.000  1.311222e+03  1.876541e+02  1.519658e+02   4.808653641e+01 
  464.000  1.655245e+03  7.336060e-13  2.941946e+02   8.132283783e+01 
  465.000  1.267063e+03  1.819981e+02  1.449061e+02   4.612505722e+01 
  465.000  1.270984e+03  1.803064e+02  1.471235e+02   4.655686951e+01 
  465.000  1.600692e+03 -2.273019e-12  2.839442e+02   7.848626709e+01 
  466.000  1.324240e+03  1.882168e+02  1.512457e+02   4.814298630e+01 
  466.000  1.328299e+03  1.864611e+02  1.535352e+02   4.858906555e+01 
  466.000  1.668792e+03 -1.898015e-12  2.950758e+02   8.158483124e+01 
  467.000  1.266510e+03  1.782664e+02  1.444776e+02   4.598866653e+01 
  467.000  1.270359e+03  1.765978e+02  1.466433e+02   4.641080093e+01 
  467.000  1.594069e+03 -2.092743e-13  2.802397e+02   7.758161163e+01 
  468.000  1.323768e+03  1.846599e+02  1.508427e+02   4.801473618e+01 
  468.000  1.327759e+03  1.829262e+02  1.530831e+02   4.845162201e+01 
  468.000  1.662888e+03  3.051704e-12  2.914483e+02   8.071309662e+01 
  469.000  1.330631e+03  1.837289e+02  1.514360e+02   4.820358658e+01 
  469.000  1.334621e+03  1.820014e+02  1.536595e+02   4.863752747e+01 
  469.000  1.668151e+03 -1.658503e-12  2.913906e+02   8.072183228e+01 
  470.000  1.294346e+03  1.769771e+02  1.471324e+02   4.683368301e+01 
  470.000  1.298214e+03  1.753121e+02  1.492681e+02   4.725086975e+01 
  470.000  1.620280e+03 -3.048878e-12  2.818495e+02   7.812757111e+01 
  471.000  1.295756e+03  1.754479e+02  1.471204e+02   4.682987976e+01 
  471.000  1.299579e+03  1.737877e+02  1.492377e+02   4.724350357e+01 
  471.000  1.618897e+03  1.727025e-12  2.804680e+02   7.779989624e+01 
  472.000  1.340903e+03  1.797344e+02  1.520638e+02   4.840340042e+01 
  472.000  1.344851e+03  1.780329e+02  1.542264e+02   4.882631302e+01 
  472.000  1.673996e+03 -1.072357e-12  2.883929e+02   8.008309174e+01 
  473.000  1.303631e+03  1.727413e+02  1.476373e+02   4.699440002e+01 
  473.000  1.307479e+03  1.711086e+02  1.497064e+02   4.739968109e+01 
  473.000  1.627101e+03 -1.778374e-12  2.783283e+02   7.739433289e+01 
  474.000  1.300035e+03  1.702662e+02  1.470301e+02   4.680112839e+01 
  474.000  1.303891e+03  1.686605e+02  1.490594e+02   4.719934464e+01 
  474.000  1.623965e+03 -1.842495e-12  2.751952e+02   7.668486786e+01 
  475.000  1.355191e+03  1.752362e+02  1.530428e+02   4.871502686e+01 
  475.000  1.359251e+03  1.735913e+02  1.551171e+02   4.912304306e+01 
  475.000  1.693541e+03  1.266073e-12  2.846962e+02   7.944406128e+01 
  476.000  1.350431e+03  1.724735e+02  1.522904e+02   4.847554398e+01 
  476.000  1.354500e+03  1.708592e+02  1.543201e+02   4.887561417e+01 
  476.000  1.687403e+03 -5.127122e-12  2.816916e+02   7.869649506e+01 
  477.000  1.337450e+03  1.690802e+02  1.506530e+02   4.795433807e+01 
  477.000  1.341480e+03  1.674981e+02  1.526354e+02   4.834558868e+01 
  477.000  1.670278e+03  3.604780e-12  2.772480e+02   7.753828430e+01 
  478.000  1.392927e+03  1.745266e+02  1.567454e+02   4.989360809e+01 
  478.000  1.397085e+03  1.728873e+02  1.587900e+02   5.029723358e+01 
  478.000  1.736782e+03  2.097084e-12  2.871462e+02   8.037164307e+01 
  479.000  1.315150e+03  1.635894e+02  1.478739e+02   4.706972885e+01 
  479.000  1.319002e+03  1.620408e+02  1.497945e+02   4.744857788e+01 
  479.000  1.635755e+03  2.799355e-14  2.698085e+02   7.556537628e+01 
  480.000  1.365148e+03  1.687022e+02  1.533850e+02   4.882395554e+01 
  480.000  1.369047e+03  1.670890e+02  1.553732e+02   4.921562576e+01 
  480.000  1.692523e+03  8.330324e-12  2.788846e+02   7.813441467e+01 
  481.000  1.343025e+03  1.648930e+02  1.507918e+02   4.799851227e+01 
  481.000  1.346760e+03  1.632999e+02  1.527431e+02   4.838234329e+01 
  481.000  1.658656e+03 -2.785469e-12  2.734957e+02   7.660551453e+01 
  482.000  1.388857e+03  1.692893e+02  1.558147e+02   4.959734344e+01 
  482.000  1.392630e+03  1.676394e+02  1.578240e+02   4.999215698e+01 
  482.000  1.709241e+03  6.933079e-13  2.818489e+02   7.893196869e+01 
  483.000  1.364256e+03  1.649704e+02  1.529226e+02   4.867678070e+01 
  483.000  1.367895e+03  1.633521e+02  1.548835e+02   4.906186676e+01 
  483.000  1.674091e+03  3.213239e-13  2.757885e+02   7.723522949e+01 
  484.000  1.323774e+03  1.588017e+02  1.482575e+02   4.719184113e+01 
  484.000  1.327262e+03  1.572372e+02  1.501454e+02   4.756256104e+01 
  484.000  1.621463e+03 -6.299169e-13  2.663733e+02   7.463937378e+01 
  485.000  1.297476e+03  1.541609e+02  1.451637e+02   4.620704269e+01 
  485.000  1.300881e+03  1.526413e+02  1.469915e+02   4.656624985e+01 
  485.000  1.587345e+03 -6.295161e-12  2.596023e+02   7.280809784e+01 
  486.000  1.145780e+03  1.350679e+02  1.280848e+02   4.077066422e+01 
  486.000  1.148756e+03  1.337317e+02  1.296860e+02   4.108535767e+01 
  486.000  1.399508e+03 -4.956641e-12  2.282831e+02   6.405234528e+01 
  487.000  1.170492e+03  1.366996e+02  1.307191e+02   4.160919189e+01 
  487.000  1.173492e+03  1.353409e+02  1.323397e+02   4.192771530e+01 
  487.000  1.426624e+03 -3.853667e-12  2.321162e+02   6.514981079e+01 
  488.000  1.283250e+03  1.485827e+02  1.431833e+02   4.557665253e+01 
  488.000  1.286515e+03  1.471023e+02  1.449427e+02   4.592259979e+01 
  488.000  1.562460e+03 -5.149724e-14  2.531179e+02   7.111336517e+01 
  489.000  1.224605e+03  1.404687e+02  1.365074e+02   4.345165253e+01 
  489.000  1.227692e+03  1.390649e+02  1.381691e+02   4.377851486e+01 
  489.000  1.489338e+03  2.545758e-12  2.401423e+02   6.753986359e+01 
  490.000  1.395762e+03  1.586400e+02  1.554402e+02   4.947816467e+01 
  490.000  1.399250e+03  1.570505e+02  1.573147e+02   4.984700775e+01 
  490.000  1.693803e+03 -2.651711e-12  2.726699e+02   7.668620300e+01 
  491.000  1.298436e+03  1.463493e+02  1.444785e+02   4.598892975e+01 
  491.000  1.301655e+03  1.448797e+02  1.462057e+02   4.632892990e+01 
  491.000  1.572855e+03  1.932501e-12  2.527269e+02   7.108565521e+01 
  492.000  1.218243e+03  1.360586e+02  1.354301e+02   4.310874557e+01 
  492.000  1.221235e+03  1.346882e+02  1.370346e+02   4.342467499e+01 
  492.000  1.473597e+03 -2.161285e-12  2.359210e+02   6.640617371e+01 
  493.000  1.342815e+03  1.485754e+02  1.491391e+02   4.747243881e+01 
  493.000  1.346085e+03  1.470749e+02  1.508893e+02   4.781719208e+01 
  493.000  1.622212e+03 -1.353106e-12  2.586584e+02   7.286882019e+01 
  494.000  1.291915e+03  1.416545e+02  1.433569e+02   4.563193130e+01 
  494.000  1.295034e+03  1.402203e+02  1.450238e+02   4.596039581e+01 
  494.000  1.559110e+03  1.450109e-13  2.474983e+02   6.979524231e+01 
  495.000  1.427861e+03  1.551764e+02  1.583038e+02   5.038965225e+01 
  495.000  1.431281e+03  1.536015e+02  1.601278e+02   5.074922180e+01 
  495.000  1.721073e+03 -1.769550e-13  2.721909e+02   7.681821442e+01 
  496.000  1.353477e+03  1.458798e+02  1.499357e+02   4.772600937e+01 
  496.000  1.356695e+03  1.443960e+02  1.516487e+02   4.806382751e+01 
  496.000  1.630032e+03  2.152892e-13  2.567144e+02   7.252123260e+01 
  497.000  1.347056e+03  1.438887e+02  1.490945e+02   4.745824051e+01 
  497.000  1.350233e+03  1.424217e+02  1.507822e+02   4.779119492e+01 
  497.000  1.620432e+03 -1.436485e-13  2.542207e+02   7.187524414e+01 
  498.000  1.278309e+03  1.354463e+02  1.413756e+02   4.500123978e+01 
  498.000  1.281301e+03  1.340620e+02  1.429630e+02   4.531450653e+01 
  498.000  1.536007e+03  1.789774e-12  2.401877e+02   6.795377350e+01 
  499.000  1.321983e+03  1.386566e+02  1.460639e+02   4.649359131e+01 
  499.000  1.325050e+03  1.372360e+02  1.476868e+02   4.681399918e+01 
  499.000  1.586618e+03  2.344413e-12  2.469664e+02   6.994221497e+01 
  500.000  1.301097e+03  1.352668e+02  1.436364e+02   4.572087860e+01 
  500.000  1.304097e+03  1.338787e+02  1.452171e+02   4.603313828e+01 
  500.000  1.560360e+03  2.600005e-12  2.417890e+02   6.854792786e+01 
  501.000  1.286390e+03  1.325924e+02  1.418982e+02   4.516761398e+01 
  501.000  1.289341e+03  1.312298e+02  1.434451e+02   4.547336960e+01 
  501.000  1.542181e+03  2.325027e-12  2.376965e+02   6.747967529e+01 
  502.000  1.242416e+03  1.266607e+02  1.369076e+02   4.357905197e+01 
  502.000  1.245310e+03  1.253682e+02  1.383723e+02   4.386929703e+01 
  502.000  1.490557e+03 -4.218386e-14  2.279456e+02   6.483167267e+01 
  503.000  1.318987e+03  1.328571e+02  1.451844e+02   4.621364594e+01 
  503.000  1.322141e+03  1.315165e+02  1.467012e+02   4.651533127e+01 
  503.000  1.584603e+03 -1.291410e-12  2.401692e+02   6.844670105e+01 
  504.000  1.296059e+03  1.286427e+02  1.424702e+02   4.534966660e+01 
  504.000  1.299360e+03  1.273811e+02  1.438984e+02   4.563599014e+01 
  504.000  1.561814e+03  6.626765e-12  2.340437e+02   6.685096741e+01 
  505.000  1.323412e+03  1.309946e+02  1.454407e+02   4.629519653e+01 
  505.000  1.326534e+03  1.296674e+02  1.469320e+02   4.659213257e+01 
  505.000  1.588489e+03 -2.598120e-12  2.382551e+02   6.808390808e+01 
  506.000  1.402792e+03  1.375807e+02  1.540372e+02   4.903157806e+01 
  506.000  1.406081e+03  1.361843e+02  1.556008e+02   4.934308624e+01 
  506.000  1.681256e+03  2.357353e-12  2.515905e+02   7.191266632e+01 
  507.000  1.329023e+03  1.289683e+02  1.457991e+02   4.640929413e+01 
  507.000  1.332193e+03  1.276706e+02  1.472491e+02   4.669902420e+01 
  507.000  1.591956e+03  9.538557e-13  2.372726e+02   6.785886383e+01 
  508.000  1.258584e+03  1.214553e+02  1.380039e+02   4.392800140e+01 
  508.000  1.261459e+03  1.202124e+02  1.393860e+02   4.420328140e+01 
  508.000  1.503175e+03 -1.363651e-12  2.241009e+02   6.409412384e+01 
  509.000  1.362466e+03  1.304399e+02  1.492906e+02   4.752067947e+01 
  509.000  1.365515e+03  1.290959e+02  1.507797e+02   4.781698990e+01 
  509.000  1.624072e+03  3.034197e-12  2.416083e+02   6.913806915e+01 
  510.000  1.345285e+03  1.279880e+02  1.473273e+02   4.689574051e+01 
  510.000  1.348225e+03  1.266584e+02  1.487953e+02   4.718749619e+01 
  510.000  1.600513e+03 -1.778695e-12  2.378522e+02   6.808003998e+01 
  511.000  1.343714e+03  1.268694e+02  1.470583e+02   4.681011963e+01 
  511.000  1.346587e+03  1.255418e+02  1.485189e+02   4.710011673e+01 
  511.000  1.595393e+03 -5.584996e-13  2.367765e+02   6.778821564e+01 
  512.000  1.381976e+03  1.295159e+02  1.511492e+02   4.811228561e+01 
  512.000  1.384893e+03  1.281552e+02  1.526416e+02   4.840855789e+01 
  512.000  1.638564e+03 -9.887820e-13  2.426697e+02   6.950502014e+01 
  513.000  1.291787e+03  1.200649e+02  1.411852e+02   4.494063568e+01 
  513.000  1.294474e+03  1.187981e+02  1.425702e+02   4.521552658e+01 
  513.000  1.529138e+03 -2.992118e-12  2.260006e+02   6.475449371e+01 
  514.000  1.279401e+03  1.179577e+02  1.397358e+02   4.447930527e+01 
  514.000  1.282039e+03  1.167102e+02  1.410959e+02   4.474928665e+01 
  514.000  1.512377e+03  2.139115e-12  2.230612e+02   6.393381119e+01 
  515.000  1.264679e+03  1.156235e+02  1.380302e+02   4.393638229e+01 
  515.000  1.267263e+03  1.143979e+02  1.393625e+02   4.420092010e+01 
  515.000  1.492991e+03 -2.051083e-12  2.196682e+02   6.298954773e+01 
  516.000  1.356247e+03  1.229474e+02  1.479194e+02   4.708422089e+01 
  516.000  1.358996e+03  1.216416e+02  1.493348e+02   4.736534500e+01 
  516.000  1.599637e+03 -3.275383e-13  2.345467e+02   6.730948639e+01 
  517.000  1.104694e+03  9.919788e+01  1.203891e+02   3.832105637e+01 
  517.000  1.106913e+03  9.814205e+01  1.215299e+02   3.854772568e+01 
  517.000  1.301566e+03  2.284103e-12  1.901338e+02   5.461000061e+01 
  518.000  1.217853e+03  1.085487e+02  1.326402e+02   4.222069168e+01 
  518.000  1.220285e+03  1.073914e+02  1.338874e+02   4.246859741e+01 
  518.000  1.434161e+03  7.818513e-13  2.087238e+02   6.000617218e+01 
  519.000  1.158810e+03  1.023506e+02  1.261160e+02   4.014398193e+01 
  519.000  1.161104e+03  1.012573e+02  1.272908e+02   4.037757874e+01 
  519.000  1.363642e+03  4.375578e-12  1.976192e+02   5.687355042e+01 
  520.000  1.286887e+03  1.127923e+02  1.399680e+02   4.455318451e+01 
  520.000  1.289418e+03  1.115853e+02  1.412614e+02   4.481047058e+01 
  520.000  1.513284e+03 -2.117156e-12  2.185858e+02   6.295700455e+01 
  521.000  1.308500e+03  1.136170e+02  1.422117e+02   4.526737595e+01 
  521.000  1.311052e+03  1.123989e+02  1.435131e+02   4.552636337e+01 
  521.000  1.537452e+03  4.440698e-12  2.211718e+02   6.376451874e+01 
  522.000  1.342689e+03  1.157262e+02  1.458415e+02   4.642280197e+01 
  522.000  1.345292e+03  1.144836e+02  1.471659e+02   4.668643951e+01 
  522.000  1.576838e+03  2.505374e-12  2.260346e+02   6.522434998e+01 
  523.000  1.269553e+03  1.084740e+02  1.378027e+02   4.386394882e+01 
  523.000  1.271997e+03  1.073073e+02  1.390426e+02   4.411088181e+01 
  523.000  1.490183e+03  3.725559e-13  2.126952e+02   6.144206619e+01 
  524.000  1.369864e+03  1.160418e+02  1.485906e+02   4.729785538e+01 
  524.000  1.372505e+03  1.147949e+02  1.499122e+02   4.756134033e+01 
  524.000  1.607736e+03  2.971061e-12  2.284051e+02   6.605599213e+01 
  525.000  1.359900e+03  1.142186e+02  1.474118e+02   4.692264557e+01 
  525.000  1.362520e+03  1.129917e+02  1.487087e+02   4.718145752e+01 
  525.000  1.596442e+03 -6.883584e-12  2.255196e+02   6.531986237e+01 
  526.000  1.286485e+03  1.071924e+02  1.393677e+02   4.436212158e+01 
  526.000  1.288923e+03  1.060351e+02  1.405876e+02   4.460546112e+01 
  526.000  1.509527e+03 -1.909246e-12  2.122739e+02   6.156346130e+01 
  527.000  1.179560e+03  9.725729e+01  1.276817e+02   4.064235687e+01 
  527.000  1.181797e+03  9.620792e+01  1.287841e+02   4.086252594e+01 
  527.000  1.384096e+03  2.018420e-12  1.934652e+02   5.619413376e+01 
  528.000  1.350551e+03  1.105043e+02  1.461055e+02   4.650683975e+01 
  528.000  1.353098e+03  1.093103e+02  1.473566e+02   4.675682831e+01 
  528.000  1.584796e+03  1.290052e-12  2.204561e+02   6.411711884e+01 
  529.000  1.357121e+03  1.100261e+02  1.467147e+02   4.670072937e+01 
  529.000  1.359670e+03  1.088362e+02  1.479576e+02   4.694928741e+01 
  529.000  1.592378e+03  1.048759e-12  2.203497e+02   6.417393494e+01 
  530.000  1.343750e+03  1.080979e+02  1.451848e+02   4.621376801e+01 
  530.000  1.346252e+03  1.069259e+02  1.464061e+02   4.645800781e+01 
  530.000  1.576422e+03  1.935015e-12  2.171503e+02   6.332116699e+01 
  531.000  1.422359e+03  1.134748e+02  1.535834e+02   4.888712692e+01 
  531.000  1.424992e+03  1.122429e+02  1.548636e+02   4.914328766e+01 
  531.000  1.667910e+03 -2.532132e-13  2.288570e+02   6.680030823e+01 
  532.000  1.348350e+03  1.067060e+02  1.455056e+02   4.631587601e+01 
  532.000  1.350827e+03  1.055454e+02  1.467085e+02   4.655664825e+01 
  532.000  1.580205e+03  1.129660e-12  2.160608e+02   6.312106323e+01 
  533.000  1.175607e+03  9.228751e+01  1.267895e+02   4.035835266e+01 
  533.000  1.177749e+03  9.128190e+01  1.278292e+02   4.056650543e+01 
  533.000  1.376675e+03  2.471559e-12  1.876645e+02   5.486517715e+01 
  534.000  1.257475e+03  9.793890e+01  1.355414e+02   4.314416504e+01 
  534.000  1.259748e+03  9.686980e+01  1.366441e+02   4.336498260e+01 
  534.000  1.471295e+03  2.639948e-12  2.000106e+02   5.851298523e+01 
  535.000  1.316606e+03  1.018169e+02  1.418423e+02   4.514979553e+01 
  535.000  1.318964e+03  1.007032e+02  1.429885e+02   4.537935638e+01 
  535.000  1.539145e+03  1.898559e-14  2.087473e+02   6.110301208e+01 
  536.000  1.392217e+03  1.067142e+02  1.498931e+02   4.771245956e+01 
  536.000  1.394682e+03  1.055440e+02  1.510944e+02   4.795306015e+01 
  536.000  1.625782e+03 -5.508487e-13  2.198586e+02   6.440070343e+01 
  537.000  1.323910e+03  1.007010e+02  1.424611e+02   4.534678268e+01 
  537.000  1.326232e+03  9.959438e+01  1.435947e+02   4.557382965e+01 
  537.000  1.544605e+03  2.497512e-12  2.083467e+02   6.106706619e+01 
  538.000  1.375856e+03  1.038232e+02  1.479679e+02   4.709965897e+01 
  538.000  1.378247e+03  1.026801e+02  1.491362e+02   4.733369064e+01 
  538.000  1.603975e+03 -1.198420e-13  2.157052e+02   6.327226257e+01 
  539.000  1.350563e+03  1.009582e+02  1.451521e+02   4.620334625e+01 
  539.000  1.352914e+03  9.984816e+01  1.462830e+02   4.643018341e+01 
  539.000  1.573888e+03  1.714509e-12  2.107971e+02   6.189265442e+01 
  540.000  1.256605e+03  9.331767e+01  1.349923e+02   4.296939087e+01 
  540.000  1.258783e+03  9.229098e+01  1.360362e+02   4.317886353e+01 
  540.000  1.463357e+03  4.623460e-12  1.955919e+02   5.745479965e+01 
  541.000  1.241684e+03  9.109293e+01  1.332777e+02   4.242360687e+01 
  541.000  1.243962e+03  9.010841e+01  1.342720e+02   4.262446594e+01 
  541.000  1.448621e+03 -6.216517e-12  1.921323e+02   5.652904129e+01 
  542.000  1.325165e+03  9.659863e+01  1.421764e+02   4.525614929e+01 
  542.000  1.327540e+03  9.554764e+01  1.432367e+02   4.547003555e+01 
  542.000  1.544496e+03 -7.115634e-12  2.043494e+02   6.017028427e+01 
  543.000  1.338415e+03  9.690135e+01  1.435316e+02   4.568753433e+01 
  543.000  1.340708e+03  9.583354e+01  1.446086e+02   4.590407944e+01 
  543.000  1.556837e+03  2.653167e-12  2.057393e+02   6.060974884e+01 
  544.000  1.361933e+03  9.778378e+01  1.459716e+02   4.646421814e+01 
  544.000  1.364287e+03  9.670983e+01  1.470512e+02   4.668168640e+01 
  544.000  1.584076e+03 -2.870003e-13  2.085599e+02   6.149290085e+01 
  545.000  1.364515e+03  9.728979e+01  1.461805e+02   4.653069305e+01 
  545.000  1.366834e+03  9.621629e+01  1.472579e+02   4.674758148e+01 
  545.000  1.585930e+03  3.105419e-12  2.082410e+02   6.144545746e+01 
  546.000  1.295699e+03  9.152227e+01  1.387221e+02   4.415662384e+01 
  546.000  1.297941e+03  9.051843e+01  1.397253e+02   4.435913467e+01 
  546.000  1.506031e+03 -2.753929e-12  1.969562e+02   5.816459274e+01 
  547.000  1.345118e+03  9.430398e+01  1.439422e+02   4.581822968e+01 
  547.000  1.347391e+03  9.326302e+01  1.449812e+02   4.602770233e+01 
  547.000  1.561384e+03 -9.504528e-13  2.038339e+02   6.022562027e+01 
  548.000  1.296974e+03  9.031345e+01  1.387288e+02   4.415873337e+01 
  548.000  1.299092e+03  8.930778e+01  1.397323e+02   4.436060333e+01 
  548.000  1.502887e+03 -1.786069e-12  1.959892e+02   5.793033218e+01 
  549.000  1.321631e+03  9.148160e+01  1.413112e+02   4.498076630e+01 
  549.000  1.323777e+03  9.046191e+01  1.423271e+02   4.518515015e+01 
  549.000  1.530649e+03 -1.250700e-12  1.992103e+02   5.891118240e+01 
  550.000  1.329602e+03  9.122617e+01  1.420828e+02   4.522636414e+01 
  550.000  1.331732e+03  9.020586e+01  1.430970e+02   4.543038177e+01 
  550.000  1.538458e+03  3.373298e-12  1.996873e+02   5.909114456e+01 
  551.000  1.322598e+03  9.026849e+01  1.412866e+02   4.497292709e+01 
  551.000  1.324677e+03  8.925452e+01  1.422939e+02   4.517536545e+01 
  551.000  1.528767e+03 -2.186065e-13  1.982088e+02   5.867344666e+01 
  552.000  1.362722e+03  9.218847e+01  1.454910e+02   4.631122589e+01 
  552.000  1.364847e+03  9.115137e+01  1.465188e+02   4.651784897e+01 
  552.000  1.574330e+03  2.288210e-13  2.033928e+02   6.026353073e+01 
  553.000  1.302856e+03  8.746413e+01  1.390320e+02   4.425527573e+01 
  553.000  1.304868e+03  8.647810e+01  1.400074e+02   4.445135498e+01 
  553.000  1.504401e+03 -1.152402e-13  1.937652e+02   5.745779419e+01 
  554.000  1.341771e+03  8.935633e+01  1.431128e+02   4.555421448e+01 
  554.000  1.343828e+03  8.834754e+01  1.441084e+02   4.575444412e+01 
  554.000  1.548427e+03  5.633030e-12  1.988637e+02   5.901252747e+01 
  555.000  1.351642e+03  8.928432e+01  1.440927e+02   4.586611938e+01 
  555.000  1.353698e+03  8.827490e+01  1.450868e+02   4.606609344e+01 
  555.000  1.559047e+03 -2.602737e-12  1.995996e+02   5.927911758e+01 
  556.000  1.330120e+03  8.723228e+01  1.417352e+02   4.511572266e+01 
  556.000  1.332131e+03  8.624483e+01  1.427057e+02   4.531101608e+01 
  556.000  1.534280e+03  3.294758e-13  1.956475e+02   5.817018890e+01 
  557.000  1.301304e+03  8.465250e+01  1.385956e+02   4.411635971e+01 
  557.000  1.303258e+03  8.369292e+01  1.395366e+02   4.430578232e+01 
  557.000  1.501402e+03  1.224833e-12  1.905043e+02   5.672121048e+01 
  558.000  1.321904e+03  8.531643e+01  1.407220e+02   4.479320908e+01 
  558.000  1.323877e+03  8.434813e+01  1.416695e+02   4.498400879e+01 
  558.000  1.525496e+03 -3.787763e-12  1.926458e+02   5.743579483e+01 
  559.000  1.282203e+03  8.218907e+01  1.364392e+02   4.342994690e+01 
  559.000  1.284105e+03  8.125517e+01  1.373513e+02   4.361367416e+01 
  559.000  1.479900e+03 -3.600175e-12  1.861398e+02   5.555890274e+01 
  560.000  1.300271e+03  8.264046e+01  1.382911e+02   4.401942825e+01 
  560.000  1.302188e+03  8.170029e+01  1.392072e+02   4.420403290e+01 
  560.000  1.501103e+03 -3.483051e-12  1.878579e+02   5.615124130e+01 
  561.000  1.342072e+03  8.464013e+01  1.426712e+02   4.541364288e+01 
  561.000  1.344040e+03  8.367620e+01  1.436083e+02   4.560258102e+01 
  561.000  1.549654e+03 -1.086627e-12  1.930689e+02   5.778099060e+01 
  562.000  1.260515e+03  7.883372e+01  1.339349e+02   4.263278961e+01 
  562.000  1.262352e+03  7.793488e+01  1.348066e+02   4.280863190e+01 
  562.000  1.455686e+03  2.424103e-12  1.805230e+02   5.409583664e+01 
  563.000  1.343830e+03  8.341409e+01  1.427244e+02   4.543059158e+01 
  563.000  1.345781e+03  8.246224e+01  1.436455e+02   4.561647797e+01 
  563.000  1.552408e+03  4.340239e-12  1.916359e+02   5.749965286e+01 
  564.000  1.316288e+03  8.104316e+01  1.397331e+02   4.447842026e+01 
  564.000  1.318192e+03  8.011779e+01  1.406263e+02   4.465879440e+01 
  564.000  1.521154e+03  2.084314e-12  1.868609e+02   5.614284897e+01 
  565.000  1.332729e+03  8.143843e+01  1.414168e+02   4.501435852e+01 
  565.000  1.334656e+03  8.050836e+01  1.423122e+02   4.519532394e+01 
  565.000  1.540652e+03  1.846716e-12  1.884384e+02   5.668296814e+01 
  566.000  1.239964e+03  7.507743e+01  1.315041e+02   4.185905838e+01 
  566.000  1.241761e+03  7.422059e+01  1.323260e+02   4.202539062e+01 
  566.000  1.433802e+03  8.632733e-13  1.745537e+02   5.256896973e+01 
  567.000  1.296657e+03  7.782325e+01  1.374480e+02   4.375105667e+01 
  567.000  1.298564e+03  7.693816e+01  1.382928e+02   4.392245483e+01 
  567.000  1.500696e+03  2.051760e-12  1.816986e+02   5.479642868e+01 
  568.000  1.324051e+03  7.867570e+01  1.402727e+02   4.465017700e+01 
  568.000  1.326086e+03  7.778976e+01  1.411102e+02   4.482103729e+01 
  568.000  1.535916e+03 -3.739103e-12  1.844734e+02   5.574034882e+01 
  569.000  1.293563e+03  7.553271e+01  1.369096e+02   4.357966995e+01 
  569.000  1.295832e+03  7.471024e+01  1.376641e+02   4.373632050e+01 
  569.000  1.509130e+03 -4.575935e-12  1.784775e+02   5.410817337e+01 
  570.000  1.298857e+03  7.532606e+01  1.374184e+02   4.374161911e+01 
  570.000  1.301002e+03  7.449186e+01  1.381903e+02   4.390089035e+01 
  570.000  1.513832e+03 -4.166420e-12  1.785319e+02   5.418373871e+01 
  571.000  1.265724e+03  7.278550e+01  1.338510e+02   4.260609055e+01 
  571.000  1.267793e+03  7.197701e+01  1.345974e+02   4.276010895e+01 
  571.000  1.475217e+03 -2.183516e-12  1.732648e+02   5.264421463e+01 
  572.000  1.304994e+03  7.414092e+01  1.379135e+02   4.389921570e+01 
  572.000  1.307278e+03  7.333225e+01  1.386461e+02   4.405200195e+01 
  572.000  1.525648e+03  1.619004e-12  1.775486e+02   5.405212784e+01 
  573.000  1.333178e+03  7.517971e+01  1.408357e+02   4.482941055e+01 
  573.000  1.335492e+03  7.435731e+01  1.415792e+02   4.498445892e+01 
  573.000  1.558495e+03 -7.617406e-12  1.807915e+02   5.508498764e+01 
  574.000  1.314479e+03  7.326558e+01  1.387745e+02   4.417329025e+01 
  574.000  1.316854e+03  7.247221e+01  1.394807e+02   4.432170868e+01 
  574.000  1.540058e+03 -1.400958e-13  1.772386e+02   5.409719849e+01 
  575.000  1.292414e+03  7.137562e+01  1.363790e+02   4.341078568e+01 
  575.000  1.294738e+03  7.060092e+01  1.370656e+02   4.355522156e+01 
  575.000  1.514482e+03  1.868102e-12  1.735594e+02   5.303023911e+01 
  576.000  1.307997e+03  7.157278e+01  1.379570e+02   4.391308212e+01 
  576.000  1.310364e+03  7.079718e+01  1.386396e+02   4.405706406e+01 
  576.000  1.532639e+03 -2.037574e-13  1.750851e+02   5.353198242e+01 
  577.000  1.309190e+03  7.114014e+01  1.380331e+02   4.393728638e+01 
  577.000  1.311560e+03  7.036930e+01  1.387087e+02   4.407997894e+01 
  577.000  1.533170e+03 -1.140056e-12  1.748854e+02   5.348642349e+01 
  578.000  1.292259e+03  6.977428e+01  1.362033e+02   4.335485840e+01 
  578.000  1.294521e+03  6.901154e+01  1.368750e+02   4.349617004e+01 
  578.000  1.509774e+03 -1.569473e-12  1.724611e+02   5.272983932e+01 
  579.000  1.261191e+03  6.772591e+01  1.328916e+02   4.230072403e+01 
  579.000  1.263329e+03  6.697987e+01  1.335518e+02   4.243909454e+01 
  579.000  1.469787e+03  1.945776e-12  1.682447e+02   5.141720200e+01 
  580.000  1.298414e+03  6.947854e+01  1.367892e+02   4.354136276e+01 
  580.000  1.300552e+03  6.870798e+01  1.374745e+02   4.368450165e+01 
  580.000  1.509630e+03 -4.866023e-12  1.732607e+02   5.291812134e+01 
  581.000  1.300465e+03  6.928600e+01  1.369751e+02   4.360052490e+01 
  581.000  1.302543e+03  6.851285e+01  1.376658e+02   4.374433517e+01 
  581.000  1.507839e+03 -4.397017e-12  1.736165e+02   5.298490524e+01 
  582.000  1.331975e+03  7.064101e+01  1.402616e+02   4.464664841e+01 
  582.000  1.334048e+03  6.984900e+01  1.409717e+02   4.479410934e+01 
  582.000  1.540252e+03 -3.217107e-12  1.778944e+02   5.424874496e+01 
  583.000  1.330897e+03  7.032767e+01  1.401225e+02   4.460237122e+01 
  583.000  1.332893e+03  6.953347e+01  1.408389e+02   4.475054169e+01 
  583.000  1.534332e+03  1.094969e-12  1.779020e+02   5.420086670e+01 
  584.000  1.325599e+03  6.961209e+01  1.395211e+02   4.441094589e+01 
  584.000  1.327516e+03  6.882111e+01  1.402378e+02   4.455868912e+01 
  584.000  1.523014e+03  2.933163e-12  1.772526e+02   5.395259857e+01 
  585.000  1.316053e+03  6.881418e+01  1.384867e+02   4.408169937e+01 
  585.000  1.317933e+03  6.803103e+01  1.391968e+02   4.422795486e+01 
  585.000  1.509753e+03  1.327655e-12  1.759127e+02   5.352830887e+01 
  586.000  1.273739e+03  6.627056e+01  1.340010e+02   4.265383911e+01 
  586.000  1.275517e+03  6.551366e+01  1.346888e+02   4.279525375e+01 
  586.000  1.458439e+03  3.381384e-12  1.701503e+02   5.176096725e+01 
  587.000  1.304568e+03  6.720126e+01  1.371769e+02   4.366476822e+01 
  587.000  1.306487e+03  6.644469e+01  1.378549e+02   4.380520630e+01 
  587.000  1.494716e+03  3.331271e-12  1.736514e+02   5.287216568e+01 
  588.000  1.295751e+03  6.535690e+01  1.361107e+02   4.332539749e+01 
  588.000  1.298094e+03  6.465988e+01  1.366944e+02   4.345055008e+01 
  588.000  1.495706e+03  1.963294e-12  1.706755e+02   5.215292358e+01 
  589.000  1.194212e+03  5.861728e+01  1.252829e+02   3.987878799e+01 
  589.000  1.197203e+03  5.804707e+01  1.256646e+02   3.996906281e+01 
  589.000  1.401879e+03 -3.747197e-12  1.547458e+02   4.754335785e+01 
  590.000  1.210344e+03  5.871126e+01  1.269055e+02   4.039527130e+01 
  590.000  1.213479e+03  5.814892e+01  1.272656e+02   4.048232651e+01 
  590.000  1.423386e+03 -1.699837e-12  1.559975e+02   4.800660706e+01 
  591.000  1.275961e+03  6.219338e+01  1.338154e+02   4.259476852e+01 
  591.000  1.278755e+03  6.156452e+01  1.342800e+02   4.269987869e+01 
  591.000  1.485461e+03  4.795991e-13  1.653767e+02   5.077672577e+01 
  592.000  1.245348e+03  5.977282e+01  1.305121e+02   4.154328918e+01 
  592.000  1.248529e+03  5.919126e+01  1.308798e+02   4.163190079e+01 
  592.000  1.463928e+03  1.531120e-12  1.598809e+02   4.923344040e+01 
  593.000  1.258315e+03  6.120796e+01  1.319523e+02   4.200173569e+01 
  593.000  1.260645e+03  6.055352e+01  1.324755e+02   4.211521530e+01 
  593.000  1.453292e+03  2.388264e-12  1.633932e+02   5.009650421e+01 
  594.000  1.273366e+03  6.093649e+01  1.334303e+02   4.247216415e+01 
  594.000  1.276151e+03  6.031156e+01  1.338766e+02   4.257351303e+01 
  594.000  1.482433e+03  5.264164e-12  1.639133e+02   5.038977814e+01 
  595.000  1.258850e+03  5.937453e+01  1.318224e+02   4.196038437e+01 
  595.000  1.261749e+03  5.878410e+01  1.322271e+02   4.205464172e+01 
  595.000  1.468412e+03 -3.310332e-12  1.610278e+02   4.960662842e+01 
  596.000  1.280200e+03  6.110522e+01  1.341305e+02   4.269505692e+01 
  596.000  1.282357e+03  6.044467e+01  1.346777e+02   4.281231689e+01 
  596.000  1.470500e+03 -8.065949e-13  1.653938e+02   5.075816345e+01 
  597.000  1.296197e+03  6.153114e+01  1.357728e+02   4.321781921e+01 
  597.000  1.298355e+03  6.086415e+01  1.363257e+02   4.333618164e+01 
  597.000  1.488258e+03  2.231324e-12  1.671073e+02   5.131148148e+01 
  598.000  1.277235e+03  6.038385e+01  1.337619e+02   4.257772827e+01 
  598.000  1.279267e+03  5.972112e+01  1.343181e+02   4.269593811e+01 
  598.000  1.464258e+03 -2.102272e-12  1.644493e+02   5.050506973e+01 
  599.000  1.266546e+03  5.968981e+01  1.326236e+02   4.221540833e+01 
  599.000  1.268427e+03  5.902337e+01  1.331935e+02   4.233532715e+01 
  599.000  1.448914e+03 -3.638998e-12  1.629600e+02   5.004556656e+01 
  600.000  1.280316e+03  6.023594e+01  1.340552e+02   4.267109299e+01 
  600.000  1.282022e+03  5.954512e+01  1.346612e+02   4.279681778e+01 
  600.000  1.460844e+03  1.566408e-12  1.647111e+02   5.057098389e+01 
  601.000  1.247941e+03  5.859135e+01  1.306533e+02   4.158823395e+01 
  601.000  1.249484e+03  5.790922e+01  1.312607e+02   4.171321487e+01 
  601.000  1.419846e+03 -2.947038e-14  1.606578e+02   4.929323196e+01 
  602.000  1.248934e+03  5.821122e+01  1.307146e+02   4.160773468e+01 
  602.000  1.250437e+03  5.753040e+01  1.313222e+02   4.173252869e+01 
  602.000  1.418915e+03  5.966755e-13  1.605459e+02   4.926100159e+01 
  603.000  1.252471e+03  5.809252e+01  1.310564e+02   4.171653366e+01 
  603.000  1.253931e+03  5.740896e+01  1.316689e+02   4.184200287e+01 
  603.000  1.421098e+03 -1.777876e-12  1.608683e+02   4.935635757e+01 
  604.000  1.297987e+03  5.986607e+01  1.357852e+02   4.322179031e+01 
  604.000  1.299435e+03  5.915596e+01  1.364250e+02   4.335238266e+01 
  604.000  1.470397e+03  1.588253e-12  1.665633e+02   5.109805679e+01 
  605.000  1.300443e+03  5.956164e+01  1.360004e+02   4.329028320e+01 
  605.000  1.301873e+03  5.885340e+01  1.366385e+02   4.342045212e+01 
  605.000  1.471839e+03  8.822621e-13  1.666076e+02   5.112058640e+01 
  606.000  1.291412e+03  5.872303e+01  1.350135e+02   4.297612762e+01 
  606.000  1.292820e+03  5.802407e+01  1.356424e+02   4.310445023e+01 
  606.000  1.459912e+03 -2.029741e-12  1.652645e+02   5.070405579e+01 
  607.000  1.275558e+03  5.766544e+01  1.333223e+02   4.243780899e+01 
  607.000  1.276931e+03  5.697781e+01  1.339410e+02   4.256398773e+01 
  607.000  1.440399e+03 -3.563863e-12  1.631099e+02   5.003584671e+01 
  608.000  1.288944e+03  5.786164e+01  1.346806e+02   4.287015915e+01 
  608.000  1.290323e+03  5.717125e+01  1.353008e+02   4.299669266e+01 
  608.000  1.453928e+03 -4.369203e-12  1.646459e+02   5.050247192e+01 
  609.000  1.279017e+03  5.705409e+01  1.336071e+02   4.252846527e+01 
  609.000  1.280375e+03  5.637270e+01  1.342187e+02   4.265322495e+01 
  609.000  1.441217e+03 -4.642581e-12  1.632326e+02   5.006321716e+01 
  610.000  1.259177e+03  5.580636e+01  1.314984e+02   4.185723877e+01 
  610.000  1.260506e+03  5.513948e+01  1.320961e+02   4.197920609e+01 
  610.000  1.417434e+03 -6.775425e-13  1.605482e+02   4.923535156e+01 
  611.000  1.259499e+03  5.549686e+01  1.314996e+02   4.185761261e+01 
  611.000  1.260821e+03  5.483328e+01  1.320937e+02   4.197886276e+01 
  611.000  1.416566e+03  3.862385e-12  1.604440e+02   4.920075989e+01 
  612.000  1.278056e+03  5.587413e+01  1.333931e+02   4.246032333e+01 
  612.000  1.279388e+03  5.520559e+01  1.339906e+02   4.258231354e+01 
  612.000  1.435906e+03 -3.961253e-12  1.625890e+02   4.985838318e+01 
  613.000  1.251927e+03  5.435789e+01  1.306285e+02   4.158033371e+01 
  613.000  1.253224e+03  5.370717e+01  1.312092e+02   4.169892502e+01 
  613.000  1.405109e+03 -6.772640e-13  1.591090e+02   4.878648376e+01 
  614.000  1.239146e+03  5.342798e+01  1.292574e+02   4.114390564e+01 
  614.000  1.240424e+03  5.278815e+01  1.298274e+02   4.126035309e+01 
  614.000  1.389333e+03 -2.642032e-12  1.573318e+02   4.823633194e+01 
  615.000  1.248504e+03  5.349209e+01  1.301996e+02   4.144382858e+01 
  615.000  1.249789e+03  5.285139e+01  1.307694e+02   4.156027985e+01 
  615.000  1.398622e+03 -1.136678e-12  1.583726e+02   4.855221558e+01 
  616.000  1.206427e+03  5.130865e+01  1.257736e+02   4.003498077e+01 
  616.000  1.207666e+03  5.069413e+01  1.263187e+02   4.014648056e+01 
  616.000  1.350243e+03 -7.062040e-13  1.528589e+02   4.686011505e+01 
  617.000  1.183734e+03  5.003955e+01  1.233773e+02   3.927221680e+01 
  617.000  1.184949e+03  4.944039e+01  1.239076e+02   3.938075256e+01 
  617.000  1.323947e+03 -1.022880e-12  1.498361e+02   4.593321228e+01 
  618.000  1.262671e+03  5.290450e+01  1.315575e+02   4.187606049e+01 
  618.000  1.263972e+03  5.227154e+01  1.321154e+02   4.199040604e+01 
  618.000  1.411018e+03  2.403363e-12  1.595854e+02   4.892389297e+01 
  619.000  1.274527e+03  5.302727e+01  1.327554e+02   4.225735474e+01 
  619.000  1.275848e+03  5.239350e+01  1.333118e+02   4.237155914e+01 
  619.000  1.423472e+03  5.861704e-13  1.608788e+02   4.932418823e+01 
  620.000  1.260865e+03  5.204900e+01  1.312914e+02   4.179133606e+01 
  620.000  1.262184e+03  5.142791e+01  1.318338e+02   4.190290070e+01 
  620.000  1.407668e+03  2.288748e-12  1.588880e+02   4.872468567e+01 
  621.000  1.286250e+03  5.270430e+01  1.338955e+02   4.262025070e+01 
  621.000  1.287611e+03  5.207657e+01  1.344407e+02   4.273262024e+01 
  621.000  1.435737e+03  9.802558e-13  1.618036e+02   4.963380814e+01 
  622.000  1.256405e+03  5.110765e+01  1.307512e+02   4.161941147e+01 
  622.000  1.257752e+03  5.050024e+01  1.312756e+02   4.172773743e+01 
  622.000  1.402259e+03  5.784126e-14  1.577756e+02   4.841320038e+01 
  623.000  1.247418e+03  5.022795e+01  1.297646e+02   4.130536270e+01 
  623.000  1.248785e+03  4.963304e+01  1.302732e+02   4.141083145e+01 
  623.000  1.392341e+03 -1.183962e-12  1.562272e+02   4.796569443e+01 
  624.000  1.213579e+03  4.855361e+01  1.262133e+02   4.017494583e+01 
  624.000  1.214930e+03  4.797999e+01  1.267003e+02   4.027621841e+01 
  624.000  1.354745e+03 -4.984803e-12  1.517257e+02   4.660183334e+01 
  625.000  1.214931e+03  4.809448e+01  1.263026e+02   4.020335388e+01 
  625.000  1.216315e+03  4.752850e+01  1.267776e+02   4.030258179e+01 
  625.000  1.356582e+03 -7.473391e-12  1.514471e+02   4.654829407e+01 
  626.000  1.196348e+03  4.687243e+01  1.243220e+02   3.957293320e+01 
  626.000  1.197766e+03  4.632484e+01  1.247741e+02   3.966798782e+01 
  626.000  1.336888e+03 -3.785608e-12  1.486316e+02   4.572546768e+01 
  627.000  1.236458e+03  4.791173e+01  1.284369e+02   4.088274384e+01 
  627.000  1.238043e+03  4.735928e+01  1.288775e+02   4.097663879e+01 
  627.000  1.385904e+03  2.763622e-12  1.528502e+02   4.709817886e+01 
  628.000  1.211881e+03  4.562132e+01  1.257503e+02   4.002755356e+01 
  628.000  1.213993e+03  4.512098e+01  1.260777e+02   4.010291290e+01 
  628.000  1.387375e+03 -1.777017e-12  1.462498e+02   4.548484802e+01 
  629.000  1.244091e+03  4.693066e+01  1.291021e+02   4.109448624e+01 
  629.000  1.245986e+03  4.640775e+01  1.294807e+02   4.117846298e+01 
  629.000  1.409369e+03 -4.588087e-12  1.515035e+02   4.692928314e+01 
  630.000  1.222234e+03  4.597583e+01  1.268209e+02   4.036836243e+01 
  630.000  1.223987e+03  4.545659e+01  1.272087e+02   4.045328140e+01 
  630.000  1.377299e+03 -1.560363e-13  1.491214e+02   4.616238403e+01 
  631.000  1.222215e+03  4.601938e+01  1.268234e+02   4.036915207e+01 
  631.000  1.223791e+03  4.548932e+01  1.272386e+02   4.045821381e+01 
  631.000  1.368674e+03  6.823668e-12  1.499605e+02   4.628996658e+01 
  632.000  1.189326e+03  4.448073e+01  1.233806e+02   3.927327347e+01 
  632.000  1.190876e+03  4.397141e+01  1.237762e+02   3.935842514e+01 
  632.000  1.328659e+03  1.937451e-12  1.460640e+02   4.504208755e+01 
  633.000  1.233459e+03  4.606976e+01  1.279529e+02   4.072867584e+01 
  633.000  1.234976e+03  4.553642e+01  1.283762e+02   4.081892395e+01 
  633.000  1.374152e+03 -9.277904e-13  1.517802e+02   4.675155640e+01 
  634.000  1.207040e+03  4.486577e+01  1.251906e+02   3.984939957e+01 
  634.000  1.208475e+03  4.434393e+01  1.256087e+02   3.993816757e+01 
  634.000  1.341320e+03  3.894882e-12  1.486799e+02   4.575497818e+01 
  635.000  1.233203e+03  4.567614e+01  1.278879e+02   4.070799637e+01 
  635.000  1.234606e+03  4.514075e+01  1.283225e+02   4.079971313e+01 
  635.000  1.367334e+03  4.480428e-13  1.520610e+02   4.675662994e+01 
  636.000  1.207757e+03  4.447984e+01  1.252237e+02   3.985993576e+01 
  636.000  1.209127e+03  4.395912e+01  1.256455e+02   3.994902420e+01 
  636.000  1.336709e+03 -7.773573e-13  1.490109e+02   4.578491211e+01 
  637.000  1.232131e+03  4.517024e+01  1.277301e+02   4.065776443e+01 
  637.000  1.233477e+03  4.463852e+01  1.281651e+02   4.074920654e+01 
  637.000  1.360085e+03 -1.733844e-12  1.522447e+02   4.672534180e+01 
  638.000  1.253144e+03  4.576604e+01  1.298910e+02   4.134558105e+01 
  638.000  1.254426e+03  4.522178e+01  1.303440e+02   4.144009781e+01 
  638.000  1.378630e+03 -2.148258e-12  1.551932e+02   4.755872345e+01 
  639.000  1.230880e+03  4.476888e+01  1.275648e+02   4.060515213e+01 
  639.000  1.232109e+03  4.423475e+01  1.280116e+02   4.069813919e+01 
  639.000  1.351836e+03 -6.365881e-13  1.525497e+02   4.671551132e+01 
  640.000  1.197626e+03  4.340281e+01  1.241029e+02   3.950318146e+01 
  640.000  1.198786e+03  4.288285e+01  1.245406e+02   3.959402084e+01 
  640.000  1.312831e+03  4.755735e-12  1.485769e+02   4.546210098e+01 
  641.000  1.208975e+03  4.348441e+01  1.252460e+02   3.986703110e+01 
  641.000  1.210160e+03  4.296511e+01  1.256805e+02   3.995740891e+01 
  641.000  1.324036e+03  6.407727e-12  1.498583e+02   4.584868622e+01 
  642.000  1.227981e+03  4.405192e+01  1.272033e+02   4.049006653e+01 
  642.000  1.229110e+03  4.352061e+01  1.276545e+02   4.058330154e+01 
  642.000  1.342345e+03 -2.046572e-13  1.523222e+02   4.657461548e+01 
  643.000  1.231226e+03  4.384203e+01  1.275068e+02   4.058667374e+01 
  643.000  1.232368e+03  4.331437e+01  1.279525e+02   4.067895889e+01 
  643.000  1.345197e+03 -1.125673e-13  1.525190e+02   4.664226913e+01 
  644.000  1.209407e+03  4.284197e+01  1.252249e+02   3.986032486e+01 
  644.000  1.210511e+03  4.232532e+01  1.256622e+02   3.995076370e+01 
  644.000  1.320053e+03 -3.468904e-12  1.497448e+02   4.578735352e+01 
  645.000  1.206122e+03  4.229862e+01  1.248421e+02   3.973846436e+01 
  645.000  1.207296e+03  4.179435e+01  1.252599e+02   3.982563019e+01 
  645.000  1.317149e+03  2.071186e-14  1.489403e+02   4.557273865e+01 
  646.000  1.206267e+03  4.160271e+01  1.247870e+02   3.972093201e+01 
  646.000  1.207711e+03  4.112546e+01  1.251515e+02   3.979956818e+01 
  646.000  1.323046e+03  6.147992e-13  1.479143e+02   4.537416840e+01 
  647.000  1.188848e+03  4.029791e+01  1.229146e+02   3.912491608e+01 
  647.000  1.190710e+03  3.985580e+01  1.231929e+02   3.918939209e+01 
  647.000  1.314556e+03  2.159193e-12  1.443910e+02   4.444217682e+01 
  648.000  1.182132e+03  3.917823e+01  1.221311e+02   3.887552261e+01 
  648.000  1.184652e+03  3.877683e+01  1.222880e+02   3.892027664e+01 
  648.000  1.324475e+03  4.860692e-12  1.416374e+02   4.379866791e+01 
  649.000  1.175983e+03  3.901734e+01  1.215000e+02   3.867465591e+01 
  649.000  1.178073e+03  3.859990e+01  1.217235e+02   3.872989273e+01 
  649.000  1.306532e+03  1.875568e-12  1.416737e+02   4.370932007e+01 
  650.000  1.166034e+03  3.894951e+01  1.204983e+02   3.835581589e+01 
  650.000  1.167689e+03  3.851240e+01  1.207899e+02   3.842157364e+01 
  650.000  1.282410e+03  7.855441e-13  1.417624e+02   4.356417465e+01 
  651.000  1.205546e+03  4.027035e+01  1.245817e+02   3.965556717e+01 
  651.000  1.207058e+03  3.980800e+01  1.249147e+02   3.972847366e+01 
  651.000  1.320159e+03  2.080605e-12  1.470536e+02   4.511434555e+01 
  652.000  1.188272e+03  3.893419e+01  1.227206e+02   3.906318283e+01 
  652.000  1.190204e+03  3.851185e+01  1.229671e+02   3.912195587e+01 
  652.000  1.311668e+03  3.232829e-12  1.435072e+02   4.418894577e+01 
  653.000  1.208913e+03  4.007512e+01  1.248988e+02   3.975653076e+01 
  653.000  1.210246e+03  3.960981e+01  1.252574e+02   3.983340073e+01 
  653.000  1.316738e+03  5.917349e-13  1.477792e+02   4.527833557e+01 
  654.000  1.198465e+03  3.931828e+01  1.237784e+02   3.939987564e+01 
  654.000  1.199866e+03  3.886601e+01  1.241151e+02   3.947293854e+01 
  654.000  1.306397e+03  4.676779e-12  1.461160e+02   4.479536438e+01 
  655.000  1.175358e+03  3.796422e+01  1.213322e+02   3.862123108e+01 
  655.000  1.177061e+03  3.753937e+01  1.216012e+02   3.868294907e+01 
  655.000  1.290850e+03 -1.161013e-12  1.421231e+02   4.368741608e+01 
  656.000  1.027929e+03  3.325122e+01  1.061180e+02   3.377842331e+01 
  656.000  1.029185e+03  3.286905e+01  1.063913e+02   3.383841705e+01 
  656.000  1.121643e+03 -1.955605e-12  1.248334e+02   3.830633926e+01 
  657.000  1.064881e+03  3.414901e+01  1.099030e+02   3.498321533e+01 
  657.000  1.066305e+03  3.376032e+01  1.101619e+02   3.504133606e+01 
  657.000  1.164461e+03 -7.416851e-12  1.289469e+02   3.959398651e+01 
  658.000  1.169026e+03  3.759554e+01  1.206621e+02   3.840795135e+01 
  658.000  1.170246e+03  3.715247e+01  1.210027e+02   3.848064041e+01 
  658.000  1.268352e+03  8.969558e-13  1.424530e+02   4.362081146e+01 
  659.000  1.176626e+03  3.776077e+01  1.214387e+02   3.865512466e+01 
  659.000  1.177722e+03  3.730988e+01  1.218011e+02   3.873133087e+01 
  659.000  1.272234e+03 -1.393131e-12  1.436734e+02   4.394639969e+01 
  660.000  1.172903e+03  3.752585e+01  1.210429e+02   3.852914047e+01 
  660.000  1.173903e+03  3.707215e+01  1.214171e+02   3.860701370e+01 
  660.000  1.264993e+03 -2.917437e-12  1.434199e+02   4.382676315e+01 
  661.000  1.203071e+03  3.829433e+01  1.241365e+02   3.951388931e+01 
  661.000  1.204050e+03  3.782823e+01  1.245249e+02   3.959435272e+01 
  661.000  1.295750e+03  2.869654e-13  1.471101e+02   4.493822861e+01 
  662.000  1.204643e+03  3.822155e+01  1.242865e+02   3.956161499e+01 
  662.000  1.205585e+03  3.775375e+01  1.246797e+02   3.964278412e+01 
  662.000  1.296050e+03 -3.060737e-12  1.473317e+02   4.499114609e+01 
  663.000  1.197984e+03  3.772627e+01  1.235710e+02   3.933386993e+01 
  663.000  1.198938e+03  3.726576e+01  1.239551e+02   3.941338730e+01 
  663.000  1.288724e+03 -2.601294e-12  1.462976e+02   4.468874741e+01 
  664.000  1.187014e+03  3.717093e+01  1.224185e+02   3.896701813e+01 
  664.000  1.187926e+03  3.671508e+01  1.228013e+02   3.904602051e+01 
  664.000  1.275426e+03 -2.880070e-14  1.449271e+02   4.425828552e+01 
  665.000  1.183223e+03  3.686194e+01  1.220085e+02   3.883652496e+01 
  665.000  1.184139e+03  3.641056e+01  1.223862e+02   3.891456985e+01 
  665.000  1.270829e+03  1.991761e-12  1.443590e+02   4.408691406e+01 
  666.000  1.181834e+03  3.660075e+01  1.218435e+02   3.878400040e+01 
  666.000  1.182720e+03  3.615073e+01  1.222221e+02   3.886204910e+01 
  666.000  1.267902e+03 -2.779243e-12  1.441480e+02   4.401177979e+01 
  667.000  1.168924e+03  3.596417e+01  1.204888e+02   3.835276794e+01 
  667.000  1.169785e+03  3.552125e+01  1.208619e+02   3.842962646e+01 
  667.000  1.252956e+03 -3.602198e-12  1.424830e+02   4.349927139e+01 
  668.000  1.195469e+03  3.658738e+01  1.232056e+02   3.921757126e+01 
  668.000  1.196334e+03  3.613580e+01  1.235869e+02   3.929603195e+01 
  668.000  1.280395e+03 -6.642238e-13  1.456590e+02   4.446320724e+01 
  669.000  1.191737e+03  3.626086e+01  1.227998e+02   3.908839798e+01 
  669.000  1.192594e+03  3.581308e+01  1.231776e+02   3.916614914e+01 
  669.000  1.275622e+03  1.953353e-12  1.451048e+02   4.429341125e+01 
  670.000  1.182324e+03  3.577362e+01  1.218098e+02   3.877325058e+01 
  670.000  1.183162e+03  3.533122e+01  1.221835e+02   3.885010529e+01 
  670.000  1.264598e+03  2.033737e-12  1.438881e+02   4.391755676e+01 
  671.000  1.176903e+03  3.536145e+01  1.212265e+02   3.858758545e+01 
  671.000  1.177731e+03  3.492386e+01  1.215958e+02   3.866355133e+01 
  671.000  1.257915e+03 -1.267689e-12  1.431063e+02   4.367917633e+01 
  672.000  1.159369e+03  3.466167e+01  1.194031e+02   3.800718689e+01 
  672.000  1.160180e+03  3.423257e+01  1.197651e+02   3.808163834e+01 
  672.000  1.238648e+03 -2.708751e-12  1.408733e+02   4.300035858e+01 
  673.000  1.166251e+03  3.464969e+01  1.200900e+02   3.822584152e+01 
  673.000  1.167061e+03  3.422055e+01  1.204517e+02   3.830024719e+01 
  673.000  1.245305e+03 -4.587884e-12  1.415889e+02   4.322120667e+01 
  674.000  1.173901e+03  3.467012e+01  1.208571e+02   3.847000122e+01 
  674.000  1.174712e+03  3.424052e+01  1.212189e+02   3.854443741e+01 
  674.000  1.252818e+03  1.177224e-14  1.424020e+02   4.347190094e+01 
  675.000  1.168457e+03  3.429413e+01  1.202751e+02   3.828476334e+01 
  675.000  1.169259e+03  3.386900e+01  1.206329e+02   3.835837555e+01 
  675.000  1.246285e+03  3.302662e-12  1.416293e+02   4.323733521e+01 
  676.000  1.167375e+03  3.406301e+01  1.201438e+02   3.824295807e+01 
  676.000  1.168173e+03  3.364065e+01  1.204988e+02   3.831602478e+01 
  676.000  1.244544e+03 -2.733884e-13  1.413820e+02   4.316501999e+01 
  677.000  1.163790e+03  3.375529e+01  1.197545e+02   3.811904907e+01 
  677.000  1.164579e+03  3.333649e+01  1.201064e+02   3.819146729e+01 
  677.000  1.240002e+03  2.581823e-13  1.408459e+02   4.300192261e+01 
  678.000  1.159152e+03  3.342225e+01  1.192574e+02   3.796082306e+01 
  678.000  1.159934e+03  3.300739e+01  1.196057e+02   3.803250885e+01 
  678.000  1.234417e+03 -2.824215e-12  1.401764e+02   4.279949951e+01 
  679.000  1.158027e+03  3.317308e+01  1.191200e+02   3.791707993e+01 
  679.000  1.158803e+03  3.276118e+01  1.194654e+02   3.798819733e+01 
  679.000  1.232510e+03 -3.379471e-12  1.399258e+02   4.272459412e+01 
  680.000  1.154177e+03  3.284483e+01  1.187021e+02   3.778406525e+01 
  680.000  1.154951e+03  3.243723e+01  1.190430e+02   3.785430908e+01 
  680.000  1.227862e+03 -3.443521e-13  1.393265e+02   4.254630661e+01 
  681.000  1.147004e+03  3.244046e+01  1.179445e+02   3.754289627e+01 
  681.000  1.147786e+03  3.203874e+01  1.182785e+02   3.761186218e+01 
  681.000  1.219902e+03 -7.600545e-13  1.383293e+02   4.224751663e+01 
  682.000  1.148580e+03  3.229835e+01  1.180878e+02   3.758852386e+01 
  682.000  1.149349e+03  3.189769e+01  1.184216e+02   3.765737152e+01 
  682.000  1.220624e+03 -4.116755e-12  1.384662e+02   4.228327942e+01 
  683.000  1.143945e+03  3.193176e+01  1.175877e+02   3.742933273e+01 
  683.000  1.144735e+03  3.153713e+01  1.179130e+02   3.749668884e+01 
  683.000  1.215747e+03  2.085028e-12  1.377060e+02   4.206548691e+01 
  684.000  1.145390e+03  3.178727e+01  1.177177e+02   3.747071457e+01 
  684.000  1.146186e+03  3.139503e+01  1.180396e+02   3.753747177e+01 
  684.000  1.216638e+03 -1.097779e-12  1.378020e+02   4.209300232e+01 
  685.000  1.141664e+03  3.155231e+01  1.173217e+02   3.734465027e+01 
  685.000  1.142438e+03  3.116184e+01  1.176438e+02   3.741131210e+01 
  685.000  1.211699e+03  3.596973e-12  1.373445e+02   4.194439316e+01 
  686.000  1.111750e+03  3.039344e+01  1.142144e+02   3.635556030e+01 
  686.000  1.112543e+03  3.001954e+01  1.145171e+02   3.641862106e+01 
  686.000  1.180641e+03  8.467650e-13  1.333763e+02   4.076660538e+01 
  687.000  8.706472e+02  2.111992e+01  8.917671e+01   2.838582802e+01 
  687.000  8.743394e+02  2.093320e+01  8.889204e+01   2.835071564e+01 
  687.000  1.209679e+03  1.337823e-12  9.222565e+01   2.941411781e+01 
  688.000  9.811885e+02  2.375384e+01  1.004942e+02   3.198830986e+01 
  688.000  9.843853e+02  2.352545e+01  1.003264e+02   3.197405434e+01 
  688.000  1.205984e+03 -1.459363e-13  1.037913e+02   3.323488235e+01 
  689.000  1.033115e+03  2.588416e+01  1.058999e+02   3.370899963e+01 
  689.000  1.035534e+03  2.560809e+01  1.058846e+02   3.371982574e+01 
  689.000  1.197055e+03 -9.962521e-13  1.141047e+02   3.596057129e+01 
  690.000  1.045579e+03  2.584279e+01  1.071422e+02   3.410441589e+01 
  690.000  1.048182e+03  2.557620e+01  1.070956e+02   3.411046600e+01 
  690.000  1.206600e+03  2.352060e-12  1.148311e+02   3.629312515e+01 
  691.000  1.066287e+03  2.691782e+01  1.093205e+02   3.479779816e+01 
  691.000  1.068347e+03  2.662529e+01  1.093732e+02   3.481988525e+01 
  691.000  1.192260e+03 -3.268386e-12  1.210178e+02   3.774021149e+01 
  692.000  1.077254e+03  2.733768e+01  1.104592e+02   3.516024017e+01 
  692.000  1.079178e+03  2.704165e+01  1.105369e+02   3.518646240e+01 
  692.000  1.181055e+03  1.660369e-13  1.240980e+02   3.849282455e+01 
  693.000  1.064327e+03  2.640169e+01  1.090729e+02   3.471898651e+01 
  693.000  1.067062e+03  2.614421e+01  1.090058e+02   3.472154236e+01 
  693.000  1.181719e+03 -5.631941e-13  1.211900e+02   3.773167419e+01 
  694.000  1.050898e+03  2.546705e+01  1.076365e+02   3.426175308e+01 
  694.000  1.054224e+03  2.523922e+01  1.074608e+02   3.424653244e+01 
  694.000  1.182465e+03  1.333685e-12  1.180885e+02   3.693191528e+01 
  695.000  1.060764e+03  2.600680e+01  1.086771e+02   3.459300613e+01 
  695.000  1.063597e+03  2.575406e+01  1.085890e+02   3.459176254e+01 
  695.000  1.179658e+03 -5.661035e-13  1.208297e+02   3.756459808e+01 
  696.000  1.066748e+03  2.620487e+01  1.092953e+02   3.478978729e+01 
  696.000  1.069196e+03  2.593883e+01  1.092717e+02   3.479903793e+01 
  696.000  1.176811e+03 -3.685721e-12  1.222099e+02   3.791268921e+01 
  697.000  1.097736e+03  2.756168e+01  1.125298e+02   3.581935120e+01 
  697.000  1.099134e+03  2.724826e+01  1.126936e+02   3.585918808e+01 
  697.000  1.176564e+03 -2.804858e-12  1.286827e+02   3.959519958e+01 
  698.000  1.088213e+03  2.723152e+01  1.115444e+02   3.550569534e+01 
  698.000  1.089411e+03  2.691704e+01  1.117358e+02   3.554980469e+01 
  698.000  1.160869e+03 -9.508187e-13  1.278679e+02   3.930928040e+01 
  699.000  1.067811e+03  2.579154e+01  1.093603e+02   3.481045151e+01 
  699.000  1.070119e+03  2.552942e+01  1.093521e+02   3.482220840e+01 
  699.000  1.170085e+03  8.317256e-13  1.221430e+02   3.792424393e+01 
  700.000  1.061213e+03  2.553418e+01  1.086747e+02   3.459224319e+01 
  700.000  1.063378e+03  2.527102e+01  1.086857e+02   3.460691452e+01 
  700.000  1.158299e+03  2.175211e-12  1.216221e+02   3.772958755e+01 
  701.000  1.046598e+03  2.471642e+01  1.071315e+02   3.410100937e+01 
  701.000  1.049008e+03  2.447290e+01  1.070913e+02   3.410735703e+01 
  701.000  1.149392e+03 -1.771089e-13  1.186684e+02   3.698045349e+01 
  702.000  1.049950e+03  2.487994e+01  1.074830e+02   3.421291733e+01 
  702.000  1.052132e+03  2.462724e+01  1.074816e+02   3.422540283e+01 
  702.000  1.144969e+03  8.464527e-13  1.198916e+02   3.724581909e+01 
  703.000  1.059012e+03  2.514221e+01  1.084155e+02   3.450971985e+01 
  703.000  1.061074e+03  2.487935e+01  1.084368e+02   3.452578354e+01 
  703.000  1.151023e+03  1.711460e-12  1.214748e+02   3.764591599e+01 
  704.000  1.071278e+03  2.554980e+01  1.096828e+02   3.491312408e+01 
  704.000  1.073017e+03  2.527035e+01  1.097621e+02   3.493854141e+01 
  704.000  1.154641e+03 -1.438502e-12  1.238338e+02   3.825339508e+01 
  705.000  1.085524e+03  2.578567e+01  1.111309e+02   3.537407303e+01 
  705.000  1.087098e+03  2.550180e+01  1.112400e+02   3.540447998e+01 
  705.000  1.164347e+03  3.534376e-13  1.257490e+02   3.882243347e+01 
  706.000  1.076031e+03  2.535195e+01  1.101383e+02   3.505810165e+01 
  706.000  1.077623e+03  2.507382e+01  1.102383e+02   3.508687973e+01 
  706.000  1.154782e+03  2.437468e-13  1.243533e+02   3.842242432e+01 
  707.000  1.060856e+03  2.498223e+01  1.085839e+02   3.456332016e+01 
  707.000  1.062152e+03  2.470281e+01  1.087265e+02   3.459872437e+01 
  707.000  1.130130e+03  5.928415e-13  1.233209e+02   3.801380157e+01 
  708.000  1.084406e+03  2.554575e+01  1.109952e+02   3.533086777e+01 
  708.000  1.085638e+03  2.525680e+01  1.111557e+02   3.536933517e+01 
  708.000  1.151971e+03  1.507036e-12  1.264058e+02   3.891195679e+01 
  709.000  1.075904e+03  2.520071e+01  1.101105e+02   3.504925156e+01 
  709.000  1.077101e+03  2.491445e+01  1.102717e+02   3.508764267e+01 
  709.000  1.142215e+03  1.925946e-13  1.253488e+02   3.858644867e+01 
  710.000  1.081833e+03  2.513126e+01  1.106964e+02   3.523576736e+01 
  710.000  1.083080e+03  2.484761e+01  1.108486e+02   3.527272415e+01 
  710.000  1.149487e+03 -2.321981e-12  1.257370e+02   3.873831558e+01 
  711.000  1.076969e+03  2.499287e+01  1.101961e+02   3.507651901e+01 
  711.000  1.078101e+03  2.470630e+01  1.103645e+02   3.511590958e+01 
  711.000  1.140804e+03  3.048281e-12  1.255192e+02   3.861456299e+01 
  712.000  1.067391e+03  2.471502e+01  1.092106e+02   3.476282501e+01 
  712.000  1.068457e+03  2.442612e+01  1.093861e+02   3.480313110e+01 
  712.000  1.130333e+03  6.368852e-12  1.243907e+02   3.825780106e+01 
  713.000  1.057049e+03  2.431650e+01  1.081365e+02   3.442092514e+01 
  713.000  1.058084e+03  2.403389e+01  1.083111e+02   3.446091843e+01 
  713.000  1.117596e+03  2.142861e-12  1.232124e+02   3.788634872e+01 
  714.000  1.070407e+03  2.447629e+01  1.094883e+02   3.485120773e+01 
  714.000  1.071462e+03  2.419155e+01  1.096622e+02   3.489122391e+01 
  714.000  1.132754e+03  7.299214e-13  1.244998e+02   3.831483078e+01 
  715.000  1.040449e+03  2.328481e+01  1.063734e+02   3.385970306e+01 
  715.000  1.042022e+03  2.303174e+01  1.064460e+02   3.388310623e+01 
  715.000  1.113021e+03 -1.284308e-12  1.194211e+02   3.694155502e+01 
  716.000  1.029316e+03  2.262915e+01  1.051945e+02   3.348445129e+01 
  716.000  1.031229e+03  2.239302e+01  1.052031e+02   3.349734879e+01 
  716.000  1.110692e+03  1.405135e-12  1.169502e+02   3.630989456e+01 
  717.000  9.732366e+02  1.971771e+01  9.929543e+01   3.160671616e+01 
  717.000  9.781976e+02  1.959197e+01  9.877325e+01   3.153279877e+01 
  717.000  1.131811e+03  9.304720e-13  1.032037e+02   3.284270477e+01 
  718.000  8.803334e+02  1.732907e+01  8.976624e+01   2.857348251e+01 
  718.000  8.870179e+02  1.725110e+01  8.895534e+01   2.844889259e+01 
  718.000  1.110029e+03 -1.445276e-12  9.129925e+01   2.910885811e+01 
  719.000  8.061356e+02  1.554694e+01  8.216825e+01   2.615496445e+01 
  719.000  8.126077e+02  1.548840e+01  8.137157e+01   2.603171921e+01 
  719.000  1.082760e+03  1.267113e-12  8.318233e+01   2.664252281e+01 
  720.000  8.544360e+02  1.616825e+01  8.706042e+01   2.771219444e+01 
  720.000  8.612744e+02  1.611259e+01  8.620042e+01   2.758037758e+01 
  720.000  1.098607e+03 -3.538475e-13  8.613993e+01   2.781572151e+01 
  721.000  9.204606e+02  1.841406e+01  9.388746e+01   2.988530731e+01 
  721.000  9.251548e+02  1.828739e+01  9.340251e+01   2.981531334e+01 
  721.000  1.114860e+03 -8.314646e-13  9.869022e+01   3.122969055e+01 
  722.000  9.986755e+02  2.073711e+01  1.019413e+02   3.244890976e+01 
  722.000  1.001233e+03  2.054229e+01  1.018185e+02   3.243996048e+01 
  722.000  1.094424e+03 -9.823864e-13  1.109693e+02   3.471372223e+01 
  723.000  9.711414e+02  1.973946e+01  9.908809e+01   3.154071999e+01 
  723.000  9.746181e+02  1.957235e+01  9.880791e+01   3.150530434e+01 
  723.000  1.098171e+03 -8.027679e-12  1.062286e+02   3.338314438e+01 
  724.000  8.813317e+02  1.689645e+01  8.982283e+01   2.859149551e+01 
  724.000  8.871183e+02  1.680690e+01  8.914890e+01   2.848936653e+01 
  724.000  1.118679e+03  1.143782e-12  9.219863e+01   2.937983704e+01 
  725.000  8.891433e+02  1.681089e+01  9.059542e+01   2.883741951e+01 
  725.000  8.951494e+02  1.672597e+01  8.987605e+01   2.872870064e+01 
  725.000  1.110400e+03  2.568972e-12  9.155533e+01   2.932217598e+01 
  726.000  9.541154e+02  1.830968e+01  9.724250e+01   3.095324707e+01 
  726.000  9.588358e+02  1.818877e+01  9.673856e+01   3.088158607e+01 
  726.000  1.110399e+03  2.090886e-12  1.001867e+02   3.194911385e+01 
  727.000  9.242685e+02  1.744680e+01  9.417153e+01   2.997572899e+01 
  727.000  9.297659e+02  1.734558e+01  9.353396e+01   2.988147926e+01 
  727.000  1.106295e+03 -1.183923e-12  9.544260e+01   3.055908394e+01 
  728.000  9.157815e+02  1.734098e+01  9.331226e+01   2.970220947e+01 
  728.000  9.210029e+02  1.723260e+01  9.272064e+01   2.961486626e+01 
  728.000  1.091376e+03 -1.072639e-12  9.558407e+01   3.045921707e+01 
  729.000  9.073842e+02  1.698955e+01  9.243738e+01   2.942373085e+01 
  729.000  9.123550e+02  1.688625e+01  9.187505e+01   2.934181023e+01 
  729.000  1.068028e+03 -4.541758e-13  9.412151e+01   3.012681389e+01 
  730.000  9.424805e+02  1.783083e+01  9.603114e+01   3.056765747e+01 
  730.000  9.469288e+02  1.770765e+01  9.556293e+01   3.050150681e+01 
  730.000  1.087667e+03 -1.801643e-12  9.922918e+01   3.159881783e+01 
  731.000  9.144885e+02  1.692513e+01  9.314136e+01   2.964781570e+01 
  731.000  9.193989e+02  1.682089e+01  9.258678e+01   2.956726646e+01 
  731.000  1.073792e+03 -4.363264e-12  9.463781e+01   3.032021332e+01 
  732.000  9.633424e+02  1.844014e+01  9.817826e+01   3.125111008e+01 
  732.000  9.670135e+02  1.829111e+01  9.784358e+01   3.120673752e+01 
  732.000  1.086541e+03 -7.788786e-13  1.034227e+02   3.269869995e+01 
  733.000  9.852484e+02  1.936965e+01  1.004618e+02   3.197798157e+01 
  733.000  9.877952e+02  1.918497e+01  1.003205e+02   3.196516800e+01 
  733.000  1.076695e+03 -3.936395e-12  1.088055e+02   3.404849243e+01 
  734.000  1.018971e+03  2.035980e+01  1.039331e+02   3.308293152e+01 
  734.000  1.020692e+03  2.014120e+01  1.039392e+02   3.309419632e+01 
  734.000  1.090854e+03  2.226222e-13  1.146779e+02   3.562829208e+01 
  735.000  1.003017e+03  1.965575e+01  1.022673e+02   3.255269623e+01 
  735.000  1.005224e+03  1.945840e+01  1.021846e+02   3.254944611e+01 
  735.000  1.085958e+03  3.671873e-13  1.114381e+02   3.478959656e+01 
  736.000  9.996509e+02  1.966477e+01  1.019316e+02   3.244582367e+01 
  736.000  1.001419e+03  1.945770e+01  1.019200e+02   3.245402527e+01 
  736.000  1.072098e+03  4.843001e-12  1.119232e+02   3.484431839e+01 
  737.000  1.004063e+03  1.961870e+01  1.023682e+02   3.258480072e+01 
  737.000  1.005896e+03  1.941327e+01  1.023454e+02   3.259119415e+01 
  737.000  1.077911e+03  1.929753e-12  1.121964e+02   3.495099258e+01 
  738.000  1.006424e+03  1.977459e+01  1.026199e+02   3.266492844e+01 
  738.000  1.007861e+03  1.955680e+01  1.026637e+02   3.268198776e+01 
  738.000  1.070021e+03  1.227046e-12  1.134887e+02   3.522550201e+01 
  739.000  9.956537e+02  1.956421e+01  1.015218e+02   3.231538773e+01 
  739.000  9.969954e+02  1.934542e+01  1.015776e+02   3.233416367e+01 
  739.000  1.055207e+03  1.650484e-12  1.126634e+02   3.490788651e+01 
  740.000  1.008091e+03  1.998734e+01  1.028079e+02   3.272475815e+01 
  740.000  1.008993e+03  1.975316e+01  1.029411e+02   3.275603104e+01 
  740.000  1.056689e+03  7.382992e-13  1.153951e+02   3.558504105e+01 
  741.000  9.994612e+02  1.981589e+01  1.019277e+02   3.244459915e+01 
  741.000  1.000241e+03  1.957922e+01  1.020783e+02   3.247848892e+01 
  741.000  1.044695e+03  1.993717e-12  1.147243e+02   3.532885742e+01 
  742.000  9.881433e+02  1.948949e+01  1.007633e+02   3.207394791e+01 
  742.000  9.888335e+02  1.925295e+01  1.009239e+02   3.210922623e+01 
  742.000  1.031217e+03 -1.241380e-12  1.134979e+02   3.493252182e+01 
  743.000  1.013190e+03  1.990237e+01  1.033092e+02   3.288435364e+01 
  743.000  1.013843e+03  1.965839e+01  1.034816e+02   3.292168427e+01 
  743.000  1.056072e+03 -1.313367e-12  1.164332e+02   3.582107925e+01 
  744.000  1.021063e+03  2.001311e+01  1.041076e+02   3.313848114e+01 
  744.000  1.021660e+03  1.976514e+01  1.042905e+02   3.317750549e+01 
  744.000  1.062567e+03 -2.764158e-12  1.174849e+02   3.611806488e+01 
  745.000  1.006675e+03  1.970694e+01  1.026382e+02   3.267074585e+01 
  745.000  1.007179e+03  1.945865e+01  1.028319e+02   3.271129227e+01 
  745.000  1.045937e+03 -1.725440e-12  1.159825e+02   3.563003540e+01 
  746.000  1.009706e+03  1.969539e+01  1.029401e+02   3.276685333e+01 
  746.000  1.010198e+03  1.944663e+01  1.031356e+02   3.280767441e+01 
  746.000  1.048563e+03 -1.319236e-13  1.163230e+02   3.573087311e+01 
  747.000  1.016337e+03  1.970413e+01  1.036041e+02   3.297820663e+01 
  747.000  1.016820e+03  1.945471e+01  1.038011e+02   3.301927185e+01 
  747.000  1.054962e+03 -7.737597e-13  1.170257e+02   3.594781113e+01 
  748.000  1.013887e+03  1.957449e+01  1.033462e+02   3.289611053e+01 
  748.000  1.014365e+03  1.932655e+01  1.035423e+02   3.293696594e+01 
  748.000  1.052113e+03 -2.636010e-12  1.167003e+02   3.584884262e+01 
  749.000  9.963259e+02  1.915476e+01  1.015481e+02   3.232375336e+01 
  749.000  9.967863e+02  1.891172e+01  1.017411e+02   3.236390305e+01 
  749.000  1.033589e+03  2.874664e-12  1.146343e+02   3.521552277e+01 
  750.000  9.921398e+02  1.896715e+01  1.011107e+02   3.218453598e+01 
  750.000  9.925937e+02  1.872632e+01  1.013021e+02   3.222433090e+01 
  750.000  1.028938e+03 -1.531976e-13  1.140844e+02   3.504979324e+01 
  751.000  1.010073e+03  1.921339e+01  1.029286e+02   3.276318741e+01 
  751.000  1.010533e+03  1.896942e+01  1.031222e+02   3.280347061e+01 
  751.000  1.047271e+03  2.868159e-12  1.160848e+02   3.566726303e+01 
  752.000  1.004615e+03  1.899424e+01  1.023609e+02   3.258247757e+01 
  752.000  1.005062e+03  1.875260e+01  1.025536e+02   3.262250137e+01 
  752.000  1.041077e+03  4.007775e-12  1.154090e+02   3.545905304e+01 
  753.000  9.967410e+02  1.875781e+01  1.015499e+02   3.232432938e+01 
  753.000  9.971793e+02  1.851897e+01  1.017407e+02   3.236393356e+01 
  753.000  1.032614e+03  1.005130e-12  1.144556e+02   3.516764069e+01 
  754.000  1.008368e+03  1.887014e+01  1.027238e+02   3.269801712e+01 
  754.000  1.008814e+03  1.863003e+01  1.029149e+02   3.273772049e+01 
  754.000  1.044500e+03  1.087885e-12  1.157075e+02   3.555796051e+01 
  755.000  1.005690e+03  1.870758e+01  1.024397e+02   3.260757446e+01 
  755.000  1.006138e+03  1.846975e+01  1.026281e+02   3.264676666e+01 
  755.000  1.041593e+03 -1.806716e-12  1.153076e+02   3.544179535e+01 
  756.000  9.944097e+02  1.841750e+01  1.012827e+02   3.223928833e+01 
  756.000  9.948480e+02  1.818316e+01  1.014686e+02   3.227794647e+01 
  756.000  1.029639e+03  1.239815e-12  1.139671e+02   3.503157425e+01 
  757.000  9.903504e+02  1.824276e+01  1.008593e+02   3.210451889e+01 
  757.000  9.907729e+02  1.801006e+01  1.010453e+02   3.214309692e+01 
  757.000  1.024886e+03  1.077471e-12  1.134681e+02   3.487645340e+01 
  758.000  9.818733e+02  1.798058e+01  9.998539e+01   3.182633591e+01 
  758.000  9.822902e+02  1.775117e+01  1.001685e+02   3.186434364e+01 
  758.000  1.015879e+03  2.527457e-12  1.124202e+02   3.455904007e+01 
  759.000  9.449668e+02  1.689209e+01  9.618589e+01   3.061691856e+01 
  759.000  9.458804e+02  1.668669e+01  9.627510e+01   3.063933754e+01 
  759.000  1.010172e+03  3.652222e-12  1.062477e+02   3.287955475e+01 
  760.000  3.410520e+02  4.442769e+00  3.454948e+01   1.099743938e+01 
  760.000  3.467300e+02  4.451697e+00  3.372804e+01   1.086357212e+01 
  760.000  1.025229e+03 -5.254843e-13  2.587669e+01   8.934915543e+00 
  761.000  2.670186e+02  3.159399e+00  2.701780e+01   8.600032806e+00 
  761.000  2.724083e+02  3.176639e+00  2.622420e+01   8.470100403e+00 
  761.000  1.016088e+03  6.557967e-13  1.747029e+01   6.206770897e+00 
  762.000  5.627791e+02  8.012156e+00  5.707913e+01   1.816885185e+01 
  762.000  5.671486e+02  7.966461e+00  5.650279e+01   1.807899284e+01 
  762.000  9.899469e+02 -7.067555e-13  4.823799e+01   1.637513351e+01 
  763.000  4.769238e+02  6.177175e+00  4.831010e+01   1.537758255e+01 
  763.000  4.820092e+02  6.163437e+00  4.759332e+01   1.526411819e+01 
  763.000  1.010077e+03  9.468829e-13  3.571664e+01   1.272562313e+01 
  764.000  5.215623e+02  6.894363e+00  5.284568e+01   1.682129860e+01 
  764.000  5.266448e+02  6.873811e+00  5.213452e+01   1.670951271e+01 
  764.000  1.026703e+03  1.226634e-12  4.096397e+01   1.435059547e+01 
  765.000  6.589507e+02  9.483638e+00  6.684343e+01   2.127692413e+01 
  765.000  6.629657e+02  9.421420e+00  6.633372e+01   2.119981384e+01 
  765.000  1.008973e+03  2.045068e-12  5.916388e+01   1.986956978e+01 
  766.000  7.832491e+02  1.222996e+01  7.954790e+01   2.532088470e+01 
  766.000  7.863484e+02  1.211823e+01  7.922703e+01   2.527481270e+01 
  766.000  9.770840e+02  9.381112e-13  7.894008e+01   2.536129379e+01 
  767.000  8.424207e+02  1.340305e+01  8.558238e+01   2.724171829e+01 
  767.000  8.449728e+02  1.327108e+01  8.536016e+01   2.721265030e+01 
  767.000  9.674722e+02  1.172378e-13  8.723331e+01   2.780835342e+01 
  768.000  9.367284e+02  1.570800e+01  9.524364e+01   3.031699181e+01 
  768.000  9.379414e+02  1.552536e+01  9.526701e+01   3.032850266e+01 
  768.000  9.988680e+02 -7.200561e-13  1.032302e+02   3.217639923e+01 
  769.000  9.546851e+02  1.604919e+01  9.707343e+01   3.089943314e+01 
  769.000  9.555042e+02  1.585804e+01  9.716456e+01   3.092209435e+01 
  769.000  9.988636e+02 -3.914338e-13  1.065484e+02   3.307995987e+01 
  770.000  9.531000e+02  1.617159e+01  9.692716e+01   3.085287476e+01 
  770.000  9.537836e+02  1.597265e+01  9.704158e+01   3.087915993e+01 
  770.000  9.935773e+02  7.814325e-13  1.070413e+02   3.312629700e+01 
  771.000  9.514298e+02  1.621296e+01  9.676428e+01   3.080102730e+01 
  771.000  9.518814e+02  1.600831e+01  9.691679e+01   3.083334732e+01 
  771.000  9.841130e+02  1.350445e-12  1.077303e+02   3.322424698e+01 
  772.000  9.425947e+02  1.600505e+01  9.585997e+01   3.051317596e+01 
  772.000  9.429783e+02  1.580058e+01  9.602045e+01   3.054662514e+01 
  772.000  9.730877e+02  2.122682e-12  1.068961e+02   3.293655396e+01 
  773.000  9.483422e+02  1.600215e+01  9.643444e+01   3.069603539e+01 
  773.000  9.487222e+02  1.579751e+01  9.659544e+01   3.072956467e+01 
  773.000  9.787632e+02  4.836436e-12  1.074728e+02   3.311930466e+01 
  774.000  9.603721e+02  1.613566e+01  9.765078e+01   3.108320808e+01 
  774.000  9.607594e+02  1.592945e+01  9.781240e+01   3.111690521e+01 
  774.000  9.911601e+02 -1.966996e-12  1.087656e+02   3.352416611e+01 
  775.000  9.287700e+02  1.555643e+01  9.443265e+01   3.005884552e+01 
  775.000  9.291399e+02  1.535744e+01  9.458901e+01   3.009141731e+01 
  775.000  9.583865e+02 -9.314178e-14  1.051544e+02   3.241291809e+01 
  776.000  9.461827e+02  1.575960e+01  9.619423e+01   3.061957359e+01 
  776.000  9.465540e+02  1.555781e+01  9.635315e+01   3.065265083e+01 
  776.000  9.761271e+02  1.919159e-12  1.070601e+02   3.300474167e+01 
  777.000  9.525015e+02  1.575986e+01  9.682614e+01   3.082071877e+01 
  777.000  9.528686e+02  1.555782e+01  9.698572e+01   3.085390091e+01 
  777.000  9.823657e+02  2.092257e-12  1.076986e+02   3.320656204e+01 
  778.000  9.462303e+02  1.557813e+01  9.618085e+01   3.061531639e+01 
  778.000  9.465912e+02  1.537829e+01  9.633887e+01   3.064816093e+01 
  778.000  9.757247e+02 -1.790687e-13  1.069286e+02   3.297351456e+01 
  779.000  9.542852e+02  1.562395e+01  9.699091e+01   3.087316895e+01 
  779.000  9.546472e+02  1.542347e+01  9.714935e+01   3.090610123e+01 
  779.000  9.838912e+02 -9.074627e-13  1.077647e+02   3.323722839e+01 
  780.000  9.425539e+02  1.536079e+01  9.579147e+01   3.049137115e+01 
  780.000  9.429118e+02  1.516372e+01  9.594688e+01   3.052369499e+01 
  780.000  9.717071e+02 -2.062555e-12  1.063775e+02   3.281444550e+01 
  781.000  9.399849e+02  1.524776e+01  9.552326e+01   3.040599823e+01 
  781.000  9.403399e+02  1.505209e+01  9.567753e+01   3.043808746e+01 
  781.000  9.688820e+02 -4.832089e-13  1.060384e+02   3.271273041e+01 
  782.000  9.483446e+02  1.528111e+01  9.636257e+01   3.067315674e+01 
  782.000  9.487053e+02  1.508516e+01  9.651633e+01   3.070518875e+01 
  782.000  9.773624e+02 -8.857135e-13  1.068972e+02   3.298401642e+01 
  783.000  9.396744e+02  1.506363e+01  9.547381e+01   3.039025688e+01 
  783.000  9.400287e+02  1.487037e+01  9.562557e+01   3.042186165e+01 
  783.000  9.681986e+02 -4.500070e-13  1.058709e+02   3.266975784e+01 
  784.000  9.296164e+02  1.480427e+01  9.444207e+01   3.006184387e+01 
  784.000  9.300030e+02  1.461584e+01  9.458492e+01   3.009192085e+01 
  784.000  9.584399e+02  3.419032e-12  1.045692e+02   3.228810501e+01 
  785.000  9.418513e+02  1.489743e+01  9.567487e+01   3.045425606e+01 
  785.000  9.422766e+02  1.470910e+01  9.581271e+01   3.048360252e+01 
  785.000  9.717797e+02 -2.999197e-12  1.057561e+02   3.267767715e+01 
  786.000  9.308918e+02  1.454613e+01  9.454379e+01   3.009422493e+01 
  786.000  9.314247e+02  1.436622e+01  9.465937e+01   3.011992264e+01 
  786.000  9.633179e+02  2.576170e-12  1.039991e+02   3.220579147e+01 
  787.000  9.306546e+02  1.432454e+01  9.449791e+01   3.007961845e+01 
  787.000  9.313890e+02  1.415443e+01  9.457710e+01   3.009947968e+01 
  787.000  9.663661e+02 -1.906863e-12  1.033905e+02   3.209125900e+01 
  788.000  9.270260e+02  1.414498e+01  9.411710e+01   2.995840454e+01 
  788.000  9.279773e+02  1.397905e+01  9.415832e+01   2.997209930e+01 
  788.000  9.686263e+02  1.765100e-12  1.022410e+02   3.182315254e+01 
  789.000  9.218652e+02  1.391670e+01  9.357819e+01   2.978686333e+01 
  789.000  9.228867e+02  1.375511e+01  9.360490e+01   2.979813766e+01 
  789.000  9.654456e+02  3.543837e-14  1.013064e+02   3.157387543e+01 
  790.000  9.091250e+02  1.349024e+01  9.226153e+01   2.936775780e+01 
  790.000  9.105511e+02  1.334199e+01  9.221627e+01   2.936732101e+01 
  790.000  9.624570e+02  2.364667e-12  9.868570e+01   3.090261269e+01 
  791.000  9.067713e+02  1.342628e+01  9.201977e+01   2.929080200e+01 
  791.000  9.080061e+02  1.327518e+01  9.200482e+01   2.929520035e+01 
  791.000  9.557884e+02  2.207866e-12  9.878526e+01   3.088823700e+01 
  792.000  9.061533e+02  1.345601e+01  9.196093e+01   2.927207375e+01 
  792.000  9.072176e+02  1.330052e+01  9.197423e+01   2.928094482e+01 
  792.000  9.505103e+02 -9.781182e-13  9.927094e+01   3.096295357e+01 
  793.000  8.945596e+02  1.329867e+01  9.078584e+01   2.889802933e+01 
  793.000  8.954804e+02  1.314166e+01  9.082036e+01   2.891018677e+01 
  793.000  9.351508e+02  2.705703e-13  9.834801e+01   3.062775040e+01 
  794.000  8.856605e+02  1.322299e+01  8.988835e+01   2.861235046e+01 
  794.000  8.862882e+02  1.306107e+01  8.996953e+01   2.863190269e+01 
  794.000  9.182143e+02 -2.881826e-12  9.818863e+01   3.047249413e+01 
  795.000  8.884397e+02  1.318132e+01  9.016210e+01   2.869948769e+01 
  795.000  8.890149e+02  1.302093e+01  9.025125e+01   2.872032928e+01 
  795.000  9.189011e+02  9.476670e-13  9.862827e+01   3.059350586e+01 
  796.000  8.848884e+02  1.264022e+01  8.975286e+01   2.856922150e+01 
  796.000  8.863357e+02  1.250374e+01  8.969218e+01   2.856594849e+01 
  796.000  9.382827e+02  3.970110e-12  9.540501e+01   2.994276047e+01 
  797.000  8.971480e+02  1.282958e+01  9.099776e+01   2.896548462e+01 
  797.000  8.984479e+02  1.268746e+01  9.096356e+01   2.896653938e+01 
  797.000  9.462692e+02  1.189652e-13  9.719603e+01   3.044591522e+01 
  798.000  9.068707e+02  1.306492e+01  9.199355e+01   2.928245735e+01 
  798.000  9.078132e+02  1.291276e+01  9.202095e+01   2.929345322e+01 
  798.000  9.470627e+02 -8.867347e-14  9.928033e+01   3.096709442e+01 
  799.000  9.039659e+02  1.301550e+01  9.169814e+01   2.918842316e+01 
  799.000  9.047581e+02  1.286286e+01  9.174953e+01   2.920325279e+01 
  799.000  9.398399e+02  4.146278e-12  9.937070e+01   3.094700050e+01 
  800.000  8.839578e+02  1.256958e+01  8.965273e+01   2.853734970e+01 
  800.000  8.850089e+02  1.242660e+01  8.965562e+01   2.854421234e+01 
  800.000  9.266904e+02  1.426811e-12  9.623743e+01   3.008418083e+01 
