  400.000  9.373175e+02  2.653589e+02  9.263242e+01   2.363587379e+01 
  400.000  9.427128e+02  2.636354e+02  9.629514e+01   2.438997841e+01 
  400.000  1.438407e+03  7.766797e-13  3.192574e+02   8.051561737e+01 
  401.000  9.372017e+02  2.626860e+02  9.232571e+01   2.357505798e+01 
  401.000  9.425505e+02  2.609668e+02  9.594682e+01   2.432059288e+01 
  401.000  1.432868e+03  2.088960e-12  3.165915e+02   7.980549622e+01 
  402.000  9.738296e+02  2.696324e+02  9.549632e+01   2.440200424e+01 
  402.000  9.793297e+02  2.678515e+02  9.920763e+01   2.516610146e+01 
  402.000  1.481764e+03  4.592615e-12  3.257678e+02   8.204560089e+01 
  403.000  9.206918e+02  2.518505e+02  8.934681e+01   2.280971146e+01 
  403.000  9.258406e+02  2.501739e+02  9.281210e+01   2.352307892e+01 
  403.000  1.394836e+03  4.989894e-13  3.046652e+02   7.663411713e+01 
  404.000  9.892540e+02  2.671701e+02  9.559362e+01   2.442667198e+01 
  404.000  9.947275e+02  2.653751e+02  9.926400e+01   2.518227386e+01 
  404.000  1.492698e+03 -2.024847e-12  3.236130e+02   8.139900970e+01 
  405.000  9.612646e+02  2.564345e+02  9.253199e+01   2.366640091e+01 
  405.000  9.665286e+02  2.546965e+02  9.604951e+01   2.439054680e+01 
  405.000  1.444768e+03  1.018758e-12  3.110622e+02   7.823626709e+01 
  406.000  9.080381e+02  2.394476e+02  8.709552e+01   2.229509163e+01 
  406.000  9.129611e+02  2.378113e+02  9.037517e+01   2.297025681e+01 
  406.000  1.358777e+03  2.626009e-12  2.912003e+02   7.318531799e+01 
  407.000  9.221281e+02  2.401469e+02  8.806351e+01   2.256074905e+01 
  407.000  9.270740e+02  2.384917e+02  9.134784e+01   2.323686790e+01 
  407.000  1.373508e+03  1.489207e-12  2.928070e+02   7.353144836e+01 
  408.000  9.558132e+02  2.456797e+02  8.926641e+01   2.277818871e+01 
  408.000  9.608909e+02  2.439758e+02  9.263227e+01   2.347091484e+01 
  408.000  1.419274e+03  1.397312e-12  2.989044e+02   7.495971680e+01 
  409.000  1.031678e+03  2.619679e+02  9.579879e+01   2.445450020e+01 
  409.000  1.037104e+03  2.601367e+02  9.938387e+01   2.519233322e+01 
  409.000  1.526381e+03 -7.557998e-13  3.190633e+02   8.000093842e+01 
  410.000  8.300001e+02  2.083120e+02  7.679865e+01   1.962183762e+01 
  410.000  8.343215e+02  2.068446e+02  7.964541e+01   2.020771599e+01 
  410.000  1.223158e+03  2.993748e-13  2.542478e+02   6.372301483e+01 
  411.000  1.014529e+03  2.513024e+02  9.350144e+01   2.391336060e+01 
  411.000  1.019752e+03  2.495168e+02  9.693024e+01   2.461902237e+01 
  411.000  1.488556e+03 -2.288017e-13  3.074452e+02   7.702274323e+01 
  412.000  1.042030e+03  2.552942e+02  9.556375e+01   2.445020485e+01 
  412.000  1.047344e+03  2.534677e+02  9.904333e+01   2.516628838e+01 
  412.000  1.522866e+03 -5.016041e-12  3.130493e+02   7.835864258e+01 
  413.000  9.861574e+02  2.385601e+02  8.907525e+01   2.274178886e+01 
  413.000  9.911375e+02  2.368423e+02  9.232863e+01   2.341122437e+01 
  413.000  1.436888e+03 -5.653593e-14  2.922253e+02   7.309449005e+01 
  414.000  1.039584e+03  2.485465e+02  9.355414e+01   2.390568924e+01 
  414.000  1.044781e+03  2.467437e+02  9.693915e+01   2.460220528e+01 
  414.000  1.509067e+03  2.935815e-12  3.050767e+02   7.628435516e+01 
  415.000  1.019166e+03  2.408160e+02  9.139883e+01   2.337594604e+01 
  415.000  1.024208e+03  2.390564e+02  9.467390e+01   2.404982948e+01 
  415.000  1.473199e+03  9.222970e-13  2.964465e+02   7.406876373e+01 
  416.000  1.068996e+03  2.496764e+02  9.554202e+01   2.445728111e+01 
  416.000  1.074232e+03  2.478392e+02  9.893288e+01   2.515497398e+01 
  416.000  1.538889e+03 -6.291448e-13  3.082346e+02   7.695696259e+01 
  417.000  1.001216e+03  2.312449e+02  8.916856e+01   2.284407997e+01 
  417.000  1.006073e+03  2.295320e+02  9.230523e+01   2.348947144e+01 
  417.000  1.436606e+03 -1.525503e-12  2.859662e+02   7.138989258e+01 
  418.000  1.005269e+03  2.293376e+02  8.874044e+01   2.272374153e+01 
  418.000  1.010097e+03  2.276275e+02  9.184986e+01   2.336347198e+01 
  418.000  1.437584e+03  3.830619e-14  2.838321e+02   7.082061005e+01 
  419.000  1.029262e+03  2.319488e+02  9.050098e+01   2.319417381e+01 
  419.000  1.034152e+03  2.302068e+02  9.364169e+01   2.384033394e+01 
  419.000  1.466514e+03  1.138283e-13  2.876664e+02   7.176019287e+01 
  420.000  9.212367e+02  2.053628e+02  8.075006e+01   2.071269798e+01 
  420.000  9.255736e+02  2.038109e+02  8.352744e+01   2.128410721e+01 
  420.000  1.308603e+03 -2.298906e-12  2.551191e+02   6.364130402e+01 
  421.000  1.081741e+03  2.383899e+02  9.450863e+01   2.426344109e+01 
  421.000  1.086783e+03  2.365766e+02  9.772856e+01   2.492589378e+01 
  421.000  1.531372e+03 -5.990860e-12  2.967824e+02   7.401992798e+01 
  422.000  1.077601e+03  2.347873e+02  9.379681e+01   2.409888268e+01 
  422.000  1.082575e+03  2.329901e+02  9.696438e+01   2.475055504e+01 
  422.000  1.520577e+03  7.515900e-13  2.928527e+02   7.302938080e+01 
  423.000  9.646264e+02  2.075409e+02  8.228658e+01   2.106772995e+01 
  423.000  9.690352e+02  2.059441e+02  8.509080e+01   2.164450073e+01 
  423.000  1.356555e+03 -1.675480e-12  2.586959e+02   6.437815094e+01 
  424.000  9.435442e+02  2.006740e+02  8.007868e+01   2.051099014e+01 
  424.000  9.478148e+02  1.991206e+02  8.278765e+01   2.106815529e+01 
  424.000  1.322966e+03 -2.086043e-12  2.504671e+02   6.232623291e+01 
  425.000  9.533228e+02  2.004573e+02  8.065125e+01   2.067599869e+01 
  425.000  9.575945e+02  1.988960e+02  8.335390e+01   2.123184967e+01 
  425.000  1.331861e+03  7.404329e-13  2.508878e+02   6.239853668e+01 
  426.000  1.033864e+03  2.151779e+02  8.721638e+01   2.237670517e+01 
  426.000  1.038454e+03  2.134926e+02  9.011414e+01   2.297266197e+01 
  426.000  1.439107e+03 -2.397987e-12  2.701823e+02   6.713694763e+01 
  427.000  9.644922e+02  1.984504e+02  8.117152e+01   2.084940338e+01 
  427.000  9.687321e+02  1.968867e+02  8.384047e+01   2.139830589e+01 
  427.000  1.338686e+03  2.195019e-12  2.496316e+02   6.204905319e+01 
  428.000  9.668048e+02  1.968253e+02  8.186405e+01   2.109574318e+01 
  428.000  9.710139e+02  1.952644e+02  8.450410e+01   2.163877869e+01 
  428.000  1.338373e+03  4.818893e-14  2.483546e+02   6.181764984e+01 
  429.000  8.691743e+02  1.750959e+02  7.340154e+01   1.893123245e+01 
  429.000  8.729225e+02  1.736997e+02  7.574731e+01   1.941371918e+01 
  429.000  1.198821e+03  1.326749e-12  2.216914e+02   5.513455200e+01 
  430.000  7.433858e+02  1.481784e+02  6.259791e+01   1.615802956e+01 
  430.000  7.465617e+02  1.469905e+02  6.458085e+01   1.656587982e+01 
  430.000  1.022187e+03  3.045270e-13  1.880692e+02   4.675989914e+01 
  431.000  6.225557e+02  1.226693e+02  5.225883e+01   1.350163460e+01 
  431.000  6.251896e+02  1.216802e+02  5.389854e+01   1.383889484e+01 
  431.000  8.540588e+02 -3.992221e-13  1.558573e+02   3.877841187e+01 
  432.000  1.111504e+03  2.165744e+02  9.285774e+01   2.400012589e+01 
  432.000  1.116160e+03  2.148188e+02  9.575008e+01   2.459498978e+01 
  432.000  1.519271e+03 -1.917300e-12  2.760179e+02   6.860823822e+01 
  433.000  1.059302e+03  2.036741e+02  8.606252e+01   2.212459183e+01 
  433.000  1.063696e+03  2.020163e+02  8.879036e+01   2.268541718e+01 
  433.000  1.443570e+03  2.765203e-12  2.589451e+02   6.418180847e+01 
  434.000  9.944153e+02  1.891318e+02  8.050227e+01   2.070961952e+01 
  434.000  9.985013e+02  1.875845e+02  8.303296e+01   2.122990608e+01 
  434.000  1.351923e+03 -1.140877e-12  2.407813e+02   5.969823074e+01 
  435.000  1.093540e+03  2.057995e+02  8.827701e+01   2.272906876e+01 
  435.000  1.097994e+03  2.041075e+02  9.102795e+01   2.329464340e+01 
  435.000  1.483550e+03  7.253082e-13  2.623037e+02   6.507170868e+01 
  436.000  1.207386e+03  2.246996e+02  9.717992e+01   2.504304695e+01 
  436.000  1.212253e+03  2.228423e+02  1.001800e+02   2.565982628e+01 
  436.000  1.632328e+03  5.778147e-13  2.873474e+02   7.123798370e+01 
  437.000  1.194013e+03  2.198944e+02  9.574564e+01   2.468694687e+01 
  437.000  1.198781e+03  2.180680e+02  9.867892e+01   2.528994560e+01 
  437.000  1.608740e+03  3.688811e-12  2.821267e+02   6.987832642e+01 
  438.000  1.088068e+03  1.979949e+02  8.512395e+01   2.184322929e+01 
  438.000  1.092373e+03  1.963445e+02  8.777158e+01   2.238732910e+01 
  438.000  1.461773e+03  1.876387e-14  2.535944e+02   6.263384628e+01 
  439.000  9.799844e+02  1.762346e+02  7.630116e+01   1.958989143e+01 
  439.000  9.838254e+02  1.747582e+02  7.865603e+01   2.007384300e+01 
  439.000  1.314823e+03  3.597503e-14  2.256135e+02   5.579946899e+01 
  440.000  1.058889e+03  1.885136e+02  8.222840e+01   2.112853432e+01 
  440.000  1.063002e+03  1.869272e+02  8.474477e+01   2.164566231e+01 
  440.000  1.416351e+03  1.743097e-12  2.420865e+02   5.983702087e+01 
  441.000  1.128808e+03  1.988412e+02  8.741354e+01   2.248102188e+01 
  441.000  1.133159e+03  1.971624e+02  9.006394e+01   2.302580070e+01 
  441.000  1.504814e+03 -2.389804e-12  2.563915e+02   6.331025314e+01 
  442.000  1.193691e+03  2.079784e+02  9.209860e+01   2.370319176e+01 
  442.000  1.198257e+03  2.062169e+02  9.486719e+01   2.427239227e+01 
  442.000  1.587049e+03 -8.541200e-12  2.689192e+02   6.638156128e+01 
  443.000  1.167083e+03  2.008931e+02  8.876165e+01   2.280705261e+01 
  443.000  1.171549e+03  1.991965e+02  9.143326e+01   2.335688210e+01 
  443.000  1.549559e+03 -6.936976e-13  2.598049e+02   6.408278656e+01 
  444.000  1.182313e+03  2.013423e+02  8.963504e+01   2.304314613e+01 
  444.000  1.186764e+03  1.996246e+02  9.231408e+01   2.359401321e+01 
  444.000  1.565630e+03  6.184171e-12  2.606422e+02   6.431064606e+01 
  445.000  1.175174e+03  1.978719e+02  8.882951e+01   2.285971642e+01 
  445.000  1.179569e+03  1.961791e+02  9.145860e+01   2.340050316e+01 
  445.000  1.553597e+03  7.652830e-13  2.565639e+02   6.335199738e+01 
  446.000  1.093456e+03  1.822250e+02  8.243618e+01   2.123271561e+01 
  446.000  1.097512e+03  1.806604e+02  8.485455e+01   2.173021126e+01 
  446.000  1.441189e+03  7.087233e-14  2.371840e+02   5.851944351e+01 
  447.000  1.229834e+03  2.030951e+02  9.239655e+01   2.380447578e+01 
  447.000  1.234343e+03  2.013406e+02  9.509179e+01   2.435867882e+01 
  447.000  1.616728e+03 -8.651670e-13  2.648277e+02   6.531588745e+01 
  448.000  1.294272e+03  2.109930e+02  9.462195e+01   2.424438667e+01 
  448.000  1.298963e+03  2.091610e+02  9.743126e+01   2.482170486e+01 
  448.000  1.699100e+03 -1.916480e-13  2.736498e+02   6.739578247e+01 
  449.000  1.254504e+03  2.024803e+02  9.132748e+01   2.340515709e+01 
  449.000  1.259001e+03  2.007134e+02  9.402213e+01   2.395875168e+01 
  449.000  1.640631e+03  8.469376e-13  2.636401e+02   6.482548523e+01 
  450.000  1.301056e+03  2.079699e+02  9.449522e+01   2.423400688e+01 
  450.000  1.305670e+03  2.061461e+02  9.726095e+01   2.480208015e+01 
  450.000  1.696495e+03  9.586590e-13  2.715898e+02   6.674226379e+01 
  451.000  1.385498e+03  2.193203e+02  1.003908e+02   2.576505089e+01 
  451.000  1.390364e+03  2.173882e+02  1.033054e+02   2.636360931e+01 
  451.000  1.802480e+03 -4.481501e-12  2.869880e+02   7.053178406e+01 
  452.000  1.301939e+03  2.040089e+02  9.409286e+01   2.416705513e+01 
  452.000  1.306467e+03  2.022036e+02  9.680188e+01   2.472333527e+01 
  452.000  1.689881e+03  4.412205e-13  2.675260e+02   6.575369263e+01 
  453.000  1.165190e+03  1.803759e+02  8.220865e+01   2.101446342e+01 
  453.000  1.169204e+03  1.787746e+02  8.460934e+01   2.150728607e+01 
  453.000  1.508828e+03  1.301577e-12  2.359978e+02   5.785629272e+01 
  454.000  1.241727e+03  1.901467e+02  8.698724e+01   2.222800827e+01 
  454.000  1.245964e+03  1.884519e+02  8.951741e+01   2.274735069e+01 
  454.000  1.603632e+03 -4.987237e-13  2.492861e+02   6.105957031e+01 
  455.000  1.294328e+03  1.962231e+02  9.045205e+01   2.313237762e+01 
  455.000  1.298703e+03  1.944671e+02  9.306103e+01   2.366787148e+01 
  455.000  1.668318e+03 -3.574104e-12  2.577352e+02   6.314867783e+01 
  456.000  1.307914e+03  1.963423e+02  9.118532e+01   2.333862305e+01 
  456.000  1.312296e+03  1.945785e+02  9.379381e+01   2.387399483e+01 
  456.000  1.682221e+03  7.720050e-13  2.584972e+02   6.333683395e+01 
  457.000  1.358118e+03  2.017917e+02  9.443949e+01   2.419112968e+01 
  457.000  1.362627e+03  1.999719e+02  9.711819e+01   2.474090004e+01 
  457.000  1.743250e+03  8.447850e-13  2.662436e+02   6.524811554e+01 
  458.000  1.290634e+03  1.895011e+02  8.761201e+01   2.233357239e+01 
  458.000  1.294881e+03  1.877871e+02  9.013358e+01   2.285095978e+01 
  458.000  1.654397e+03 -9.013818e-13  2.490731e+02   6.093473816e+01 
  459.000  1.322113e+03  1.921745e+02  8.913951e+01   2.271387863e+01 
  459.000  1.326425e+03  1.904302e+02  9.169627e+01   2.323843575e+01 
  459.000  1.690813e+03  2.305146e-12  2.530395e+02   6.185566330e+01 
  460.000  1.308689e+03  1.883767e+02  8.802936e+01   2.244948578e+01 
  460.000  1.312922e+03  1.866608e+02  9.053371e+01   2.296328735e+01 
  460.000  1.670983e+03  4.023670e-13  2.484345e+02   6.076103210e+01 
  461.000  1.319436e+03  1.881116e+02  8.855137e+01   2.260053635e+01 
  461.000  1.323666e+03  1.863922e+02  9.105024e+01   2.311320114e+01 
  461.000  1.681271e+03 -1.716998e-12  2.486826e+02   6.082170868e+01 
  462.000  1.297269e+03  1.829167e+02  8.666849e+01   2.212794304e+01 
  462.000  1.301387e+03  1.812383e+02  8.909683e+01   2.262610435e+01 
  462.000  1.648592e+03  1.769719e-13  2.425310e+02   5.927889633e+01 
  463.000  1.311790e+03  1.829989e+02  8.587427e+01   2.183609581e+01 
  463.000  1.315921e+03  1.813153e+02  8.830836e+01   2.233533287e+01 
  463.000  1.665330e+03  5.632738e-13  2.418147e+02   5.902878571e+01 
  464.000  1.307144e+03  1.805248e+02  8.532158e+01   2.171010208e+01 
  464.000  1.311222e+03  1.788582e+02  8.772097e+01   2.220219421e+01 
  464.000  1.655245e+03 -1.335940e-12  2.393023e+02   5.838414764e+01 
  465.000  1.267063e+03  1.734328e+02  8.253419e+01   2.101618767e+01 
  465.000  1.270984e+03  1.718266e+02  8.483761e+01   2.148857307e+01 
  465.000  1.600692e+03 -2.083784e-12  2.306360e+02   5.623862457e+01 
  466.000  1.324240e+03  1.793235e+02  8.604393e+01   2.192956543e+01 
  466.000  1.328299e+03  1.776570e+02  8.842336e+01   2.241754341e+01 
  466.000  1.668792e+03  1.605362e-12  2.392661e+02   5.832482147e+01 
  467.000  1.266510e+03  1.698090e+02  8.207584e+01   2.093400574e+01 
  467.000  1.270359e+03  1.682257e+02  8.432752e+01   2.139578438e+01 
  467.000  1.594069e+03 -4.242559e-13  2.268368e+02   5.533942032e+01 
  468.000  1.323768e+03  1.756396e+02  8.398489e+01   2.132650948e+01 
  468.000  1.327759e+03  1.739982e+02  8.631841e+01   2.180496597e+01 
  468.000  1.662888e+03 -8.277888e-13  2.341822e+02   5.698474121e+01 
  469.000  1.330631e+03  1.746867e+02  8.396106e+01   2.132423019e+01 
  469.000  1.334621e+03  1.730522e+02  8.627967e+01   2.179979324e+01 
  469.000  1.668151e+03  1.292375e-12  2.335410e+02   5.679547501e+01 
  470.000  1.294346e+03  1.682386e+02  8.147575e+01   2.071366882e+01 
  470.000  1.298214e+03  1.666638e+02  8.370535e+01   2.117121696e+01 
  470.000  1.620280e+03  1.505744e-12  2.255428e+02   5.486091614e+01 
  471.000  1.295756e+03  1.667539e+02  8.138574e+01   2.070636749e+01 
  471.000  1.299579e+03  1.651840e+02  8.359575e+01   2.115969276e+01 
  471.000  1.618897e+03 -8.169335e-14  2.240422e+02   5.450602722e+01 
  472.000  1.340903e+03  1.707910e+02  8.393899e+01   2.137486649e+01 
  472.000  1.344851e+03  1.691829e+02  8.619946e+01   2.183884811e+01 
  472.000  1.673996e+03  9.836985e-13  2.299587e+02   5.597875977e+01 
  473.000  1.303631e+03  1.638276e+02  7.921162e+01   2.005188370e+01 
  473.000  1.307479e+03  1.622893e+02  8.138357e+01   2.049808884e+01 
  473.000  1.627101e+03  2.858965e-12  2.197508e+02   5.336422729e+01 
  474.000  1.300035e+03  1.614247e+02  7.850210e+01   1.988651085e+01 
  474.000  1.303891e+03  1.599134e+02  8.063850e+01   2.032603455e+01 
  474.000  1.623965e+03 -4.115702e-13  2.167241e+02   5.270844650e+01 
  475.000  1.355191e+03  1.661152e+02  8.155119e+01   2.069719315e+01 
  475.000  1.359251e+03  1.645681e+02  8.374299e+01   2.114901733e+01 
  475.000  1.693541e+03  2.124075e-12  2.238636e+02   5.450752258e+01 
  476.000  1.350431e+03  1.634740e+02  8.100259e+01   2.059219551e+01 
  476.000  1.354500e+03  1.619566e+02  8.315405e+01   2.103641510e+01 
  476.000  1.687403e+03 -1.950423e-12  2.211497e+02   5.389171219e+01 
  477.000  1.337450e+03  1.602330e+02  8.000461e+01   2.036127090e+01 
  477.000  1.341480e+03  1.587466e+02  8.211000e+01   2.079634476e+01 
  477.000  1.670278e+03  2.528691e-12  2.173090e+02   5.299324799e+01 
  478.000  1.392927e+03  1.649995e+02  8.030894e+01   2.025557518e+01 
  478.000  1.397085e+03  1.634647e+02  8.248717e+01   2.070539093e+01 
  478.000  1.736782e+03 -1.614786e-12  2.222636e+02   5.397291183e+01 
  479.000  1.315150e+03  1.545600e+02  7.520618e+01   1.893514824e+01 
  479.000  1.319002e+03  1.531109e+02  7.725006e+01   1.935667229e+01 
  479.000  1.635755e+03  9.542683e-13  2.079928e+02   5.046431351e+01 
  480.000  1.365148e+03  1.593524e+02  7.798820e+01   1.963368034e+01 
  480.000  1.369047e+03  1.578426e+02  8.009834e+01   2.006807899e+01 
  480.000  1.692523e+03  1.999923e-13  2.145338e+02   5.203487396e+01 
  481.000  1.343025e+03  1.557161e+02  7.665258e+01   1.929442787e+01 
  481.000  1.346760e+03  1.542247e+02  7.871752e+01   1.971869469e+01 
  481.000  1.658656e+03 -4.575663e-12  2.099418e+02   5.087033463e+01 
  482.000  1.388857e+03  1.598180e+02  7.907648e+01   1.989872551e+01 
  482.000  1.392630e+03  1.582734e+02  8.119823e+01   2.033399010e+01 
  482.000  1.709241e+03 -3.351719e-12  2.158192e+02   5.223995972e+01 
  483.000  1.364256e+03  1.554669e+02  7.566348e+01   1.890947533e+01 
  483.000  1.367895e+03  1.539553e+02  7.773495e+01   1.933388710e+01 
  483.000  1.674091e+03  4.660795e-13  2.091308e+02   5.042183304e+01 
  484.000  1.323774e+03  1.496084e+02  7.315497e+01   1.828217888e+01 
  484.000  1.327262e+03  1.481474e+02  7.514867e+01   1.869045830e+01 
  484.000  1.621463e+03  1.892054e-12  2.014953e+02   4.857073593e+01 
  485.000  1.297476e+03  1.452104e+02  7.154289e+01   1.789650345e+01 
  485.000  1.300881e+03  1.437918e+02  7.347533e+01   1.829240036e+01 
  485.000  1.587345e+03 -3.960118e-12  1.959949e+02   4.726715088e+01 
  486.000  1.145780e+03  1.272052e+02  6.307153e+01   1.578735828e+01 
  486.000  1.148756e+03  1.259579e+02  6.476410e+01   1.613401031e+01 
  486.000  1.399508e+03 -4.350054e-13  1.720548e+02   4.149288559e+01 
  487.000  1.170492e+03  1.286828e+02  6.403323e+01   1.601947784e+01 
  487.000  1.173492e+03  1.274151e+02  6.574625e+01   1.637014580e+01 
  487.000  1.426624e+03  2.794336e-13  1.743501e+02   4.201234818e+01 
  488.000  1.283250e+03  1.395076e+02  6.731628e+01   1.665167999e+01 
  488.000  1.286515e+03  1.381315e+02  6.918161e+01   1.703338051e+01 
  488.000  1.562460e+03  3.951183e-13  1.874035e+02   4.493927765e+01 
  489.000  1.224605e+03  1.318560e+02  6.403334e+01   1.584769058e+01 
  489.000  1.227692e+03  1.305514e+02  6.579576e+01   1.620829964e+01 
  489.000  1.489338e+03 -3.631566e-13  1.773582e+02   4.254971313e+01 
  490.000  1.395762e+03  1.488855e+02  7.283578e+01   1.804120827e+01 
  490.000  1.399250e+03  1.474087e+02  7.482452e+01   1.844810486e+01 
  490.000  1.693803e+03 -3.228328e-12  2.009832e+02   4.818814087e+01 
  491.000  1.298436e+03  1.373277e+02  6.763226e+01   1.676522446e+01 
  491.000  1.301655e+03  1.359626e+02  6.946548e+01   1.714029884e+01 
  491.000  1.572855e+03 -8.042953e-14  1.859473e+02   4.456575012e+01 
  492.000  1.218243e+03  1.276252e+02  6.313665e+01   1.564905930e+01 
  492.000  1.221235e+03  1.263528e+02  6.484023e+01   1.599755955e+01 
  492.000  1.473597e+03  1.758878e-12  1.730571e+02   4.146874237e+01 
  493.000  1.342815e+03  1.390160e+02  6.671433e+01   1.634220505e+01 
  493.000  1.346085e+03  1.376276e+02  6.857788e+01   1.672327042e+01 
  493.000  1.622212e+03 -2.957015e-12  1.869632e+02   4.457222748e+01 
  494.000  1.291915e+03  1.325034e+02  6.394098e+01   1.566741467e+01 
  494.000  1.295034e+03  1.311767e+02  6.571670e+01   1.603050423e+01 
  494.000  1.559110e+03  1.436654e-12  1.784139e+02   4.254754257e+01 
  495.000  1.427861e+03  1.451266e+02  7.053175e+01   1.729709053e+01 
  495.000  1.431281e+03  1.436700e+02  7.247562e+01   1.769455528e+01 
  495.000  1.721073e+03 -3.084618e-12  1.958051e+02   4.670956802e+01 
  496.000  1.353477e+03  1.364104e+02  6.673611e+01   1.637942505e+01 
  496.000  1.356695e+03  1.350383e+02  6.856241e+01   1.675284958e+01 
  496.000  1.630032e+03 -3.039602e-12  1.843104e+02   4.399337387e+01 
  497.000  1.347056e+03  1.345201e+02  6.624407e+01   1.626926613e+01 
  497.000  1.350233e+03  1.331638e+02  6.804423e+01   1.663734818e+01 
  497.000  1.620432e+03 -3.024255e-12  1.820966e+02   4.347663879e+01 
  498.000  1.278309e+03  1.263192e+02  6.023951e+01   1.460875988e+01 
  498.000  1.281301e+03  1.250437e+02  6.193721e+01   1.495573997e+01 
  498.000  1.536007e+03  4.138664e-13  1.695298e+02   4.025798416e+01 
  499.000  1.321983e+03  1.292401e+02  6.173849e+01   1.495349026e+01 
  499.000  1.325050e+03  1.279321e+02  6.347569e+01   1.530853176e+01 
  499.000  1.586618e+03  3.795656e-12  1.735159e+02   4.118627930e+01 
  500.000  1.301097e+03  1.260601e+02  6.064381e+01   1.470204449e+01 
  500.000  1.304097e+03  1.247823e+02  6.233716e+01   1.504817200e+01 
  500.000  1.560360e+03  3.863894e-12  1.695127e+02   4.026197052e+01 
  501.000  1.286390e+03  1.235490e+02  5.984322e+01   1.452142048e+01 
  501.000  1.289341e+03  1.222949e+02  6.150176e+01   1.486049557e+01 
  501.000  1.542181e+03 -4.090383e-13  1.662915e+02   3.953759766e+01 
  502.000  1.242416e+03  1.179916e+02  5.746346e+01   1.395421219e+01 
  502.000  1.245310e+03  1.168029e+02  5.904257e+01   1.427770042e+01 
  502.000  1.490557e+03  1.458282e-12  1.589937e+02   3.784999847e+01 
  503.000  1.318987e+03  1.233880e+02  5.740682e+01   1.369531250e+01 
  503.000  1.322141e+03  1.221611e+02  5.906152e+01   1.403510189e+01 
  503.000  1.584603e+03 -1.459212e-12  1.642663e+02   3.886914062e+01 
  504.000  1.296059e+03  1.194636e+02  5.589627e+01   1.336115074e+01 
  504.000  1.299360e+03  1.183110e+02  5.748402e+01   1.368927956e+01 
  504.000  1.561814e+03  2.277224e-12  1.596513e+02   3.784373856e+01 
  505.000  1.323412e+03  1.215918e+02  5.712831e+01   1.363292217e+01 
  505.000  1.326534e+03  1.203780e+02  5.875805e+01   1.396761417e+01 
  505.000  1.588489e+03 -3.130165e-12  1.619814e+02   3.837878799e+01 
  506.000  1.402792e+03  1.276851e+02  6.043048e+01   1.443591118e+01 
  506.000  1.406081e+03  1.264082e+02  6.214079e+01   1.478720188e+01 
  506.000  1.681256e+03  1.922201e-12  1.706655e+02   4.042395401e+01 
  507.000  1.329023e+03  1.196611e+02  5.689899e+01   1.359860325e+01 
  507.000  1.332193e+03  1.184754e+02  5.849621e+01   1.392737103e+01 
  507.000  1.591956e+03  1.465531e-12  1.604571e+02   3.799394989e+01 
  508.000  1.258584e+03  1.123978e+02  5.140964e+01   1.207273197e+01 
  508.000  1.261459e+03  1.112652e+02  5.292363e+01   1.238325500e+01 
  508.000  1.503175e+03 -4.559962e-13  1.490214e+02   3.503277969e+01 
  509.000  1.362466e+03  1.206671e+02  5.543292e+01   1.301028728e+01 
  509.000  1.365515e+03  1.194425e+02  5.705995e+01   1.334362793e+01 
  509.000  1.624072e+03 -1.161809e-12  1.600900e+02   3.761666870e+01 
  510.000  1.345285e+03  1.183725e+02  5.468024e+01   1.283603287e+01 
  510.000  1.348225e+03  1.171609e+02  5.627855e+01   1.316303158e+01 
  510.000  1.600513e+03 -9.274411e-13  1.572292e+02   3.693143845e+01 
  511.000  1.343714e+03  1.173108e+02  5.454361e+01   1.280931377e+01 
  511.000  1.346587e+03  1.161010e+02  5.612920e+01   1.313333797e+01 
  511.000  1.595393e+03 -2.365952e-12  1.561110e+02   3.665334702e+01 
  512.000  1.381976e+03  1.197311e+02  5.596198e+01   1.314608002e+01 
  512.000  1.384893e+03  1.184914e+02  5.758075e+01   1.347672462e+01 
  512.000  1.638564e+03  3.951887e-12  1.595875e+02   3.746118927e+01 
  513.000  1.291787e+03  1.107976e+02  5.052834e+01   1.172656536e+01 
  513.000  1.294474e+03  1.096458e+02  5.203150e+01   1.203335667e+01 
  513.000  1.529138e+03 -6.174101e-13  1.467690e+02   3.428360367e+01 
  514.000  1.279401e+03  1.088156e+02  4.977514e+01   1.154454041e+01 
  514.000  1.282039e+03  1.076818e+02  5.125148e+01   1.184580994e+01 
  514.000  1.512377e+03 -1.300851e-12  1.443579e+02   3.369553757e+01 
  515.000  1.264679e+03  1.066436e+02  4.911483e+01   1.140142822e+01 
  515.000  1.267263e+03  1.055297e+02  5.056120e+01   1.169654942e+01 
  515.000  1.492991e+03 -3.341394e-12  1.418102e+02   3.309727859e+01 
  516.000  1.356247e+03  1.133797e+02  5.257522e+01   1.221604729e+01 
  516.000  1.358996e+03  1.121932e+02  5.411233e+01   1.252967644e+01 
  516.000  1.599637e+03  1.926498e-12  1.510382e+02   3.526218796e+01 
  517.000  1.104694e+03  9.146124e+01  4.273642e+01   9.940138817e+00 
  517.000  1.106913e+03  9.050200e+01  4.397582e+01   1.019301891e+01 
  517.000  1.301566e+03  9.807600e-13  1.220964e+02   2.851384354e+01 
  518.000  1.217853e+03  9.997826e+01  4.613124e+01   1.065525341e+01 
  518.000  1.220285e+03  9.892825e+01  4.748811e+01   1.093206406e+01 
  518.000  1.434161e+03  4.988937e-12  1.329421e+02   3.097777748e+01 
  519.000  1.158810e+03  9.423421e+01  4.361884e+01   1.006740189e+01 
  519.000  1.161104e+03  9.324259e+01  4.489776e+01   1.032829857e+01 
  519.000  1.363642e+03  2.609331e-12  1.253576e+02   2.920903969e+01 
  520.000  1.286887e+03  1.038324e+02  4.836044e+01   1.117134094e+01 
  520.000  1.289418e+03  1.027380e+02  4.976913e+01   1.145870972e+01 
  520.000  1.513284e+03 -1.433591e-12  1.383369e+02   3.224509048e+01 
  521.000  1.308500e+03  1.045731e+02  4.907467e+01   1.134820175e+01 
  521.000  1.311052e+03  1.034686e+02  5.049282e+01   1.163750076e+01 
  521.000  1.537452e+03  2.558658e-12  1.395798e+02   3.255064774e+01 
  522.000  1.342689e+03  1.064991e+02  5.026998e+01   1.163360691e+01 
  522.000  1.345292e+03  1.053726e+02  5.171378e+01   1.192814636e+01 
  522.000  1.576838e+03  1.026668e-12  1.423246e+02   3.320738602e+01 
  523.000  1.269553e+03  9.976704e+01  4.700310e+01   1.084743309e+01 
  523.000  1.271997e+03  9.871015e+01  4.835627e+01   1.112347889e+01 
  523.000  1.490183e+03 -2.927910e-12  1.331895e+02   3.105472946e+01 
  524.000  1.369864e+03  1.067080e+02  5.054051e+01   1.167042828e+01 
  524.000  1.372505e+03  1.055788e+02  5.198644e+01   1.196557236e+01 
  524.000  1.607736e+03  9.341014e-13  1.426241e+02   3.327453232e+01 
  525.000  1.359900e+03  1.050197e+02  5.007541e+01   1.157628345e+01 
  525.000  1.362520e+03  1.039088e+02  5.149725e+01   1.186665058e+01 
  525.000  1.596442e+03  4.121018e-14  1.404836e+02   3.281604004e+01 
  526.000  1.286485e+03  9.854065e+01  4.730116e+01   1.094231606e+01 
  526.000  1.288923e+03  9.749283e+01  4.863620e+01   1.121476936e+01 
  526.000  1.509527e+03  8.076858e-13  1.318653e+02   3.083061600e+01 
  527.000  1.179560e+03  8.939414e+01  4.325337e+01   1.001878834e+01 
  527.000  1.181797e+03  8.844434e+01  4.446313e+01   1.026583767e+01 
  527.000  1.384096e+03  2.475191e-12  1.198214e+02   2.804590034e+01 
  528.000  1.350551e+03  1.015175e+02  4.900617e+01   1.132112312e+01 
  528.000  1.353098e+03  1.004375e+02  5.038079e+01   1.160184288e+01 
  528.000  1.584796e+03  2.205736e-12  1.358425e+02   3.178673172e+01 
  529.000  1.357121e+03  1.010602e+02  4.910229e+01   1.135204029e+01 
  529.000  1.359670e+03  9.998418e+01  5.047005e+01   1.163142872e+01 
  529.000  1.592378e+03  3.679697e-12  1.353710e+02   3.170453453e+01 
  530.000  1.343750e+03  9.927468e+01  4.854213e+01   1.123178196e+01 
  530.000  1.346252e+03  9.821494e+01  4.988576e+01   1.150619888e+01 
  530.000  1.576422e+03 -3.267044e-13  1.330728e+02   3.119520569e+01 
  531.000  1.422359e+03  1.041980e+02  5.129270e+01   1.187951946e+01 
  531.000  1.424992e+03  1.030843e+02  5.270238e+01   1.216745090e+01 
  531.000  1.667910e+03 -1.458778e-13  1.398930e+02   3.281381989e+01 
  532.000  1.348350e+03  9.796732e+01  4.853967e+01   1.125121689e+01 
  532.000  1.350827e+03  9.691824e+01  4.986470e+01   1.152185059e+01 
  532.000  1.580205e+03 -7.576779e-13  1.317328e+02   3.091450310e+01 
  533.000  1.175607e+03  8.469232e+01  4.198480e+01   9.715147972e+00 
  533.000  1.177749e+03  8.378376e+01  4.313065e+01   9.949155807e+00 
  533.000  1.376675e+03  4.524247e-12  1.138933e+02   2.671051407e+01 
  534.000  1.257475e+03  8.986007e+01  4.479165e+01   1.036864471e+01 
  534.000  1.259748e+03  8.889430e+01  4.600716e+01   1.061685848e+01 
  534.000  1.471295e+03  3.369715e-12  1.210376e+02   2.838789368e+01 
  535.000  1.316606e+03  9.340372e+01  4.683371e+01   1.084876919e+01 
  535.000  1.318964e+03  9.239774e+01  4.809696e+01   1.110668659e+01 
  535.000  1.539145e+03  3.939423e-12  1.260269e+02   2.956255722e+01 
  536.000  1.392217e+03  9.787716e+01  4.943959e+01   1.146203518e+01 
  536.000  1.394682e+03  9.682025e+01  5.076307e+01   1.173218822e+01 
  536.000  1.625782e+03  1.849850e-12  1.323428e+02   3.105032158e+01 
  537.000  1.323910e+03  9.233786e+01  4.684973e+01   1.086060238e+01 
  537.000  1.326232e+03  9.133856e+01  4.809832e+01   1.111541367e+01 
  537.000  1.544605e+03  1.099844e-12  1.250064e+02   2.932579803e+01 
  538.000  1.375856e+03  9.514194e+01  4.811901e+01   1.111759090e+01 
  538.000  1.378247e+03  9.411037e+01  4.940638e+01   1.138026524e+01 
  538.000  1.603975e+03 -2.172308e-12  1.286465e+02   3.014320564e+01 
  539.000  1.350563e+03  9.250439e+01  4.713501e+01   1.090325260e+01 
  539.000  1.352914e+03  9.150294e+01  4.838502e+01   1.115847397e+01 
  539.000  1.573888e+03  1.717778e-12  1.253726e+02   2.939327240e+01 
  540.000  1.256605e+03  8.549300e+01  4.379852e+01   1.013860703e+01 
  540.000  1.258783e+03  8.456682e+01  4.495322e+01   1.037438774e+01 
  540.000  1.463357e+03  6.094312e-13  1.160853e+02   2.721898842e+01 
  541.000  1.241684e+03  8.346790e+01  4.312356e+01   1.001019096e+01 
  541.000  1.243962e+03  8.258051e+01  4.424376e+01   1.023993778e+01 
  541.000  1.448621e+03 -1.911787e-12  1.138380e+02   2.673471069e+01 
  542.000  1.325165e+03  8.849091e+01  4.595967e+01   1.066930866e+01 
  542.000  1.327540e+03  8.754354e+01  4.714890e+01   1.091291904e+01 
  542.000  1.544496e+03 -3.204093e-12  1.207279e+02   2.836123657e+01 
  543.000  1.338415e+03  8.868302e+01  4.572861e+01   1.055303097e+01 
  543.000  1.340708e+03  8.772099e+01  4.692572e+01   1.079760742e+01 
  543.000  1.556837e+03  2.156360e-12  1.205518e+02   2.825314522e+01 
  544.000  1.361933e+03  8.947842e+01  4.637054e+01   1.070738125e+01 
  544.000  1.364287e+03  8.851121e+01  4.757641e+01   1.095400238e+01 
  544.000  1.584076e+03 -4.810478e-13  1.218693e+02   2.857124901e+01 
  545.000  1.364515e+03  8.901047e+01  4.640332e+01   1.072063255e+01 
  545.000  1.366834e+03  8.804367e+01  4.760380e+01   1.096597672e+01 
  545.000  1.585930e+03 -3.410883e-12  1.213679e+02   2.846450233e+01 
  546.000  1.295699e+03  8.373106e+01  4.396439e+01   1.017262745e+01 
  546.000  1.297941e+03  8.282733e+01  4.509063e+01   1.040318298e+01 
  546.000  1.506031e+03 -1.546390e-12  1.145348e+02   2.687721634e+01 
  547.000  1.345118e+03  8.625342e+01  4.555903e+01   1.054326820e+01 
  547.000  1.347391e+03  8.531624e+01  4.672066e+01   1.078080082e+01 
  547.000  1.561384e+03 -5.225052e-13  1.181548e+02   2.772369576e+01 
  548.000  1.296974e+03  8.254774e+01  4.350168e+01   1.003130150e+01 
  548.000  1.299092e+03  8.164261e+01  4.461644e+01   1.025883770e+01 
  548.000  1.502887e+03  2.260312e-12  1.129025e+02   2.644917297e+01 
  549.000  1.321631e+03  8.360441e+01  4.425727e+01   1.020995331e+01 
  549.000  1.323777e+03  8.268678e+01  4.538605e+01   1.044034958e+01 
  549.000  1.530649e+03  5.872161e-13  1.145130e+02   2.682975960e+01 
  550.000  1.329602e+03  8.335605e+01  4.445332e+01   1.026376057e+01 
  550.000  1.331732e+03  8.243794e+01  4.557904e+01   1.049344635e+01 
  550.000  1.538458e+03 -1.117904e-13  1.144441e+02   2.681891632e+01 
  551.000  1.322598e+03  8.246600e+01  4.419063e+01   1.020547771e+01 
  551.000  1.324677e+03  8.155355e+01  4.530517e+01   1.043269348e+01 
  551.000  1.528767e+03  1.215820e-12  1.133455e+02   2.656065941e+01 
  552.000  1.362722e+03  8.420585e+01  4.544733e+01   1.050415421e+01 
  552.000  1.364847e+03  8.327271e+01  4.658504e+01   1.073609257e+01 
  552.000  1.574330e+03 -1.903305e-12  1.159618e+02   2.718734932e+01 
  553.000  1.302856e+03  7.986401e+01  4.320794e+01   9.976475716e+00 
  553.000  1.304868e+03  7.897709e+01  4.428736e+01   1.019648457e+01 
  553.000  1.504401e+03 -4.643287e-13  1.100210e+02   2.578896523e+01 
  554.000  1.341771e+03  8.157935e+01  4.442760e+01   1.026573086e+01 
  554.000  1.343828e+03  8.067207e+01  4.552992e+01   1.049040031e+01 
  554.000  1.548427e+03  1.780100e-12  1.126102e+02   2.640473747e+01 
  555.000  1.351642e+03  8.150199e+01  4.469283e+01   1.033579731e+01 
  555.000  1.353698e+03  8.059424e+01  4.579379e+01   1.056018829e+01 
  555.000  1.559047e+03 -1.564534e-12  1.127253e+02   2.644428825e+01 
  556.000  1.330120e+03  7.961950e+01  4.392713e+01   1.016655064e+01 
  556.000  1.332131e+03  7.873160e+01  4.500246e+01   1.038571644e+01 
  556.000  1.534280e+03  3.252674e-12  1.102302e+02   2.588224220e+01 
  557.000  1.301304e+03  7.725379e+01  4.290054e+01   9.936186790e+00 
  557.000  1.303258e+03  7.639106e+01  4.394373e+01   1.014880466e+01 
  557.000  1.501402e+03  1.221748e-12  1.070298e+02   2.515970802e+01 
  558.000  1.321904e+03  7.781229e+01  4.301985e+01   9.925583839e+00 
  558.000  1.323877e+03  7.694234e+01  4.407140e+01   1.013989925e+01 
  558.000  1.525496e+03 -3.051451e-12  1.075126e+02   2.525420189e+01 
  559.000  1.282203e+03  7.494807e+01  4.162873e+01   9.606940269e+00 
  559.000  1.284105e+03  7.410916e+01  4.264150e+01   9.813353539e+00 
  559.000  1.479900e+03 -3.017833e-12  1.035998e+02   2.435322952e+01 
  560.000  1.300271e+03  7.534998e+01  4.215417e+01   9.737292290e+00 
  560.000  1.302188e+03  7.450554e+01  4.317208e+01   9.944766998e+00 
  560.000  1.501103e+03 -1.852056e-12  1.042614e+02   2.453806114e+01 
  561.000  1.342072e+03  7.716435e+01  4.345219e+01   1.004566193e+01 
  561.000  1.344040e+03  7.629869e+01  4.449432e+01   1.025809002e+01 
  561.000  1.549654e+03 -3.551063e-12  1.068808e+02   2.518088341e+01 
  562.000  1.260515e+03  7.185524e+01  4.066332e+01   9.401026726e+00 
  562.000  1.262352e+03  7.104821e+01  4.163366e+01   9.598832130e+00 
  562.000  1.455686e+03  6.089840e-12  9.958228e+01   2.347756195e+01 
  563.000  1.343830e+03  7.599555e+01  4.292607e+01   9.898047447e+00 
  563.000  1.345781e+03  7.514142e+01  4.395277e+01   1.010735989e+01 
  563.000  1.552408e+03  2.842944e-12  1.051340e+02   2.477894592e+01 
  564.000  1.316288e+03  7.382812e+01  4.198641e+01   9.690585136e+00 
  564.000  1.318192e+03  7.299786e+01  4.298344e+01   9.893890381e+00 
  564.000  1.521154e+03  2.057091e-12  1.022487e+02   2.412707901e+01 
  565.000  1.332729e+03  7.418246e+01  4.245358e+01   9.807497025e+00 
  565.000  1.334656e+03  7.334811e+01  4.345492e+01   1.001174068e+01 
  565.000  1.540652e+03  2.598679e-13  1.028741e+02   2.429882622e+01 
  566.000  1.239964e+03  6.838360e+01  3.943128e+01   9.120302200e+00 
  566.000  1.241761e+03  6.761509e+01  4.035355e+01   9.308528900e+00 
  566.000  1.433802e+03  1.223746e-12  9.504427e+01   2.247119522e+01 
  567.000  1.296657e+03  7.088461e+01  4.114802e+01   9.529596329e+00 
  567.000  1.298564e+03  7.009100e+01  4.210242e+01   9.724622726e+00 
  567.000  1.500696e+03 -1.711964e-13  9.871448e+01   2.336792183e+01 
  568.000  1.324051e+03  7.166099e+01  4.170348e+01   9.659082413e+00 
  568.000  1.326086e+03  7.086728e+01  4.266511e+01   9.856140137e+00 
  568.000  1.535916e+03 -1.079768e-12  9.989600e+01   2.367561150e+01 
  569.000  1.293563e+03  6.884837e+01  4.052122e+01   9.426095963e+00 
  569.000  1.295832e+03  6.811267e+01  4.143385e+01   9.614692688e+00 
  569.000  1.509130e+03 -2.245945e-14  9.658386e+01   2.297302055e+01 
  570.000  1.298857e+03  6.863621e+01  4.066188e+01   9.460313797e+00 
  570.000  1.301002e+03  6.788975e+01  4.157684e+01   9.648828506e+00 
  570.000  1.513832e+03  2.299547e-12  9.626987e+01   2.291671371e+01 
  571.000  1.265724e+03  6.631342e+01  3.957296e+01   9.214697838e+00 
  571.000  1.267793e+03  6.559003e+01  4.045730e+01   9.396860123e+00 
  571.000  1.475217e+03  6.961970e-13  9.316991e+01   2.219780159e+01 
  572.000  1.304994e+03  6.757267e+01  4.060149e+01   9.474582672e+00 
  572.000  1.307278e+03  6.684983e+01  4.149667e+01   9.659863472e+00 
  572.000  1.525648e+03 -2.358486e-12  9.533476e+01   2.275422287e+01 
  573.000  1.333178e+03  6.847359e+01  4.080693e+01   9.472731590e+00 
  573.000  1.335492e+03  6.773907e+01  4.171608e+01   9.660826683e+00 
  573.000  1.558495e+03 -1.106676e-12  9.632439e+01   2.294550705e+01 
  574.000  1.314479e+03  6.674879e+01  4.010550e+01   9.329451561e+00 
  574.000  1.316854e+03  6.604073e+01  4.098823e+01   9.512636185e+00 
  574.000  1.540058e+03  3.896198e-13  9.427551e+01   2.249355888e+01 
  575.000  1.292414e+03  6.502409e+01  3.937134e+01   9.168506622e+00 
  575.000  1.294738e+03  6.433280e+01  4.023139e+01   9.346994400e+00 
  575.000  1.514482e+03  2.593721e-12  9.207770e+01   2.198622322e+01 
  576.000  1.307997e+03  6.520389e+01  3.977439e+01   9.273571968e+00 
  576.000  1.310364e+03  6.451197e+01  4.063572e+01   9.452471733e+00 
  576.000  1.532639e+03 -4.086197e-13  9.266854e+01   2.213498878e+01 
  577.000  1.309190e+03  6.480277e+01  3.971149e+01   9.261500359e+00 
  577.000  1.311560e+03  6.411523e+01  4.056703e+01   9.439251900e+00 
  577.000  1.533170e+03 -4.120466e-12  9.232695e+01   2.204844284e+01 
  578.000  1.292259e+03  6.351595e+01  3.883984e+01   9.027617455e+00 
  578.000  1.294521e+03  6.283574e+01  3.968108e+01   9.202060699e+00 
  578.000  1.509774e+03 -3.433686e-12  9.045618e+01   2.155293655e+01 
  579.000  1.261191e+03  6.162898e+01  3.788383e+01   8.803945541e+00 
  579.000  1.263329e+03  6.096350e+01  3.870153e+01   8.973220825e+00 
  579.000  1.469787e+03 -2.162105e-12  8.795624e+01   2.093645096e+01 
  580.000  1.298414e+03  6.320359e+01  3.899694e+01   9.060080528e+00 
  580.000  1.300552e+03  6.251608e+01  3.983693e+01   9.233689308e+00 
  580.000  1.509630e+03 -3.328469e-12  9.035033e+01   2.148404312e+01 
  581.000  1.300465e+03  6.300599e+01  3.904943e+01   9.070003510e+00 
  581.000  1.302543e+03  6.231598e+01  3.988788e+01   9.243024826e+00 
  581.000  1.507839e+03 -3.181445e-12  9.027351e+01   2.143776894e+01 
  582.000  1.331975e+03  6.421646e+01  3.998301e+01   9.285239220e+00 
  582.000  1.334048e+03  6.350949e+01  4.083821e+01   9.461496353e+00 
  582.000  1.540252e+03  1.415378e-12  9.223331e+01   2.187521172e+01 
  583.000  1.330897e+03  6.388428e+01  3.960962e+01   9.162023544e+00 
  583.000  1.332893e+03  6.317545e+01  4.046255e+01   9.337462425e+00 
  583.000  1.534332e+03  2.402758e-12  9.166710e+01   2.167652893e+01 
  584.000  1.325599e+03  6.319138e+01  3.920178e+01   9.043521881e+00 
  584.000  1.327516e+03  6.248545e+01  4.004679e+01   9.217028618e+00 
  584.000  1.523014e+03  1.512835e-12  9.077747e+01   2.140915108e+01 
  585.000  1.316053e+03  6.245452e+01  3.890006e+01   8.974912643e+00 
  585.000  1.317933e+03  6.175554e+01  3.973513e+01   9.146298409e+00 
  585.000  1.509753e+03  1.373417e-12  8.989900e+01   2.118808937e+01 
  586.000  1.273739e+03  6.012822e+01  3.763312e+01   8.682135582e+00 
  586.000  1.275517e+03  5.945259e+01  3.843744e+01   8.847046852e+00 
  586.000  1.458439e+03 -4.695890e-13  8.670882e+01   2.042192078e+01 
  587.000  1.304568e+03  6.097925e+01  3.843275e+01   8.881172180e+00 
  587.000  1.306487e+03  6.030426e+01  3.924366e+01   9.048000336e+00 
  587.000  1.494716e+03 -1.861278e-12  8.829903e+01   2.081017113e+01 
  588.000  1.295751e+03  5.936179e+01  3.755889e+01   8.696654320e+00 
  588.000  1.298094e+03  5.874162e+01  3.833327e+01   8.858035088e+00 
  588.000  1.495706e+03  4.553458e-12  8.655054e+01   2.044490433e+01 
  589.000  1.194212e+03  5.337187e+01  3.433058e+01   8.001582146e+00 
  589.000  1.197203e+03  5.286761e+01  3.500058e+01   8.143880844e+00 
  589.000  1.401879e+03  1.658022e-12  7.894202e+01   1.874606895e+01 
  590.000  1.210344e+03  5.347815e+01  3.470502e+01   8.104923248e+00 
  590.000  1.213479e+03  5.298129e+01  3.537199e+01   8.247124672e+00 
  590.000  1.423386e+03 -2.351514e-12  7.945274e+01   1.889361572e+01 
  591.000  1.275961e+03  5.655780e+01  3.667677e+01   8.540909767e+00 
  591.000  1.278755e+03  5.600018e+01  3.739718e+01   8.692861557e+00 
  591.000  1.485461e+03 -4.436798e-13  8.360255e+01   1.982884598e+01 
  592.000  1.245348e+03  5.441478e+01  3.564900e+01   8.322943687e+00 
  592.000  1.248529e+03  5.390100e+01  3.632903e+01   8.467420578e+00 
  592.000  1.463928e+03  1.177893e-12  8.101175e+01   1.926278496e+01 
  593.000  1.258315e+03  5.555472e+01  3.589121e+01   8.297699928e+00 
  593.000  1.260645e+03  5.497336e+01  3.661325e+01   8.448135376e+00 
  593.000  1.453292e+03 -8.183360e-14  8.158771e+01   1.927006721e+01 
  594.000  1.273366e+03  5.535609e+01  3.608659e+01   8.365316391e+00 
  594.000  1.276151e+03  5.480263e+01  3.679269e+01   8.513684273e+00 
  594.000  1.482433e+03  3.527426e-12  8.188720e+01   1.938385391e+01 
  595.000  1.258850e+03  5.396329e+01  3.553475e+01   8.264813423e+00 
  595.000  1.261749e+03  5.344085e+01  3.621591e+01   8.409009933e+00 
  595.000  1.468412e+03 -5.133905e-12  8.027654e+01   1.904487038e+01 
  596.000  1.280200e+03  5.540205e+01  3.632217e+01   8.401955605e+00 
  596.000  1.282357e+03  5.481471e+01  3.704534e+01   8.552395821e+00 
  596.000  1.470500e+03 -9.618597e-13  8.163529e+01   1.928192902e+01 
  597.000  1.296197e+03  5.577927e+01  3.674041e+01   8.500960350e+00 
  597.000  1.298355e+03  5.518620e+01  3.746885e+01   8.652426720e+00 
  597.000  1.488258e+03  3.814818e-12  8.228167e+01   1.944052315e+01 
  598.000  1.277235e+03  5.470409e+01  3.595662e+01   8.292807579e+00 
  598.000  1.279267e+03  5.411479e+01  3.667437e+01   8.441637039e+00 
  598.000  1.464258e+03 -4.589776e-13  8.050617e+01   1.899499702e+01 
  599.000  1.266546e+03  5.404607e+01  3.564160e+01   8.211094856e+00 
  599.000  1.268427e+03  5.345319e+01  3.635490e+01   8.358439445e+00 
  599.000  1.448914e+03 -2.338645e-12  7.947683e+01   1.874189949e+01 
  600.000  1.280316e+03  5.450668e+01  3.606697e+01   8.297019958e+00 
  600.000  1.282022e+03  5.389170e+01  3.679311e+01   8.446138382e+00 
  600.000  1.460844e+03 -1.409021e-12  8.003985e+01   1.886106491e+01 
  601.000  1.247941e+03  5.299013e+01  3.518510e+01   8.084982872e+00 
  601.000  1.249484e+03  5.238261e+01  3.589447e+01   8.230116844e+00 
  601.000  1.419846e+03 -1.702500e-12  7.781870e+01   1.831595039e+01 
  602.000  1.248934e+03  5.263241e+01  3.517622e+01   8.084417343e+00 
  602.000  1.250437e+03  5.202604e+01  3.588150e+01   8.228576660e+00 
  602.000  1.418915e+03  4.895947e-12  7.750378e+01   1.823410416e+01 
  603.000  1.252471e+03  5.250619e+01  3.514136e+01   8.064867020e+00 
  603.000  1.253931e+03  5.189741e+01  3.584639e+01   8.208782196e+00 
  603.000  1.421098e+03  4.409148e-12  7.736206e+01   1.818160629e+01 
  604.000  1.297987e+03  5.409356e+01  3.640532e+01   8.354307175e+00 
  604.000  1.299435e+03  5.346106e+01  3.713339e+01   8.502663612e+00 
  604.000  1.470397e+03  4.470400e-12  7.986310e+01   1.875949097e+01 
  605.000  1.300443e+03  5.381018e+01  3.644403e+01   8.367714882e+00 
  605.000  1.301873e+03  5.317938e+01  3.716853e+01   8.515285492e+00 
  605.000  1.471839e+03  1.276304e-12  7.967297e+01   1.871250153e+01 
  606.000  1.291412e+03  5.304528e+01  3.615770e+01   8.307217598e+00 
  606.000  1.292820e+03  5.242277e+01  3.687174e+01   8.452643394e+00 
  606.000  1.459912e+03 -1.890845e-12  7.882726e+01   1.850607872e+01 
  607.000  1.275558e+03  5.208250e+01  3.568110e+01   8.200496674e+00 
  607.000  1.276931e+03  5.147010e+01  3.638232e+01   8.343266487e+00 
  607.000  1.440399e+03  1.263508e-12  7.762198e+01   1.821429253e+01 
  608.000  1.288944e+03  5.225099e+01  3.597865e+01   8.270062447e+00 
  608.000  1.290323e+03  5.163620e+01  3.668196e+01   8.413258553e+00 
  608.000  1.453928e+03  1.112541e-12  7.812273e+01   1.832021141e+01 
  609.000  1.279017e+03  5.151562e+01  3.567284e+01   8.204262733e+00 
  609.000  1.280375e+03  5.090889e+01  3.636613e+01   8.345406532e+00 
  609.000  1.441217e+03 -2.671408e-12  7.727818e+01   1.811479187e+01 
  610.000  1.259177e+03  5.038340e+01  3.509008e+01   8.075003624e+00 
  610.000  1.260506e+03  4.978963e+01  3.576793e+01   8.213004112e+00 
  610.000  1.417434e+03  1.314616e-12  7.583628e+01   1.777011490e+01 
  611.000  1.259499e+03  5.009896e+01  3.507283e+01   8.075281143e+00 
  611.000  1.260821e+03  4.950816e+01  3.574670e+01   8.212468147e+00 
  611.000  1.416566e+03  9.822550e-13  7.563345e+01   1.771726418e+01 
  612.000  1.278056e+03  5.043263e+01  3.554583e+01   8.189373970e+00 
  612.000  1.279388e+03  4.983746e+01  3.622395e+01   8.327429771e+00 
  612.000  1.435906e+03 -3.804071e-13  7.642986e+01   1.789743042e+01 
  613.000  1.251927e+03  4.905590e+01  3.473577e+01   8.002855301e+00 
  613.000  1.253224e+03  4.847667e+01  3.539523e+01   8.137114525e+00 
  613.000  1.405109e+03 -8.655845e-13  7.457261e+01   1.745076561e+01 
  614.000  1.239146e+03  4.821157e+01  3.434871e+01   7.918850899e+00 
  614.000  1.240424e+03  4.764208e+01  3.499657e+01   8.050757408e+00 
  614.000  1.389333e+03 -1.346994e-12  7.356545e+01   1.720818710e+01 
  615.000  1.248504e+03  4.826529e+01  3.457882e+01   7.976843357e+00 
  615.000  1.249789e+03  4.769507e+01  3.522712e+01   8.108858109e+00 
  615.000  1.398622e+03 -9.096527e-14  7.389764e+01   1.728048897e+01 
  616.000  1.206427e+03  4.629110e+01  3.337970e+01   7.705998898e+00 
  616.000  1.207666e+03  4.574422e+01  3.400115e+01   7.832570553e+00 
  616.000  1.350243e+03  2.682362e-12  7.115482e+01   1.663394356e+01 
  617.000  1.183734e+03  4.514340e+01  3.272272e+01   7.559089184e+00 
  617.000  1.184949e+03  4.461024e+01  3.332844e+01   7.682486057e+00 
  617.000  1.323947e+03 -7.803244e-13  6.961494e+01   1.627036095e+01 
  618.000  1.262671e+03  4.772419e+01  3.484419e+01   8.055684090e+00 
  618.000  1.263972e+03  4.716105e+01  3.548397e+01   8.186082840e+00 
  618.000  1.411018e+03 -1.596464e-12  7.393321e+01   1.727389336e+01 
  619.000  1.274527e+03  4.783358e+01  3.513325e+01   8.129215240e+00 
  619.000  1.275848e+03  4.726980e+01  3.577395e+01   8.259867668e+00 
  619.000  1.423472e+03 -1.173205e-12  7.438240e+01   1.737652969e+01 
  620.000  1.260865e+03  4.695087e+01  3.471402e+01   8.040090561e+00 
  620.000  1.262184e+03  4.639845e+01  3.534220e+01   8.168279648e+00 
  620.000  1.407668e+03  1.898583e-12  7.330505e+01   1.712537193e+01 
  621.000  1.286250e+03  4.754285e+01  3.537055e+01   8.200110435e+00 
  621.000  1.287611e+03  4.698460e+01  3.600592e+01   8.329863548e+00 
  621.000  1.435737e+03  4.755514e-12  7.450670e+01   1.740864563e+01 
  622.000  1.256405e+03  4.610419e+01  3.450813e+01   8.008012772e+00 
  622.000  1.257752e+03  4.556411e+01  3.512349e+01   8.133787155e+00 
  622.000  1.402259e+03  2.856582e-12  7.252059e+01   1.694736099e+01 
  623.000  1.247418e+03  4.531206e+01  3.416011e+01   7.934497833e+00 
  623.000  1.248785e+03  4.478325e+01  3.476380e+01   8.058047295e+00 
  623.000  1.392341e+03 -1.698241e-12  7.159766e+01   1.673433113e+01 
  624.000  1.213579e+03  4.380404e+01  3.318894e+01   7.715203762e+00 
  624.000  1.214930e+03  4.329425e+01  3.377175e+01   7.834589481e+00 
  624.000  1.354745e+03 -5.205302e-12  6.942652e+01   1.623082924e+01 
  625.000  1.214931e+03  4.339426e+01  3.316534e+01   7.721075058e+00 
  625.000  1.216315e+03  4.289140e+01  3.374142e+01   7.839257717e+00 
  625.000  1.356582e+03 -7.393470e-12  6.912860e+01   1.616960335e+01 
  626.000  1.196348e+03  4.229947e+01  3.259128e+01   7.599529266e+00 
  626.000  1.197766e+03  4.181313e+01  3.315083e+01   7.714572906e+00 
  626.000  1.336888e+03 -4.178645e-13  6.770263e+01   1.584926605e+01 
  627.000  1.236458e+03  4.325673e+01  3.360264e+01   7.850990772e+00 
  627.000  1.238043e+03  4.276639e+01  3.417115e+01   7.968303204e+00 
  627.000  1.385904e+03  2.132854e-12  6.956116e+01   1.630965424e+01 
  628.000  1.211881e+03  4.130878e+01  3.268882e+01   7.689453602e+00 
  628.000  1.213993e+03  4.086625e+01  3.321838e+01   7.800328255e+00 
  628.000  1.387375e+03  2.149063e-12  6.696874e+01   1.585002232e+01 
  629.000  1.244091e+03  4.243191e+01  3.358764e+01   7.889154911e+00 
  629.000  1.245986e+03  4.196860e+01  3.413668e+01   8.003600121e+00 
  629.000  1.409369e+03 -1.496025e-12  6.886889e+01   1.623468399e+01 
  630.000  1.222234e+03  4.155368e+01  3.299368e+01   7.748263836e+00 
  630.000  1.223987e+03  4.109343e+01  3.353461e+01   7.860714436e+00 
  630.000  1.377299e+03 -2.847232e-12  6.759692e+01   1.592177105e+01 
  631.000  1.222215e+03  4.154959e+01  3.304418e+01   7.745027542e+00 
  631.000  1.223791e+03  4.107934e+01  3.358924e+01   7.857706547e+00 
  631.000  1.368674e+03  3.706087e-12  6.767686e+01   1.588638210e+01 
  632.000  1.189326e+03  4.015110e+01  3.212691e+01   7.532978535e+00 
  632.000  1.190876e+03  3.969928e+01  3.265174e+01   7.641577721e+00 
  632.000  1.328659e+03 -2.798402e-12  6.572549e+01   1.540707016e+01 
  633.000  1.233459e+03  4.156376e+01  3.329739e+01   7.797733784e+00 
  633.000  1.234976e+03  4.109048e+01  3.384309e+01   7.910325527e+00 
  633.000  1.374152e+03 -1.008339e-12  6.809188e+01   1.593470955e+01 
  634.000  1.207040e+03  4.046133e+01  3.256720e+01   7.624343872e+00 
  634.000  1.208475e+03  3.999820e+01  3.309916e+01   7.733946323e+00 
  634.000  1.341320e+03  5.552471e-13  6.648599e+01   1.553825188e+01 
  635.000  1.233203e+03  4.117731e+01  3.327252e+01   7.786824226e+00 
  635.000  1.234606e+03  4.070205e+01  3.381540e+01   7.898458004e+00 
  635.000  1.367334e+03 -1.306061e-12  6.782183e+01   1.583208370e+01 
  636.000  1.207757e+03  4.009133e+01  3.256356e+01   7.623117924e+00 
  636.000  1.209127e+03  3.962910e+01  3.309149e+01   7.731689453e+00 
  636.000  1.336709e+03 -2.976760e-12  6.630283e+01   1.546112442e+01 
  637.000  1.232131e+03  4.069882e+01  3.321396e+01   7.773643494e+00 
  637.000  1.233477e+03  4.022676e+01  3.375080e+01   7.883879185e+00 
  637.000  1.360085e+03 -1.547298e-12  6.754932e+01   1.572738838e+01 
  638.000  1.253144e+03  4.121439e+01  3.377872e+01   7.899990559e+00 
  638.000  1.254426e+03  4.073107e+01  3.432441e+01   8.011735916e+00 
  638.000  1.378630e+03 -2.442820e-12  6.862743e+01   1.594548702e+01 
  639.000  1.230880e+03  4.030750e+01  3.316691e+01   7.756831646e+00 
  639.000  1.232109e+03  3.983315e+01  3.370108e+01   7.866126060e+00 
  639.000  1.351836e+03 -1.031137e-12  6.731795e+01   1.562544727e+01 
  640.000  1.197626e+03  3.906720e+01  3.226581e+01   7.544869900e+00 
  640.000  1.198786e+03  3.860539e+01  3.278421e+01   7.650816441e+00 
  640.000  1.312831e+03 -4.217445e-13  6.542512e+01   1.516901588e+01 
  641.000  1.208975e+03  3.913712e+01  3.253450e+01   7.612949371e+00 
  641.000  1.210160e+03  3.867595e+01  3.305280e+01   7.718952179e+00 
  641.000  1.324036e+03  4.879314e-12  6.582339e+01   1.525616646e+01 
  642.000  1.227981e+03  3.963309e+01  3.305254e+01   7.729797363e+00 
  642.000  1.229110e+03  3.916117e+01  3.357944e+01   7.837293625e+00 
  642.000  1.342345e+03  3.817699e-13  6.674444e+01   1.545574284e+01 
  643.000  1.231226e+03  3.944124e+01  3.308595e+01   7.741774559e+00 
  643.000  1.232368e+03  3.897262e+01  3.360956e+01   7.848665714e+00 
  643.000  1.345197e+03  8.216900e-13  6.665807e+01   1.543434715e+01 
  644.000  1.209407e+03  3.853497e+01  3.248053e+01   7.601606846e+00 
  644.000  1.210511e+03  3.807612e+01  3.299231e+01   7.706032753e+00 
  644.000  1.320053e+03 -1.650588e-12  6.529924e+01   1.511452484e+01 
  645.000  1.206122e+03  3.805308e+01  3.232722e+01   7.577539921e+00 
  645.000  1.207296e+03  3.760538e+01  3.282977e+01   7.680387497e+00 
  645.000  1.317149e+03  2.175802e-12  6.481373e+01   1.501206303e+01 
  646.000  1.206267e+03  3.746639e+01  3.218819e+01   7.575206280e+00 
  646.000  1.207711e+03  3.704313e+01  3.267417e+01   7.675662994e+00 
  646.000  1.323046e+03 -2.773980e-14  6.435256e+01   1.494785500e+01 
  647.000  1.188848e+03  3.634876e+01  3.160629e+01   7.462547779e+00 
  647.000  1.190710e+03  3.595762e+01  3.206502e+01   7.558403969e+00 
  647.000  1.314556e+03 -1.699321e-12  6.298506e+01   1.467143440e+01 
  648.000  1.182132e+03  3.541401e+01  3.126098e+01   7.412538528e+00 
  648.000  1.184652e+03  3.506058e+01  3.168912e+01   7.503404140e+00 
  648.000  1.324475e+03  2.275392e-12  6.207706e+01   1.451694298e+01 
  649.000  1.175983e+03  3.522445e+01  3.113561e+01   7.370667934e+00 
  649.000  1.178073e+03  3.485583e+01  3.157269e+01   7.462594032e+00 
  649.000  1.306532e+03 -3.569944e-13  6.168957e+01   1.439299107e+01 
  650.000  1.166034e+03  3.509539e+01  3.095805e+01   7.306210995e+00 
  650.000  1.167689e+03  3.470847e+01  3.140491e+01   7.399078369e+00 
  650.000  1.282410e+03  4.043666e-12  6.129773e+01   1.424523163e+01 
  651.000  1.205546e+03  3.625351e+01  3.204231e+01   7.552407265e+00 
  651.000  1.207058e+03  3.584388e+01  3.250937e+01   7.648926735e+00 
  651.000  1.320159e+03  3.378523e-12  6.334288e+01   1.469306946e+01 
  652.000  1.188272e+03  3.511094e+01  3.142957e+01   7.441812992e+00 
  652.000  1.190204e+03  3.473762e+01  3.186844e+01   7.533799648e+00 
  652.000  1.311668e+03  3.297923e-12  6.195887e+01   1.442533207e+01 
  653.000  1.208913e+03  3.604954e+01  3.205276e+01   7.552155972e+00 
  653.000  1.210246e+03  3.563690e+01  3.252127e+01   7.648753643e+00 
  653.000  1.316738e+03  9.808786e-13  6.322819e+01   1.464315510e+01 
  654.000  1.198465e+03  3.537566e+01  3.172221e+01   7.483815670e+00 
  654.000  1.199866e+03  3.497478e+01  3.217926e+01   7.578277588e+00 
  654.000  1.306397e+03  5.725932e-13  6.239777e+01   1.445661640e+01 
  655.000  1.175358e+03  3.419579e+01  3.102591e+01   7.337939262e+00 
  655.000  1.177061e+03  3.382002e+01  3.145885e+01   7.428026676e+00 
  655.000  1.290850e+03 -3.485530e-12  6.079876e+01   1.411701584e+01 
  656.000  1.027929e+03  2.992502e+01  2.716721e+01   6.416762829e+00 
  656.000  1.029185e+03  2.958647e+01  2.755230e+01   6.496423244e+00 
  656.000  1.121643e+03  6.820964e-13  5.317165e+01   1.232368088e+01 
  657.000  1.064881e+03  3.073954e+01  2.811209e+01   6.645352840e+00 
  657.000  1.066305e+03  3.039556e+01  2.850415e+01   6.726612568e+00 
  657.000  1.164461e+03 -3.161275e-12  5.488055e+01   1.272364426e+01 
  658.000  1.169026e+03  3.379289e+01  3.085946e+01   7.275534630e+00 
  658.000  1.170246e+03  3.340014e+01  3.129978e+01   7.366028309e+00 
  658.000  1.268352e+03  5.382061e-13  6.022968e+01   1.392030430e+01 
  659.000  1.176626e+03  3.392160e+01  3.106505e+01   7.318460941e+00 
  659.000  1.177722e+03  3.352169e+01  3.151037e+01   7.409694195e+00 
  659.000  1.272234e+03 -2.619409e-12  6.053862e+01   1.397348881e+01 
  660.000  1.172903e+03  3.369300e+01  3.098334e+01   7.294064045e+00 
  660.000  1.173903e+03  3.329049e+01  3.142812e+01   7.384888172e+00 
  660.000  1.264993e+03 -1.814185e-12  6.025292e+01   1.388995743e+01 
  661.000  1.203071e+03  3.437404e+01  3.177564e+01   7.480382442e+00 
  661.000  1.204050e+03  3.396049e+01  3.223061e+01   7.573140144e+00 
  661.000  1.295750e+03  1.228138e-12  6.165103e+01   1.420413399e+01 
  662.000  1.204643e+03  3.430159e+01  3.181682e+01   7.489290237e+00 
  662.000  1.205585e+03  3.388652e+01  3.227187e+01   7.581941605e+00 
  662.000  1.296050e+03 -3.502341e-12  6.163814e+01   1.419424629e+01 
  663.000  1.197984e+03  3.385764e+01  3.160084e+01   7.444076061e+00 
  663.000  1.198938e+03  3.344909e+01  3.204926e+01   7.535457134e+00 
  663.000  1.288724e+03 -2.361947e-12  6.107818e+01   1.406812859e+01 
  664.000  1.187014e+03  3.335198e+01  3.129653e+01   7.372928143e+00 
  664.000  1.187926e+03  3.294755e+01  3.173901e+01   7.463004112e+00 
  664.000  1.275426e+03 -1.057035e-12  6.035666e+01   1.389519024e+01 
  665.000  1.183223e+03  3.307311e+01  3.117855e+01   7.348429680e+00 
  665.000  1.184139e+03  3.267268e+01  3.161686e+01   7.437694073e+00 
  665.000  1.270829e+03 -1.584434e-12  6.002313e+01   1.381814194e+01 
  666.000  1.181834e+03  3.283219e+01  3.113050e+01   7.338515759e+00 
  666.000  1.182720e+03  3.243296e+01  3.156626e+01   7.427176476e+00 
  666.000  1.267902e+03 -2.479041e-12  5.979033e+01   1.375883579e+01 
  667.000  1.168924e+03  3.225653e+01  3.077283e+01   7.256951809e+00 
  667.000  1.169785e+03  3.186360e+01  3.120108e+01   7.344057560e+00 
  667.000  1.252956e+03 -5.971812e-12  5.895968e+01   1.356455612e+01 
  668.000  1.195469e+03  3.281079e+01  3.144869e+01   7.417445660e+00 
  668.000  1.196334e+03  3.241019e+01  3.188459e+01   7.506066799e+00 
  668.000  1.280395e+03  5.732083e-13  6.014670e+01   1.383322620e+01 
  669.000  1.191737e+03  3.251500e+01  3.133167e+01   7.392839909e+00 
  669.000  1.192594e+03  3.211779e+01  3.176358e+01   7.480647564e+00 
  669.000  1.275622e+03  7.597289e-12  5.979988e+01   1.375190544e+01 
  670.000  1.182324e+03  3.207427e+01  3.106934e+01   7.333354950e+00 
  670.000  1.183162e+03  3.168184e+01  3.149553e+01   7.419973373e+00 
  670.000  1.264598e+03  7.414261e-12  5.918030e+01   1.360652447e+01 
  671.000  1.176903e+03  3.170123e+01  3.090618e+01   7.298435688e+00 
  671.000  1.177731e+03  3.131310e+01  3.132735e+01   7.384029865e+00 
  671.000  1.257915e+03 -1.487810e-13  5.872076e+01   1.349958897e+01 
  672.000  1.159369e+03  3.107158e+01  3.043106e+01   7.188803196e+00 
  672.000  1.160180e+03  3.069099e+01  3.084381e+01   7.272684097e+00 
  672.000  1.238648e+03 -2.202828e-12  5.770844e+01   1.326697922e+01 
  673.000  1.166251e+03  3.105718e+01  3.057246e+01   7.223585606e+00 
  673.000  1.167061e+03  3.067658e+01  3.098497e+01   7.307415485e+00 
  673.000  1.245305e+03 -4.349712e-12  5.786130e+01   1.329985523e+01 
  674.000  1.173901e+03  3.107221e+01  3.074135e+01   7.265296459e+00 
  674.000  1.174712e+03  3.069123e+01  3.115400e+01   7.349154949e+00 
  674.000  1.252818e+03  1.990594e-12  5.806516e+01   1.334520054e+01 
  675.000  1.168457e+03  3.073237e+01  3.058055e+01   7.230492115e+00 
  675.000  1.169259e+03  3.035537e+01  3.098861e+01   7.313417435e+00 
  675.000  1.246285e+03  6.928491e-12  5.763028e+01   1.324467564e+01 
  676.000  1.167375e+03  3.052284e+01  3.053485e+01   7.222772121e+00 
  676.000  1.168173e+03  3.014832e+01  3.094002e+01   7.305113316e+00 
  676.000  1.244544e+03 -2.642756e-13  5.741981e+01   1.319655800e+01 
  677.000  1.163790e+03  3.024423e+01  3.042418e+01   7.199529648e+00 
  677.000  1.164579e+03  2.987287e+01  3.082562e+01   7.281107426e+00 
  677.000  1.240002e+03 -3.374758e-13  5.708726e+01   1.311938667e+01 
  678.000  1.159152e+03  2.994299e+01  3.027997e+01   7.167833328e+00 
  678.000  1.159934e+03  2.957515e+01  3.067735e+01   7.248584747e+00 
  678.000  1.234417e+03 -3.411059e-14  5.669899e+01   1.302939606e+01 
  679.000  1.158027e+03  2.971697e+01  3.023038e+01   7.159264088e+00 
  679.000  1.158803e+03  2.935177e+01  3.062466e+01   7.239387512e+00 
  679.000  1.232510e+03 -4.088781e-12  5.647556e+01   1.297755337e+01 
  680.000  1.154177e+03  2.942093e+01  3.010957e+01   7.134367943e+00 
  680.000  1.154951e+03  2.905956e+01  3.049967e+01   7.213659286e+00 
  680.000  1.227862e+03 -1.294497e-12  5.611732e+01   1.289611053e+01 
  681.000  1.147004e+03  2.905837e+01  2.990094e+01   7.089091778e+00 
  681.000  1.147786e+03  2.870224e+01  3.028568e+01   7.167343616e+00 
  681.000  1.219902e+03 -8.594650e-14  5.561993e+01   1.278321934e+01 
  682.000  1.148580e+03  2.892743e+01  2.992799e+01   7.097691536e+00 
  682.000  1.149349e+03  2.857226e+01  3.031118e+01   7.175599575e+00 
  682.000  1.220624e+03 -4.514144e-12  5.556189e+01   1.276679516e+01 
  683.000  1.143945e+03  2.860053e+01  2.976542e+01   7.064019203e+00 
  683.000  1.144735e+03  2.825075e+01  3.014343e+01   7.140962601e+00 
  683.000  1.215747e+03 -6.591005e-13  5.514807e+01   1.267502022e+01 
  684.000  1.145390e+03  2.846943e+01  2.978428e+01   7.071584702e+00 
  684.000  1.146186e+03  2.812179e+01  3.016011e+01   7.148117065e+00 
  684.000  1.216638e+03 -2.966450e-12  5.508723e+01   1.265960217e+01 
  685.000  1.141664e+03  2.825461e+01  2.968125e+01   7.047798634e+00 
  685.000  1.142438e+03  2.790853e+01  3.005468e+01   7.123787880e+00 
  685.000  1.211699e+03  4.598308e-12  5.481081e+01   1.259227562e+01 
  686.000  1.111750e+03  2.722173e+01  2.885873e+01   6.861780167e+00 
  686.000  1.112543e+03  2.689041e+01  2.921722e+01   6.934870243e+00 
  686.000  1.180641e+03 -3.030641e-14  5.310432e+01   1.221151066e+01 
  687.000  8.706472e+02  1.920893e+01  2.208917e+01   5.371774673e+00 
  687.000  8.743394e+02  1.904905e+01  2.226896e+01   5.412104607e+00 
  687.000  1.209679e+03  2.825312e-13  3.898283e+01   9.358675957e+00 
  688.000  9.811885e+02  2.159377e+01  2.485953e+01   6.048054695e+00 
  688.000  9.843853e+02  2.139590e+01  2.508637e+01   6.098011971e+00 
  688.000  1.205984e+03  2.885479e-12  4.313285e+01   1.037300301e+01 
  689.000  1.033115e+03  2.339955e+01  2.636131e+01   6.367670059e+00 
  689.000  1.035534e+03  2.315803e+01  2.663091e+01   6.425153255e+00 
  689.000  1.197055e+03 -1.064496e-12  4.648333e+01   1.101397228e+01 
  690.000  1.045579e+03  2.339379e+01  2.662559e+01   6.443558216e+00 
  690.000  1.048182e+03  2.316090e+01  2.688973e+01   6.500421524e+00 
  690.000  1.206600e+03 -2.981045e-12  4.682017e+01   1.110793591e+01 
  691.000  1.066287e+03  2.426443e+01  2.728226e+01   6.570530891e+00 
  691.000  1.068347e+03  2.400752e+01  2.756956e+01   6.631275177e+00 
  691.000  1.192260e+03 -2.538991e-12  4.863094e+01   1.139961338e+01 
  692.000  1.077254e+03  2.461251e+01  2.759874e+01   6.636419296e+00 
  692.000  1.079178e+03  2.435210e+01  2.789186e+01   6.698312759e+00 
  692.000  1.181055e+03 -4.919040e-12  4.957471e+01   1.155308723e+01 
  693.000  1.064327e+03  2.382509e+01  2.713609e+01   6.549284458e+00 
  693.000  1.067062e+03  2.360019e+01  2.739599e+01   6.605532169e+00 
  693.000  1.181719e+03 -2.116061e-12  4.867434e+01   1.137199497e+01 
  694.000  1.050898e+03  2.303524e+01  2.668608e+01   6.465069294e+00 
  694.000  1.054224e+03  2.283759e+01  2.691945e+01   6.516738892e+00 
  694.000  1.182465e+03 -5.551098e-13  4.768941e+01   1.117906189e+01 
  695.000  1.060764e+03  2.345669e+01  2.702388e+01   6.525123119e+00 
  695.000  1.063597e+03  2.323622e+01  2.727617e+01   6.579713345e+00 
  695.000  1.179658e+03 -7.444514e-13  4.838384e+01   1.128592300e+01 
  696.000  1.066748e+03  2.360718e+01  2.720380e+01   6.561195850e+00 
  696.000  1.069196e+03  2.337420e+01  2.746812e+01   6.617805958e+00 
  696.000  1.176811e+03 -9.648168e-13  4.864236e+01   1.132857132e+01 
  697.000  1.097736e+03  2.473361e+01  2.813628e+01   6.750957966e+00 
  697.000  1.099134e+03  2.445688e+01  2.844303e+01   6.814835548e+00 
  697.000  1.176564e+03 -4.041626e-13  5.047743e+01   1.167525101e+01 
  698.000  1.088213e+03  2.442273e+01  2.785347e+01   6.680356979e+00 
  698.000  1.089411e+03  2.414473e+01  2.816110e+01   6.744215012e+00 
  698.000  1.160869e+03  3.674518e-13  4.991490e+01   1.153647995e+01 
  699.000  1.067811e+03  2.323630e+01  2.714633e+01   6.553029537e+00 
  699.000  1.070119e+03  2.300648e+01  2.740864e+01   6.609288216e+00 
  699.000  1.170085e+03  1.721893e-12  4.826168e+01   1.124328327e+01 
  700.000  1.061213e+03  2.298801e+01  2.683280e+01   6.462906837e+00 
  700.000  1.063378e+03  2.275709e+01  2.709548e+01   6.519049168e+00 
  700.000  1.158299e+03  7.859140e-13  4.773529e+01   1.109756660e+01 
  701.000  1.046598e+03  2.229401e+01  2.630051e+01   6.347358704e+00 
  701.000  1.049008e+03  2.208078e+01  2.654765e+01   6.400885582e+00 
  701.000  1.149392e+03  8.382032e-13  4.660633e+01   1.086784649e+01 
  702.000  1.049950e+03  2.240751e+01  2.641382e+01   6.365084171e+00 
  702.000  1.052132e+03  2.218581e+01  2.666808e+01   6.419670105e+00 
  702.000  1.144969e+03  4.884249e-12  4.682393e+01   1.089098740e+01 
  703.000  1.059012e+03  2.261461e+01  2.667847e+01   6.417972088e+00 
  703.000  1.061074e+03  2.238385e+01  2.693887e+01   6.473399639e+00 
  703.000  1.151023e+03  2.185049e-12  4.726830e+01   1.096814346e+01 
  704.000  1.071278e+03  2.294381e+01  2.703034e+01   6.490352154e+00 
  704.000  1.073017e+03  2.269791e+01  2.730375e+01   6.547877312e+00 
  704.000  1.154641e+03 -1.980979e-12  4.789519e+01   1.108374977e+01 
  705.000  1.085524e+03  2.314779e+01  2.736066e+01   6.574967861e+00 
  705.000  1.087098e+03  2.289758e+01  2.764069e+01   6.633844376e+00 
  705.000  1.164347e+03  2.880337e-12  4.842752e+01   1.120982075e+01 
  706.000  1.076031e+03  2.276391e+01  2.709640e+01   6.515163422e+00 
  706.000  1.077623e+03  2.251880e+01  2.737065e+01   6.572909832e+00 
  706.000  1.154782e+03 -1.641640e-12  4.781756e+01   1.107449245e+01 
  707.000  1.060856e+03  2.240540e+01  2.671049e+01   6.421153545e+00 
  707.000  1.062152e+03  2.215864e+01  2.698695e+01   6.479070187e+00 
  707.000  1.130130e+03 -1.974469e-12  4.712490e+01   1.090084839e+01 
  708.000  1.084406e+03  2.289510e+01  2.732086e+01   6.562282562e+00 
  708.000  1.085638e+03  2.263981e+01  2.760553e+01   6.621716499e+00 
  708.000  1.151971e+03 -6.291585e-13  4.818269e+01   1.113069344e+01 
  709.000  1.075904e+03  2.258242e+01  2.709205e+01   6.508682251e+00 
  709.000  1.077101e+03  2.232950e+01  2.737337e+01   6.567363739e+00 
  709.000  1.142215e+03 -3.526058e-12  4.767428e+01   1.101310539e+01 
  710.000  1.081833e+03  2.252588e+01  2.720730e+01   6.542500973e+00 
  710.000  1.083080e+03  2.227532e+01  2.748655e+01   6.600870132e+00 
  710.000  1.149487e+03  2.008359e-12  4.775248e+01   1.104056263e+01 
  711.000  1.076969e+03  2.238394e+01  2.710345e+01   6.510947227e+00 
  711.000  1.078101e+03  2.213070e+01  2.738363e+01   6.569242954e+00 
  711.000  1.140804e+03 -1.239581e-12  4.751716e+01   1.096937370e+01 
  712.000  1.067391e+03  2.212786e+01  2.687809e+01   6.451337814e+00 
  712.000  1.068457e+03  2.187261e+01  2.715706e+01   6.509123802e+00 
  712.000  1.130333e+03 -3.644196e-13  4.702662e+01   1.084832096e+01 
  713.000  1.057049e+03  2.176723e+01  2.658889e+01   6.386671543e+00 
  713.000  1.058084e+03  2.151746e+01  2.686325e+01   6.443572998e+00 
  713.000  1.117596e+03  2.305618e-12  4.644437e+01   1.071572495e+01 
  714.000  1.070407e+03  2.191545e+01  2.689812e+01   6.466095924e+00 
  714.000  1.071462e+03  2.166384e+01  2.717435e+01   6.523419380e+00 
  714.000  1.132754e+03 -3.635892e-12  4.688688e+01   1.082806110e+01 
  715.000  1.040449e+03  2.089977e+01  2.604862e+01   6.283121586e+00 
  715.000  1.042022e+03  2.067685e+01  2.629695e+01   6.335588455e+00 
  715.000  1.113021e+03 -6.892698e-13  4.517009e+01   1.047251701e+01 
  716.000  1.029316e+03  2.034221e+01  2.570071e+01   6.213420868e+00 
  716.000  1.031229e+03  2.013482e+01  2.593283e+01   6.263007164e+00 
  716.000  1.110692e+03  5.490974e-13  4.433532e+01   1.030766964e+01 
  717.000  9.732366e+02  1.793722e+01  2.396476e+01   5.873222828e+00 
  717.000  9.781976e+02  1.783224e+01  2.408669e+01   5.903526783e+00 
  717.000  1.131811e+03  1.425807e-12  4.064973e+01   9.619787216e+00 
  718.000  8.803334e+02  1.580238e+01  2.159598e+01   5.311122894e+00 
  718.000  8.870179e+02  1.574221e+01  2.164833e+01   5.327421665e+00 
  718.000  1.110029e+03  1.117267e-12  3.684728e+01   8.745303154e+00 
  719.000  8.061356e+02  1.421859e+01  1.972305e+01   4.861908913e+00 
  719.000  8.126077e+02  1.417528e+01  1.975920e+01   4.874872684e+00 
  719.000  1.082760e+03  6.096865e-13  3.403728e+01   8.103467941e+00 
  720.000  8.544360e+02  1.482048e+01  2.085084e+01   5.151810646e+00 
  720.000  8.612744e+02  1.478038e+01  2.088550e+01   5.165124416e+00 
  720.000  1.098607e+03 -2.040333e-12  3.512716e+01   8.401860237e+00 
  721.000  9.204606e+02  1.671120e+01  2.266031e+01   5.547797203e+00 
  721.000  9.251548e+02  1.660478e+01  2.277376e+01   5.575456142e+00 
  721.000  1.114860e+03 -1.198853e-12  3.865623e+01   9.123291969e+00 
  722.000  9.986755e+02  1.869352e+01  2.473364e+01   6.017283440e+00 
  722.000  1.001233e+03  1.852357e+01  2.492628e+01   6.059670448e+00 
  722.000  1.094424e+03 -8.533290e-13  4.193340e+01   9.812278748e+00 
  723.000  9.711414e+02  1.783595e+01  2.398275e+01   5.849810123e+00 
  723.000  9.746181e+02  1.769197e+01  2.414128e+01   5.885770321e+00 
  723.000  1.098171e+03 -1.145893e-12  4.055626e+01   9.521180153e+00 
  724.000  8.813317e+02  1.539582e+01  2.157424e+01   5.307636261e+00 
  724.000  8.871183e+02  1.532353e+01  2.164290e+01   5.326876640e+00 
  724.000  1.118679e+03 -4.906295e-13  3.658310e+01   8.682028770e+00 
  725.000  8.891433e+02  1.533263e+01  2.173463e+01   5.353058338e+00 
  725.000  8.951494e+02  1.526517e+01  2.179705e+01   5.371168613e+00 
  725.000  1.110400e+03 -3.872873e-13  3.635461e+01   8.648486137e+00 
  726.000  9.541154e+02  1.664674e+01  2.337722e+01   5.743265152e+00 
  726.000  9.588358e+02  1.654543e+01  2.348810e+01   5.770852089e+00 
  726.000  1.110399e+03  4.113318e-12  3.877740e+01   9.195711136e+00 
  727.000  9.242685e+02  1.589081e+01  2.261016e+01   5.563355923e+00 
  727.000  9.297659e+02  1.580826e+01  2.269236e+01   5.585291386e+00 
  727.000  1.106295e+03 -1.020524e-12  3.737452e+01   8.883810997e+00 
  728.000  9.157815e+02  1.576348e+01  2.242744e+01   5.511647701e+00 
  728.000  9.210029e+02  1.567404e+01  2.251484e+01   5.534222126e+00 
  728.000  1.091376e+03 -2.044212e-12  3.714431e+01   8.805453300e+00 
  729.000  9.073842e+02  1.546776e+01  2.218946e+01   5.460622311e+00 
  729.000  9.123550e+02  1.538245e+01  2.227806e+01   5.483662128e+00 
  729.000  1.068028e+03 -1.286962e-12  3.650140e+01   8.674428940e+00 
  730.000  9.424805e+02  1.619033e+01  2.309665e+01   5.671317101e+00 
  730.000  9.469288e+02  1.608661e+01  2.320780e+01   5.698575020e+00 
  730.000  1.087667e+03  6.021794e-13  3.803056e+01   9.006963730e+00 
  731.000  9.144885e+02  1.540913e+01  2.234550e+01   5.502409935e+00 
  731.000  9.193989e+02  1.532286e+01  2.243484e+01   5.525569916e+00 
  731.000  1.073792e+03 -5.466624e-12  3.655981e+01   8.694715500e+00 
  732.000  9.633424e+02  1.668448e+01  2.367458e+01   5.796010017e+00 
  732.000  9.670135e+02  1.655675e+01  2.381205e+01   5.827856541e+00 
  732.000  1.086541e+03  1.612205e-12  3.905447e+01   9.204730988e+00 
  733.000  9.852484e+02  1.743980e+01  2.432988e+01   5.927495956e+00 
  733.000  9.877952e+02  1.727890e+01  2.450551e+01   5.966045856e+00 
  733.000  1.076695e+03  2.599359e-13  4.038526e+01   9.449249268e+00 
  734.000  1.018971e+03  1.826587e+01  2.525699e+01   6.129823208e+00 
  734.000  1.020692e+03  1.807384e+01  2.546515e+01   6.174048424e+00 
  734.000  1.090854e+03  8.214766e-13  4.204298e+01   9.785069466e+00 
  735.000  1.003017e+03  1.767194e+01  2.479260e+01   6.033277988e+00 
  735.000  1.005224e+03  1.749934e+01  2.498004e+01   6.073858738e+00 
  735.000  1.085958e+03  1.742911e-12  4.103735e+01   9.585021973e+00 
  736.000  9.996509e+02  1.765552e+01  2.473109e+01   6.012628078e+00 
  736.000  1.001419e+03  1.747368e+01  2.492943e+01   6.055034161e+00 
  736.000  1.072098e+03  2.752283e-12  4.095546e+01   9.550946236e+00 
  737.000  1.004063e+03  1.761718e+01  2.482644e+01   6.038669586e+00 
  737.000  1.005896e+03  1.743689e+01  2.502262e+01   6.080688953e+00 
  737.000  1.077911e+03 -1.476341e-12  4.101811e+01   9.570170403e+00 
  738.000  1.006424e+03  1.772508e+01  2.492314e+01   6.052407265e+00 
  738.000  1.007861e+03  1.753335e+01  2.513095e+01   6.096313000e+00 
  738.000  1.070021e+03 -1.366594e-12  4.121692e+01   9.592576027e+00 
  739.000  9.956537e+02  1.752047e+01  2.468009e+01   5.987157822e+00 
  739.000  9.969954e+02  1.732782e+01  2.488737e+01   6.030734062e+00 
  739.000  1.055207e+03 -2.597021e-12  4.079731e+01   9.479212761e+00 
  740.000  1.008091e+03  1.785858e+01  2.503307e+01   6.061617374e+00 
  740.000  1.008993e+03  1.765177e+01  2.525609e+01   6.107879162e+00 
  740.000  1.056689e+03 -7.619442e-13  4.148427e+01   9.608812332e+00 
  741.000  9.994612e+02  1.769067e+01  2.484229e+01   6.009269714e+00 
  741.000  1.000241e+03  1.748159e+01  2.506623e+01   6.055472374e+00 
  741.000  1.044695e+03  2.808931e-12  4.113090e+01   9.514184952e+00 
  742.000  9.881433e+02  1.739059e+01  2.456598e+01   5.940517902e+00 
  742.000  9.888335e+02  1.718161e+01  2.478831e+01   5.986211777e+00 
  742.000  1.031217e+03  2.385320e-12  4.057097e+01   9.380261421e+00 
  743.000  1.013190e+03  1.775247e+01  2.519157e+01   6.090549469e+00 
  743.000  1.013843e+03  1.753689e+01  2.541997e+01   6.137371540e+00 
  743.000  1.056072e+03  2.120183e-12  4.152734e+01   9.597924232e+00 
  744.000  1.021063e+03  1.784256e+01  2.539870e+01   6.137413979e+00 
  744.000  1.021660e+03  1.762342e+01  2.562982e+01   6.184654713e+00 
  744.000  1.062567e+03  2.269731e-12  4.181504e+01   9.657225609e+00 
  745.000  1.006675e+03  1.756059e+01  2.505555e+01   6.050538540e+00 
  745.000  1.007179e+03  1.734116e+01  2.528541e+01   6.097328186e+00 
  745.000  1.045937e+03 -5.965684e-13  4.120205e+01   9.508359909e+00 
  746.000  1.009706e+03  1.754784e+01  2.512806e+01   6.068383217e+00 
  746.000  1.010198e+03  1.732800e+01  2.535806e+01   6.115171432e+00 
  746.000  1.048563e+03  1.359420e-12  4.126682e+01   9.522649765e+00 
  747.000  1.016337e+03  1.755346e+01  2.528418e+01   6.107670307e+00 
  747.000  1.016820e+03  1.733304e+01  2.551450e+01   6.154500961e+00 
  747.000  1.054962e+03  2.691908e-12  4.143476e+01   9.562489510e+00 
  748.000  1.013887e+03  1.743668e+01  2.521678e+01   6.092570305e+00 
  748.000  1.014365e+03  1.721757e+01  2.544560e+01   6.139092922e+00 
  748.000  1.052113e+03 -1.881552e-12  4.126546e+01   9.524244308e+00 
  749.000  9.963259e+02  1.706140e+01  2.477395e+01   5.986665249e+00 
  749.000  9.967863e+02  1.684663e+01  2.499804e+01   6.032208443e+00 
  749.000  1.033589e+03 -1.734859e-12  4.048085e+01   9.344079018e+00 
  750.000  9.921398e+02  1.689300e+01  2.466067e+01   5.961029530e+00 
  750.000  9.925937e+02  1.668019e+01  2.488258e+01   6.006124973e+00 
  750.000  1.028938e+03  1.286519e-12  4.021878e+01   9.285243034e+00 
  751.000  1.010073e+03  1.711130e+01  2.509780e+01   6.068345070e+00 
  751.000  1.010533e+03  1.689573e+01  2.532252e+01   6.114013672e+00 
  751.000  1.047271e+03  1.359969e-12  4.086387e+01   9.435670853e+00 
  752.000  1.004615e+03  1.691381e+01  2.495411e+01   6.035005093e+00 
  752.000  1.005062e+03  1.670029e+01  2.517643e+01   6.080167294e+00 
  752.000  1.041077e+03  8.538158e-13  4.054615e+01   9.362956047e+00 
  753.000  9.967410e+02  1.670202e+01  2.475141e+01   5.987307072e+00 
  753.000  9.971793e+02  1.649098e+01  2.497101e+01   6.031909943e+00 
  753.000  1.032614e+03  2.262215e-12  4.015417e+01   9.273500443e+00 
  754.000  1.008368e+03  1.680157e+01  2.502937e+01   6.056699753e+00 
  754.000  1.008814e+03  1.658942e+01  2.525012e+01   6.101546764e+00 
  754.000  1.044500e+03 -1.069856e-12  4.053142e+01   9.363029480e+00 
  755.000  1.005690e+03  1.665652e+01  2.495116e+01   6.040137768e+00 
  755.000  1.006138e+03  1.644639e+01  2.516982e+01   6.084572792e+00 
  755.000  1.041593e+03 -1.619524e-12  4.032707e+01   9.318583488e+00 
  756.000  9.944097e+02  1.639705e+01  2.466487e+01   5.972023487e+00 
  756.000  9.948480e+02  1.619001e+01  2.488018e+01   6.015772343e+00 
  756.000  1.029639e+03 -2.517660e-12  3.980527e+01   9.199161530e+00 
  757.000  9.903504e+02  1.623893e+01  2.455830e+01   5.947155476e+00 
  757.000  9.907729e+02  1.603334e+01  2.477182e+01   5.990514278e+00 
  757.000  1.024886e+03  2.795432e-12  3.955752e+01   9.142241478e+00 
  758.000  9.818733e+02  1.600454e+01  2.433845e+01   5.895782948e+00 
  758.000  9.822902e+02  1.580187e+01  2.454885e+01   5.938508987e+00 
  758.000  1.015879e+03  1.540735e-12  3.912621e+01   9.044748306e+00 
  759.000  9.449668e+02  1.507336e+01  2.333508e+01   5.673674107e+00 
  759.000  9.458804e+02  1.489246e+01  2.352078e+01   5.711903572e+00 
  759.000  1.010172e+03  1.041310e-12  3.717751e+01   8.649910927e+00 
  760.000  3.410520e+02  4.148865e+00  8.140384e+00   2.047748566e+00 
  760.000  3.467300e+02  4.163273e+00  8.064135e+00   2.034783840e+00 
  760.000  1.025229e+03  4.226521e-13  1.207165e+01   3.084982872e+00 
  761.000  2.670186e+02  2.985881e+00  6.324909e+00   1.603184819e+00 
  761.000  2.724083e+02  3.007177e+00  6.240415e+00   1.588225603e+00 
  761.000  1.016088e+03  1.121223e-12  9.145821e+00   2.415339231e+00 
  762.000  5.627791e+02  7.379844e+00  1.351344e+01   3.377994776e+00 
  762.000  5.671486e+02  7.344192e+00  1.351381e+01   3.380883932e+00 
  762.000  9.899469e+02  4.995467e-13  1.916847e+01   4.826117992e+00 
  763.000  4.769238e+02  5.778166e+00  1.135219e+01   2.862459898e+00 
  763.000  4.820092e+02  5.771698e+00  1.131362e+01   2.857802629e+00 
  763.000  1.010077e+03  8.679318e-13  1.531701e+01   3.979747057e+00 
  764.000  5.215623e+02  6.421178e+00  1.243764e+01   3.130116701e+00 
  764.000  5.266448e+02  6.408676e+00  1.240716e+01   3.127240419e+00 
  764.000  1.026703e+03  7.619415e-13  1.701248e+01   4.364234447e+00 
  765.000  6.589507e+02  8.706226e+00  1.583746e+01   3.954360008e+00 
  765.000  6.629657e+02  8.655520e+00  1.586310e+01   3.962679625e+00 
  765.000  1.008973e+03  3.044371e-13  2.260964e+01   5.623262405e+00 
  766.000  7.832491e+02  1.106480e+01  1.900467e+01   4.700168610e+00 
  766.000  7.863484e+02  1.096906e+01  1.908389e+01   4.718534946e+00 
  766.000  9.770840e+02 -1.546914e-13  2.852246e+01   6.870272160e+00 
  767.000  8.424207e+02  1.208579e+01  2.050901e+01   5.054910183e+00 
  767.000  8.449728e+02  1.197162e+01  2.061447e+01   5.078375340e+00 
  767.000  9.674722e+02  8.861769e-13  3.104526e+01   7.410788059e+00 
  768.000  9.367284e+02  1.404354e+01  2.299119e+01   5.620659828e+00 
  768.000  9.379414e+02  1.388305e+01  2.315509e+01   5.654906750e+00 
  768.000  9.988680e+02 -2.088016e-12  3.577610e+01   8.384399414e+00 
  769.000  9.546851e+02  1.432851e+01  2.344317e+01   5.727924824e+00 
  769.000  9.555042e+02  1.415994e+01  2.362013e+01   5.764652729e+00 
  769.000  9.988636e+02 -1.606655e-12  3.662608e+01   8.561326981e+00 
  770.000  9.531000e+02  1.441507e+01  2.346601e+01   5.718329906e+00 
  770.000  9.537836e+02  1.423961e+01  2.364766e+01   5.755651474e+00 
  770.000  9.935773e+02  3.243925e-12  3.674147e+01   8.556545258e+00 
  771.000  9.514298e+02  1.442986e+01  2.345502e+01   5.707973003e+00 
  771.000  9.518814e+02  1.424915e+01  2.364256e+01   5.746211052e+00 
  771.000  9.841130e+02  2.254833e-12  3.680392e+01   8.548650742e+00 
  772.000  9.425947e+02  1.423592e+01  2.324780e+01   5.654454231e+00 
  772.000  9.429783e+02  1.405536e+01  2.343439e+01   5.692369461e+00 
  772.000  9.730877e+02 -1.851715e-13  3.642185e+01   8.452718735e+00 
  773.000  9.483422e+02  1.423192e+01  2.338134e+01   5.688477516e+00 
  773.000  9.487222e+02  1.405121e+01  2.356795e+01   5.726389408e+00 
  773.000  9.787632e+02  2.661052e-13  3.655054e+01   8.485146523e+00 
  774.000  9.603721e+02  1.435047e+01  2.367069e+01   5.760346889e+00 
  774.000  9.607594e+02  1.416838e+01  2.385872e+01   5.798557281e+00 
  774.000  9.911601e+02 -1.851257e-12  3.694894e+01   8.580191612e+00 
  775.000  9.287700e+02  1.383446e+01  2.288796e+01   5.570515156e+00 
  775.000  9.291399e+02  1.365875e+01  2.306932e+01   5.607361317e+00 
  775.000  9.583865e+02  9.543346e-13  3.568805e+01   8.288466454e+00 
  776.000  9.461827e+02  1.401385e+01  2.330615e+01   5.673590660e+00 
  776.000  9.465540e+02  1.383568e+01  2.348993e+01   5.710923195e+00 
  776.000  9.761271e+02  5.191813e-12  3.627161e+01   8.426141739e+00 
  777.000  9.525015e+02  1.401250e+01  2.344752e+01   5.709502697e+00 
  777.000  9.528686e+02  1.383411e+01  2.363138e+01   5.746842384e+00 
  777.000  9.823657e+02  4.709524e-12  3.641128e+01   8.461037636e+00 
  778.000  9.462303e+02  1.384991e+01  2.328221e+01   5.670448780e+00 
  778.000  9.465912e+02  1.367346e+01  2.346398e+01   5.707359314e+00 
  778.000  9.757247e+02  7.245466e-13  3.609515e+01   8.389581680e+00 
  779.000  9.542852e+02  1.388978e+01  2.346778e+01   5.717116356e+00 
  779.000  9.546472e+02  1.371279e+01  2.365006e+01   5.754130363e+00 
  779.000  9.838912e+02  1.139082e-12  3.631721e+01   8.443694115e+00 
  780.000  9.425539e+02  1.365533e+01  2.316861e+01   5.645546436e+00 
  780.000  9.429118e+02  1.348135e+01  2.334775e+01   5.681926250e+00 
  780.000  9.717071e+02  6.792856e-14  3.580194e+01   8.325993538e+00 
  781.000  9.399849e+02  1.355409e+01  2.309515e+01   5.628826141e+00 
  781.000  9.403399e+02  1.338135e+01  2.327295e+01   5.664934635e+00 
  781.000  9.688820e+02 -3.019951e-13  3.563821e+01   8.289410591e+00 
  782.000  9.483446e+02  1.358325e+01  2.328476e+01   5.677047253e+00 
  782.000  9.487053e+02  1.341027e+01  2.346279e+01   5.713212490e+00 
  782.000  9.773624e+02  1.328344e-12  3.586011e+01   8.343717575e+00 
  783.000  9.396744e+02  1.338897e+01  2.306075e+01   5.623654842e+00 
  783.000  9.400287e+02  1.321837e+01  2.323626e+01   5.659304142e+00 
  783.000  9.681986e+02  8.901402e-13  3.546049e+01   8.252180099e+00 
  784.000  9.296164e+02  1.316153e+01  2.279331e+01   5.562188625e+00 
  784.000  9.300030e+02  1.299521e+01  2.296478e+01   5.597091675e+00 
  784.000  9.584399e+02  6.612696e-12  3.498690e+01   8.148113251e+00 
  785.000  9.418513e+02  1.324783e+01  2.307180e+01   5.634099483e+00 
  785.000  9.422766e+02  1.308161e+01  2.324343e+01   5.669107914e+00 
  785.000  9.717797e+02 -3.580801e-12  3.534710e+01   8.238898277e+00 
  786.000  9.308918e+02  1.294834e+01  2.275696e+01   5.567209721e+00 
  786.000  9.314247e+02  1.278958e+01  2.292170e+01   5.601031780e+00 
  786.000  9.633179e+02 -1.145696e-12  3.474810e+01   8.118515968e+00 
  787.000  9.306546e+02  1.276603e+01  2.269917e+01   5.563847065e+00 
  787.000  9.313890e+02  1.261600e+01  2.285576e+01   5.596348286e+00 
  787.000  9.663661e+02  2.754708e-12  3.453270e+01   8.086104393e+00 
  788.000  9.270260e+02  1.261957e+01  2.259663e+01   5.541281223e+00 
  788.000  9.279773e+02  1.247351e+01  2.274598e+01   5.572433949e+00 
  788.000  9.686263e+02  1.541813e-12  3.424384e+01   8.029226303e+00 
  789.000  9.218652e+02  1.242138e+01  2.244271e+01   5.508433342e+00 
  789.000  9.228867e+02  1.227922e+01  2.258763e+01   5.538760662e+00 
  789.000  9.654456e+02 -1.010364e-12  3.389452e+01   7.957294941e+00 
  790.000  9.091250e+02  1.206552e+01  2.208396e+01   5.431128979e+00 
  790.000  9.105511e+02  1.193552e+01  2.221370e+01   5.458749294e+00 
  790.000  9.624570e+02  2.286571e-13  3.315474e+01   7.808699608e+00 
  791.000  9.067713e+02  1.199855e+01  2.202629e+01   5.415253639e+00 
  791.000  9.080061e+02  1.186585e+01  2.216002e+01   5.443520546e+00 
  791.000  9.557884e+02 -3.420400e-13  3.305268e+01   7.779317379e+00 
  792.000  9.061533e+02  1.201000e+01  2.202826e+01   5.410320282e+00 
  792.000  9.072176e+02  1.187331e+01  2.216647e+01   5.439286232e+00 
  792.000  9.505103e+02 -2.756818e-12  3.309464e+01   7.775407791e+00 
  793.000  8.945596e+02  1.185988e+01  2.175722e+01   5.340042591e+00 
  793.000  8.954804e+02  1.172175e+01  2.189707e+01   5.369173050e+00 
  793.000  9.351508e+02 -8.287348e-13  3.270078e+01   7.674189568e+00 
  794.000  8.856605e+02  1.177269e+01  2.156235e+01   5.285350323e+00 
  794.000  8.862882e+02  1.162998e+01  2.170839e+01   5.315444946e+00 
  794.000  9.182143e+02 -4.320262e-12  3.247182e+01   7.602650642e+00 
  795.000  8.884397e+02  1.173340e+01  2.160722e+01   5.300312519e+00 
  795.000  8.890149e+02  1.159192e+01  2.175382e+01   5.330556393e+00 
  795.000  9.189011e+02 -3.326092e-12  3.251184e+01   7.615347385e+00 
  796.000  8.848884e+02  1.131078e+01  2.140922e+01   5.277686119e+00 
  796.000  8.863357e+02  1.119115e+01  2.152803e+01   5.303153992e+00 
  796.000  9.382827e+02  6.904026e-13  3.177909e+01   7.505898952e+00 
  797.000  8.971480e+02  1.146924e+01  2.171724e+01   5.349469662e+00 
  797.000  8.984479e+02  1.134451e+01  2.184191e+01   5.375980377e+00 
  797.000  9.462692e+02 -3.094768e-12  3.225968e+01   7.609137058e+00 
  798.000  9.068707e+02  1.165562e+01  2.198108e+01   5.406101704e+00 
  798.000  9.078132e+02  1.152171e+01  2.211736e+01   5.434628963e+00 
  798.000  9.470627e+02 -1.354958e-12  3.274913e+01   7.703449726e+00 
  799.000  9.039659e+02  1.160436e+01  2.190178e+01   5.387945175e+00 
  799.000  9.047581e+02  1.146984e+01  2.204104e+01   5.417010307e+00 
  799.000  9.398399e+02  4.236827e-13  3.266356e+01   7.681172848e+00 
  800.000  8.839578e+02  1.122402e+01  2.138726e+01   5.267570496e+00 
  800.000  8.850089e+02  1.109829e+01  2.151488e+01   5.294479847e+00 
  800.000  9.266904e+02 -1.996062e-12  3.173709e+01   7.480765820e+00 
