  400.000  1.044247e+03  1.077356e-04  1.044247e+02  1.349744e+02  3.116450e-05  1.661971e+01 
  401.000  1.040226e+03  1.064177e-04  1.040226e+02  1.344546e+02  3.078325e-05  1.655571e+01 
  402.000  1.075723e+03  1.089157e-04  1.075723e+02  1.390428e+02  3.150585e-05  1.712066e+01 
  403.000  1.012615e+03  1.015252e-04  1.012615e+02  1.308858e+02  2.936801e-05  1.611628e+01 
  404.000  1.083661e+03  1.074895e-04  1.083661e+02  1.400688e+02  3.109328e-05  1.724700e+01 
  405.000  1.048855e+03  1.029619e-04  1.048855e+02  1.355700e+02  2.978326e-05  1.669304e+01 
  406.000  9.863638e+02  9.586790e-05  9.863639e+01  1.274927e+02  2.772915e-05  1.569847e+01 
  407.000  9.969783e+02  9.586654e-05  9.969785e+01  1.288647e+02  2.772627e-05  1.586740e+01 
  408.000  1.030123e+03  9.808808e-05  1.030123e+02  1.331487e+02  2.836642e-05  1.639491e+01 
  409.000  1.107778e+03  1.044067e-04  1.107778e+02  1.431861e+02  3.019111e-05  1.763083e+01 
  410.000  8.876533e+02  8.282462e-05  8.876534e+01  1.147338e+02  2.394846e-05  1.412744e+01 
  411.000  1.080235e+03  9.966575e-05  1.080235e+02  1.396260e+02  2.881743e-05  1.719247e+01 
  412.000  1.105128e+03  1.010117e-04  1.105128e+02  1.428435e+02  2.920643e-05  1.758865e+01 
  413.000  1.042728e+03  9.436506e-05  1.042728e+02  1.347780e+02  2.728442e-05  1.659553e+01 
  414.000  1.095101e+03  9.811156e-05  1.095101e+02  1.415476e+02  2.836749e-05  1.742908e+01 
  415.000  1.069063e+03  9.480709e-05  1.069063e+02  1.381820e+02  2.741179e-05  1.701467e+01 
  416.000  1.116710e+03  9.803903e-05  1.116710e+02  1.443406e+02  2.834558e-05  1.777299e+01 
  417.000  1.042465e+03  9.064662e-05  1.042465e+02  1.347440e+02  2.620761e-05  1.659134e+01 
  418.000  1.043151e+03  8.978265e-05  1.043151e+02  1.348327e+02  2.595714e-05  1.660226e+01 
  419.000  1.064118e+03  9.062360e-05  1.064118e+02  1.375428e+02  2.619956e-05  1.693597e+01 
  420.000  9.495103e+02  8.010848e-05  9.495104e+01  1.227292e+02  2.315890e-05  1.511193e+01 
  421.000  1.111081e+03  9.280763e-05  1.111081e+02  1.436130e+02  2.682827e-05  1.768340e+01 
  422.000  1.103175e+03  9.124091e-05  1.103175e+02  1.425912e+02  2.637337e-05  1.755758e+01 
  423.000  9.841115e+02  8.059572e-05  9.841116e+01  1.272016e+02  2.329460e-05  1.566262e+01 
  424.000  9.596804e+02  7.781987e-05  9.596806e+01  1.240437e+02  2.249059e-05  1.527379e+01 
  425.000  9.660759e+02  7.755752e-05  9.660760e+01  1.248704e+02  2.241327e-05  1.537558e+01 
  426.000  1.043853e+03  8.304595e-05  1.043853e+02  1.349234e+02  2.399898e-05  1.661343e+01 
  427.000  9.710050e+02  7.648201e-05  9.710052e+01  1.255075e+02  2.210191e-05  1.545403e+01 
  428.000  9.707717e+02  7.571717e-05  9.707718e+01  1.254773e+02  2.188070e-05  1.545031e+01 
  429.000  8.695428e+02  6.719073e-05  8.695429e+01  1.123930e+02  1.941657e-05  1.383920e+01 
  430.000  7.414157e+02  5.675972e-05  7.414158e+01  9.583186e+01  1.640203e-05  1.180000e+01 
  431.000  6.194415e+02  4.694999e-05  6.194415e+01  8.006606e+01  1.356661e-05  9.858719e+00 
  432.000  1.101860e+03  8.269589e-05  1.101861e+02  1.424212e+02  2.389439e-05  1.753665e+01 
  433.000  1.046906e+03  7.778873e-05  1.046906e+02  1.353180e+02  2.247523e-05  1.666202e+01 
  434.000  9.803954e+02  7.216136e-05  9.803955e+01  1.267212e+02  2.084822e-05  1.560348e+01 
  435.000  1.075792e+03  7.845624e-05  1.075792e+02  1.390518e+02  2.266551e-05  1.712177e+01 
  436.000  1.183562e+03  8.545476e-05  1.183562e+02  1.529816e+02  2.468460e-05  1.883698e+01 
  437.000  1.166343e+03  8.342457e-05  1.166343e+02  1.507559e+02  2.409544e-05  1.856292e+01 
  438.000  1.059686e+03  7.509984e-05  1.059687e+02  1.369700e+02  2.168859e-05  1.686543e+01 
  439.000  9.530613e+02  6.686468e-05  9.530613e+01  1.231881e+02  1.930809e-05  1.516844e+01 
  440.000  1.026559e+03  7.137061e-05  1.026559e+02  1.326881e+02  2.060707e-05  1.633820e+01 
  441.000  1.090600e+03  7.511544e-05  1.090600e+02  1.409657e+02  2.168660e-05  1.735744e+01 
  442.000  1.150124e+03  7.846521e-05  1.150124e+02  1.486596e+02  2.265206e-05  1.830480e+01 
  443.000  1.122896e+03  7.592629e-05  1.122896e+02  1.451402e+02  2.191780e-05  1.787145e+01 
  444.000  1.134465e+03  7.594130e-05  1.134465e+02  1.466355e+02  2.192044e-05  1.805557e+01 
  445.000  1.125672e+03  7.463202e-05  1.125672e+02  1.454990e+02  2.154092e-05  1.791563e+01 
  446.000  1.044170e+03  6.860062e-05  1.044170e+02  1.349644e+02  1.979887e-05  1.661848e+01 
  447.000  1.171285e+03  7.630484e-05  1.171285e+02  1.513947e+02  2.202098e-05  1.864157e+01 
  448.000  1.230887e+03  7.939247e-05  1.230887e+02  1.590986e+02  2.291049e-05  1.959018e+01 
  449.000  1.188456e+03  7.594613e-05  1.188456e+02  1.536141e+02  2.191442e-05  1.891486e+01 
  450.000  1.228850e+03  7.782171e-05  1.228851e+02  1.588354e+02  2.245412e-05  1.955776e+01 
  451.000  1.305497e+03  8.193902e-05  1.305497e+02  1.687424e+02  2.363958e-05  2.077764e+01 
  452.000  1.223813e+03  7.610321e-05  1.223813e+02  1.581843e+02  2.195328e-05  1.947759e+01 
  453.000  1.092565e+03  6.729305e-05  1.092565e+02  1.412198e+02  1.940925e-05  1.738872e+01 
  454.000  1.161085e+03  7.082921e-05  1.161085e+02  1.500763e+02  2.042661e-05  1.847924e+01 
  455.000  1.207751e+03  7.300907e-05  1.207751e+02  1.561081e+02  2.105194e-05  1.922196e+01 
  456.000  1.217400e+03  7.292199e-05  1.217400e+02  1.573553e+02  2.101872e-05  1.937552e+01 
  457.000  1.261079e+03  7.481997e-05  1.261079e+02  1.630010e+02  2.155640e-05  2.007069e+01 
  458.000  1.196343e+03  7.030902e-05  1.196343e+02  1.546336e+02  2.024799e-05  1.904039e+01 
  459.000  1.222221e+03  7.117379e-05  1.222221e+02  1.579785e+02  2.048844e-05  1.945226e+01 
  460.000  1.207482e+03  6.968505e-05  1.207482e+02  1.560733e+02  2.005229e-05  1.921767e+01 
  461.000  1.214839e+03  6.950319e-05  1.214839e+02  1.570242e+02  1.999851e-05  1.933476e+01 
  462.000  1.191188e+03  6.747623e-05  1.191188e+02  1.539673e+02  1.941460e-05  1.895835e+01 
  463.000  1.203242e+03  6.759200e-05  1.203242e+02  1.555253e+02  1.944717e-05  1.915018e+01 
  464.000  1.195921e+03  6.656901e-05  1.195921e+02  1.545790e+02  1.915222e-05  1.903367e+01 
  465.000  1.156466e+03  6.384755e-05  1.156467e+02  1.494793e+02  1.836854e-05  1.840574e+01 
  466.000  1.205550e+03  6.590770e-05  1.205550e+02  1.558236e+02  1.895914e-05  1.918692e+01 
  467.000  1.151459e+03  6.239168e-05  1.151459e+02  1.488321e+02  1.794579e-05  1.832604e+01 
  468.000  1.201056e+03  6.453763e-05  1.201056e+02  1.552428e+02  1.856105e-05  1.911540e+01 
  469.000  1.204739e+03  6.414470e-05  1.204739e+02  1.557188e+02  1.844600e-05  1.917402e+01 
  470.000  1.170032e+03  6.176237e-05  1.170032e+02  1.512327e+02  1.775861e-05  1.862164e+01 
  471.000  1.168783e+03  6.112016e-05  1.168784e+02  1.510714e+02  1.756973e-05  1.860177e+01 
  472.000  1.208317e+03  6.265025e-05  1.208317e+02  1.561813e+02  1.800545e-05  1.923096e+01 
  473.000  1.174207e+03  6.033233e-05  1.174207e+02  1.517724e+02  1.733495e-05  1.868808e+01 
  474.000  1.171701e+03  5.968437e-05  1.171701e+02  1.514485e+02  1.714478e-05  1.864820e+01 
  475.000  1.221552e+03  6.165317e-05  1.221552e+02  1.578920e+02  1.770467e-05  1.944161e+01 
  476.000  1.216458e+03  6.080915e-05  1.216458e+02  1.572336e+02  1.745154e-05  1.936054e+01 
  477.000  1.203442e+03  5.963394e-05  1.203442e+02  1.555512e+02  1.710357e-05  1.915338e+01 
  478.000  1.250645e+03  6.141514e-05  1.250645e+02  1.616524e+02  1.760314e-05  1.990463e+01 
  479.000  1.177225e+03  5.729630e-05  1.177225e+02  1.521624e+02  1.641208e-05  1.873611e+01 
  480.000  1.217408e+03  5.871401e-05  1.217408e+02  1.573564e+02  1.680777e-05  1.937566e+01 
  481.000  1.192583e+03  5.699067e-05  1.192583e+02  1.541476e+02  1.630730e-05  1.898055e+01 
  482.000  1.228504e+03  5.816367e-05  1.228504e+02  1.587905e+02  1.663611e-05  1.955224e+01 
  483.000  1.202810e+03  5.642696e-05  1.202810e+02  1.554695e+02  1.613291e-05  1.914331e+01 
  484.000  1.164611e+03  5.417925e-05  1.164612e+02  1.505321e+02  1.548453e-05  1.853537e+01 
  485.000  1.139767e+03  5.255042e-05  1.139767e+02  1.473209e+02  1.501401e-05  1.813996e+01 
  486.000  1.004892e+03  4.598120e-05  1.004892e+02  1.298876e+02  1.313710e-05  1.599336e+01 
  487.000  1.024405e+03  4.645012e-05  1.024405e+02  1.324097e+02  1.327170e-05  1.630392e+01 
  488.000  1.121986e+03  5.047394e-05  1.121986e+02  1.450225e+02  1.442198e-05  1.785696e+01 
  489.000  1.069521e+03  4.769716e-05  1.069522e+02  1.382412e+02  1.362919e-05  1.702197e+01 
  490.000  1.216352e+03  5.377631e-05  1.216352e+02  1.572198e+02  1.536627e-05  1.935884e+01 
  491.000  1.129310e+03  4.952922e-05  1.129310e+02  1.459692e+02  1.415007e-05  1.797352e+01 
  492.000  1.057812e+03  4.598569e-05  1.057812e+02  1.367277e+02  1.313451e-05  1.683560e+01 
  493.000  1.164228e+03  5.016155e-05  1.164228e+02  1.504825e+02  1.432355e-05  1.852926e+01 
  494.000  1.118702e+03  4.778685e-05  1.118702e+02  1.445981e+02  1.364221e-05  1.780470e+01 
  495.000  1.234541e+03  5.228514e-05  1.234541e+02  1.595708e+02  1.492132e-05  1.964832e+01 
  496.000  1.168432e+03  4.907564e-05  1.168432e+02  1.510259e+02  1.399462e-05  1.859617e+01 
  497.000  1.160622e+03  4.830590e-05  1.160622e+02  1.500165e+02  1.376283e-05  1.847187e+01 
  498.000  1.099256e+03  4.537137e-05  1.099256e+02  1.420846e+02  1.291498e-05  1.749520e+01 
  499.000  1.134435e+03  4.634427e-05  1.134435e+02  1.466317e+02  1.317844e-05  1.805510e+01 
  500.000  1.114759e+03  4.514071e-05  1.114759e+02  1.440884e+02  1.282463e-05  1.774193e+01 
  501.000  1.100717e+03  4.418807e-05  1.100717e+02  1.422734e+02  1.254061e-05  1.751845e+01 
  502.000  1.062734e+03  4.226563e-05  1.062734e+02  1.373639e+02  1.198078e-05  1.691394e+01 
  503.000  1.128578e+03  4.446630e-05  1.128578e+02  1.458747e+02  1.258962e-05  1.796188e+01 
  504.000  1.111209e+03  4.339249e-05  1.111209e+02  1.436296e+02  1.227164e-05  1.768544e+01 
  505.000  1.129181e+03  4.370442e-05  1.129181e+02  1.459526e+02  1.234764e-05  1.797148e+01 
  506.000  1.195091e+03  4.587015e-05  1.195091e+02  1.544718e+02  1.295911e-05  1.902047e+01 
  507.000  1.131739e+03  4.308073e-05  1.131739e+02  1.462832e+02  1.217254e-05  1.801219e+01 
  508.000  1.068661e+03  4.036224e-05  1.068661e+02  1.381301e+02  1.140487e-05  1.700827e+01 
  509.000  1.154760e+03  4.324102e-05  1.154760e+02  1.492587e+02  1.222003e-05  1.837857e+01 
  510.000  1.138125e+03  4.231504e-05  1.138126e+02  1.471087e+02  1.195972e-05  1.811383e+01 
  511.000  1.134479e+03  4.183274e-05  1.134479e+02  1.466374e+02  1.182334e-05  1.805580e+01 
  512.000  1.165071e+03  4.263917e-05  1.165070e+02  1.505915e+02  1.205003e-05  1.854267e+01 
  513.000  1.087220e+03  3.946019e-05  1.087220e+02  1.405289e+02  1.115112e-05  1.730365e+01 
  514.000  1.075209e+03  3.871962e-05  1.075209e+02  1.389763e+02  1.094077e-05  1.711248e+01 
  515.000  1.061355e+03  3.791164e-05  1.061356e+02  1.371857e+02  1.071168e-05  1.689200e+01 
  516.000  1.136655e+03  4.026165e-05  1.136655e+02  1.469186e+02  1.136996e-05  1.809042e+01 
  517.000  9.244030e+02  3.243741e-05  9.244031e+01  1.194839e+02  9.155433e-06  1.471233e+01 
  518.000  1.018137e+03  3.546499e-05  1.018138e+02  1.315996e+02  1.000521e-05  1.620416e+01 
  519.000  9.676177e+02  3.340473e-05  9.676177e+01  1.250697e+02  9.419055e-06  1.540012e+01 
  520.000  1.073269e+03  3.676891e-05  1.073270e+02  1.387257e+02  1.036197e-05  1.708161e+01 
  521.000  1.089501e+03  3.697076e-05  1.089501e+02  1.408237e+02  1.040925e-05  1.733994e+01 
  522.000  1.116662e+03  3.760938e-05  1.116662e+02  1.443344e+02  1.058123e-05  1.777223e+01 
  523.000  1.054548e+03  3.520917e-05  1.054548e+02  1.363058e+02  9.898183e-06  1.678365e+01 
  524.000  1.136901e+03  3.765120e-05  1.136901e+02  1.469504e+02  1.057615e-05  1.809435e+01 
  525.000  1.128027e+03  3.705550e-05  1.128027e+02  1.458035e+02  1.039981e-05  1.795311e+01 
  526.000  1.065303e+03  3.467854e-05  1.065303e+02  1.376960e+02  9.719541e-06  1.695482e+01 
  527.000  9.753961e+02  3.142396e-05  9.753961e+01  1.260750e+02  8.793621e-06  1.552391e+01 
  528.000  1.115561e+03  3.565451e-05  1.115561e+02  1.441921e+02  9.965021e-06  1.775470e+01 
  529.000  1.119454e+03  3.544477e-05  1.119454e+02  1.446953e+02  9.892427e-06  1.781667e+01 
  530.000  1.107006e+03  3.476079e-05  1.107006e+02  1.430863e+02  9.689735e-06  1.761854e+01 
  531.000  1.170503e+03  3.645343e-05  1.170503e+02  1.512937e+02  1.015446e-05  1.862914e+01 
  532.000  1.108392e+03  3.424204e-05  1.108392e+02  1.432654e+02  9.533175e-06  1.764060e+01 
  533.000  9.652234e+02  2.957894e-05  9.652235e+01  1.247602e+02  8.231142e-06  1.536201e+01 
  534.000  1.031048e+03  3.134304e-05  1.031048e+02  1.332683e+02  8.717285e-06  1.640963e+01 
  535.000  1.078095e+03  3.253157e-05  1.078095e+02  1.393494e+02  9.043273e-06  1.715842e+01 
  536.000  1.138232e+03  3.403284e-05  1.138232e+02  1.471224e+02  9.455635e-06  1.811553e+01 
  537.000  1.081000e+03  3.206655e-05  1.081000e+02  1.397249e+02  8.905738e-06  1.720464e+01 
  538.000  1.122207e+03  3.302236e-05  1.122207e+02  1.450511e+02  9.168136e-06  1.786048e+01 
  539.000  1.100693e+03  3.210653e-05  1.100693e+02  1.422704e+02  8.909787e-06  1.751808e+01 
  540.000  1.023049e+03  2.964605e-05  1.023049e+02  1.322345e+02  8.223973e-06  1.628234e+01 
  541.000  1.012245e+03  2.910405e-05  1.012245e+02  1.308380e+02  8.069263e-06  1.611039e+01 
  542.000  1.078711e+03  3.077904e-05  1.078711e+02  1.394291e+02  8.529124e-06  1.716823e+01 
  543.000  1.086780e+03  3.072300e-05  1.086780e+02  1.404720e+02  8.508906e-06  1.729664e+01 
  544.000  1.105270e+03  3.101429e-05  1.105270e+02  1.428620e+02  8.585153e-06  1.759092e+01 
  545.000  1.106034e+03  3.080203e-05  1.106034e+02  1.429607e+02  8.521963e-06  1.760308e+01 
  546.000  1.050005e+03  2.901770e-05  1.050005e+02  1.357186e+02  8.025747e-06  1.671135e+01 
  547.000  1.088287e+03  2.982468e-05  1.088287e+02  1.406668e+02  8.246394e-06  1.732063e+01 
  548.000  1.047210e+03  2.845498e-05  1.047210e+02  1.353574e+02  7.865196e-06  1.666687e+01 
  549.000  1.066341e+03  2.880455e-05  1.066341e+02  1.378301e+02  7.960084e-06  1.697134e+01 
  550.000  1.071416e+03  2.868571e-05  1.071416e+02  1.384861e+02  7.924315e-06  1.705211e+01 
  551.000  1.064241e+03  2.831387e-05  1.064241e+02  1.375587e+02  7.818212e-06  1.693793e+01 
  552.000  1.095333e+03  2.888283e-05  1.095333e+02  1.415775e+02  7.970380e-06  1.743277e+01 
  553.000  1.046223e+03  2.737229e-05  1.046223e+02  1.352298e+02  7.549963e-06  1.665115e+01 
  554.000  1.076274e+03  2.793061e-05  1.076274e+02  1.391140e+02  7.699576e-06  1.712943e+01 
  555.000  1.082904e+03  2.786879e-05  1.082904e+02  1.399710e+02  7.676778e-06  1.723495e+01 
  556.000  1.064471e+03  2.718257e-05  1.064471e+02  1.375884e+02  7.478421e-06  1.694158e+01 
  557.000  1.040149e+03  2.632770e-05  1.040149e+02  1.344447e+02  7.231902e-06  1.655448e+01 
  558.000  1.055415e+03  2.648724e-05  1.055415e+02  1.364178e+02  7.265155e-06  1.679744e+01 
  559.000  1.022608e+03  2.547286e-05  1.022608e+02  1.321775e+02  6.977676e-06  1.627532e+01 
  560.000  1.035781e+03  2.556612e-05  1.035781e+02  1.338801e+02  6.992498e-06  1.648497e+01 
  561.000  1.068049e+03  2.614821e-05  1.068049e+02  1.380509e+02  7.142869e-06  1.699852e+01 
  562.000  1.002123e+03  2.432007e-05  1.002123e+02  1.295296e+02  6.635235e-06  1.594928e+01 
  563.000  1.067540e+03  2.570609e-05  1.067540e+02  1.379852e+02  7.005189e-06  1.699043e+01 
  564.000  1.044909e+03  2.495406e-05  1.044909e+02  1.350599e+02  6.792346e-06  1.663024e+01 
  565.000  1.057197e+03  2.505742e-05  1.057197e+02  1.366482e+02  6.812882e-06  1.682581e+01 
  566.000  9.828522e+02  2.309259e-05  9.828522e+01  1.270388e+02  6.271698e-06  1.564258e+01 
  567.000  1.027803e+03  2.396772e-05  1.027803e+02  1.328489e+02  6.503288e-06  1.635800e+01 
  568.000  1.051029e+03  2.434466e-05  1.051029e+02  1.358510e+02  6.599583e-06  1.672764e+01 
  569.000  1.031668e+03  2.369570e-05  1.031668e+02  1.333484e+02  6.416843e-06  1.641950e+01 
  570.000  1.033957e+03  2.354128e-05  1.033957e+02  1.336444e+02  6.368987e-06  1.645594e+01 
  571.000  1.007188e+03  2.274489e-05  1.007187e+02  1.301842e+02  6.150957e-06  1.602989e+01 
  572.000  1.041478e+03  2.337436e-05  1.041478e+02  1.346165e+02  6.320285e-06  1.657564e+01 
  573.000  1.063665e+03  2.370868e-05  1.063665e+02  1.374843e+02  6.409176e-06  1.692876e+01 
  574.000  1.050908e+03  2.325693e-05  1.050908e+02  1.358354e+02  6.285955e-06  1.672573e+01 
  575.000  1.033284e+03  2.268411e-05  1.033284e+02  1.335573e+02  6.130048e-06  1.644522e+01 
  576.000  1.046144e+03  2.280187e-05  1.046144e+02  1.352196e+02  6.164816e-06  1.664990e+01 
  577.000  1.046994e+03  2.268626e-05  1.046994e+02  1.353295e+02  6.136588e-06  1.666343e+01 
  578.000  1.031639e+03  2.218385e-05  1.031639e+02  1.333448e+02  6.004529e-06  1.641905e+01 
  579.000  1.004878e+03  2.145657e-05  1.004878e+02  1.298858e+02  5.811124e-06  1.599314e+01 
  580.000  1.032554e+03  2.193093e-05  1.032554e+02  1.334630e+02  5.942255e-06  1.643361e+01 
  581.000  1.031844e+03  2.177884e-05  1.031844e+02  1.333713e+02  5.904176e-06  1.642231e+01 
  582.000  1.054558e+03  2.211781e-05  1.054558e+02  1.363071e+02  5.999292e-06  1.678381e+01 
  583.000  1.051026e+03  2.190743e-05  1.051026e+02  1.358506e+02  5.945363e-06  1.672760e+01 
  584.000  1.043991e+03  2.157468e-05  1.043991e+02  1.349413e+02  5.859350e-06  1.661564e+01 
  585.000  1.035267e+03  2.128646e-05  1.035267e+02  1.338137e+02  5.783253e-06  1.647679e+01 
  586.000  1.000044e+03  2.042291e-05  1.000044e+02  1.292609e+02  5.548423e-06  1.591619e+01 
  587.000  1.024691e+03  2.077385e-05  1.024691e+02  1.324466e+02  5.642428e-06  1.630846e+01 
  588.000  1.025189e+03  2.063505e-05  1.025189e+02  1.325111e+02  5.603678e-06  1.631639e+01 
  589.000  9.606668e+02  1.920224e-05  9.606668e+01  1.241712e+02  5.213365e-06  1.528949e+01 
  590.000  9.751925e+02  1.934137e-05  9.751925e+01  1.260487e+02  5.249919e-06  1.552067e+01 
  591.000  1.017258e+03  2.003694e-05  1.017258e+02  1.314859e+02  5.436088e-06  1.619016e+01 
  592.000  1.002032e+03  1.960146e-05  1.002032e+02  1.295179e+02  5.315232e-06  1.594783e+01 
  593.000  9.942966e+02  1.930221e-05  9.942967e+01  1.285180e+02  5.231544e-06  1.582472e+01 
  594.000  1.013708e+03  1.953180e-05  1.013708e+02  1.310270e+02  5.290853e-06  1.613366e+01 
  595.000  1.003445e+03  1.917011e-05  1.003445e+02  1.297005e+02  5.189169e-06  1.597032e+01 
  596.000  1.004150e+03  1.904359e-05  1.004150e+02  1.297917e+02  5.150995e-06  1.598154e+01 
  597.000  1.015685e+03  1.914214e-05  1.015685e+02  1.312826e+02  5.174460e-06  1.616513e+01 
  598.000  9.985838e+02  1.868549e-05  9.985838e+01  1.290722e+02  5.047158e-06  1.589295e+01 
  599.000  9.874543e+02  1.834457e-05  9.874544e+01  1.276336e+02  4.951540e-06  1.571583e+01 
  600.000  9.949573e+02  1.835434e-05  9.949574e+01  1.286034e+02  4.950877e-06  1.583524e+01 
  601.000  9.669482e+02  1.772310e-05  9.669482e+01  1.249831e+02  4.780152e-06  1.538946e+01 
  602.000  9.664686e+02  1.757066e-05  9.664686e+01  1.249211e+02  4.739840e-06  1.538182e+01 
  603.000  9.680693e+02  1.749543e-05  9.680693e+01  1.251280e+02  4.720129e-06  1.540730e+01 
  604.000  1.001793e+03  1.797695e-05  1.001793e+02  1.294870e+02  4.850759e-06  1.594403e+01 
  605.000  1.003037e+03  1.787434e-05  1.003037e+02  1.296478e+02  4.824402e-06  1.596383e+01 
  606.000  9.956781e+02  1.762669e-05  9.956783e+01  1.286966e+02  4.761451e-06  1.584671e+01 
  607.000  9.830672e+02  1.730874e-05  9.830672e+01  1.270666e+02  4.679074e-06  1.564600e+01 
  608.000  9.931107e+02  1.737629e-05  9.931107e+01  1.283648e+02  4.701401e-06  1.580585e+01 
  609.000  9.851624e+02  1.713908e-05  9.851624e+01  1.273374e+02  4.640888e-06  1.567935e+01 
  610.000  9.696361e+02  1.677196e-05  9.696362e+01  1.253306e+02  4.545116e-06  1.543224e+01 
  611.000  9.697001e+02  1.668640e-05  9.697002e+01  1.253388e+02  4.525193e-06  1.543326e+01 
  612.000  9.838358e+02  1.681258e-05  9.838358e+01  1.271659e+02  4.563830e-06  1.565823e+01 
  613.000  9.634993e+02  1.636595e-05  9.634993e+01  1.245373e+02  4.446351e-06  1.533457e+01 
  614.000  9.534492e+02  1.609668e-05  9.534492e+01  1.232383e+02  4.376946e-06  1.517461e+01 
  615.000  9.605370e+02  1.612859e-05  9.605371e+01  1.241544e+02  4.389101e-06  1.528742e+01 
  616.000  9.281862e+02  1.548945e-05  9.281862e+01  1.199729e+02  4.219413e-06  1.477254e+01 
  617.000  9.108047e+02  1.512442e-05  9.108047e+01  1.177263e+02  4.123336e-06  1.449591e+01 
  618.000  9.716897e+02  1.602063e-05  9.716897e+01  1.255960e+02  4.372410e-06  1.546492e+01 
  619.000  9.810942e+02  1.608822e-05  9.810943e+01  1.268116e+02  4.394827e-06  1.561460e+01 
  620.000  9.710837e+02  1.583094e-05  9.710838e+01  1.255176e+02  4.328760e-06  1.545528e+01 
  621.000  9.911861e+02  1.607076e-05  9.911861e+01  1.281160e+02  4.397853e-06  1.577522e+01 
  622.000  9.687545e+02  1.562497e-05  9.687545e+01  1.252166e+02  4.279089e-06  1.541821e+01 
  623.000  9.628257e+02  1.541895e-05  9.628258e+01  1.244503e+02  4.227023e-06  1.532385e+01 
  624.000  9.373812e+02  1.494584e-05  9.373813e+01  1.211614e+02  4.099924e-06  1.491889e+01 
  625.000  9.394791e+02  1.486851e-05  9.394791e+01  1.214326e+02  4.082579e-06  1.495227e+01 
  626.000  9.263446e+02  1.456068e-05  9.263446e+01  1.197349e+02  4.000403e-06  1.474323e+01 
  627.000  9.607496e+02  1.501427e-05  9.607497e+01  1.241819e+02  4.127067e-06  1.529081e+01 
  628.000  9.621041e+02  1.496389e-05  9.621041e+01  1.243570e+02  4.114758e-06  1.531236e+01 
  629.000  9.778746e+02  1.510714e-05  9.778747e+01  1.263954e+02  4.156530e-06  1.556336e+01 
  630.000  9.559220e+02  1.470295e-05  9.559220e+01  1.235579e+02  4.046687e-06  1.521397e+01 
  631.000  9.505576e+02  1.452569e-05  9.505576e+01  1.228645e+02  4.000725e-06  1.512859e+01 
  632.000  9.235247e+02  1.401273e-05  9.235247e+01  1.193704e+02  3.862871e-06  1.469835e+01 
  633.000  9.556976e+02  1.443820e-05  9.556976e+01  1.235289e+02  3.982649e-06  1.521040e+01 
  634.000  9.335736e+02  1.401185e-05  9.335736e+01  1.206693e+02  3.868225e-06  1.485829e+01 
  635.000  9.523108e+02  1.421732e-05  9.523109e+01  1.230912e+02  3.927770e-06  1.515650e+01 
  636.000  9.319965e+02  1.383777e-05  9.319965e+01  1.204654e+02  3.827432e-06  1.483319e+01 
  637.000  9.494171e+02  1.401445e-05  9.494171e+01  1.227171e+02  3.881281e-06  1.511044e+01 
  638.000  9.636215e+02  1.413589e-05  9.636215e+01  1.245531e+02  3.920484e-06  1.533651e+01 
  639.000  9.457455e+02  1.381091e-05  9.457455e+01  1.222426e+02  3.834115e-06  1.505201e+01 
  640.000  9.192717e+02  1.336402e-05  9.192718e+01  1.188207e+02  3.713632e-06  1.463066e+01 
  641.000  9.277004e+02  1.339649e-05  9.277005e+01  1.199101e+02  3.725211e-06  1.476481e+01 
  642.000  9.407542e+02  1.351588e-05  9.407543e+01  1.215974e+02  3.759392e-06  1.497257e+01 
  643.000  9.431180e+02  1.346211e-05  9.431181e+01  1.219029e+02  3.746020e-06  1.501019e+01 
  644.000  9.257518e+02  1.314014e-05  9.257518e+01  1.196583e+02  3.657559e-06  1.473380e+01 
  645.000  9.241035e+02  1.302790e-05  9.241035e+01  1.194452e+02  3.627981e-06  1.470757e+01 
  646.000  9.287217e+02  1.301697e-05  9.287218e+01  1.200421e+02  3.626988e-06  1.478106e+01 
  647.000  9.232048e+02  1.286949e-05  9.232049e+01  1.193291e+02  3.587778e-06  1.469326e+01 
  648.000  9.305800e+02  1.289564e-05  9.305801e+01  1.202823e+02  3.596795e-06  1.481064e+01 
  649.000  9.184989e+02  1.264336e-05  9.184989e+01  1.187208e+02  3.528640e-06  1.461836e+01 
  650.000  9.020362e+02  1.234196e-05  9.020363e+01  1.165929e+02  3.446595e-06  1.435635e+01 
  651.000  9.290804e+02  1.264163e-05  9.290804e+01  1.200885e+02  3.532330e-06  1.478677e+01 
  652.000  9.235787e+02  1.250973e-05  9.235787e+01  1.193774e+02  3.497443e-06  1.469921e+01 
  653.000  9.276209e+02  1.249835e-05  9.276210e+01  1.198999e+02  3.496214e-06  1.476355e+01 
  654.000  9.210262e+02  1.232180e-05  9.210263e+01  1.190475e+02  3.449662e-06  1.465859e+01 
  655.000  9.106151e+02  1.210676e-05  9.106152e+01  1.177018e+02  3.391708e-06  1.449289e+01 
  656.000  7.915598e+02  1.047687e-05  7.915597e+01  1.023132e+02  2.936361e-06  1.259807e+01 
  657.000  8.221472e+02  1.081525e-05  8.221472e+01  1.062668e+02  3.032701e-06  1.308488e+01 
  658.000  8.959562e+02  1.171586e-05  8.959563e+01  1.158070e+02  3.287089e-06  1.425959e+01 
  659.000  8.990883e+02  1.169223e-05  8.990883e+01  1.162119e+02  3.282026e-06  1.430943e+01 
  660.000  8.944316e+02  1.155876e-05  8.944316e+01  1.156100e+02  3.246402e-06  1.423532e+01 
  661.000  9.166125e+02  1.177287e-05  9.166125e+01  1.184770e+02  3.308259e-06  1.458834e+01 
  662.000  9.171539e+02  1.173117e-05  9.171539e+01  1.185469e+02  3.297849e-06  1.459696e+01 
  663.000  9.123843e+02  1.160160e-05  9.123843e+01  1.179305e+02  3.263060e-06  1.452105e+01 
  664.000  9.034333e+02  1.141737e-05  9.034334e+01  1.167735e+02  3.213062e-06  1.437859e+01 
  665.000  9.004722e+02  1.132780e-05  9.004721e+01  1.163907e+02  3.189008e-06  1.433146e+01 
  666.000  8.988866e+02  1.123679e-05  8.988866e+01  1.161858e+02  3.165286e-06  1.430622e+01 
  667.000  8.887324e+02  1.103869e-05  8.887325e+01  1.148733e+02  3.111193e-06  1.414462e+01 
  668.000  9.086127e+02  1.122659e-05  9.086127e+01  1.174429e+02  3.165761e-06  1.446102e+01 
  669.000  9.055988e+02  1.112859e-05  9.055988e+01  1.170534e+02  3.139555e-06  1.441305e+01 
  670.000  8.981893e+02  1.097781e-05  8.981894e+01  1.160957e+02  3.098610e-06  1.429513e+01 
  671.000  8.938340e+02  1.085281e-05  8.938340e+01  1.155327e+02  3.064810e-06  1.422581e+01 
  672.000  8.803588e+02  1.063888e-05  8.803588e+01  1.137910e+02  3.005214e-06  1.401135e+01 
  673.000  8.854093e+02  1.063709e-05  8.854093e+01  1.144438e+02  3.005905e-06  1.409173e+01 
  674.000  8.910171e+02  1.064428e-05  8.910171e+01  1.151686e+02  3.008935e-06  1.418098e+01 
  675.000  8.866935e+02  1.053043e-05  8.866935e+01  1.146098e+02  2.977951e-06  1.411216e+01 
  676.000  8.857109e+02  1.046134e-05  8.857109e+01  1.144828e+02  2.959366e-06  1.409653e+01 
  677.000  8.827975e+02  1.036781e-05  8.827975e+01  1.141062e+02  2.934083e-06  1.405016e+01 
  678.000  8.790807e+02  1.026633e-05  8.790807e+01  1.136258e+02  2.906313e-06  1.399100e+01 
  679.000  8.780497e+02  1.019190e-05  8.780498e+01  1.134925e+02  2.886435e-06  1.397460e+01 
  680.000  8.750278e+02  1.009571e-05  8.750278e+01  1.131019e+02  2.860245e-06  1.392650e+01 
  681.000  8.696833e+02  9.982520e-06  8.696834e+01  1.124111e+02  2.829361e-06  1.384144e+01 
  682.000  8.706254e+02  9.937441e-06  8.706255e+01  1.125329e+02  2.818123e-06  1.385643e+01 
  683.000  8.675209e+02  9.847249e-06  8.675209e+01  1.121316e+02  2.793886e-06  1.380702e+01 
  684.000  8.685547e+02  9.808307e-06  8.685548e+01  1.122652e+02  2.784256e-06  1.382348e+01 
  685.000  8.653315e+02  9.727371e-06  8.653316e+01  1.118486e+02  2.762356e-06  1.377218e+01 
  686.000  8.435793e+02  9.410489e-06  8.435793e+01  1.090370e+02  2.673878e-06  1.342598e+01 
  687.000  8.645353e+02  9.599260e-06  8.645354e+01  1.117457e+02  2.728246e-06  1.375951e+01 
  688.000  8.621803e+02  9.524494e-06  8.621803e+01  1.114413e+02  2.707998e-06  1.372203e+01 
  689.000  8.559946e+02  9.414574e-06  8.559945e+01  1.106418e+02  2.677434e-06  1.362358e+01 
  690.000  8.631115e+02  9.441680e-06  8.631115e+01  1.115617e+02  2.686153e-06  1.373685e+01 
  691.000  8.531688e+02  9.268472e-06  8.531687e+01  1.102765e+02  2.637963e-06  1.357860e+01 
  692.000  8.453370e+02  9.140333e-06  8.453369e+01  1.092642e+02  2.602131e-06  1.345395e+01 
  693.000  8.460474e+02  9.093821e-06  8.460474e+01  1.093561e+02  2.589692e-06  1.346526e+01 
  694.000  8.468441e+02  9.042335e-06  8.468440e+01  1.094590e+02  2.575922e-06  1.347794e+01 
  695.000  8.450681e+02  8.970238e-06  8.450682e+01  1.092295e+02  2.556175e-06  1.344968e+01 
  696.000  8.432418e+02  8.902794e-06  8.432417e+01  1.089934e+02  2.537673e-06  1.342061e+01 
  697.000  8.432620e+02  8.858984e-06  8.432619e+01  1.089960e+02  2.525844e-06  1.342093e+01 
  698.000  8.322441e+02  8.691910e-06  8.322442e+01  1.075719e+02  2.478978e-06  1.324558e+01 
  699.000  8.390181e+02  8.725911e-06  8.390182e+01  1.084475e+02  2.489227e-06  1.335339e+01 
  700.000  8.308212e+02  8.583363e-06  8.308213e+01  1.073880e+02  2.449403e-06  1.322293e+01 
  701.000  8.246135e+02  8.471296e-06  8.246136e+01  1.065856e+02  2.418016e-06  1.312413e+01 
  702.000  8.216138e+02  8.393316e-06  8.216138e+01  1.061979e+02  2.396322e-06  1.307639e+01 
  703.000  8.261447e+02  8.389070e-06  8.261447e+01  1.067835e+02  2.395716e-06  1.314850e+01 
  704.000  8.289190e+02  8.369700e-06  8.289190e+01  1.071421e+02  2.390757e-06  1.319266e+01 
  705.000  8.360283e+02  8.403221e-06  8.360283e+01  1.080610e+02  2.400786e-06  1.330580e+01 
  706.000  8.293371e+02  8.283365e-06  8.293371e+01  1.071962e+02  2.367107e-06  1.319931e+01 
  707.000  8.117949e+02  8.059223e-06  8.117950e+01  1.049287e+02  2.303570e-06  1.292012e+01 
  708.000  8.275952e+02  8.182684e-06  8.275951e+01  1.069710e+02  2.339212e-06  1.317159e+01 
  709.000  8.207490e+02  8.066457e-06  8.207491e+01  1.060861e+02  2.306499e-06  1.306263e+01 
  710.000  8.261315e+02  8.074174e-06  8.261316e+01  1.067818e+02  2.309198e-06  1.314829e+01 
  711.000  8.200792e+02  7.965944e-06  8.200793e+01  1.059995e+02  2.278829e-06  1.305197e+01 
  712.000  8.127043e+02  7.855681e-06  8.127044e+01  1.050463e+02  2.247757e-06  1.293459e+01 
  713.000  8.037336e+02  7.721872e-06  8.037336e+01  1.038868e+02  2.210047e-06  1.279182e+01 
  714.000  8.147430e+02  7.800405e-06  8.147430e+01  1.053098e+02  2.232858e-06  1.296704e+01 
  715.000  8.007172e+02  7.624116e-06  8.007172e+01  1.034969e+02  2.182907e-06  1.274381e+01 
  716.000  7.992138e+02  7.556330e-06  7.992138e+01  1.033026e+02  2.164021e-06  1.271988e+01 
  717.000  8.145108e+02  7.668064e-06  8.145107e+01  1.052798e+02  2.196322e-06  1.296334e+01 
  718.000  7.989645e+02  7.479210e-06  7.989645e+01  1.032703e+02  2.142619e-06  1.271592e+01 
  719.000  7.794596e+02  7.256755e-06  7.794596e+01  1.007492e+02  2.079258e-06  1.240549e+01 
  720.000  7.909760e+02  7.329039e-06  7.909760e+01  1.022378e+02  2.100291e-06  1.258877e+01 
  721.000  8.028430e+02  7.385994e-06  8.028430e+01  1.037717e+02  2.117101e-06  1.277764e+01 
  722.000  7.882704e+02  7.205998e-06  7.882703e+01  1.018881e+02  2.065932e-06  1.254571e+01 
  723.000  7.910828e+02  7.195743e-06  7.910828e+01  1.022516e+02  2.063325e-06  1.259047e+01 
  724.000  8.059520e+02  7.300907e-06  8.059521e+01  1.041735e+02  2.093759e-06  1.282713e+01 
  725.000  8.001153e+02  7.207017e-06  8.001154e+01  1.034191e+02  2.067205e-06  1.273423e+01 
  726.000  8.002440e+02  7.156722e-06  8.002441e+01  1.034357e+02  2.053152e-06  1.273628e+01 
  727.000  7.973420e+02  7.107763e-06  7.973420e+01  1.030606e+02  2.039266e-06  1.269009e+01 
  728.000  7.867141e+02  6.961956e-06  7.867140e+01  1.016869e+02  1.997789e-06  1.252094e+01 
  729.000  7.699622e+02  6.781757e-06  7.699622e+01  9.952163e+01  1.946301e-06  1.225433e+01 
  730.000  7.842234e+02  6.866510e-06  7.842235e+01  1.013650e+02  1.970917e-06  1.248131e+01 
  731.000  7.743073e+02  6.747548e-06  7.743074e+01  1.000833e+02  1.937018e-06  1.232349e+01 
  732.000  7.835944e+02  6.794905e-06  7.835944e+01  1.012837e+02  1.950875e-06  1.247129e+01 
  733.000  7.765840e+02  6.702064e-06  7.765840e+01  1.003775e+02  1.924470e-06  1.235972e+01 
  734.000  7.869268e+02  6.745013e-06  7.869269e+01  1.017144e+02  1.937164e-06  1.252433e+01 
  735.000  7.834908e+02  6.679953e-06  7.834909e+01  1.012703e+02  1.918743e-06  1.246965e+01 
  736.000  7.735423e+02  6.565963e-06  7.735423e+01  9.998439e+01  1.886141e-06  1.231131e+01 
  737.000  7.777893e+02  6.567349e-06  7.777893e+01  1.005333e+02  1.886684e-06  1.237890e+01 
  738.000  7.721547e+02  6.483753e-06  7.721548e+01  9.980504e+01  1.862827e-06  1.228922e+01 
  739.000  7.615219e+02  6.357454e-06  7.615219e+01  9.843069e+01  1.826694e-06  1.212000e+01 
  740.000  7.626362e+02  6.339654e-06  7.626362e+01  9.857471e+01  1.821700e-06  1.213773e+01 
  741.000  7.540353e+02  6.233599e-06  7.540353e+01  9.746301e+01  1.791374e-06  1.200084e+01 
  742.000  7.443870e+02  6.104349e-06  7.443871e+01  9.621592e+01  1.754442e-06  1.184729e+01 
  743.000  7.623923e+02  6.213555e-06  7.623922e+01  9.854319e+01  1.785996e-06  1.213385e+01 
  744.000  7.671378e+02  6.218668e-06  7.671378e+01  9.915659e+01  1.787615e-06  1.220938e+01 
  745.000  7.551853e+02  6.093245e-06  7.551853e+01  9.761165e+01  1.751701e-06  1.201915e+01 
  746.000  7.571519e+02  6.083549e-06  7.571519e+01  9.786584e+01  1.749097e-06  1.205045e+01 
  747.000  7.618795e+02  6.083063e-06  7.618795e+01  9.847692e+01  1.749233e-06  1.212569e+01 
  748.000  7.598939e+02  6.041458e-06  7.598938e+01  9.822026e+01  1.737454e-06  1.209409e+01 
  749.000  7.465861e+02  5.910118e-06  7.465862e+01  9.650017e+01  1.699867e-06  1.188229e+01 
  750.000  7.433203e+02  5.851684e-06  7.433203e+01  9.607804e+01  1.683298e-06  1.183031e+01 
  751.000  7.566545e+02  5.927672e-06  7.566546e+01  9.780157e+01  1.705385e-06  1.204253e+01 
  752.000  7.522981e+02  5.856228e-06  7.522981e+01  9.723846e+01  1.685131e-06  1.197320e+01 
  753.000  7.462700e+02  5.782238e-06  7.462701e+01  9.645931e+01  1.664059e-06  1.187726e+01 
  754.000  7.549578e+02  5.819206e-06  7.549578e+01  9.758224e+01  1.674943e-06  1.201553e+01 
  755.000  7.529561e+02  5.772121e-06  7.529561e+01  9.732351e+01  1.661639e-06  1.198367e+01 
  756.000  7.443746e+02  5.681228e-06  7.443746e+01  9.621432e+01  1.635620e-06  1.184709e+01 
  757.000  7.410110e+02  5.621718e-06  7.410110e+01  9.577956e+01  1.618665e-06  1.179356e+01 
  758.000  7.345665e+02  5.541008e-06  7.345666e+01  9.494657e+01  1.595594e-06  1.169099e+01 
  759.000  7.305001e+02  5.481543e-06  7.305001e+01  9.442095e+01  1.578617e-06  1.162627e+01 
  760.000  7.414454e+02  5.535885e-06  7.414454e+01  9.583571e+01  1.594404e-06  1.180047e+01 
  761.000  7.348698e+02  5.457200e-06  7.348698e+01  9.498576e+01  1.571826e-06  1.169582e+01 
  762.000  7.159952e+02  5.288196e-06  7.159953e+01  9.254613e+01  1.523224e-06  1.139542e+01 
  763.000  7.305887e+02  5.368161e-06  7.305887e+01  9.443240e+01  1.546338e-06  1.162768e+01 
  764.000  7.426436e+02  5.429512e-06  7.426436e+01  9.599057e+01  1.564080e-06  1.181954e+01 
  765.000  7.298419e+02  5.312601e-06  7.298419e+01  9.433588e+01  1.530456e-06  1.161580e+01 
  766.000  7.067872e+02  5.118666e-06  7.067873e+01  9.135596e+01  1.474616e-06  1.124887e+01 
  767.000  6.998456e+02  5.038913e-06  6.998457e+01  9.045872e+01  1.451667e-06  1.113839e+01 
  768.000  7.225712e+02  5.176679e-06  7.225713e+01  9.339611e+01  1.491390e-06  1.150008e+01 
  769.000  7.225829e+02  5.142187e-06  7.225829e+01  9.339762e+01  1.481487e-06  1.150026e+01 
  770.000  7.187618e+02  5.102026e-06  7.187618e+01  9.290373e+01  1.469923e-06  1.143945e+01 
  771.000  7.119075e+02  5.026381e-06  7.119075e+01  9.201777e+01  1.448112e-06  1.133036e+01 
  772.000  7.039047e+02  4.931705e-06  7.039047e+01  9.098337e+01  1.420774e-06  1.120299e+01 
  773.000  7.079874e+02  4.928251e-06  7.079874e+01  9.151108e+01  1.419727e-06  1.126797e+01 
  774.000  7.169402e+02  4.970344e-06  7.169402e+01  9.266827e+01  1.431821e-06  1.141046e+01 
  775.000  6.932230e+02  4.790095e-06  6.932230e+01  8.960270e+01  1.379871e-06  1.103299e+01 
  776.000  7.060424e+02  4.850567e-06  7.060424e+01  9.125967e+01  1.397263e-06  1.123701e+01 
  777.000  7.105425e+02  4.848072e-06  7.105426e+01  9.184134e+01  1.396517e-06  1.130864e+01 
  778.000  7.057301e+02  4.790838e-06  7.057301e+01  9.121931e+01  1.380010e-06  1.123204e+01 
  779.000  7.116270e+02  4.804352e-06  7.116270e+01  9.198151e+01  1.383881e-06  1.132590e+01 
  780.000  7.028219e+02  4.723757e-06  7.028219e+01  9.084341e+01  1.360682e-06  1.118576e+01 
  781.000  7.008257e+02  4.688807e-06  7.008257e+01  9.058538e+01  1.350717e-06  1.115399e+01 
  782.000  7.070343e+02  4.700873e-06  7.070343e+01  9.138788e+01  1.354354e-06  1.125280e+01 
  783.000  7.004650e+02  4.633378e-06  7.004651e+01  9.053877e+01  1.335037e-06  1.114825e+01 
  784.000  6.934545e+02  4.566927e-06  6.934544e+01  8.963261e+01  1.315996e-06  1.103667e+01 
  785.000  7.031605e+02  4.610599e-06  7.031606e+01  9.088717e+01  1.328697e-06  1.119115e+01 
  786.000  6.970876e+02  4.550428e-06  6.970876e+01  9.010222e+01  1.311462e-06  1.109449e+01 
  787.000  6.993738e+02  4.535103e-06  6.993738e+01  9.039772e+01  1.307215e-06  1.113088e+01 
  788.000  7.010446e+02  4.532134e-06  7.010446e+01  9.061368e+01  1.306433e-06  1.115747e+01 
  789.000  6.988257e+02  4.486473e-06  6.988257e+01  9.032688e+01  1.293444e-06  1.112216e+01 
  790.000  6.967111e+02  4.454747e-06  6.967111e+01  9.005356e+01  1.284398e-06  1.108850e+01 
  791.000  6.919695e+02  4.395917e-06  6.919695e+01  8.944068e+01  1.267614e-06  1.101304e+01 
  792.000  6.882089e+02  4.352009e-06  6.882089e+01  8.895461e+01  1.255077e-06  1.095319e+01 
  793.000  6.771411e+02  4.265431e-06  6.771411e+01  8.752403e+01  1.230218e-06  1.077704e+01 
  794.000  6.649539e+02  4.164391e-06  6.649540e+01  8.594878e+01  1.201232e-06  1.058307e+01 
  795.000  6.655180e+02  4.143357e-06  6.655180e+01  8.602169e+01  1.195300e-06  1.059205e+01 
  796.000  6.795937e+02  4.209998e-06  6.795937e+01  8.784103e+01  1.214603e-06  1.081607e+01 
  797.000  6.854098e+02  4.225398e-06  6.854098e+01  8.859280e+01  1.219109e-06  1.090864e+01 
  798.000  6.860157e+02  4.208061e-06  6.860156e+01  8.867111e+01  1.214169e-06  1.091828e+01 
  799.000  6.808043e+02  4.163483e-06  6.808042e+01  8.799751e+01  1.201347e-06  1.083534e+01 
  800.000  6.713018e+02  4.092011e-06  6.713017e+01  8.676926e+01  1.180770e-06  1.068410e+01 
