  400.000  5.834941e+02  2.407059e+02  8.545897e+01  7.541967e+01  4.896470e+01  1.404536e+01 
  401.000  5.842062e+02  2.384613e+02  8.527377e+01  7.551170e+01  4.860355e+01  1.401125e+01 
  402.000  6.080857e+02  2.450276e+02  8.839661e+01  7.859826e+01  5.006270e+01  1.451975e+01 
  403.000  5.758049e+02  2.292015e+02  8.338263e+01  7.442580e+01  4.693593e+01  1.369207e+01 
  404.000  6.195724e+02  2.433287e+02  8.934504e+01  8.008298e+01  4.995089e+01  1.466636e+01 
  405.000  6.028904e+02  2.337251e+02  8.659157e+01  7.792673e+01  4.809310e+01  1.420992e+01 
  406.000  5.704117e+02  2.184473e+02  8.162061e+01  7.372870e+01  4.505254e+01  1.339024e+01 
  407.000  5.802265e+02  2.193091e+02  8.269501e+01  7.499731e+01  4.534143e+01  1.356225e+01 
  408.000  6.020841e+02  2.248205e+02  8.549690e+01  7.782253e+01  4.658200e+01  1.401775e+01 
  409.000  6.507154e+02  2.399306e+02  9.205537e+01  8.410837e+01  4.982697e+01  1.508857e+01 
  410.000  5.242527e+02  1.909442e+02  7.389655e+01  6.776241e+01  3.974389e+01  1.210873e+01 
  411.000  6.418169e+02  2.305590e+02  9.010310e+01  8.295820e+01  4.811202e+01  1.475961e+01 
  412.000  6.601559e+02  2.344559e+02  9.237138e+01  8.532861e+01  4.903003e+01  1.512718e+01 
  413.000  6.254255e+02  2.194069e+02  8.720284e+01  8.083952e+01  4.598362e+01  1.427674e+01 
  414.000  6.601969e+02  2.287727e+02  9.172871e+01  8.533391e+01  4.805516e+01  1.501350e+01 
  415.000  6.482157e+02  2.218654e+02  8.975054e+01  8.378527e+01  4.671199e+01  1.468561e+01 
  416.000  6.809182e+02  2.302392e+02  9.395778e+01  8.801224e+01  4.858542e+01  1.536981e+01 
  417.000  6.384919e+02  2.133882e+02  8.781853e+01  8.252842e+01  4.512482e+01  1.436179e+01 
  418.000  6.418471e+02  2.118600e+02  8.797880e+01  8.296210e+01  4.490285e+01  1.438404e+01 
  419.000  6.580292e+02  2.144425e+02  8.988328e+01  8.505372e+01  4.555640e+01  1.469128e+01 
  420.000  5.896089e+02  1.899799e+02  8.029132e+01  7.621004e+01  4.044239e+01  1.312024e+01 
  421.000  6.931811e+02  2.206912e+02  9.409311e+01  8.959729e+01  4.708282e+01  1.537156e+01 
  422.000  6.913298e+02  2.175110e+02  9.354742e+01  8.935799e+01  4.650392e+01  1.527851e+01 
  423.000  6.196057e+02  1.926686e+02  8.358350e+01  8.008727e+01  4.128096e+01  1.364772e+01 
  424.000  6.067078e+02  1.864325e+02  8.159080e+01  7.842016e+01  4.002956e+01  1.331899e+01 
  425.000  6.137932e+02  1.863828e+02  8.229078e+01  7.933599e+01  4.010634e+01  1.342987e+01 
  426.000  6.665320e+02  2.002449e+02  8.911706e+01  8.615276e+01  4.317564e+01  1.454065e+01 
  427.000  6.224461e+02  1.847728e+02  8.296977e+01  8.045442e+01  3.992447e+01  1.353426e+01 
  428.000  6.245217e+02  1.832189e+02  8.300007e+01  8.072269e+01  3.967057e+01  1.353590e+01 
  429.000  5.622011e+02  1.631322e+02  7.451291e+01  7.266743e+01  3.539378e+01  1.214903e+01 
  430.000  4.813684e+02  1.381485e+02  6.362607e+01  6.221939e+01  3.003300e+01  1.037164e+01 
  431.000  4.034566e+02  1.144132e+02  5.317180e+01  5.214888e+01  2.492413e+01  8.665401e+00 
  432.000  7.212789e+02  2.022038e+02  9.479263e+01  9.322906e+01  4.414227e+01  1.544476e+01 
  433.000  6.881454e+02  1.906558e+02  9.018188e+01  8.894640e+01  4.170852e+01  1.469005e+01 
  434.000  6.465401e+02  1.771361e+02  8.450347e+01  8.356870e+01  3.882600e+01  1.376202e+01 
  435.000  7.115192e+02  1.928231e+02  9.275635e+01  9.196758e+01  4.234320e+01  1.510282e+01 
  436.000  7.865784e+02  2.107069e+02  1.022628e+02  1.016694e+02  4.636802e+01  1.664691e+01 
  437.000  7.788300e+02  2.063910e+02  1.010016e+02  1.006679e+02  4.550829e+01  1.643815e+01 
  438.000  7.104620e+02  1.862758e+02  9.190905e+01  9.183092e+01  4.115112e+01  1.495523e+01 
  439.000  6.401754e+02  1.658465e+02  8.258944e+01  8.274603e+01  3.670810e+01  1.343568e+01 
  440.000  6.924850e+02  1.775350e+02  8.912683e+01  8.950732e+01  3.936846e+01  1.449630e+01 
  441.000  7.391157e+02  1.874280e+02  9.489294e+01  9.553456e+01  4.163379e+01  1.543082e+01 
  442.000  7.823598e+02  1.961828e+02  1.001923e+02  1.011241e+02  4.365218e+01  1.628899e+01 
  443.000  7.653158e+02  1.897367e+02  9.775371e+01  9.892107e+01  4.224621e+01  1.588853e+01 
  444.000  7.760117e+02  1.902559e+02  9.888605e+01  1.003036e+02  4.247430e+01  1.606977e+01 
  445.000  7.717828e+02  1.870419e+02  9.809792e+01  9.975697e+01  4.181832e+01  1.593815e+01 
  446.000  7.189075e+02  1.723889e+02  9.116808e+01  9.292256e+01  3.860553e+01  1.480932e+01 
  447.000  8.093178e+02  1.922607e+02  1.024324e+02  1.046086e+02  4.314426e+01  1.663650e+01 
  448.000  8.521155e+02  2.001290e+02  1.075914e+02  1.101404e+02  4.500592e+01  1.747100e+01 
  449.000  8.270764e+02  1.922726e+02  1.042081e+02  1.069040e+02  4.333261e+01  1.691861e+01 
  450.000  8.586789e+02  1.976277e+02  1.079662e+02  1.109887e+02  4.462999e+01  1.752573e+01 
  451.000  9.151550e+02  2.085202e+02  1.148302e+02  1.182886e+02  4.717887e+01  1.863672e+01 
  452.000  8.606691e+02  1.940659e+02  1.077636e+02  1.112460e+02  4.399098e+01  1.748667e+01 
  453.000  7.709190e+02  1.719485e+02  9.631339e+01  9.964532e+01  3.904913e+01  1.562572e+01 
  454.000  8.223520e+02  1.814436e+02  1.025158e+02  1.062933e+02  4.128269e+01  1.662890e+01 
  455.000  8.577796e+02  1.873230e+02  1.067135e+02  1.108725e+02  4.269355e+01  1.730679e+01 
  456.000  8.674489e+02  1.875329e+02  1.077016e+02  1.121223e+02  4.281338e+01  1.746407e+01 
  457.000  9.013990e+02  1.928307e+02  1.116861e+02  1.165105e+02  4.409834e+01  1.810697e+01 
  458.000  8.570109e+02  1.814094e+02  1.059686e+02  1.107731e+02  4.155407e+01  1.717701e+01 
  459.000  8.786491e+02  1.841353e+02  1.084347e+02  1.135700e+02  4.224884e+01  1.757384e+01 
  460.000  8.702175e+02  1.805593e+02  1.071898e+02  1.124802e+02  4.149336e+01  1.736924e+01 
  461.000  8.780059e+02  1.803955e+02  1.079481e+02  1.134869e+02  4.152209e+01  1.748931e+01 
  462.000  8.640932e+02  1.755601e+02  1.060144e+02  1.116886e+02  4.048451e+01  1.717291e+01 
  463.000  8.740744e+02  1.758914e+02  1.070472e+02  1.129787e+02  4.061932e+01  1.733754e+01 
  464.000  8.717750e+02  1.736360e+02  1.065633e+02  1.126815e+02  4.016702e+01  1.725634e+01 
  465.000  8.457703e+02  1.669206e+02  1.032113e+02  1.093202e+02  3.867284e+01  1.671110e+01 
  466.000  8.847258e+02  1.727025e+02  1.077496e+02  1.143554e+02  4.008216e+01  1.744287e+01 
  467.000  8.465215e+02  1.635837e+02  1.029091e+02  1.094173e+02  3.802319e+01  1.665666e+01 
  468.000  8.854142e+02  1.695081e+02  1.074574e+02  1.144444e+02  3.945756e+01  1.739030e+01 
  469.000  8.906612e+02  1.687205e+02  1.078885e+02  1.151226e+02  3.932212e+01  1.745703e+01 
  470.000  8.668419e+02  1.625628e+02  1.048131e+02  1.120438e+02  3.792346e+01  1.695650e+01 
  471.000  8.683770e+02  1.611989e+02  1.048161e+02  1.122423e+02  3.767499e+01  1.695464e+01 
  472.000  8.988907e+02  1.651518e+02  1.083008e+02  1.161863e+02  3.861976e+01  1.751528e+01 
  473.000  8.739877e+02  1.587257e+02  1.050823e+02  1.129675e+02  3.711301e+01  1.699128e+01 
  474.000  8.713204e+02  1.564063e+02  1.045438e+02  1.126227e+02  3.654716e+01  1.690067e+01 
  475.000  9.081877e+02  1.609645e+02  1.087190e+02  1.173880e+02  3.756698e+01  1.757141e+01 
  476.000  9.050575e+02  1.584348e+02  1.081091e+02  1.169834e+02  3.695029e+01  1.746896e+01 
  477.000  8.965406e+02  1.553276e+02  1.069031e+02  1.158826e+02  3.623354e+01  1.727115e+01 
  478.000  9.342562e+02  1.603639e+02  1.112333e+02  1.207575e+02  3.746989e+01  1.796845e+01 
  479.000  8.828457e+02  1.503586e+02  1.049889e+02  1.141124e+02  3.523759e+01  1.695844e+01 
  480.000  9.174240e+02  1.551205e+02  1.089887e+02  1.185818e+02  3.649422e+01  1.760361e+01 
  481.000  9.037838e+02  1.517090e+02  1.072590e+02  1.168188e+02  3.583730e+01  1.732336e+01 
  482.000  9.357848e+02  1.558402e+02  1.109293e+02  1.209551e+02  3.694393e+01  1.791492e+01 
  483.000  9.201561e+02  1.519361e+02  1.089377e+02  1.189350e+02  3.611803e+01  1.759166e+01 
  484.000  8.934249e+02  1.462902e+02  1.056377e+02  1.154798e+02  3.484230e+01  1.705700e+01 
  485.000  8.760601e+02  1.420387e+02  1.034223e+02  1.132353e+02  3.386776e+01  1.669682e+01 
  486.000  7.740752e+02  1.244771e+02  9.126897e+01  1.000533e+02  2.972411e+01  1.473323e+01 
  487.000  7.913743e+02  1.260249e+02  9.317268e+01  1.022893e+02  3.015036e+01  1.503877e+01 
  488.000  8.679227e+02  1.369917e+02  1.020471e+02  1.121835e+02  3.281351e+01  1.646921e+01 
  489.000  8.285922e+02  1.295222e+02  9.728128e+01  1.070999e+02  3.106797e+01  1.569808e+01 
  490.000  9.451482e+02  1.463436e+02  1.108083e+02  1.221654e+02  3.515324e+01  1.787869e+01 
  491.000  8.798185e+02  1.350543e+02  1.030169e+02  1.137211e+02  3.248180e+01  1.661967e+01 
  492.000  8.259005e+02  1.255822e+02  9.656988e+01  1.067520e+02  3.024631e+01  1.557772e+01 
  493.000  9.107651e+02  1.371560e+02  1.063433e+02  1.177212e+02  3.307806e+01  1.715218e+01 
  494.000  8.765595e+02  1.307782e+02  1.022114e+02  1.132999e+02  3.157941e+01  1.648379e+01 
  495.000  9.692183e+02  1.432840e+02  1.128676e+02  1.252765e+02  3.464227e+01  1.820024e+01 
  496.000  9.189988e+02  1.347074e+02  1.068898e+02  1.187854e+02  3.260449e+01  1.723447e+01 
  497.000  9.150131e+02  1.328879e+02  1.062871e+02  1.182702e+02  3.220253e+01  1.713532e+01 
  498.000  8.686617e+02  1.251094e+02  1.007857e+02  1.122791e+02  3.035237e+01  1.624675e+01 
  499.000  8.987134e+02  1.280912e+02  1.041206e+02  1.161634e+02  3.111634e+01  1.678219e+01 
  500.000  8.847526e+02  1.249659e+02  1.023744e+02  1.143589e+02  3.038723e+01  1.649885e+01 
  501.000  8.748531e+02  1.224864e+02  1.011059e+02  1.130794e+02  2.981020e+01  1.629261e+01 
  502.000  8.447538e+02  1.169909e+02  9.746791e+01  1.091889e+02  2.845192e+01  1.570333e+01 
  503.000  8.964268e+02  1.226930e+02  1.032425e+02  1.158679e+02  2.978550e+01  1.662984e+01 
  504.000  8.800196e+02  1.187812e+02  1.011140e+02  1.137471e+02  2.869406e+01  1.628096e+01 
  505.000  8.997006e+02  1.209576e+02  1.033735e+02  1.162910e+02  2.942368e+01  1.664743e+01 
  506.000  9.541846e+02  1.270810e+02  1.094976e+02  1.233334e+02  3.093953e+01  1.763168e+01 
  507.000  9.042477e+02  1.191622e+02  1.036064e+02  1.168787e+02  2.899449e+01  1.667982e+01 
  508.000  8.571495e+02  1.122487e+02  9.815512e+01  1.107911e+02  2.741824e+01  1.580268e+01 
  509.000  9.285215e+02  1.205760e+02  1.062226e+02  1.200163e+02  2.952464e+01  1.710046e+01 
  510.000  9.174126e+02  1.183326e+02  1.048732e+02  1.185804e+02  2.904328e+01  1.688269e+01 
  511.000  9.169854e+02  1.173285e+02  1.047272e+02  1.185252e+02  2.886087e+01  1.685827e+01 
  512.000  9.435512e+02  1.197977e+02  1.076607e+02  1.219589e+02  2.951064e+01  1.732926e+01 
  513.000  8.824794e+02  1.110822e+02  1.005883e+02  1.140651e+02  2.740726e+01  1.618961e+01 
  514.000  8.744531e+02  1.091592e+02  9.957188e+01  1.130276e+02  2.696420e+01  1.602461e+01 
  515.000  8.648019e+02  1.070225e+02  9.836899e+01  1.117802e+02  2.646767e+01  1.582958e+01 
  516.000  9.277151e+02  1.138128e+02  1.054135e+02  1.199120e+02  2.817626e+01  1.696161e+01 
  517.000  7.559274e+02  9.183936e+01  8.579301e+01  9.770757e+01  2.276284e+01  1.380313e+01 
  518.000  8.335065e+02  1.004961e+02  9.451147e+01  1.077351e+02  2.492982e+01  1.520461e+01 
  519.000  7.932960e+02  9.476067e+01  8.985239e+01  1.025377e+02  2.353181e+01  1.445367e+01 
  520.000  8.811948e+02  1.044344e+02  9.971551e+01  1.138990e+02  2.595719e+01  1.603893e+01 
  521.000  8.962480e+02  1.052048e+02  1.013051e+02  1.158447e+02  2.617615e+01  1.629299e+01 
  522.000  9.198240e+02  1.071589e+02  1.038784e+02  1.188921e+02  2.668321e+01  1.670556e+01 
  523.000  8.698735e+02  1.004429e+02  9.813634e+01  1.124357e+02  2.503279e+01  1.578068e+01 
  524.000  9.386500e+02  1.074486e+02  1.057856e+02  1.213254e+02  2.678641e+01  1.700890e+01 
  525.000  9.317331e+02  1.057438e+02  1.048999e+02  1.204314e+02  2.636925e+01  1.686480e+01 
  526.000  8.815551e+02  9.922477e+01  9.916342e+01  1.139456e+02  2.477954e+01  1.594159e+01 
  527.000  8.082797e+02  9.002143e+01  9.080927e+01  1.044744e+02  2.248841e+01  1.459676e+01 
  528.000  9.254238e+02  1.022688e+02  1.038801e+02  1.196159e+02  2.556240e+01  1.669648e+01 
  529.000  9.299437e+02  1.018168e+02  1.042788e+02  1.202001e+02  2.546380e+01  1.675893e+01 
  530.000  9.208196e+02  1.000197e+02  1.031676e+02  1.190208e+02  2.503599e+01  1.657920e+01 
  531.000  9.748345e+02  1.049952e+02  1.091187e+02  1.260025e+02  2.630029e+01  1.753407e+01 
  532.000  9.242962e+02  9.873441e+01  1.033703e+02  1.194701e+02  2.475354e+01  1.660911e+01 
  533.000  8.061036e+02  8.539981e+01  9.007301e+01  1.041931e+02  2.143094e+01  1.447144e+01 
  534.000  8.624982e+02  9.063819e+01  9.629250e+01  1.114824e+02  2.276798e+01  1.546955e+01 
  535.000  9.033314e+02  9.423603e+01  1.007748e+02  1.167603e+02  2.369606e+01  1.618862e+01 
  536.000  9.555710e+02  9.877966e+01  1.065028e+02  1.235126e+02  2.487096e+01  1.710743e+01 
  537.000  9.089790e+02  9.322160e+01  1.012281e+02  1.174903e+02  2.349817e+01  1.625907e+01 
  538.000  9.448983e+02  9.611639e+01  1.051408e+02  1.221330e+02  2.425397e+01  1.688632e+01 
  539.000  9.276656e+02  9.347057e+01  1.031180e+02  1.199056e+02  2.359506e+01  1.655966e+01 
  540.000  8.633503e+02  8.640640e+01  9.590267e+01  1.115926e+02  2.182705e+01  1.539998e+01 
  541.000  8.526304e+02  8.435600e+01  9.457071e+01  1.102069e+02  2.123723e+01  1.518246e+01 
  542.000  9.102386e+02  8.944819e+01  1.009018e+02  1.176531e+02  2.256340e+01  1.619850e+01 
  543.000  9.199308e+02  8.972664e+01  1.019202e+02  1.189059e+02  2.270865e+01  1.636222e+01 
  544.000  9.361420e+02  9.055128e+01  1.036233e+02  1.210013e+02  2.291343e+01  1.663388e+01 
  545.000  9.381354e+02  9.009126e+01  1.037766e+02  1.212589e+02  2.282671e+01  1.665784e+01 
  546.000  8.908427e+02  8.476396e+01  9.844471e+01  1.151461e+02  2.146200e+01  1.579991e+01 
  547.000  9.252343e+02  8.734660e+01  1.021767e+02  1.195914e+02  2.215720e+01  1.639835e+01 
  548.000  8.926338e+02  8.365318e+01  9.852039e+01  1.153776e+02  2.127663e+01  1.581141e+01 
  549.000  9.097744e+02  8.474047e+01  1.003541e+02  1.175931e+02  2.156639e+01  1.610487e+01 
  550.000  9.155527e+02  8.451156e+01  1.009086e+02  1.183400e+02  2.153153e+01  1.619284e+01 
  551.000  9.110491e+02  8.362691e+01  1.003658e+02  1.177579e+02  2.133887e+01  1.610539e+01 
  552.000  9.388553e+02  8.540635e+01  1.033426e+02  1.213520e+02  2.181126e+01  1.658184e+01 
  553.000  8.977646e+02  8.102854e+01  9.874937e+01  1.160408e+02  2.071186e+01  1.584391e+01 
  554.000  9.247701e+02  8.278535e+01  1.016438e+02  1.195314e+02  2.117750e+01  1.630725e+01 
  555.000  9.317325e+02  8.271995e+01  1.023322e+02  1.204313e+02  2.117711e+01  1.641660e+01 
  556.000  9.168713e+02  8.080756e+01  1.006336e+02  1.185104e+02  2.069971e+01  1.614318e+01 
  557.000  8.969140e+02  7.840050e+01  9.837058e+01  1.159308e+02  2.009568e+01  1.577913e+01 
  558.000  9.110273e+02  7.899944e+01  9.984726e+01  1.177551e+02  2.026108e+01  1.601498e+01 
  559.000  8.836063e+02  7.609097e+01  9.678259e+01  1.142107e+02  1.952544e+01  1.552259e+01 
  560.000  8.959673e+02  7.649281e+01  9.806198e+01  1.158085e+02  1.964023e+01  1.572671e+01 
  561.000  9.246945e+02  7.832981e+01  1.011368e+02  1.195216e+02  2.012231e+01  1.621884e+01 
  562.000  8.684450e+02  7.294407e+01  9.491476e+01  1.122511e+02  1.874919e+01  1.522004e+01 
  563.000  9.257243e+02  7.716698e+01  1.011083e+02  1.196547e+02  1.984231e+01  1.621222e+01 
  564.000  9.066186e+02  7.495898e+01  9.895142e+01  1.171852e+02  1.928070e+01  1.586532e+01 
  565.000  9.178292e+02  7.531441e+01  1.001091e+02  1.186342e+02  1.937486e+01  1.604990e+01 
  566.000  8.538602e+02  6.942838e+01  9.305692e+01  1.103659e+02  1.785876e+01  1.491803e+01 
  567.000  8.926260e+02  7.196132e+01  9.720400e+01  1.153766e+02  1.849398e+01  1.558131e+01 
  568.000  9.107811e+02  7.273815e+01  9.908318e+01  1.177232e+02  1.864049e+01  1.588007e+01 
  569.000  8.881752e+02  6.981541e+01  9.643512e+01  1.148013e+02  1.774173e+01  1.544966e+01 
  570.000  8.919965e+02  6.961514e+01  9.682094e+01  1.152952e+02  1.773563e+01  1.551253e+01 
  571.000  8.692211e+02  6.726001e+01  9.428642e+01  1.123514e+02  1.714536e+01  1.510570e+01 
  572.000  8.952975e+02  6.850956e+01  9.699410e+01  1.157219e+02  1.737744e+01  1.553596e+01 
  573.000  9.146372e+02  6.946809e+01  9.903324e+01  1.182216e+02  1.762521e+01  1.586192e+01 
  574.000  9.011402e+02  6.769234e+01  9.746569e+01  1.164771e+02  1.711430e+01  1.560821e+01 
  575.000  8.859421e+02  6.594299e+01  9.575417e+01  1.145127e+02  1.666951e+01  1.533319e+01 
  576.000  8.966614e+02  6.613516e+01  9.683934e+01  1.158982e+02  1.670776e+01  1.550563e+01 
  577.000  8.976707e+02  6.574781e+01  9.689468e+01  1.160286e+02  1.661185e+01  1.551362e+01 
  578.000  8.867793e+02  6.450625e+01  9.568330e+01  1.146209e+02  1.634315e+01  1.531987e+01 
  579.000  8.662135e+02  6.263419e+01  9.343465e+01  1.119626e+02  1.591499e+01  1.496005e+01 
  580.000  8.925063e+02  6.427525e+01  9.625354e+01  1.153611e+02  1.637604e+01  1.541175e+01 
  581.000  8.947903e+02  6.412329e+01  9.647569e+01  1.156563e+02  1.638594e+01  1.544753e+01 
  582.000  9.173441e+02  6.540376e+01  9.887910e+01  1.185715e+02  1.675978e+01  1.583241e+01 
  583.000  9.175827e+02  6.513703e+01  9.888697e+01  1.186024e+02  1.675006e+01  1.583410e+01 
  584.000  9.150411e+02  6.450280e+01  9.857424e+01  1.182739e+02  1.664813e+01  1.578405e+01 
  585.000  9.089502e+02  6.377750e+01  9.788812e+01  1.174866e+02  1.648611e+01  1.567390e+01 
  586.000  8.803169e+02  6.143000e+01  9.477323e+01  1.137856e+02  1.591677e+01  1.517502e+01 
  587.000  9.014944e+02  6.231161e+01  9.696215e+01  1.165229e+02  1.611438e+01  1.552289e+01 
  588.000  8.933246e+02  6.060980e+01  9.585914e+01  1.154669e+02  1.547550e+01  1.533797e+01 
  589.000  8.192203e+02  5.425106e+01  8.758359e+01  1.058885e+02  1.357598e+01  1.399988e+01 
  590.000  8.297844e+02  5.432191e+01  8.861781e+01  1.072540e+02  1.354270e+01  1.416249e+01 
  591.000  8.774670e+02  5.761972e+01  9.383492e+01  1.134172e+02  1.454806e+01  1.500367e+01 
  592.000  8.540457e+02  5.530505e+01  9.115145e+01  1.103899e+02  1.385078e+01  1.456712e+01 
  593.000  8.675061e+02  5.671171e+01  9.282999e+01  1.121297e+02  1.450985e+01  1.484856e+01 
  594.000  8.759211e+02  5.643934e+01  9.354975e+01  1.132174e+02  1.432597e+01  1.495637e+01 
  595.000  8.653557e+02  5.501681e+01  9.230181e+01  1.118518e+02  1.388767e+01  1.475317e+01 
  596.000  8.840758e+02  5.668772e+01  9.451578e+01  1.142714e+02  1.458642e+01  1.511888e+01 
  597.000  8.952385e+02  5.708020e+01  9.567699e+01  1.157143e+02  1.470164e+01  1.530438e+01 
  598.000  8.825586e+02  5.600731e+01  9.431146e+01  1.140753e+02  1.447059e+01  1.508683e+01 
  599.000  8.757467e+02  5.535535e+01  9.358658e+01  1.131948e+02  1.436114e+01  1.497239e+01 
  600.000  8.859564e+02  5.583879e+01  9.470094e+01  1.145145e+02  1.456295e+01  1.515323e+01 
  601.000  8.643693e+02  5.430703e+01  9.239894e+01  1.117243e+02  1.422834e+01  1.478626e+01 
  602.000  8.654926e+02  5.396041e+01  9.247897e+01  1.118694e+02  1.416209e+01  1.479884e+01 
  603.000  8.683206e+02  5.385219e+01  9.275819e+01  1.122350e+02  1.415747e+01  1.484367e+01 
  604.000  9.003560e+02  5.549612e+01  9.615417e+01  1.163757e+02  1.462105e+01  1.538739e+01 
  605.000  9.023491e+02  5.522020e+01  9.632533e+01  1.166333e+02  1.456145e+01  1.541434e+01 
  606.000  8.964662e+02  5.445729e+01  9.565297e+01  1.158730e+02  1.437078e+01  1.530614e+01 
  607.000  8.858131e+02  5.348789e+01  9.448239e+01  1.144960e+02  1.412615e+01  1.511846e+01 
  608.000  8.954700e+02  5.368468e+01  9.546928e+01  1.157442e+02  1.418658e+01  1.527577e+01 
  609.000  8.889150e+02  5.294851e+01  9.473272e+01  1.148969e+02  1.400073e+01  1.515741e+01 
  610.000  8.754517e+02  5.180374e+01  9.325970e+01  1.131567e+02  1.370552e+01  1.492118e+01 
  611.000  8.759548e+02  5.152744e+01  9.327927e+01  1.132217e+02  1.363915e+01  1.492384e+01 
  612.000  8.892100e+02  5.189143e+01  9.464436e+01  1.149350e+02  1.374388e+01  1.514158e+01 
  613.000  8.713605e+02  5.049714e+01  9.270500e+01  1.126279e+02  1.338137e+01  1.483075e+01 
  614.000  8.627943e+02  4.964773e+01  9.175383e+01  1.115207e+02  1.316232e+01  1.467800e+01 
  615.000  8.695892e+02  4.972025e+01  9.244020e+01  1.123990e+02  1.318598e+01  1.478725e+01 
  616.000  8.405720e+02  4.770517e+01  8.931470e+01  1.086483e+02  1.265530e+01  1.428664e+01 
  617.000  8.249714e+02  4.653697e+01  8.762414e+01  1.066319e+02  1.234694e+01  1.401568e+01 
  618.000  8.802750e+02  4.922002e+01  9.344659e+01  1.137802e+02  1.305873e+01  1.494612e+01 
  619.000  8.887347e+02  4.934942e+01  9.430321e+01  1.148736e+02  1.309059e+01  1.508238e+01 
  620.000  8.793483e+02  4.845420e+01  9.326130e+01  1.136604e+02  1.284781e+01  1.491488e+01 
  621.000  8.971319e+02  4.907812e+01  9.510288e+01  1.159590e+02  1.300573e+01  1.520852e+01 
  622.000  8.763709e+02  4.760507e+01  9.285928e+01  1.132755e+02  1.260648e+01  1.484886e+01 
  623.000  8.701042e+02  4.680275e+01  9.213571e+01  1.124655e+02  1.237918e+01  1.473190e+01 
  624.000  8.464795e+02  4.525295e+01  8.959743e+01  1.094119e+02  1.195886e+01  1.432524e+01 
  625.000  8.473762e+02  4.484044e+01  8.963225e+01  1.095278e+02  1.183343e+01  1.432950e+01 
  626.000  8.342191e+02  4.371450e+01  8.817909e+01  1.078272e+02  1.151295e+01  1.409560e+01 
  627.000  8.613994e+02  4.468409e+01  9.097489e+01  1.113404e+02  1.172320e+01  1.454000e+01 
  628.000  8.384755e+02  4.242176e+01  8.831872e+01  1.083773e+02  1.088307e+01  1.410606e+01 
  629.000  8.638975e+02  4.374915e+01  9.105364e+01  1.116633e+02  1.133781e+01  1.454646e+01 
  630.000  8.498713e+02  4.289375e+01  8.958092e+01  1.098503e+02  1.113950e+01  1.431247e+01 
  631.000  8.517010e+02  4.295489e+01  8.980672e+01  1.100868e+02  1.124646e+01  1.435093e+01 
  632.000  8.295470e+02  4.154376e+01  8.743192e+01  1.072233e+02  1.089361e+01  1.397052e+01 
  633.000  8.611436e+02  4.303274e+01  9.077029e+01  1.113073e+02  1.132526e+01  1.450506e+01 
  634.000  8.434564e+02  4.191977e+01  8.888933e+01  1.090212e+02  1.106303e+01  1.420470e+01 
  635.000  8.624048e+02  4.268295e+01  9.087890e+01  1.114703e+02  1.129382e+01  1.452321e+01 
  636.000  8.451808e+02  4.158170e+01  8.903536e+01  1.092440e+02  1.101537e+01  1.422813e+01 
  637.000  8.630488e+02  4.223943e+01  9.090259e+01  1.115536e+02  1.121844e+01  1.452681e+01 
  638.000  8.787994e+02  4.280445e+01  9.255597e+01  1.135894e+02  1.141079e+01  1.479187e+01 
  639.000  8.637112e+02  4.188066e+01  9.095114e+01  1.116392e+02  1.118102e+01  1.453546e+01 
  640.000  8.409420e+02  4.060910e+01  8.854156e+01  1.086962e+02  1.086174e+01  1.415055e+01 
  641.000  8.492229e+02  4.069839e+01  8.937424e+01  1.097665e+02  1.088882e+01  1.428282e+01 
  642.000  8.631090e+02  4.122260e+01  9.083511e+01  1.115614e+02  1.105906e+01  1.451709e+01 
  643.000  8.655685e+02  4.103584e+01  9.105629e+01  1.118793e+02  1.100942e+01  1.455171e+01 
  644.000  8.505291e+02  4.010259e+01  8.945246e+01  1.099353e+02  1.077010e+01  1.429524e+01 
  645.000  8.481246e+02  3.961441e+01  8.914002e+01  1.096245e+02  1.061880e+01  1.424350e+01 
  646.000  8.470966e+02  3.900631e+01  8.890903e+01  1.094917e+02  1.036536e+01  1.420157e+01 
  647.000  8.328676e+02  3.774673e+01  8.725417e+01  1.076525e+02  9.918502e+00  1.392983e+01 
  648.000  8.250099e+02  3.665960e+01  8.621101e+01  1.066369e+02  9.485432e+00  1.375266e+01 
  649.000  8.227234e+02  3.652909e+01  8.605302e+01  1.063413e+02  9.533086e+00  1.373317e+01 
  650.000  8.183953e+02  3.650169e+01  8.570658e+01  1.057819e+02  9.657765e+00  1.368417e+01 
  651.000  8.472990e+02  3.774755e+01  8.877066e+01  1.095178e+02  1.005003e+01  1.417620e+01 
  652.000  8.331485e+02  3.651245e+01  8.712486e+01  1.076888e+02  9.595796e+00  1.390583e+01 
  653.000  8.510815e+02  3.761412e+01  8.916846e+01  1.100067e+02  1.005648e+01  1.424166e+01 
  654.000  8.435854e+02  3.691446e+01  8.832396e+01  1.090378e+02  9.852037e+00  1.410496e+01 
  655.000  8.255499e+02  3.561715e+01  8.631097e+01  1.067066e+02  9.431703e+00  1.377804e+01 
  656.000  7.233477e+02  3.120175e+01  7.567184e+01  9.349648e+01  8.310501e+00  1.208289e+01 
  657.000  7.489816e+02  3.203833e+01  7.829832e+01  9.680980e+01  8.520694e+00  1.250012e+01 
  658.000  8.242019e+02  3.529433e+01  8.623729e+01  1.065324e+02  9.474936e+00  1.377251e+01 
  659.000  8.304461e+02  3.545406e+01  8.690526e+01  1.073395e+02  9.554365e+00  1.388084e+01 
  660.000  8.285198e+02  3.522633e+01  8.670667e+01  1.070905e+02  9.527562e+00  1.385021e+01 
  661.000  8.502256e+02  3.594538e+01  8.896472e+01  1.098961e+02  9.738266e+00  1.421122e+01 
  662.000  8.516439e+02  3.587464e+01  8.910638e+01  1.100794e+02  9.732297e+00  1.423418e+01 
  663.000  8.469929e+02  3.542019e+01  8.858606e+01  1.094783e+02  9.603923e+00  1.415033e+01 
  664.000  8.395768e+02  3.489899e+01  8.779309e+01  1.085197e+02  9.474668e+00  1.402376e+01 
  665.000  8.370319e+02  3.461433e+01  8.750480e+01  1.081908e+02  9.398589e+00  1.397727e+01 
  666.000  8.363781e+02  3.436992e+01  8.741754e+01  1.081062e+02  9.343202e+00  1.396336e+01 
  667.000  8.275006e+02  3.377557e+01  8.646600e+01  1.069588e+02  9.188375e+00  1.381114e+01 
  668.000  8.465298e+02  3.436316e+01  8.843597e+01  1.094184e+02  9.354792e+00  1.412570e+01 
  669.000  8.440756e+02  3.406083e+01  8.815728e+01  1.091012e+02  9.276031e+00  1.408088e+01 
  670.000  8.376339e+02  3.360628e+01  8.746447e+01  1.082686e+02  9.157725e+00  1.397004e+01 
  671.000  8.340081e+02  3.322367e+01  8.705984e+01  1.077999e+02  9.057709e+00  1.390506e+01 
  672.000  8.217104e+02  3.256887e+01  8.575788e+01  1.062104e+02  8.881871e+00  1.369687e+01 
  673.000  8.267567e+02  3.256126e+01  8.626157e+01  1.068626e+02  8.883157e+00  1.377701e+01 
  674.000  8.323392e+02  3.258382e+01  8.682225e+01  1.075842e+02  8.892522e+00  1.386626e+01 
  675.000  8.286560e+02  3.223426e+01  8.641536e+01  1.071081e+02  8.800478e+00  1.380097e+01 
  676.000  8.280327e+02  3.202045e+01  8.632910e+01  1.070276e+02  8.744715e+00  1.378689e+01 
  677.000  8.256647e+02  3.173453e+01  8.606100e+01  1.067215e+02  8.670146e+00  1.374380e+01 
  678.000  8.225312e+02  3.142468e+01  8.571347e+01  1.063165e+02  8.588513e+00  1.368802e+01 
  679.000  8.219071e+02  3.119431e+01  8.562543e+01  1.062358e+02  8.528629e+00  1.367364e+01 
  680.000  8.193137e+02  3.089027e+01  8.533118e+01  1.059006e+02  8.447086e+00  1.362625e+01 
  681.000  8.143162e+02  3.051684e+01  8.478679e+01  1.052546e+02  8.343514e+00  1.353880e+01 
  682.000  8.156629e+02  3.038582e+01  8.490874e+01  1.054287e+02  8.312850e+00  1.355813e+01 
  683.000  8.123820e+02  3.005130e+01  8.453764e+01  1.050046e+02  8.215106e+00  1.349814e+01 
  684.000  8.135762e+02  2.992090e+01  8.464030e+01  1.051590e+02  8.180844e+00  1.351410e+01 
  685.000  8.111580e+02  2.969916e+01  8.437772e+01  1.048464e+02  8.127428e+00  1.347223e+01 
  686.000  7.897680e+02  2.862300e+01  8.211037e+01  1.020816e+02  7.819912e+00  1.310909e+01 
  687.000  5.904712e+02  1.959601e+01  6.063799e+01  7.632150e+01  4.845980e+00  9.640867e+00 
  688.000  6.693945e+02  2.206049e+01  6.887525e+01  8.652274e+01  5.452244e+00  1.096029e+01 
  689.000  7.154153e+02  2.418530e+01  7.386342e+01  9.247118e+01  6.210554e+00  1.176780e+01 
  690.000  7.239689e+02  2.412256e+01  7.466319e+01  9.357677e+01  6.130417e+00  1.189150e+01 
  691.000  7.460222e+02  2.526410e+01  7.710273e+01  9.642727e+01  6.609183e+00  1.228891e+01 
  692.000  7.579926e+02  2.571424e+01  7.836753e+01  9.797451e+01  6.777889e+00  1.249203e+01 
  693.000  7.465199e+02  2.484458e+01  7.695720e+01  9.649162e+01  6.447721e+00  1.225470e+01 
  694.000  7.343776e+02  2.396074e+01  7.552392e+01  9.492215e+01  6.120998e+00  1.201687e+01 
  695.000  7.441707e+02  2.450057e+01  7.667020e+01  9.618796e+01  6.382773e+00  1.220764e+01 
  696.000  7.500493e+02  2.469889e+01  7.735600e+01  9.694779e+01  6.483335e+00  1.232229e+01 
  697.000  7.779775e+02  2.601208e+01  8.050335e+01  1.005577e+02  6.997205e+00  1.283960e+01 
  698.000  7.722240e+02  2.572245e+01  7.993385e+01  9.981400e+01  6.941053e+00  1.275114e+01 
  699.000  7.518848e+02  2.431598e+01  7.751389e+01  9.718505e+01  6.370549e+00  1.234784e+01 
  700.000  7.480891e+02  2.407573e+01  7.713419e+01  9.669442e+01  6.327324e+00  1.228886e+01 
  701.000  7.361609e+02  2.328329e+01  7.579561e+01  9.515265e+01  6.034551e+00  1.207051e+01 
  702.000  7.402272e+02  2.346163e+01  7.626971e+01  9.567823e+01  6.142769e+00  1.214956e+01 
  703.000  7.475710e+02  2.370420e+01  7.705995e+01  9.662746e+01  6.260605e+00  1.227775e+01 
  704.000  7.581569e+02  2.410029e+01  7.823077e+01  9.799574e+01  6.432181e+00  1.246946e+01 
  705.000  7.692201e+02  2.436868e+01  7.939813e+01  9.942572e+01  6.514579e+00  1.265780e+01 
  706.000  7.623417e+02  2.394725e+01  7.865734e+01  9.853667e+01  6.390558e+00  1.253880e+01 
  707.000  7.532559e+02  2.365292e+01  7.777461e+01  9.736227e+01  6.358173e+00  1.240193e+01 
  708.000  7.706984e+02  2.418352e+01  7.959319e+01  9.961679e+01  6.529372e+00  1.269324e+01 
  709.000  7.648148e+02  2.385723e+01  7.897460e+01  9.885632e+01  6.446202e+00  1.259471e+01 
  710.000  7.688251e+02  2.379847e+01  7.935810e+01  9.937467e+01  6.418402e+00  1.265488e+01 
  711.000  7.661508e+02  2.365748e+01  7.909879e+01  9.902901e+01  6.412467e+00  1.261504e+01 
  712.000  7.594081e+02  2.336065e+01  7.840601e+01  9.815748e+01  6.344493e+00  1.250536e+01 
  713.000  7.524432e+02  2.301088e+01  7.767461e+01  9.725723e+01  6.254858e+00  1.238867e+01 
  714.000  7.616922e+02  2.316896e+01  7.861372e+01  9.845271e+01  6.286754e+00  1.253816e+01 
  715.000  7.380210e+02  2.201957e+01  7.600510e+01  9.539308e+01  5.881746e+00  1.211322e+01 
  716.000  7.282885e+02  2.138307e+01  7.489034e+01  9.413511e+01  5.655092e+00  1.192990e+01 
  717.000  6.743376e+02  1.855255e+01  6.857780e+01  8.716166e+01  4.536981e+00  1.087949e+01 
  718.000  6.014091e+02  1.631991e+01  6.081612e+01  7.773528e+01  3.943331e+00  9.628126e+00 
  719.000  5.496666e+02  1.459147e+01  5.550011e+01  7.104728e+01  3.443439e+00  8.782321e+00 
  720.000  5.804592e+02  1.515906e+01  5.851732e+01  7.502740e+01  3.523015e+00  9.254100e+00 
  721.000  6.386410e+02  1.734781e+01  6.498852e+01  8.254770e+01  4.312775e+00  1.031508e+01 
  722.000  7.035743e+02  1.961455e+01  7.208529e+01  9.094067e+01  5.091120e+00  1.147118e+01 
  723.000  6.801521e+02  1.864537e+01  6.947860e+01  8.791323e+01  4.768549e+00  1.104450e+01 
  724.000  6.057227e+02  1.588185e+01  6.136802e+01  7.829283e+01  3.839668e+00  9.726026e+00 
  725.000  6.093276e+02  1.580572e+01  6.163362e+01  7.875878e+01  3.804612e+00  9.761650e+00 
  726.000  6.610969e+02  1.724623e+01  6.715449e+01  8.545025e+01  4.233122e+00  1.065402e+01 
  727.000  6.360420e+02  1.640902e+01  6.442653e+01  8.221176e+01  3.985077e+00  1.021015e+01 
  728.000  6.319990e+02  1.633856e+01  6.408389e+01  8.168919e+01  4.022853e+00  1.016068e+01 
  729.000  6.268168e+02  1.598229e+01  6.353777e+01  8.101935e+01  3.886305e+00  1.007326e+01 
  730.000  6.545746e+02  1.679423e+01  6.649934e+01  8.460719e+01  4.156632e+00  1.055221e+01 
  731.000  6.319081e+02  1.592334e+01  6.404687e+01  8.167744e+01  3.870574e+00  1.015449e+01 
  732.000  6.735093e+02  1.739694e+01  6.861175e+01  8.705461e+01  4.406154e+00  1.089979e+01 
  733.000  6.950183e+02  1.830840e+01  7.108404e+01  8.983475e+01  4.783987e+00  1.130977e+01 
  734.000  7.230175e+02  1.925251e+01  7.415794e+01  9.345380e+01  5.143328e+00  1.181217e+01 
  735.000  7.093758e+02  1.857316e+01  7.261633e+01  9.169054e+01  4.894915e+00  1.155865e+01 
  736.000  7.088354e+02  1.860196e+01  7.265276e+01  9.162070e+01  4.944510e+00  1.157054e+01 
  737.000  7.117755e+02  1.855639e+01  7.292841e+01  9.200072e+01  4.926425e+00  1.161341e+01 
  738.000  7.154865e+02  1.871851e+01  7.339922e+01  9.248036e+01  5.025557e+00  1.169430e+01 
  739.000  7.086161e+02  1.851101e+01  7.270874e+01  9.159234e+01  4.997641e+00  1.158547e+01 
  740.000  7.198481e+02  1.894590e+01  7.397331e+01  9.304414e+01  5.187357e+00  1.179391e+01 
  741.000  7.143282e+02  1.876952e+01  7.342747e+01  9.233067e+01  5.164180e+00  1.170858e+01 
  742.000  7.065862e+02  1.845011e+01  7.263597e+01  9.132997e+01  5.090054e+00  1.158341e+01 
  743.000  7.247742e+02  1.883418e+01  7.450716e+01  9.368085e+01  5.206417e+00  1.188249e+01 
  744.000  7.307894e+02  1.892755e+01  7.513163e+01  9.445835e+01  5.246629e+00  1.198291e+01 
  745.000  7.208394e+02  1.862364e+01  7.412190e+01  9.317227e+01  5.177121e+00  1.182309e+01 
  746.000  7.231320e+02  1.861045e+01  7.435234e+01  9.346859e+01  5.177064e+00  1.185993e+01 
  747.000  7.279958e+02  1.861805e+01  7.484154e+01  9.409727e+01  5.181916e+00  1.193793e+01 
  748.000  7.263165e+02  1.849552e+01  7.466071e+01  9.388022e+01  5.149374e+00  1.190901e+01 
  749.000  7.138061e+02  1.809843e+01  7.336755e+01  9.226317e+01  5.040512e+00  1.170274e+01 
  750.000  7.108828e+02  1.792160e+01  7.305621e+01  9.188532e+01  4.992617e+00  1.165296e+01 
  751.000  7.237994e+02  1.815502e+01  7.437327e+01  9.355487e+01  5.058632e+00  1.186289e+01 
  752.000  7.200170e+02  1.794694e+01  7.397398e+01  9.306597e+01  5.003673e+00  1.179916e+01 
  753.000  7.144481e+02  1.772359e+01  7.339317e+01  9.234615e+01  4.942838e+00  1.170645e+01 
  754.000  7.228268e+02  1.783158e+01  7.424179e+01  9.342915e+01  4.972966e+00  1.184158e+01 
  755.000  7.209448e+02  1.768021e+01  7.403555e+01  9.318589e+01  4.930468e+00  1.180843e+01 
  756.000  7.129244e+02  1.740589e+01  7.320403e+01  9.214922e+01  4.855357e+00  1.167574e+01 
  757.000  7.101440e+02  1.723871e+01  7.291015e+01  9.178983e+01  4.812205e+00  1.162891e+01 
  758.000  7.041253e+02  1.699163e+01  7.228097e+01  9.101189e+01  4.744130e+00  1.152840e+01 
  759.000  6.739052e+02  1.596763e+01  6.905119e+01  8.710577e+01  4.394329e+00  1.100633e+01 
  760.000  2.031613e+02  3.934711e+00  1.995115e+01  2.625966e+01  8.074173e-01  3.128252e+00 
  761.000  1.458204e+02  2.690096e+00  1.417024e+01  1.884805e+01  5.043088e-01  2.212580e+00 
  762.000  3.633666e+02  7.275886e+00  3.647890e+01  4.696704e+01  1.631969e+00  5.771489e+00 
  763.000  2.944919e+02  5.460713e+00  2.925886e+01  3.806461e+01  1.078499e+00  4.610686e+00 
  764.000  3.285347e+02  6.176414e+00  3.270754e+01  4.246483e+01  1.267137e+00  5.158157e+00 
  765.000  4.376985e+02  8.740850e+00  4.404390e+01  5.657483e+01  2.004011e+00  6.974971e+00 
  766.000  5.390946e+02  1.150685e+01  5.468884e+01  6.968080e+01  2.917441e+00  8.687532e+00 
  767.000  5.871133e+02  1.263210e+01  5.967915e+01  7.588748e+01  3.264681e+00  9.487334e+00 
  768.000  6.660969e+02  1.486882e+01  6.807712e+01  8.609651e+01  4.042249e+00  1.084457e+01 
  769.000  6.822092e+02  1.522737e+01  6.979954e+01  8.817911e+01  4.171742e+00  1.112413e+01 
  770.000  6.819684e+02  1.529732e+01  6.981409e+01  8.814798e+01  4.227949e+00  1.112874e+01 
  771.000  6.824106e+02  1.534171e+01  6.991137e+01  8.820514e+01  4.277684e+00  1.114767e+01 
  772.000  6.765046e+02  1.513183e+01  6.931133e+01  8.744176e+01  4.233048e+00  1.105283e+01 
  773.000  6.806915e+02  1.512841e+01  6.973041e+01  8.798293e+01  4.233694e+00  1.111957e+01 
  774.000  6.893337e+02  1.525557e+01  7.060764e+01  8.909998e+01  4.269140e+00  1.125930e+01 
  775.000  6.666874e+02  1.470726e+01  6.828358e+01  8.617283e+01  4.116744e+00  1.088869e+01 
  776.000  6.792408e+02  1.489876e+01  6.956067e+01  8.779543e+01  4.171713e+00  1.109226e+01 
  777.000  6.838438e+02  1.489825e+01  7.002183e+01  8.839038e+01  4.173246e+00  1.116572e+01 
  778.000  6.793832e+02  1.472619e+01  6.955727e+01  8.781384e+01  4.126026e+00  1.109156e+01 
  779.000  6.852012e+02  1.476968e+01  7.014381e+01  8.856585e+01  4.138887e+00  1.118497e+01 
  780.000  6.768016e+02  1.452149e+01  6.927610e+01  8.748014e+01  4.069586e+00  1.104648e+01 
  781.000  6.750015e+02  1.441494e+01  6.908440e+01  8.724747e+01  4.040372e+00  1.101582e+01 
  782.000  6.810429e+02  1.444802e+01  6.969109e+01  8.802836e+01  4.049646e+00  1.111234e+01 
  783.000  6.748734e+02  1.424251e+01  6.905185e+01  8.723092e+01  3.992954e+00  1.101033e+01 
  784.000  6.675265e+02  1.400510e+01  6.828264e+01  8.628129e+01  3.920982e+00  1.088696e+01 
  785.000  6.761547e+02  1.410111e+01  6.914801e+01  8.739652e+01  3.941769e+00  1.102426e+01 
  786.000  6.676521e+02  1.379090e+01  6.823856e+01  8.629753e+01  3.833797e+00  1.087728e+01 
  787.000  6.668344e+02  1.360093e+01  6.809073e+01  8.619183e+01  3.756580e+00  1.085026e+01 
  788.000  6.630002e+02  1.339820e+01  6.763959e+01  8.569626e+01  3.675022e+00  1.077498e+01 
  789.000  6.588655e+02  1.318579e+01  6.718752e+01  8.516181e+01  3.606981e+00  1.070165e+01 
  790.000  6.477408e+02  1.277424e+01  6.594488e+01  8.372390e+01  3.452060e+00  1.049733e+01 
  791.000  6.468552e+02  1.271867e+01  6.588897e+01  8.360941e+01  3.452987e+00  1.049106e+01 
  792.000  6.474047e+02  1.274635e+01  6.598328e+01  8.368044e+01  3.485525e+00  1.050868e+01 
  793.000  6.397756e+02  1.259305e+01  6.523286e+01  8.269434e+01  3.459155e+00  1.039110e+01 
  794.000  6.349506e+02  1.252262e+01  6.480261e+01  8.207069e+01  3.472105e+00  1.032673e+01 
  795.000  6.373992e+02  1.250992e+01  6.505594e+01  8.238719e+01  3.473684e+00  1.036771e+01 
  796.000  6.301882e+02  1.198759e+01  6.409428e+01  8.145512e+01  3.229019e+00  1.020102e+01 
  797.000  6.399032e+02  1.216264e+01  6.511532e+01  8.271085e+01  3.293322e+00  1.036588e+01 
  798.000  6.487230e+02  1.239037e+01  6.609714e+01  8.385085e+01  3.394812e+00  1.052773e+01 
  799.000  6.474909e+02  1.237273e+01  6.600243e+01  8.369159e+01  3.404066e+00  1.051477e+01 
  800.000  6.316061e+02  1.193269e+01  6.431030e+01  8.163840e+01  3.252657e+00  1.024094e+01 
