  400.000  5.788991e+02  2.419155e+02  8.208147e+01  7.482574e+01  4.903014e+01  1.306367e+01 
  401.000  5.796443e+02  2.396738e+02  8.193181e+01  7.492207e+01  4.867190e+01  1.303985e+01 
  402.000  6.033866e+02  2.462910e+02  8.496777e+01  7.799088e+01  5.013735e+01  1.352304e+01 
  403.000  5.713987e+02  2.303988e+02  8.017975e+01  7.385627e+01  4.700968e+01  1.276100e+01 
  404.000  6.148812e+02  2.446176e+02  8.594989e+01  7.947662e+01  5.003372e+01  1.367935e+01 
  405.000  5.983722e+02  2.349796e+02  8.333517e+01  7.734274e+01  4.817688e+01  1.326321e+01 
  406.000  5.661792e+02  2.196343e+02  7.858135e+01  7.318163e+01  4.513461e+01  1.250661e+01 
  407.000  5.759669e+02  2.205164e+02  7.964833e+01  7.444674e+01  4.542790e+01  1.267643e+01 
  408.000  5.977059e+02  2.260726e+02  8.237785e+01  7.725662e+01  4.667445e+01  1.311084e+01 
  409.000  6.460309e+02  2.412830e+02  8.873138e+01  8.350288e+01  4.992989e+01  1.412204e+01 
  410.000  5.205160e+02  1.920328e+02  7.125488e+01  6.727942e+01  3.982912e+01  1.134057e+01 
  411.000  6.372933e+02  2.318904e+02  8.691837e+01  8.237349e+01  4.821945e+01  1.383349e+01 
  412.000  6.555466e+02  2.358239e+02  8.913705e+01  8.473283e+01  4.914310e+01  1.418660e+01 
  413.000  6.211010e+02  2.207009e+02  8.418020e+01  8.028055e+01  4.609324e+01  1.339769e+01 
  414.000  6.556775e+02  2.301366e+02  8.858141e+01  8.474975e+01  4.817347e+01  1.409817e+01 
  415.000  6.438235e+02  2.232023e+02  8.670258e+01  8.321756e+01  4.683067e+01  1.379914e+01 
  416.000  6.763508e+02  2.316410e+02  9.079919e+01  8.742188e+01  4.871262e+01  1.445114e+01 
  417.000  6.342494e+02  2.147000e+02  8.489495e+01  8.198006e+01  4.524625e+01  1.351145e+01 
  418.000  6.376254e+02  2.131759e+02  8.508012e+01  8.241642e+01  4.502721e+01  1.354092e+01 
  419.000  6.537463e+02  2.157882e+02  8.695345e+01  8.450013e+01  4.568623e+01  1.383907e+01 
  420.000  5.858068e+02  1.911829e+02  7.769897e+01  7.571860e+01  4.056052e+01  1.236617e+01 
  421.000  6.887551e+02  2.221019e+02  9.108571e+01  8.902521e+01  4.722388e+01  1.449674e+01 
  422.000  6.869584e+02  2.189142e+02  9.058726e+01  8.879297e+01  4.664668e+01  1.441741e+01 
  423.000  6.157259e+02  1.939227e+02  8.096486e+01  7.958579e+01  4.141071e+01  1.288596e+01 
  424.000  6.029455e+02  1.876568e+02  7.906023e+01  7.793386e+01  4.015832e+01  1.258283e+01 
  425.000  6.100249e+02  1.876176e+02  7.976425e+01  7.884892e+01  4.023831e+01  1.269488e+01 
  426.000  6.624772e+02  2.015822e+02  8.640594e+01  8.562865e+01  4.332058e+01  1.375193e+01 
  427.000  6.186967e+02  1.860174e+02  8.047141e+01  7.996979e+01  4.006144e+01  1.280742e+01 
  428.000  6.207958e+02  1.844633e+02  8.052591e+01  8.024110e+01  3.980951e+01  1.281610e+01 
  429.000  5.588787e+02  1.642488e+02  7.231275e+01  7.223799e+01  3.552014e+01  1.150893e+01 
  430.000  4.785500e+02  1.391014e+02  6.176514e+01  6.185509e+01  3.014225e+01  9.830228e+00 
  431.000  4.011172e+02  1.152087e+02  5.163259e+01  5.184649e+01  2.501659e+01  8.217582e+00 
  432.000  7.171378e+02  2.036209e+02  9.207587e+01  9.269382e+01  4.430914e+01  1.465433e+01 
  433.000  6.842336e+02  1.920024e+02  8.762360e+01  8.844077e+01  4.186917e+01  1.394573e+01 
  434.000  6.428986e+02  1.783964e+02  8.212950e+01  8.309801e+01  3.897814e+01  1.307132e+01 
  435.000  7.075473e+02  1.942046e+02  9.017519e+01  9.145419e+01  4.251187e+01  1.435183e+01 
  436.000  7.822314e+02  2.122279e+02  9.944595e+01  1.011075e+02  4.655600e+01  1.582731e+01 
  437.000  7.745664e+02  2.078912e+02  9.824577e+01  1.001168e+02  4.569577e+01  1.563630e+01 
  438.000  7.066080e+02  1.876389e+02  8.942470e+01  9.133279e+01  4.132328e+01  1.423238e+01 
  439.000  6.367352e+02  1.670687e+02  8.038039e+01  8.230136e+01  3.686418e+01  1.279294e+01 
  440.000  6.887971e+02  1.788517e+02  8.676487e+01  8.903062e+01  3.953828e+01  1.380906e+01 
  441.000  7.352092e+02  1.888247e+02  9.240339e+01  9.502964e+01  4.181515e+01  1.470646e+01 
  442.000  7.782556e+02  1.976516e+02  9.759073e+01  1.005936e+02  4.384415e+01  1.553205e+01 
  443.000  7.613002e+02  1.911536e+02  9.524539e+01  9.840204e+01  4.243014e+01  1.515877e+01 
  444.000  7.720060e+02  1.916961e+02  9.637020e+01  9.978581e+01  4.266567e+01  1.533779e+01 
  445.000  7.678253e+02  1.884635e+02  9.562888e+01  9.924544e+01  4.200830e+01  1.521981e+01 
  446.000  7.152504e+02  1.737059e+02  8.889562e+01  9.244985e+01  3.878290e+01  1.414818e+01 
  447.000  8.052476e+02  1.937418e+02  9.989894e+01  1.040825e+02  4.334644e+01  1.589941e+01 
  448.000  8.478798e+02  2.016835e+02  1.049563e+02  1.095929e+02  4.522091e+01  1.670432e+01 
  449.000  8.230102e+02  1.937768e+02  1.016787e+02  1.063784e+02  4.354287e+01  1.618267e+01 
  450.000  8.545014e+02  1.991842e+02  1.053686e+02  1.104488e+02  4.484977e+01  1.676993e+01 
  451.000  9.107464e+02  2.101729e+02  1.120919e+02  1.177187e+02  4.741442e+01  1.783998e+01 
  452.000  8.565632e+02  1.956134e+02  1.052177e+02  1.107153e+02  4.421352e+01  1.674591e+01 
  453.000  7.672757e+02  1.733275e+02  9.406031e+01  9.917440e+01  3.924906e+01  1.497016e+01 
  454.000  8.185032e+02  1.829072e+02  1.001410e+02  1.057958e+02  4.149668e+01  1.593794e+01 
  455.000  8.538013e+02  1.888423e+02  1.042644e+02  1.103583e+02  4.291746e+01  1.659419e+01 
  456.000  8.634614e+02  1.890618e+02  1.052523e+02  1.116069e+02  4.304042e+01  1.675143e+01 
  457.000  8.972929e+02  1.944112e+02  1.091704e+02  1.159798e+02  4.433482e+01  1.737501e+01 
  458.000  8.531411e+02  1.829040e+02  1.036045e+02  1.102729e+02  4.177934e+01  1.648917e+01 
  459.000  8.747167e+02  1.856600e+02  1.060377e+02  1.130617e+02  4.248028e+01  1.687642e+01 
  460.000  8.663557e+02  1.820615e+02  1.048417e+02  1.119810e+02  4.172296e+01  1.668608e+01 
  461.000  8.741428e+02  1.819035e+02  1.056046e+02  1.129875e+02  4.175410e+01  1.680750e+01 
  462.000  8.603292e+02  1.770356e+02  1.037365e+02  1.112021e+02  4.071324e+01  1.651017e+01 
  463.000  8.702971e+02  1.773762e+02  1.047673e+02  1.124904e+02  4.085091e+01  1.667424e+01 
  464.000  8.680422e+02  1.751089e+02  1.043151e+02  1.121990e+02  4.039831e+01  1.660227e+01 
  465.000  8.421788e+02  1.683427e+02  1.010522e+02  1.088560e+02  3.889749e+01  1.608295e+01 
  466.000  8.810040e+02  1.741808e+02  1.055185e+02  1.138744e+02  4.031723e+01  1.679379e+01 
  467.000  8.429905e+02  1.649902e+02  1.007981e+02  1.089609e+02  3.824822e+01  1.604251e+01 
  468.000  8.817504e+02  1.709714e+02  1.052722e+02  1.139708e+02  3.969296e+01  1.675459e+01 
  469.000  8.869955e+02  1.701800e+02  1.057176e+02  1.146488e+02  3.955748e+01  1.682547e+01 
  470.000  8.632864e+02  1.639702e+02  1.027257e+02  1.115843e+02  3.815055e+01  1.634930e+01 
  471.000  8.648607e+02  1.626050e+02  1.027466e+02  1.117878e+02  3.790434e+01  1.635262e+01 
  472.000  8.952581e+02  1.665930e+02  1.061851e+02  1.157168e+02  3.885491e+01  1.689989e+01 
  473.000  8.704468e+02  1.601078e+02  1.030555e+02  1.125098e+02  3.733768e+01  1.640179e+01 
  474.000  8.677722e+02  1.577637e+02  1.025536e+02  1.121641e+02  3.676665e+01  1.632191e+01 
  475.000  9.044531e+02  1.623525e+02  1.066806e+02  1.169053e+02  3.778916e+01  1.697874e+01 
  476.000  9.013138e+02  1.597955e+02  1.061109e+02  1.164995e+02  3.716667e+01  1.688808e+01 
  477.000  8.928325e+02  1.566609e+02  1.049493e+02  1.154033e+02  3.644532e+01  1.670321e+01 
  478.000  9.304289e+02  1.617474e+02  1.092176e+02  1.202628e+02  3.769124e+01  1.738253e+01 
  479.000  8.792963e+02  1.516694e+02  1.030966e+02  1.136537e+02  3.545050e+01  1.640833e+01 
  480.000  9.138263e+02  1.564912e+02  1.070318e+02  1.181168e+02  3.672128e+01  1.703463e+01 
  481.000  9.003328e+02  1.530682e+02  1.053401e+02  1.163727e+02  3.606699e+01  1.676540e+01 
  482.000  9.322942e+02  1.572528e+02  1.089547e+02  1.205039e+02  3.718659e+01  1.734068e+01 
  483.000  9.167853e+02  1.533254e+02  1.070111e+02  1.184993e+02  3.635955e+01  1.703134e+01 
  484.000  8.901920e+02  1.476354e+02  1.037828e+02  1.150620e+02  3.507800e+01  1.651754e+01 
  485.000  8.729034e+02  1.433460e+02  1.016249e+02  1.128273e+02  3.409700e+01  1.617411e+01 
  486.000  7.713145e+02  1.256282e+02  8.969427e+01  9.969643e+01  2.992729e+01  1.427529e+01 
  487.000  7.885889e+02  1.271975e+02  9.157864e+01  1.019292e+02  3.035907e+01  1.457519e+01 
  488.000  8.648903e+02  1.382703e+02  1.003161e+02  1.117916e+02  3.304200e+01  1.596580e+01 
  489.000  8.257238e+02  1.307359e+02  9.564597e+01  1.067291e+02  3.128598e+01  1.522253e+01 
  490.000  9.419051e+02  1.477196e+02  1.089625e+02  1.217462e+02  3.540156e+01  1.734192e+01 
  491.000  8.768224e+02  1.363280e+02  1.013150e+02  1.133339e+02  3.271254e+01  1.612479e+01 
  492.000  8.231145e+02  1.267712e+02  9.498857e+01  1.063919e+02  3.046284e+01  1.511790e+01 
  493.000  9.077195e+02  1.384592e+02  1.046179e+02  1.173275e+02  3.331647e+01  1.665045e+01 
  494.000  8.736523e+02  1.320248e+02  1.005677e+02  1.129241e+02  3.180846e+01  1.600585e+01 
  495.000  9.660299e+02  1.446542e+02  1.110684e+02  1.248644e+02  3.489507e+01  1.767709e+01 
  496.000  9.159978e+02  1.359993e+02  1.051997e+02  1.183975e+02  3.284375e+01  1.674306e+01 
  497.000  9.120485e+02  1.341662e+02  1.046215e+02  1.178870e+02  3.244020e+01  1.665102e+01 
  498.000  8.658694e+02  1.263166e+02  9.921861e+01  1.119182e+02  3.057773e+01  1.579113e+01 
  499.000  8.958493e+02  1.293312e+02  1.025181e+02  1.157932e+02  3.134878e+01  1.631625e+01 
  500.000  8.819501e+02  1.261782e+02  1.008128e+02  1.139967e+02  3.061510e+01  1.604486e+01 
  501.000  8.720966e+02  1.236768e+02  9.957734e+01  1.127230e+02  3.003445e+01  1.584822e+01 
  502.000  8.420510e+02  1.181180e+02  9.601691e+01  1.088395e+02  2.866168e+01  1.528156e+01 
  503.000  8.934833e+02  1.238585e+02  1.017342e+02  1.154874e+02  2.999807e+01  1.619150e+01 
  504.000  8.769417e+02  1.198695e+02  9.968112e+01  1.133493e+02  2.888217e+01  1.586474e+01 
  505.000  8.967855e+02  1.221125e+02  1.018898e+02  1.159142e+02  2.963580e+01  1.621626e+01 
  506.000  9.511114e+02  1.282972e+02  1.079409e+02  1.229361e+02  3.116360e+01  1.717932e+01 
  507.000  9.012845e+02  1.202906e+02  1.021575e+02  1.164957e+02  2.919920e+01  1.625887e+01 
  508.000  8.544591e+02  1.133346e+02  9.677937e+01  1.104433e+02  2.762126e+01  1.540292e+01 
  509.000  9.256672e+02  1.217529e+02  1.047420e+02  1.196473e+02  2.974733e+01  1.667021e+01 
  510.000  9.146579e+02  1.194996e+02  1.034157e+02  1.182243e+02  2.926722e+01  1.645913e+01 
  511.000  9.142916e+02  1.184963e+02  1.032788e+02  1.181770e+02  2.908772e+01  1.643733e+01 
  512.000  9.408149e+02  1.209961e+02  1.061811e+02  1.216052e+02  2.974497e+01  1.689925e+01 
  513.000  8.799568e+02  1.121996e+02  9.921564e+01  1.137390e+02  2.762733e+01  1.579066e+01 
  514.000  8.719759e+02  1.102607e+02  9.822366e+01  1.127074e+02  2.718198e+01  1.563278e+01 
  515.000  8.623740e+02  1.081056e+02  9.704797e+01  1.114663e+02  2.668266e+01  1.544566e+01 
  516.000  9.251307e+02  1.149676e+02  1.040098e+02  1.195780e+02  2.840620e+01  1.655368e+01 
  517.000  7.538399e+02  9.277379e+01  8.466137e+01  9.743775e+01  2.294958e+01  1.347428e+01 
  518.000  8.312199e+02  1.015208e+02  9.327407e+01  1.074395e+02  2.513516e+01  1.484503e+01 
  519.000  7.911371e+02  9.572938e+01  8.868665e+01  1.022586e+02  2.372656e+01  1.411492e+01 
  520.000  8.788132e+02  1.055043e+02  9.843176e+01  1.135912e+02  2.617287e+01  1.566590e+01 
  521.000  8.938454e+02  1.062854e+02  1.000131e+02  1.155342e+02  2.639469e+01  1.591758e+01 
  522.000  9.173732e+02  1.082616e+02  1.025635e+02  1.185753e+02  2.690676e+01  1.632348e+01 
  523.000  8.675715e+02  1.014787e+02  9.690503e+01  1.121382e+02  2.524334e+01  1.542291e+01 
  524.000  9.361631e+02  1.085555e+02  1.044719e+02  1.210040e+02  2.701107e+01  1.662721e+01 
  525.000  9.292655e+02  1.068328e+02  1.036098e+02  1.201124e+02  2.659017e+01  1.649002e+01 
  526.000  8.792590e+02  1.002530e+02  9.795120e+01  1.136488e+02  2.498980e+01  1.558942e+01 
  527.000  8.061735e+02  9.095355e+01  8.971271e+01  1.042021e+02  2.267881e+01  1.427822e+01 
  528.000  9.230250e+02  1.033295e+02  1.026355e+02  1.193058e+02  2.577955e+01  1.633494e+01 
  529.000  9.275427e+02  1.028740e+02  1.030417e+02  1.198897e+02  2.568051e+01  1.639959e+01 
  530.000  9.184637e+02  1.010616e+02  1.019525e+02  1.187162e+02  2.525040e+01  1.622625e+01 
  531.000  9.723546e+02  1.060908e+02  1.078445e+02  1.256819e+02  2.652621e+01  1.716399e+01 
  532.000  9.219626e+02  9.976701e+01  1.021730e+02  1.191685e+02  2.496710e+01  1.626133e+01 
  533.000  8.040848e+02  8.629510e+01  8.903799e+01  1.039322e+02  2.161666e+01  1.417084e+01 
  534.000  8.603558e+02  9.159063e+01  9.519464e+01  1.112055e+02  2.296614e+01  1.515070e+01 
  535.000  9.011075e+02  9.522890e+01  9.963364e+01  1.164729e+02  2.390333e+01  1.585719e+01 
  536.000  9.532451e+02  9.982383e+01  1.053069e+02  1.232119e+02  2.508983e+01  1.676011e+01 
  537.000  9.067881e+02  9.420980e+01  1.000998e+02  1.172071e+02  2.370605e+01  1.593138e+01 
  538.000  9.426415e+02  9.713786e+01  1.039779e+02  1.218414e+02  2.446953e+01  1.654860e+01 
  539.000  9.254454e+02  9.446236e+01  1.019908e+02  1.196187e+02  2.380396e+01  1.623234e+01 
  540.000  8.612935e+02  8.732413e+01  9.486176e+01  1.113267e+02  2.202060e+01  1.509772e+01 
  541.000  8.504803e+02  8.523260e+01  9.357129e+01  1.099290e+02  2.141710e+01  1.489233e+01 
  542.000  9.079968e+02  9.038551e+01  9.983823e+01  1.173633e+02  2.275778e+01  1.588975e+01 
  543.000  9.177644e+02  9.068182e+01  1.008446e+02  1.186259e+02  2.291069e+01  1.604992e+01 
  544.000  9.339171e+02  9.151143e+01  1.025429e+02  1.207137e+02  2.311555e+01  1.632020e+01 
  545.000  9.359437e+02  9.105202e+01  1.026996e+02  1.209756e+02  2.303039e+01  1.634514e+01 
  546.000  8.887235e+02  8.566146e+01  9.743849e+01  1.148722e+02  2.165059e+01  1.550782e+01 
  547.000  9.230853e+02  8.827880e+01  1.011364e+02  1.193136e+02  2.235503e+01  1.609636e+01 
  548.000  8.906300e+02  8.455576e+01  9.751858e+01  1.151186e+02  2.147076e+01  1.552056e+01 
  549.000  9.077429e+02  8.565596e+01  9.933989e+01  1.173305e+02  2.176362e+01  1.581044e+01 
  550.000  9.135364e+02  8.542838e+01  9.989648e+01  1.180794e+02  2.173006e+01  1.589902e+01 
  551.000  9.090798e+02  8.453909e+01  9.936189e+01  1.175033e+02  2.153771e+01  1.581394e+01 
  552.000  9.368419e+02  8.633974e+01  1.023182e+02  1.210917e+02  2.201521e+01  1.628444e+01 
  553.000  8.958583e+02  8.191646e+01  9.777747e+01  1.157944e+02  2.090650e+01  1.556177e+01 
  554.000  9.228212e+02  8.369416e+01  1.006515e+02  1.192795e+02  2.137717e+01  1.601919e+01 
  555.000  9.297836e+02  8.362971e+01  1.013413e+02  1.201794e+02  2.137744e+01  1.612897e+01 
  556.000  9.149653e+02  8.169768e+01  9.966630e+01  1.182641e+02  2.089608e+01  1.586238e+01 
  557.000  8.950620e+02  7.926558e+01  9.743276e+01  1.156915e+02  2.028691e+01  1.550691e+01 
  558.000  9.091578e+02  7.987247e+01  9.890302e+01  1.175134e+02  2.045442e+01  1.574090e+01 
  559.000  8.818035e+02  7.693309e+01  9.587366e+01  1.139777e+02  1.971226e+01  1.525877e+01 
  560.000  8.941506e+02  7.734065e+01  9.714912e+01  1.155736e+02  1.982866e+01  1.546176e+01 
  561.000  9.228296e+02  7.919914e+01  1.002029e+02  1.192806e+02  2.031581e+01  1.594778e+01 
  562.000  8.667041e+02  7.375480e+01  9.404589e+01  1.120260e+02  1.892996e+01  1.496787e+01 
  563.000  9.238762e+02  7.802549e+01  1.001902e+02  1.194158e+02  2.003395e+01  1.594576e+01 
  564.000  9.048145e+02  7.579353e+01  9.806080e+01  1.169520e+02  1.946716e+01  1.560686e+01 
  565.000  9.160048e+02  7.615308e+01  9.921579e+01  1.183984e+02  1.956228e+01  1.579068e+01 
  566.000  8.521583e+02  7.020083e+01  9.223592e+01  1.101459e+02  1.803120e+01  1.467980e+01 
  567.000  8.908204e+02  7.275848e+01  9.635789e+01  1.151432e+02  1.867102e+01  1.533583e+01 
  568.000  9.088569e+02  7.353392e+01  9.823908e+01  1.174745e+02  1.881461e+01  1.563524e+01 
  569.000  8.860355e+02  7.054762e+01  9.565832e+01  1.145247e+02  1.789400e+01  1.522449e+01 
  570.000  8.899717e+02  7.036042e+01  9.603322e+01  1.150335e+02  1.789430e+01  1.528416e+01 
  571.000  8.672681e+02  6.798262e+01  9.352507e+01  1.120989e+02  1.729986e+01  1.488498e+01 
  572.000  8.931434e+02  6.922877e+01  9.623722e+01  1.154435e+02  1.752676e+01  1.531663e+01 
  573.000  9.124548e+02  7.019984e+01  9.826546e+01  1.179396e+02  1.777776e+01  1.563943e+01 
  574.000  8.989025e+02  6.839584e+01  9.672984e+01  1.161879e+02  1.725841e+01  1.539503e+01 
  575.000  8.837527e+02  6.663000e+01  9.503827e+01  1.142297e+02  1.681067e+01  1.512581e+01 
  576.000  8.944310e+02  6.682262e+01  9.612537e+01  1.156099e+02  1.684858e+01  1.529883e+01 
  577.000  8.954379e+02  6.643113e+01  9.618690e+01  1.157400e+02  1.675180e+01  1.530862e+01 
  578.000  8.846453e+02  6.518432e+01  9.498296e+01  1.143450e+02  1.648409e+01  1.511701e+01 
  579.000  8.641941e+02  6.329921e+01  9.274933e+01  1.117016e+02  1.605502e+01  1.476151e+01 
  580.000  8.904861e+02  6.496380e+01  9.554499e+01  1.151000e+02  1.652268e+01  1.520646e+01 
  581.000  8.928247e+02  6.481593e+01  9.576406e+01  1.154023e+02  1.653502e+01  1.524132e+01 
  582.000  9.153806e+02  6.611490e+01  9.814955e+01  1.183177e+02  1.691415e+01  1.562099e+01 
  583.000  9.156904e+02  6.585217e+01  9.815427e+01  1.183578e+02  1.690721e+01  1.562174e+01 
  584.000  9.132214e+02  6.521703e+01  9.784385e+01  1.180387e+02  1.680680e+01  1.557233e+01 
  585.000  9.071650e+02  6.448543e+01  9.716505e+01  1.172558e+02  1.664389e+01  1.546430e+01 
  586.000  8.786272e+02  6.211532e+01  9.407425e+01  1.135672e+02  1.607050e+01  1.497238e+01 
  587.000  8.996705e+02  6.299520e+01  9.626657e+01  1.162871e+02  1.626471e+01  1.532130e+01 
  588.000  8.911060e+02  6.123113e+01  9.523371e+01  1.151801e+02  1.560096e+01  1.515692e+01 
  589.000  8.164297e+02  5.474657e+01  8.711764e+01  1.055278e+02  1.366400e+01  1.386520e+01 
  590.000  8.268584e+02  5.480728e+01  8.816657e+01  1.068758e+02  1.362569e+01  1.403215e+01 
  591.000  8.748407e+02  5.817176e+01  9.330125e+01  1.130777e+02  1.465100e+01  1.484935e+01 
  592.000  8.510905e+02  5.581124e+01  9.069019e+01  1.100079e+02  1.394237e+01  1.443379e+01 
  593.000  8.653103e+02  5.729494e+01  9.226052e+01  1.118459e+02  1.462986e+01  1.468372e+01 
  594.000  8.733234e+02  5.699227e+01  9.303157e+01  1.128816e+02  1.443501e+01  1.480644e+01 
  595.000  8.626436e+02  5.553484e+01  9.181784e+01  1.115012e+02  1.398285e+01  1.461326e+01 
  596.000  8.820280e+02  5.727994e+01  9.393079e+01  1.140067e+02  1.470892e+01  1.494955e+01 
  597.000  8.931890e+02  5.767868e+01  9.508677e+01  1.154494e+02  1.482604e+01  1.513353e+01 
  598.000  8.806288e+02  5.660371e+01  9.372325e+01  1.138259e+02  1.459711e+01  1.491652e+01 
  599.000  8.739587e+02  5.595757e+01  9.299164e+01  1.129638e+02  1.449236e+01  1.480008e+01 
  600.000  8.843327e+02  5.646599e+01  9.407986e+01  1.143046e+02  1.470499e+01  1.497328e+01 
  601.000  8.629001e+02  5.492838e+01  9.178285e+01  1.115344e+02  1.437215e+01  1.460769e+01 
  602.000  8.640599e+02  5.458135e+01  9.186412e+01  1.116843e+02  1.430679e+01  1.462063e+01 
  603.000  8.669284e+02  5.447639e+01  9.214048e+01  1.120550e+02  1.430414e+01  1.466461e+01 
  604.000  8.989734e+02  5.614549e+01  9.551189e+01  1.161970e+02  1.477529e+01  1.520119e+01 
  605.000  9.009843e+02  5.586826e+01  9.568525e+01  1.164569e+02  1.471590e+01  1.522878e+01 
  606.000  8.951219e+02  5.509725e+01  9.502191e+01  1.156992e+02  1.452355e+01  1.512321e+01 
  607.000  8.845009e+02  5.411787e+01  9.386189e+01  1.143264e+02  1.427694e+01  1.493858e+01 
  608.000  8.941519e+02  5.431754e+01  9.484694e+01  1.155738e+02  1.433823e+01  1.509536e+01 
  609.000  8.876166e+02  5.357345e+01  9.411901e+01  1.147291e+02  1.415071e+01  1.497951e+01 
  610.000  8.741805e+02  5.241568e+01  9.265962e+01  1.129924e+02  1.385254e+01  1.474724e+01 
  611.000  8.746902e+02  5.213661e+01  9.268268e+01  1.130583e+02  1.378566e+01  1.475091e+01 
  612.000  8.879349e+02  5.250549e+01  9.404404e+01  1.147702e+02  1.389174e+01  1.496757e+01 
  613.000  8.701179e+02  5.109511e+01  9.212130e+01  1.124673e+02  1.352551e+01  1.466156e+01 
  614.000  8.615695e+02  5.023597e+01  9.118055e+01  1.113624e+02  1.330422e+01  1.451184e+01 
  615.000  8.683583e+02  5.030952e+01  9.186678e+01  1.122399e+02  1.332818e+01  1.462105e+01 
  616.000  8.393845e+02  4.827058e+01  8.876550e+01  1.084948e+02  1.279177e+01  1.412747e+01 
  617.000  8.238055e+02  4.708839e+01  8.708939e+01  1.064812e+02  1.248001e+01  1.386071e+01 
  618.000  8.790268e+02  4.980270e+01  9.288295e+01  1.136188e+02  1.319921e+01  1.478278e+01 
  619.000  8.874673e+02  4.993291e+01  9.374003e+01  1.147098e+02  1.323108e+01  1.491919e+01 
  620.000  8.780827e+02  4.902601e+01  9.271087e+01  1.134968e+02  1.298519e+01  1.475539e+01 
  621.000  8.958259e+02  4.965596e+01  9.454819e+01  1.157902e+02  1.314419e+01  1.504781e+01 
  622.000  8.750781e+02  4.816409e+01  9.232423e+01  1.131084e+02  1.274002e+01  1.469386e+01 
  623.000  8.687928e+02  4.735000e+01  9.161429e+01  1.122960e+02  1.250927e+01  1.458087e+01 
  624.000  8.451840e+02  4.578040e+01  8.909643e+01  1.092444e+02  1.208378e+01  1.418014e+01 
  625.000  8.460482e+02  4.536050e+01  8.914086e+01  1.093561e+02  1.195589e+01  1.418721e+01 
  626.000  8.328589e+02  4.421701e+01  8.770760e+01  1.076514e+02  1.163006e+01  1.395910e+01 
  627.000  8.598837e+02  4.518966e+01  9.050732e+01  1.111445e+02  1.183906e+01  1.440469e+01 
  628.000  8.364854e+02  4.287097e+01  8.793564e+01  1.081201e+02  1.097908e+01  1.399539e+01 
  629.000  8.620936e+02  4.422269e+01  9.063163e+01  1.114301e+02  1.144051e+01  1.442447e+01 
  630.000  8.481953e+02  4.336534e+01  8.915607e+01  1.096337e+02  1.124351e+01  1.418963e+01 
  631.000  8.501909e+02  4.343955e+01  8.936305e+01  1.098916e+02  1.135687e+01  1.422257e+01 
  632.000  8.280600e+02  4.200985e+01  8.700699e+01  1.070311e+02  1.099918e+01  1.384759e+01 
  633.000  8.596868e+02  4.352224e+01  9.032091e+01  1.111190e+02  1.143802e+01  1.437502e+01 
  634.000  8.420767e+02  4.239973e+01  8.844764e+01  1.088428e+02  1.117450e+01  1.407688e+01 
  635.000  8.610551e+02  4.317635e+01  9.042314e+01  1.112959e+02  1.140971e+01  1.439129e+01 
  636.000  8.438620e+02  4.206203e+01  8.859240e+01  1.090736e+02  1.112817e+01  1.409992e+01 
  637.000  8.617516e+02  4.273085e+01  9.044824e+01  1.113859e+02  1.133486e+01  1.439528e+01 
  638.000  8.775624e+02  4.330874e+01  9.208712e+01  1.134295e+02  1.153203e+01  1.465612e+01 
  639.000  8.625243e+02  4.237611e+01  9.049004e+01  1.114858e+02  1.130072e+01  1.440194e+01 
  640.000  8.398213e+02  4.109199e+01  8.809133e+01  1.085513e+02  1.097912e+01  1.402017e+01 
  641.000  8.480783e+02  4.118084e+01  8.892592e+01  1.096186e+02  1.100575e+01  1.415300e+01 
  642.000  8.620171e+02  4.171692e+01  9.037341e+01  1.114202e+02  1.118041e+01  1.438337e+01 
  643.000  8.644634e+02  4.152685e+01  9.059903e+01  1.117364e+02  1.112970e+01  1.441928e+01 
  644.000  8.494612e+02  4.058364e+01  8.900448e+01  1.097973e+02  1.088831e+01  1.416550e+01 
  645.000  8.469885e+02  4.008360e+01  8.870721e+01  1.094777e+02  1.073251e+01  1.411819e+01 
  646.000  8.457021e+02  3.944793e+01  8.851500e+01  1.093114e+02  1.046696e+01  1.408760e+01 
  647.000  8.310858e+02  3.814996e+01  8.692358e+01  1.074222e+02  1.000622e+01  1.383432e+01 
  648.000  8.226348e+02  3.702028e+01  8.596551e+01  1.063298e+02  9.558384e+00  1.368184e+01 
  649.000  8.207339e+02  3.690718e+01  8.576411e+01  1.060842e+02  9.612927e+00  1.364978e+01 
  650.000  8.168108e+02  3.690349e+01  8.537143e+01  1.055771e+02  9.748627e+00  1.358729e+01 
  651.000  8.458485e+02  3.817538e+01  8.840239e+01  1.093303e+02  1.014983e+01  1.406968e+01 
  652.000  8.313039e+02  3.689879e+01  8.682027e+01  1.074504e+02  9.679240e+00  1.381787e+01 
  653.000  8.497905e+02  3.804684e+01  8.878374e+01  1.098399e+02  1.015808e+01  1.413037e+01 
  654.000  8.422322e+02  3.733460e+01  8.795668e+01  1.088629e+02  9.949685e+00  1.399874e+01 
  655.000  8.239269e+02  3.600923e+01  8.599361e+01  1.064969e+02  9.520839e+00  1.368631e+01 
  656.000  7.221365e+02  3.155526e+01  7.536917e+01  9.333992e+01  8.392550e+00  1.199538e+01 
  657.000  7.476196e+02  3.239759e+01  7.800172e+01  9.663374e+01  8.603990e+00  1.241436e+01 
  658.000  8.230236e+02  3.570747e+01  8.587312e+01  1.063801e+02  9.574408e+00  1.366713e+01 
  659.000  8.293818e+02  3.587554e+01  8.652574e+01  1.072019e+02  9.657192e+00  1.377100e+01 
  660.000  8.275479e+02  3.565136e+01  8.631992e+01  1.069649e+02  9.632973e+00  1.373824e+01 
  661.000  8.492734e+02  3.638233e+01  8.856557e+01  1.097730e+02  9.847528e+00  1.409565e+01 
  662.000  8.507278e+02  3.631344e+01  8.870412e+01  1.099610e+02  9.842755e+00  1.411770e+01 
  663.000  8.460648e+02  3.585217e+01  8.819170e+01  1.093583e+02  9.712325e+00  1.403615e+01 
  664.000  8.386890e+02  3.532684e+01  8.740157e+01  1.084049e+02  9.582645e+00  1.391039e+01 
  665.000  8.361407e+02  3.503808e+01  8.711787e+01  1.080756e+02  9.505394e+00  1.386524e+01 
  666.000  8.355159e+02  3.479260e+01  8.703085e+01  1.079948e+02  9.450273e+00  1.385139e+01 
  667.000  8.266609e+02  3.419176e+01  8.608527e+01  1.068503e+02  9.294044e+00  1.370090e+01 
  668.000  8.456866e+02  3.478764e+01  8.804743e+01  1.093094e+02  9.462854e+00  1.401318e+01 
  669.000  8.432403e+02  3.448186e+01  8.777222e+01  1.089932e+02  9.383307e+00  1.396938e+01 
  670.000  8.368165e+02  3.402239e+01  8.708389e+01  1.081629e+02  9.263951e+00  1.385983e+01 
  671.000  8.332009e+02  3.363538e+01  8.668362e+01  1.076956e+02  9.162923e+00  1.379613e+01 
  672.000  8.209191e+02  3.297268e+01  8.538918e+01  1.061081e+02  8.985130e+00  1.359011e+01 
  673.000  8.259655e+02  3.296522e+01  8.589307e+01  1.067604e+02  8.986534e+00  1.367031e+01 
  674.000  8.315477e+02  3.298831e+01  8.645361e+01  1.074819e+02  8.996113e+00  1.375952e+01 
  675.000  8.278730e+02  3.263466e+01  8.605077e+01  1.070069e+02  8.903100e+00  1.369541e+01 
  676.000  8.272536e+02  3.241833e+01  8.596720e+01  1.069269e+02  8.846740e+00  1.368210e+01 
  677.000  8.248938e+02  3.212917e+01  8.570229e+01  1.066218e+02  8.771438e+00  1.363994e+01 
  678.000  8.217679e+02  3.181568e+01  8.535836e+01  1.062178e+02  8.688947e+00  1.358521e+01 
  679.000  8.211487e+02  3.158263e+01  8.527313e+01  1.061378e+02  8.628440e+00  1.357164e+01 
  680.000  8.185567e+02  3.127465e+01  8.498313e+01  1.058027e+02  8.545850e+00  1.352549e+01 
  681.000  8.135529e+02  3.089575e+01  8.444487e+01  1.051560e+02  8.440666e+00  1.343982e+01 
  682.000  8.149108e+02  3.076383e+01  8.456747e+01  1.053315e+02  8.409983e+00  1.345933e+01 
  683.000  8.116105e+02  3.042366e+01  8.420342e+01  1.049049e+02  8.310389e+00  1.340139e+01 
  684.000  8.127977e+02  3.029112e+01  8.430889e+01  1.050584e+02  8.275460e+00  1.341818e+01 
  685.000  8.104017e+02  3.006783e+01  8.404695e+01  1.047487e+02  8.221981e+00  1.337649e+01 
  686.000  7.889932e+02  2.897595e+01  8.179691e+01  1.019815e+02  7.909784e+00  1.301838e+01 
  687.000  5.874064e+02  1.975814e+01  6.071645e+01  7.592535e+01  4.878731e+00  9.663324e+00 
  688.000  6.665950e+02  2.225982e+01  6.888548e+01  8.616090e+01  5.491884e+00  1.096347e+01 
  689.000  7.132612e+02  2.443531e+01  7.376965e+01  9.219275e+01  6.266892e+00  1.174080e+01 
  690.000  7.215974e+02  2.436122e+01  7.459586e+01  9.327024e+01  6.181297e+00  1.187230e+01 
  691.000  7.441272e+02  2.553267e+01  7.696599e+01  9.618235e+01  6.670243e+00  1.224952e+01 
  692.000  7.561790e+02  2.598652e+01  7.821656e+01  9.774010e+01  6.838669e+00  1.244855e+01 
  693.000  7.439775e+02  2.507768e+01  7.690552e+01  9.616298e+01  6.494754e+00  1.223989e+01 
  694.000  7.313075e+02  2.416291e+01  7.554704e+01  9.452531e+01  6.157245e+00  1.202368e+01 
  695.000  7.415720e+02  2.473170e+01  7.663036e+01  9.585206e+01  6.431018e+00  1.219610e+01 
  696.000  7.477900e+02  2.494367e+01  7.727338e+01  9.665578e+01  6.535954e+00  1.229844e+01 
  697.000  7.766370e+02  2.630574e+01  8.029427e+01  1.003844e+02  7.066350e+00  1.277923e+01 
  698.000  7.710608e+02  2.601788e+01  7.970787e+01  9.966364e+01  7.011038e+00  1.268590e+01 
  699.000  7.497118e+02  2.455568e+01  7.742675e+01  9.690418e+01  6.420290e+00  1.232285e+01 
  700.000  7.460414e+02  2.431673e+01  7.703582e+01  9.642976e+01  6.377921e+00  1.226063e+01 
  701.000  7.338682e+02  2.350161e+01  7.573698e+01  9.485630e+01  6.075958e+00  1.205391e+01 
  702.000  7.381480e+02  2.369115e+01  7.618392e+01  9.540950e+01  6.188870e+00  1.212505e+01 
  703.000  7.456174e+02  2.394581e+01  7.695631e+01  9.637495e+01  6.312605e+00  1.224798e+01 
  704.000  7.565032e+02  2.435965e+01  7.808628e+01  9.778200e+01  6.491182e+00  1.242782e+01 
  705.000  7.677033e+02  2.463304e+01  7.923363e+01  9.922966e+01  6.573876e+00  1.261042e+01 
  706.000  7.608057e+02  2.420499e+01  7.850107e+01  9.833812e+01  6.447711e+00  1.249383e+01 
  707.000  7.519915e+02  2.391497e+01  7.759064e+01  9.719883e+01  6.417286e+00  1.234894e+01 
  708.000  7.694943e+02  2.445557e+01  7.939499e+01  9.946116e+01  6.591914e+00  1.263610e+01 
  709.000  7.636439e+02  2.412691e+01  7.877709e+01  9.870497e+01  6.508570e+00  1.253776e+01 
  710.000  7.676057e+02  2.406535e+01  7.916711e+01  9.921705e+01  6.479501e+00  1.259984e+01 
  711.000  7.650422e+02  2.392807e+01  7.889703e+01  9.888570e+01  6.475974e+00  1.255685e+01 
  712.000  7.583682e+02  2.363282e+01  7.820011e+01  9.802307e+01  6.410042e+00  1.244593e+01 
  713.000  7.514296e+02  2.327818e+01  7.747078e+01  9.712621e+01  6.318772e+00  1.232986e+01 
  714.000  7.606588e+02  2.343803e+01  7.840968e+01  9.831912e+01  6.350987e+00  1.247929e+01 
  715.000  7.364989e+02  2.225379e+01  7.587527e+01  9.519633e+01  5.932912e+00  1.207592e+01 
  716.000  7.264581e+02  2.159959e+01  7.480578e+01  9.389851e+01  5.700350e+00  1.190571e+01 
  717.000  6.698307e+02  1.865436e+01  6.884852e+01  8.657913e+01  4.544633e+00  1.095758e+01 
  718.000  5.959006e+02  1.637793e+01  6.122786e+01  7.702327e+01  3.944046e+00  9.744716e+00 
  719.000  5.444252e+02  1.463109e+01  5.590563e+01  7.036981e+01  3.438602e+00  8.897656e+00 
  720.000  5.746530e+02  1.519246e+01  5.898454e+01  7.427690e+01  3.514950e+00  9.387680e+00 
  721.000  6.346576e+02  1.745466e+01  6.521123e+01  8.203281e+01  4.325499e+00  1.037869e+01 
  722.000  7.011600e+02  1.979062e+01  7.209507e+01  9.062860e+01  5.123187e+00  1.147429e+01 
  723.000  6.770373e+02  1.879376e+01  6.958311e+01  8.751061e+01  4.793697e+00  1.107450e+01 
  724.000  6.010010e+02  1.594986e+01  6.169509e+01  7.768253e+01  3.840171e+00  9.819079e+00 
  725.000  6.042262e+02  1.587158e+01  6.200978e+01  7.809940e+01  3.807265e+00  9.869164e+00 
  726.000  6.568218e+02  1.734595e+01  6.741678e+01  8.489766e+01  4.242262e+00  1.072971e+01 
  727.000  6.311868e+02  1.649096e+01  6.476778e+01  8.158421e+01  3.992199e+00  1.030811e+01 
  728.000  6.274544e+02  1.642794e+01  6.438824e+01  8.110177e+01  4.032629e+00  1.024771e+01 
  729.000  6.223447e+02  1.606514e+01  6.384099e+01  8.044131e+01  3.892251e+00  1.016061e+01 
  730.000  6.505242e+02  1.689791e+01  6.674222e+01  8.408366e+01  4.168399e+00  1.062235e+01 
  731.000  6.274680e+02  1.600777e+01  6.434759e+01  8.110354e+01  3.877095e+00  1.024124e+01 
  732.000  6.701359e+02  1.752744e+01  6.876633e+01  8.661858e+01  4.426782e+00  1.094450e+01 
  733.000  6.926273e+02  1.847657e+01  7.111038e+01  8.952570e+01  4.816900e+00  1.131757e+01 
  734.000  7.213723e+02  1.945517e+01  7.408275e+01  9.324115e+01  5.188187e+00  1.179064e+01 
  735.000  7.072838e+02  1.875362e+01  7.260374e+01  9.142013e+01  4.931951e+00  1.155524e+01 
  736.000  7.071372e+02  1.879294e+01  7.259302e+01  9.140118e+01  4.985122e+00  1.155354e+01 
  737.000  7.100181e+02  1.874552e+01  7.287637e+01  9.177356e+01  4.966441e+00  1.159863e+01 
  738.000  7.140950e+02  1.892095e+01  7.330160e+01  9.230051e+01  5.070789e+00  1.166631e+01 
  739.000  7.073180e+02  1.871511e+01  7.260331e+01  9.142455e+01  5.044592e+00  1.155518e+01 
  740.000  7.189622e+02  1.916871e+01  7.381310e+01  9.292963e+01  5.241538e+00  1.174772e+01 
  741.000  7.135618e+02  1.899523e+01  7.325570e+01  9.223160e+01  5.220459e+00  1.165901e+01 
  742.000  7.059070e+02  1.867574e+01  7.245827e+01  9.124217e+01  5.147348e+00  1.153209e+01 
  743.000  7.241311e+02  1.906699e+01  7.431981e+01  9.359773e+01  5.266217e+00  1.182836e+01 
  744.000  7.302013e+02  1.916422e+01  7.493655e+01  9.438234e+01  5.308182e+00  1.192652e+01 
  745.000  7.203420e+02  1.886046e+01  7.392025e+01  9.310798e+01  5.239779e+00  1.176477e+01 
  746.000  7.226469e+02  1.884771e+01  7.414945e+01  9.340588e+01  5.240009e+00  1.180125e+01 
  747.000  7.275194e+02  1.885595e+01  7.463754e+01  9.403570e+01  5.245177e+00  1.187893e+01 
  748.000  7.258459e+02  1.873203e+01  7.445779e+01  9.381938e+01  5.212322e+00  1.185033e+01 
  749.000  7.133521e+02  1.833026e+01  7.316824e+01  9.220448e+01  5.102317e+00  1.164509e+01 
  750.000  7.104351e+02  1.815133e+01  7.285865e+01  9.182745e+01  5.053918e+00  1.159581e+01 
  751.000  7.233450e+02  1.838778e+01  7.417328e+01  9.349612e+01  5.120753e+00  1.180504e+01 
  752.000  7.195760e+02  1.817749e+01  7.377534e+01  9.300897e+01  5.065335e+00  1.174171e+01 
  753.000  7.140156e+02  1.795147e+01  7.319670e+01  9.229025e+01  5.003848e+00  1.164962e+01 
  754.000  7.223867e+02  1.806072e+01  7.404475e+01  9.337226e+01  5.034278e+00  1.178459e+01 
  755.000  7.205022e+02  1.790721e+01  7.384094e+01  9.312868e+01  4.991162e+00  1.175215e+01 
  756.000  7.124916e+02  1.762957e+01  7.301212e+01  9.209328e+01  4.915220e+00  1.162024e+01 
  757.000  7.097269e+02  1.746082e+01  7.271877e+01  9.173592e+01  4.871809e+00  1.157355e+01 
  758.000  7.037137e+02  1.721062e+01  7.209243e+01  9.095867e+01  4.802918e+00  1.147387e+01 
  759.000  6.730841e+02  1.616285e+01  6.892470e+01  8.699965e+01  4.445174e+00  1.096971e+01 
  760.000  1.993952e+02  3.922708e+00  2.033179e+01  2.577288e+01  8.055099e-01  3.235906e+00 
  761.000  1.424950e+02  2.671093e+00  1.451661e+01  1.841823e+01  5.011014e-01  2.310391e+00 
  762.000  3.601737e+02  7.311026e+00  3.674847e+01  4.655434e+01  1.636859e+00  5.848701e+00 
  763.000  2.907361e+02  5.463422e+00  2.961996e+01  3.757916e+01  1.075089e+00  4.714162e+00 
  764.000  3.246084e+02  6.184420e+00  3.307928e+01  4.195734e+01  1.264292e+00  5.264731e+00 
  765.000  4.343489e+02  8.788798e+00  4.431377e+01  5.614187e+01  2.009667e+00  7.052755e+00 
  766.000  5.365902e+02  1.160696e+01  5.481971e+01  6.935709e+01  2.938324e+00  8.724829e+00 
  767.000  5.848871e+02  1.275264e+01  5.976397e+01  7.559972e+01  3.291458e+00  9.511732e+00 
  768.000  6.649756e+02  1.504176e+01  6.800174e+01  8.595158e+01  4.085490e+00  1.082281e+01 
  769.000  6.814076e+02  1.540910e+01  6.968167e+01  8.807550e+01  4.216782e+00  1.109018e+01 
  770.000  6.813049e+02  1.548642e+01  6.967914e+01  8.806223e+01  4.276988e+00  1.108978e+01 
  771.000  6.819647e+02  1.553736e+01  6.975021e+01  8.814751e+01  4.329676e+00  1.110109e+01 
  772.000  6.761255e+02  1.532724e+01  6.914529e+01  8.739277e+01  4.285660e+00  1.100481e+01 
  773.000  6.803160e+02  1.532398e+01  6.956400e+01  8.793440e+01  4.286415e+00  1.107145e+01 
  774.000  6.889509e+02  1.545267e+01  7.044036e+01  8.905051e+01  4.322242e+00  1.121093e+01 
  775.000  6.663218e+02  1.489745e+01  6.812193e+01  8.612557e+01  4.168033e+00  1.084194e+01 
  776.000  6.788737e+02  1.509162e+01  6.939654e+01  8.774798e+01  4.223779e+00  1.104480e+01 
  777.000  6.834810e+02  1.509135e+01  6.985723e+01  8.834349e+01  4.225446e+00  1.111812e+01 
  778.000  6.790265e+02  1.491719e+01  6.939436e+01  8.776773e+01  4.177697e+00  1.104446e+01 
  779.000  6.848433e+02  1.496130e+01  6.998046e+01  8.851959e+01  4.190745e+00  1.113774e+01 
  780.000  6.764478e+02  1.470986e+01  6.911576e+01  8.743440e+01  4.120560e+00  1.100011e+01 
  781.000  6.746504e+02  1.460198e+01  6.892524e+01  8.720210e+01  4.091005e+00  1.096979e+01 
  782.000  6.806862e+02  1.463538e+01  6.953217e+01  8.798226e+01  4.100335e+00  1.106639e+01 
  783.000  6.745231e+02  1.442730e+01  6.889504e+01  8.718565e+01  4.042980e+00  1.096499e+01 
  784.000  6.671443e+02  1.418542e+01  6.813297e+01  8.623190e+01  3.969426e+00  1.084370e+01 
  785.000  6.757342e+02  1.428142e+01  6.900157e+01  8.734219e+01  3.989870e+00  1.098194e+01 
  786.000  6.671260e+02  1.396325e+01  6.810892e+01  8.622953e+01  3.878668e+00  1.083987e+01 
  787.000  6.661114e+02  1.376376e+01  6.798751e+01  8.609837e+01  3.797146e+00  1.082055e+01 
  788.000  6.620759e+02  1.355454e+01  6.756304e+01  8.557677e+01  3.713416e+00  1.075299e+01 
  789.000  6.578770e+02  1.333807e+01  6.712151e+01  8.503404e+01  3.644087e+00  1.068272e+01 
  790.000  6.463785e+02  1.291274e+01  6.592912e+01  8.354780e+01  3.484219e+00  1.049295e+01 
  791.000  6.456692e+02  1.286049e+01  6.585297e+01  8.345612e+01  3.486580e+00  1.048082e+01 
  792.000  6.463820e+02  1.289314e+01  6.592751e+01  8.354826e+01  3.521464e+00  1.049269e+01 
  793.000  6.388889e+02  1.274144e+01  6.516303e+01  8.257973e+01  3.496242e+00  1.037102e+01 
  794.000  6.343369e+02  1.267653e+01  6.470134e+01  8.199136e+01  3.511803e+00  1.029754e+01 
  795.000  6.368314e+02  1.266372e+01  6.494952e+01  8.231379e+01  3.513087e+00  1.033704e+01 
  796.000  6.288052e+02  1.211544e+01  6.409206e+01  8.127636e+01  3.258030e+00  1.020057e+01 
  797.000  6.386534e+02  1.229562e+01  6.509490e+01  8.254929e+01  3.324112e+00  1.036018e+01 
  798.000  6.478056e+02  1.253412e+01  6.603398e+01  8.373228e+01  3.429799e+00  1.050963e+01 
  799.000  6.467121e+02  1.251857e+01  6.592307e+01  8.359092e+01  3.439779e+00  1.049198e+01 
  800.000  6.305875e+02  1.206789e+01  6.426554e+01  8.150674e+01  3.284809e+00  1.022818e+01 
