  400.000  1.044247e+03  1.077356e-04  1.044247e+02  1.349744e+02  4.610978e-05  1.661971e+01 
                                  0.000            90.000 
 0.7071  3.323942566e+01   3.323942566e+01   3.323942566e+01 
  401.000  1.040226e+03  1.064177e-04  1.040226e+02  1.344546e+02  4.554569e-05  1.655571e+01 
                                  0.000            90.000 
 0.7071  3.311141968e+01   3.311141968e+01   3.311141968e+01 
  402.000  1.075723e+03  1.089157e-04  1.075723e+02  1.390428e+02  4.661483e-05  1.712066e+01 
                                  0.000            90.000 
 0.7071  3.424132156e+01   3.424132156e+01   3.424132156e+01 
  403.000  1.012615e+03  1.015252e-04  1.012615e+02  1.308858e+02  4.345176e-05  1.611628e+01 
                                  0.000            90.000 
 0.7071  3.223255157e+01   3.223255157e+01   3.223255157e+01 
  404.000  1.083661e+03  1.074895e-04  1.083661e+02  1.400688e+02  4.600440e-05  1.724700e+01 
                                  0.000            90.000 
 0.7071  3.449399185e+01   3.449399185e+01   3.449399185e+01 
  405.000  1.048855e+03  1.029612e-04  1.048855e+02  1.355700e+02  4.406279e-05  1.669304e+01 
                                  0.000            90.000 
 0.7071  3.338608932e+01   3.338608932e+01   3.338608932e+01 
  406.000  9.863638e+02  9.586247e-05  9.863639e+01  1.274927e+02  4.100290e-05  1.569847e+01 
                                  0.000            90.000 
 0.7071  3.139694023e+01   3.139694023e+01   3.139694023e+01 
  407.000  9.969783e+02  9.585542e-05  9.969785e+01  1.288647e+02  4.097335e-05  1.586740e+01 
                                  0.000            90.000 
 0.7071  3.173480988e+01   3.173480988e+01   3.173480988e+01 
  408.000  1.030123e+03  9.807131e-05  1.030123e+02  1.331487e+02  4.189538e-05  1.639491e+01 
                                  0.000            90.000 
 0.7071  3.278982544e+01   3.278982544e+01   3.278982544e+01 
  409.000  1.107778e+03  1.043829e-04  1.107778e+02  1.431861e+02  4.456387e-05  1.763083e+01 
                                  0.000            90.000 
 0.7071  3.526166916e+01   3.526166916e+01   3.526166916e+01 
  410.000  8.876533e+02  8.280162e-05  8.876534e+01  1.147338e+02  3.533103e-05  1.412744e+01 
                                  0.000            90.000 
 0.7071  2.825488281e+01   2.825488281e+01   2.825488281e+01 
  411.000  1.080235e+03  9.963677e-05  1.080235e+02  1.396260e+02  4.250834e-05  1.719247e+01 
                                  0.000            90.000 
 0.7071  3.438494873e+01   3.438494873e+01   3.438494873e+01 
  412.000  1.105128e+03  1.009820e-04  1.105128e+02  1.428435e+02  4.308042e-05  1.758865e+01 
                                  0.000            90.000 
 0.7071  3.517730713e+01   3.517730713e+01   3.517730713e+01 
  413.000  1.042728e+03  9.433682e-05  1.042728e+02  1.347780e+02  4.024348e-05  1.659553e+01 
                                  0.000            90.000 
 0.7071  3.319106674e+01   3.319106674e+01   3.319106674e+01 
  414.000  1.095101e+03  9.808179e-05  1.095101e+02  1.415476e+02  4.183914e-05  1.742908e+01 
                                  0.000            90.000 
 0.7071  3.485816193e+01   3.485816193e+01   3.485816193e+01 
  415.000  1.069063e+03  9.477773e-05  1.069063e+02  1.381820e+02  4.042690e-05  1.701467e+01 
                                  0.000            90.000 
 0.7071  3.402933884e+01   3.402933884e+01   3.402933884e+01 
  416.000  1.116710e+03  9.800716e-05  1.116710e+02  1.443406e+02  4.179739e-05  1.777299e+01 
                                  0.000            90.000 
 0.7071  3.554598999e+01   3.554598999e+01   3.554598999e+01 
  417.000  1.042465e+03  9.061571e-05  1.042465e+02  1.347440e+02  3.863838e-05  1.659134e+01 
                                  0.000            90.000 
 0.7071  3.318268967e+01   3.318268967e+01   3.318268967e+01 
  418.000  1.043151e+03  8.975051e-05  1.043151e+02  1.348327e+02  3.826231e-05  1.660226e+01 
                                  0.000            90.000 
 0.7071  3.320452881e+01   3.320452881e+01   3.320452881e+01 
  419.000  1.064118e+03  9.058956e-05  1.064118e+02  1.375428e+02  3.861255e-05  1.693597e+01 
                                  0.000            90.000 
 0.7071  3.387193680e+01   3.387193680e+01   3.387193680e+01 
  420.000  9.495103e+02  8.007678e-05  9.495104e+01  1.227292e+02  3.412412e-05  1.511193e+01 
                                  0.000            90.000 
 0.7071  3.022385597e+01   3.022385597e+01   3.022385597e+01 
  421.000  1.111081e+03  9.276666e-05  1.111081e+02  1.436130e+02  3.951183e-05  1.768340e+01 
                                  0.000            90.000 
 0.7071  3.536680984e+01   3.536680984e+01   3.536680984e+01 
  422.000  1.103175e+03  9.119612e-05  1.103175e+02  1.425912e+02  3.882182e-05  1.755758e+01 
                                  0.000            90.000 
 0.7071  3.511515808e+01   3.511515808e+01   3.511515808e+01 
  423.000  9.841115e+02  8.055218e-05  9.841116e+01  1.272016e+02  3.427217e-05  1.566262e+01 
                                  0.000            90.000 
 0.7071  3.132524300e+01   3.132524300e+01   3.132524300e+01 
  424.000  9.596804e+02  7.777399e-05  9.596806e+01  1.240437e+02  3.307208e-05  1.527379e+01 
                                  0.000            90.000 
 0.7071  3.054757881e+01   3.054757881e+01   3.054757881e+01 
  425.000  9.660759e+02  7.750843e-05  9.660760e+01  1.248704e+02  3.294338e-05  1.537558e+01 
                                  0.000            90.000 
 0.7071  3.075115395e+01   3.075115395e+01   3.075115395e+01 
  426.000  1.043853e+03  8.299253e-05  1.043853e+02  1.349234e+02  3.527030e-05  1.661343e+01 
                                  0.000            90.000 
 0.7071  3.322686768e+01   3.322686768e+01   3.322686768e+01 
  427.000  9.710050e+02  7.643238e-05  9.710052e+01  1.255075e+02  3.248027e-05  1.545403e+01 
                                  0.000            90.000 
 0.7071  3.090805435e+01   3.090805435e+01   3.090805435e+01 
  428.000  9.707717e+02  7.566765e-05  9.707718e+01  1.254773e+02  3.215347e-05  1.545031e+01 
                                  0.000            90.000 
 0.7071  3.090062523e+01   3.090062523e+01   3.090062523e+01 
  429.000  8.695428e+02  6.714641e-05  8.695429e+01  1.123930e+02  2.853081e-05  1.383920e+01 
                                  0.000            90.000 
 0.7071  2.767840958e+01   2.767840958e+01   2.767840958e+01 
  430.000  7.414157e+02  5.672180e-05  7.414158e+01  9.583186e+01  2.409910e-05  1.180000e+01 
                                  0.000            90.000 
 0.7071  2.359999657e+01   2.359999657e+01   2.359999657e+01 
  431.000  6.194415e+02  4.691712e-05  6.194415e+01  8.006606e+01  1.992635e-05  9.858719e+00 
                                  0.000            90.000 
 0.7071  1.971743774e+01   1.971743774e+01   1.971743774e+01 
  432.000  1.101860e+03  8.263505e-05  1.101861e+02  1.424212e+02  3.508244e-05  1.753665e+01 
                                  0.000            90.000 
 0.7071  3.507330704e+01   3.507330704e+01   3.507330704e+01 
  433.000  1.046906e+03  7.772866e-05  1.046906e+02  1.353180e+02  3.298605e-05  1.666202e+01 
                                  0.000            90.000 
 0.7071  3.332403946e+01   3.332403946e+01   3.332403946e+01 
  434.000  9.803954e+02  7.210317e-05  9.803955e+01  1.267212e+02  3.058714e-05  1.560348e+01 
                                  0.000            90.000 
 0.7071  3.120696068e+01   3.120696068e+01   3.120696068e+01 
  435.000  1.075792e+03  7.838992e-05  1.075792e+02  1.390518e+02  3.323965e-05  1.712177e+01 
                                  0.000            90.000 
 0.7071  3.424353027e+01   3.424353027e+01   3.424353027e+01 
  436.000  1.183562e+03  8.537642e-05  1.183562e+02  1.529816e+02  3.617349e-05  1.883698e+01 
                                  0.000            90.000 
 0.7071  3.767395401e+01   3.767395401e+01   3.767395401e+01 
  437.000  1.166343e+03  8.334208e-05  1.166343e+02  1.507559e+02  3.528320e-05  1.856292e+01 
                                  0.000            90.000 
 0.7071  3.712583923e+01   3.712583923e+01   3.712583923e+01 
  438.000  1.059686e+03  7.502021e-05  1.059687e+02  1.369700e+02  3.173475e-05  1.686543e+01 
                                  0.000            90.000 
 0.7071  3.373086929e+01   3.373086929e+01   3.373086929e+01 
  439.000  9.530613e+02  6.678890e-05  9.530613e+01  1.231881e+02  2.822978e-05  1.516844e+01 
                                  0.000            90.000 
 0.7071  3.033688354e+01   3.033688354e+01   3.033688354e+01 
  440.000  1.026559e+03  7.128496e-05  1.026559e+02  1.326881e+02  3.010758e-05  1.633820e+01 
                                  0.000            90.000 
 0.7071  3.267639160e+01   3.267639160e+01   3.267639160e+01 
  441.000  1.090600e+03  7.502151e-05  1.090600e+02  1.409657e+02  3.166781e-05  1.735744e+01 
                                  0.000            90.000 
 0.7071  3.471487045e+01   3.471487045e+01   3.471487045e+01 
  442.000  1.150124e+03  7.836346e-05  1.150124e+02  1.486596e+02  3.306134e-05  1.830480e+01 
                                  0.000            90.000 
 0.7071  3.660959625e+01   3.660959625e+01   3.660959625e+01 
  443.000  1.122896e+03  7.582499e-05  1.122896e+02  1.451402e+02  3.197690e-05  1.787145e+01 
                                  0.000            90.000 
 0.7071  3.574290085e+01   3.574290085e+01   3.574290085e+01 
  444.000  1.134465e+03  7.583629e-05  1.134465e+02  1.466355e+02  3.196413e-05  1.805557e+01 
                                  0.000            90.000 
 0.7071  3.611114502e+01   3.611114502e+01   3.611114502e+01 
  445.000  1.125672e+03  7.452534e-05  1.125672e+02  1.454990e+02  3.139513e-05  1.791563e+01 
                                  0.000            90.000 
 0.7071  3.583125305e+01   3.583125305e+01   3.583125305e+01 
  446.000  1.044170e+03  6.849993e-05  1.044170e+02  1.349644e+02  2.884432e-05  1.661848e+01 
                                  0.000            90.000 
 0.7071  3.323695755e+01   3.323695755e+01   3.323695755e+01 
  447.000  1.171285e+03  7.618979e-05  1.171285e+02  1.513947e+02  3.206788e-05  1.864157e+01 
                                  0.000            90.000 
 0.7071  3.728314972e+01   3.728314972e+01   3.728314972e+01 
  448.000  1.230887e+03  7.926938e-05  1.230887e+02  1.590986e+02  3.334804e-05  1.959018e+01 
                                  0.000            90.000 
 0.7071  3.918036270e+01   3.918036270e+01   3.918036270e+01 
  449.000  1.188456e+03  7.582503e-05  1.188456e+02  1.536141e+02  3.188308e-05  1.891486e+01 
                                  0.000            90.000 
 0.7071  3.782971954e+01   3.782971954e+01   3.782971954e+01 
  450.000  1.228850e+03  7.769439e-05  1.228851e+02  1.588354e+02  3.265372e-05  1.955776e+01 
                                  0.000            90.000 
 0.7071  3.911552811e+01   3.911552811e+01   3.911552811e+01 
  451.000  1.305497e+03  8.179952e-05  1.305497e+02  1.687424e+02  3.435316e-05  2.077764e+01 
                                  0.000            90.000 
 0.7071  4.155527496e+01   4.155527496e+01   4.155527496e+01 
  452.000  1.223813e+03  7.596795e-05  1.223813e+02  1.581843e+02  3.187692e-05  1.947759e+01 
                                  0.000            90.000 
 0.7071  3.895518875e+01   3.895518875e+01   3.895518875e+01 
  453.000  1.092565e+03  6.716789e-05  1.092565e+02  1.412198e+02  2.815786e-05  1.738872e+01 
                                  0.000            90.000 
 0.7071  3.477743530e+01   3.477743530e+01   3.477743530e+01 
  454.000  1.161085e+03  7.069200e-05  1.161085e+02  1.500763e+02  2.960903e-05  1.847924e+01 
                                  0.000            90.000 
 0.7071  3.695848846e+01   3.695848846e+01   3.695848846e+01 
  455.000  1.207751e+03  7.286057e-05  1.207751e+02  1.561081e+02  3.048356e-05  1.922196e+01 
                                  0.000            90.000 
 0.7071  3.844391251e+01   3.844391251e+01   3.844391251e+01 
  456.000  1.217400e+03  7.275652e-05  1.217400e+02  1.573553e+02  3.035786e-05  1.937552e+01 
                                  0.000            90.000 
 0.7071  3.875103378e+01   3.875103378e+01   3.875103378e+01 
  457.000  1.261079e+03  7.463057e-05  1.261079e+02  1.630010e+02  3.104546e-05  2.007069e+01 
                                  0.000            90.000 
 0.7071  4.014138794e+01   4.014138794e+01   4.014138794e+01 
  458.000  1.196343e+03  7.011292e-05  1.196343e+02  1.546336e+02  2.907868e-05  1.904039e+01 
                                  0.000            90.000 
 0.7071  3.808078384e+01   3.808078384e+01   3.808078384e+01 
  459.000  1.222221e+03  7.095771e-05  1.222221e+02  1.579785e+02  2.934384e-05  1.945226e+01 
                                  0.000            90.000 
 0.7071  3.890451813e+01   3.890451813e+01   3.890451813e+01 
  460.000  1.207482e+03  6.945811e-05  1.207482e+02  1.560733e+02  2.864886e-05  1.921767e+01 
                                  0.000            90.000 
 0.7071  3.843533325e+01   3.843533325e+01   3.843533325e+01 
  461.000  1.214839e+03  6.927393e-05  1.214839e+02  1.570242e+02  2.855871e-05  1.933476e+01 
                                  0.000            90.000 
 0.7071  3.866951370e+01   3.866951370e+01   3.866951370e+01 
  462.000  1.191188e+03  6.725228e-05  1.191188e+02  1.539673e+02  2.771855e-05  1.895835e+01 
                                  0.000            90.000 
 0.7071  3.791670227e+01   3.791670227e+01   3.791670227e+01 
  463.000  1.203242e+03  6.736619e-05  1.203242e+02  1.555253e+02  2.775828e-05  1.915018e+01 
                                  0.000            90.000 
 0.7071  3.830036926e+01   3.830036926e+01   3.830036926e+01 
  464.000  1.195921e+03  6.634538e-05  1.195921e+02  1.545790e+02  2.733162e-05  1.903367e+01 
                                  0.000            90.000 
 0.7071  3.806734085e+01   3.806734085e+01   3.806734085e+01 
  465.000  1.156466e+03  6.363164e-05  1.156467e+02  1.494793e+02  2.620677e-05  1.840574e+01 
                                  0.000            90.000 
 0.7071  3.681147385e+01   3.681147385e+01   3.681147385e+01 
  466.000  1.205550e+03  6.568066e-05  1.205550e+02  1.558236e+02  2.703027e-05  1.918692e+01 
                                  0.000            90.000 
 0.7071  3.837383652e+01   3.837383652e+01   3.837383652e+01 
  467.000  1.151459e+03  6.217291e-05  1.151459e+02  1.488321e+02  2.556790e-05  1.832604e+01 
                                  0.000            90.000 
 0.7071  3.665208817e+01   3.665208817e+01   3.665208817e+01 
  468.000  1.201056e+03  6.430739e-05  1.201056e+02  1.552428e+02  2.642638e-05  1.911540e+01 
                                  0.000            90.000 
 0.7071  3.823080063e+01   3.823080063e+01   3.823080063e+01 
  469.000  1.204739e+03  6.391181e-05  1.204739e+02  1.557188e+02  2.624394e-05  1.917402e+01 
                                  0.000            90.000 
 0.7071  3.834803009e+01   3.834803009e+01   3.834803009e+01 
  470.000  1.170032e+03  6.153357e-05  1.170032e+02  1.512327e+02  2.524504e-05  1.862164e+01 
                                  0.000            90.000 
 0.7071  3.724327469e+01   3.724327469e+01   3.724327469e+01 
  471.000  1.168783e+03  6.088543e-05  1.168784e+02  1.510714e+02  2.493829e-05  1.860177e+01 
                                  0.000            90.000 
 0.7071  3.720353699e+01   3.720353699e+01   3.720353699e+01 
  472.000  1.208317e+03  6.240159e-05  1.208317e+02  1.561813e+02  2.551958e-05  1.923096e+01 
                                  0.000            90.000 
 0.7071  3.846192169e+01   3.846192169e+01   3.846192169e+01 
  473.000  1.174207e+03  6.008446e-05  1.174207e+02  1.517724e+02  2.453040e-05  1.868808e+01 
                                  0.000            90.000 
 0.7071  3.737616730e+01   3.737616730e+01   3.737616730e+01 
  474.000  1.171701e+03  5.943143e-05  1.171701e+02  1.514485e+02  2.422554e-05  1.864820e+01 
                                  0.000            90.000 
 0.7071  3.729639816e+01   3.729639816e+01   3.729639816e+01 
  475.000  1.221552e+03  6.138104e-05  1.221552e+02  1.578920e+02  2.496642e-05  1.944161e+01 
                                  0.000            90.000 
 0.7071  3.888321686e+01   3.888321686e+01   3.888321686e+01 
  476.000  1.216458e+03  6.052040e-05  1.216458e+02  1.572336e+02  2.451492e-05  1.936054e+01 
                                  0.000            90.000 
 0.7071  3.872107315e+01   3.872107315e+01   3.872107315e+01 
  477.000  1.203442e+03  5.933083e-05  1.203442e+02  1.555512e+02  2.393309e-05  1.915338e+01 
                                  0.000            90.000 
 0.7071  3.830675507e+01   3.830675507e+01   3.830675507e+01 
  478.000  1.250645e+03  6.108228e-05  1.250645e+02  1.616524e+02  2.453522e-05  1.990463e+01 
                                  0.000            90.000 
 0.7071  3.980925751e+01   3.980925751e+01   3.980925751e+01 
  479.000  1.177225e+03  5.696687e-05  1.177225e+02  1.521624e+02  2.278618e-05  1.873611e+01 
                                  0.000            90.000 
 0.7071  3.747222900e+01   3.747222900e+01   3.747222900e+01 
  480.000  1.217408e+03  5.835799e-05  1.217408e+02  1.573564e+02  2.324841e-05  1.937566e+01 
                                  0.000            90.000 
 0.7071  3.875131226e+01   3.875131226e+01   3.875131226e+01 
  481.000  1.192583e+03  5.663264e-05  1.192583e+02  1.541476e+02  2.249707e-05  1.898055e+01 
                                  0.000            90.000 
 0.7071  3.796110916e+01   3.796110916e+01   3.796110916e+01 
  482.000  1.228504e+03  5.778647e-05  1.228504e+02  1.587905e+02  2.289449e-05  1.955224e+01 
                                  0.000            90.000 
 0.7071  3.910448456e+01   3.910448456e+01   3.910448456e+01 
  483.000  1.202810e+03  5.605000e-05  1.202810e+02  1.554695e+02  2.214936e-05  1.914331e+01 
                                  0.000            90.000 
 0.7071  3.828662491e+01   3.828662491e+01   3.828662491e+01 
  484.000  1.164611e+03  5.380759e-05  1.164612e+02  1.505321e+02  2.121268e-05  1.853537e+01 
                                  0.000            90.000 
 0.7071  3.707073593e+01   3.707073593e+01   3.707073593e+01 
  485.000  1.139767e+03  5.218157e-05  1.139767e+02  1.473209e+02  2.052795e-05  1.813996e+01 
                                  0.000            90.000 
 0.7071  3.627992249e+01   3.627992249e+01   3.627992249e+01 
  486.000  1.004892e+03  4.565839e-05  1.004892e+02  1.298876e+02  1.796143e-05  1.599336e+01 
                                  0.000            90.000 
 0.7071  3.198671150e+01   3.198671150e+01   3.198671150e+01 
  487.000  1.024405e+03  4.612507e-05  1.024405e+02  1.324097e+02  1.815051e-05  1.630392e+01 
                                  0.000            90.000 
 0.7071  3.260783386e+01   3.260783386e+01   3.260783386e+01 
  488.000  1.121986e+03  5.012174e-05  1.121986e+02  1.450225e+02  1.972844e-05  1.785696e+01 
                                  0.000            90.000 
 0.7071  3.571391678e+01   3.571391678e+01   3.571391678e+01 
  489.000  1.069521e+03  4.736537e-05  1.069522e+02  1.382412e+02  1.864895e-05  1.702197e+01 
                                  0.000            90.000 
 0.7071  3.404393005e+01   3.404393005e+01   3.404393005e+01 
  490.000  1.216352e+03  5.340224e-05  1.216352e+02  1.572198e+02  2.102585e-05  1.935884e+01 
                                  0.000            90.000 
 0.7071  3.871767426e+01   3.871767426e+01   3.871767426e+01 
  491.000  1.129310e+03  4.918033e-05  1.129310e+02  1.459692e+02  1.934071e-05  1.797352e+01 
                                  0.000            90.000 
 0.7071  3.594704819e+01   3.594704819e+01   3.594704819e+01 
  492.000  1.057812e+03  4.565644e-05  1.057812e+02  1.367277e+02  1.792704e-05  1.683560e+01 
                                  0.000            90.000 
 0.7071  3.367119980e+01   3.367119980e+01   3.367119980e+01 
  493.000  1.164228e+03  4.979636e-05  1.164228e+02  1.504825e+02  1.952082e-05  1.852926e+01 
                                  0.000            90.000 
 0.7071  3.705852509e+01   3.705852509e+01   3.705852509e+01 
  494.000  1.118702e+03  4.743362e-05  1.118702e+02  1.445981e+02  1.856653e-05  1.780470e+01 
                                  0.000            90.000 
 0.7071  3.560939026e+01   3.560939026e+01   3.560939026e+01 
  495.000  1.234541e+03  5.189047e-05  1.234541e+02  1.595708e+02  2.026768e-05  1.964832e+01 
                                  0.000            90.000 
 0.7071  3.929664612e+01   3.929664612e+01   3.929664612e+01 
  496.000  1.168432e+03  4.868801e-05  1.168432e+02  1.510259e+02  1.892541e-05  1.859617e+01 
                                  0.000            90.000 
 0.7071  3.719233704e+01   3.719233704e+01   3.719233704e+01 
  497.000  1.160622e+03  4.790514e-05  1.160622e+02  1.500165e+02  1.851797e-05  1.847187e+01 
                                  0.000            90.000 
 0.7071  3.694374847e+01   3.694374847e+01   3.694374847e+01 
  498.000  1.099256e+03  4.497700e-05  1.099256e+02  1.420846e+02  1.728876e-05  1.749520e+01 
                                  0.000            90.000 
 0.7071  3.499040985e+01   3.499040985e+01   3.499040985e+01 
  499.000  1.134435e+03  4.592147e-05  1.134435e+02  1.466317e+02  1.754225e-05  1.805510e+01 
                                  0.000            90.000 
 0.7071  3.611019135e+01   3.611019135e+01   3.611019135e+01 
  500.000  1.114759e+03  4.471218e-05  1.114759e+02  1.440884e+02  1.698768e-05  1.774193e+01 
                                  0.000            90.000 
 0.7071  3.548386765e+01   3.548386765e+01   3.548386765e+01 
  501.000  1.100717e+03  4.374980e-05  1.100717e+02  1.422734e+02  1.651665e-05  1.751845e+01 
                                  0.000            90.000 
 0.7071  3.503689957e+01   3.503689957e+01   3.503689957e+01 
  502.000  1.062734e+03  4.182706e-05  1.062734e+02  1.373639e+02  1.568060e-05  1.691394e+01 
                                  0.000            90.000 
 0.7071  3.382787323e+01   3.382787323e+01   3.382787323e+01 
  503.000  1.128578e+03  4.398522e-05  1.128578e+02  1.458747e+02  1.637604e-05  1.796188e+01 
                                  0.000            90.000 
 0.7071  3.592376709e+01   3.592376709e+01   3.592376709e+01 
  504.000  1.111209e+03  4.290530e-05  1.111209e+02  1.436296e+02  1.587008e-05  1.768544e+01 
                                  0.000            90.000 
 0.7071  3.537088013e+01   3.537088013e+01   3.537088013e+01 
  505.000  1.129181e+03  4.319864e-05  1.129181e+02  1.459526e+02  1.588904e-05  1.797148e+01 
                                  0.000            90.000 
 0.7071  3.594296265e+01   3.594296265e+01   3.594296265e+01 
  506.000  1.195091e+03  4.533880e-05  1.195091e+02  1.544718e+02  1.667320e-05  1.902047e+01 
                                  0.000            90.000 
 0.7071  3.804093552e+01   3.804093552e+01   3.804093552e+01 
  507.000  1.131739e+03  4.258351e-05  1.131739e+02  1.462832e+02  1.567078e-05  1.801219e+01 
                                  0.000            90.000 
 0.7071  3.602437210e+01   3.602437210e+01   3.602437210e+01 
  508.000  1.068661e+03  3.989693e-05  1.068661e+02  1.381301e+02  1.468535e-05  1.700827e+01 
                                  0.000            90.000 
 0.7071  3.401654816e+01   3.401654816e+01   3.401654816e+01 
  509.000  1.154760e+03  4.274464e-05  1.154760e+02  1.492587e+02  1.574618e-05  1.837857e+01 
                                  0.000            90.000 
 0.7071  3.675714111e+01   3.675714111e+01   3.675714111e+01 
  510.000  1.138125e+03  4.183096e-05  1.138126e+02  1.471087e+02  1.541958e-05  1.811383e+01 
                                  0.000            90.000 
 0.7071  3.622766113e+01   3.622766113e+01   3.622766113e+01 
  511.000  1.134479e+03  4.135411e-05  1.134479e+02  1.466374e+02  1.524334e-05  1.805580e+01 
                                  0.000            90.000 
 0.7071  3.611159515e+01   3.611159515e+01   3.611159515e+01 
  512.000  1.165071e+03  4.214980e-05  1.165070e+02  1.505915e+02  1.552763e-05  1.854267e+01 
                                  0.000            90.000 
 0.7071  3.708534622e+01   3.708534622e+01   3.708534622e+01 
  513.000  1.087220e+03  3.900668e-05  1.087220e+02  1.405289e+02  1.436600e-05  1.730365e+01 
                                  0.000            90.000 
 0.7071  3.460729218e+01   3.460729218e+01   3.460729218e+01 
  514.000  1.075209e+03  3.827332e-05  1.075209e+02  1.389763e+02  1.408814e-05  1.711248e+01 
                                  0.000            90.000 
 0.7071  3.422496033e+01   3.422496033e+01   3.422496033e+01 
  515.000  1.061355e+03  3.747369e-05  1.061356e+02  1.371857e+02  1.378807e-05  1.689200e+01 
                                  0.000            90.000 
 0.7071  3.378399658e+01   3.378399658e+01   3.378399658e+01 
  516.000  1.136655e+03  3.978968e-05  1.136655e+02  1.469186e+02  1.459897e-05  1.809042e+01 
                                  0.000            90.000 
 0.7071  3.618084717e+01   3.618084717e+01   3.618084717e+01 
  517.000  9.244030e+02  3.205127e-05  9.244031e+01  1.194839e+02  1.172418e-05  1.471233e+01 
                                  0.000            90.000 
 0.7071  2.942466164e+01   2.942466164e+01   2.942466164e+01 
  518.000  1.018137e+03  3.503724e-05  1.018138e+02  1.315996e+02  1.278253e-05  1.620416e+01 
                                  0.000            90.000 
 0.7071  3.240832138e+01   3.240832138e+01   3.240832138e+01 
  519.000  9.676177e+02  3.299615e-05  9.676177e+01  1.250697e+02  1.200311e-05  1.540012e+01 
                                  0.000            90.000 
 0.7071  3.080023003e+01   3.080023003e+01   3.080023003e+01 
  520.000  1.073269e+03  3.631275e-05  1.073270e+02  1.387257e+02  1.316985e-05  1.708161e+01 
                                  0.000            90.000 
 0.7071  3.416322708e+01   3.416322708e+01   3.416322708e+01 
  521.000  1.089501e+03  3.650144e-05  1.089501e+02  1.408237e+02  1.317180e-05  1.733994e+01 
                                  0.000            90.000 
 0.7071  3.467988968e+01   3.467988968e+01   3.467988968e+01 
  522.000  1.116662e+03  3.712347e-05  1.116662e+02  1.443344e+02  1.334276e-05  1.777223e+01 
                                  0.000            90.000 
 0.7071  3.554446793e+01   3.554446793e+01   3.554446793e+01 
  523.000  1.054548e+03  3.474607e-05  1.054548e+02  1.363058e+02  1.243586e-05  1.678365e+01 
                                  0.000            90.000 
 0.7071  3.356729507e+01   3.356729507e+01   3.356729507e+01 
  524.000  1.136901e+03  3.714717e-05  1.136901e+02  1.469504e+02  1.323826e-05  1.809435e+01 
                                  0.000            90.000 
 0.7071  3.618869400e+01   3.618869400e+01   3.618869400e+01 
  525.000  1.128027e+03  3.655039e-05  1.128027e+02  1.458035e+02  1.296632e-05  1.795311e+01 
                                  0.000            90.000 
 0.7071  3.590622711e+01   3.590622711e+01   3.590622711e+01 
  526.000  1.065303e+03  3.419306e-05  1.065303e+02  1.376960e+02  1.204497e-05  1.695482e+01 
                                  0.000            90.000 
 0.7071  3.390964127e+01   3.390964127e+01   3.390964127e+01 
  527.000  9.753961e+02  3.097131e-05  9.753961e+01  1.260750e+02  1.082326e-05  1.552391e+01 
                                  0.000            90.000 
 0.7071  3.104782104e+01   3.104782104e+01   3.104782104e+01 
  528.000  1.115561e+03  3.512988e-05  1.115561e+02  1.441921e+02  1.219937e-05  1.775470e+01 
                                  0.000            90.000 
 0.7071  3.550939941e+01   3.550939941e+01   3.550939941e+01 
  529.000  1.119454e+03  3.491141e-05  1.119454e+02  1.446953e+02  1.203893e-05  1.781667e+01 
                                  0.000            90.000 
 0.7071  3.563333511e+01   3.563333511e+01   3.563333511e+01 
  530.000  1.107006e+03  3.422815e-05  1.107006e+02  1.430863e+02  1.173327e-05  1.761854e+01 
                                  0.000            90.000 
 0.7071  3.523708725e+01   3.523708725e+01   3.523708725e+01 
  531.000  1.170503e+03  3.588927e-05  1.170503e+02  1.512937e+02  1.226111e-05  1.862914e+01 
                                  0.000            90.000 
 0.7071  3.725827408e+01   3.725827408e+01   3.725827408e+01 
  532.000  1.108392e+03  3.370805e-05  1.108392e+02  1.432654e+02  1.148533e-05  1.764060e+01 
                                  0.000            90.000 
 0.7071  3.528120422e+01   3.528120422e+01   3.528120422e+01 
  533.000  9.652234e+02  2.911481e-05  9.652235e+01  1.247602e+02  9.898450e-06  1.536201e+01 
                                  0.000            90.000 
 0.7071  3.072401619e+01   3.072401619e+01   3.072401619e+01 
  534.000  1.031048e+03  3.084770e-05  1.031048e+02  1.332683e+02  1.046043e-05  1.640963e+01 
                                  0.000            90.000 
 0.7071  3.281926727e+01   3.281926727e+01   3.281926727e+01 
  535.000  1.078095e+03  3.201412e-05  1.078095e+02  1.393494e+02  1.083011e-05  1.715842e+01 
                                  0.000            90.000 
 0.7071  3.431683731e+01   3.431683731e+01   3.431683731e+01 
  536.000  1.138232e+03  3.348797e-05  1.138232e+02  1.471224e+02  1.130083e-05  1.811553e+01 
                                  0.000            90.000 
 0.7071  3.623105240e+01   3.623105240e+01   3.623105240e+01 
  537.000  1.081000e+03  3.155064e-05  1.081000e+02  1.397249e+02  1.062706e-05  1.720464e+01 
                                  0.000            90.000 
 0.7071  3.440928650e+01   3.440928650e+01   3.440928650e+01 
  538.000  1.122207e+03  3.248896e-05  1.122207e+02  1.450511e+02  1.092620e-05  1.786048e+01 
                                  0.000            90.000 
 0.7071  3.572095490e+01   3.572095490e+01   3.572095490e+01 
  539.000  1.100693e+03  3.158513e-05  1.100693e+02  1.422704e+02  1.059975e-05  1.751808e+01 
                                  0.000            90.000 
 0.7071  3.503615952e+01   3.503615952e+01   3.503615952e+01 
  540.000  1.023049e+03  2.916259e-05  1.023049e+02  1.322345e+02  9.770267e-06  1.628234e+01 
                                  0.000            90.000 
 0.7071  3.256467438e+01   3.256467438e+01   3.256467438e+01 
  541.000  1.012245e+03  2.862654e-05  1.012245e+02  1.308380e+02  9.567008e-06  1.611039e+01 
                                  0.000            90.000 
 0.7071  3.222077560e+01   3.222077560e+01   3.222077560e+01 
  542.000  1.078711e+03  3.027112e-05  1.078711e+02  1.394291e+02  1.009214e-05  1.716823e+01 
                                  0.000            90.000 
 0.7071  3.433645248e+01   3.433645248e+01   3.433645248e+01 
  543.000  1.086780e+03  3.021302e-05  1.086780e+02  1.404720e+02  1.004771e-05  1.729664e+01 
                                  0.000            90.000 
 0.7071  3.459328461e+01   3.459328461e+01   3.459328461e+01 
  544.000  1.105270e+03  3.049672e-05  1.105270e+02  1.428620e+02  1.011857e-05  1.759092e+01 
                                  0.000            90.000 
 0.7071  3.518184662e+01   3.518184662e+01   3.518184662e+01 
  545.000  1.106034e+03  3.028529e-05  1.106034e+02  1.429607e+02  1.002507e-05  1.760308e+01 
                                  0.000            90.000 
 0.7071  3.520615768e+01   3.520615768e+01   3.520615768e+01 
  546.000  1.050005e+03  2.852937e-05  1.050005e+02  1.357186e+02  9.430514e-06  1.671135e+01 
                                  0.000            90.000 
 0.7071  3.342269135e+01   3.342269135e+01   3.342269135e+01 
  547.000  1.088287e+03  2.932125e-05  1.088287e+02  1.406668e+02  9.679002e-06  1.732063e+01 
                                  0.000            90.000 
 0.7071  3.464125824e+01   3.464125824e+01   3.464125824e+01 
  548.000  1.047210e+03  2.797322e-05  1.047210e+02  1.353574e+02  9.221159e-06  1.666687e+01 
                                  0.000            90.000 
 0.7071  3.333374023e+01   3.333374023e+01   3.333374023e+01 
  549.000  1.066341e+03  2.831586e-05  1.066341e+02  1.378301e+02  9.325156e-06  1.697134e+01 
                                  0.000            90.000 
 0.7071  3.394267654e+01   3.394267654e+01   3.394267654e+01 
  550.000  1.071416e+03  2.819737e-05  1.071416e+02  1.384861e+02  9.271082e-06  1.705211e+01 
                                  0.000            90.000 
 0.7071  3.410422134e+01   3.410422134e+01   3.410422134e+01 
  551.000  1.064241e+03  2.782994e-05  1.064241e+02  1.375587e+02  9.133007e-06  1.693793e+01 
                                  0.000            90.000 
 0.7071  3.387585068e+01   3.387585068e+01   3.387585068e+01 
  552.000  1.095333e+03  2.838645e-05  1.095333e+02  1.415775e+02  9.290617e-06  1.743277e+01 
                                  0.000            90.000 
 0.7071  3.486553574e+01   3.486553574e+01   3.486553574e+01 
  553.000  1.046223e+03  2.689994e-05  1.046223e+02  1.352298e+02  8.786119e-06  1.665115e+01 
                                  0.000            90.000 
 0.7071  3.330230713e+01   3.330230713e+01   3.330230713e+01 
  554.000  1.076274e+03  2.744630e-05  1.076274e+02  1.391140e+02  8.942709e-06  1.712943e+01 
                                  0.000            90.000 
 0.7071  3.425885773e+01   3.425885773e+01   3.425885773e+01 
  555.000  1.082904e+03  2.738259e-05  1.082904e+02  1.399710e+02  8.893531e-06  1.723495e+01 
                                  0.000            90.000 
 0.7071  3.446989822e+01   3.446989822e+01   3.446989822e+01 
  556.000  1.064471e+03  2.670375e-05  1.064471e+02  1.375884e+02  8.627677e-06  1.694158e+01 
                                  0.000            90.000 
 0.7071  3.388315582e+01   3.388315582e+01   3.388315582e+01 
  557.000  1.040149e+03  2.585868e-05  1.040149e+02  1.344447e+02  8.300640e-06  1.655448e+01 
                                  0.000            90.000 
 0.7071  3.310896301e+01   3.310896301e+01   3.310896301e+01 
  558.000  1.055415e+03  2.601078e-05  1.055415e+02  1.364178e+02  8.300142e-06  1.679744e+01 
                                  0.000            90.000 
 0.7071  3.359488678e+01   3.359488678e+01   3.359488678e+01 
  559.000  1.022608e+03  2.501088e-05  1.022608e+02  1.321775e+02  7.938832e-06  1.627532e+01 
                                  0.000            90.000 
 0.7071  3.255063629e+01   3.255063629e+01   3.255063629e+01 
  560.000  1.035781e+03  2.509836e-05  1.035781e+02  1.338801e+02  7.918550e-06  1.648497e+01 
                                  0.000            90.000 
 0.7071  3.296994400e+01   3.296994400e+01   3.296994400e+01 
  561.000  1.068049e+03  2.566667e-05  1.068049e+02  1.380509e+02  8.059086e-06  1.699852e+01 
                                  0.000            90.000 
 0.7071  3.399704361e+01   3.399704361e+01   3.399704361e+01 
  562.000  1.002123e+03  2.386945e-05  1.002123e+02  1.295296e+02  7.459194e-06  1.594928e+01 
                                  0.000            90.000 
 0.7071  3.189855576e+01   3.189855576e+01   3.189855576e+01 
  563.000  1.067540e+03  2.522723e-05  1.067540e+02  1.379852e+02  7.848777e-06  1.699043e+01 
                                  0.000            90.000 
 0.7071  3.398086166e+01   3.398086166e+01   3.398086166e+01 
  564.000  1.044909e+03  2.448689e-05  1.044909e+02  1.350599e+02  7.585456e-06  1.663024e+01 
                                  0.000            90.000 
 0.7071  3.326048279e+01   3.326048279e+01   3.326048279e+01 
  565.000  1.057197e+03  2.458625e-05  1.057197e+02  1.366482e+02  7.585052e-06  1.682581e+01 
                                  0.000            90.000 
 0.7071  3.365161133e+01   3.365161133e+01   3.365161133e+01 
  566.000  9.828522e+02  2.265658e-05  9.828522e+01  1.270388e+02  6.961588e-06  1.564258e+01 
                                  0.000            90.000 
 0.7071  3.128515434e+01   3.128515434e+01   3.128515434e+01 
  567.000  1.027803e+03  2.351374e-05  1.027803e+02  1.328489e+02  7.200705e-06  1.635800e+01 
                                  0.000            90.000 
 0.7071  3.271599197e+01   3.271599197e+01   3.271599197e+01 
  568.000  1.051029e+03  2.388220e-05  1.051029e+02  1.358510e+02  7.290005e-06  1.672764e+01 
                                  0.000            90.000 
 0.7071  3.345528793e+01   3.345528793e+01   3.345528793e+01 
  569.000  1.031668e+03  2.324414e-05  1.031668e+02  1.333484e+02  7.068788e-06  1.641950e+01 
                                  0.000            90.000 
 0.7071  3.283900452e+01   3.283900452e+01   3.283900452e+01 
  570.000  1.033957e+03  2.309149e-05  1.033957e+02  1.336444e+02  6.999240e-06  1.645594e+01 
                                  0.000            90.000 
 0.7071  3.291188049e+01   3.291188049e+01   3.291188049e+01 
  571.000  1.007188e+03  2.230983e-05  1.007187e+02  1.301842e+02  6.752557e-06  1.602989e+01 
                                  0.000            90.000 
 0.7071  3.205977249e+01   3.205977249e+01   3.205977249e+01 
  572.000  1.041478e+03  2.292710e-05  1.041478e+02  1.346165e+02  6.935974e-06  1.657564e+01 
                                  0.000            90.000 
 0.7071  3.315128326e+01   3.315128326e+01   3.315128326e+01 
  573.000  1.063665e+03  2.325475e-05  1.063665e+02  1.374843e+02  7.029426e-06  1.692876e+01 
                                  0.000            90.000 
 0.7071  3.385752106e+01   3.385752106e+01   3.385752106e+01 
  574.000  1.050908e+03  2.281146e-05  1.050908e+02  1.358354e+02  6.891291e-06  1.672573e+01 
                                  0.000            90.000 
 0.7071  3.345145035e+01   3.345145035e+01   3.345145035e+01 
  575.000  1.033284e+03  2.224943e-05  1.033284e+02  1.335573e+02  6.717445e-06  1.644522e+01 
                                  0.000            90.000 
 0.7071  3.289044571e+01   3.289044571e+01   3.289044571e+01 
  576.000  1.046144e+03  2.236544e-05  1.046144e+02  1.352196e+02  6.763546e-06  1.664990e+01 
                                  0.000            90.000 
 0.7071  3.329980087e+01   3.329980087e+01   3.329980087e+01 
  577.000  1.046994e+03  2.225260e-05  1.046994e+02  1.353295e+02  6.740878e-06  1.666343e+01 
                                  0.000            90.000 
 0.7071  3.332686615e+01   3.332686615e+01   3.332686615e+01 
  578.000  1.031639e+03  2.176052e-05  1.031639e+02  1.333448e+02  6.606456e-06  1.641905e+01 
                                  0.000            90.000 
 0.7071  3.283810043e+01   3.283810043e+01   3.283810043e+01 
  579.000  1.004878e+03  2.104781e-05  1.004878e+02  1.298858e+02  6.403336e-06  1.599314e+01 
                                  0.000            90.000 
 0.7071  3.198627090e+01   3.198627090e+01   3.198627090e+01 
  580.000  1.032554e+03  2.151368e-05  1.032554e+02  1.334630e+02  6.555359e-06  1.643361e+01 
                                  0.000            90.000 
 0.7071  3.286721802e+01   3.286721802e+01   3.286721802e+01 
  581.000  1.031844e+03  2.136515e-05  1.031844e+02  1.333713e+02  6.522311e-06  1.642231e+01 
                                  0.000            90.000 
 0.7071  3.284462357e+01   3.284462357e+01   3.284462357e+01 
  582.000  1.054558e+03  2.169840e-05  1.054558e+02  1.363071e+02  6.636688e-06  1.678381e+01 
                                  0.000            90.000 
 0.7071  3.356761169e+01   3.356761169e+01   3.356761169e+01 
  583.000  1.051026e+03  2.149273e-05  1.051026e+02  1.358506e+02  6.586184e-06  1.672760e+01 
                                  0.000            90.000 
 0.7071  3.345519257e+01   3.345519257e+01   3.345519257e+01 
  584.000  1.043991e+03  2.116731e-05  1.043991e+02  1.349413e+02  6.503583e-06  1.661564e+01 
                                  0.000            90.000 
 0.7071  3.323127365e+01   3.323127365e+01   3.323127365e+01 
  585.000  1.035267e+03  2.088507e-05  1.035267e+02  1.338137e+02  6.425623e-06  1.647679e+01 
                                  0.000            90.000 
 0.7071  3.295358276e+01   3.295358276e+01   3.295358276e+01 
  586.000  1.000044e+03  2.003775e-05  1.000044e+02  1.292609e+02  6.164065e-06  1.591619e+01 
                                  0.000            90.000 
 0.7071  3.183238220e+01   3.183238220e+01   3.183238220e+01 
  587.000  1.024691e+03  2.038174e-05  1.024691e+02  1.324466e+02  6.264510e-06  1.630846e+01 
                                  0.000            90.000 
 0.7071  3.261691666e+01   3.261691666e+01   3.261691666e+01 
  588.000  1.025189e+03  2.024530e-05  1.025189e+02  1.325111e+02  6.218363e-06  1.631639e+01 
                                  0.000            90.000 
 0.7071  3.263278580e+01   3.263278580e+01   3.263278580e+01 
  589.000  9.606668e+02  1.883926e-05  9.606668e+01  1.241712e+02  5.781627e-06  1.528949e+01 
                                  0.000            90.000 
 0.7071  3.057897568e+01   3.057897568e+01   3.057897568e+01 
  590.000  9.751925e+02  1.897547e-05  9.751925e+01  1.260487e+02  5.818567e-06  1.552067e+01 
                                  0.000            90.000 
 0.7071  3.104133987e+01   3.104133987e+01   3.104133987e+01 
  591.000  1.017258e+03  1.965727e-05  1.017258e+02  1.314859e+02  6.017195e-06  1.619016e+01 
                                  0.000            90.000 
 0.7071  3.238032532e+01   3.238032532e+01   3.238032532e+01 
  592.000  1.002032e+03  1.922942e-05  1.002032e+02  1.295179e+02  5.875565e-06  1.594783e+01 
                                  0.000            90.000 
 0.7071  3.189566422e+01   3.189566422e+01   3.189566422e+01 
  593.000  9.942966e+02  1.893530e-05  9.942967e+01  1.285180e+02  5.775749e-06  1.582472e+01 
                                  0.000            90.000 
 0.7071  3.164944458e+01   3.164944458e+01   3.164944458e+01 
  594.000  1.013708e+03  1.915992e-05  1.013708e+02  1.310270e+02  5.832932e-06  1.613366e+01 
                                  0.000            90.000 
 0.7071  3.226731873e+01   3.226731873e+01   3.226731873e+01 
  595.000  1.003445e+03  1.880437e-05  1.003445e+02  1.297005e+02  5.710422e-06  1.597032e+01 
                                  0.000            90.000 
 0.7071  3.194063950e+01   3.194063950e+01   3.194063950e+01 
  596.000  1.004150e+03  1.867951e-05  1.004150e+02  1.297917e+02  5.657537e-06  1.598154e+01 
                                  0.000            90.000 
 0.7071  3.196308899e+01   3.196308899e+01   3.196308899e+01 
  597.000  1.015685e+03  1.877560e-05  1.015685e+02  1.312826e+02  5.674590e-06  1.616513e+01 
                                  0.000            90.000 
 0.7071  3.233026505e+01   3.233026505e+01   3.233026505e+01 
  598.000  9.985838e+02  1.832705e-05  9.985838e+01  1.290722e+02  5.524570e-06  1.589295e+01 
                                  0.000            90.000 
 0.7071  3.178590965e+01   3.178590965e+01   3.178590965e+01 
  599.000  9.874543e+02  1.799210e-05  9.874544e+01  1.276336e+02  5.410522e-06  1.571583e+01 
                                  0.000            90.000 
 0.7071  3.143165016e+01   3.143165016e+01   3.143165016e+01 
  600.000  9.949573e+02  1.800118e-05  9.949574e+01  1.286034e+02  5.401142e-06  1.583524e+01 
                                  0.000            90.000 
 0.7071  3.167047691e+01   3.167047691e+01   3.167047691e+01 
  601.000  9.669482e+02  1.738202e-05  9.669482e+01  1.249831e+02  5.213702e-06  1.538946e+01 
                                  0.000            90.000 
 0.7071  3.077892113e+01   3.077892113e+01   3.077892113e+01 
  602.000  9.664686e+02  1.723264e-05  9.664686e+01  1.249211e+02  5.171824e-06  1.538182e+01 
                                  0.000            90.000 
 0.7071  3.076364899e+01   3.076364899e+01   3.076364899e+01 
  603.000  9.680693e+02  1.715894e-05  9.680693e+01  1.251280e+02  5.151845e-06  1.540730e+01 
                                  0.000            90.000 
 0.7071  3.081460190e+01   3.081460190e+01   3.081460190e+01 
  604.000  1.001793e+03  1.763131e-05  1.001793e+02  1.294870e+02  5.296305e-06  1.594403e+01 
                                  0.000            90.000 
 0.7071  3.188805580e+01   3.188805580e+01   3.188805580e+01 
  605.000  1.003037e+03  1.753087e-05  1.003037e+02  1.296478e+02  5.271038e-06  1.596383e+01 
                                  0.000            90.000 
 0.7071  3.192765999e+01   3.192765999e+01   3.192765999e+01 
  606.000  9.956781e+02  1.728860e-05  9.956783e+01  1.286966e+02  5.212614e-06  1.584671e+01 
                                  0.000            90.000 
 0.7071  3.169342232e+01   3.169342232e+01   3.169342232e+01 
  607.000  9.830672e+02  1.697735e-05  9.830672e+01  1.270666e+02  5.131916e-06  1.564600e+01 
                                  0.000            90.000 
 0.7071  3.129199982e+01   3.129199982e+01   3.129199982e+01 
  608.000  9.931107e+02  1.704435e-05  9.931107e+01  1.283648e+02  5.167562e-06  1.580585e+01 
                                  0.000            90.000 
 0.7071  3.161169624e+01   3.161169624e+01   3.161169624e+01 
  609.000  9.851624e+02  1.681239e-05  9.851624e+01  1.273374e+02  5.111268e-06  1.567935e+01 
                                  0.000            90.000 
 0.7071  3.135869408e+01   3.135869408e+01   3.135869408e+01 
  610.000  9.696361e+02  1.645301e-05  9.696362e+01  1.253306e+02  5.016092e-06  1.543224e+01 
                                  0.000            90.000 
 0.7071  3.086447906e+01   3.086447906e+01   3.086447906e+01 
  611.000  9.697001e+02  1.636979e-05  9.697002e+01  1.253388e+02  5.003481e-06  1.543326e+01 
                                  0.000            90.000 
 0.7071  3.086651421e+01   3.086651421e+01   3.086651421e+01 
  612.000  9.838358e+02  1.649460e-05  9.838358e+01  1.271659e+02  5.059117e-06  1.565823e+01 
                                  0.000            90.000 
 0.7071  3.131646729e+01   3.131646729e+01   3.131646729e+01 
  613.000  9.634993e+02  1.605734e-05  9.634993e+01  1.245373e+02  4.940060e-06  1.533457e+01 
                                  0.000            90.000 
 0.7071  3.066913605e+01   3.066913605e+01   3.066913605e+01 
  614.000  9.534492e+02  1.579411e-05  9.534492e+01  1.232383e+02  4.874297e-06  1.517461e+01 
                                  0.000            90.000 
 0.7071  3.034922981e+01   3.034922981e+01   3.034922981e+01 
  615.000  9.605370e+02  1.582638e-05  9.605371e+01  1.241544e+02  4.898521e-06  1.528742e+01 
                                  0.000            90.000 
 0.7071  3.057484436e+01   3.057484436e+01   3.057484436e+01 
  616.000  9.281862e+02  1.520042e-05  9.281862e+01  1.199729e+02  4.722395e-06  1.477254e+01 
                                  0.000            90.000 
 0.7071  2.954508400e+01   2.954508400e+01   2.954508400e+01 
  617.000  9.108047e+02  1.484322e-05  9.108047e+01  1.177263e+02  4.625565e-06  1.449591e+01 
                                  0.000            90.000 
 0.7071  2.899181747e+01   2.899181747e+01   2.899181747e+01 
  618.000  9.716897e+02  1.572428e-05  9.716897e+01  1.255960e+02  4.920338e-06  1.546492e+01 
                                  0.000            90.000 
 0.7071  3.092984390e+01   3.092984390e+01   3.092984390e+01 
  619.000  9.810942e+02  1.579195e-05  9.810943e+01  1.268116e+02  4.958688e-06  1.561460e+01 
                                  0.000            90.000 
 0.7071  3.122920036e+01   3.122920036e+01   3.122920036e+01 
  620.000  9.710837e+02  1.554090e-05  9.710838e+01  1.255176e+02  4.898322e-06  1.545528e+01 
                                  0.000            90.000 
 0.7071  3.091055489e+01   3.091055489e+01   3.091055489e+01 
  621.000  9.911861e+02  1.577762e-05  9.911861e+01  1.281160e+02  4.988545e-06  1.577522e+01 
                                  0.000            90.000 
 0.7071  3.155043602e+01   3.155043602e+01   3.155043602e+01 
  622.000  9.687545e+02  1.534120e-05  9.687545e+01  1.252166e+02  4.865049e-06  1.541821e+01 
                                  0.000            90.000 
 0.7071  3.083641624e+01   3.083641624e+01   3.083641624e+01 
  623.000  9.628257e+02  1.514067e-05  9.628258e+01  1.244503e+02  4.821262e-06  1.532385e+01 
                                  0.000            90.000 
 0.7071  3.064769745e+01   3.064769745e+01   3.064769745e+01 
  624.000  9.373812e+02  1.467718e-05  9.373813e+01  1.211614e+02  4.685648e-06  1.491889e+01 
                                  0.000            90.000 
 0.7071  2.983777428e+01   2.983777428e+01   2.983777428e+01 
  625.000  9.394791e+02  1.460291e-05  9.394791e+01  1.214326e+02  4.679944e-06  1.495227e+01 
                                  0.000            90.000 
 0.7071  2.990454865e+01   2.990454865e+01   2.990454865e+01 
  626.000  9.263446e+02  1.430162e-05  9.263446e+01  1.197349e+02  4.594432e-06  1.474323e+01 
                                  0.000            90.000 
 0.7071  2.948646355e+01   2.948646355e+01   2.948646355e+01 
  627.000  9.607496e+02  1.474808e-05  9.607497e+01  1.241819e+02  4.747553e-06  1.529081e+01 
                                  0.000            90.000 
 0.7071  3.058161354e+01   3.058161354e+01   3.058161354e+01 
  628.000  9.621041e+02  1.469931e-05  9.621041e+01  1.243570e+02  4.739211e-06  1.531236e+01 
                                  0.000            90.000 
 0.7071  3.062472534e+01   3.062472534e+01   3.062472534e+01 
  629.000  9.778746e+02  1.484116e-05  9.778747e+01  1.263954e+02  4.796388e-06  1.556336e+01 
                                  0.000            90.000 
 0.7071  3.112671852e+01   3.112671852e+01   3.112671852e+01 
  630.000  9.559220e+02  1.444475e-05  9.559220e+01  1.235579e+02  4.674881e-06  1.521397e+01 
                                  0.000            90.000 
 0.7071  3.042794037e+01   3.042794037e+01   3.042794037e+01 
  631.000  9.505576e+02  1.427201e-05  9.505576e+01  1.228645e+02  4.632768e-06  1.512859e+01 
                                  0.000            90.000 
 0.7071  3.025718689e+01   3.025718689e+01   3.025718689e+01 
  632.000  9.235247e+02  1.376977e-05  9.235247e+01  1.193704e+02  4.486646e-06  1.469835e+01 
                                  0.000            90.000 
 0.7071  2.939670372e+01   2.939670372e+01   2.939670372e+01 
  633.000  9.556976e+02  1.418919e-05  9.556976e+01  1.235289e+02  4.635725e-06  1.521040e+01 
                                  0.000            90.000 
 0.7071  3.042079926e+01   3.042079926e+01   3.042079926e+01 
  634.000  9.335736e+02  1.377193e-05  9.335736e+01  1.206693e+02  4.515470e-06  1.485829e+01 
                                  0.000            90.000 
 0.7071  2.971657181e+01   2.971657181e+01   2.971657181e+01 
  635.000  9.523108e+02  1.397546e-05  9.523109e+01  1.230912e+02  4.596597e-06  1.515650e+01 
                                  0.000            90.000 
 0.7071  3.031299591e+01   3.031299591e+01   3.031299591e+01 
  636.000  9.319965e+02  1.360501e-05  9.319965e+01  1.204654e+02  4.498174e-06  1.483319e+01 
                                  0.000            90.000 
 0.7071  2.966637039e+01   2.966637039e+01   2.966637039e+01 
  637.000  9.494171e+02  1.378178e-05  9.494171e+01  1.227171e+02  4.582908e-06  1.511044e+01 
                                  0.000            90.000 
 0.7071  3.022088623e+01   3.022088623e+01   3.022088623e+01 
  638.000  9.636215e+02  1.390480e-05  9.636215e+01  1.245531e+02  4.653771e-06  1.533651e+01 
                                  0.000            90.000 
 0.7071  3.067302704e+01   3.067302704e+01   3.067302704e+01 
  639.000  9.457455e+02  1.358767e-05  9.457455e+01  1.222426e+02  4.568227e-06  1.505201e+01 
                                  0.000            90.000 
 0.7071  3.010401535e+01   3.010401535e+01   3.010401535e+01 
  640.000  9.192717e+02  1.315050e-05  9.192718e+01  1.188207e+02  4.441187e-06  1.463066e+01 
                                  0.000            90.000 
 0.7071  2.926132965e+01   2.926132965e+01   2.926132965e+01 
  641.000  9.277004e+02  1.318429e-05  9.277005e+01  1.199101e+02  4.466965e-06  1.476481e+01 
                                  0.000            90.000 
 0.7071  2.952962494e+01   2.952962494e+01   2.952962494e+01 
  642.000  9.407542e+02  1.330251e-05  9.407543e+01  1.215974e+02  4.512597e-06  1.497257e+01 
                                  0.000            90.000 
 0.7071  2.994514084e+01   2.994514084e+01   2.994514084e+01 
  643.000  9.431180e+02  1.325076e-05  9.431181e+01  1.219029e+02  4.504067e-06  1.501019e+01 
                                  0.000            90.000 
 0.7071  3.002038002e+01   3.002038002e+01   3.002038002e+01 
  644.000  9.257518e+02  1.293470e-05  9.257518e+01  1.196583e+02  4.403129e-06  1.473380e+01 
                                  0.000            90.000 
 0.7071  2.946759415e+01   2.946759415e+01   2.946759415e+01 
  645.000  9.241035e+02  1.282547e-05  9.241035e+01  1.194452e+02  4.375554e-06  1.470757e+01 
                                  0.000            90.000 
 0.7071  2.941513062e+01   2.941513062e+01   2.941513062e+01 
  646.000  9.287217e+02  1.281630e-05  9.287218e+01  1.200421e+02  4.384363e-06  1.478106e+01 
                                  0.000            90.000 
 0.7071  2.956212997e+01   2.956212997e+01   2.956212997e+01 
  647.000  9.232048e+02  1.267258e-05  9.232049e+01  1.193291e+02  4.346235e-06  1.469326e+01 
                                  0.000            90.000 
 0.7071  2.938652229e+01   2.938652229e+01   2.938652229e+01 
  648.000  9.305800e+02  1.269972e-05  9.305801e+01  1.202823e+02  4.365759e-06  1.481064e+01 
                                  0.000            90.000 
 0.7071  2.962128258e+01   2.962128258e+01   2.962128258e+01 
  649.000  9.184989e+02  1.245308e-05  9.184989e+01  1.187208e+02  4.294145e-06  1.461836e+01 
                                  0.000            90.000 
 0.7071  2.923672867e+01   2.923672867e+01   2.923672867e+01 
  650.000  9.020362e+02  1.215795e-05  9.020363e+01  1.165929e+02  4.204844e-06  1.435635e+01 
                                  0.000            90.000 
 0.7071  2.871270561e+01   2.871270561e+01   2.871270561e+01 
  651.000  9.290804e+02  1.245489e-05  9.290804e+01  1.200885e+02  4.320001e-06  1.478677e+01 
                                  0.000            90.000 
 0.7071  2.957354927e+01   2.957354927e+01   2.957354927e+01 
  652.000  9.235787e+02  1.232665e-05  9.235787e+01  1.193774e+02  4.287574e-06  1.469921e+01 
                                  0.000            90.000 
 0.7071  2.939842415e+01   2.939842415e+01   2.939842415e+01 
  653.000  9.276209e+02  1.231716e-05  9.276210e+01  1.198999e+02  4.296351e-06  1.476355e+01 
                                  0.000            90.000 
 0.7071  2.952709198e+01   2.952709198e+01   2.952709198e+01 
  654.000  9.210262e+02  1.214574e-05  9.210263e+01  1.190475e+02  4.254290e-06  1.465859e+01 
                                  0.000            90.000 
 0.7071  2.931717682e+01   2.931717682e+01   2.931717682e+01 
  655.000  9.106151e+02  1.193585e-05  9.106152e+01  1.177018e+02  4.194987e-06  1.449289e+01 
                                  0.000            90.000 
 0.7071  2.898577881e+01   2.898577881e+01   2.898577881e+01 
  656.000  7.915598e+02  1.033017e-05  7.915597e+01  1.023132e+02  3.638714e-06  1.259807e+01 
                                  0.000            90.000 
 0.7071  2.519613075e+01   2.519613075e+01   2.519613075e+01 
  657.000  8.221472e+02  1.066525e-05  8.221472e+01  1.062668e+02  3.766386e-06  1.308488e+01 
                                  0.000            90.000 
 0.7071  2.616976166e+01   2.616976166e+01   2.616976166e+01 
  658.000  8.959562e+02  1.155517e-05  8.959563e+01  1.158070e+02  4.092637e-06  1.425959e+01 
                                  0.000            90.000 
 0.7071  2.851917458e+01   2.851917458e+01   2.851917458e+01 
  659.000  8.990883e+02  1.153342e-05  8.990883e+01  1.162119e+02  4.095164e-06  1.430943e+01 
                                  0.000            90.000 
 0.7071  2.861886978e+01   2.861886978e+01   2.861886978e+01 
  660.000  8.944316e+02  1.140361e-05  8.944316e+01  1.156100e+02  4.061202e-06  1.423532e+01 
                                  0.000            90.000 
 0.7071  2.847064400e+01   2.847064400e+01   2.847064400e+01 
  661.000  9.166125e+02  1.161660e-05  9.166125e+01  1.184770e+02  4.148501e-06  1.458834e+01 
                                  0.000            90.000 
 0.7071  2.917668343e+01   2.917668343e+01   2.917668343e+01 
  662.000  9.171539e+02  1.157681e-05  9.171539e+01  1.185469e+02  4.143027e-06  1.459696e+01 
                                  0.000            90.000 
 0.7071  2.919391441e+01   2.919391441e+01   2.919391441e+01 
  663.000  9.123843e+02  1.145068e-05  9.123843e+01  1.179305e+02  4.108911e-06  1.452105e+01 
                                  0.000            90.000 
 0.7071  2.904209709e+01   2.904209709e+01   2.904209709e+01 
  664.000  9.034333e+02  1.127078e-05  9.034334e+01  1.167735e+02  4.056715e-06  1.437859e+01 
                                  0.000            90.000 
 0.7071  2.875717735e+01   2.875717735e+01   2.875717735e+01 
  665.000  9.004722e+02  1.118361e-05  9.004721e+01  1.163907e+02  4.033226e-06  1.433146e+01 
                                  0.000            90.000 
 0.7071  2.866291809e+01   2.866291809e+01   2.866291809e+01 
  666.000  8.988866e+02  1.109586e-05  8.988866e+01  1.161858e+02  4.014677e-06  1.430622e+01 
                                  0.000            90.000 
 0.7071  2.861244965e+01   2.861244965e+01   2.861244965e+01 
  667.000  8.887324e+02  1.090216e-05  8.887325e+01  1.148733e+02  3.956504e-06  1.414462e+01 
                                  0.000            90.000 
 0.7071  2.828923416e+01   2.828923416e+01   2.828923416e+01 
  668.000  9.086127e+02  1.108956e-05  9.086127e+01  1.174429e+02  4.035807e-06  1.446102e+01 
                                  0.000            90.000 
 0.7071  2.892204285e+01   2.892204285e+01   2.892204285e+01 
  669.000  9.055988e+02  1.099441e-05  9.055988e+01  1.170534e+02  4.011292e-06  1.441305e+01 
                                  0.000            90.000 
 0.7071  2.882610893e+01   2.882610893e+01   2.882610893e+01 
  670.000  8.981893e+02  1.084732e-05  8.981894e+01  1.160957e+02  3.968977e-06  1.429513e+01 
                                  0.000            90.000 
 0.7071  2.859025574e+01   2.859025574e+01   2.859025574e+01 
  671.000  8.938340e+02  1.072557e-05  8.938340e+01  1.155327e+02  3.935094e-06  1.422581e+01 
                                  0.000            90.000 
 0.7071  2.845162010e+01   2.845162010e+01   2.845162010e+01 
  672.000  8.803588e+02  1.051513e-05  8.803588e+01  1.137910e+02  3.863776e-06  1.401135e+01 
                                  0.000            90.000 
 0.7071  2.802269173e+01   2.802269173e+01   2.802269173e+01 
  673.000  8.854093e+02  1.051481e-05  8.854093e+01  1.144438e+02  3.872382e-06  1.409173e+01 
                                  0.000            90.000 
 0.7071  2.818345451e+01   2.818345451e+01   2.818345451e+01 
  674.000  8.910171e+02  1.052315e-05  8.910171e+01  1.151686e+02  3.882741e-06  1.418098e+01 
                                  0.000            90.000 
 0.7071  2.836195564e+01   2.836195564e+01   2.836195564e+01 
  675.000  8.866935e+02  1.041208e-05  8.866935e+01  1.146098e+02  3.850584e-06  1.411216e+01 
                                  0.000            90.000 
 0.7071  2.822432899e+01   2.822432899e+01   2.822432899e+01 
  676.000  8.857109e+02  1.034497e-05  8.857109e+01  1.144828e+02  3.832803e-06  1.409653e+01 
                                  0.000            90.000 
 0.7071  2.819305420e+01   2.819305420e+01   2.819305420e+01 
  677.000  8.827975e+02  1.025397e-05  8.827975e+01  1.141062e+02  3.807837e-06  1.405016e+01 
                                  0.000            90.000 
 0.7071  2.810031891e+01   2.810031891e+01   2.810031891e+01 
  678.000  8.790807e+02  1.015482e-05  8.790807e+01  1.136258e+02  3.778124e-06  1.399100e+01 
                                  0.000            90.000 
 0.7071  2.798200989e+01   2.798200989e+01   2.798200989e+01 
  679.000  8.780497e+02  1.008274e-05  8.780498e+01  1.134925e+02  3.760303e-06  1.397460e+01 
                                  0.000            90.000 
 0.7071  2.794919205e+01   2.794919205e+01   2.794919205e+01 
  680.000  8.750278e+02  9.988959e-06  8.750278e+01  1.131019e+02  3.733295e-06  1.392650e+01 
                                  0.000            90.000 
 0.7071  2.785300064e+01   2.785300064e+01   2.785300064e+01 
  681.000  8.696833e+02  9.878539e-06  8.696834e+01  1.124111e+02  3.701058e-06  1.384144e+01 
                                  0.000            90.000 
 0.7071  2.768288231e+01   2.768288231e+01   2.768288231e+01 
  682.000  8.706254e+02  9.835997e-06  8.706255e+01  1.125329e+02  3.696944e-06  1.385643e+01 
                                  0.000            90.000 
 0.7071  2.771286964e+01   2.771286964e+01   2.771286964e+01 
  683.000  8.675209e+02  9.748554e-06  8.675209e+01  1.121316e+02  3.674466e-06  1.380702e+01 
                                  0.000            90.000 
 0.7071  2.761404800e+01   2.761404800e+01   2.761404800e+01 
  684.000  8.685547e+02  9.711966e-06  8.685548e+01  1.122652e+02  3.671768e-06  1.382348e+01 
                                  0.000            90.000 
 0.7071  2.764695740e+01   2.764695740e+01   2.764695740e+01 
  685.000  8.653315e+02  9.633330e-06  8.653316e+01  1.118486e+02  3.650494e-06  1.377218e+01 
                                  0.000            90.000 
 0.7071  2.754435921e+01   2.754435921e+01   2.754435921e+01 
  686.000  8.435793e+02  9.321655e-06  8.435793e+01  1.090370e+02  3.544370e-06  1.342598e+01 
                                  0.000            90.000 
 0.7071  2.685196495e+01   2.685196495e+01   2.685196495e+01 
  687.000  8.645353e+02  9.509694e-06  8.645354e+01  1.117457e+02  3.621699e-06  1.375951e+01 
                                  0.000            90.000 
 0.7071  2.751901817e+01   2.751901817e+01   2.751901817e+01 
  688.000  8.621803e+02  9.437079e-06  8.621803e+01  1.114413e+02  3.602086e-06  1.372203e+01 
                                  0.000            90.000 
 0.7071  2.744405174e+01   2.744405174e+01   2.744405174e+01 
  689.000  8.559946e+02  9.329173e-06  8.559945e+01  1.106418e+02  3.566448e-06  1.362358e+01 
                                  0.000            90.000 
 0.7071  2.724715233e+01   2.724715233e+01   2.724715233e+01 
  690.000  8.631115e+02  9.357525e-06  8.631115e+01  1.115617e+02  3.585486e-06  1.373685e+01 
                                  0.000            90.000 
 0.7071  2.747369194e+01   2.747369194e+01   2.747369194e+01 
  691.000  8.531688e+02  9.187484e-06  8.531687e+01  1.102765e+02  3.529212e-06  1.357860e+01 
                                  0.000            90.000 
 0.7071  2.715720367e+01   2.715720367e+01   2.715720367e+01 
  692.000  8.453370e+02  9.061426e-06  8.453369e+01  1.092642e+02  3.486031e-06  1.345395e+01 
                                  0.000            90.000 
 0.7071  2.690790939e+01   2.690790939e+01   2.690790939e+01 
  693.000  8.460474e+02  9.016535e-06  8.460474e+01  1.093561e+02  3.475383e-06  1.346526e+01 
                                  0.000            90.000 
 0.7071  2.693052483e+01   2.693052483e+01   2.693052483e+01 
  694.000  8.468441e+02  8.966849e-06  8.468440e+01  1.094590e+02  3.463623e-06  1.347794e+01 
                                  0.000            90.000 
 0.7071  2.695588303e+01   2.695588303e+01   2.695588303e+01 
  695.000  8.450681e+02  8.896577e-06  8.450682e+01  1.092295e+02  3.443074e-06  1.344968e+01 
                                  0.000            90.000 
 0.7071  2.689935493e+01   2.689935493e+01   2.689935493e+01 
  696.000  8.432418e+02  8.830804e-06  8.432417e+01  1.089934e+02  3.423626e-06  1.342061e+01 
                                  0.000            90.000 
 0.7071  2.684121895e+01   2.684121895e+01   2.684121895e+01 
  697.000  8.432620e+02  8.788385e-06  8.432619e+01  1.089960e+02  3.412721e-06  1.342093e+01 
                                  0.000            90.000 
 0.7071  2.684185982e+01   2.684185982e+01   2.684185982e+01 
  698.000  8.322441e+02  8.623858e-06  8.322442e+01  1.075719e+02  3.355331e-06  1.324558e+01 
                                  0.000            90.000 
 0.7071  2.649115372e+01   2.649115372e+01   2.649115372e+01 
  699.000  8.390181e+02  8.658473e-06  8.390182e+01  1.084475e+02  3.373487e-06  1.335339e+01 
                                  0.000            90.000 
 0.7071  2.670677757e+01   2.670677757e+01   2.670677757e+01 
  700.000  8.308212e+02  8.518376e-06  8.308213e+01  1.073880e+02  3.326071e-06  1.322293e+01 
                                  0.000            90.000 
 0.7071  2.644585991e+01   2.644585991e+01   2.644585991e+01 
  701.000  8.246135e+02  8.408118e-06  8.246136e+01  1.065856e+02  3.288105e-06  1.312413e+01 
                                  0.000            90.000 
 0.7071  2.624826622e+01   2.624826622e+01   2.624826622e+01 
  702.000  8.216138e+02  8.331639e-06  8.216138e+01  1.061979e+02  3.263058e-06  1.307639e+01 
                                  0.000            90.000 
 0.7071  2.615277863e+01   2.615277863e+01   2.615277863e+01 
  703.000  8.261447e+02  8.328420e-06  8.261447e+01  1.067835e+02  3.267036e-06  1.314850e+01 
                                  0.000            90.000 
 0.7071  2.629700279e+01   2.629700279e+01   2.629700279e+01 
  704.000  8.289190e+02  8.310136e-06  8.289190e+01  1.071421e+02  3.264823e-06  1.319266e+01 
                                  0.000            90.000 
 0.7071  2.638531303e+01   2.638531303e+01   2.638531303e+01 
  705.000  8.360283e+02  8.344172e-06  8.360283e+01  1.080610e+02  3.282150e-06  1.330580e+01 
                                  0.000            90.000 
 0.7071  2.661160660e+01   2.661160660e+01   2.661160660e+01 
  706.000  8.293371e+02  8.226101e-06  8.293371e+01  1.071962e+02  3.240633e-06  1.319931e+01 
                                  0.000            90.000 
 0.7071  2.639861870e+01   2.639861870e+01   2.639861870e+01 
  707.000  8.117949e+02  8.004375e-06  8.117950e+01  1.049287e+02  3.157806e-06  1.292012e+01 
                                  0.000            90.000 
 0.7071  2.584023666e+01   2.584023666e+01   2.584023666e+01 
  708.000  8.275952e+02  8.127591e-06  8.275951e+01  1.069710e+02  3.209519e-06  1.317159e+01 
                                  0.000            90.000 
 0.7071  2.634317207e+01   2.634317207e+01   2.634317207e+01 
  709.000  8.207490e+02  8.013019e-06  8.207491e+01  1.060861e+02  3.168803e-06  1.306263e+01 
                                  0.000            90.000 
 0.7071  2.612525368e+01   2.612525368e+01   2.612525368e+01 
  710.000  8.261315e+02  8.021527e-06  8.261316e+01  1.067818e+02  3.176528e-06  1.314829e+01 
                                  0.000            90.000 
 0.7071  2.629658318e+01   2.629658318e+01   2.629658318e+01 
  711.000  8.200792e+02  7.915007e-06  8.200793e+01  1.059995e+02  3.139542e-06  1.305197e+01 
                                  0.000            90.000 
 0.7071  2.610393333e+01   2.610393333e+01   2.610393333e+01 
  712.000  8.127043e+02  7.806266e-06  8.127044e+01  1.050463e+02  3.100621e-06  1.293459e+01 
                                  0.000            90.000 
 0.7071  2.586918449e+01   2.586918449e+01   2.586918449e+01 
  713.000  8.037336e+02  7.674303e-06  8.037336e+01  1.038868e+02  3.053368e-06  1.279182e+01 
                                  0.000            90.000 
 0.7071  2.558363533e+01   2.558363533e+01   2.558363533e+01 
  714.000  8.147430e+02  7.752937e-06  8.147430e+01  1.053098e+02  3.087659e-06  1.296704e+01 
                                  0.000            90.000 
 0.7071  2.593407631e+01   2.593407631e+01   2.593407631e+01 
  715.000  8.007172e+02  7.578621e-06  8.007172e+01  1.034969e+02  3.022854e-06  1.274381e+01 
                                  0.000            90.000 
 0.7071  2.548762131e+01   2.548762131e+01   2.548762131e+01 
  716.000  7.992138e+02  7.512165e-06  7.992138e+01  1.033026e+02  3.001073e-06  1.271988e+01 
                                  0.000            90.000 
 0.7071  2.543976593e+01   2.543976593e+01   2.543976593e+01 
  717.000  8.145108e+02  7.623784e-06  8.145107e+01  1.052798e+02  3.048411e-06  1.296334e+01 
                                  0.000            90.000 
 0.7071  2.592668152e+01   2.592668152e+01   2.592668152e+01 
  718.000  7.989645e+02  7.436717e-06  7.989645e+01  1.032703e+02  2.977162e-06  1.271592e+01 
                                  0.000            90.000 
 0.7071  2.543183136e+01   2.543183136e+01   2.543183136e+01 
  719.000  7.794596e+02  7.216185e-06  7.794596e+01  1.007492e+02  2.892223e-06  1.240549e+01 
                                  0.000            90.000 
 0.7071  2.481097031e+01   2.481097031e+01   2.481097031e+01 
  720.000  7.909760e+02  7.288646e-06  7.909760e+01  1.022378e+02  2.924212e-06  1.258877e+01 
                                  0.000            90.000 
 0.7071  2.517754936e+01   2.517754936e+01   2.517754936e+01 
  721.000  8.028430e+02  7.346173e-06  8.028430e+01  1.037717e+02  2.951781e-06  1.277764e+01 
                                  0.000            90.000 
 0.7071  2.555528641e+01   2.555528641e+01   2.555528641e+01 
  722.000  7.882704e+02  7.167922e-06  7.882703e+01  1.018881e+02  2.884073e-06  1.254571e+01 
                                  0.000            90.000 
 0.7071  2.509142303e+01   2.509142303e+01   2.509142303e+01 
  723.000  7.910828e+02  7.158331e-06  7.910828e+01  1.022516e+02  2.883297e-06  1.259047e+01 
                                  0.000            90.000 
 0.7071  2.518094826e+01   2.518094826e+01   2.518094826e+01 
  724.000  8.059520e+02  7.263463e-06  8.059521e+01  1.041735e+02  2.928233e-06  1.282713e+01 
                                  0.000            90.000 
 0.7071  2.565425110e+01   2.565425110e+01   2.565425110e+01 
  725.000  8.001153e+02  7.170741e-06  8.001154e+01  1.034191e+02  2.894309e-06  1.273423e+01 
                                  0.000            90.000 
 0.7071  2.546846199e+01   2.546846199e+01   2.546846199e+01 
  726.000  8.002440e+02  7.121392e-06  8.002441e+01  1.034357e+02  2.877869e-06  1.273628e+01 
                                  0.000            90.000 
 0.7071  2.547255707e+01   2.547255707e+01   2.547255707e+01 
  727.000  7.973420e+02  7.072973e-06  7.973420e+01  1.030606e+02  2.859797e-06  1.269009e+01 
                                  0.000            90.000 
 0.7071  2.538018608e+01   2.538018608e+01   2.538018608e+01 
  728.000  7.867141e+02  6.928544e-06  7.867140e+01  1.016869e+02  2.804725e-06  1.252094e+01 
                                  0.000            90.000 
 0.7071  2.504188728e+01   2.504188728e+01   2.504188728e+01 
  729.000  7.699622e+02  6.749627e-06  7.699622e+01  9.952163e+01  2.734390e-06  1.225433e+01 
                                  0.000            90.000 
 0.7071  2.450865555e+01   2.450865555e+01   2.450865555e+01 
  730.000  7.842234e+02  6.834530e-06  7.842235e+01  1.013650e+02  2.771533e-06  1.248131e+01 
                                  0.000            90.000 
 0.7071  2.496261024e+01   2.496261024e+01   2.496261024e+01 
  731.000  7.743073e+02  6.716589e-06  7.743074e+01  1.000833e+02  2.726038e-06  1.232349e+01 
                                  0.000            90.000 
 0.7071  2.464697075e+01   2.464697075e+01   2.464697075e+01 
  732.000  7.835944e+02  6.764226e-06  7.835944e+01  1.012837e+02  2.747848e-06  1.247129e+01 
                                  0.000            90.000 
 0.7071  2.494258690e+01   2.494258690e+01   2.494258690e+01 
  733.000  7.765840e+02  6.672281e-06  7.765840e+01  1.003775e+02  2.712870e-06  1.235972e+01 
                                  0.000            90.000 
 0.7071  2.471943665e+01   2.471943665e+01   2.471943665e+01 
  734.000  7.869268e+02  6.715731e-06  7.869269e+01  1.017144e+02  2.733974e-06  1.252433e+01 
                                  0.000            90.000 
 0.7071  2.504865837e+01   2.504865837e+01   2.504865837e+01 
  735.000  7.834908e+02  6.651459e-06  7.834909e+01  1.012703e+02  2.710316e-06  1.246965e+01 
                                  0.000            90.000 
 0.7071  2.493929100e+01   2.493929100e+01   2.493929100e+01 
  736.000  7.735423e+02  6.538226e-06  7.735423e+01  9.998439e+01  2.665522e-06  1.231131e+01 
                                  0.000            90.000 
 0.7071  2.462261581e+01   2.462261581e+01   2.462261581e+01 
  737.000  7.777893e+02  6.539885e-06  7.777893e+01  1.005333e+02  2.667579e-06  1.237890e+01 
                                  0.000            90.000 
 0.7071  2.475780296e+01   2.475780296e+01   2.475780296e+01 
  738.000  7.721547e+02  6.456945e-06  7.721548e+01  9.980504e+01  2.635267e-06  1.228922e+01 
                                  0.000            90.000 
 0.7071  2.457844734e+01   2.457844734e+01   2.457844734e+01 
  739.000  7.615219e+02  6.331467e-06  7.615219e+01  9.843069e+01  2.585526e-06  1.212000e+01 
                                  0.000            90.000 
 0.7071  2.423999405e+01   2.423999405e+01   2.423999405e+01 
  740.000  7.626362e+02  6.313974e-06  7.626362e+01  9.857471e+01  2.579544e-06  1.213773e+01 
                                  0.000            90.000 
 0.7071  2.427546310e+01   2.427546310e+01   2.427546310e+01 
  741.000  7.540353e+02  6.208637e-06  7.540353e+01  9.746301e+01  2.537932e-06  1.200084e+01 
                                  0.000            90.000 
 0.7071  2.400168991e+01   2.400168991e+01   2.400168991e+01 
  742.000  7.443870e+02  6.080316e-06  7.443871e+01  9.621592e+01  2.487504e-06  1.184729e+01 
                                  0.000            90.000 
 0.7071  2.369457436e+01   2.369457436e+01   2.369457436e+01 
  743.000  7.623923e+02  6.189421e-06  7.623922e+01  9.854319e+01  2.533759e-06  1.213385e+01 
                                  0.000            90.000 
 0.7071  2.426770020e+01   2.426770020e+01   2.426770020e+01 
  744.000  7.671378e+02  6.194805e-06  7.671378e+01  9.915659e+01  2.537398e-06  1.220938e+01 
                                  0.000            90.000 
 0.7071  2.441875648e+01   2.441875648e+01   2.441875648e+01 
  745.000  7.551853e+02  6.070141e-06  7.551853e+01  9.761165e+01  2.487698e-06  1.201915e+01 
                                  0.000            90.000 
 0.7071  2.403829384e+01   2.403829384e+01   2.403829384e+01 
  746.000  7.571519e+02  6.060840e-06  7.571519e+01  9.786584e+01  2.485657e-06  1.205045e+01 
                                  0.000            90.000 
 0.7071  2.410089302e+01   2.410089302e+01   2.410089302e+01 
  747.000  7.618795e+02  6.060902e-06  7.618795e+01  9.847692e+01  2.488359e-06  1.212569e+01 
                                  0.000            90.000 
 0.7071  2.425137901e+01   2.425137901e+01   2.425137901e+01 
  748.000  7.598939e+02  6.019816e-06  7.598938e+01  9.822026e+01  2.473292e-06  1.209409e+01 
                                  0.000            90.000 
 0.7071  2.418817329e+01   2.418817329e+01   2.418817329e+01 
  749.000  7.465861e+02  5.889313e-06  7.465862e+01  9.650017e+01  2.421465e-06  1.188229e+01 
                                  0.000            90.000 
 0.7071  2.376457596e+01   2.376457596e+01   2.376457596e+01 
  750.000  7.433203e+02  5.831560e-06  7.433203e+01  9.607804e+01  2.400044e-06  1.183031e+01 
                                  0.000            90.000 
 0.7071  2.366062164e+01   2.366062164e+01   2.366062164e+01 
  751.000  7.566545e+02  5.907744e-06  7.566546e+01  9.780157e+01  2.433631e-06  1.204253e+01 
                                  0.000            90.000 
 0.7071  2.408506393e+01   2.408506393e+01   2.408506393e+01 
  752.000  7.522981e+02  5.837144e-06  7.522981e+01  9.723846e+01  2.407496e-06  1.197320e+01 
                                  0.000            90.000 
 0.7071  2.394639206e+01   2.394639206e+01   2.394639206e+01 
  753.000  7.462700e+02  5.763836e-06  7.462701e+01  9.645931e+01  2.379410e-06  1.187726e+01 
                                  0.000            90.000 
 0.7071  2.375451279e+01   2.375451279e+01   2.375451279e+01 
  754.000  7.549578e+02  5.801183e-06  7.549578e+01  9.758224e+01  2.397247e-06  1.201553e+01 
                                  0.000            90.000 
 0.7071  2.403105354e+01   2.403105354e+01   2.403105354e+01 
  755.000  7.529561e+02  5.754748e-06  7.529561e+01  9.732351e+01  2.380503e-06  1.198367e+01 
                                  0.000            90.000 
 0.7071  2.396733475e+01   2.396733475e+01   2.396733475e+01 
  756.000  7.443746e+02  5.664428e-06  7.443746e+01  9.621432e+01  2.344598e-06  1.184709e+01 
                                  0.000            90.000 
 0.7071  2.369417953e+01   2.369417953e+01   2.369417953e+01 
  757.000  7.410110e+02  5.605458e-06  7.410110e+01  9.577956e+01  2.321956e-06  1.179356e+01 
                                  0.000            90.000 
 0.7071  2.358711243e+01   2.358711243e+01   2.358711243e+01 
  758.000  7.345665e+02  5.525325e-06  7.345666e+01  9.494657e+01  2.290425e-06  1.169099e+01 
                                  0.000            90.000 
 0.7071  2.338197899e+01   2.338197899e+01   2.338197899e+01 
  759.000  7.305001e+02  5.466330e-06  7.305001e+01  9.442095e+01  2.267427e-06  1.162627e+01 
                                  0.000            90.000 
 0.7071  2.325254250e+01   2.325254250e+01   2.325254250e+01 
  760.000  7.414454e+02  5.520806e-06  7.414454e+01  9.583571e+01  2.291398e-06  1.180047e+01 
                                  0.000            90.000 
 0.7071  2.360094070e+01   2.360094070e+01   2.360094070e+01 
  761.000  7.348698e+02  5.442509e-06  7.348698e+01  9.498576e+01  2.259742e-06  1.169582e+01 
                                  0.000            90.000 
 0.7071  2.339163208e+01   2.339163208e+01   2.339163208e+01 
  762.000  7.159952e+02  5.274116e-06  7.159953e+01  9.254613e+01  2.190580e-06  1.139542e+01 
                                  0.000            90.000 
 0.7071  2.279083633e+01   2.279083633e+01   2.279083633e+01 
  763.000  7.305887e+02  5.354036e-06  7.305887e+01  9.443240e+01  2.224585e-06  1.162768e+01 
                                  0.000            90.000 
 0.7071  2.325535965e+01   2.325535965e+01   2.325535965e+01 
  764.000  7.426436e+02  5.415368e-06  7.426436e+01  9.599057e+01  2.250760e-06  1.181954e+01 
                                  0.000            90.000 
 0.7071  2.363908195e+01   2.363908195e+01   2.363908195e+01 
  765.000  7.298419e+02  5.298875e-06  7.298419e+01  9.433588e+01  2.202886e-06  1.161580e+01 
                                  0.000            90.000 
 0.7071  2.323159027e+01   2.323159027e+01   2.323159027e+01 
  766.000  7.067872e+02  5.105502e-06  7.067873e+01  9.135596e+01  2.122789e-06  1.124887e+01 
                                  0.000            90.000 
 0.7071  2.249773788e+01   2.249773788e+01   2.249773788e+01 
  767.000  6.998456e+02  5.026008e-06  6.998457e+01  9.045872e+01  2.090001e-06  1.113839e+01 
                                  0.000            90.000 
 0.7071  2.227677917e+01   2.227677917e+01   2.227677917e+01 
  768.000  7.225712e+02  5.163492e-06  7.225713e+01  9.339611e+01  2.147512e-06  1.150008e+01 
                                  0.000            90.000 
 0.7071  2.300015640e+01   2.300015640e+01   2.300015640e+01 
  769.000  7.225829e+02  5.129159e-06  7.225829e+01  9.339762e+01  2.133576e-06  1.150026e+01 
                                  0.000            90.000 
 0.7071  2.300052834e+01   2.300052834e+01   2.300052834e+01 
  770.000  7.187618e+02  5.089114e-06  7.187618e+01  9.290373e+01  2.116989e-06  1.143945e+01 
                                  0.000            90.000 
 0.7071  2.287889862e+01   2.287889862e+01   2.287889862e+01 
  771.000  7.119075e+02  5.013624e-06  7.119075e+01  9.201777e+01  2.085409e-06  1.133036e+01 
                                  0.000            90.000 
 0.7071  2.266072083e+01   2.266072083e+01   2.266072083e+01 
  772.000  7.039047e+02  4.919062e-06  7.039047e+01  9.098337e+01  2.045460e-06  1.120299e+01 
                                  0.000            90.000 
 0.7071  2.240598488e+01   2.240598488e+01   2.240598488e+01 
  773.000  7.079874e+02  4.915509e-06  7.079874e+01  9.151108e+01  2.043464e-06  1.126797e+01 
                                  0.000            90.000 
 0.7071  2.253594017e+01   2.253594017e+01   2.253594017e+01 
  774.000  7.169402e+02  4.957425e-06  7.169402e+01  9.266827e+01  2.060562e-06  1.141046e+01 
                                  0.000            90.000 
 0.7071  2.282091522e+01   2.282091522e+01   2.282091522e+01 
  775.000  6.932230e+02  4.777594e-06  6.932230e+01  8.960270e+01  1.985569e-06  1.103299e+01 
                                  0.000            90.000 
 0.7071  2.206597328e+01   2.206597328e+01   2.206597328e+01 
  776.000  7.060424e+02  4.837849e-06  7.060424e+01  9.125967e+01  2.010327e-06  1.123701e+01 
                                  0.000            90.000 
 0.7071  2.247402573e+01   2.247402573e+01   2.247402573e+01 
  777.000  7.105425e+02  4.835304e-06  7.105426e+01  9.184134e+01  2.008996e-06  1.130864e+01 
                                  0.000            90.000 
 0.7071  2.261727142e+01   2.261727142e+01   2.261727142e+01 
  778.000  7.057301e+02  4.778179e-06  7.057301e+01  9.121931e+01  1.985063e-06  1.123204e+01 
                                  0.000            90.000 
 0.7071  2.246408463e+01   2.246408463e+01   2.246408463e+01 
  779.000  7.116270e+02  4.791613e-06  7.116270e+01  9.198151e+01  1.990428e-06  1.132590e+01 
                                  0.000            90.000 
 0.7071  2.265179062e+01   2.265179062e+01   2.265179062e+01 
  780.000  7.028219e+02  4.711265e-06  7.028219e+01  9.084341e+01  1.957213e-06  1.118576e+01 
                                  0.000            90.000 
 0.7071  2.237151718e+01   2.237151718e+01   2.237151718e+01 
  781.000  7.008257e+02  4.676619e-06  7.008257e+01  9.058538e+01  1.943844e-06  1.115399e+01 
                                  0.000            90.000 
 0.7071  2.230797386e+01   2.230797386e+01   2.230797386e+01 
  782.000  7.070343e+02  4.688988e-06  7.070343e+01  9.138788e+01  1.950595e-06  1.125280e+01 
                                  0.000            90.000 
 0.7071  2.250560188e+01   2.250560188e+01   2.250560188e+01 
  783.000  7.004650e+02  4.621933e-06  7.004651e+01  9.053877e+01  1.923994e-06  1.114825e+01 
                                  0.000            90.000 
 0.7071  2.229649544e+01   2.229649544e+01   2.229649544e+01 
  784.000  6.934545e+02  4.555866e-06  6.934544e+01  8.963261e+01  1.897558e-06  1.103667e+01 
                                  0.000            90.000 
 0.7071  2.207334137e+01   2.207334137e+01   2.207334137e+01 
  785.000  7.031605e+02  4.599676e-06  7.031606e+01  9.088717e+01  1.916972e-06  1.119115e+01 
                                  0.000            90.000 
 0.7071  2.238229370e+01   2.238229370e+01   2.238229370e+01 
  786.000  6.970876e+02  4.539869e-06  6.970876e+01  9.010222e+01  1.893111e-06  1.109449e+01 
                                  0.000            90.000 
 0.7071  2.218898773e+01   2.218898773e+01   2.218898773e+01 
  787.000  6.993738e+02  4.524936e-06  6.993738e+01  9.039772e+01  1.888598e-06  1.113088e+01 
                                  0.000            90.000 
 0.7071  2.226176071e+01   2.226176071e+01   2.226176071e+01 
  788.000  7.010446e+02  4.522129e-06  7.010446e+01  9.061368e+01  1.888170e-06  1.115747e+01 
                                  0.000            90.000 
 0.7071  2.231494331e+01   2.231494331e+01   2.231494331e+01 
  789.000  6.988257e+02  4.476936e-06  6.988257e+01  9.032688e+01  1.871060e-06  1.112216e+01 
                                  0.000            90.000 
 0.7071  2.224431419e+01   2.224431419e+01   2.224431419e+01 
  790.000  6.967111e+02  4.445491e-06  6.967111e+01  9.005356e+01  1.858943e-06  1.108850e+01 
                                  0.000            90.000 
 0.7071  2.217700386e+01   2.217700386e+01   2.217700386e+01 
  791.000  6.919695e+02  4.387161e-06  6.919695e+01  8.944068e+01  1.836354e-06  1.101304e+01 
                                  0.000            90.000 
 0.7071  2.202607346e+01   2.202607346e+01   2.202607346e+01 
  792.000  6.882089e+02  4.343605e-06  6.882089e+01  8.895461e+01  1.819394e-06  1.095319e+01 
                                  0.000            90.000 
 0.7071  2.190637016e+01   2.190637016e+01   2.190637016e+01 
  793.000  6.771411e+02  4.257427e-06  6.771411e+01  8.752403e+01  1.784407e-06  1.077704e+01 
                                  0.000            90.000 
 0.7071  2.155407143e+01   2.155407143e+01   2.155407143e+01 
  794.000  6.649539e+02  4.156911e-06  6.649540e+01  8.594878e+01  1.743870e-06  1.058307e+01 
                                  0.000            90.000 
 0.7071  2.116614151e+01   2.116614151e+01   2.116614151e+01 
  795.000  6.655180e+02  4.136206e-06  6.655180e+01  8.602169e+01  1.736571e-06  1.059205e+01 
                                  0.000            90.000 
 0.7071  2.118409729e+01   2.118409729e+01   2.118409729e+01 
  796.000  6.795937e+02  4.202899e-06  6.795937e+01  8.784103e+01  1.765368e-06  1.081607e+01 
                                  0.000            90.000 
 0.7071  2.163213730e+01   2.163213730e+01   2.163213730e+01 
  797.000  6.854098e+02  4.218410e-06  6.854098e+01  8.859280e+01  1.772534e-06  1.090864e+01 
                                  0.000            90.000 
 0.7071  2.181727409e+01   2.181727409e+01   2.181727409e+01 
  798.000  6.860157e+02  4.201235e-06  6.860156e+01  8.867111e+01  1.765956e-06  1.091828e+01 
                                  0.000            90.000 
 0.7071  2.183655739e+01   2.183655739e+01   2.183655739e+01 
  799.000  6.808043e+02  4.156817e-06  6.808042e+01  8.799751e+01  1.747705e-06  1.083534e+01 
                                  0.000            90.000 
 0.7071  2.167067146e+01   2.167067146e+01   2.167067146e+01 
  800.000  6.713018e+02  4.085558e-06  6.713017e+01  8.676926e+01  1.718208e-06  1.068410e+01 
                                  0.000            90.000 
 0.7071  2.136819649e+01   2.136819649e+01   2.136819649e+01 
