  400.000  5.788991e+02  2.420934e+02  8.209926e+01  7.482574e+01  4.824168e+01  1.306650e+01 
                                  0.000            90.000 
 0.7071  2.613300514e+01   2.613300514e+01   2.613300514e+01 
  401.000  5.796443e+02  2.398485e+02  8.194929e+01  7.492207e+01  4.787984e+01  1.304263e+01 
                                  0.000            90.000 
 0.7071  2.608526611e+01   2.608526611e+01   2.608526611e+01 
  402.000  6.033866e+02  2.464703e+02  8.498569e+01  7.799088e+01  4.931004e+01  1.352589e+01 
                                  0.000            90.000 
 0.7071  2.705178452e+01   2.705178452e+01   2.705178452e+01 
  403.000  5.713987e+02  2.305653e+02  8.019640e+01  7.385627e+01  4.622392e+01  1.276365e+01 
                                  0.000            90.000 
 0.7071  2.552730751e+01   2.552730751e+01   2.552730751e+01 
  404.000  6.148812e+02  2.447882e+02  8.596695e+01  7.947662e+01  4.918543e+01  1.368206e+01 
                                  0.000            90.000 
 0.7071  2.736412811e+01   2.736412811e+01   2.736412811e+01 
  405.000  5.983722e+02  2.351382e+02  8.335104e+01  7.734274e+01  4.734922e+01  1.326573e+01 
                                  0.000            90.000 
 0.7071  2.653145981e+01   2.653145981e+01   2.653145981e+01 
  406.000  5.661792e+02  2.197820e+02  7.859613e+01  7.318163e+01  4.435022e+01  1.250896e+01 
                                  0.000            90.000 
 0.7071  2.501792526e+01   2.501792526e+01   2.501792526e+01 
  407.000  5.759669e+02  2.206636e+02  7.966306e+01  7.444674e+01  4.462886e+01  1.267877e+01 
                                  0.000            90.000 
 0.7071  2.535753822e+01   2.535753822e+01   2.535753822e+01 
  408.000  5.977059e+02  2.262156e+02  8.239215e+01  7.725662e+01  4.584399e+01  1.311312e+01 
                                  0.000            90.000 
 0.7071  2.622623825e+01   2.622623825e+01   2.622623825e+01 
  409.000  6.460309e+02  2.414294e+02  8.874603e+01  8.350288e+01  4.903144e+01  1.412437e+01 
                                  0.000            90.000 
 0.7071  2.824873924e+01   2.824873924e+01   2.824873924e+01 
  410.000  5.205160e+02  1.921469e+02  7.126629e+01  6.727942e+01  3.910504e+01  1.134238e+01 
                                  0.000            90.000 
 0.7071  2.268476486e+01   2.268476486e+01   2.268476486e+01 
  411.000  6.372933e+02  2.320246e+02  8.693179e+01  8.237349e+01  4.733305e+01  1.383562e+01 
                                  0.000            90.000 
 0.7071  2.767124557e+01   2.767124557e+01   2.767124557e+01 
  412.000  6.555466e+02  2.359597e+02  8.915063e+01  8.473283e+01  4.823193e+01  1.418876e+01 
                                  0.000            90.000 
 0.7071  2.837752533e+01   2.837752533e+01   2.837752533e+01 
  413.000  6.211010e+02  2.208199e+02  8.419209e+01  8.028055e+01  4.523030e+01  1.339959e+01 
                                  0.000            90.000 
 0.7071  2.679917526e+01   2.679917526e+01   2.679917526e+01 
  414.000  6.556775e+02  2.302570e+02  8.859345e+01  8.474975e+01  4.726360e+01  1.410008e+01 
                                  0.000            90.000 
 0.7071  2.820016861e+01   2.820016861e+01   2.820016861e+01 
  415.000  6.438235e+02  2.233183e+02  8.671418e+01  8.321756e+01  4.593889e+01  1.380099e+01 
                                  0.000            90.000 
 0.7071  2.760198021e+01   2.760198021e+01   2.760198021e+01 
  416.000  6.763508e+02  2.317605e+02  9.081113e+01  8.742188e+01  4.777784e+01  1.445304e+01 
                                  0.000            90.000 
 0.7071  2.890608025e+01   2.890608025e+01   2.890608025e+01 
  417.000  6.342494e+02  2.148062e+02  8.490556e+01  8.198006e+01  4.437148e+01  1.351314e+01 
                                  0.000            90.000 
 0.7071  2.702627945e+01   2.702627945e+01   2.702627945e+01 
  418.000  6.376254e+02  2.132757e+02  8.509010e+01  8.241642e+01  4.415007e+01  1.354251e+01 
                                  0.000            90.000 
 0.7071  2.708502197e+01   2.708502197e+01   2.708502197e+01 
  419.000  6.537463e+02  2.158848e+02  8.696310e+01  8.450013e+01  4.478979e+01  1.384061e+01 
                                  0.000            90.000 
 0.7071  2.768121529e+01   2.768121529e+01   2.768121529e+01 
  420.000  5.858068e+02  1.912640e+02  7.770708e+01  7.571860e+01  3.975971e+01  1.236747e+01 
                                  0.000            90.000 
 0.7071  2.473493195e+01   2.473493195e+01   2.473493195e+01 
  421.000  6.887551e+02  2.221918e+02  9.109470e+01  8.902521e+01  4.628583e+01  1.449817e+01 
                                  0.000            90.000 
 0.7071  2.899634361e+01   2.899634361e+01   2.899634361e+01 
  422.000  6.869584e+02  2.189980e+02  9.059564e+01  8.879297e+01  4.571478e+01  1.441875e+01 
                                  0.000            90.000 
 0.7071  2.883749008e+01   2.883749008e+01   2.883749008e+01 
  423.000  6.157259e+02  1.939938e+02  8.097197e+01  7.958579e+01  4.057912e+01  1.288709e+01 
                                  0.000            90.000 
 0.7071  2.577417946e+01   2.577417946e+01   2.577417946e+01 
  424.000  6.029455e+02  1.877203e+02  7.906658e+01  7.793386e+01  3.934771e+01  1.258384e+01 
                                  0.000            90.000 
 0.7071  2.516767502e+01   2.516767502e+01   2.516767502e+01 
  425.000  6.100249e+02  1.876791e+02  7.977041e+01  7.884892e+01  3.942253e+01  1.269585e+01 
                                  0.000            90.000 
 0.7071  2.539170837e+01   2.539170837e+01   2.539170837e+01 
  426.000  6.624772e+02  2.016489e+02  8.641262e+01  8.562865e+01  4.243936e+01  1.375300e+01 
                                  0.000            90.000 
 0.7071  2.750599098e+01   2.750599098e+01   2.750599098e+01 
  427.000  6.186967e+02  1.860732e+02  8.047700e+01  7.996979e+01  3.924312e+01  1.280831e+01 
                                  0.000            90.000 
 0.7071  2.561662483e+01   2.561662483e+01   2.561662483e+01 
  428.000  6.207958e+02  1.845122e+02  8.053079e+01  8.024110e+01  3.899317e+01  1.281687e+01 
                                  0.000            90.000 
 0.7071  2.563374901e+01   2.563374901e+01   2.563374901e+01 
  429.000  5.588787e+02  1.642927e+02  7.231714e+01  7.223799e+01  3.478999e+01  1.150963e+01 
                                  0.000            90.000 
 0.7071  2.301925850e+01   2.301925850e+01   2.301925850e+01 
  430.000  4.785500e+02  1.391365e+02  6.176865e+01  6.185509e+01  2.952110e+01  9.830786e+00 
                                  0.000            90.000 
 0.7071  1.966157150e+01   1.966157150e+01   1.966157150e+01 
  431.000  4.011172e+02  1.152326e+02  5.163498e+01  5.184649e+01  2.449948e+01  8.217962e+00 
                                  0.000            90.000 
 0.7071  1.643592453e+01   1.643592453e+01   1.643592453e+01 
  432.000  7.171378e+02  2.036629e+02  9.208008e+01  9.269382e+01  4.339182e+01  1.465500e+01 
                                  0.000            90.000 
 0.7071  2.930999756e+01   2.930999756e+01   2.930999756e+01 
  433.000  6.842336e+02  1.920378e+02  8.762714e+01  8.844077e+01  4.100089e+01  1.394629e+01 
                                  0.000            90.000 
 0.7071  2.789258385e+01   2.789258385e+01   2.789258385e+01 
  434.000  6.428986e+02  1.784231e+02  8.213218e+01  8.309801e+01  3.816851e+01  1.307174e+01 
                                  0.000            90.000 
 0.7071  2.614348221e+01   2.614348221e+01   2.614348221e+01 
  435.000  7.075473e+02  1.942261e+02  9.017735e+01  9.145419e+01  4.162763e+01  1.435217e+01 
                                  0.000            90.000 
 0.7071  2.870433807e+01   2.870433807e+01   2.870433807e+01 
  436.000  7.822314e+02  2.122502e+02  9.944817e+01  1.011075e+02  4.558749e+01  1.582767e+01 
                                  0.000            90.000 
 0.7071  3.165533447e+01   3.165533447e+01   3.165533447e+01 
  437.000  7.745664e+02  2.079132e+02  9.824796e+01  1.001168e+02  4.474554e+01  1.563665e+01 
                                  0.000            90.000 
 0.7071  3.127329636e+01   3.127329636e+01   3.127329636e+01 
  438.000  7.066080e+02  1.876563e+02  8.942644e+01  9.133279e+01  4.046428e+01  1.423266e+01 
                                  0.000            90.000 
 0.7071  2.846531868e+01   2.846531868e+01   2.846531868e+01 
  439.000  6.367352e+02  1.670725e+02  8.038078e+01  8.230136e+01  3.609723e+01  1.279300e+01 
                                  0.000            90.000 
 0.7071  2.558599472e+01   2.558599472e+01   2.558599472e+01 
  440.000  6.887971e+02  1.788549e+02  8.676521e+01  8.903062e+01  3.871666e+01  1.380911e+01 
                                  0.000            90.000 
 0.7071  2.761822128e+01   2.761822128e+01   2.761822128e+01 
  441.000  7.352092e+02  1.888307e+02  9.240398e+01  9.502964e+01  4.094547e+01  1.470655e+01 
                                  0.000            90.000 
 0.7071  2.941310310e+01   2.941310310e+01   2.941310310e+01 
  442.000  7.782556e+02  1.976562e+02  9.759117e+01  1.005936e+02  4.293111e+01  1.553212e+01 
                                  0.000            90.000 
 0.7071  3.106423378e+01   3.106423378e+01   3.106423378e+01 
  443.000  7.613002e+02  1.911572e+02  9.524574e+01  9.840204e+01  4.153540e+01  1.515883e+01 
                                  0.000            90.000 
 0.7071  3.031766129e+01   3.031766129e+01   3.031766129e+01 
  444.000  7.720060e+02  1.916880e+02  9.636940e+01  9.978581e+01  4.177805e+01  1.533767e+01 
                                  0.000            90.000 
 0.7071  3.067533302e+01   3.067533302e+01   3.067533302e+01 
  445.000  7.678253e+02  1.884489e+02  9.562742e+01  9.924544e+01  4.113302e+01  1.521958e+01 
                                  0.000            90.000 
 0.7071  3.043915176e+01   3.043915176e+01   3.043915176e+01 
  446.000  7.152504e+02  1.736935e+02  8.889439e+01  9.244985e+01  3.797658e+01  1.414798e+01 
                                  0.000            90.000 
 0.7071  2.829596329e+01   2.829596329e+01   2.829596329e+01 
  447.000  8.052476e+02  1.937229e+02  9.989706e+01  1.040825e+02  4.245258e+01  1.589911e+01 
                                  0.000            90.000 
 0.7071  3.179821968e+01   3.179821968e+01   3.179821968e+01 
  448.000  8.478798e+02  2.016486e+02  1.049528e+02  1.095929e+02  4.429407e+01  1.670376e+01 
                                  0.000            90.000 
 0.7071  3.340752411e+01   3.340752411e+01   3.340752411e+01 
  449.000  8.230102e+02  1.937456e+02  1.016756e+02  1.063784e+02  4.265667e+01  1.618217e+01 
                                  0.000            90.000 
 0.7071  3.236434174e+01   3.236434174e+01   3.236434174e+01 
  450.000  8.545014e+02  1.991503e+02  1.053652e+02  1.104488e+02  4.394306e+01  1.676939e+01 
                                  0.000            90.000 
 0.7071  3.353877640e+01   3.353877640e+01   3.353877640e+01 
  451.000  9.107464e+02  2.101313e+02  1.120878e+02  1.177187e+02  4.646171e+01  1.783932e+01 
                                  0.000            90.000 
 0.7071  3.567864990e+01   3.567864990e+01   3.567864990e+01 
  452.000  8.565632e+02  1.955695e+02  1.052133e+02  1.107153e+02  4.333070e+01  1.674521e+01 
                                  0.000            90.000 
 0.7071  3.349042511e+01   3.349042511e+01   3.349042511e+01 
  453.000  7.672757e+02  1.732844e+02  9.405601e+01  9.917440e+01  3.846993e+01  1.496948e+01 
                                  0.000            90.000 
 0.7071  2.993895721e+01   2.993895721e+01   2.993895721e+01 
  454.000  8.185032e+02  1.828592e+02  1.001362e+02  1.057958e+02  4.067886e+01  1.593718e+01 
                                  0.000            90.000 
 0.7071  3.187435722e+01   3.187435722e+01   3.187435722e+01 
  455.000  8.538013e+02  1.887868e+02  1.042588e+02  1.103583e+02  4.207753e+01  1.659330e+01 
                                  0.000            90.000 
 0.7071  3.318660736e+01   3.318660736e+01   3.318660736e+01 
  456.000  8.634614e+02  1.890017e+02  1.052463e+02  1.116069e+02  4.220427e+01  1.675047e+01 
                                  0.000            90.000 
 0.7071  3.350094223e+01   3.350094223e+01   3.350094223e+01 
  457.000  8.972929e+02  1.943435e+02  1.091636e+02  1.159798e+02  4.348011e+01  1.737393e+01 
                                  0.000            90.000 
 0.7071  3.474786377e+01   3.474786377e+01   3.474786377e+01 
  458.000  8.531411e+02  1.828309e+02  1.035972e+02  1.102729e+02  4.097984e+01  1.648801e+01 
                                  0.000            90.000 
 0.7071  3.297601318e+01   3.297601318e+01   3.297601318e+01 
  459.000  8.747167e+02  1.855828e+02  1.060299e+02  1.130617e+02  4.167449e+01  1.687519e+01 
                                  0.000            90.000 
 0.7071  3.375038147e+01   3.375038147e+01   3.375038147e+01 
  460.000  8.663557e+02  1.819790e+02  1.048335e+02  1.119810e+02  4.093811e+01  1.668476e+01 
                                  0.000            90.000 
 0.7071  3.336952972e+01   3.336952972e+01   3.336952972e+01 
  461.000  8.741428e+02  1.818173e+02  1.055960e+02  1.129875e+02  4.097591e+01  1.680613e+01 
                                  0.000            90.000 
 0.7071  3.361225891e+01   3.361225891e+01   3.361225891e+01 
  462.000  8.603292e+02  1.769498e+02  1.037279e+02  1.112021e+02  3.996328e+01  1.650881e+01 
                                  0.000            90.000 
 0.7071  3.301761627e+01   3.301761627e+01   3.301761627e+01 
  463.000  8.702971e+02  1.772817e+02  1.047579e+02  1.124904e+02  4.010503e+01  1.667273e+01 
                                  0.000            90.000 
 0.7071  3.334546661e+01   3.334546661e+01   3.334546661e+01 
  464.000  8.680422e+02  1.750143e+02  1.043057e+02  1.121990e+02  3.966951e+01  1.660076e+01 
                                  0.000            90.000 
 0.7071  3.320151901e+01   3.320151901e+01   3.320151901e+01 
  465.000  8.421788e+02  1.682513e+02  1.010430e+02  1.088560e+02  3.820378e+01  1.608150e+01 
                                  0.000            90.000 
 0.7071  3.216299438e+01   3.216299438e+01   3.216299438e+01 
  466.000  8.810040e+02  1.740842e+02  1.055088e+02  1.138744e+02  3.960733e+01  1.679225e+01 
                                  0.000            90.000 
 0.7071  3.358449936e+01   3.358449936e+01   3.358449936e+01 
  467.000  8.429905e+02  1.648912e+02  1.007882e+02  1.089609e+02  3.758271e+01  1.604094e+01 
                                  0.000            90.000 
 0.7071  3.208187103e+01   3.208187103e+01   3.208187103e+01 
  468.000  8.817504e+02  1.708663e+02  1.052617e+02  1.139708e+02  3.901058e+01  1.675291e+01 
                                  0.000            90.000 
 0.7071  3.350582886e+01   3.350582886e+01   3.350582886e+01 
  469.000  8.869955e+02  1.700740e+02  1.057069e+02  1.146488e+02  3.888011e+01  1.682378e+01 
                                  0.000            90.000 
 0.7071  3.364756775e+01   3.364756775e+01   3.364756775e+01 
  470.000  8.632864e+02  1.638651e+02  1.027151e+02  1.115843e+02  3.749669e+01  1.634762e+01 
                                  0.000            90.000 
 0.7071  3.269524765e+01   3.269524765e+01   3.269524765e+01 
  471.000  8.648607e+02  1.624944e+02  1.027355e+02  1.117878e+02  3.727285e+01  1.635086e+01 
                                  0.000            90.000 
 0.7071  3.270172882e+01   3.270172882e+01   3.270172882e+01 
  472.000  8.952581e+02  1.664732e+02  1.061731e+02  1.157168e+02  3.820580e+01  1.689798e+01 
                                  0.000            90.000 
 0.7071  3.379595566e+01   3.379595566e+01   3.379595566e+01 
  473.000  8.704468e+02  1.599847e+02  1.030432e+02  1.125098e+02  3.670427e+01  1.639983e+01 
                                  0.000            90.000 
 0.7071  3.279965591e+01   3.279965591e+01   3.279965591e+01 
  474.000  8.677722e+02  1.576307e+02  1.025403e+02  1.121641e+02  3.612984e+01  1.631979e+01 
                                  0.000            90.000 
 0.7071  3.263958740e+01   3.263958740e+01   3.263958740e+01 
  475.000  9.044531e+02  1.622083e+02  1.066661e+02  1.169053e+02  3.711330e+01  1.697644e+01 
                                  0.000            90.000 
 0.7071  3.395288849e+01   3.395288849e+01   3.395288849e+01 
  476.000  9.013138e+02  1.596469e+02  1.060961e+02  1.164995e+02  3.648786e+01  1.688571e+01 
                                  0.000            90.000 
 0.7071  3.377142715e+01   3.377142715e+01   3.377142715e+01 
  477.000  8.928325e+02  1.565086e+02  1.049341e+02  1.154033e+02  3.577535e+01  1.670078e+01 
                                  0.000            90.000 
 0.7071  3.340156555e+01   3.340156555e+01   3.340156555e+01 
  478.000  9.304289e+02  1.615830e+02  1.092012e+02  1.202628e+02  3.700895e+01  1.737991e+01 
                                  0.000            90.000 
 0.7071  3.475981903e+01   3.475981903e+01   3.475981903e+01 
  479.000  8.792963e+02  1.515087e+02  1.030805e+02  1.136537e+02  3.483391e+01  1.640577e+01 
                                  0.000            90.000 
 0.7071  3.281154251e+01   3.281154251e+01   3.281154251e+01 
  480.000  9.138263e+02  1.563208e+02  1.070147e+02  1.181168e+02  3.612066e+01  1.703192e+01 
                                  0.000            90.000 
 0.7071  3.406384277e+01   3.406384277e+01   3.406384277e+01 
  481.000  9.003328e+02  1.529020e+02  1.053235e+02  1.163727e+02  3.552008e+01  1.676275e+01 
                                  0.000            90.000 
 0.7071  3.352550507e+01   3.352550507e+01   3.352550507e+01 
  482.000  9.322942e+02  1.570834e+02  1.089378e+02  1.205039e+02  3.666339e+01  1.733798e+01 
                                  0.000            90.000 
 0.7071  3.467596436e+01   3.467596436e+01   3.467596436e+01 
  483.000  9.167853e+02  1.531609e+02  1.069946e+02  1.184993e+02  3.587922e+01  1.702872e+01 
                                  0.000            90.000 
 0.7071  3.405744553e+01   3.405744553e+01   3.405744553e+01 
  484.000  8.901920e+02  1.474748e+02  1.037667e+02  1.150620e+02  3.463467e+01  1.651498e+01 
                                  0.000            90.000 
 0.7071  3.302996445e+01   3.302996445e+01   3.302996445e+01 
  485.000  8.729034e+02  1.431862e+02  1.016090e+02  1.128273e+02  3.366909e+01  1.617157e+01 
                                  0.000            90.000 
 0.7071  3.234313965e+01   3.234313965e+01   3.234313965e+01 
  486.000  7.713145e+02  1.254862e+02  8.968007e+01  9.969643e+01  2.956631e+01  1.427303e+01 
                                  0.000            90.000 
 0.7071  2.854605293e+01   2.854605293e+01   2.854605293e+01 
  487.000  7.885889e+02  1.270521e+02  9.156410e+01  1.019292e+02  3.001297e+01  1.457288e+01 
                                  0.000            90.000 
 0.7071  2.914575958e+01   2.914575958e+01   2.914575958e+01 
  488.000  8.648903e+02  1.381078e+02  1.002998e+02  1.117916e+02  3.267615e+01  1.596321e+01 
                                  0.000            90.000 
 0.7071  3.192642403e+01   3.192642403e+01   3.192642403e+01 
  489.000  8.257238e+02  1.305776e+02  9.563013e+01  1.067291e+02  3.095318e+01  1.522001e+01 
                                  0.000            90.000 
 0.7071  3.044001770e+01   3.044001770e+01   3.044001770e+01 
  490.000  9.419051e+02  1.475406e+02  1.089446e+02  1.217462e+02  3.504003e+01  1.733907e+01 
                                  0.000            90.000 
 0.7071  3.467813492e+01   3.467813492e+01   3.467813492e+01 
  491.000  8.768224e+02  1.361619e+02  1.012984e+02  1.133339e+02  3.239045e+01  1.612214e+01 
                                  0.000            90.000 
 0.7071  3.224428940e+01   3.224428940e+01   3.224428940e+01 
  492.000  8.231145e+02  1.266135e+02  9.497280e+01  1.063919e+02  3.017762e+01  1.511539e+01 
                                  0.000            90.000 
 0.7071  3.023078156e+01   3.023078156e+01   3.023078156e+01 
  493.000  9.077195e+02  1.382826e+02  1.046002e+02  1.173275e+02  3.301929e+01  1.664764e+01 
                                  0.000            90.000 
 0.7071  3.329528046e+01   3.329528046e+01   3.329528046e+01 
  494.000  8.736523e+02  1.318517e+02  1.005504e+02  1.129241e+02  3.153812e+01  1.600310e+01 
                                  0.000            90.000 
 0.7071  3.200619125e+01   3.200619125e+01   3.200619125e+01 
  495.000  9.660299e+02  1.444605e+02  1.110490e+02  1.248644e+02  3.461338e+01  1.767400e+01 
                                  0.000            90.000 
 0.7071  3.534800720e+01   3.534800720e+01   3.534800720e+01 
  496.000  9.159978e+02  1.358119e+02  1.051810e+02  1.183975e+02  3.259138e+01  1.674007e+01 
                                  0.000            90.000 
 0.7071  3.348014450e+01   3.348014450e+01   3.348014450e+01 
  497.000  9.120485e+02  1.339766e+02  1.046025e+02  1.178870e+02  3.220460e+01  1.664801e+01 
                                  0.000            90.000 
 0.7071  3.329601288e+01   3.329601288e+01   3.329601288e+01 
  498.000  8.658694e+02  1.261344e+02  9.920039e+01  1.119182e+02  3.036925e+01  1.578823e+01 
                                  0.000            90.000 
 0.7071  3.157646179e+01   3.157646179e+01   3.157646179e+01 
  499.000  8.958493e+02  1.291391e+02  1.024988e+02  1.157932e+02  3.114993e+01  1.631320e+01 
                                  0.000            90.000 
 0.7071  3.262639618e+01   3.262639618e+01   3.262639618e+01 
  500.000  8.819501e+02  1.259854e+02  1.007936e+02  1.139967e+02  3.043082e+01  1.604179e+01 
                                  0.000            90.000 
 0.7071  3.208358383e+01   3.208358383e+01   3.208358383e+01 
  501.000  8.720966e+02  1.234811e+02  9.955776e+01  1.127230e+02  2.986189e+01  1.584511e+01 
                                  0.000            90.000 
 0.7071  3.169022179e+01   3.169022179e+01   3.169022179e+01 
  502.000  8.420510e+02  1.179215e+02  9.599726e+01  1.088395e+02  2.846364e+01  1.527844e+01 
                                  0.000            90.000 
 0.7071  3.055687523e+01   3.055687523e+01   3.055687523e+01 
  503.000  8.934833e+02  1.236416e+02  1.017125e+02  1.154874e+02  2.973404e+01  1.618805e+01 
                                  0.000            90.000 
 0.7071  3.237609482e+01   3.237609482e+01   3.237609482e+01 
  504.000  8.769417e+02  1.196516e+02  9.965933e+01  1.133493e+02  2.850307e+01  1.586128e+01 
                                  0.000            90.000 
 0.7071  3.172255135e+01   3.172255135e+01   3.172255135e+01 
  505.000  8.967855e+02  1.218856e+02  1.018671e+02  1.159142e+02  2.939706e+01  1.621265e+01 
                                  0.000            90.000 
 0.7071  3.242530823e+01   3.242530823e+01   3.242530823e+01 
  506.000  9.511114e+02  1.280555e+02  1.079167e+02  1.229361e+02  3.092073e+01  1.717547e+01 
                                  0.000            90.000 
 0.7071  3.435094833e+01   3.435094833e+01   3.435094833e+01 
  507.000  9.012845e+02  1.200619e+02  1.021346e+02  1.164957e+02  2.893594e+01  1.625523e+01 
                                  0.000            90.000 
 0.7071  3.251046753e+01   3.251046753e+01   3.251046753e+01 
  508.000  8.544591e+02  1.131182e+02  9.675774e+01  1.104433e+02  2.745170e+01  1.539947e+01 
                                  0.000            90.000 
 0.7071  3.079894066e+01   3.079894066e+01   3.079894066e+01 
  509.000  9.256672e+02  1.215201e+02  1.047187e+02  1.196473e+02  2.960784e+01  1.666650e+01 
                                  0.000            90.000 
 0.7071  3.333300400e+01   3.333300400e+01   3.333300400e+01 
  510.000  9.146579e+02  1.192720e+02  1.033930e+02  1.182243e+02  2.917975e+01  1.645551e+01 
                                  0.000            90.000 
 0.7071  3.291101074e+01   3.291101074e+01   3.291101074e+01 
  511.000  9.142916e+02  1.182711e+02  1.032563e+02  1.181770e+02  2.904599e+01  1.643375e+01 
                                  0.000            90.000 
 0.7071  3.286749268e+01   3.286749268e+01   3.286749268e+01 
  512.000  9.408149e+02  1.207651e+02  1.061580e+02  1.216052e+02  2.972950e+01  1.689557e+01 
                                  0.000            90.000 
 0.7071  3.379114151e+01   3.379114151e+01   3.379114151e+01 
  513.000  8.799568e+02  1.119847e+02  9.919415e+01  1.137390e+02  2.764158e+01  1.578724e+01 
                                  0.000            90.000 
 0.7071  3.157448006e+01   3.157448006e+01   3.157448006e+01 
  514.000  8.719759e+02  1.100483e+02  9.820242e+01  1.127074e+02  2.721341e+01  1.562940e+01 
                                  0.000            90.000 
 0.7071  3.125880051e+01   3.125880051e+01   3.125880051e+01 
  515.000  8.623740e+02  1.078960e+02  9.702700e+01  1.114663e+02  2.673093e+01  1.544233e+01 
                                  0.000            90.000 
 0.7071  3.088465500e+01   3.088465500e+01   3.088465500e+01 
  516.000  9.251307e+02  1.147412e+02  1.039872e+02  1.195780e+02  2.847357e+01  1.655008e+01 
                                  0.000            90.000 
 0.7071  3.310015106e+01   3.310015106e+01   3.310015106e+01 
  517.000  7.538399e+02  9.258824e+01  8.464281e+01  9.743775e+01  2.301873e+01  1.347132e+01 
                                  0.000            90.000 
 0.7071  2.694264412e+01   2.694264412e+01   2.694264412e+01 
  518.000  8.312199e+02  1.013143e+02  9.325343e+01  1.074395e+02  2.522313e+01  1.484174e+01 
                                  0.000            90.000 
 0.7071  2.968348694e+01   2.968348694e+01   2.968348694e+01 
  519.000  7.911371e+02  9.553109e+01  8.866682e+01  1.022586e+02  2.382394e+01  1.411176e+01 
                                  0.000            90.000 
 0.7071  2.822352791e+01   2.822352791e+01   2.822352791e+01 
  520.000  8.788132e+02  1.052826e+02  9.840958e+01  1.135912e+02  2.629386e+01  1.566237e+01 
                                  0.000            90.000 
 0.7071  3.132474136e+01   3.132474136e+01   3.132474136e+01 
  521.000  8.938454e+02  1.060578e+02  9.999031e+01  1.155342e+02  2.653316e+01  1.591395e+01 
                                  0.000            90.000 
 0.7071  3.182790565e+01   3.182790565e+01   3.182790565e+01 
  522.000  9.173732e+02  1.080258e+02  1.025399e+02  1.185753e+02  2.706058e+01  1.631973e+01 
                                  0.000            90.000 
 0.7071  3.263946533e+01   3.263946533e+01   3.263946533e+01 
  523.000  8.675715e+02  1.012531e+02  9.688246e+01  1.121382e+02  2.540090e+01  1.541932e+01 
                                  0.000            90.000 
 0.7071  3.083864594e+01   3.083864594e+01   3.083864594e+01 
  524.000  9.361631e+02  1.083073e+02  1.044471e+02  1.210040e+02  2.717653e+01  1.662326e+01 
                                  0.000            90.000 
 0.7071  3.324652863e+01   3.324652863e+01   3.324652863e+01 
  525.000  9.292655e+02  1.065807e+02  1.035846e+02  1.201124e+02  2.675266e+01  1.648600e+01 
                                  0.000            90.000 
 0.7071  3.297200775e+01   3.297200775e+01   3.297200775e+01 
  526.000  8.792590e+02  1.000125e+02  9.792715e+01  1.136488e+02  2.517596e+01  1.558559e+01 
                                  0.000            90.000 
 0.7071  3.117117882e+01   3.117117882e+01   3.117117882e+01 
  527.000  8.061735e+02  9.072726e+01  8.969008e+01  1.042021e+02  2.284610e+01  1.427462e+01 
                                  0.000            90.000 
 0.7071  2.854923820e+01   2.854923820e+01   2.854923820e+01 
  528.000  9.230250e+02  1.030660e+02  1.026091e+02  1.193058e+02  2.597983e+01  1.633075e+01 
                                  0.000            90.000 
 0.7071  3.266149139e+01   3.266149139e+01   3.266149139e+01 
  529.000  9.275427e+02  1.026043e+02  1.030147e+02  1.198897e+02  2.588766e+01  1.639530e+01 
                                  0.000            90.000 
 0.7071  3.279059601e+01   3.279059601e+01   3.279059601e+01 
  530.000  9.184637e+02  1.007914e+02  1.019255e+02  1.187162e+02  2.547247e+01  1.622195e+01 
                                  0.000            90.000 
 0.7071  3.244389725e+01   3.244389725e+01   3.244389725e+01 
  531.000  9.723546e+02  1.058022e+02  1.078157e+02  1.256819e+02  2.677173e+01  1.715940e+01 
                                  0.000            90.000 
 0.7071  3.431879807e+01   3.431879807e+01   3.431879807e+01 
  532.000  9.219626e+02  9.949215e+01  1.021455e+02  1.191685e+02  2.521391e+01  1.625696e+01 
                                  0.000            90.000 
 0.7071  3.251391220e+01   3.251391220e+01   3.251391220e+01 
  533.000  8.040848e+02  8.605515e+01  8.901400e+01  1.039322e+02  2.184527e+01  1.416702e+01 
                                  0.000            90.000 
 0.7071  2.833403587e+01   2.833403587e+01   2.833403587e+01 
  534.000  8.603558e+02  9.133416e+01  9.516899e+01  1.112055e+02  2.322552e+01  1.514662e+01 
                                  0.000            90.000 
 0.7071  3.029323196e+01   3.029323196e+01   3.029323196e+01 
  535.000  9.011075e+02  9.496129e+01  9.960688e+01  1.164729e+02  2.419250e+01  1.585293e+01 
                                  0.000            90.000 
 0.7071  3.170585632e+01   3.170585632e+01   3.170585632e+01 
  536.000  9.532451e+02  9.954245e+01  1.052788e+02  1.232119e+02  2.541924e+01  1.675563e+01 
                                  0.000            90.000 
 0.7071  3.351126862e+01   3.351126862e+01   3.351126862e+01 
  537.000  9.067881e+02  9.394372e+01  1.000732e+02  1.172071e+02  2.403902e+01  1.592714e+01 
                                  0.000            90.000 
 0.7071  3.185428429e+01   3.185428429e+01   3.185428429e+01 
  538.000  9.426415e+02  9.686247e+01  1.039504e+02  1.218414e+02  2.483426e+01  1.654422e+01 
                                  0.000            90.000 
 0.7071  3.308843994e+01   3.308843994e+01   3.308843994e+01 
  539.000  9.254454e+02  9.418958e+01  1.019635e+02  1.196187e+02  2.415577e+01  1.622799e+01 
                                  0.000            90.000 
 0.7071  3.245598984e+01   3.245598984e+01   3.245598984e+01 
  540.000  8.612935e+02  8.707068e+01  9.483642e+01  1.113267e+02  2.235622e+01  1.509369e+01 
                                  0.000            90.000 
 0.7071  3.018737030e+01   3.018737030e+01   3.018737030e+01 
  541.000  8.504803e+02  8.496676e+01  9.354471e+01  1.099290e+02  2.163702e+01  1.488810e+01 
                                  0.000            90.000 
 0.7071  2.977620506e+01   2.977620506e+01   2.977620506e+01 
  542.000  9.079968e+02  9.010496e+01  9.981018e+01  1.173633e+02  2.303959e+01  1.588528e+01 
                                  0.000            90.000 
 0.7071  3.177056694e+01   3.177056694e+01   3.177056694e+01 
  543.000  9.177644e+02  9.040733e+01  1.008172e+02  1.186259e+02  2.328609e+01  1.604555e+01 
                                  0.000            90.000 
 0.7071  3.209110260e+01   3.209110260e+01   3.209110260e+01 
  544.000  9.339171e+02  9.122820e+01  1.025145e+02  1.207137e+02  2.347797e+01  1.631569e+01 
                                  0.000            90.000 
 0.7071  3.263138962e+01   3.263138962e+01   3.263138962e+01 
  545.000  9.359437e+02  9.076925e+01  1.026713e+02  1.209756e+02  2.342496e+01  1.634064e+01 
                                  0.000            90.000 
 0.7071  3.268128967e+01   3.268128967e+01   3.268128967e+01 
  546.000  8.887235e+02  8.538747e+01  9.741109e+01  1.148722e+02  2.198925e+01  1.550346e+01 
                                  0.000            90.000 
 0.7071  3.100691414e+01   3.100691414e+01   3.100691414e+01 
  547.000  9.230853e+02  8.799783e+01  1.011083e+02  1.193136e+02  2.275253e+01  1.609189e+01 
                                  0.000            90.000 
 0.7071  3.218377686e+01   3.218377686e+01   3.218377686e+01 
  548.000  8.906300e+02  8.429337e+01  9.749234e+01  1.151186e+02  2.192235e+01  1.551639e+01 
                                  0.000            90.000 
 0.7071  3.103277588e+01   3.103277588e+01   3.103277588e+01 
  549.000  9.077429e+02  8.538871e+01  9.931316e+01  1.173305e+02  2.223306e+01  1.580618e+01 
                                  0.000            90.000 
 0.7071  3.161236191e+01   3.161236191e+01   3.161236191e+01 
  550.000  9.135364e+02  8.516004e+01  9.986964e+01  1.180794e+02  2.222576e+01  1.589475e+01 
                                  0.000            90.000 
 0.7071  3.178949738e+01   3.178949738e+01   3.178949738e+01 
  551.000  9.090798e+02  8.427745e+01  9.933574e+01  1.175033e+02  2.206963e+01  1.580977e+01 
                                  0.000            90.000 
 0.7071  3.161954498e+01   3.161954498e+01   3.161954498e+01 
  552.000  9.368419e+02  8.606979e+01  1.022912e+02  1.210917e+02  2.257693e+01  1.628014e+01 
                                  0.000            90.000 
 0.7071  3.256028748e+01   3.256028748e+01   3.256028748e+01 
  553.000  8.958583e+02  8.165889e+01  9.775172e+01  1.157944e+02  2.146071e+01  1.555767e+01 
                                  0.000            90.000 
 0.7071  3.111533928e+01   3.111533928e+01   3.111533928e+01 
  554.000  9.228212e+02  8.342890e+01  1.006250e+02  1.192795e+02  2.196070e+01  1.601497e+01 
                                  0.000            90.000 
 0.7071  3.202993393e+01   3.202993393e+01   3.202993393e+01 
  555.000  9.297836e+02  8.336224e+01  1.013146e+02  1.201794e+02  2.197798e+01  1.612472e+01 
                                  0.000            90.000 
 0.7071  3.224943542e+01   3.224943542e+01   3.224943542e+01 
  556.000  9.149653e+02  8.143303e+01  9.963983e+01  1.182641e+02  2.149672e+01  1.585817e+01 
                                  0.000            90.000 
 0.7071  3.171634293e+01   3.171634293e+01   3.171634293e+01 
  557.000  8.950620e+02  7.900471e+01  9.740668e+01  1.156915e+02  2.088456e+01  1.550275e+01 
                                  0.000            90.000 
 0.7071  3.100550652e+01   3.100550652e+01   3.100550652e+01 
  558.000  9.091578e+02  7.960561e+01  9.887634e+01  1.175134e+02  2.107060e+01  1.573666e+01 
                                  0.000            90.000 
 0.7071  3.147331619e+01   3.147331619e+01   3.147331619e+01 
  559.000  8.818035e+02  7.667284e+01  9.584764e+01  1.139777e+02  2.031828e+01  1.525463e+01 
                                  0.000            90.000 
 0.7071  3.050925064e+01   3.050925064e+01   3.050925064e+01 
  560.000  8.941506e+02  7.707478e+01  9.712254e+01  1.155736e+02  2.045172e+01  1.545753e+01 
                                  0.000            90.000 
 0.7071  3.091506386e+01   3.091506386e+01   3.091506386e+01 
  561.000  9.228296e+02  7.892290e+01  1.001753e+02  1.192806e+02  2.096613e+01  1.594339e+01 
                                  0.000            90.000 
 0.7071  3.188677406e+01   3.188677406e+01   3.188677406e+01 
  562.000  8.667041e+02  7.349358e+01  9.401977e+01  1.120260e+02  1.954810e+01  1.496371e+01 
                                  0.000            90.000 
 0.7071  2.992742157e+01   2.992742157e+01   2.992742157e+01 
  563.000  9.238762e+02  7.774453e+01  1.001621e+02  1.194158e+02  2.069699e+01  1.594129e+01 
                                  0.000            90.000 
 0.7071  3.188257599e+01   3.188257599e+01   3.188257599e+01 
  564.000  9.048145e+02  7.551516e+01  9.803296e+01  1.169520e+02  2.011802e+01  1.560243e+01 
                                  0.000            90.000 
 0.7071  3.120485878e+01   3.120485878e+01   3.120485878e+01 
  565.000  9.160048e+02  7.586730e+01  9.918721e+01  1.183984e+02  2.021815e+01  1.578613e+01 
                                  0.000            90.000 
 0.7071  3.157226944e+01   3.157226944e+01   3.157226944e+01 
  566.000  8.521583e+02  6.992916e+01  9.220876e+01  1.101459e+02  1.862971e+01  1.467548e+01 
                                  0.000            90.000 
 0.7071  2.935095596e+01   2.935095596e+01   2.935095596e+01 
  567.000  8.908204e+02  7.246464e+01  9.632851e+01  1.151432e+02  1.926172e+01  1.533116e+01 
                                  0.000            90.000 
 0.7071  3.066231537e+01   3.066231537e+01   3.066231537e+01 
  568.000  9.088569e+02  7.321674e+01  9.820737e+01  1.174745e+02  1.933107e+01  1.563019e+01 
                                  0.000            90.000 
 0.7071  3.126037598e+01   3.126037598e+01   3.126037598e+01 
  569.000  8.860355e+02  7.021512e+01  9.562507e+01  1.145247e+02  1.819480e+01  1.521920e+01 
                                  0.000            90.000 
 0.7071  3.043840408e+01   3.043840408e+01   3.043840408e+01 
  570.000  8.899717e+02  7.001138e+01  9.599831e+01  1.150335e+02  1.823746e+01  1.527861e+01 
                                  0.000            90.000 
 0.7071  3.055721092e+01   3.055721092e+01   3.055721092e+01 
  571.000  8.672681e+02  6.763891e+01  9.349070e+01  1.120989e+02  1.764687e+01  1.487951e+01 
                                  0.000            90.000 
 0.7071  2.975901413e+01   2.975901413e+01   2.975901413e+01 
  572.000  8.931434e+02  6.885764e+01  9.620010e+01  1.154435e+02  1.776153e+01  1.531072e+01 
                                  0.000            90.000 
 0.7071  3.062144661e+01   3.062144661e+01   3.062144661e+01 
  573.000  9.124548e+02  6.981599e+01  9.822707e+01  1.179396e+02  1.802508e+01  1.563332e+01 
                                  0.000            90.000 
 0.7071  3.126664925e+01   3.126664925e+01   3.126664925e+01 
  574.000  8.989025e+02  6.800632e+01  9.669089e+01  1.161879e+02  1.742778e+01  1.538883e+01 
                                  0.000            90.000 
 0.7071  3.077766609e+01   3.077766609e+01   3.077766609e+01 
  575.000  8.837527e+02  6.624252e+01  9.499952e+01  1.142297e+02  1.697810e+01  1.511964e+01 
                                  0.000            90.000 
 0.7071  3.023928642e+01   3.023928642e+01   3.023928642e+01 
  576.000  8.944310e+02  6.642720e+01  9.608582e+01  1.156099e+02  1.700316e+01  1.529253e+01 
                                  0.000            90.000 
 0.7071  3.058506584e+01   3.058506584e+01   3.058506584e+01 
  577.000  8.954379e+02  6.603488e+01  9.614728e+01  1.157400e+02  1.690478e+01  1.530231e+01 
                                  0.000            90.000 
 0.7071  3.060462952e+01   3.060462952e+01   3.060462952e+01 
  578.000  8.846453e+02  6.479706e+01  9.494424e+01  1.143450e+02  1.668487e+01  1.511084e+01 
                                  0.000            90.000 
 0.7071  3.022168922e+01   3.022168922e+01   3.022168922e+01 
  579.000  8.641941e+02  6.292726e+01  9.271214e+01  1.117016e+02  1.630076e+01  1.475559e+01 
                                  0.000            90.000 
 0.7071  2.951118851e+01   2.951118851e+01   2.951118851e+01 
  580.000  8.904861e+02  6.458807e+01  9.550742e+01  1.151000e+02  1.682547e+01  1.520048e+01 
                                  0.000            90.000 
 0.7071  3.040095711e+01   3.040095711e+01   3.040095711e+01 
  581.000  8.928247e+02  6.444947e+01  9.572742e+01  1.154023e+02  1.689228e+01  1.523549e+01 
                                  0.000            90.000 
 0.7071  3.047098351e+01   3.047098351e+01   3.047098351e+01 
  582.000  9.153806e+02  6.575068e+01  9.811313e+01  1.183177e+02  1.733117e+01  1.561519e+01 
                                  0.000            90.000 
 0.7071  3.123037720e+01   3.123037720e+01   3.123037720e+01 
  583.000  9.156904e+02  6.550326e+01  9.811937e+01  1.183578e+02  1.739746e+01  1.561618e+01 
                                  0.000            90.000 
 0.7071  3.123236656e+01   3.123236656e+01   3.123236656e+01 
  584.000  9.132214e+02  6.488760e+01  9.781091e+01  1.180387e+02  1.737031e+01  1.556709e+01 
                                  0.000            90.000 
 0.7071  3.113417816e+01   3.113417816e+01   3.113417816e+01 
  585.000  9.071650e+02  6.416660e+01  9.713316e+01  1.172558e+02  1.723143e+01  1.545922e+01 
                                  0.000            90.000 
 0.7071  3.091844559e+01   3.091844559e+01   3.091844559e+01 
  586.000  8.786272e+02  6.181882e+01  9.404460e+01  1.135672e+02  1.668870e+01  1.496766e+01 
                                  0.000            90.000 
 0.7071  2.993532562e+01   2.993532562e+01   2.993532562e+01 
  587.000  8.996705e+02  6.268344e+01  9.623540e+01  1.162871e+02  1.681386e+01  1.531634e+01 
                                  0.000            90.000 
 0.7071  3.063267899e+01   3.063267899e+01   3.063267899e+01 
  588.000  8.911060e+02  6.089259e+01  9.519987e+01  1.151801e+02  1.583242e+01  1.515153e+01 
                                  0.000            90.000 
 0.7071  3.030305672e+01   3.030305672e+01   3.030305672e+01 
  589.000  8.164297e+02  5.450412e+01  8.709340e+01  1.055278e+02  1.376717e+01  1.386134e+01 
                                  0.000            90.000 
 0.7071  2.772268677e+01   2.772268677e+01   2.772268677e+01 
  590.000  8.268584e+02  5.457226e+01  8.814307e+01  1.068758e+02  1.369814e+01  1.402840e+01 
                                  0.000            90.000 
 0.7071  2.805680847e+01   2.805680847e+01   2.805680847e+01 
  591.000  8.748407e+02  5.787875e+01  9.327193e+01  1.130777e+02  1.478791e+01  1.484469e+01 
                                  0.000            90.000 
 0.7071  2.968938065e+01   2.968938065e+01   2.968938065e+01 
  592.000  8.510905e+02  5.556795e+01  9.066585e+01  1.100079e+02  1.409699e+01  1.442992e+01 
                                  0.000            90.000 
 0.7071  2.885983658e+01   2.885983658e+01   2.885983658e+01 
  593.000  8.653103e+02  5.702268e+01  9.223330e+01  1.118459e+02  1.502587e+01  1.467938e+01 
                                  0.000            90.000 
 0.7071  2.935876846e+01   2.935876846e+01   2.935876846e+01 
  594.000  8.733234e+02  5.671990e+01  9.300434e+01  1.128816e+02  1.472559e+01  1.480210e+01 
                                  0.000            90.000 
 0.7071  2.960420036e+01   2.960420036e+01   2.960420036e+01 
  595.000  8.626436e+02  5.523637e+01  9.178799e+01  1.115012e+02  1.407801e+01  1.460851e+01 
                                  0.000            90.000 
 0.7071  2.921702576e+01   2.921702576e+01   2.921702576e+01 
  596.000  8.820280e+02  5.694995e+01  9.389779e+01  1.140067e+02  1.502729e+01  1.494430e+01 
                                  0.000            90.000 
 0.7071  2.988859367e+01   2.988859367e+01   2.988859367e+01 
  597.000  8.931890e+02  5.734584e+01  9.505349e+01  1.154494e+02  1.516514e+01  1.512823e+01 
                                  0.000            90.000 
 0.7071  3.025646400e+01   3.025646400e+01   3.025646400e+01 
  598.000  8.806288e+02  5.628415e+01  9.369129e+01  1.138259e+02  1.500786e+01  1.491143e+01 
                                  0.000            90.000 
 0.7071  2.982286453e+01   2.982286453e+01   2.982286453e+01 
  599.000  8.739587e+02  5.564955e+01  9.296083e+01  1.129638e+02  1.499593e+01  1.479518e+01 
                                  0.000            90.000 
 0.7071  2.959035110e+01   2.959035110e+01   2.959035110e+01 
  600.000  8.843327e+02  5.617439e+01  9.405071e+01  1.143046e+02  1.537702e+01  1.496863e+01 
                                  0.000            90.000 
 0.7071  2.993726921e+01   2.993726921e+01   2.993726921e+01 
  601.000  8.629001e+02  5.466751e+01  9.175676e+01  1.115344e+02  1.515804e+01  1.460354e+01 
                                  0.000            90.000 
 0.7071  2.920708466e+01   2.920708466e+01   2.920708466e+01 
  602.000  8.640599e+02  5.432792e+01  9.183878e+01  1.116843e+02  1.513505e+01  1.461660e+01 
                                  0.000            90.000 
 0.7071  2.923319054e+01   2.923319054e+01   2.923319054e+01 
  603.000  8.669284e+02  5.423011e+01  9.211585e+01  1.120550e+02  1.518214e+01  1.466069e+01 
                                  0.000            90.000 
 0.7071  2.932138634e+01   2.932138634e+01   2.932138634e+01 
  604.000  8.989734e+02  5.590203e+01  9.548755e+01  1.161970e+02  1.575268e+01  1.519732e+01 
                                  0.000            90.000 
 0.7071  3.039463043e+01   3.039463043e+01   3.039463043e+01 
  605.000  9.009843e+02  5.562786e+01  9.566122e+01  1.164569e+02  1.571528e+01  1.522495e+01 
                                  0.000            90.000 
 0.7071  3.044990921e+01   3.044990921e+01   3.044990921e+01 
  606.000  8.951219e+02  5.486119e+01  9.499831e+01  1.156992e+02  1.552730e+01  1.511945e+01 
                                  0.000            90.000 
 0.7071  3.023890114e+01   3.023890114e+01   3.023890114e+01 
  607.000  8.845009e+02  5.388816e+01  9.383891e+01  1.143264e+02  1.528510e+01  1.493493e+01 
                                  0.000            90.000 
 0.7071  2.986985207e+01   2.986985207e+01   2.986985207e+01 
  608.000  8.941519e+02  5.408727e+01  9.482391e+01  1.155738e+02  1.536404e+01  1.509169e+01 
                                  0.000            90.000 
 0.7071  3.018338776e+01   3.018338776e+01   3.018338776e+01 
  609.000  8.876166e+02  5.334718e+01  9.409638e+01  1.147291e+02  1.517805e+01  1.497590e+01 
                                  0.000            90.000 
 0.7071  2.995180893e+01   2.995180893e+01   2.995180893e+01 
  610.000  8.741805e+02  5.219459e+01  9.263752e+01  1.129924e+02  1.487036e+01  1.474372e+01 
                                  0.000            90.000 
 0.7071  2.948743629e+01   2.948743629e+01   2.948743629e+01 
  611.000  8.746902e+02  5.191697e+01  9.266071e+01  1.130583e+02  1.480977e+01  1.474741e+01 
                                  0.000            90.000 
 0.7071  2.949482155e+01   2.949482155e+01   2.949482155e+01 
  612.000  8.879349e+02  5.228427e+01  9.402192e+01  1.147702e+02  1.493752e+01  1.496405e+01 
                                  0.000            90.000 
 0.7071  2.992810822e+01   2.992810822e+01   2.992810822e+01 
  613.000  8.701179e+02  5.087967e+01  9.209976e+01  1.124673e+02  1.455457e+01  1.465813e+01 
                                  0.000            90.000 
 0.7071  2.931626320e+01   2.931626320e+01   2.931626320e+01 
  614.000  8.615695e+02  5.002355e+01  9.115931e+01  1.113624e+02  1.432567e+01  1.450845e+01 
                                  0.000            90.000 
 0.7071  2.901690865e+01   2.901690865e+01   2.901690865e+01 
  615.000  8.683583e+02  5.009566e+01  9.184541e+01  1.122399e+02  1.435757e+01  1.461765e+01 
                                  0.000            90.000 
 0.7071  2.923529816e+01   2.923529816e+01   2.923529816e+01 
  616.000  8.393845e+02  4.806341e+01  8.874479e+01  1.084948e+02  1.378379e+01  1.412417e+01 
                                  0.000            90.000 
 0.7071  2.824834251e+01   2.824834251e+01   2.824834251e+01 
  617.000  8.238055e+02  4.688388e+01  8.706895e+01  1.064812e+02  1.344791e+01  1.385745e+01 
                                  0.000            90.000 
 0.7071  2.771490669e+01   2.771490669e+01   2.771490669e+01 
  618.000  8.790268e+02  4.958121e+01  9.286080e+01  1.136188e+02  1.421749e+01  1.477926e+01 
                                  0.000            90.000 
 0.7071  2.955851173e+01   2.955851173e+01   2.955851173e+01 
  619.000  8.874673e+02  4.970537e+01  9.371728e+01  1.147098e+02  1.424207e+01  1.491557e+01 
                                  0.000            90.000 
 0.7071  2.983113480e+01   2.983113480e+01   2.983113480e+01 
  620.000  8.780827e+02  4.879517e+01  9.268778e+01  1.134968e+02  1.396117e+01  1.475172e+01 
                                  0.000            90.000 
 0.7071  2.950343895e+01   2.950343895e+01   2.950343895e+01 
  621.000  8.958259e+02  4.941376e+01  9.452396e+01  1.157902e+02  1.411158e+01  1.504396e+01 
                                  0.000            90.000 
 0.7071  3.008791161e+01   3.008791161e+01   3.008791161e+01 
  622.000  8.750781e+02  4.792038e+01  9.229985e+01  1.131084e+02  1.365453e+01  1.468998e+01 
                                  0.000            90.000 
 0.7071  2.937995529e+01   2.937995529e+01   2.937995529e+01 
  623.000  8.687928e+02  4.709734e+01  9.158902e+01  1.122960e+02  1.337055e+01  1.457685e+01 
                                  0.000            90.000 
 0.7071  2.915369034e+01   2.915369034e+01   2.915369034e+01 
  624.000  8.451840e+02  4.552776e+01  8.907117e+01  1.092444e+02  1.289065e+01  1.417612e+01 
                                  0.000            90.000 
 0.7071  2.835223389e+01   2.835223389e+01   2.835223389e+01 
  625.000  8.460482e+02  4.509718e+01  8.911453e+01  1.093561e+02  1.271585e+01  1.418302e+01 
                                  0.000            90.000 
 0.7071  2.836603737e+01   2.836603737e+01   2.836603737e+01 
  626.000  8.328589e+02  4.394589e+01  8.768049e+01  1.076514e+02  1.231470e+01  1.395478e+01 
                                  0.000            90.000 
 0.7071  2.790956497e+01   2.790956497e+01   2.790956497e+01 
  627.000  8.598837e+02  4.489991e+01  9.047836e+01  1.111445e+02  1.246340e+01  1.440008e+01 
                                  0.000            90.000 
 0.7071  2.880015373e+01   2.880015373e+01   2.880015373e+01 
  628.000  8.364854e+02  4.259227e+01  8.790777e+01  1.081201e+02  1.136240e+01  1.399096e+01 
                                  0.000            90.000 
 0.7071  2.798191261e+01   2.798191261e+01   2.798191261e+01 
  629.000  8.620936e+02  4.389314e+01  9.059867e+01  1.114301e+02  1.180832e+01  1.441923e+01 
                                  0.000            90.000 
 0.7071  2.883845329e+01   2.883845329e+01   2.883845329e+01 
  630.000  8.481953e+02  4.303026e+01  8.912256e+01  1.096337e+02  1.162403e+01  1.418430e+01 
                                  0.000            90.000 
 0.7071  2.836859131e+01   2.836859131e+01   2.836859131e+01 
  631.000  8.501909e+02  4.313037e+01  8.933213e+01  1.098916e+02  1.189217e+01  1.421765e+01 
                                  0.000            90.000 
 0.7071  2.843530083e+01   2.843530083e+01   2.843530083e+01 
  632.000  8.280600e+02  4.171805e+01  8.697781e+01  1.070311e+02  1.152626e+01  1.384295e+01 
                                  0.000            90.000 
 0.7071  2.768589592e+01   2.768589592e+01   2.768589592e+01 
  633.000  8.596868e+02  4.323410e+01  9.029209e+01  1.111190e+02  1.206967e+01  1.437043e+01 
                                  0.000            90.000 
 0.7071  2.874086571e+01   2.874086571e+01   2.874086571e+01 
  634.000  8.420767e+02  4.212928e+01  8.842060e+01  1.088428e+02  1.184649e+01  1.407258e+01 
                                  0.000            90.000 
 0.7071  2.814515114e+01   2.814515114e+01   2.814515114e+01 
  635.000  8.610551e+02  4.291216e+01  9.039673e+01  1.112959e+02  1.215895e+01  1.438709e+01 
                                  0.000            90.000 
 0.7071  2.877417183e+01   2.877417183e+01   2.877417183e+01 
  636.000  8.438620e+02  4.181005e+01  8.856720e+01  1.090736e+02  1.187706e+01  1.409591e+01 
                                  0.000            90.000 
 0.7071  2.819181824e+01   2.819181824e+01   2.819181824e+01 
  637.000  8.617516e+02  4.248762e+01  9.042391e+01  1.113859e+02  1.215831e+01  1.439141e+01 
                                  0.000            90.000 
 0.7071  2.878282738e+01   2.878282738e+01   2.878282738e+01 
  638.000  8.775624e+02  4.308327e+01  9.206458e+01  1.134295e+02  1.247083e+01  1.465253e+01 
                                  0.000            90.000 
 0.7071  2.930506516e+01   2.930506516e+01   2.930506516e+01 
  639.000  8.625243e+02  4.216352e+01  9.046878e+01  1.114858e+02  1.225826e+01  1.439855e+01 
                                  0.000            90.000 
 0.7071  2.879710770e+01   2.879710770e+01   2.879710770e+01 
  640.000  8.398213e+02  4.089665e+01  8.807179e+01  1.085513e+02  1.195855e+01  1.401706e+01 
                                  0.000            90.000 
 0.7071  2.803412247e+01   2.803412247e+01   2.803412247e+01 
  641.000  8.480783e+02  4.098524e+01  8.890636e+01  1.096186e+02  1.198572e+01  1.414989e+01 
                                  0.000            90.000 
 0.7071  2.829977417e+01   2.829977417e+01   2.829977417e+01 
  642.000  8.620171e+02  4.153552e+01  9.035526e+01  1.114202e+02  1.226169e+01  1.438049e+01 
                                  0.000            90.000 
 0.7071  2.876097488e+01   2.876097488e+01   2.876097488e+01 
  643.000  8.644634e+02  4.134385e+01  9.058073e+01  1.117364e+02  1.220027e+01  1.441637e+01 
                                  0.000            90.000 
 0.7071  2.883274269e+01   2.883274269e+01   2.883274269e+01 
  644.000  8.494612e+02  4.040998e+01  8.898712e+01  1.097973e+02  1.196414e+01  1.416274e+01 
                                  0.000            90.000 
 0.7071  2.832547951e+01   2.832547951e+01   2.832547951e+01 
  645.000  8.469885e+02  3.989656e+01  8.868851e+01  1.094777e+02  1.172241e+01  1.411522e+01 
                                  0.000            90.000 
 0.7071  2.823043060e+01   2.823043060e+01   2.823043060e+01 
  646.000  8.457021e+02  3.921302e+01  8.849151e+01  1.093114e+02  1.117539e+01  1.408386e+01 
                                  0.000            90.000 
 0.7071  2.816772461e+01   2.816772461e+01   2.816772461e+01 
  647.000  8.310858e+02  3.794847e+01  8.690342e+01  1.074222e+02  1.063327e+01  1.383111e+01 
                                  0.000            90.000 
 0.7071  2.766221809e+01   2.766221809e+01   2.766221809e+01 
  648.000  8.226348e+02  3.684068e+01  8.594755e+01  1.063298e+02  1.005659e+01  1.367898e+01 
                                  0.000            90.000 
 0.7071  2.735795212e+01   2.735795212e+01   2.735795212e+01 
  649.000  8.207339e+02  3.672716e+01  8.574611e+01  1.060842e+02  1.019853e+01  1.364692e+01 
                                  0.000            90.000 
 0.7071  2.729383278e+01   2.729383278e+01   2.729383278e+01 
  650.000  8.168108e+02  3.672015e+01  8.535309e+01  1.055771e+02  1.048389e+01  1.358437e+01 
                                  0.000            90.000 
 0.7071  2.716873360e+01   2.716873360e+01   2.716873360e+01 
  651.000  8.458485e+02  3.799330e+01  8.838418e+01  1.093303e+02  1.101153e+01  1.406678e+01 
                                  0.000            90.000 
 0.7071  2.813355637e+01   2.813355637e+01   2.813355637e+01 
  652.000  8.313039e+02  3.669244e+01  8.679964e+01  1.074504e+02  1.026217e+01  1.381459e+01 
                                  0.000            90.000 
 0.7071  2.762918091e+01   2.762918091e+01   2.762918091e+01 
  653.000  8.497905e+02  3.783736e+01  8.876279e+01  1.098399e+02  1.098165e+01  1.412704e+01 
                                  0.000            90.000 
 0.7071  2.825407410e+01   2.825407410e+01   2.825407410e+01 
  654.000  8.422322e+02  3.712366e+01  8.793558e+01  1.088629e+02  1.072394e+01  1.399538e+01 
                                  0.000            90.000 
 0.7071  2.799076462e+01   2.799076462e+01   2.799076462e+01 
  655.000  8.239269e+02  3.581859e+01  8.597455e+01  1.064969e+02  1.023474e+01  1.368327e+01 
                                  0.000            90.000 
 0.7071  2.736654663e+01   2.736654663e+01   2.736654663e+01 
  656.000  7.221365e+02  3.139656e+01  7.535331e+01  9.333992e+01  9.099119e+00  1.199285e+01 
                                  0.000            90.000 
 0.7071  2.398570251e+01   2.398570251e+01   2.398570251e+01 
  657.000  7.476196e+02  3.224299e+01  7.798627e+01  9.663374e+01  9.347827e+00  1.241190e+01 
                                  0.000            90.000 
 0.7071  2.482379723e+01   2.482379723e+01   2.482379723e+01 
  658.000  8.230236e+02  3.553593e+01  8.585596e+01  1.063801e+02  1.050086e+01  1.366440e+01 
                                  0.000            90.000 
 0.7071  2.732880211e+01   2.732880211e+01   2.732880211e+01 
  659.000  8.293818e+02  3.571127e+01  8.650931e+01  1.072019e+02  1.065691e+01  1.376838e+01 
                                  0.000            90.000 
 0.7071  2.753676987e+01   2.753676987e+01   2.753676987e+01 
  660.000  8.275479e+02  3.550732e+01  8.630552e+01  1.069649e+02  1.073222e+01  1.373595e+01 
                                  0.000            90.000 
 0.7071  2.747189903e+01   2.747189903e+01   2.747189903e+01 
  661.000  8.492734e+02  3.624531e+01  8.855187e+01  1.097730e+02  1.102687e+01  1.409347e+01 
                                  0.000            90.000 
 0.7071  2.818693542e+01   2.818693542e+01   2.818693542e+01 
  662.000  8.507278e+02  3.618480e+01  8.869125e+01  1.099610e+02  1.106607e+01  1.411565e+01 
                                  0.000            90.000 
 0.7071  2.823130417e+01   2.823130417e+01   2.823130417e+01 
  663.000  8.460648e+02  3.571822e+01  8.817831e+01  1.093583e+02  1.089818e+01  1.403401e+01 
                                  0.000            90.000 
 0.7071  2.806802750e+01   2.806802750e+01   2.806802750e+01 
  664.000  8.386890e+02  3.520185e+01  8.738908e+01  1.084049e+02  1.079359e+01  1.390840e+01 
                                  0.000            90.000 
 0.7071  2.781680870e+01   2.781680870e+01   2.781680870e+01 
  665.000  8.361407e+02  3.491331e+01  8.710540e+01  1.080756e+02  1.070639e+01  1.386326e+01 
                                  0.000            90.000 
 0.7071  2.772651100e+01   2.772651100e+01   2.772651100e+01 
  666.000  8.355159e+02  3.467503e+01  8.701910e+01  1.079948e+02  1.068181e+01  1.384952e+01 
                                  0.000            90.000 
 0.7071  2.769903564e+01   2.769903564e+01   2.769903564e+01 
  667.000  8.266609e+02  3.407923e+01  8.607402e+01  1.068503e+02  1.052667e+01  1.369911e+01 
                                  0.000            90.000 
 0.7071  2.739821053e+01   2.739821053e+01   2.739821053e+01 
  668.000  8.456866e+02  3.467645e+01  8.803631e+01  1.093094e+02  1.073993e+01  1.401141e+01 
                                  0.000            90.000 
 0.7071  2.802282906e+01   2.802282906e+01   2.802282906e+01 
  669.000  8.432403e+02  3.437236e+01  8.776127e+01  1.089932e+02  1.065989e+01  1.396764e+01 
                                  0.000            90.000 
 0.7071  2.793527985e+01   2.793527985e+01   2.793527985e+01 
  670.000  8.368165e+02  3.391685e+01  8.707334e+01  1.081629e+02  1.054225e+01  1.385815e+01 
                                  0.000            90.000 
 0.7071  2.771630287e+01   2.771630287e+01   2.771630287e+01 
  671.000  8.332009e+02  3.353201e+01  8.667329e+01  1.076956e+02  1.043996e+01  1.379448e+01 
                                  0.000            90.000 
 0.7071  2.758896446e+01   2.758896446e+01   2.758896446e+01 
  672.000  8.209191e+02  3.287174e+01  8.537909e+01  1.061081e+02  1.024536e+01  1.358850e+01 
                                  0.000            90.000 
 0.7071  2.717700768e+01   2.717700768e+01   2.717700768e+01 
  673.000  8.259655e+02  3.286485e+01  8.588304e+01  1.067604e+02  1.025696e+01  1.366871e+01 
                                  0.000            90.000 
 0.7071  2.733741951e+01   2.733741951e+01   2.733741951e+01 
  674.000  8.315477e+02  3.288841e+01  8.644362e+01  1.074819e+02  1.027758e+01  1.375793e+01 
                                  0.000            90.000 
 0.7071  2.751585770e+01   2.751585770e+01   2.751585770e+01 
  675.000  8.278730e+02  3.253645e+01  8.604095e+01  1.070069e+02  1.018144e+01  1.369384e+01 
                                  0.000            90.000 
 0.7071  2.738768578e+01   2.738768578e+01   2.738768578e+01 
  676.000  8.272536e+02  3.232090e+01  8.595745e+01  1.069269e+02  1.012454e+01  1.368055e+01 
                                  0.000            90.000 
 0.7071  2.736110497e+01   2.736110497e+01   2.736110497e+01 
  677.000  8.248938e+02  3.203352e+01  8.569273e+01  1.066218e+02  1.004947e+01  1.363842e+01 
                                  0.000            90.000 
 0.7071  2.727684402e+01   2.727684402e+01   2.727684402e+01 
  678.000  8.217679e+02  3.172151e+01  8.534895e+01  1.062178e+02  9.964314e+00  1.358371e+01 
                                  0.000            90.000 
 0.7071  2.716741180e+01   2.716741180e+01   2.716741180e+01 
  679.000  8.211487e+02  3.148958e+01  8.526383e+01  1.061378e+02  9.904229e+00  1.357016e+01 
                                  0.000            90.000 
 0.7071  2.714032173e+01   2.714032173e+01   2.714032173e+01 
  680.000  8.185567e+02  3.118161e+01  8.497383e+01  1.058027e+02  9.812542e+00  1.352400e+01 
                                  0.000            90.000 
 0.7071  2.704800987e+01   2.704800987e+01   2.704800987e+01 
  681.000  8.135529e+02  3.080052e+01  8.443535e+01  1.051560e+02  9.682454e+00  1.343830e+01 
                                  0.000            90.000 
 0.7071  2.687660408e+01   2.687660408e+01   2.687660408e+01 
  682.000  8.149108e+02  3.067168e+01  8.455825e+01  1.053315e+02  9.665627e+00  1.345786e+01 
                                  0.000            90.000 
 0.7071  2.691572571e+01   2.691572571e+01   2.691572571e+01 
  683.000  8.116105e+02  3.032446e+01  8.419350e+01  1.049049e+02  9.523284e+00  1.339981e+01 
                                  0.000            90.000 
 0.7071  2.679962540e+01   2.679962540e+01   2.679962540e+01 
  684.000  8.127977e+02  3.019199e+01  8.429898e+01  1.050584e+02  9.484604e+00  1.341660e+01 
                                  0.000            90.000 
 0.7071  2.683319664e+01   2.683319664e+01   2.683319664e+01 
  685.000  8.104017e+02  2.997445e+01  8.403761e+01  1.047487e+02  9.450767e+00  1.337500e+01 
                                  0.000            90.000 
 0.7071  2.675000381e+01   2.675000381e+01   2.675000381e+01 
  686.000  7.889932e+02  2.887069e+01  8.178639e+01  1.019815e+02  9.039728e+00  1.301671e+01 
                                  0.000            90.000 
 0.7071  2.603341675e+01   2.603341675e+01   2.603341675e+01 
  687.000  5.874064e+02  1.964985e+01  6.070563e+01  7.592535e+01  5.130102e+00  9.661600e+00 
                                  0.000            90.000 
 0.7071  1.932320023e+01   1.932320023e+01   1.932320023e+01 
  688.000  6.665950e+02  2.210233e+01  6.886973e+01  8.616090e+01  5.657215e+00  1.096096e+01 
                                  0.000            90.000 
 0.7071  2.192191887e+01   2.192191887e+01   2.192191887e+01 
  689.000  7.132612e+02  2.427196e+01  7.375332e+01  9.219275e+01  6.692917e+00  1.173821e+01 
                                  0.000            90.000 
 0.7071  2.347641182e+01   2.347641182e+01   2.347641182e+01 
  690.000  7.215974e+02  2.422995e+01  7.458273e+01  9.327024e+01  6.592545e+00  1.187021e+01 
                                  0.000            90.000 
 0.7071  2.374042130e+01   2.374042130e+01   2.374042130e+01 
  691.000  7.441272e+02  2.538179e+01  7.695091e+01  9.618235e+01  7.230564e+00  1.224712e+01 
                                  0.000            90.000 
 0.7071  2.449423218e+01   2.449423218e+01   2.449423218e+01 
  692.000  7.561790e+02  2.585514e+01  7.820342e+01  9.774010e+01  7.473567e+00  1.244646e+01 
                                  0.000            90.000 
 0.7071  2.489292145e+01   2.489292145e+01   2.489292145e+01 
  693.000  7.439775e+02  2.494918e+01  7.689267e+01  9.616298e+01  6.961253e+00  1.223785e+01 
                                  0.000            90.000 
 0.7071  2.447569656e+01   2.447569656e+01   2.447569656e+01 
  694.000  7.313075e+02  2.403467e+01  7.553422e+01  9.452531e+01  6.472723e+00  1.202164e+01 
                                  0.000            90.000 
 0.7071  2.404328918e+01   2.404328918e+01   2.404328918e+01 
  695.000  7.415720e+02  2.459316e+01  7.661652e+01  9.585206e+01  6.892783e+00  1.219390e+01 
                                  0.000            90.000 
 0.7071  2.438779259e+01   2.438779259e+01   2.438779259e+01 
  696.000  7.477900e+02  2.480027e+01  7.725903e+01  9.665578e+01  7.047020e+00  1.229616e+01 
                                  0.000            90.000 
 0.7071  2.459231567e+01   2.459231567e+01   2.459231567e+01 
  697.000  7.766370e+02  2.616309e+01  8.028001e+01  1.003844e+02  7.827188e+00  1.277696e+01 
                                  0.000            90.000 
 0.7071  2.555391884e+01   2.555391884e+01   2.555391884e+01 
  698.000  7.710608e+02  2.586036e+01  7.969212e+01  9.966364e+01  7.742518e+00  1.268339e+01 
                                  0.000            90.000 
 0.7071  2.536678886e+01   2.536678886e+01   2.536678886e+01 
  699.000  7.497118e+02  2.441806e+01  7.741299e+01  9.690418e+01  6.904141e+00  1.232066e+01 
                                  0.000            90.000 
 0.7071  2.464132118e+01   2.464132118e+01   2.464132118e+01 
  700.000  7.460414e+02  2.418618e+01  7.702276e+01  9.642976e+01  6.899063e+00  1.225855e+01 
                                  0.000            90.000 
 0.7071  2.451710701e+01   2.451710701e+01   2.451710701e+01 
  701.000  7.338682e+02  2.338384e+01  7.572520e+01  9.485630e+01  6.487732e+00  1.205204e+01 
                                  0.000            90.000 
 0.7071  2.410408020e+01   2.410408020e+01   2.410408020e+01 
  702.000  7.381480e+02  2.356473e+01  7.617127e+01  9.540950e+01  6.660980e+00  1.212304e+01 
                                  0.000            90.000 
 0.7071  2.424607086e+01   2.424607086e+01   2.424607086e+01 
  703.000  7.456174e+02  2.383356e+01  7.694510e+01  9.637495e+01  6.922374e+00  1.224619e+01 
                                  0.000            90.000 
 0.7071  2.449238396e+01   2.449238396e+01   2.449238396e+01 
  704.000  7.565032e+02  2.424731e+01  7.807505e+01  9.778200e+01  7.212132e+00  1.242603e+01 
                                  0.000            90.000 
 0.7071  2.485205841e+01   2.485205841e+01   2.485205841e+01 
  705.000  7.677033e+02  2.447741e+01  7.921807e+01  9.922966e+01  7.176727e+00  1.260795e+01 
                                  0.000            90.000 
 0.7071  2.521589470e+01   2.521589470e+01   2.521589470e+01 
  706.000  7.608057e+02  2.406387e+01  7.848695e+01  9.833812e+01  7.062463e+00  1.249159e+01 
                                  0.000            90.000 
 0.7071  2.498317528e+01   2.498317528e+01   2.498317528e+01 
  707.000  7.519915e+02  2.373131e+01  7.757227e+01  9.719883e+01  6.943476e+00  1.234601e+01 
                                  0.000            90.000 
 0.7071  2.469202423e+01   2.469202423e+01   2.469202423e+01 
  708.000  7.694943e+02  2.427921e+01  7.937735e+01  9.946116e+01  7.203325e+00  1.263330e+01 
                                  0.000            90.000 
 0.7071  2.526659393e+01   2.526659393e+01   2.526659393e+01 
  709.000  7.636439e+02  2.395417e+01  7.875981e+01  9.870497e+01  7.128119e+00  1.253501e+01 
                                  0.000            90.000 
 0.7071  2.507002640e+01   2.507002640e+01   2.507002640e+01 
  710.000  7.676057e+02  2.388458e+01  7.914902e+01  9.921705e+01  7.058532e+00  1.259696e+01 
                                  0.000            90.000 
 0.7071  2.519391823e+01   2.519391823e+01   2.519391823e+01 
  711.000  7.650422e+02  2.376720e+01  7.888094e+01  9.888570e+01  7.157424e+00  1.255429e+01 
                                  0.000            90.000 
 0.7071  2.510858154e+01   2.510858154e+01   2.510858154e+01 
  712.000  7.583682e+02  2.350751e+01  7.818758e+01  9.802307e+01  7.221352e+00  1.244394e+01 
                                  0.000            90.000 
 0.7071  2.488787842e+01   2.488787842e+01   2.488787842e+01 
  713.000  7.514296e+02  2.313260e+01  7.745622e+01  9.712621e+01  7.051816e+00  1.232754e+01 
                                  0.000            90.000 
 0.7071  2.465508080e+01   2.465508080e+01   2.465508080e+01 
  714.000  7.606588e+02  2.327931e+01  7.839381e+01  9.831912e+01  7.046293e+00  1.247676e+01 
                                  0.000            90.000 
 0.7071  2.495352364e+01   2.495352364e+01   2.495352364e+01 
  715.000  7.364989e+02  2.211751e+01  7.586165e+01  9.519633e+01  6.501120e+00  1.207376e+01 
                                  0.000            90.000 
 0.7071  2.414751053e+01   2.414751053e+01   2.414751053e+01 
  716.000  7.264581e+02  2.147380e+01  7.479320e+01  9.389851e+01  6.203094e+00  1.190371e+01 
                                  0.000            90.000 
 0.7071  2.380741310e+01   2.380741310e+01   2.380741310e+01 
  717.000  6.698307e+02  1.856162e+01  6.883924e+01  8.657913e+01  4.590592e+00  1.095611e+01 
                                  0.000            90.000 
 0.7071  2.191221046e+01   2.191221046e+01   2.191221046e+01 
  718.000  5.959006e+02  1.625694e+01  6.121575e+01  7.702327e+01  3.869377e+00  9.742789e+00 
                                  0.000            90.000 
 0.7071  1.948557854e+01   1.948557854e+01   1.948557854e+01 
  719.000  5.444252e+02  1.456538e+01  5.589906e+01  7.036981e+01  3.384178e+00  8.896612e+00 
                                  0.000            90.000 
 0.7071  1.779322433e+01   1.779322433e+01   1.779322433e+01 
  720.000  5.746530e+02  1.511700e+01  5.897699e+01  7.427690e+01  3.399466e+00  9.386480e+00 
                                  0.000            90.000 
 0.7071  1.877296066e+01   1.877296066e+01   1.877296066e+01 
  721.000  6.346576e+02  1.735575e+01  6.520133e+01  8.203281e+01  4.432055e+00  1.037712e+01 
                                  0.000            90.000 
 0.7071  2.075423050e+01   2.075423050e+01   2.075423050e+01 
  722.000  7.011600e+02  1.964397e+01  7.208040e+01  9.062860e+01  5.371588e+00  1.147195e+01 
                                  0.000            90.000 
 0.7071  2.294390488e+01   2.294390488e+01   2.294390488e+01 
  723.000  6.770373e+02  1.866598e+01  6.957032e+01  8.751061e+01  5.000944e+00  1.107246e+01 
                                  0.000            90.000 
 0.7071  2.214492416e+01   2.214492416e+01   2.214492416e+01 
  724.000  6.010010e+02  1.587498e+01  6.168760e+01  7.768253e+01  3.841272e+00  9.817888e+00 
                                  0.000            90.000 
 0.7071  1.963577652e+01   1.963577652e+01   1.963577652e+01 
  725.000  6.042262e+02  1.577698e+01  6.200032e+01  7.809940e+01  3.791148e+00  9.867659e+00 
                                  0.000            90.000 
 0.7071  1.973531723e+01   1.973531723e+01   1.973531723e+01 
  726.000  6.568218e+02  1.723787e+01  6.740598e+01  8.489766e+01  4.262439e+00  1.072799e+01 
                                  0.000            90.000 
 0.7071  2.145598793e+01   2.145598793e+01   2.145598793e+01 
  727.000  6.311868e+02  1.639388e+01  6.475807e+01  8.158421e+01  4.025814e+00  1.030657e+01 
                                  0.000            90.000 
 0.7071  2.061313629e+01   2.061313629e+01   2.061313629e+01 
  728.000  6.274544e+02  1.631779e+01  6.437723e+01  8.110177e+01  4.086073e+00  1.024595e+01 
                                  0.000            90.000 
 0.7071  2.049190712e+01   2.049190712e+01   2.049190712e+01 
  729.000  6.223447e+02  1.598057e+01  6.383253e+01  8.044131e+01  3.932289e+00  1.015926e+01 
                                  0.000            90.000 
 0.7071  2.031852341e+01   2.031852341e+01   2.031852341e+01 
  730.000  6.505242e+02  1.680610e+01  6.673304e+01  8.408366e+01  4.278416e+00  1.062089e+01 
                                  0.000            90.000 
 0.7071  2.124178314e+01   2.124178314e+01   2.124178314e+01 
  731.000  6.274680e+02  1.591996e+01  6.433879e+01  8.110354e+01  3.906525e+00  1.023984e+01 
                                  0.000            90.000 
 0.7071  2.047967529e+01   2.047967529e+01   2.047967529e+01 
  732.000  6.701359e+02  1.742666e+01  6.875626e+01  8.661858e+01  4.646218e+00  1.094290e+01 
                                  0.000            90.000 
 0.7071  2.188579559e+01   2.188579559e+01   2.188579559e+01 
  733.000  6.926273e+02  1.836934e+01  7.109966e+01  8.952570e+01  5.217180e+00  1.131586e+01 
                                  0.000            90.000 
 0.7071  2.263172340e+01   2.263172340e+01   2.263172340e+01 
  734.000  7.213723e+02  1.935306e+01  7.407253e+01  9.324115e+01  5.796338e+00  1.178901e+01 
                                  0.000            90.000 
 0.7071  2.357802010e+01   2.357802010e+01   2.357802010e+01 
  735.000  7.072838e+02  1.865968e+01  7.259435e+01  9.142013e+01  5.441947e+00  1.155375e+01 
                                  0.000            90.000 
 0.7071  2.310750008e+01   2.310750008e+01   2.310750008e+01 
  736.000  7.071372e+02  1.868436e+01  7.258215e+01  9.140118e+01  5.502872e+00  1.155181e+01 
                                  0.000            90.000 
 0.7071  2.310361671e+01   2.310361671e+01   2.310361671e+01 
  737.000  7.100181e+02  1.863924e+01  7.286574e+01  9.177356e+01  5.484277e+00  1.159694e+01 
                                  0.000            90.000 
 0.7071  2.319388580e+01   2.319388580e+01   2.319388580e+01 
  738.000  7.140950e+02  1.880875e+01  7.329037e+01  9.230051e+01  5.658988e+00  1.166453e+01 
                                  0.000            90.000 
 0.7071  2.332905006e+01   2.332905006e+01   2.332905006e+01 
  739.000  7.073180e+02  1.862104e+01  7.259390e+01  9.142455e+01  5.723641e+00  1.155368e+01 
                                  0.000            90.000 
 0.7071  2.310735703e+01   2.310735703e+01   2.310735703e+01 
  740.000  7.189622e+02  1.904900e+01  7.380112e+01  9.292963e+01  5.966158e+00  1.174581e+01 
                                  0.000            90.000 
 0.7071  2.349162674e+01   2.349162674e+01   2.349162674e+01 
  741.000  7.135618e+02  1.889516e+01  7.324570e+01  9.223160e+01  6.040987e+00  1.165741e+01 
                                  0.000            90.000 
 0.7071  2.331482887e+01   2.331482887e+01   2.331482887e+01 
  742.000  7.059070e+02  1.858915e+01  7.244961e+01  9.124217e+01  6.022155e+00  1.153071e+01 
                                  0.000            90.000 
 0.7071  2.306142807e+01   2.306142807e+01   2.306142807e+01 
  743.000  7.241311e+02  1.898717e+01  7.431183e+01  9.359773e+01  6.208286e+00  1.182709e+01 
                                  0.000            90.000 
 0.7071  2.365418816e+01   2.365418816e+01   2.365418816e+01 
  744.000  7.302013e+02  1.909880e+01  7.493001e+01  9.438234e+01  6.328517e+00  1.192548e+01 
                                  0.000            90.000 
 0.7071  2.385096359e+01   2.385096359e+01   2.385096359e+01 
  745.000  7.203420e+02  1.881204e+01  7.391541e+01  9.310798e+01  6.325732e+00  1.176400e+01 
                                  0.000            90.000 
 0.7071  2.352800560e+01   2.352800560e+01   2.352800560e+01 
  746.000  7.226469e+02  1.880295e+01  7.414497e+01  9.340588e+01  6.344812e+00  1.180054e+01 
                                  0.000            90.000 
 0.7071  2.360107994e+01   2.360107994e+01   2.360107994e+01 
  747.000  7.275194e+02  1.881307e+01  7.463326e+01  9.403570e+01  6.364886e+00  1.187825e+01 
                                  0.000            90.000 
 0.7071  2.375650406e+01   2.375650406e+01   2.375650406e+01 
  748.000  7.258459e+02  1.869047e+01  7.445364e+01  9.381938e+01  6.332657e+00  1.184966e+01 
                                  0.000            90.000 
 0.7071  2.369932938e+01   2.369932938e+01   2.369932938e+01 
  749.000  7.133521e+02  1.829075e+01  7.316428e+01  9.220448e+01  6.208008e+00  1.164446e+01 
                                  0.000            90.000 
 0.7071  2.328891563e+01   2.328891563e+01   2.328891563e+01 
  750.000  7.104351e+02  1.811274e+01  7.285478e+01  9.182745e+01  6.155718e+00  1.159520e+01 
                                  0.000            90.000 
 0.7071  2.319039726e+01   2.319039726e+01   2.319039726e+01 
  751.000  7.233450e+02  1.834892e+01  7.416940e+01  9.349612e+01  6.241555e+00  1.180443e+01 
                                  0.000            90.000 
 0.7071  2.360885239e+01   2.360885239e+01   2.360885239e+01 
  752.000  7.195760e+02  1.814162e+01  7.377177e+01  9.300897e+01  6.189714e+00  1.174114e+01 
                                  0.000            90.000 
 0.7071  2.348228264e+01   2.348228264e+01   2.348228264e+01 
  753.000  7.140156e+02  1.791693e+01  7.319324e+01  9.229025e+01  6.121910e+00  1.164907e+01 
                                  0.000            90.000 
 0.7071  2.329813385e+01   2.329813385e+01   2.329813385e+01 
  754.000  7.223867e+02  1.802488e+01  7.404116e+01  9.337226e+01  6.158186e+00  1.178402e+01 
                                  0.000            90.000 
 0.7071  2.356803513e+01   2.356803513e+01   2.356803513e+01 
  755.000  7.205022e+02  1.787015e+01  7.383723e+01  9.312868e+01  6.102872e+00  1.175156e+01 
                                  0.000            90.000 
 0.7071  2.350312233e+01   2.350312233e+01   2.350312233e+01 
  756.000  7.124916e+02  1.759399e+01  7.300857e+01  9.209328e+01  6.017217e+00  1.161967e+01 
                                  0.000            90.000 
 0.7071  2.323934746e+01   2.323934746e+01   2.323934746e+01 
  757.000  7.097269e+02  1.742896e+01  7.271559e+01  9.173592e+01  5.982935e+00  1.157305e+01 
                                  0.000            90.000 
 0.7071  2.314609146e+01   2.314609146e+01   2.314609146e+01 
  758.000  7.037137e+02  1.717929e+01  7.208929e+01  9.095867e+01  5.902708e+00  1.147337e+01 
                                  0.000            90.000 
 0.7071  2.294673538e+01   2.294673538e+01   2.294673538e+01 
  759.000  6.730841e+02  1.610047e+01  6.891846e+01  8.699965e+01  5.302621e+00  1.096871e+01 
                                  0.000            90.000 
 0.7071  2.193742752e+01   2.193742752e+01   2.193742752e+01 
  760.000  1.993952e+02  3.928371e+00  2.033236e+01  2.577288e+01  8.868461e-01  3.235996e+00 
                                  0.000            90.000 
 0.7071  6.471992016e+00   6.471992016e+00   6.471992016e+00 
  761.000  1.424950e+02  2.663775e+00  1.451588e+01  1.841823e+01  5.088643e-01  2.310274e+00 
                                  0.000            90.000 
 0.7071  4.620548725e+00   4.620548725e+00   4.620548725e+00 
  762.000  3.601737e+02  7.278864e+00  3.674526e+01  4.655434e+01  1.656526e+00  5.848190e+00 
                                  0.000            90.000 
 0.7071  1.169638062e+01   1.169638062e+01   1.169638062e+01 
  763.000  2.907361e+02  5.468923e+00  2.962051e+01  3.757916e+01  1.051493e+00  4.714250e+00 
                                  0.000            90.000 
 0.7071  9.428499222e+00   9.428499222e+00   9.428499222e+00 
  764.000  3.246084e+02  6.176489e+00  3.307849e+01  4.195734e+01  1.228038e+00  5.264605e+00 
                                  0.000            90.000 
 0.7071  1.052921009e+01   1.052921009e+01   1.052921009e+01 
  765.000  4.343489e+02  8.725780e+00  4.430747e+01  5.614187e+01  1.973131e+00  7.051753e+00 
                                  0.000            90.000 
 0.7071  1.410350513e+01   1.410350513e+01   1.410350513e+01 
  766.000  5.365902e+02  1.147094e+01  5.480611e+01  6.935709e+01  3.011982e+00  8.722664e+00 
                                  0.000            90.000 
 0.7071  1.744532776e+01   1.744532776e+01   1.744532776e+01 
  767.000  5.848871e+02  1.264085e+01  5.975279e+01  7.559972e+01  3.548849e+00  9.509953e+00 
                                  0.000            90.000 
 0.7071  1.901990509e+01   1.901990509e+01   1.901990509e+01 
  768.000  6.649756e+02  1.494869e+01  6.799243e+01  8.595158e+01  4.725371e+00  1.082133e+01 
                                  0.000            90.000 
 0.7071  2.164266205e+01   2.164266205e+01   2.164266205e+01 
  769.000  6.814076e+02  1.529991e+01  6.967075e+01  8.807550e+01  4.848639e+00  1.108844e+01 
                                  0.000            90.000 
 0.7071  2.217688942e+01   2.217688942e+01   2.217688942e+01 
  770.000  6.813049e+02  1.543314e+01  6.967381e+01  8.806223e+01  5.152788e+00  1.108893e+01 
                                  0.000            90.000 
 0.7071  2.217786026e+01   2.217786026e+01   2.217786026e+01 
  771.000  6.819647e+02  1.548981e+01  6.974545e+01  8.814751e+01  5.282571e+00  1.110033e+01 
                                  0.000            90.000 
 0.7071  2.220066833e+01   2.220066833e+01   2.220066833e+01 
  772.000  6.761255e+02  1.529718e+01  6.914227e+01  8.739277e+01  5.305564e+00  1.100434e+01 
                                  0.000            90.000 
 0.7071  2.200867081e+01   2.200867081e+01   2.200867081e+01 
  773.000  6.803160e+02  1.529501e+01  6.956110e+01  8.793440e+01  5.315266e+00  1.107099e+01 
                                  0.000            90.000 
 0.7071  2.214198685e+01   2.214198685e+01   2.214198685e+01 
  774.000  6.889509e+02  1.542254e+01  7.043735e+01  8.905051e+01  5.358304e+00  1.121045e+01 
                                  0.000            90.000 
 0.7071  2.242090225e+01   2.242090225e+01   2.242090225e+01 
  775.000  6.663218e+02  1.486929e+01  6.811911e+01  8.612557e+01  5.173070e+00  1.084149e+01 
                                  0.000            90.000 
 0.7071  2.168298531e+01   2.168298531e+01   2.168298531e+01 
  776.000  6.788737e+02  1.506401e+01  6.939377e+01  8.774798e+01  5.249873e+00  1.104436e+01 
                                  0.000            90.000 
 0.7071  2.208872414e+01   2.208872414e+01   2.208872414e+01 
  777.000  6.834810e+02  1.506492e+01  6.985458e+01  8.834349e+01  5.261356e+00  1.111770e+01 
                                  0.000            90.000 
 0.7071  2.223540497e+01   2.223540497e+01   2.223540497e+01 
  778.000  6.790265e+02  1.489158e+01  6.939181e+01  8.776773e+01  5.207340e+00  1.104405e+01 
                                  0.000            90.000 
 0.7071  2.208809853e+01   2.208809853e+01   2.208809853e+01 
  779.000  6.848433e+02  1.493564e+01  6.997791e+01  8.851959e+01  5.227149e+00  1.113733e+01 
                                  0.000            90.000 
 0.7071  2.227465820e+01   2.227465820e+01   2.227465820e+01 
  780.000  6.764478e+02  1.468425e+01  6.911320e+01  8.743440e+01  5.140598e+00  1.099971e+01 
                                  0.000            90.000 
 0.7071  2.199941444e+01   2.199941444e+01   2.199941444e+01 
  781.000  6.746504e+02  1.457673e+01  6.892271e+01  8.720210e+01  5.107153e+00  1.096939e+01 
                                  0.000            90.000 
 0.7071  2.193878174e+01   2.193878174e+01   2.193878174e+01 
  782.000  6.806862e+02  1.460905e+01  6.952953e+01  8.798226e+01  5.117990e+00  1.106597e+01 
                                  0.000            90.000 
 0.7071  2.213193703e+01   2.213193703e+01   2.213193703e+01 
  783.000  6.745231e+02  1.440183e+01  6.889250e+01  8.718565e+01  5.051413e+00  1.096458e+01 
                                  0.000            90.000 
 0.7071  2.192916298e+01   2.192916298e+01   2.192916298e+01 
  784.000  6.671443e+02  1.415213e+01  6.812965e+01  8.623190e+01  4.925391e+00  1.084317e+01 
                                  0.000            90.000 
 0.7071  2.168634033e+01   2.168634033e+01   2.168634033e+01 
  785.000  6.757342e+02  1.423900e+01  6.899732e+01  8.734219e+01  4.914516e+00  1.098127e+01 
                                  0.000            90.000 
 0.7071  2.196253014e+01   2.196253014e+01   2.196253014e+01 
  786.000  6.671260e+02  1.389481e+01  6.810208e+01  8.622953e+01  4.660829e+00  1.083878e+01 
                                  0.000            90.000 
 0.7071  2.167756653e+01   2.167756653e+01   2.167756653e+01 
  787.000  6.661114e+02  1.367602e+01  6.797874e+01  8.609837e+01  4.454323e+00  1.081915e+01 
                                  0.000            90.000 
 0.7071  2.163830376e+01   2.163830376e+01   2.163830376e+01 
  788.000  6.620759e+02  1.349641e+01  6.755723e+01  8.557677e+01  4.420174e+00  1.075207e+01 
                                  0.000            90.000 
 0.7071  2.150413322e+01   2.150413322e+01   2.150413322e+01 
  789.000  6.578770e+02  1.327452e+01  6.711515e+01  8.503404e+01  4.307868e+00  1.068171e+01 
                                  0.000            90.000 
 0.7071  2.136341476e+01   2.136341476e+01   2.136341476e+01 
  790.000  6.463785e+02  1.285212e+01  6.592306e+01  8.354780e+01  4.067686e+00  1.049198e+01 
                                  0.000            90.000 
 0.7071  2.098396111e+01   2.098396111e+01   2.098396111e+01 
  791.000  6.456692e+02  1.279688e+01  6.584660e+01  8.345612e+01  4.083226e+00  1.047981e+01 
                                  0.000            90.000 
 0.7071  2.095962715e+01   2.095962715e+01   2.095962715e+01 
  792.000  6.463820e+02  1.283480e+01  6.592168e+01  8.354826e+01  4.179389e+00  1.049176e+01 
                                  0.000            90.000 
 0.7071  2.098352242e+01   2.098352242e+01   2.098352242e+01 
  793.000  6.388889e+02  1.269080e+01  6.515796e+01  8.257973e+01  4.196522e+00  1.037021e+01 
                                  0.000            90.000 
 0.7071  2.074042511e+01   2.074042511e+01   2.074042511e+01 
  794.000  6.343369e+02  1.263148e+01  6.469684e+01  8.199136e+01  4.277398e+00  1.029682e+01 
                                  0.000            90.000 
 0.7071  2.059364319e+01   2.059364319e+01   2.059364319e+01 
  795.000  6.368314e+02  1.259345e+01  6.494248e+01  8.231379e+01  4.199572e+00  1.033592e+01 
                                  0.000            90.000 
 0.7071  2.067183495e+01   2.067183495e+01   2.067183495e+01 
  796.000  6.288052e+02  1.203871e+01  6.408439e+01  8.127636e+01  3.731478e+00  1.019935e+01 
                                  0.000            90.000 
 0.7071  2.039869308e+01   2.039869308e+01   2.039869308e+01 
  797.000  6.386534e+02  1.222704e+01  6.508804e+01  8.254929e+01  3.861640e+00  1.035908e+01 
                                  0.000            90.000 
 0.7071  2.071816635e+01   2.071816635e+01   2.071816635e+01 
  798.000  6.478056e+02  1.246635e+01  6.602720e+01  8.373228e+01  4.047900e+00  1.050856e+01 
                                  0.000            90.000 
 0.7071  2.101711082e+01   2.101711082e+01   2.101711082e+01 
  799.000  6.467121e+02  1.242365e+01  6.591357e+01  8.359092e+01  3.986851e+00  1.049047e+01 
                                  0.000            90.000 
 0.7071  2.098094177e+01   2.098094177e+01   2.098094177e+01 
  800.000  6.305875e+02  1.198677e+01  6.425743e+01  8.150674e+01  3.802665e+00  1.022689e+01 
                                  0.000            90.000 
 0.7071  2.045377350e+01   2.045377350e+01   2.045377350e+01 
