  400.000  5.836931e+02  2.397734e+02  8.234666e+01  7.544539e+01  4.792255e+01  1.310588e+01 
                                  0.000            90.000 
 0.7071  2.621175385e+01   2.621175385e+01   2.621175385e+01 
  401.000  5.844037e+02  2.375413e+02  8.219450e+01  7.553723e+01  4.756141e+01  1.308166e+01 
                                  0.000            90.000 
 0.7071  2.616332054e+01   2.616332054e+01   2.616332054e+01 
  402.000  6.082891e+02  2.440885e+02  8.523776e+01  7.862456e+01  4.897994e+01  1.356601e+01 
                                  0.000            90.000 
 0.7071  2.713202286e+01   2.713202286e+01   2.713202286e+01 
  403.000  5.759956e+02  2.283277e+02  8.043233e+01  7.445045e+01  4.591261e+01  1.280120e+01 
                                  0.000            90.000 
 0.7071  2.560240555e+01   2.560240555e+01   2.560240555e+01 
  404.000  6.197755e+02  2.424019e+02  8.621774e+01  8.010922e+01  4.885206e+01  1.372198e+01 
                                  0.000            90.000 
 0.7071  2.744395828e+01   2.744395828e+01   2.744395828e+01 
  405.000  6.030859e+02  2.328360e+02  8.359220e+01  7.795201e+01  4.702634e+01  1.330411e+01 
                                  0.000            90.000 
 0.7071  2.660822487e+01   2.660822487e+01   2.660822487e+01 
  406.000  5.705948e+02  2.176213e+02  7.882162e+01  7.375237e+01  4.404600e+01  1.254485e+01 
                                  0.000            90.000 
 0.7071  2.508969879e+01   2.508969879e+01   2.508969879e+01 
  407.000  5.804108e+02  2.184846e+02  7.988954e+01  7.502113e+01  4.432081e+01  1.271482e+01 
                                  0.000            90.000 
 0.7071  2.542963028e+01   2.542963028e+01   2.542963028e+01 
  408.000  6.022735e+02  2.239732e+02  8.262467e+01  7.784700e+01  4.552584e+01  1.315013e+01 
                                  0.000            90.000 
 0.7071  2.630025101e+01   2.630025101e+01   2.630025101e+01 
  409.000  6.509179e+02  2.390267e+02  8.899446e+01  8.413454e+01  4.868924e+01  1.416391e+01 
                                  0.000            90.000 
 0.7071  2.832781601e+01   2.832781601e+01   2.832781601e+01 
  410.000  5.244142e+02  1.902271e+02  7.146413e+01  6.778329e+01  3.883059e+01  1.137387e+01 
                                  0.000            90.000 
 0.7071  2.274773979e+01   2.274773979e+01   2.274773979e+01 
  411.000  6.420125e+02  2.296962e+02  8.717087e+01  8.298347e+01  4.699880e+01  1.387367e+01 
                                  0.000            90.000 
 0.7071  2.774734879e+01   2.774734879e+01   2.774734879e+01 
  412.000  6.603551e+02  2.335832e+02  8.939383e+01  8.535435e+01  4.788959e+01  1.422747e+01 
                                  0.000            90.000 
 0.7071  2.845494080e+01   2.845494080e+01   2.845494080e+01 
  413.000  6.256124e+02  2.185878e+02  8.442002e+01  8.086368e+01  4.490761e+01  1.343586e+01 
                                  0.000            90.000 
 0.7071  2.687172890e+01   2.687172890e+01   2.687172890e+01 
  414.000  6.603922e+02  2.279207e+02  8.883129e+01  8.535915e+01  4.692461e+01  1.413794e+01 
                                  0.000            90.000 
 0.7071  2.827587891e+01   2.827587891e+01   2.827587891e+01 
  415.000  6.484055e+02  2.210439e+02  8.694494e+01  8.380981e+01  4.560766e+01  1.383772e+01 
                                  0.000            90.000 
 0.7071  2.767543411e+01   2.767543411e+01   2.767543411e+01 
  416.000  6.811155e+02  2.293914e+02  9.105070e+01  8.803774e+01  4.743157e+01  1.449117e+01 
                                  0.000            90.000 
 0.7071  2.898233604e+01   2.898233604e+01   2.898233604e+01 
  417.000  6.386752e+02  2.126031e+02  8.512784e+01  8.255212e+01  4.404839e+01  1.354852e+01 
                                  0.000            90.000 
 0.7071  2.709703064e+01   2.709703064e+01   2.709703064e+01 
  418.000  6.420295e+02  2.110802e+02  8.531097e+01  8.298567e+01  4.382692e+01  1.357766e+01 
                                  0.000            90.000 
 0.7071  2.715532494e+01   2.715532494e+01   2.715532494e+01 
  419.000  6.582142e+02  2.136542e+02  8.718684e+01  8.507763e+01  4.446024e+01  1.387622e+01 
                                  0.000            90.000 
 0.7071  2.775243378e+01   2.775243378e+01   2.775243378e+01 
  420.000  5.897731e+02  1.892814e+02  7.790546e+01  7.623126e+01  3.946583e+01  1.239904e+01 
                                  0.000            90.000 
 0.7071  2.479807663e+01   2.479807663e+01   2.479807663e+01 
  421.000  6.933722e+02  2.198809e+02  9.132532e+01  8.962199e+01  4.594208e+01  1.453487e+01 
                                  0.000            90.000 
 0.7071  2.906974983e+01   2.906974983e+01   2.906974983e+01 
  422.000  6.915185e+02  2.167128e+02  9.082313e+01  8.938238e+01  4.537369e+01  1.445495e+01 
                                  0.000            90.000 
 0.7071  2.890989876e+01   2.890989876e+01   2.890989876e+01 
  423.000  6.197731e+02  1.919628e+02  8.117359e+01  8.010892e+01  4.027495e+01  1.291918e+01 
                                  0.000            90.000 
 0.7071  2.583835793e+01   2.583835793e+01   2.583835793e+01 
  424.000  6.068701e+02  1.857487e+02  7.926188e+01  7.844113e+01  3.905144e+01  1.261492e+01 
                                  0.000            90.000 
 0.7071  2.522983932e+01   2.522983932e+01   2.522983932e+01 
  425.000  6.139557e+02  1.857015e+02  7.996573e+01  7.935699e+01  3.912433e+01  1.272694e+01 
                                  0.000            90.000 
 0.7071  2.545388031e+01   2.545388031e+01   2.545388031e+01 
  426.000  6.667068e+02  1.995178e+02  8.662247e+01  8.617535e+01  4.211702e+01  1.378639e+01 
                                  0.000            90.000 
 0.7071  2.757278824e+01   2.757278824e+01   2.757278824e+01 
  427.000  6.226078e+02  1.841005e+02  8.067083e+01  8.047531e+01  3.894373e+01  1.283916e+01 
                                  0.000            90.000 
 0.7071  2.567832375e+01   2.567832375e+01   2.567832375e+01 
  428.000  6.246823e+02  1.825501e+02  8.072324e+01  8.074345e+01  3.869443e+01  1.284750e+01 
                                  0.000            90.000 
 0.7071  2.569500542e+01   2.569500542e+01   2.569500542e+01 
  429.000  5.623443e+02  1.625405e+02  7.248849e+01  7.268595e+01  3.452235e+01  1.153690e+01 
                                  0.000            90.000 
 0.7071  2.307380104e+01   2.307380104e+01   2.307380104e+01 
  430.000  4.814899e+02  1.376483e+02  6.191382e+01  6.223509e+01  2.929308e+01  9.853891e+00 
                                  0.000            90.000 
 0.7071  1.970778275e+01   1.970778275e+01   1.970778275e+01 
  431.000  4.035574e+02  1.139965e+02  5.175540e+01  5.216191e+01  2.430947e+01  8.237127e+00 
                                  0.000            90.000 
 0.7071  1.647425461e+01   1.647425461e+01   1.647425461e+01 
  432.000  7.214573e+02  2.014716e+02  9.229288e+01  9.325213e+01  4.305387e+01  1.468887e+01 
                                  0.000            90.000 
 0.7071  2.937773705e+01   2.937773705e+01   2.937773705e+01 
  433.000  6.883139e+02  1.899655e+02  8.782794e+01  8.896818e+01  4.068024e+01  1.397825e+01 
                                  0.000            90.000 
 0.7071  2.795650291e+01   2.795650291e+01   2.795650291e+01 
  434.000  6.466970e+02  1.764926e+02  8.231895e+01  8.358897e+01  3.786889e+01  1.310147e+01 
                                  0.000            90.000 
 0.7071  2.620293617e+01   2.620293617e+01   2.620293617e+01 
  435.000  7.116902e+02  1.921191e+02  9.038093e+01  9.198968e+01  4.129967e+01  1.438457e+01 
                                  0.000            90.000 
 0.7071  2.876914406e+01   2.876914406e+01   2.876914406e+01 
  436.000  7.867655e+02  2.099410e+02  9.967065e+01  1.016936e+02  4.522688e+01  1.586308e+01 
                                  0.000            90.000 
 0.7071  3.172615242e+01   3.172615242e+01   3.172615242e+01 
  437.000  7.790134e+02  2.056450e+02  9.846584e+01  1.006916e+02  4.439025e+01  1.567132e+01 
                                  0.000            90.000 
 0.7071  3.134264946e+01   3.134264946e+01   3.134264946e+01 
  438.000  7.106276e+02  1.856039e+02  8.962315e+01  9.185234e+01  4.014183e+01  1.426397e+01 
                                  0.000            90.000 
 0.7071  2.852793503e+01   2.852793503e+01   2.852793503e+01 
  439.000  6.403233e+02  1.652406e+02  8.055640e+01  8.276514e+01  3.580859e+01  1.282095e+01 
                                  0.000            90.000 
 0.7071  2.564189720e+01   2.564189720e+01   2.564189720e+01 
  440.000  6.926435e+02  1.768891e+02  8.695326e+01  8.952779e+01  3.840604e+01  1.383904e+01 
                                  0.000            90.000 
 0.7071  2.767808342e+01   2.767808342e+01   2.767808342e+01 
  441.000  7.392843e+02  1.867538e+02  9.260381e+01  9.555636e+01  4.061705e+01  1.473835e+01 
                                  0.000            90.000 
 0.7071  2.947670746e+01   2.947670746e+01   2.947670746e+01 
  442.000  7.825382e+02  1.954811e+02  9.780193e+01  1.011472e+02  4.258702e+01  1.556566e+01 
                                  0.000            90.000 
 0.7071  3.113132095e+01   3.113132095e+01   3.113132095e+01 
  443.000  7.654951e+02  1.890679e+02  9.545630e+01  9.894424e+01  4.120768e+01  1.519234e+01 
                                  0.000            90.000 
 0.7071  3.038468361e+01   3.038468361e+01   3.038468361e+01 
  444.000  7.761860e+02  1.895726e+02  9.657585e+01  1.003261e+02  4.144205e+01  1.537052e+01 
                                  0.000            90.000 
 0.7071  3.074104881e+01   3.074104881e+01   3.074104881e+01 
  445.000  7.719558e+02  1.863692e+02  9.583250e+01  9.977933e+01  4.080264e+01  1.525222e+01 
                                  0.000            90.000 
 0.7071  3.050443459e+01   3.050443459e+01   3.050443459e+01 
  446.000  7.190674e+02  1.717739e+02  8.908413e+01  9.294322e+01  3.767099e+01  1.417818e+01 
                                  0.000            90.000 
 0.7071  2.835636139e+01   2.835636139e+01   2.835636139e+01 
  447.000  8.094942e+02  1.915709e+02  1.001065e+02  1.046314e+02  4.210783e+01  1.593245e+01 
                                  0.000            90.000 
 0.7071  3.186489296e+01   3.186489296e+01   3.186489296e+01 
  448.000  8.522981e+02  1.993984e+02  1.051697e+02  1.101640e+02  4.393165e+01  1.673827e+01 
                                  0.000            90.000 
 0.7071  3.347653961e+01   3.347653961e+01   3.347653961e+01 
  449.000  8.272512e+02  1.915757e+02  1.018827e+02  1.069266e+02  4.230571e+01  1.621513e+01 
                                  0.000            90.000 
 0.7071  3.243026733e+01   3.243026733e+01   3.243026733e+01 
  450.000  8.588582e+02  1.969121e+02  1.055770e+02  1.110119e+02  4.357965e+01  1.680310e+01 
                                  0.000            90.000 
 0.7071  3.360620880e+01   3.360620880e+01   3.360620880e+01 
  451.000  9.153439e+02  2.077626e+02  1.123107e+02  1.183130e+02  4.607576e+01  1.787480e+01 
                                  0.000            90.000 
 0.7071  3.574959183e+01   3.574959183e+01   3.574959183e+01 
  452.000  8.608448e+02  1.933589e+02  1.054204e+02  1.112687e+02  4.296933e+01  1.677817e+01 
                                  0.000            90.000 
 0.7071  3.355634689e+01   3.355634689e+01   3.355634689e+01 
  453.000  7.710749e+02  1.713213e+02  9.423962e+01  9.966546e+01  3.814818e+01  1.499870e+01 
                                  0.000            90.000 
 0.7071  2.999740410e+01   2.999740410e+01   2.999740410e+01 
  454.000  8.225165e+02  1.807827e+02  1.003299e+02  1.063146e+02  4.033749e+01  1.596800e+01 
                                  0.000            90.000 
 0.7071  3.193600655e+01   3.193600655e+01   3.193600655e+01 
  455.000  8.579493e+02  1.866381e+02  1.044587e+02  1.108944e+02  4.172326e+01  1.662513e+01 
                                  0.000            90.000 
 0.7071  3.325025177e+01   3.325025177e+01   3.325025177e+01 
  456.000  8.676187e+02  1.868459e+02  1.054465e+02  1.121443e+02  4.184782e+01  1.678233e+01 
                                  0.000            90.000 
 0.7071  3.356465149e+01   3.356465149e+01   3.356465149e+01 
  457.000  9.015735e+02  1.921220e+02  1.093696e+02  1.165331e+02  4.311182e+01  1.740670e+01 
                                  0.000            90.000 
 0.7071  3.481340790e+01   3.481340790e+01   3.481340790e+01 
  458.000  8.571750e+02  1.807368e+02  1.037912e+02  1.107943e+02  4.063176e+01  1.651888e+01 
                                  0.000            90.000 
 0.7071  3.303775787e+01   3.303775787e+01   3.303775787e+01 
  459.000  8.788156e+02  1.834528e+02  1.062268e+02  1.135915e+02  4.131951e+01  1.690653e+01 
                                  0.000            90.000 
 0.7071  3.381305313e+01   3.381305313e+01   3.381305313e+01 
  460.000  8.703807e+02  1.798864e+02  1.050267e+02  1.125013e+02  4.058847e+01  1.671552e+01 
                                  0.000            90.000 
 0.7071  3.343104172e+01   3.343104172e+01   3.343104172e+01 
  461.000  8.781691e+02  1.797227e+02  1.057892e+02  1.135079e+02  4.062507e+01  1.683687e+01 
                                  0.000            90.000 
 0.7071  3.367374039e+01   3.367374039e+01   3.367374039e+01 
  462.000  8.642521e+02  1.749068e+02  1.039159e+02  1.117091e+02  3.962009e+01  1.653873e+01 
                                  0.000            90.000 
 0.7071  3.307745361e+01   3.307745361e+01   3.307745361e+01 
  463.000  8.742338e+02  1.752314e+02  1.049465e+02  1.129993e+02  3.975984e+01  1.670276e+01 
                                  0.000            90.000 
 0.7071  3.340551758e+01   3.340551758e+01   3.340551758e+01 
  464.000  8.719324e+02  1.729862e+02  1.044919e+02  1.127018e+02  3.932718e+01  1.663040e+01 
                                  0.000            90.000 
 0.7071  3.326079559e+01   3.326079559e+01   3.326079559e+01 
  465.000  8.459217e+02  1.662982e+02  1.012220e+02  1.093398e+02  3.787331e+01  1.610998e+01 
                                  0.000            90.000 
 0.7071  3.221995926e+01   3.221995926e+01   3.221995926e+01 
  466.000  8.848828e+02  1.720599e+02  1.056943e+02  1.143757e+02  3.926403e+01  1.682177e+01 
                                  0.000            90.000 
 0.7071  3.364353180e+01   3.364353180e+01   3.364353180e+01 
  467.000  8.466704e+02  1.629705e+02  1.009641e+02  1.094366e+02  3.725619e+01  1.606893e+01 
                                  0.000            90.000 
 0.7071  3.213786697e+01   3.213786697e+01   3.213786697e+01 
  468.000  8.855687e+02  1.688731e+02  1.054442e+02  1.144644e+02  3.867104e+01  1.678196e+01 
                                  0.000            90.000 
 0.7071  3.356392670e+01   3.356392670e+01   3.356392670e+01 
  469.000  8.908170e+02  1.680918e+02  1.058909e+02  1.151428e+02  3.854278e+01  1.685306e+01 
                                  0.000            90.000 
 0.7071  3.370611191e+01   3.370611191e+01   3.370611191e+01 
  470.000  8.669950e+02  1.619593e+02  1.028954e+02  1.120636e+02  3.717329e+01  1.637632e+01 
                                  0.000            90.000 
 0.7071  3.275263214e+01   3.275263214e+01   3.275263214e+01 
  471.000  8.685257e+02  1.605949e+02  1.029121e+02  1.122615e+02  3.694805e+01  1.637897e+01 
                                  0.000            90.000 
 0.7071  3.275793076e+01   3.275793076e+01   3.275793076e+01 
  472.000  8.990454e+02  1.645320e+02  1.063577e+02  1.162063e+02  3.787457e+01  1.692736e+01 
                                  0.000            90.000 
 0.7071  3.385472107e+01   3.385472107e+01   3.385472107e+01 
  473.000  8.741403e+02  1.581296e+02  1.032270e+02  1.129872e+02  3.638946e+01  1.642909e+01 
                                  0.000            90.000 
 0.7071  3.285817337e+01   3.285817337e+01   3.285817337e+01 
  474.000  8.714746e+02  1.558152e+02  1.027290e+02  1.126427e+02  3.582364e+01  1.634982e+01 
                                  0.000            90.000 
 0.7071  3.269964981e+01   3.269964981e+01   3.269964981e+01 
  475.000  9.083527e+02  1.603595e+02  1.068712e+02  1.174093e+02  3.680470e+01  1.700908e+01 
                                  0.000            90.000 
 0.7071  3.401816559e+01   3.401816559e+01   3.401816559e+01 
  476.000  9.052245e+02  1.578412e+02  1.063066e+02  1.170050e+02  3.618871e+01  1.691922e+01 
                                  0.000            90.000 
 0.7071  3.383843613e+01   3.383843613e+01   3.383843613e+01 
  477.000  8.967068e+02  1.547444e+02  1.051451e+02  1.159040e+02  3.548399e+01  1.673437e+01 
                                  0.000            90.000 
 0.7071  3.346873093e+01   3.346873093e+01   3.346873093e+01 
  478.000  9.344270e+02  1.597564e+02  1.094183e+02  1.207796e+02  3.670621e+01  1.741447e+01 
                                  0.000            90.000 
 0.7071  3.482893753e+01   3.482893753e+01   3.482893753e+01 
  479.000  8.830020e+02  1.497804e+02  1.032782e+02  1.141326e+02  3.454459e+01  1.643724e+01 
                                  0.000            90.000 
 0.7071  3.287448502e+01   3.287448502e+01   3.287448502e+01 
  480.000  9.175792e+02  1.545150e+02  1.072094e+02  1.186019e+02  3.581413e+01  1.706291e+01 
                                  0.000            90.000 
 0.7071  3.412582016e+01   3.412582016e+01   3.412582016e+01 
  481.000  9.039296e+02  1.511125e+02  1.055042e+02  1.168376e+02  3.521189e+01  1.679152e+01 
                                  0.000            90.000 
 0.7071  3.358303452e+01   3.358303452e+01   3.358303452e+01 
  482.000  9.359296e+02  1.552256e+02  1.091155e+02  1.209738e+02  3.633958e+01  1.736628e+01 
                                  0.000            90.000 
 0.7071  3.473255157e+01   3.473255157e+01   3.473255157e+01 
  483.000  9.202942e+02  1.513365e+02  1.071631e+02  1.189528e+02  3.555857e+01  1.705553e+01 
                                  0.000            90.000 
 0.7071  3.411106491e+01   3.411106491e+01   3.411106491e+01 
  484.000  8.935563e+02  1.457111e+02  1.039267e+02  1.154968e+02  3.432319e+01  1.654045e+01 
                                  0.000            90.000 
 0.7071  3.308090973e+01   3.308090973e+01   3.308090973e+01 
  485.000  8.761911e+02  1.414768e+02  1.017668e+02  1.132523e+02  3.336824e+01  1.619669e+01 
                                  0.000            90.000 
 0.7071  3.239337540e+01   3.239337540e+01   3.239337540e+01 
  486.000  7.741884e+02  1.239833e+02  8.981717e+01  1.000679e+02  2.930047e+01  1.429485e+01 
                                  0.000            90.000 
 0.7071  2.858969498e+01   2.858969498e+01   2.858969498e+01 
  487.000  7.914872e+02  1.255239e+02  9.170111e+01  1.023039e+02  2.974099e+01  1.459469e+01 
                                  0.000            90.000 
 0.7071  2.918937111e+01   2.918937111e+01   2.918937111e+01 
  488.000  8.680456e+02  1.364449e+02  1.004491e+02  1.121994e+02  3.237969e+01  1.598696e+01 
                                  0.000            90.000 
 0.7071  3.197392654e+01   3.197392654e+01   3.197392654e+01 
  489.000  8.287081e+02  1.290024e+02  9.577106e+01  1.071149e+02  3.067155e+01  1.524244e+01 
                                  0.000            90.000 
 0.7071  3.048487473e+01   3.048487473e+01   3.048487473e+01 
  490.000  9.452793e+02  1.457583e+02  1.091038e+02  1.221823e+02  3.472066e+01  1.736440e+01 
                                  0.000            90.000 
 0.7071  3.472880554e+01   3.472880554e+01   3.472880554e+01 
  491.000  8.799395e+02  1.345152e+02  1.014455e+02  1.137368e+02  3.209491e+01  1.614555e+01 
                                  0.000            90.000 
 0.7071  3.229109955e+01   3.229109955e+01   3.229109955e+01 
  492.000  8.260125e+02  1.250792e+02  9.510917e+01  1.067664e+02  2.990137e+01  1.513709e+01 
                                  0.000            90.000 
 0.7071  3.027418900e+01   3.027418900e+01   3.027418900e+01 
  493.000  9.108871e+02  1.366044e+02  1.047491e+02  1.177369e+02  3.271640e+01  1.667134e+01 
                                  0.000            90.000 
 0.7071  3.334268951e+01   3.334268951e+01   3.334268951e+01 
  494.000  8.766757e+02  1.302494e+02  1.006925e+02  1.133149e+02  3.124829e+01  1.602571e+01 
                                  0.000            90.000 
 0.7071  3.205141830e+01   3.205141830e+01   3.205141830e+01 
  495.000  9.693453e+02  1.427026e+02  1.112048e+02  1.252930e+02  3.429474e+01  1.769879e+01 
                                  0.000            90.000 
 0.7071  3.539758301e+01   3.539758301e+01   3.539758301e+01 
  496.000  9.191178e+02  1.341573e+02  1.053275e+02  1.188008e+02  3.229089e+01  1.676339e+01 
                                  0.000            90.000 
 0.7071  3.352678680e+01   3.352678680e+01   3.352678680e+01 
  497.000  9.151301e+02  1.323425e+02  1.047472e+02  1.182853e+02  3.190729e+01  1.667104e+01 
                                  0.000            90.000 
 0.7071  3.334208679e+01   3.334208679e+01   3.334208679e+01 
  498.000  8.687709e+02  1.245935e+02  9.933644e+01  1.122932e+02  3.008823e+01  1.580989e+01 
                                  0.000            90.000 
 0.7071  3.161977196e+01   3.161977196e+01   3.161977196e+01 
  499.000  8.988249e+02  1.275597e+02  1.026385e+02  1.161778e+02  3.086136e+01  1.633542e+01 
                                  0.000            90.000 
 0.7071  3.267083359e+01   3.267083359e+01   3.267083359e+01 
  500.000  8.848616e+02  1.244441e+02  1.009306e+02  1.143730e+02  3.014910e+01  1.606360e+01 
                                  0.000            90.000 
 0.7071  3.212720108e+01   3.212720108e+01   3.212720108e+01 
  501.000  8.749602e+02  1.219704e+02  9.969306e+01  1.130932e+02  2.958577e+01  1.586664e+01 
                                  0.000            90.000 
 0.7071  3.173328781e+01   3.173328781e+01   3.173328781e+01 
  502.000  8.448673e+02  1.164971e+02  9.613644e+01  1.092035e+02  2.820878e+01  1.530059e+01 
                                  0.000            90.000 
 0.7071  3.060118103e+01   3.060118103e+01   3.060118103e+01 
  503.000  8.965612e+02  1.221761e+02  1.018737e+02  1.158852e+02  2.947965e+01  1.621371e+01 
                                  0.000            90.000 
 0.7071  3.242741776e+01   3.242741776e+01   3.242741776e+01 
  504.000  8.801898e+02  1.182962e+02  9.984860e+01  1.137691e+02  2.828572e+01  1.589140e+01 
                                  0.000            90.000 
 0.7071  3.178279686e+01   3.178279686e+01   3.178279686e+01 
  505.000  8.998323e+02  1.204382e+02  1.020271e+02  1.163080e+02  2.914517e+01  1.623811e+01 
                                  0.000            90.000 
 0.7071  3.247621918e+01   3.247621918e+01   3.247621918e+01 
  506.000  9.543218e+02  1.265337e+02  1.080856e+02  1.233511e+02  3.065526e+01  1.720235e+01 
                                  0.000            90.000 
 0.7071  3.440470123e+01   3.440470123e+01   3.440470123e+01 
  507.000  9.043932e+02  1.186567e+02  1.023050e+02  1.168976e+02  2.869770e+01  1.628235e+01 
                                  0.000            90.000 
 0.7071  3.256469345e+01   3.256469345e+01   3.256469345e+01 
  508.000  8.572675e+02  1.117629e+02  9.690304e+01  1.108063e+02  2.721231e+01  1.542260e+01 
                                  0.000            90.000 
 0.7071  3.084519577e+01   3.084519577e+01   3.084519577e+01 
  509.000  9.286440e+02  1.200523e+02  1.048696e+02  1.200321e+02  2.934556e+01  1.669052e+01 
                                  0.000            90.000 
 0.7071  3.338104248e+01   3.338104248e+01   3.338104248e+01 
  510.000  9.175253e+02  1.178164e+02  1.035342e+02  1.185949e+02  2.891500e+01  1.647798e+01 
                                  0.000            90.000 
 0.7071  3.295595169e+01   3.295595169e+01   3.295595169e+01 
  511.000  9.170905e+02  1.168148e+02  1.033905e+02  1.185387e+02  2.877712e+01  1.645511e+01 
                                  0.000            90.000 
 0.7071  3.291022873e+01   3.291022873e+01   3.291022873e+01 
  512.000  9.436552e+02  1.192719e+02  1.062927e+02  1.219724e+02  2.945176e+01  1.691701e+01 
                                  0.000            90.000 
 0.7071  3.383402252e+01   3.383402252e+01   3.383402252e+01 
  513.000  8.825724e+02  1.105937e+02  9.931661e+01  1.140771e+02  2.738070e+01  1.580673e+01 
                                  0.000            90.000 
 0.7071  3.161346054e+01   3.161346054e+01   3.161346054e+01 
  514.000  8.745436e+02  1.086789e+02  9.832227e+01  1.130393e+02  2.695578e+01  1.564847e+01 
                                  0.000            90.000 
 0.7071  3.129694939e+01   3.129694939e+01   3.129694939e+01 
  515.000  8.648901e+02  1.065513e+02  9.714414e+01  1.117916e+02  2.647722e+01  1.546097e+01 
                                  0.000            90.000 
 0.7071  3.092193985e+01   3.092193985e+01   3.092193985e+01 
  516.000  9.278085e+02  1.133097e+02  1.041118e+02  1.199241e+02  2.820295e+01  1.656991e+01 
                                  0.000            90.000 
 0.7071  3.313982010e+01   3.313982010e+01   3.313982010e+01 
  517.000  7.560023e+02  9.143169e+01  8.474340e+01  9.771725e+01  2.279963e+01  1.348733e+01 
                                  0.000            90.000 
 0.7071  2.697466469e+01   2.697466469e+01   2.697466469e+01 
  518.000  8.335882e+02  1.000477e+02  9.336359e+01  1.077456e+02  2.498277e+01  1.485928e+01 
                                  0.000            90.000 
 0.7071  2.971855354e+01   2.971855354e+01   2.971855354e+01 
  519.000  7.933726e+02  9.433547e+01  8.877081e+01  1.025476e+02  2.359662e+01  1.412831e+01 
                                  0.000            90.000 
 0.7071  2.825662613e+01   2.825662613e+01   2.825662613e+01 
  520.000  8.812789e+02  1.039638e+02  9.852427e+01  1.139099e+02  2.604270e+01  1.568062e+01 
                                  0.000            90.000 
 0.7071  3.136124992e+01   3.136124992e+01   3.136124992e+01 
  521.000  8.963320e+02  1.047279e+02  1.001060e+02  1.158556e+02  2.627939e+01  1.593236e+01 
                                  0.000            90.000 
 0.7071  3.186472511e+01   3.186472511e+01   3.186472511e+01 
  522.000  9.199091e+02  1.066703e+02  1.026579e+02  1.189031e+02  2.680155e+01  1.633852e+01 
                                  0.000            90.000 
 0.7071  3.267703629e+01   3.267703629e+01   3.267703629e+01 
  523.000  8.699528e+02  9.998170e+01  9.699345e+01  1.124460e+02  2.515761e+01  1.543699e+01 
                                  0.000            90.000 
 0.7071  3.087397385e+01   3.087397385e+01   3.087397385e+01 
  524.000  9.387377e+02  1.069516e+02  1.045689e+02  1.213368e+02  2.691853e+01  1.664266e+01 
                                  0.000            90.000 
 0.7071  3.328532791e+01   3.328532791e+01   3.328532791e+01 
  525.000  9.318210e+02  1.052493e+02  1.037070e+02  1.204427e+02  2.650012e+01  1.650549e+01 
                                  0.000            90.000 
 0.7071  3.301097107e+01   3.301097107e+01   3.301097107e+01 
  526.000  8.816323e+02  9.875586e+01  9.803881e+01  1.139556e+02  2.493492e+01  1.560336e+01 
                                  0.000            90.000 
 0.7071  3.120672417e+01   3.120672417e+01   3.120672417e+01 
  527.000  8.083517e+02  8.959074e+01  8.979425e+01  1.044837e+02  2.262924e+01  1.429120e+01 
                                  0.000            90.000 
 0.7071  2.858239746e+01   2.858239746e+01   2.858239746e+01 
  528.000  9.255043e+02  1.017741e+02  1.027278e+02  1.196263e+02  2.573286e+01  1.634964e+01 
                                  0.000            90.000 
 0.7071  3.269928741e+01   3.269928741e+01   3.269928741e+01 
  529.000  9.300238e+02  1.013188e+02  1.031343e+02  1.202104e+02  2.564203e+01  1.641433e+01 
                                  0.000            90.000 
 0.7071  3.282865524e+01   3.282865524e+01   3.282865524e+01 
  530.000  9.208957e+02  9.952576e+01  1.020422e+02  1.190306e+02  2.522946e+01  1.624051e+01 
                                  0.000            90.000 
 0.7071  3.248102570e+01   3.248102570e+01   3.248102570e+01 
  531.000  9.749141e+02  1.044732e+02  1.079387e+02  1.260127e+02  2.651628e+01  1.717898e+01 
                                  0.000            90.000 
 0.7071  3.435795975e+01   3.435795975e+01   3.435795975e+01 
  532.000  9.243701e+02  9.824086e+01  1.022611e+02  1.194797e+02  2.497281e+01  1.627536e+01 
                                  0.000            90.000 
 0.7071  3.255071640e+01   3.255071640e+01   3.255071640e+01 
  533.000  8.061668e+02  8.497153e+01  8.911384e+01  1.042013e+02  2.163598e+01  1.418291e+01 
                                  0.000            90.000 
 0.7071  2.836581802e+01   2.836581802e+01   2.836581802e+01 
  534.000  8.625648e+02  9.018264e+01  9.527474e+01  1.114910e+02  2.300263e+01  1.516345e+01 
                                  0.000            90.000 
 0.7071  3.032689285e+01   3.032689285e+01   3.032689285e+01 
  535.000  9.033995e+02  9.376196e+01  9.971615e+01  1.167691e+02  2.395967e+01  1.587032e+01 
                                  0.000            90.000 
 0.7071  3.174063492e+01   3.174063492e+01   3.174063492e+01 
  536.000  9.556412e+02  9.828259e+01  1.053924e+02  1.235216e+02  2.517377e+01  1.677372e+01 
                                  0.000            90.000 
 0.7071  3.354743958e+01   3.354743958e+01   3.354743958e+01 
  537.000  9.090443e+02  9.275254e+01  1.001797e+02  1.174987e+02  2.380621e+01  1.594409e+01 
                                  0.000            90.000 
 0.7071  3.188818359e+01   3.188818359e+01   3.188818359e+01 
  538.000  9.449650e+02  9.563252e+01  1.040598e+02  1.221417e+02  2.459329e+01  1.656162e+01 
                                  0.000            90.000 
 0.7071  3.312324905e+01   3.312324905e+01   3.312324905e+01 
  539.000  9.277343e+02  9.299805e+01  1.020732e+02  1.199145e+02  2.392411e+01  1.624546e+01 
                                  0.000            90.000 
 0.7071  3.249092102e+01   3.249092102e+01   3.249092102e+01 
  540.000  8.634147e+02  8.596939e+01  9.493841e+01  1.116009e+02  2.214228e+01  1.510992e+01 
                                  0.000            90.000 
 0.7071  3.021983337e+01   3.021983337e+01   3.021983337e+01 
  541.000  8.527151e+02  8.392213e+01  9.366373e+01  1.102179e+02  2.144510e+01  1.490705e+01 
                                  0.000            90.000 
 0.7071  2.981409073e+01   2.981409073e+01   2.981409073e+01 
  542.000  9.103223e+02  8.898756e+01  9.993098e+01  1.176639e+02  2.283090e+01  1.590451e+01 
                                  0.000            90.000 
 0.7071  3.180901909e+01   3.180901909e+01   3.180901909e+01 
  543.000  9.199996e+02  8.926609e+01  1.009266e+02  1.189148e+02  2.306516e+01  1.606296e+01 
                                  0.000            90.000 
 0.7071  3.212592316e+01   3.212592316e+01   3.212592316e+01 
  544.000  9.362181e+02  9.008403e+01  1.026302e+02  1.210111e+02  2.325945e+01  1.633411e+01 
                                  0.000            90.000 
 0.7071  3.266821671e+01   3.266821671e+01   3.266821671e+01 
  545.000  9.382048e+02  8.962414e+01  1.027829e+02  1.212679e+02  2.320346e+01  1.635841e+01 
                                  0.000            90.000 
 0.7071  3.271681213e+01   3.271681213e+01   3.271681213e+01 
  546.000  8.909177e+02  8.432151e+01  9.752392e+01  1.151558e+02  2.178748e+01  1.552141e+01 
                                  0.000            90.000 
 0.7071  3.104282951e+01   3.104282951e+01   3.104282951e+01 
  547.000  9.253047e+02  8.689027e+01  1.012195e+02  1.196005e+02  2.253934e+01  1.610958e+01 
                                  0.000            90.000 
 0.7071  3.221916962e+01   3.221916962e+01   3.221916962e+01 
  548.000  8.926926e+02  8.321982e+01  9.759125e+01  1.153852e+02  2.171088e+01  1.553213e+01 
                                  0.000            90.000 
 0.7071  3.106425858e+01   3.106425858e+01   3.106425858e+01 
  549.000  9.098341e+02  8.430074e+01  9.941348e+01  1.176008e+02  2.201858e+01  1.582215e+01 
                                  0.000            90.000 
 0.7071  3.164429474e+01   3.164429474e+01   3.164429474e+01 
  550.000  9.156079e+02  8.407090e+01  9.996788e+01  1.183471e+02  2.200901e+01  1.591038e+01 
                                  0.000            90.000 
 0.7071  3.182076645e+01   3.182076645e+01   3.182076645e+01 
  551.000  9.111001e+02  8.319362e+01  9.942937e+01  1.177645e+02  2.185168e+01  1.582468e+01 
                                  0.000            90.000 
 0.7071  3.164935303e+01   3.164935303e+01   3.164935303e+01 
  552.000  9.389066e+02  8.496201e+01  1.023869e+02  1.213586e+02  2.235372e+01  1.629538e+01 
                                  0.000            90.000 
 0.7071  3.259075165e+01   3.259075165e+01   3.259075165e+01 
  553.000  8.978116e+02  8.060586e+01  9.784175e+01  1.160469e+02  2.124762e+01  1.557200e+01 
                                  0.000            90.000 
 0.7071  3.114399719e+01   3.114399719e+01   3.114399719e+01 
  554.000  9.248174e+02  8.235214e+01  1.007170e+02  1.195375e+02  2.174236e+01  1.602960e+01 
                                  0.000            90.000 
 0.7071  3.205920410e+01   3.205920410e+01   3.205920410e+01 
  555.000  9.317789e+02  8.228543e+01  1.014064e+02  1.204373e+02  2.175919e+01  1.613934e+01 
                                  0.000            90.000 
 0.7071  3.227867126e+01   3.227867126e+01   3.227867126e+01 
  556.000  9.169155e+02  8.038039e+01  9.972959e+01  1.185161e+02  2.128247e+01  1.587246e+01 
                                  0.000            90.000 
 0.7071  3.174491501e+01   3.174491501e+01   3.174491501e+01 
  557.000  8.969555e+02  7.798266e+01  9.749382e+01  1.159362e+02  2.067613e+01  1.551662e+01 
                                  0.000            90.000 
 0.7071  3.103324699e+01   3.103324699e+01   3.103324699e+01 
  558.000  9.110680e+02  7.857516e+01  9.896432e+01  1.177603e+02  2.086013e+01  1.575066e+01 
                                  0.000            90.000 
 0.7071  3.150132179e+01   3.150132179e+01   3.150132179e+01 
  559.000  8.836443e+02  7.567966e+01  9.593240e+01  1.142157e+02  2.011508e+01  1.526812e+01 
                                  0.000            90.000 
 0.7071  3.053623199e+01   3.053623199e+01   3.053623199e+01 
  560.000  8.960043e+02  7.607590e+01  9.720802e+01  1.158132e+02  2.024707e+01  1.547114e+01 
                                  0.000            90.000 
 0.7071  3.094227600e+01   3.094227600e+01   3.094227600e+01 
  561.000  9.247314e+02  7.789971e+01  1.002631e+02  1.195264e+02  2.075626e+01  1.595737e+01 
                                  0.000            90.000 
 0.7071  3.191474152e+01   3.191474152e+01   3.191474152e+01 
  562.000  8.684784e+02  7.254032e+01  9.410187e+01  1.122554e+02  1.935227e+01  1.497678e+01 
                                  0.000            90.000 
 0.7071  2.995355415e+01   2.995355415e+01   2.995355415e+01 
  563.000  9.257587e+02  7.673610e+01  1.002495e+02  1.196592e+02  2.048967e+01  1.595520e+01 
                                  0.000            90.000 
 0.7071  3.191040230e+01   3.191040230e+01   3.191040230e+01 
  564.000  9.066514e+02  7.453596e+01  9.811874e+01  1.171894e+02  1.991669e+01  1.561608e+01 
                                  0.000            90.000 
 0.7071  3.123216438e+01   3.123216438e+01   3.123216438e+01 
  565.000  9.178618e+02  7.488438e+01  9.927462e+01  1.186384e+02  2.001622e+01  1.580005e+01 
                                  0.000            90.000 
 0.7071  3.160009193e+01   3.160009193e+01   3.160009193e+01 
  566.000  8.538909e+02  6.902535e+01  9.229163e+01  1.103699e+02  1.844471e+01  1.468867e+01 
                                  0.000            90.000 
 0.7071  2.937733841e+01   2.937733841e+01   2.937733841e+01 
  567.000  8.926621e+02  7.153424e+01  9.641964e+01  1.153812e+02  1.907368e+01  1.534566e+01 
                                  0.000            90.000 
 0.7071  3.069132233e+01   3.069132233e+01   3.069132233e+01 
  568.000  9.108282e+02  7.229182e+01  9.831201e+01  1.177293e+02  1.914954e+01  1.564684e+01 
                                  0.000            90.000 
 0.7071  3.129368401e+01   3.129368401e+01   3.129368401e+01 
  569.000  8.882615e+02  6.937353e+01  9.576350e+01  1.148124e+02  1.804457e+01  1.524123e+01 
                                  0.000            90.000 
 0.7071  3.048246956e+01   3.048246956e+01   3.048246956e+01 
  570.000  8.920551e+02  6.915195e+01  9.612071e+01  1.153028e+02  1.807707e+01  1.529809e+01 
                                  0.000            90.000 
 0.7071  3.059617233e+01   3.059617233e+01   3.059617233e+01 
  571.000  8.692767e+02  6.680635e+01  9.360831e+01  1.123586e+02  1.749049e+01  1.489822e+01 
                                  0.000            90.000 
 0.7071  2.979644966e+01   2.979644966e+01   2.979644966e+01 
  572.000  8.953752e+02  6.803461e+01  9.634098e+01  1.157319e+02  1.761565e+01  1.533314e+01 
                                  0.000            90.000 
 0.7071  3.066628838e+01   3.066628838e+01   3.066628838e+01 
  573.000  9.147143e+02  6.897922e+01  9.836935e+01  1.182316e+02  1.787567e+01  1.565597e+01 
                                  0.000            90.000 
 0.7071  3.131193733e+01   3.131193733e+01   3.131193733e+01 
  574.000  9.012242e+02  6.720490e+01  9.684291e+01  1.164879e+02  1.728859e+01  1.541303e+01 
                                  0.000            90.000 
 0.7071  3.082605553e+01   3.082605553e+01   3.082605553e+01 
  575.000  8.860209e+02  6.546034e+01  9.514812e+01  1.145228e+02  1.684095e+01  1.514329e+01 
                                  0.000            90.000 
 0.7071  3.028658867e+01   3.028658867e+01   3.028658867e+01 
  576.000  8.967431e+02  6.564592e+01  9.623891e+01  1.159087e+02  1.686694e+01  1.531690e+01 
                                  0.000            90.000 
 0.7071  3.063379669e+01   3.063379669e+01   3.063379669e+01 
  577.000  8.977526e+02  6.525903e+01  9.630116e+01  1.160392e+02  1.676964e+01  1.532681e+01 
                                  0.000            90.000 
 0.7071  3.065361404e+01   3.065361404e+01   3.065361404e+01 
  578.000  8.868508e+02  6.402605e+01  9.508769e+01  1.146301e+02  1.654700e+01  1.513368e+01 
                                  0.000            90.000 
 0.7071  3.026735306e+01   3.026735306e+01   3.026735306e+01 
  579.000  8.662771e+02  6.217030e+01  9.284474e+01  1.119708e+02  1.616267e+01  1.477670e+01 
                                  0.000            90.000 
 0.7071  2.955339813e+01   2.955339813e+01   2.955339813e+01 
  580.000  8.925660e+02  6.380339e+01  9.563694e+01  1.153688e+02  1.667973e+01  1.522109e+01 
                                  0.000            90.000 
 0.7071  3.044218445e+01   3.044218445e+01   3.044218445e+01 
  581.000  8.948458e+02  6.365949e+01  9.585054e+01  1.156635e+02  1.674341e+01  1.525509e+01 
                                  0.000            90.000 
 0.7071  3.051017189e+01   3.051017189e+01   3.051017189e+01 
  582.000  9.173986e+02  6.493928e+01  9.823379e+01  1.185786e+02  1.717684e+01  1.563439e+01 
                                  0.000            90.000 
 0.7071  3.126878738e+01   3.126878738e+01   3.126878738e+01 
  583.000  9.176329e+02  6.468639e+01  9.823193e+01  1.186089e+02  1.723945e+01  1.563410e+01 
                                  0.000            90.000 
 0.7071  3.126819420e+01   3.126819420e+01   3.126819420e+01 
  584.000  9.150881e+02  6.407127e+01  9.791594e+01  1.182799e+02  1.721038e+01  1.558381e+01 
                                  0.000            90.000 
 0.7071  3.116761208e+01   3.116761208e+01   3.116761208e+01 
  585.000  9.089970e+02  6.335768e+01  9.723547e+01  1.174926e+02  1.707276e+01  1.547551e+01 
                                  0.000            90.000 
 0.7071  3.095101166e+01   3.095101166e+01   3.095101166e+01 
  586.000  8.803628e+02  6.103592e+01  9.413987e+01  1.137915e+02  1.653438e+01  1.498283e+01 
                                  0.000            90.000 
 0.7071  2.996565056e+01   2.996565056e+01   2.996565056e+01 
  587.000  9.015631e+02  6.190779e+01  9.634709e+01  1.165317e+02  1.667020e+01  1.533412e+01 
                                  0.000            90.000 
 0.7071  3.066823196e+01   3.066823196e+01   3.066823196e+01 
  588.000  8.934559e+02  6.020034e+01  9.536563e+01  1.154839e+02  1.572689e+01  1.517791e+01 
                                  0.000            90.000 
 0.7071  3.035582352e+01   3.035582352e+01   3.035582352e+01 
  589.000  8.194557e+02  5.396502e+01  8.734207e+01  1.059189e+02  1.370029e+01  1.390092e+01 
                                  0.000            90.000 
 0.7071  2.780184746e+01   2.780184746e+01   2.780184746e+01 
  590.000  8.300341e+02  5.404610e+01  8.840802e+01  1.072863e+02  1.363548e+01  1.407057e+01 
                                  0.000            90.000 
 0.7071  2.814114761e+01   2.814114761e+01   2.814114761e+01 
  591.000  8.776614e+02  5.727286e+01  9.349343e+01  1.134423e+02  1.470686e+01  1.487994e+01 
                                  0.000            90.000 
 0.7071  2.975988388e+01   2.975988388e+01   2.975988388e+01 
  592.000  8.542881e+02  5.501710e+01  9.093052e+01  1.104212e+02  1.402480e+01  1.447204e+01 
                                  0.000            90.000 
 0.7071  2.894408607e+01   2.894408607e+01   2.894408607e+01 
  593.000  8.676358e+02  5.637164e+01  9.240074e+01  1.121465e+02  1.491683e+01  1.470603e+01 
                                  0.000            90.000 
 0.7071  2.941206932e+01   2.941206932e+01   2.941206932e+01 
  594.000  8.761136e+02  5.611161e+01  9.322253e+01  1.132423e+02  1.463498e+01  1.483683e+01 
                                  0.000            90.000 
 0.7071  2.967365074e+01   2.967365074e+01   2.967365074e+01 
  595.000  8.655801e+02  5.467581e+01  9.202559e+01  1.118808e+02  1.401232e+01  1.464633e+01 
                                  0.000            90.000 
 0.7071  2.929265594e+01   2.929265594e+01   2.929265594e+01 
  596.000  8.841964e+02  5.629391e+01  9.404903e+01  1.142870e+02  1.492730e+01  1.496837e+01 
                                  0.000            90.000 
 0.7071  2.993673706e+01   2.993673706e+01   2.993673706e+01 
  597.000  8.953572e+02  5.668286e+01  9.520400e+01  1.157296e+02  1.506341e+01  1.515219e+01 
                                  0.000            90.000 
 0.7071  3.030437469e+01   3.030437469e+01   3.030437469e+01 
  598.000  8.826627e+02  5.562132e+01  9.382839e+01  1.140888e+02  1.490073e+01  1.493325e+01 
                                  0.000            90.000 
 0.7071  2.986650467e+01   2.986650467e+01   2.986650467e+01 
  599.000  8.758296e+02  5.497716e+01  9.308068e+01  1.132056e+02  1.488027e+01  1.481425e+01 
                                  0.000            90.000 
 0.7071  2.962849998e+01   2.962849998e+01   2.962849998e+01 
  600.000  8.860013e+02  5.546685e+01  9.414681e+01  1.145203e+02  1.523981e+01  1.498393e+01 
                                  0.000            90.000 
 0.7071  2.996786118e+01   2.996786118e+01   2.996786118e+01 
  601.000  8.643994e+02  5.396340e+01  9.183627e+01  1.117281e+02  1.501406e+01  1.461620e+01 
                                  0.000            90.000 
 0.7071  2.923239326e+01   2.923239326e+01   2.923239326e+01 
  602.000  8.655187e+02  5.362392e+01  9.191427e+01  1.118728e+02  1.498902e+01  1.462861e+01 
                                  0.000            90.000 
 0.7071  2.925721741e+01   2.925721741e+01   2.925721741e+01 
  603.000  8.683403e+02  5.352133e+01  9.218616e+01  1.122375e+02  1.503183e+01  1.467188e+01 
                                  0.000            90.000 
 0.7071  2.934376717e+01   2.934376717e+01   2.934376717e+01 
  604.000  9.003668e+02  5.516292e+01  9.555297e+01  1.163771e+02  1.559098e+01  1.520773e+01 
                                  0.000            90.000 
 0.7071  3.041545677e+01   3.041545677e+01   3.041545677e+01 
  605.000  9.023571e+02  5.489016e+01  9.572472e+01  1.166344e+02  1.555244e+01  1.523506e+01 
                                  0.000            90.000 
 0.7071  3.047012711e+01   3.047012711e+01   3.047012711e+01 
  606.000  8.964745e+02  5.413316e+01  9.506076e+01  1.158740e+02  1.536624e+01  1.512939e+01 
                                  0.000            90.000 
 0.7071  3.025878143e+01   3.025878143e+01   3.025878143e+01 
  607.000  8.858198e+02  5.317152e+01  9.389913e+01  1.144968e+02  1.512554e+01  1.494451e+01 
                                  0.000            90.000 
 0.7071  2.988902283e+01   2.988902283e+01   2.988902283e+01 
  608.000  8.954771e+02  5.336786e+01  9.488450e+01  1.157451e+02  1.520369e+01  1.510134e+01 
                                  0.000            90.000 
 0.7071  3.020267296e+01   3.020267296e+01   3.020267296e+01 
  609.000  8.889222e+02  5.263713e+01  9.415593e+01  1.148978e+02  1.501939e+01  1.498538e+01 
                                  0.000            90.000 
 0.7071  2.997076225e+01   2.997076225e+01   2.997076225e+01 
  610.000  8.754589e+02  5.149976e+01  9.269587e+01  1.131577e+02  1.471491e+01  1.475301e+01 
                                  0.000            90.000 
 0.7071  2.950601196e+01   2.950601196e+01   2.950601196e+01 
  611.000  8.759623e+02  5.122565e+01  9.271880e+01  1.132227e+02  1.465489e+01  1.475666e+01 
                                  0.000            90.000 
 0.7071  2.951331139e+01   2.951331139e+01   2.951331139e+01 
  612.000  8.892180e+02  5.158795e+01  9.408060e+01  1.149361e+02  1.478131e+01  1.497339e+01 
                                  0.000            90.000 
 0.7071  2.994678497e+01   2.994678497e+01   2.994678497e+01 
  613.000  8.713689e+02  5.020205e+01  9.215710e+01  1.126290e+02  1.440242e+01  1.466726e+01 
                                  0.000            90.000 
 0.7071  2.933451462e+01   2.933451462e+01   2.933451462e+01 
  614.000  8.628031e+02  4.935746e+01  9.121606e+01  1.115218e+02  1.417603e+01  1.451749e+01 
                                  0.000            90.000 
 0.7071  2.903497314e+01   2.903497314e+01   2.903497314e+01 
  615.000  8.695986e+02  4.942891e+01  9.190276e+01  1.124002e+02  1.420780e+01  1.462678e+01 
                                  0.000            90.000 
 0.7071  2.925355721e+01   2.925355721e+01   2.925355721e+01 
  616.000  8.405821e+02  4.742426e+01  8.880064e+01  1.086496e+02  1.364037e+01  1.413306e+01 
                                  0.000            90.000 
 0.7071  2.826611900e+01   2.826611900e+01   2.826611900e+01 
  617.000  8.249822e+02  4.626109e+01  8.712433e+01  1.066333e+02  1.330838e+01  1.386627e+01 
                                  0.000            90.000 
 0.7071  2.773253441e+01   2.773253441e+01   2.773253441e+01 
  618.000  8.802881e+02  4.892405e+01  9.292122e+01  1.137818e+02  1.407083e+01  1.478887e+01 
                                  0.000            90.000 
 0.7071  2.957774162e+01   2.957774162e+01   2.957774162e+01 
  619.000  8.887496e+02  4.904813e+01  9.377977e+01  1.148755e+02  1.409604e+01  1.492551e+01 
                                  0.000            90.000 
 0.7071  2.985102844e+01   2.985102844e+01   2.985102844e+01 
  620.000  8.793651e+02  4.815210e+01  9.275172e+01  1.136625e+02  1.381922e+01  1.476190e+01 
                                  0.000            90.000 
 0.7071  2.952379036e+01   2.952379036e+01   2.952379036e+01 
  621.000  8.971513e+02  4.876495e+01  9.459163e+01  1.159615e+02  1.396942e+01  1.505473e+01 
                                  0.000            90.000 
 0.7071  3.010945129e+01   3.010945129e+01   3.010945129e+01 
  622.000  8.763923e+02  4.729375e+01  9.236861e+01  1.132783e+02  1.351837e+01  1.470092e+01 
                                  0.000            90.000 
 0.7071  2.940184021e+01   2.940184021e+01   2.940184021e+01 
  623.000  8.701290e+02  4.648542e+01  9.166145e+01  1.124687e+02  1.323934e+01  1.458837e+01 
                                  0.000            90.000 
 0.7071  2.917674255e+01   2.917674255e+01   2.917674255e+01 
  624.000  8.465063e+02  4.493898e+01  8.914452e+01  1.094154e+02  1.276563e+01  1.418779e+01 
                                  0.000            90.000 
 0.7071  2.837558174e+01   2.837558174e+01   2.837558174e+01 
  625.000  8.474070e+02  4.451816e+01  8.919251e+01  1.095318e+02  1.259474e+01  1.419543e+01 
                                  0.000            90.000 
 0.7071  2.839085960e+01   2.839085960e+01   2.839085960e+01 
  626.000  8.342579e+02  4.338866e+01  8.776466e+01  1.078322e+02  1.220167e+01  1.396818e+01 
                                  0.000            90.000 
 0.7071  2.793635941e+01   2.793635941e+01   2.793635941e+01 
  627.000  8.614546e+02  4.434233e+01  9.057970e+01  1.113475e+02  1.235537e+01  1.441621e+01 
                                  0.000            90.000 
 0.7071  2.883241081e+01   2.883241081e+01   2.883241081e+01 
  628.000  8.385681e+02  4.210243e+01  8.806705e+01  1.083893e+02  1.127555e+01  1.401631e+01 
                                  0.000            90.000 
 0.7071  2.803261375e+01   2.803261375e+01   2.803261375e+01 
  629.000  8.639864e+02  4.337803e+01  9.073643e+01  1.116748e+02  1.172069e+01  1.444115e+01 
                                  0.000            90.000 
 0.7071  2.888230705e+01   2.888230705e+01   2.888230705e+01 
  630.000  8.499402e+02  4.251501e+01  8.924553e+01  1.098592e+02  1.153095e+01  1.420387e+01 
                                  0.000            90.000 
 0.7071  2.840773392e+01   2.840773392e+01   2.840773392e+01 
  631.000  8.517524e+02  4.259761e+01  8.943501e+01  1.100935e+02  1.178931e+01  1.423402e+01 
                                  0.000            90.000 
 0.7071  2.846804810e+01   2.846804810e+01   2.846804810e+01 
  632.000  8.296077e+02  4.120742e+01  8.708151e+01  1.072311e+02  1.143128e+01  1.385945e+01 
                                  0.000            90.000 
 0.7071  2.771890831e+01   2.771890831e+01   2.771890831e+01 
  633.000  8.611966e+02  4.269593e+01  9.038925e+01  1.113142e+02  1.196513e+01  1.438590e+01 
                                  0.000            90.000 
 0.7071  2.877179337e+01   2.877179337e+01   2.877179337e+01 
  634.000  8.435083e+02  4.160153e+01  8.851099e+01  1.090279e+02  1.174310e+01  1.408696e+01 
                                  0.000            90.000 
 0.7071  2.817392159e+01   2.817392159e+01   2.817392159e+01 
  635.000  8.624495e+02  4.236818e+01  9.048177e+01  1.114761e+02  1.204885e+01  1.440062e+01 
                                  0.000            90.000 
 0.7071  2.880124092e+01   2.880124092e+01   2.880124092e+01 
  636.000  8.452294e+02  4.128132e+01  8.865108e+01  1.092503e+02  1.177136e+01  1.410926e+01 
                                  0.000            90.000 
 0.7071  2.821851540e+01   2.821851540e+01   2.821851540e+01 
  637.000  8.630945e+02  4.194589e+01  9.050404e+01  1.115595e+02  1.204780e+01  1.440417e+01 
                                  0.000            90.000 
 0.7071  2.880833244e+01   2.880833244e+01   2.880833244e+01 
  638.000  8.788369e+02  4.252539e+01  9.213623e+01  1.135943e+02  1.235212e+01  1.466394e+01 
                                  0.000            90.000 
 0.7071  2.932787323e+01   2.932787323e+01   2.932787323e+01 
  639.000  8.637449e+02  4.161489e+01  9.053600e+01  1.116436e+02  1.213995e+01  1.440925e+01 
                                  0.000            90.000 
 0.7071  2.881850052e+01   2.881850052e+01   2.881850052e+01 
  640.000  8.409730e+02  4.036140e+01  8.813345e+01  1.087002e+02  1.184139e+01  1.402687e+01 
                                  0.000            90.000 
 0.7071  2.805374718e+01   2.805374718e+01   2.805374718e+01 
  641.000  8.492592e+02  4.045165e+01  8.897109e+01  1.097712e+02  1.187095e+01  1.416019e+01 
                                  0.000            90.000 
 0.7071  2.832037735e+01   2.832037735e+01   2.832037735e+01 
  642.000  8.631348e+02  4.098656e+01  9.041214e+01  1.115647e+02  1.213816e+01  1.438954e+01 
                                  0.000            90.000 
 0.7071  2.877907753e+01   2.877907753e+01   2.877907753e+01 
  643.000  8.655972e+02  4.079948e+01  9.063967e+01  1.118830e+02  1.207913e+01  1.442575e+01 
                                  0.000            90.000 
 0.7071  2.885150337e+01   2.885150337e+01   2.885150337e+01 
  644.000  8.505565e+02  3.987653e+01  8.904330e+01  1.099389e+02  1.184455e+01  1.417168e+01 
                                  0.000            90.000 
 0.7071  2.834336281e+01   2.834336281e+01   2.834336281e+01 
  645.000  8.481671e+02  3.937963e+01  8.875468e+01  1.096300e+02  1.161316e+01  1.412575e+01 
                                  0.000            90.000 
 0.7071  2.825149155e+01   2.825149155e+01   2.825149155e+01 
  646.000  8.471819e+02  3.873493e+01  8.859169e+01  1.095027e+02  1.109216e+01  1.409980e+01 
                                  0.000            90.000 
 0.7071  2.819960976e+01   2.819960976e+01   2.819960976e+01 
  647.000  8.330178e+02  3.751581e+01  8.705337e+01  1.076719e+02  1.056082e+01  1.385497e+01 
                                  0.000            90.000 
 0.7071  2.770994377e+01   2.770994377e+01   2.770994377e+01 
  648.000  8.252557e+02  3.646203e+01  8.617178e+01  1.066686e+02  1.000229e+01  1.371466e+01 
                                  0.000            90.000 
 0.7071  2.742932701e+01   2.742932701e+01   2.742932701e+01 
  649.000  8.228978e+02  3.632407e+01  8.592218e+01  1.063638e+02  1.013364e+01  1.367494e+01 
                                  0.000            90.000 
 0.7071  2.734988022e+01   2.734988022e+01   2.734988022e+01 
  650.000  8.185210e+02  3.628699e+01  8.548080e+01  1.057981e+02  1.040578e+01  1.360469e+01 
                                  0.000            90.000 
 0.7071  2.720938492e+01   2.720938492e+01   2.720938492e+01 
  651.000  8.473995e+02  3.752960e+01  8.849292e+01  1.095308e+02  1.092389e+01  1.408409e+01 
                                  0.000            90.000 
 0.7071  2.816817093e+01   2.816817093e+01   2.816817093e+01 
  652.000  8.333140e+02  3.628275e+01  8.695967e+01  1.077102e+02  1.020172e+01  1.384006e+01 
                                  0.000            90.000 
 0.7071  2.768012238e+01   2.768012238e+01   2.768012238e+01 
  653.000  8.511640e+02  3.736932e+01  8.885332e+01  1.100174e+02  1.089690e+01  1.414145e+01 
                                  0.000            90.000 
 0.7071  2.828289223e+01   2.828289223e+01   2.828289223e+01 
  654.000  8.436813e+02  3.667142e+01  8.803527e+01  1.090502e+02  1.064559e+01  1.401125e+01 
                                  0.000            90.000 
 0.7071  2.802249718e+01   2.802249718e+01   2.802249718e+01 
  655.000  8.256755e+02  3.539865e+01  8.610741e+01  1.067229e+02  1.016296e+01  1.370442e+01 
                                  0.000            90.000 
 0.7071  2.740884209e+01   2.740884209e+01   2.740884209e+01 
  656.000  7.234276e+02  3.101386e+01  7.544415e+01  9.350680e+01  9.026278e+00  1.200731e+01 
                                  0.000            90.000 
 0.7071  2.401461601e+01   2.401461601e+01   2.401461601e+01 
  657.000  7.490863e+02  3.185536e+01  7.809417e+01  9.682333e+01  9.273882e+00  1.242907e+01 
                                  0.000            90.000 
 0.7071  2.485814667e+01   2.485814667e+01   2.485814667e+01 
  658.000  8.242683e+02  3.508633e+01  8.593546e+01  1.065410e+02  1.040944e+01  1.367705e+01 
                                  0.000            90.000 
 0.7071  2.735410881e+01   2.735410881e+01   2.735410881e+01 
  659.000  8.304964e+02  3.525095e+01  8.657473e+01  1.073460e+02  1.056022e+01  1.377880e+01 
                                  0.000            90.000 
 0.7071  2.755759430e+01   2.755759430e+01   2.755759430e+01 
  660.000  8.285610e+02  3.504128e+01  8.636023e+01  1.070958e+02  1.062928e+01  1.374466e+01 
                                  0.000            90.000 
 0.7071  2.748931503e+01   2.748931503e+01   2.748931503e+01 
  661.000  8.502595e+02  3.576473e+01  8.860242e+01  1.099005e+02  1.091677e+01  1.410151e+01 
                                  0.000            90.000 
 0.7071  2.820302582e+01   2.820302582e+01   2.820302582e+01 
  662.000  8.516711e+02  3.570100e+01  8.873721e+01  1.100829e+02  1.095216e+01  1.412297e+01 
                                  0.000            90.000 
 0.7071  2.824593353e+01   2.824593353e+01   2.824593353e+01 
  663.000  8.470222e+02  3.524282e+01  8.822650e+01  1.094820e+02  1.078766e+01  1.404168e+01 
                                  0.000            90.000 
 0.7071  2.808336830e+01   2.808336830e+01   2.808336830e+01 
  664.000  8.396006e+02  3.473012e+01  8.743307e+01  1.085228e+02  1.068128e+01  1.391541e+01 
                                  0.000            90.000 
 0.7071  2.783081245e+01   2.783081245e+01   2.783081245e+01 
  665.000  8.370587e+02  3.444678e+01  8.715055e+01  1.081942e+02  1.059641e+01  1.387044e+01 
                                  0.000            90.000 
 0.7071  2.774088287e+01   2.774088287e+01   2.774088287e+01 
  666.000  8.364009e+02  3.420898e+01  8.706099e+01  1.081092e+02  1.056969e+01  1.385619e+01 
                                  0.000            90.000 
 0.7071  2.771237373e+01   2.771237373e+01   2.771237373e+01 
  667.000  8.275223e+02  3.362029e+01  8.611427e+01  1.069616e+02  1.041544e+01  1.370551e+01 
                                  0.000            90.000 
 0.7071  2.741102219e+01   2.741102219e+01   2.741102219e+01 
  668.000  8.465497e+02  3.420806e+01  8.807577e+01  1.094210e+02  1.062516e+01  1.401769e+01 
                                  0.000            90.000 
 0.7071  2.803538895e+01   2.803538895e+01   2.803538895e+01 
  669.000  8.440953e+02  3.390792e+01  8.780033e+01  1.091037e+02  1.054585e+01  1.397386e+01 
                                  0.000            90.000 
 0.7071  2.794771385e+01   2.794771385e+01   2.794771385e+01 
  670.000  8.376525e+02  3.345774e+01  8.711103e+01  1.082710e+02  1.042875e+01  1.386415e+01 
                                  0.000            90.000 
 0.7071  2.772830200e+01   2.772830200e+01   2.772830200e+01 
  671.000  8.340266e+02  3.307792e+01  8.671045e+01  1.078023e+02  1.032741e+01  1.380040e+01 
                                  0.000            90.000 
 0.7071  2.760079384e+01   2.760079384e+01   2.760079384e+01 
  672.000  8.217286e+02  3.242650e+01  8.541551e+01  1.062127e+02  1.013485e+01  1.359430e+01 
                                  0.000            90.000 
 0.7071  2.718860245e+01   2.718860245e+01   2.718860245e+01 
  673.000  8.267750e+02  3.241962e+01  8.591946e+01  1.068650e+02  1.014627e+01  1.367451e+01 
                                  0.000            90.000 
 0.7071  2.734901428e+01   2.734901428e+01   2.734901428e+01 
  674.000  8.323578e+02  3.244275e+01  8.648006e+01  1.075866e+02  1.016659e+01  1.376373e+01 
                                  0.000            90.000 
 0.7071  2.752745438e+01   2.752745438e+01   2.752745438e+01 
  675.000  8.286745e+02  3.209546e+01  8.607700e+01  1.071105e+02  1.007142e+01  1.369958e+01 
                                  0.000            90.000 
 0.7071  2.739915848e+01   2.739915848e+01   2.739915848e+01 
  676.000  8.280515e+02  3.188288e+01  8.599343e+01  1.070300e+02  1.001520e+01  1.368628e+01 
                                  0.000            90.000 
 0.7071  2.737255859e+01   2.737255859e+01   2.737255859e+01 
  677.000  8.256832e+02  3.159919e+01  8.572824e+01  1.067239e+02  9.940771e+00  1.364407e+01 
                                  0.000            90.000 
 0.7071  2.728814697e+01   2.728814697e+01   2.728814697e+01 
  678.000  8.225497e+02  3.129132e+01  8.538410e+01  1.063188e+02  9.856467e+00  1.358930e+01 
                                  0.000            90.000 
 0.7071  2.717860603e+01   2.717860603e+01   2.717860603e+01 
  679.000  8.219258e+02  3.106252e+01  8.529884e+01  1.062382e+02  9.797050e+00  1.357573e+01 
                                  0.000            90.000 
 0.7071  2.715146255e+01   2.715146255e+01   2.715146255e+01 
  680.000  8.193337e+02  3.075930e+01  8.500930e+01  1.059032e+02  9.706951e+00  1.352965e+01 
                                  0.000            90.000 
 0.7071  2.705930138e+01   2.705930138e+01   2.705930138e+01 
  681.000  8.143392e+02  3.038496e+01  8.447242e+01  1.052576e+02  9.579810e+00  1.344420e+01 
                                  0.000            90.000 
 0.7071  2.688840485e+01   2.688840485e+01   2.688840485e+01 
  682.000  8.156844e+02  3.025692e+01  8.459413e+01  1.054315e+02  9.562268e+00  1.346357e+01 
                                  0.000            90.000 
 0.7071  2.692714882e+01   2.692714882e+01   2.692714882e+01 
  683.000  8.124070e+02  2.991692e+01  8.423238e+01  1.050079e+02  9.423657e+00  1.340600e+01 
                                  0.000            90.000 
 0.7071  2.681200218e+01   2.681200218e+01   2.681200218e+01 
  684.000  8.136044e+02  2.978742e+01  8.433920e+01  1.051626e+02  9.386715e+00  1.342300e+01 
                                  0.000            90.000 
 0.7071  2.684599876e+01   2.684599876e+01   2.684599876e+01 
  685.000  8.111840e+02  2.957116e+01  8.407552e+01  1.048498e+02  9.351740e+00  1.338103e+01 
                                  0.000            90.000 
 0.7071  2.676206589e+01   2.676206589e+01   2.676206589e+01 
  686.000  7.897985e+02  2.848608e+01  8.182845e+01  1.020856e+02  8.948118e+00  1.302340e+01 
                                  0.000            90.000 
 0.7071  2.604680824e+01   2.604680824e+01   2.604680824e+01 
  687.000  5.907196e+02  1.948667e+01  6.102063e+01  7.635360e+01  5.103715e+00  9.711735e+00 
                                  0.000            90.000 
 0.7071  1.942346954e+01   1.942346954e+01   1.942346954e+01 
  688.000  6.695661e+02  2.189844e+01  6.914645e+01  8.654493e+01  5.625323e+00  1.100500e+01 
                                  0.000            90.000 
 0.7071  2.201000214e+01   2.201000214e+01   2.201000214e+01 
  689.000  7.155469e+02  2.400941e+01  7.395564e+01  9.248819e+01  6.641693e+00  1.177041e+01 
                                  0.000            90.000 
 0.7071  2.354081154e+01   2.354081154e+01   2.354081154e+01 
  690.000  7.241343e+02  2.398199e+01  7.481164e+01  9.359816e+01  6.548371e+00  1.190664e+01 
                                  0.000            90.000 
 0.7071  2.381328392e+01   2.381328392e+01   2.381328392e+01 
  691.000  7.461719e+02  2.510100e+01  7.712730e+01  9.644663e+01  7.180228e+00  1.227519e+01 
                                  0.000            90.000 
 0.7071  2.455038071e+01   2.455038071e+01   2.455038071e+01 
  692.000  7.581796e+02  2.557237e+01  7.837520e+01  9.799868e+01  7.426992e+00  1.247380e+01 
                                  0.000            90.000 
 0.7071  2.494759941e+01   2.494759941e+01   2.494759941e+01 
  693.000  7.468483e+02  2.471727e+01  7.715656e+01  9.653406e+01  6.935509e+00  1.227985e+01 
                                  0.000            90.000 
 0.7071  2.455969429e+01   2.455969429e+01   2.455969429e+01 
  694.000  7.347837e+02  2.384134e+01  7.586250e+01  9.497464e+01  6.461660e+00  1.207389e+01 
                                  0.000            90.000 
 0.7071  2.414778328e+01   2.414778328e+01   2.414778328e+01 
  695.000  7.444895e+02  2.436463e+01  7.688541e+01  9.622916e+01  6.871248e+00  1.223670e+01 
                                  0.000            90.000 
 0.7071  2.447339058e+01   2.447339058e+01   2.447339058e+01 
  696.000  7.503083e+02  2.455396e+01  7.748623e+01  9.698127e+01  7.019547e+00  1.233232e+01 
                                  0.000            90.000 
 0.7071  2.466463089e+01   2.466463089e+01   2.466463089e+01 
  697.000  7.781044e+02  2.585518e+01  8.039596e+01  1.005741e+02  7.774952e+00  1.279541e+01 
                                  0.000            90.000 
 0.7071  2.559082985e+01   2.559082985e+01   2.559082985e+01 
  698.000  7.723240e+02  2.554953e+01  7.978736e+01  9.982692e+01  7.689306e+00  1.269855e+01 
                                  0.000            90.000 
 0.7071  2.539710426e+01   2.539710426e+01   2.539710426e+01 
  699.000  7.521353e+02  2.417663e+01  7.763120e+01  9.721743e+01  6.877712e+00  1.235539e+01 
                                  0.000            90.000 
 0.7071  2.471077538e+01   2.471077538e+01   2.471077538e+01 
  700.000  7.483264e+02  2.394206e+01  7.722685e+01  9.672510e+01  6.869673e+00  1.229104e+01 
                                  0.000            90.000 
 0.7071  2.458207130e+01   2.458207130e+01   2.458207130e+01 
  701.000  7.364287e+02  2.316498e+01  7.595937e+01  9.518727e+01  6.464826e+00  1.208931e+01 
                                  0.000            90.000 
 0.7071  2.417861748e+01   2.417861748e+01   2.417861748e+01 
  702.000  7.404822e+02  2.333366e+01  7.638159e+01  9.571121e+01  6.635359e+00  1.215651e+01 
                                  0.000            90.000 
 0.7071  2.431301498e+01   2.431301498e+01   2.431301498e+01 
  703.000  7.478083e+02  2.358806e+01  7.713963e+01  9.665813e+01  6.889782e+00  1.227715e+01 
                                  0.000            90.000 
 0.7071  2.455430794e+01   2.455430794e+01   2.455430794e+01 
  704.000  7.583434e+02  2.397881e+01  7.823222e+01  9.801985e+01  7.167780e+00  1.245105e+01 
                                  0.000            90.000 
 0.7071  2.490209198e+01   2.490209198e+01   2.490209198e+01 
  705.000  7.693828e+02  2.420489e+01  7.935876e+01  9.944675e+01  7.138460e+00  1.263034e+01 
                                  0.000            90.000 
 0.7071  2.526067924e+01   2.526067924e+01   2.526067924e+01 
  706.000  7.625074e+02  2.379763e+01  7.863050e+01  9.855807e+01  7.023098e+00  1.251443e+01 
                                  0.000            90.000 
 0.7071  2.502886581e+01   2.502886581e+01   2.502886581e+01 
  707.000  7.533886e+02  2.346204e+01  7.768507e+01  9.737942e+01  6.910730e+00  1.236396e+01 
                                  0.000            90.000 
 0.7071  2.472792435e+01   2.472792435e+01   2.472792435e+01 
  708.000  7.708324e+02  2.399937e+01  7.948318e+01  9.963412e+01  7.168173e+00  1.265014e+01 
                                  0.000            90.000 
 0.7071  2.530027962e+01   2.530027962e+01   2.530027962e+01 
  709.000  7.649404e+02  2.367611e+01  7.886166e+01  9.887256e+01  7.091589e+00  1.255122e+01 
                                  0.000            90.000 
 0.7071  2.510244560e+01   2.510244560e+01   2.510244560e+01 
  710.000  7.689555e+02  2.361018e+01  7.925658e+01  9.939153e+01  7.024102e+00  1.261408e+01 
                                  0.000            90.000 
 0.7071  2.522815132e+01   2.522815132e+01   2.522815132e+01 
  711.000  7.662734e+02  2.348767e+01  7.897611e+01  9.904485e+01  7.118522e+00  1.256944e+01 
                                  0.000            90.000 
 0.7071  2.513887596e+01   2.513887596e+01   2.513887596e+01 
  712.000  7.595061e+02  2.322154e+01  7.827277e+01  9.817014e+01  7.169142e+00  1.245750e+01 
                                  0.000            90.000 
 0.7071  2.491499519e+01   2.491499519e+01   2.491499519e+01 
  713.000  7.525476e+02  2.285455e+01  7.754021e+01  9.727072e+01  7.008178e+00  1.234091e+01 
                                  0.000            90.000 
 0.7071  2.468181801e+01   2.468181801e+01   2.468181801e+01 
  714.000  7.617844e+02  2.299855e+01  7.847829e+01  9.846461e+01  7.000691e+00  1.249021e+01 
                                  0.000            90.000 
 0.7071  2.498041534e+01   2.498041534e+01   2.498041534e+01 
  715.000  7.382078e+02  2.187781e+01  7.600855e+01  9.541721e+01  6.467445e+00  1.209714e+01 
                                  0.000            90.000 
 0.7071  2.419427109e+01   2.419427109e+01   2.419427109e+01 
  716.000  7.285147e+02  2.125517e+01  7.497698e+01  9.416434e+01  6.176353e+00  1.193296e+01 
                                  0.000            90.000 
 0.7071  2.386591530e+01   2.386591530e+01   2.386591530e+01 
  717.000  6.750410e+02  1.848700e+01  6.935280e+01  8.725258e+01  4.610356e+00  1.103784e+01 
                                  0.000            90.000 
 0.7071  2.207568169e+01   2.207568169e+01   2.207568169e+01 
  718.000  6.023397e+02  1.623280e+01  6.185725e+01  7.785555e+01  3.899008e+00  9.844887e+00 
                                  0.000            90.000 
 0.7071  1.968977356e+01   1.968977356e+01   1.968977356e+01 
  719.000  5.505671e+02  1.456018e+01  5.651273e+01  7.116367e+01  3.411884e+00  8.994280e+00 
                                  0.000            90.000 
 0.7071  1.798855972e+01   1.798855972e+01   1.798855972e+01 
  720.000  5.813652e+02  1.511923e+01  5.964845e+01  7.514450e+01  3.430005e+00  9.493344e+00 
                                  0.000            90.000 
 0.7071  1.898668861e+01   1.898668861e+01   1.898668861e+01 
  721.000  6.392818e+02  1.727100e+01  6.565528e+01  8.263052e+01  4.443605e+00  1.044936e+01 
                                  0.000            90.000 
 0.7071  2.089872551e+01   2.089872551e+01   2.089872551e+01 
  722.000  7.039089e+02  1.947690e+01  7.233857e+01  9.098389e+01  5.368883e+00  1.151304e+01 
                                  0.000            90.000 
 0.7071  2.302608299e+01   2.302608299e+01   2.302608299e+01 
  723.000  6.806247e+02  1.853164e+01  6.991563e+01  8.797430e+01  5.001926e+00  1.112742e+01 
                                  0.000            90.000 
 0.7071  2.225483894e+01   2.225483894e+01   2.225483894e+01 
  724.000  6.064806e+02  1.583400e+01  6.223146e+01  7.839079e+01  3.863485e+00  9.904444e+00 
                                  0.000            90.000 
 0.7071  1.980888748e+01   1.980888748e+01   1.980888748e+01 
  725.000  6.101135e+02  1.574152e+01  6.258551e+01  7.886037e+01  3.815934e+00  9.960793e+00 
                                  0.000            90.000 
 0.7071  1.992158508e+01   1.992158508e+01   1.992158508e+01 
  726.000  6.617248e+02  1.716290e+01  6.788877e+01  8.553139e+01  4.282448e+00  1.080483e+01 
                                  0.000            90.000 
 0.7071  2.160966682e+01   2.160966682e+01   2.160966682e+01 
  727.000  6.367497e+02  1.633940e+01  6.530891e+01  8.230323e+01  4.046786e+00  1.039424e+01 
                                  0.000            90.000 
 0.7071  2.078847122e+01   2.078847122e+01   2.078847122e+01 
  728.000  6.326734e+02  1.625229e+01  6.489257e+01  8.177634e+01  4.102442e+00  1.032797e+01 
                                  0.000            90.000 
 0.7071  2.065594673e+01   2.065594673e+01   2.065594673e+01 
  729.000  6.274858e+02  1.592294e+01  6.434089e+01  8.110583e+01  3.950743e+00  1.024017e+01 
                                  0.000            90.000 
 0.7071  2.048033905e+01   2.048033905e+01   2.048033905e+01 
  730.000  6.551926e+02  1.672589e+01  6.719186e+01  8.468708e+01  4.295122e+00  1.069392e+01 
                                  0.000            90.000 
 0.7071  2.138783264e+01   2.138783264e+01   2.138783264e+01 
  731.000  6.325549e+02  1.586061e+01  6.484156e+01  8.176104e+01  3.926048e+00  1.031985e+01 
                                  0.000            90.000 
 0.7071  2.063970757e+01   2.063970757e+01   2.063970757e+01 
  732.000  6.739926e+02  1.731157e+01  6.913042e+01  8.711707e+01  4.649656e+00  1.100245e+01 
                                  0.000            90.000 
 0.7071  2.200489616e+01   2.200489616e+01   2.200489616e+01 
  733.000  6.953651e+02  1.820898e+01  7.135740e+01  8.987958e+01  5.208469e+00  1.135688e+01 
                                  0.000            90.000 
 0.7071  2.271376610e+01   2.271376610e+01   2.271376610e+01 
  734.000  7.232264e+02  1.914805e+01  7.423745e+01  9.348080e+01  5.767277e+00  1.181526e+01 
                                  0.000            90.000 
 0.7071  2.363051414e+01   2.363051414e+01   2.363051414e+01 
  735.000  7.096752e+02  1.848262e+01  7.281578e+01  9.172923e+01  5.423645e+00  1.158899e+01 
                                  0.000            90.000 
 0.7071  2.317798424e+01   2.317798424e+01   2.317798424e+01 
  736.000  7.090507e+02  1.849317e+01  7.275438e+01  9.164851e+01  5.480844e+00  1.157922e+01 
                                  0.000            90.000 
 0.7071  2.315844154e+01   2.315844154e+01   2.315844154e+01 
  737.000  7.119978e+02  1.844999e+01  7.304478e+01  9.202944e+01  5.461862e+00  1.162544e+01 
                                  0.000            90.000 
 0.7071  2.325087738e+01   2.325087738e+01   2.325087738e+01 
  738.000  7.156521e+02  1.860222e+01  7.342544e+01  9.250179e+01  5.628214e+00  1.168602e+01 
                                  0.000            90.000 
 0.7071  2.337204361e+01   2.337204361e+01   2.337204361e+01 
  739.000  7.087787e+02  1.841141e+01  7.271902e+01  9.161336e+01  5.687776e+00  1.157359e+01 
                                  0.000            90.000 
 0.7071  2.314718246e+01   2.314718246e+01   2.314718246e+01 
  740.000  7.199489e+02  1.881940e+01  7.387682e+01  9.305716e+01  5.930053e+00  1.175786e+01 
                                  0.000            90.000 
 0.7071  2.351572227e+01   2.351572227e+01   2.351572227e+01 
  741.000  7.144174e+02  1.866088e+01  7.330782e+01  9.234219e+01  5.999208e+00  1.166730e+01 
                                  0.000            90.000 
 0.7071  2.333460426e+01   2.333460426e+01   2.333460426e+01 
  742.000  7.066511e+02  1.835228e+01  7.250034e+01  9.133836e+01  5.973447e+00  1.153879e+01 
                                  0.000            90.000 
 0.7071  2.307757568e+01   2.307757568e+01   2.307757568e+01 
  743.000  7.248264e+02  1.874116e+01  7.435677e+01  9.368761e+01  6.153848e+00  1.183425e+01 
                                  0.000            90.000 
 0.7071  2.366849327e+01   2.366849327e+01   2.366849327e+01 
  744.000  7.308367e+02  1.884750e+01  7.496842e+01  9.446447e+01  6.269171e+00  1.193159e+01 
                                  0.000            90.000 
 0.7071  2.386318970e+01   2.386318970e+01   2.386318970e+01 
  745.000  7.208646e+02  1.855766e+01  7.394222e+01  9.317552e+01  6.258434e+00  1.176827e+01 
                                  0.000            90.000 
 0.7071  2.353654099e+01   2.353654099e+01   2.353654099e+01 
  746.000  7.231555e+02  1.854780e+01  7.417033e+01  9.347163e+01  6.276319e+00  1.180457e+01 
                                  0.000            90.000 
 0.7071  2.360914803e+01   2.360914803e+01   2.360914803e+01 
  747.000  7.280167e+02  1.855695e+01  7.465736e+01  9.409997e+01  6.295167e+00  1.188209e+01 
                                  0.000            90.000 
 0.7071  2.376417923e+01   2.376417923e+01   2.376417923e+01 
  748.000  7.263373e+02  1.843583e+01  7.447732e+01  9.388290e+01  6.263105e+00  1.185343e+01 
                                  0.000            90.000 
 0.7071  2.370686531e+01   2.370686531e+01   2.370686531e+01 
  749.000  7.138244e+02  1.804092e+01  7.318653e+01  9.226554e+01  6.139028e+00  1.164800e+01 
                                  0.000            90.000 
 0.7071  2.329599762e+01   2.329599762e+01   2.329599762e+01 
  750.000  7.109005e+02  1.786514e+01  7.287655e+01  9.188760e+01  6.087051e+00  1.159866e+01 
                                  0.000            90.000 
 0.7071  2.319732857e+01   2.319732857e+01   2.319732857e+01 
  751.000  7.238179e+02  1.809816e+01  7.419160e+01  9.355725e+01  6.172033e+00  1.180796e+01 
                                  0.000            90.000 
 0.7071  2.361592102e+01   2.361592102e+01   2.361592102e+01 
  752.000  7.200341e+02  1.789307e+01  7.379272e+01  9.306818e+01  6.120048e+00  1.174448e+01 
                                  0.000            90.000 
 0.7071  2.348895264e+01   2.348895264e+01   2.348895264e+01 
  753.000  7.144643e+02  1.767119e+01  7.321355e+01  9.234825e+01  6.052674e+00  1.165230e+01 
                                  0.000            90.000 
 0.7071  2.330459785e+01   2.330459785e+01   2.330459785e+01 
  754.000  7.228440e+02  1.777798e+01  7.406220e+01  9.343138e+01  6.088911e+00  1.178737e+01 
                                  0.000            90.000 
 0.7071  2.357473183e+01   2.357473183e+01   2.357473183e+01 
  755.000  7.209628e+02  1.762577e+01  7.385886e+01  9.318822e+01  6.034659e+00  1.175500e+01 
                                  0.000            90.000 
 0.7071  2.351000404e+01   2.351000404e+01   2.351000404e+01 
  756.000  7.129417e+02  1.735314e+01  7.302948e+01  9.215144e+01  5.949656e+00  1.162300e+01 
                                  0.000            90.000 
 0.7071  2.324600410e+01   2.324600410e+01   2.324600410e+01 
  757.000  7.101595e+02  1.718953e+01  7.273490e+01  9.179183e+01  5.914791e+00  1.157612e+01 
                                  0.000            90.000 
 0.7071  2.315223885e+01   2.315223885e+01   2.315223885e+01 
  758.000  7.041406e+02  1.694328e+01  7.210839e+01  9.101386e+01  5.835445e+00  1.147641e+01 
                                  0.000            90.000 
 0.7071  2.295281410e+01   2.295281410e+01   2.295281410e+01 
  759.000  6.739716e+02  1.589380e+01  6.898655e+01  8.711436e+01  5.250122e+00  1.097955e+01 
                                  0.000            90.000 
 0.7071  2.195910072e+01   2.195910072e+01   2.195910072e+01 
  760.000  2.035573e+02  3.950392e+00  2.075077e+01  2.631085e+01  8.907539e-01  3.302588e+00 
                                  0.000            90.000 
 0.7071  6.605175972e+00   6.605175972e+00   6.605175972e+00 
  761.000  1.460956e+02  2.689713e+00  1.487853e+01  1.888362e+01  5.139436e-01  2.367992e+00 
                                  0.000            90.000 
 0.7071  4.735983372e+00   4.735983372e+00   4.735983372e+00 
  762.000  3.636096e+02  7.250185e+00  3.708598e+01  4.699844e+01  1.655192e+00  5.902416e+00 
                                  0.000            90.000 
 0.7071  1.180483246e+01   1.180483246e+01   1.180483246e+01 
  763.000  2.947851e+02  5.475070e+00  3.002602e+01  3.810252e+01  1.056775e+00  4.778789e+00 
                                  0.000            90.000 
 0.7071  9.557578087e+00   9.557578087e+00   9.557578087e+00 
  764.000  3.288664e+02  6.177817e+00  3.350442e+01  4.250770e+01  1.233299e+00  5.332394e+00 
                                  0.000            90.000 
 0.7071  1.066478825e+01   1.066478825e+01   1.066478825e+01 
  765.000  4.379870e+02  8.685633e+00  4.466727e+01  5.661211e+01  1.972979e+00  7.109016e+00 
                                  0.000            90.000 
 0.7071  1.421803188e+01   1.421803188e+01   1.421803188e+01 
  766.000  5.393290e+02  1.137413e+01  5.507032e+01  6.971110e+01  3.000945e+00  8.764713e+00 
                                  0.000            90.000 
 0.7071  1.752942657e+01   1.752942657e+01   1.752942657e+01 
  767.000  5.873365e+02  1.252246e+01  5.998590e+01  7.591631e+01  3.531061e+00  9.547052e+00 
                                  0.000            90.000 
 0.7071  1.909410477e+01   1.909410477e+01   1.909410477e+01 
  768.000  6.662043e+02  1.477009e+01  6.809743e+01  8.611039e+01  4.688222e+00  1.083804e+01 
                                  0.000            90.000 
 0.7071  2.167608833e+01   2.167608833e+01   2.167608833e+01 
  769.000  6.822835e+02  1.511192e+01  6.973954e+01  8.818871e+01  4.812396e+00  1.109939e+01 
                                  0.000            90.000 
 0.7071  2.219878578e+01   2.219878578e+01   2.219878578e+01 
  770.000  6.820203e+02  1.523302e+01  6.972533e+01  8.815469e+01  5.101948e+00  1.109713e+01 
                                  0.000            90.000 
 0.7071  2.219426155e+01   2.219426155e+01   2.219426155e+01 
  771.000  6.824357e+02  1.528131e+01  6.977170e+01  8.820838e+01  5.226971e+00  1.110451e+01 
                                  0.000            90.000 
 0.7071  2.220902252e+01   2.220902252e+01   2.220902252e+01 
  772.000  6.765204e+02  1.508745e+01  6.916080e+01  8.744381e+01  5.245457e+00  1.100728e+01 
                                  0.000            90.000 
 0.7071  2.201456261e+01   2.201456261e+01   2.201456261e+01 
  773.000  6.807067e+02  1.508504e+01  6.957918e+01  8.798490e+01  5.254717e+00  1.107387e+01 
                                  0.000            90.000 
 0.7071  2.214773941e+01   2.214773941e+01   2.214773941e+01 
  774.000  6.893498e+02  1.521109e+01  7.045609e+01  8.910207e+01  5.297581e+00  1.121343e+01 
                                  0.000            90.000 
 0.7071  2.242686844e+01   2.242686844e+01   2.242686844e+01 
  775.000  6.667023e+02  1.466517e+01  6.813675e+01  8.617476e+01  5.114137e+00  1.084430e+01 
                                  0.000            90.000 
 0.7071  2.168860054e+01   2.168860054e+01   2.168860054e+01 
  776.000  6.792552e+02  1.485696e+01  6.941122e+01  8.779729e+01  5.189742e+00  1.104714e+01 
                                  0.000            90.000 
 0.7071  2.209427834e+01   2.209427834e+01   2.209427834e+01 
  777.000  6.838574e+02  1.485754e+01  6.987150e+01  8.839215e+01  5.200684e+00  1.112039e+01 
                                  0.000            90.000 
 0.7071  2.224078751e+01   2.224078751e+01   2.224078751e+01 
  778.000  6.793963e+02  1.468643e+01  6.940828e+01  8.781553e+01  5.147083e+00  1.104667e+01 
                                  0.000            90.000 
 0.7071  2.209333992e+01   2.209333992e+01   2.209333992e+01 
  779.000  6.852144e+02  1.472986e+01  6.999443e+01  8.856755e+01  5.166622e+00  1.113996e+01 
                                  0.000            90.000 
 0.7071  2.227991867e+01   2.227991867e+01   2.227991867e+01 
  780.000  6.768149e+02  1.448204e+01  6.912969e+01  8.748186e+01  5.081203e+00  1.100233e+01 
                                  0.000            90.000 
 0.7071  2.200466537e+01   2.200466537e+01   2.200466537e+01 
  781.000  6.750146e+02  1.437597e+01  6.893906e+01  8.724918e+01  5.048092e+00  1.097199e+01 
                                  0.000            90.000 
 0.7071  2.194398499e+01   2.194398499e+01   2.194398499e+01 
  782.000  6.810570e+02  1.440812e+01  6.954652e+01  8.803019e+01  5.059142e+00  1.106867e+01 
                                  0.000            90.000 
 0.7071  2.213734436e+01   2.213734436e+01   2.213734436e+01 
  783.000  6.748872e+02  1.420365e+01  6.890908e+01  8.723270e+01  4.993187e+00  1.096722e+01 
                                  0.000            90.000 
 0.7071  2.193444252e+01   2.193444252e+01   2.193444252e+01 
  784.000  6.675477e+02  1.395987e+01  6.815076e+01  8.628403e+01  4.871697e+00  1.084653e+01 
                                  0.000            90.000 
 0.7071  2.169306183e+01   2.169306183e+01   2.169306183e+01 
  785.000  6.761805e+02  1.404759e+01  6.902281e+01  8.739987e+01  4.863250e+00  1.098532e+01 
                                  0.000            90.000 
 0.7071  2.197064400e+01   2.197064400e+01   2.197064400e+01 
  786.000  6.676917e+02  1.371420e+01  6.814059e+01  8.630265e+01  4.618737e+00  1.084491e+01 
                                  0.000            90.000 
 0.7071  2.168982506e+01   2.168982506e+01   2.168982506e+01 
  787.000  6.669238e+02  1.350990e+01  6.804337e+01  8.620338e+01  4.426197e+00  1.082944e+01 
                                  0.000            90.000 
 0.7071  2.165887642e+01   2.165887642e+01   2.165887642e+01 
  788.000  6.631100e+02  1.333465e+01  6.764447e+01  8.571044e+01  4.384368e+00  1.076595e+01 
                                  0.000            90.000 
 0.7071  2.153190422e+01   2.153190422e+01   2.153190422e+01 
  789.000  6.589805e+02  1.311780e+01  6.720982e+01  8.517667e+01  4.275096e+00  1.069678e+01 
                                  0.000            90.000 
 0.7071  2.139355087e+01   2.139355087e+01   2.139355087e+01 
  790.000  6.479202e+02  1.271278e+01  6.606329e+01  8.374706e+01  4.043184e+00  1.051430e+01 
                                  0.000            90.000 
 0.7071  2.102859879e+01   2.102859879e+01   2.102859879e+01 
  791.000  6.469980e+02  1.265290e+01  6.596510e+01  8.362788e+01  4.056627e+00  1.049867e+01 
                                  0.000            90.000 
 0.7071  2.099734306e+01   2.099734306e+01   2.099734306e+01 
  792.000  6.475258e+02  1.268437e+01  6.602101e+01  8.369610e+01  4.148609e+00  1.050757e+01 
                                  0.000            90.000 
 0.7071  2.101514244e+01   2.101514244e+01   2.101514244e+01 
  793.000  6.398732e+02  1.253696e+01  6.524101e+01  8.270695e+01  4.161060e+00  1.038343e+01 
                                  0.000            90.000 
 0.7071  2.076685905e+01   2.076685905e+01   2.076685905e+01 
  794.000  6.350083e+02  1.246988e+01  6.474782e+01  8.207815e+01  4.236527e+00  1.030494e+01 
                                  0.000            90.000 
 0.7071  2.060987091e+01   2.060987091e+01   2.060987091e+01 
  795.000  6.374586e+02  1.243451e+01  6.498932e+01  8.239487e+01  4.166895e+00  1.034337e+01 
                                  0.000            90.000 
 0.7071  2.068674278e+01   2.068674278e+01   2.068674278e+01 
  796.000  6.303665e+02  1.191221e+01  6.422787e+01  8.147816e+01  3.714948e+00  1.022218e+01 
                                  0.000            90.000 
 0.7071  2.044436836e+01   2.044436836e+01   2.044436836e+01 
  797.000  6.400655e+02  1.209334e+01  6.521588e+01  8.273182e+01  3.839014e+00  1.037943e+01 
                                  0.000            90.000 
 0.7071  2.075885963e+01   2.075885963e+01   2.075885963e+01 
  798.000  6.488302e+02  1.231909e+01  6.611493e+01  8.386471e+01  4.018614e+00  1.052252e+01 
                                  0.000            90.000 
 0.7071  2.104503822e+01   2.104503822e+01   2.104503822e+01 
  799.000  6.475788e+02  1.227572e+01  6.598546e+01  8.370296e+01  3.963299e+00  1.050191e+01 
                                  0.000            90.000 
 0.7071  2.100382423e+01   2.100382423e+01   2.100382423e+01 
  800.000  6.317247e+02  1.185023e+01  6.435750e+01  8.165372e+01  3.780602e+00  1.024281e+01 
                                  0.000            90.000 
 0.7071  2.048562813e+01   2.048562813e+01   2.048562813e+01 
