  400.000  2.964583e+02  4.482565e+02  7.447149e+01  4.124321e+01  7.233759e+01  1.185251e+01 
  401.000  2.970542e+02  4.463013e+02  7.433555e+01  4.132163e+01  7.205899e+01  1.183087e+01 
  402.000  3.094952e+02  4.614056e+02  7.709009e+01  4.304653e+01  7.454460e+01  1.226927e+01 
  403.000  2.933342e+02  4.341266e+02  7.274609e+01  4.079362e+01  7.017889e+01  1.157790e+01 
  404.000  3.159473e+02  4.638633e+02  7.798106e+01  4.393234e+01  7.503336e+01  1.241107e+01 
  405.000  3.077394e+02  4.483485e+02  7.560880e+01  4.278532e+01  7.256802e+01  1.203351e+01 
  406.000  2.914319e+02  4.215310e+02  7.129629e+01  4.051290e+01  6.826792e+01  1.134716e+01 
  407.000  2.967431e+02  4.259074e+02  7.226505e+01  4.124557e+01  6.902044e+01  1.150134e+01 
  408.000  3.082033e+02  4.392133e+02  7.474166e+01  4.283309e+01  7.121640e+01  1.189550e+01 
  409.000  3.334170e+02  4.716509e+02  8.050679e+01  4.633110e+01  7.652108e+01  1.281305e+01 
  410.000  2.688727e+02  3.776372e+02  6.465099e+01  3.735730e+01  6.130397e+01  1.028953e+01 
  411.000  3.295181e+02  4.591223e+02  7.886403e+01  4.577671e+01  7.458070e+01  1.255160e+01 
  412.000  3.392348e+02  4.695508e+02  8.087856e+01  4.712082e+01  7.631671e+01  1.287222e+01 
  413.000  3.216909e+02  4.421267e+02  7.638177e+01  4.467814e+01  7.189965e+01  1.215654e+01 
  414.000  3.399011e+02  4.638665e+02  8.037677e+01  4.720107e+01  7.547874e+01  1.279236e+01 
  415.000  3.340569e+02  4.526820e+02  7.867390e+01  4.638334e+01  7.370242e+01  1.252134e+01 
  416.000  3.512475e+02  4.726852e+02  8.239327e+01  4.876380e+01  7.700404e+01  1.311330e+01 
  417.000  3.296638e+02  4.407087e+02  7.703725e+01  4.576158e+01  7.183349e+01  1.226086e+01 
  418.000  3.317203e+02  4.403511e+02  7.720714e+01  4.604089e+01  7.181662e+01  1.228790e+01 
  419.000  3.404282e+02  4.486654e+02  7.890936e+01  4.724294e+01  7.321624e+01  1.255881e+01 
  420.000  3.053054e+02  3.998225e+02  7.051279e+01  4.236357e+01  6.527988e+01  1.122246e+01 
  421.000  3.592796e+02  4.673596e+02  8.266392e+01  4.984639e+01  7.634933e+01  1.315637e+01 
  422.000  3.586593e+02  4.634814e+02  8.221407e+01  4.975388e+01  7.575716e+01  1.308477e+01 
  423.000  3.217531e+02  4.130825e+02  7.348357e+01  4.462843e+01  6.755629e+01  1.169527e+01 
  424.000  3.153556e+02  4.022168e+02  7.175724e+01  4.373536e+01  6.581483e+01  1.142052e+01 
  425.000  3.193469e+02  4.046439e+02  7.239908e+01  4.428305e+01  6.624891e+01  1.152267e+01 
  426.000  3.470909e+02  4.372158e+02  7.843066e+01  4.812447e+01  7.161827e+01  1.248263e+01 
  427.000  3.244486e+02  4.060176e+02  7.304662e+01  4.497913e+01  6.654395e+01  1.162573e+01 
  428.000  3.258412e+02  4.051465e+02  7.309877e+01  4.516631e+01  6.643608e+01  1.163403e+01 
  429.000  2.935939e+02  3.628678e+02  6.564617e+01  4.069129e+01  5.953439e+01  1.044791e+01 
  430.000  2.516097e+02  3.091240e+02  5.607336e+01  3.486808e+01  5.074267e+01  8.924353e+00 
  431.000  2.110911e+02  2.576730e+02  4.687641e+01  2.924911e+01  4.231914e+01  7.460612e+00 
  432.000  3.777411e+02  4.582448e+02  8.359859e+01  5.233356e+01  7.530109e+01  1.330513e+01 
  433.000  3.607420e+02  4.348595e+02  7.956015e+01  4.997177e+01  7.149660e+01  1.266239e+01 
  434.000  3.392456e+02  4.065038e+02  7.457494e+01  4.698804e+01  6.686763e+01  1.186897e+01 
  435.000  3.736780e+02  4.451628e+02  8.188408e+01  5.175083e+01  7.326170e+01  1.303226e+01 
  436.000  4.135039e+02  4.895728e+02  9.030768e+01  5.725869e+01  8.061400e+01  1.437291e+01 
  437.000  4.098079e+02  4.824211e+02  8.922291e+01  5.673980e+01  7.947684e+01  1.420027e+01 
  438.000  3.741723e+02  4.379911e+02  8.121634e+01  5.179952e+01  7.219242e+01  1.292598e+01 
  439.000  3.374893e+02  3.925658e+02  7.300551e+01  4.671490e+01  6.473672e+01  1.161919e+01 
  440.000  3.653927e+02  4.226943e+02  7.880871e+01  5.057113e+01  6.973844e+01  1.254280e+01 
  441.000  3.903563e+02  4.489861e+02  8.393424e+01  5.401933e+01  7.410610e+01  1.335855e+01 
  442.000  4.135811e+02  4.729203e+02  8.865015e+01  5.722597e+01  7.808724e+01  1.410911e+01 
  443.000  4.049118e+02  4.602708e+02  8.651826e+01  5.601968e+01  7.599754e+01  1.376981e+01 
  444.000  4.109960e+02  4.644960e+02  8.754919e+01  5.685371e+01  7.675914e+01  1.393389e+01 
  445.000  4.091426e+02  4.596440e+02  8.687865e+01  5.658997e+01  7.598260e+01  1.382717e+01 
  446.000  3.814576e+02  4.262002e+02  8.076578e+01  5.275426e+01  7.048274e+01  1.285427e+01 
  447.000  4.298003e+02  4.779045e+02  9.077048e+01  5.943308e+01  7.908057e+01  1.444657e+01 
  448.000  4.529858e+02  5.007473e+02  9.537331e+01  6.263073e+01  8.291010e+01  1.517913e+01 
  449.000  4.400904e+02  4.839452e+02  9.240356e+01  6.084010e+01  8.017514e+01  1.470648e+01 
  450.000  4.573253e+02  5.003256e+02  9.576508e+01  6.321497e+01  8.293466e+01  1.524149e+01 
  451.000  4.878451e+02  5.309909e+02  1.018836e+02  6.742547e+01  8.806272e+01  1.621528e+01 
  452.000  4.592295e+02  4.971981e+02  9.564277e+01  6.346251e+01  8.249969e+01  1.522202e+01 
  453.000  4.117386e+02  4.433330e+02  8.550716e+01  5.689217e+01  7.359727e+01  1.360889e+01 
  454.000  4.396353e+02  4.707867e+02  9.104220e+01  6.073887e+01  7.819350e+01  1.448982e+01 
  455.000  4.589956e+02  4.889817e+02  9.479773e+01  6.340582e+01  8.125266e+01  1.508753e+01 
  456.000  4.645892e+02  4.924407e+02  9.570299e+01  6.417073e+01  8.186405e+01  1.523160e+01 
  457.000  4.832268e+02  5.095035e+02  9.927303e+01  6.673659e+01  8.473910e+01  1.579979e+01 
  458.000  4.598611e+02  4.823226e+02  9.421837e+01  6.350163e+01  8.025328e+01  1.499532e+01 
  459.000  4.719001e+02  4.924856e+02  9.643858e+01  6.515616e+01  8.198067e+01  1.534867e+01 
  460.000  4.677898e+02  4.857878e+02  9.535776e+01  6.458088e+01  8.089964e+01  1.517666e+01 
  461.000  4.723978e+02  4.881926e+02  9.605904e+01  6.520924e+01  8.133482e+01  1.528827e+01 
  462.000  4.653901e+02  4.782947e+02  9.436848e+01  6.423307e+01  7.972549e+01  1.501921e+01 
  463.000  4.711718e+02  4.819564e+02  9.531281e+01  6.502354e+01  8.036693e+01  1.516951e+01 
  464.000  4.703786e+02  4.787191e+02  9.490978e+01  6.490585e+01  7.986372e+01  1.510536e+01 
  465.000  4.567360e+02  4.627486e+02  9.194846e+01  6.301619e+01  7.723122e+01  1.463405e+01 
  466.000  4.782568e+02  4.819558e+02  9.602126e+01  6.597649e+01  8.047408e+01  1.528226e+01 
  467.000  4.580264e+02  4.593033e+02  9.173297e+01  6.317789e+01  7.672321e+01  1.459976e+01 
  468.000  4.794846e+02  4.786386e+02  9.581232e+01  6.613009e+01  7.998423e+01  1.524900e+01 
  469.000  4.827780e+02  4.794599e+02  9.622379e+01  6.657587e+01  8.014346e+01  1.531449e+01 
  470.000  4.702774e+02  4.647741e+02  9.350515e+01  6.484429e+01  7.770326e+01  1.488181e+01 
  471.000  4.715729e+02  4.637704e+02  9.353434e+01  6.501456e+01  7.758066e+01  1.488645e+01 
  472.000  4.885608e+02  4.781081e+02  9.666689e+01  6.734875e+01  7.998575e+01  1.538501e+01 
  473.000  4.754484e+02  4.627117e+02  9.381601e+01  6.553304e+01  7.739863e+01  1.493128e+01 
  474.000  4.743963e+02  4.591455e+02  9.335418e+01  6.538026e+01  7.677911e+01  1.485778e+01 
  475.000  4.949008e+02  4.761226e+02  9.710233e+01  6.819756e+01  7.957665e+01  1.545432e+01 
  476.000  4.936411e+02  4.721454e+02  9.657865e+01  6.801528e+01  7.888560e+01  1.537097e+01 
  477.000  4.894084e+02  4.658156e+02  9.552239e+01  6.742427e+01  7.782735e+01  1.520286e+01 
  478.000  5.104620e+02  4.837170e+02  9.941790e+01  7.031634e+01  8.085722e+01  1.582285e+01 
  479.000  4.828253e+02  4.558218e+02  9.386472e+01  6.650152e+01  7.626697e+01  1.493903e+01 
  480.000  5.022310e+02  4.724952e+02  9.747263e+01  6.916593e+01  7.915546e+01  1.551325e+01 
  481.000  4.952665e+02  4.643164e+02  9.595830e+01  6.819830e+01  7.788755e+01  1.527224e+01 
  482.000  5.133247e+02  4.794228e+02  9.927475e+01  7.067594e+01  8.051261e+01  1.580007e+01 
  483.000  5.052492e+02  4.699728e+02  9.752220e+01  6.955536e+01  7.899383e+01  1.552114e+01 
  484.000  4.910054e+02  4.549215e+02  9.459269e+01  6.758675e+01  7.650848e+01  1.505489e+01 
  485.000  4.819059e+02  4.444291e+02  9.263350e+01  6.632601e+01  7.476292e+01  1.474308e+01 
  486.000  4.261602e+02  3.915109e+02  8.176711e+01  5.864725e+01  6.589104e+01  1.301364e+01 
  487.000  4.361219e+02  3.988418e+02  8.349638e+01  6.001035e+01  6.716455e+01  1.328886e+01 
  488.000  4.787197e+02  4.359903e+02  9.147100e+01  6.586433e+01  7.344579e+01  1.455806e+01 
  489.000  4.574621e+02  4.147581e+02  8.722202e+01  6.293175e+01  6.989846e+01  1.388182e+01 
  490.000  5.223069e+02  4.714599e+02  9.937669e+01  7.184334e+01  7.948725e+01  1.581629e+01 
  491.000  4.866216e+02  4.374887e+02  9.241103e+01  6.692730e+01  7.378616e+01  1.470767e+01 
  492.000  4.572325e+02  4.092701e+02  8.665027e+01  6.287752e+01  6.905644e+01  1.379082e+01 
  493.000  5.046972e+02  4.497491e+02  9.544463e+01  6.939607e+01  7.591691e+01  1.519049e+01 
  494.000  4.861906e+02  4.314003e+02  9.175909e+01  6.684334e+01  7.284707e+01  1.460391e+01 
  495.000  5.380742e+02  4.754315e+02  1.013506e+02  7.396770e+01  8.031225e+01  1.613044e+01 
  496.000  5.106241e+02  4.494196e+02  9.600437e+01  7.018648e+01  7.594363e+01  1.527957e+01 
  497.000  5.088766e+02  4.459887e+02  9.548654e+01  6.993790e+01  7.539108e+01  1.519715e+01 
  498.000  4.835035e+02  4.221407e+02  9.056442e+01  6.644349e+01  7.138516e+01  1.441378e+01 
  499.000  5.007512e+02  4.351190e+02  9.358702e+01  6.880435e+01  7.360901e+01  1.489484e+01 
  500.000  4.934096e+02  4.269793e+02  9.203889e+01  6.778772e+01  7.225313e+01  1.464845e+01 
  501.000  4.883051e+02  4.208812e+02  9.091862e+01  6.707893e+01  7.123947e+01  1.447015e+01 
  502.000  4.719083e+02  4.047491e+02  8.766574e+01  6.481867e+01  6.847794e+01  1.395244e+01 
  503.000  5.011856e+02  4.275837e+02  9.287694e+01  6.883173e+01  7.227821e+01  1.478182e+01 
  504.000  4.923336e+02  4.174081e+02  9.097417e+01  6.760820e+01  7.039899e+01  1.447899e+01 
  505.000  5.039156e+02  4.264606e+02  9.303763e+01  6.919060e+01  7.213464e+01  1.480740e+01 
  506.000  5.349288e+02  4.507919e+02  9.857207e+01  7.344001e+01  7.627058e+01  1.568823e+01 
  507.000  5.073701e+02  4.255270e+02  9.328972e+01  6.964802e+01  7.196230e+01  1.484752e+01 
  508.000  4.814256e+02  4.026278e+02  8.840534e+01  6.607898e+01  6.819790e+01  1.407015e+01 
  509.000  5.220461e+02  4.349416e+02  9.569878e+01  7.164532e+01  7.373530e+01  1.523093e+01 
  510.000  5.162486e+02  4.288064e+02  9.450550e+01  7.084221e+01  7.276014e+01  1.504102e+01 
  511.000  5.165121e+02  4.274736e+02  9.439857e+01  7.086984e+01  7.259427e+01  1.502400e+01 
  512.000  5.319327e+02  4.387123e+02  9.706450e+01  7.297776e+01  7.454099e+01  1.544830e+01 
  513.000  4.979811e+02  4.091275e+02  9.071086e+01  6.831155e+01  6.955375e+01  1.443708e+01 
  514.000  4.938896e+02  4.042574e+02  8.981470e+01  6.774261e+01  6.875243e+01  1.429445e+01 
  515.000  4.888892e+02  3.986176e+02  8.875069e+01  6.704884e+01  6.781989e+01  1.412511e+01 
  516.000  5.249335e+02  4.263498e+02  9.512833e+01  7.198373e+01  7.256332e+01  1.514014e+01 
  517.000  4.281674e+02  3.462543e+02  7.744217e+01  5.870658e+01  5.895428e+01  1.232530e+01 
  518.000  4.724852e+02  3.808045e+02  8.532896e+01  6.477644e+01  6.485587e+01  1.358053e+01 
  519.000  4.501310e+02  3.612923e+02  8.114233e+01  6.170403e+01  6.155481e+01  1.291420e+01 
  520.000  5.004210e+02  4.002583e+02  9.006793e+01  6.859052e+01  6.821440e+01  1.433476e+01 
  521.000  5.094828e+02  4.057827e+02  9.152656e+01  6.982360e+01  6.918103e+01  1.456690e+01 
  522.000  5.232993e+02  4.153985e+02  9.386978e+01  7.170986e+01  7.083984e+01  1.493984e+01 
  523.000  4.953416e+02  3.916688e+02  8.870103e+01  6.787064e+01  6.681372e+01  1.411721e+01 
  524.000  5.349558e+02  4.213830e+02  9.563388e+01  7.329044e+01  7.188701e+01  1.522061e+01 
  525.000  5.314595e+02  4.170564e+02  9.485159e+01  7.280350e+01  7.115551e+01  1.509610e+01 
  526.000  5.033147e+02  3.935406e+02  8.968552e+01  6.893991e+01  6.718325e+01  1.427390e+01 
  527.000  4.619557e+02  3.595389e+02  8.214946e+01  6.326641e+01  6.138452e+01  1.307449e+01 
  528.000  5.293320e+02  4.105817e+02  9.399136e+01  7.248642e+01  7.011524e+01  1.495919e+01 
  529.000  5.324226e+02  4.113071e+02  9.437298e+01  7.290078e+01  7.025430e+01  1.501993e+01 
  530.000  5.276520e+02  4.062121e+02  9.338641e+01  7.223977e+01  6.940863e+01  1.486291e+01 
  531.000  5.591030e+02  4.288386e+02  9.879416e+01  7.653699e+01  7.329453e+01  1.572358e+01 
  532.000  5.305916e+02  4.055063e+02  9.360979e+01  7.262579e+01  6.932951e+01  1.489846e+01 
  533.000  4.631641e+02  3.526963e+02  8.158604e+01  6.338926e+01  6.032182e+01  1.298482e+01 
  534.000  4.960118e+02  3.763747e+02  8.723866e+01  6.787718e+01  6.439467e+01  1.388446e+01 
  535.000  5.199263e+02  3.932566e+02  9.131830e+01  7.114240e+01  6.730834e+01  1.453376e+01 
  536.000  5.505663e+02  4.147699e+02  9.653362e+01  7.532512e+01  7.102421e+01  1.536380e+01 
  537.000  5.241967e+02  3.935364e+02  9.177331e+01  7.170927e+01  6.741617e+01  1.460618e+01 
  538.000  5.454159e+02  4.080060e+02  9.534219e+01  7.460339e+01  6.992247e+01  1.517418e+01 
  539.000  5.359910e+02  3.992997e+02  9.352906e+01  7.330504e+01  6.843653e+01  1.488561e+01 
  540.000  4.992022e+02  3.708017e+02  8.700039e+01  6.826720e+01  6.356768e+01  1.384654e+01 
  541.000  4.933618e+02  3.646553e+02  8.580172e+01  6.746106e+01  6.242008e+01  1.365577e+01 
  542.000  5.271728e+02  3.884966e+02  9.156695e+01  7.207652e+01  6.655499e+01  1.457333e+01 
  543.000  5.333969e+02  3.917944e+02  9.251913e+01  7.291785e+01  6.721388e+01  1.472488e+01 
  544.000  5.432333e+02  3.975862e+02  9.408195e+01  7.425475e+01  6.819923e+01  1.497361e+01 
  545.000  5.448705e+02  3.975382e+02  9.424088e+01  7.447057e+01  6.822958e+01  1.499890e+01 
  546.000  5.178361e+02  3.763117e+02  8.941478e+01  7.076772e+01  6.456364e+01  1.423080e+01 
  547.000  5.383759e+02  3.899020e+02  9.282780e+01  7.356573e+01  6.694820e+01  1.477400e+01 
  548.000  5.199579e+02  3.753526e+02  8.953105e+01  7.104018e+01  6.451999e+01  1.424931e+01 
  549.000  5.303092e+02  3.818130e+02  9.121223e+01  7.244823e+01  6.564645e+01  1.451688e+01 
  550.000  5.342136e+02  3.831622e+02  9.173758e+01  7.297269e+01  6.590926e+01  1.460049e+01 
  551.000  5.318597e+02  3.807205e+02  9.125802e+01  7.264697e+01  6.552476e+01  1.452417e+01 
  552.000  5.484459e+02  3.913594e+02  9.398054e+01  7.490685e+01  6.737167e+01  1.495747e+01 
  553.000  5.247460e+02  3.734256e+02  8.981716e+01  7.166511e+01  6.430232e+01  1.429485e+01 
  554.000  5.408503e+02  3.837905e+02  9.246407e+01  7.385940e+01  6.610180e+01  1.471611e+01 
  555.000  5.452480e+02  3.857990e+02  9.310470e+01  7.445477e+01  6.646243e+01  1.481807e+01 
  556.000  5.368308e+02  3.788833e+02  9.157141e+01  7.330093e+01  6.528255e+01  1.457404e+01 
  557.000  5.254529e+02  3.698004e+02  8.952532e+01  7.174245e+01  6.372966e+01  1.424840e+01 
  558.000  5.340243e+02  3.747971e+02  9.088214e+01  7.290791e+01  6.460216e+01  1.446434e+01 
  559.000  5.182079e+02  3.628280e+02  8.810359e+01  7.074449e+01  6.254925e+01  1.402212e+01 
  560.000  5.257790e+02  3.670391e+02  8.928181e+01  7.177295e+01  6.328650e+01  1.420964e+01 
  561.000  5.429387e+02  3.780006e+02  9.209393e+01  7.411057e+01  6.518661e+01  1.465720e+01 
  562.000  5.102191e+02  3.541909e+02  8.644100e+01  6.963950e+01  6.109091e+01  1.375751e+01 
  563.000  5.441609e+02  3.767727e+02  9.209337e+01  7.426756e+01  6.499339e+01  1.465711e+01 
  564.000  5.332322e+02  3.681751e+02  9.014074e+01  7.277118e+01  6.351616e+01  1.434634e+01 
  565.000  5.401027e+02  3.719564e+02  9.120591e+01  7.370433e+01  6.417065e+01  1.451587e+01 
  566.000  5.027598e+02  3.451583e+02  8.479181e+01  6.860349e+01  5.954349e+01  1.349504e+01 
  567.000  5.258435e+02  3.599404e+02  8.857839e+01  7.174893e+01  6.207070e+01  1.409769e+01 
  568.000  5.367388e+02  3.661848e+02  9.029237e+01  7.323154e+01  6.307614e+01  1.437048e+01 
  569.000  5.235677e+02  3.551416e+02  8.787093e+01  7.142956e+01  6.096031e+01  1.398509e+01 
  570.000  5.262187e+02  3.561554e+02  8.823741e+01  7.178600e+01  6.121784e+01  1.404342e+01 
  571.000  5.131064e+02  3.462955e+02  8.594019e+01  6.999222e+01  5.953960e+01  1.367781e+01 
  572.000  5.286638e+02  3.553853e+02  8.840490e+01  7.211040e+01  6.098233e+01  1.407008e+01 
  573.000  5.403754e+02  3.623624e+02  9.027377e+01  7.370336e+01  6.219219e+01  1.436752e+01 
  574.000  5.326408e+02  3.558158e+02  8.884566e+01  7.264375e+01  6.099054e+01  1.414023e+01 
  575.000  5.239860e+02  3.489720e+02  8.729580e+01  7.145822e+01  5.982165e+01  1.389356e+01 
  576.000  5.306310e+02  3.523136e+02  8.829447e+01  7.235941e+01  6.038164e+01  1.405250e+01 
  577.000  5.314898e+02  3.520551e+02  8.835449e+01  7.247234e+01  6.033844e+01  1.406205e+01 
  578.000  5.254188e+02  3.472666e+02  8.726854e+01  7.163916e+01  5.957911e+01  1.388922e+01 
  579.000  5.135755e+02  3.387829e+02  8.523584e+01  7.001953e+01  5.818259e+01  1.356570e+01 
  580.000  5.294359e+02  3.487935e+02  8.782295e+01  7.217815e+01  5.995739e+01  1.397746e+01 
  581.000  5.311066e+02  3.493326e+02  8.804392e+01  7.240145e+01  6.010805e+01  1.401263e+01 
  582.000  5.448148e+02  3.577437e+02  9.025586e+01  7.426556e+01  6.160830e+01  1.436467e+01 
  583.000  5.452849e+02  3.575494e+02  9.028343e+01  7.432510e+01  6.164538e+01  1.436905e+01 
  584.000  5.442101e+02  3.560186e+02  9.002287e+01  7.417233e+01  6.145135e+01  1.432759e+01 
  585.000  5.408308e+02  3.532599e+02  8.940908e+01  7.370811e+01  6.100136e+01  1.422990e+01 
  586.000  5.240991e+02  3.417105e+02  8.658096e+01  7.142334e+01  5.904982e+01  1.377979e+01 
  587.000  5.369559e+02  3.489262e+02  8.858821e+01  7.317064e+01  6.023203e+01  1.409925e+01 
  588.000  5.321425e+02  3.434654e+02  8.756079e+01  7.251000e+01  5.896861e+01  1.393573e+01 
  589.000  4.878130e+02  3.119536e+02  7.997666e+01  6.646545e+01  5.307993e+01  1.272868e+01 
  590.000  4.943452e+02  3.148847e+02  8.092300e+01  6.735074e+01  5.349730e+01  1.287930e+01 
  591.000  5.233054e+02  3.338973e+02  8.572028e+01  7.129205e+01  5.703389e+01  1.364281e+01 
  592.000  5.093617e+02  3.233090e+02  8.326707e+01  6.938828e+01  5.501628e+01  1.325237e+01 
  593.000  5.181764e+02  3.303292e+02  8.485056e+01  7.058430e+01  5.673421e+01  1.350439e+01 
  594.000  5.232709e+02  3.318011e+02  8.550721e+01  7.127361e+01  5.677223e+01  1.360889e+01 
  595.000  5.172083e+02  3.264507e+02  8.436590e+01  7.044256e+01  5.572551e+01  1.342725e+01 
  596.000  5.291155e+02  3.352523e+02  8.643678e+01  7.205983e+01  5.770619e+01  1.375684e+01 
  597.000  5.360623e+02  3.390349e+02  8.750971e+01  7.300196e+01  5.837886e+01  1.392760e+01 
  598.000  5.288056e+02  3.339717e+02  8.627773e+01  7.200934e+01  5.758159e+01  1.373153e+01 
  599.000  5.250837e+02  3.312509e+02  8.563345e+01  7.149809e+01  5.721273e+01  1.362899e+01 
  600.000  5.315987e+02  3.351363e+02  8.667351e+01  7.238080e+01  5.802402e+01  1.379452e+01 
  601.000  5.189844e+02  3.268921e+02  8.458764e+01  7.065908e+01  5.669740e+01  1.346254e+01 
  602.000  5.200340e+02  3.267393e+02  8.467732e+01  7.079650e+01  5.670748e+01  1.347682e+01 
  603.000  5.220186e+02  3.274387e+02  8.494572e+01  7.106265e+01  5.686785e+01  1.351953e+01 
  604.000  5.416346e+02  3.390835e+02  8.807182e+01  7.372803e+01  5.894252e+01  1.401707e+01 
  605.000  5.431669e+02  3.392490e+02  8.824159e+01  7.393163e+01  5.899150e+01  1.404408e+01 
  606.000  5.399543e+02  3.364298e+02  8.763841e+01  7.348937e+01  5.851525e+01  1.394809e+01 
  607.000  5.338140e+02  3.319543e+02  8.657682e+01  7.264953e+01  5.775338e+01  1.377913e+01 
  608.000  5.399487e+02  3.349821e+02  8.749308e+01  7.347964e+01  5.829123e+01  1.392496e+01 
  609.000  5.362835e+02  3.320068e+02  8.682904e+01  7.297651e+01  5.778551e+01  1.381927e+01 
  610.000  5.284462e+02  3.264501e+02  8.548964e+01  7.190569e+01  5.682844e+01  1.360610e+01 
  611.000  5.290070e+02  3.261652e+02  8.551723e+01  7.197810e+01  5.678809e+01  1.361049e+01 
  612.000  5.373620e+02  3.304549e+02  8.678169e+01  7.310959e+01  5.754662e+01  1.381174e+01 
  613.000  5.268740e+02  3.232704e+02  8.501444e+01  7.167814e+01  5.630487e+01  1.353047e+01 
  614.000  5.219936e+02  3.195367e+02  8.415304e+01  7.100964e+01  5.566294e+01  1.339337e+01 
  615.000  5.263734e+02  3.215476e+02  8.479211e+01  7.160136e+01  5.601941e+01  1.349508e+01 
  616.000  5.091078e+02  3.102480e+02  8.193559e+01  6.924818e+01  5.405601e+01  1.304045e+01 
  617.000  4.998937e+02  3.040320e+02  8.039258e+01  6.799130e+01  5.297514e+01  1.279488e+01 
  618.000  5.337618e+02  3.236982e+02  8.574600e+01  7.259225e+01  5.640168e+01  1.364690e+01 
  619.000  5.391661e+02  3.262380e+02  8.654041e+01  7.332298e+01  5.684058e+01  1.377333e+01 
  620.000  5.337639e+02  3.221627e+02  8.559264e+01  7.258373e+01  5.612285e+01  1.362249e+01 
  621.000  5.448302e+02  3.280706e+02  8.729008e+01  7.408430e+01  5.714123e+01  1.389265e+01 
  622.000  5.324751e+02  3.198967e+02  8.523717e+01  7.240028e+01  5.570464e+01  1.356592e+01 
  623.000  5.290078e+02  3.168024e+02  8.458102e+01  7.192339e+01  5.514414e+01  1.346149e+01 
  624.000  5.148463e+02  3.077070e+02  8.225533e+01  6.999474e+01  5.354534e+01  1.309134e+01 
  625.000  5.157319e+02  3.072177e+02  8.229497e+01  7.010970e+01  5.343592e+01  1.309765e+01 
  626.000  5.080085e+02  3.016505e+02  8.096590e+01  6.905496e+01  5.242777e+01  1.288612e+01 
  627.000  5.247693e+02  3.105520e+02  8.353214e+01  7.132909e+01  5.389371e+01  1.329455e+01 
  628.000  5.107091e+02  2.997160e+02  8.104251e+01  6.941464e+01  5.160937e+01  1.289832e+01 
  629.000  5.266714e+02  3.092323e+02  8.359037e+01  7.157925e+01  5.343306e+01  1.330382e+01 
  630.000  5.183889e+02  3.041011e+02  8.224899e+01  7.045043e+01  5.260978e+01  1.309033e+01 
  631.000  5.199246e+02  3.049438e+02  8.248685e+01  7.065437e+01  5.290366e+01  1.312819e+01 
  632.000  5.067313e+02  2.964840e+02  8.032153e+01  6.885634e+01  5.144168e+01  1.278357e+01 
  633.000  5.263052e+02  3.077402e+02  8.340453e+01  7.151279e+01  5.346836e+01  1.327424e+01 
  634.000  5.158460e+02  3.010933e+02  8.169393e+01  7.008678e+01  5.236160e+01  1.300199e+01 
  635.000  5.277407e+02  3.076324e+02  8.353731e+01  7.169884e+01  5.355156e+01  1.329538e+01 
  636.000  5.174929e+02  3.010614e+02  8.185545e+01  7.030222e+01  5.242131e+01  1.302770e+01 
  637.000  5.287795e+02  3.071078e+02  8.358872e+01  7.183077e+01  5.352156e+01  1.330356e+01 
  638.000  5.388273e+02  3.124689e+02  8.512962e+01  7.319051e+01  5.453073e+01  1.354880e+01 
  639.000  5.298400e+02  3.068099e+02  8.366499e+01  7.196605e+01  5.357095e+01  1.331570e+01 
  640.000  5.161323e+02  2.984753e+02  8.146075e+01  7.010061e+01  5.214986e+01  1.296488e+01 
  641.000  5.215375e+02  3.008453e+02  8.223829e+01  7.082980e+01  5.256260e+01  1.308863e+01 
  642.000  5.303558e+02  3.056126e+02  8.359685e+01  7.202374e+01  5.345513e+01  1.330485e+01 
  643.000  5.321797e+02  3.059251e+02  8.381049e+01  7.226667e+01  5.350766e+01  1.333885e+01 
  644.000  5.232139e+02  3.002398e+02  8.234536e+01  7.104513e+01  5.253287e+01  1.310567e+01 
  645.000  5.220196e+02  2.986182e+02  8.206377e+01  7.087807e+01  5.220194e+01  1.306086e+01 
  646.000  5.215157e+02  2.968815e+02  8.183971e+01  7.080535e+01  5.170537e+01  1.302520e+01 
  647.000  5.127662e+02  2.902685e+02  8.030347e+01  6.961353e+01  5.029971e+01  1.278069e+01 
  648.000  5.078363e+02  2.854538e+02  7.932901e+01  6.894002e+01  4.912555e+01  1.262560e+01 
  649.000  5.069888e+02  2.850385e+02  7.920274e+01  6.882013e+01  4.925401e+01  1.260551e+01 
  650.000  5.048572e+02  2.843663e+02  7.892236e+01  6.852647e+01  4.941693e+01  1.256088e+01 
  651.000  5.230820e+02  2.945732e+02  8.176552e+01  7.099609e+01  5.132580e+01  1.301339e+01 
  652.000  5.143186e+02  2.879827e+02  8.023013e+01  6.980325e+01  4.989538e+01  1.276902e+01 
  653.000  5.260244e+02  2.955254e+02  8.215498e+01  7.138799e+01  5.158912e+01  1.307537e+01 
  654.000  5.217076e+02  2.921383e+02  8.138459e+01  7.079681e+01  5.095663e+01  1.295276e+01 
  655.000  5.106790e+02  2.845660e+02  7.952450e+01  6.929562e+01  4.946671e+01  1.265672e+01 
  656.000  4.477807e+02  2.495755e+02  6.973563e+01  6.075793e+01  4.350266e+01  1.109877e+01 
  657.000  4.638537e+02  2.577957e+02  7.216494e+01  6.293483e+01  4.489631e+01  1.148541e+01 
  658.000  5.109345e+02  2.841561e+02  7.950906e+01  6.931831e+01  4.969230e+01  1.265426e+01 
  659.000  5.151557e+02  2.862554e+02  8.014111e+01  6.988697e+01  5.014217e+01  1.275485e+01 
  660.000  5.143286e+02  2.854341e+02  7.997627e+01  6.977018e+01  5.007344e+01  1.272862e+01 
  661.000  5.281447e+02  2.925784e+02  8.207231e+01  7.163979e+01  5.136496e+01  1.306221e+01 
  662.000  5.292624e+02  2.928629e+02  8.221252e+01  7.178828e+01  5.144593e+01  1.308453e+01 
  663.000  5.266623e+02  2.907375e+02  8.173998e+01  7.143120e+01  5.106292e+01  1.300932e+01 
  664.000  5.223839e+02  2.878221e+02  8.102061e+01  7.084636e+01  5.057945e+01  1.289483e+01 
  665.000  5.210281e+02  2.865922e+02  8.076202e+01  7.065909e+01  5.036406e+01  1.285368e+01 
  666.000  5.209610e+02  2.859776e+02  8.069386e+01  7.064529e+01  5.028221e+01  1.284283e+01 
  667.000  5.157629e+02  2.825065e+02  7.982694e+01  6.993570e+01  4.968753e+01  1.270485e+01 
  668.000  5.279061e+02  2.886480e+02  8.165541e+01  7.157830e+01  5.078368e+01  1.299586e+01 
  669.000  5.266591e+02  2.874142e+02  8.140733e+01  7.140516e+01  5.057520e+01  1.295638e+01 
  670.000  5.229271e+02  2.848461e+02  8.077731e+01  7.089510e+01  5.013649e+01  1.285611e+01 
  671.000  5.210015e+02  2.831451e+02  8.041465e+01  7.062920e+01  4.984754e+01  1.279839e+01 
  672.000  5.135543e+02  2.786425e+02  7.921969e+01  6.961626e+01  4.906169e+01  1.260820e+01 
  673.000  5.170070e+02  2.799392e+02  7.969462e+01  7.008001e+01  4.929857e+01  1.268379e+01 
  674.000  5.207842e+02  2.814343e+02  8.022186e+01  7.058792e+01  4.957014e+01  1.276770e+01 
  675.000  5.187805e+02  2.797753e+02  7.985559e+01  7.031203e+01  4.928660e+01  1.270941e+01 
  676.000  5.186671e+02  2.791799e+02  7.978469e+01  7.029269e+01  4.918864e+01  1.269813e+01 
  677.000  5.174755e+02  2.779881e+02  7.954635e+01  7.012704e+01  4.898784e+01  1.266020e+01 
  678.000  5.157957e+02  2.765465e+02  7.923423e+01  6.989536e+01  4.874190e+01  1.261052e+01 
  679.000  5.157156e+02  2.759120e+02  7.916276e+01  6.988007e+01  4.863835e+01  1.259914e+01 
  680.000  5.143903e+02  2.746104e+02  7.890006e+01  6.969614e+01  4.841332e+01  1.255734e+01 
  681.000  5.115076e+02  2.725327e+02  7.840404e+01  6.930179e+01  4.804353e+01  1.247839e+01 
  682.000  5.126511e+02  2.726155e+02  7.852666e+01  6.945257e+01  4.807193e+01  1.249791e+01 
  683.000  5.108585e+02  2.710400e+02  7.818984e+01  6.920564e+01  4.778079e+01  1.244430e+01 
  684.000  5.118727e+02  2.710594e+02  7.829322e+01  6.933922e+01  4.778601e+01  1.246075e+01 
  685.000  5.105978e+02  2.699943e+02  7.805920e+01  6.916316e+01  4.761700e+01  1.242351e+01 
  686.000  4.974883e+02  2.621981e+02  7.596863e+01  6.738199e+01  4.621620e+01  1.209078e+01 
  687.000  3.705416e+02  1.894700e+02  5.600115e+01  5.018548e+01  3.209492e+01  8.912861e+00 
  688.000  4.207174e+02  2.150330e+02  6.357505e+01  5.697802e+01  3.656876e+01  1.011828e+01 
  689.000  4.503594e+02  2.321023e+02  6.824617e+01  6.098978e+01  4.000898e+01  1.086172e+01 
  690.000  4.558778e+02  2.338299e+02  6.897077e+01  6.173347e+01  4.015020e+01  1.097704e+01 
  691.000  4.704357e+02  2.424719e+02  7.129076e+01  6.370024e+01  4.203103e+01  1.134628e+01 
  692.000  4.782715e+02  2.465792e+02  7.248507e+01  6.475818e+01  4.282624e+01  1.153636e+01 
  693.000  4.708359e+02  2.410004e+02  7.118362e+01  6.374739e+01  4.151308e+01  1.132922e+01 
  694.000  4.631139e+02  2.354103e+02  6.985242e+01  6.269772e+01  4.026280e+01  1.111736e+01 
  695.000  4.698040e+02  2.396705e+02  7.094745e+01  6.360094e+01  4.131944e+01  1.129164e+01 
  696.000  4.738907e+02  2.419883e+02  7.158790e+01  6.415233e+01  4.187457e+01  1.139357e+01 
  697.000  4.923105e+02  2.529944e+02  7.453049e+01  6.664415e+01  4.428103e+01  1.186190e+01 
  698.000  4.889402e+02  2.511534e+02  7.400936e+01  6.618585e+01  4.403240e+01  1.177896e+01 
  699.000  4.755173e+02  2.418075e+02  7.173248e+01  6.436742e+01  4.182781e+01  1.141658e+01 
  700.000  4.733724e+02  2.405217e+02  7.138941e+01  6.407479e+01  4.166254e+01  1.136198e+01 
  701.000  4.657980e+02  2.354732e+02  7.012713e+01  6.304767e+01  4.057245e+01  1.116108e+01 
  702.000  4.686636e+02  2.372200e+02  7.058837e+01  6.343368e+01  4.102941e+01  1.123449e+01 
  703.000  4.735706e+02  2.398620e+02  7.134327e+01  6.409579e+01  4.161978e+01  1.135463e+01 
  704.000  4.806412e+02  2.438327e+02  7.244739e+01  6.505080e+01  4.250280e+01  1.153036e+01 
  705.000  4.878827e+02  2.474002e+02  7.352830e+01  6.602934e+01  4.317249e+01  1.170239e+01 
  706.000  4.836761e+02  2.447495e+02  7.284255e+01  6.545780e+01  4.268022e+01  1.159325e+01 
  707.000  4.782389e+02  2.421586e+02  7.203975e+01  6.471991e+01  4.236319e+01  1.146548e+01 
  708.000  4.894846e+02  2.478856e+02  7.373701e+01  6.624036e+01  4.343476e+01  1.173561e+01 
  709.000  4.859312e+02  2.457630e+02  7.316943e+01  6.575741e+01  4.307803e+01  1.164528e+01 
  710.000  4.886098e+02  2.466382e+02  7.352480e+01  6.611793e+01  4.319968e+01  1.170184e+01 
  711.000  4.871516e+02  2.458483e+02  7.330000e+01  6.591846e+01  4.314364e+01  1.166606e+01 
  712.000  4.830400e+02  2.436075e+02  7.266476e+01  6.536039e+01  4.279453e+01  1.156495e+01 
  713.000  4.787897e+02  2.411423e+02  7.199320e+01  6.478318e+01  4.236984e+01  1.145807e+01 
  714.000  4.847688e+02  2.438385e+02  7.286073e+01  6.559097e+01  4.282593e+01  1.159615e+01 
  715.000  4.695219e+02  2.347238e+02  7.042456e+01  6.352615e+01  4.092417e+01  1.120842e+01 
  716.000  4.633116e+02  2.305275e+02  6.938391e+01  6.268355e+01  4.001645e+01  1.104279e+01 
  717.000  4.272996e+02  2.077469e+02  6.350465e+01  5.781004e+01  3.479784e+01  1.010708e+01 
  718.000  3.802599e+02  1.839023e+02  5.641623e+01  5.144447e+01  3.054523e+01  8.978921e+00 
  719.000  3.475306e+02  1.669966e+02  5.145272e+01  4.701514e+01  2.750846e+01  8.188955e+00 
  720.000  3.669240e+02  1.753853e+02  5.423094e+01  4.963754e+01  2.871541e+01  8.631123e+00 
  721.000  4.054177e+02  1.968423e+02  6.022600e+01  5.484276e+01  3.319656e+01  9.585266e+00 
  722.000  4.480576e+02  2.198461e+02  6.679037e+01  6.060892e+01  3.783312e+01  1.063002e+01 
  723.000  4.327676e+02  2.111545e+02  6.439222e+01  5.853910e+01  3.607124e+01  1.024834e+01 
  724.000  3.842541e+02  1.846286e+02  5.688827e+01  5.197573e+01  3.076621e+01  9.054049e+00 
  725.000  3.864487e+02  1.849657e+02  5.714144e+01  5.227096e+01  3.071736e+01  9.094341e+00 
  726.000  4.202651e+02  2.019107e+02  6.221759e+01  5.684278e+01  3.387812e+01  9.902237e+00 
  727.000  4.039355e+02  1.932476e+02  5.971832e+01  5.463324e+01  3.222887e+01  9.504464e+00 
  728.000  4.017249e+02  1.925325e+02  5.942574e+01  5.433207e+01  3.229216e+01  9.457901e+00 
  729.000  3.985554e+02  1.902696e+02  5.888250e+01  5.390216e+01  3.177878e+01  9.371441e+00 
  730.000  4.167516e+02  1.995663e+02  6.163180e+01  5.636126e+01  3.358531e+01  9.809007e+00 
  731.000  4.020892e+02  1.914459e+02  5.935351e+01  5.437699e+01  3.197958e+01  9.446404e+00 
  732.000  4.295651e+02  2.064937e+02  6.360588e+01  5.809109e+01  3.511247e+01  1.012319e+01 
  733.000  4.441021e+02  2.150985e+02  6.592005e+01  6.005550e+01  3.708270e+01  1.049150e+01 
  734.000  4.627209e+02  2.252056e+02  6.879265e+01  6.257101e+01  3.923313e+01  1.094869e+01 
  735.000  4.538254e+02  2.197056e+02  6.735311e+01  6.136641e+01  3.803271e+01  1.071958e+01 
  736.000  4.538502e+02  2.200694e+02  6.739196e+01  6.136832e+01  3.826309e+01  1.072576e+01 
  737.000  4.558402e+02  2.206642e+02  6.765044e+01  6.163568e+01  3.834296e+01  1.076690e+01 
  738.000  4.586066e+02  2.224332e+02  6.810397e+01  6.200793e+01  3.884894e+01  1.083908e+01 
  739.000  4.544104e+02  2.203878e+02  6.747983e+01  6.143867e+01  3.856660e+01  1.073975e+01 
  740.000  4.620085e+02  2.247587e+02  6.867672e+01  6.246455e+01  3.957771e+01  1.093024e+01 
  741.000  4.586879e+02  2.231430e+02  6.818309e+01  6.201378e+01  3.937354e+01  1.085168e+01 
  742.000  4.539849e+02  2.205918e+02  6.745766e+01  6.137531e+01  3.897426e+01  1.073622e+01 
  743.000  4.658755e+02  2.261552e+02  6.920306e+01  6.298076e+01  3.999323e+01  1.101401e+01 
  744.000  4.699313e+02  2.279944e+02  6.979256e+01  6.352724e+01  4.036399e+01  1.110783e+01 
  745.000  4.637153e+02  2.249106e+02  6.886259e+01  6.268538e+01  3.987251e+01  1.095982e+01 
  746.000  4.653164e+02  2.254938e+02  6.908102e+01  6.290040e+01  3.998693e+01  1.099459e+01 
  747.000  4.686318e+02  2.267769e+02  6.954087e+01  6.334642e+01  4.022352e+01  1.106777e+01 
  748.000  4.676736e+02  2.260910e+02  6.937646e+01  6.321545e+01  4.010625e+01  1.104161e+01 
  749.000  4.597433e+02  2.220400e+02  6.817833e+01  6.214207e+01  3.939378e+01  1.085092e+01 
  750.000  4.580171e+02  2.209159e+02  6.789330e+01  6.190689e+01  3.919843e+01  1.080555e+01 
  751.000  4.664781e+02  2.247330e+02  6.912111e+01  6.304885e+01  3.987804e+01  1.100097e+01 
  752.000  4.642267e+02  2.233296e+02  6.875564e+01  6.274240e+01  3.963834e+01  1.094280e+01 
  753.000  4.607703e+02  2.214255e+02  6.821958e+01  6.227367e+01  3.930486e+01  1.085748e+01 
  754.000  4.663202e+02  2.237999e+02  6.901201e+01  6.302197e+01  3.972566e+01  1.098360e+01 
  755.000  4.652588e+02  2.229808e+02  6.882396e+01  6.287667e+01  3.957872e+01  1.095367e+01 
  756.000  4.602092e+02  2.203363e+02  6.805455e+01  6.219277e+01  3.911374e+01  1.083122e+01 
  757.000  4.585905e+02  2.192782e+02  6.778687e+01  6.197202e+01  3.893721e+01  1.078862e+01 
  758.000  4.548630e+02  2.171983e+02  6.720612e+01  6.146640e+01  3.857046e+01  1.069619e+01 
  759.000  4.351995e+02  2.066858e+02  6.418853e+01  5.880764e+01  3.648115e+01  1.021592e+01 
  760.000  1.289534e+02  5.694234e+01  1.858957e+01  1.742486e+01  8.865417e+00  2.958623e+00 
  761.000  9.220186e+01  4.005553e+01  1.322574e+01  1.245824e+01  6.052100e+00  2.104942e+00 
  762.000  2.331108e+02  1.051623e+02  3.382730e+01  3.149702e+01  1.725114e+01  5.383783e+00 
  763.000  1.882218e+02  8.291068e+01  2.711325e+01  2.543118e+01  1.307783e+01  4.315208e+00 
  764.000  2.102211e+02  9.301757e+01  3.032387e+01  2.840272e+01  1.481743e+01  4.826193e+00 
  765.000  2.813618e+02  1.270198e+02  4.083817e+01  3.801361e+01  2.098937e+01  6.499596e+00 
  766.000  3.476969e+02  1.603183e+02  5.080153e+01  4.697462e+01  2.742208e+01  8.085314e+00 
  767.000  3.791302e+02  1.752654e+02  5.543955e+01  5.121968e+01  3.016827e+01  8.823479e+00 
  768.000  4.311719e+02  2.017691e+02  6.329409e+01  5.824889e+01  3.543462e+01  1.007357e+01 
  769.000  4.420056e+02  2.070220e+02  6.490276e+01  5.971033e+01  3.649221e+01  1.032959e+01 
  770.000  4.420072e+02  2.073420e+02  6.493493e+01  5.970974e+01  3.666513e+01  1.033471e+01 
  771.000  4.425796e+02  2.078544e+02  6.504340e+01  5.978535e+01  3.688982e+01  1.035198e+01 
  772.000  4.389951e+02  2.059671e+02  6.449623e+01  5.929871e+01  3.660242e+01  1.026489e+01 
  773.000  4.418896e+02  2.070211e+02  6.489108e+01  5.968763e+01  3.679535e+01  1.032773e+01 
  774.000  4.476087e+02  2.094918e+02  6.571004e+01  6.045883e+01  3.723367e+01  1.045808e+01 
  775.000  4.329936e+02  2.025038e+02  6.354974e+01  5.848372e+01  3.599557e+01  1.011426e+01 
  776.000  4.413058e+02  2.061205e+02  6.474263e+01  5.960460e+01  3.664345e+01  1.030411e+01 
  777.000  4.444874e+02  2.072833e+02  6.517707e+01  6.003212e+01  3.685636e+01  1.037325e+01 
  778.000  4.417280e+02  2.057558e+02  6.474838e+01  5.965781e+01  3.658844e+01  1.030503e+01 
  779.000  4.456625e+02  2.073203e+02  6.529829e+01  6.018741e+01  3.686916e+01  1.039254e+01 
  780.000  4.403203e+02  2.046150e+02  6.449355e+01  5.946452e+01  3.638885e+01  1.026447e+01 
  781.000  4.392763e+02  2.039075e+02  6.431838e+01  5.932204e+01  3.626537e+01  1.023659e+01 
  782.000  4.433803e+02  2.054933e+02  6.488737e+01  5.987422e+01  3.654714e+01  1.032715e+01 
  783.000  4.395073e+02  2.034524e+02  6.429597e+01  5.934954e+01  3.618756e+01  1.023302e+01 
  784.000  4.348194e+02  2.009835e+02  6.358029e+01  5.871509e+01  3.572566e+01  1.011912e+01 
  785.000  4.405396e+02  2.033210e+02  6.438606e+01  5.948608e+01  3.611816e+01  1.024736e+01 
  786.000  4.350499e+02  2.002699e+02  6.353197e+01  5.874337e+01  3.549710e+01  1.011143e+01 
  787.000  4.345706e+02  1.993304e+02  6.339011e+01  5.867651e+01  3.521510e+01  1.008885e+01 
  788.000  4.320206e+02  1.976162e+02  6.296368e+01  5.833123e+01  3.480603e+01  1.002098e+01 
  789.000  4.294705e+02  1.959680e+02  6.254384e+01  5.798469e+01  3.447813e+01  9.954163e+00 
  790.000  4.220733e+02  1.917143e+02  6.137876e+01  5.698468e+01  3.353691e+01  9.768734e+00 
  791.000  4.217848e+02  1.915473e+02  6.133322e+01  5.694370e+01  3.358763e+01  9.761484e+00 
  792.000  4.223723e+02  1.919702e+02  6.143425e+01  5.702159e+01  3.376357e+01  9.777564e+00 
  793.000  4.175795e+02  1.898538e+02  6.074333e+01  5.637334e+01  3.346057e+01  9.667602e+00 
  794.000  4.147594e+02  1.888112e+02  6.035707e+01  5.599082e+01  3.341956e+01  9.606126e+00 
  795.000  4.165464e+02  1.894327e+02  6.059792e+01  5.623023e+01  3.354982e+01  9.644458e+00 
  796.000  4.114265e+02  1.852796e+02  5.967061e+01  5.553757e+01  3.237288e+01  9.496872e+00 
  797.000  4.180020e+02  1.882930e+02  6.062951e+01  5.642365e+01  3.297793e+01  9.649486e+00 
  798.000  4.241256e+02  1.914637e+02  6.155892e+01  5.724868e+01  3.371536e+01  9.797407e+00 
  799.000  4.234905e+02  1.912731e+02  6.147636e+01  5.716201e+01  3.374697e+01  9.784267e+00 
  800.000  4.130163e+02  1.859023e+02  5.989186e+01  5.574724e+01  3.266411e+01  9.532085e+00 
