  400.000  1.044247e+03  5.633071e-13  3.444462e+02  1.349744e+02  8.451401e-14  6.584309e+01 
  401.000  1.040226e+03  2.234982e-14  3.421388e+02  1.344547e+02 -2.519929e-14  6.546187e+01 
  402.000  1.075723e+03  2.870443e-13  3.528681e+02  1.390428e+02  3.653609e-14  6.761644e+01 
  403.000  1.012615e+03 -3.311800e-13  3.311696e+02  1.308858e+02 -4.655153e-14  6.353510e+01 
  404.000  1.083661e+03 -8.064206e-13  3.524488e+02  1.400688e+02 -1.209200e-13  6.763531e+01 
  405.000  1.048865e+03  4.411108e-13  3.394128e+02  1.355713e+02  6.553031e-14  6.515913e+01 
  406.000  9.864381e+02 -2.551181e-13  3.183995e+02  1.275023e+02 -2.816911e-14  6.121291e+01 
  407.000  9.971321e+02  1.359634e-13  3.208995e+02  1.288845e+02  2.191697e-14  6.178215e+01 
  408.000  1.030357e+03 -5.992397e-13  3.295272e+02  1.331790e+02 -8.593269e-14  6.342052e+01 
  409.000  1.108115e+03  2.489147e-13  3.525725e+02  1.432296e+02  3.011549e-14  6.787399e+01 
  410.000  8.879820e+02 -1.393097e-13  2.815122e+02  1.147763e+02 -2.037467e-14  5.424473e+01 
  411.000  1.080654e+03 -4.726648e-13  3.411804e+02  1.396802e+02 -7.043441e-14  6.580910e+01 
  412.000  1.105562e+03 -4.427814e-13  3.482410e+02  1.428997e+02 -5.463370e-14  6.726376e+01 
  413.000  1.043144e+03 -4.312429e-13  3.265260e+02  1.348319e+02 -5.723944e-14  6.304732e+01 
  414.000  1.095545e+03 -2.449836e-13  3.415924e+02  1.416049e+02 -2.836160e-14  6.600923e+01 
  415.000  1.069505e+03 -1.049119e-13  3.326745e+02  1.382391e+02 -1.879037e-14  6.438512e+01 
  416.000  1.117195e+03  2.650041e-13  3.466678e+02  1.444033e+02  1.591956e-14  6.719376e+01 
  417.000  1.042940e+03  7.764618e-14  3.222386e+02  1.348054e+02  2.435033e-14  6.248817e+01 
  418.000  1.043650e+03 -3.598322e-14  3.208793e+02  1.348972e+02  1.179781e-14  6.224519e+01 
  419.000  1.064652e+03 -3.760478e-14  3.259322e+02  1.376119e+02  1.460421e-15  6.327015e+01 
  420.000  9.500126e+02  1.054794e-13  2.895753e+02  1.227941e+02  1.442206e-14  5.623302e+01 
  421.000  1.111738e+03 -6.635112e-13  3.375385e+02  1.436979e+02 -9.770600e-14  6.559350e+01 
  422.000  1.103901e+03 -8.475667e-14  3.337564e+02  1.426849e+02 -2.328647e-14  6.489423e+01 
  423.000  9.848243e+02 -1.749570e-13  2.967064e+02  1.272937e+02 -1.433050e-14  5.773975e+01 
  424.000  9.604402e+02 -3.381367e-13  2.879503e+02  1.241419e+02 -4.055265e-14  5.604765e+01 
  425.000  9.668977e+02 -2.600957e-13  2.890658e+02  1.249766e+02 -2.682581e-14  5.633370e+01 
  426.000  1.044755e+03 -4.430834e-13  3.119713e+02  1.350401e+02 -8.692955e-14  6.090559e+01 
  427.000  9.718521e+02 -1.557361e-13  2.887291e+02  1.256170e+02 -3.630785e-14  5.637510e+01 
  428.000  9.716253e+02  2.385051e-13  2.870687e+02  1.255877e+02  1.082143e-14  5.604284e+01 
  429.000  8.703140e+02 -4.350457e-13  2.568009e+02  1.124926e+02 -6.941452e-14  5.022324e+01 
  430.000  7.420817e+02 -2.210971e-13  2.182813e+02  9.591794e+01 -2.961106e-14  4.272737e+01 
  431.000  6.200251e+02  1.095530e-13  1.812020e+02  8.014149e+01  1.995543e-14  3.544867e+01 
  432.000  1.102952e+03  2.656406e-13  3.217926e+02  1.425623e+02  4.933692e-14  6.305950e+01 
  433.000  1.047995e+03  3.627081e-13  3.045529e+02  1.354589e+02  6.764645e-14  5.971886e+01 
  434.000  9.814619e+02  4.016011e-13  2.837467e+02  1.268591e+02  5.589658e-14  5.563275e+01 
  435.000  1.077020e+03 -9.290126e-14  3.096225e+02  1.392105e+02  2.785093e-15  6.068121e+01 
  436.000  1.185029e+03  7.251299e-13  3.399720e+02  1.531712e+02  1.018048e-13  6.673109e+01 
  437.000  1.167904e+03  6.765137e-13  3.346427e+02  1.509577e+02  1.105567e-13  6.580084e+01 
  438.000  1.061210e+03 -5.724932e-13  3.032485e+02  1.371670e+02 -1.004664e-13  5.968726e+01 
  439.000  9.545284e+02  2.324820e-14  2.703196e+02  1.233778e+02  9.739653e-15  5.310662e+01 
  440.000  1.028235e+03  1.052664e-13  2.906852e+02  1.329048e+02  3.437950e-14  5.718949e+01 
  441.000  1.092457e+03  1.897209e-13  3.085940e+02  1.412058e+02  4.628659e-15  6.084227e+01 
  442.000  1.152158e+03  1.127478e-12  3.244298e+02  1.489224e+02  1.555291e-13  6.402810e+01 
  443.000  1.124940e+03  4.052533e-13  3.149484e+02  1.454044e+02  4.893924e-14  6.216407e+01 
  444.000  1.136608e+03 -2.150555e-13  3.166497e+02  1.469125e+02 -4.074747e-14  6.248083e+01 
  445.000  1.127872e+03 -6.096249e-13  3.122390e+02  1.457834e+02 -8.529400e-14  6.158358e+01 
  446.000  1.046267e+03  2.221105e-13  2.893087e+02  1.352355e+02  2.308066e-14  5.716819e+01 
  447.000  1.173704e+03  2.440235e-13  3.237725e+02  1.517074e+02  2.600111e-14  6.402057e+01 
  448.000  1.233504e+03 -1.335151e-13  3.374694e+02  1.594368e+02 -1.164900e-14  6.660536e+01 
  449.000  1.191056e+03  5.835689e-14  3.261648e+02  1.539503e+02 -1.147361e-14  6.453961e+01 
  450.000  1.231612e+03 -2.147239e-13  3.367628e+02  1.591923e+02 -4.122254e-14  6.672189e+01 
  451.000  1.308555e+03 -6.408750e-13  3.565621e+02  1.691376e+02 -9.239034e-14  7.066726e+01 
  452.000  1.226811e+03 -2.151882e-13  3.330724e+02  1.585717e+02 -2.743489e-14  6.603544e+01 
  453.000  1.095371e+03 -3.852274e-13  2.963037e+02  1.415824e+02 -5.837577e-14  5.877464e+01 
  454.000  1.164196e+03 -6.973188e-13  3.141335e+02  1.504785e+02 -1.128548e-13  6.237798e+01 
  455.000  1.211156e+03 -4.711541e-13  3.254145e+02  1.565483e+02 -6.282019e-14  6.462101e+01 
  456.000  1.221250e+03 -7.815121e-13  3.270393e+02  1.578530e+02 -9.176717e-14  6.497602e+01 
  457.000  1.265555e+03 -1.141148e-12  3.375393e+02  1.635797e+02 -1.617999e-13  6.707768e+01 
  458.000  1.201051e+03  2.479441e-13  3.183586e+02  1.552421e+02  3.088220e-14  6.321082e+01 
  459.000  1.227487e+03  6.330944e-13  3.245655e+02  1.586592e+02  6.941869e-14  6.450208e+01 
  460.000  1.213091e+03 -5.138607e-13  3.192514e+02  1.567984e+02 -7.935734e-14  6.342984e+01 
  461.000  1.220561e+03  2.884329e-13  3.202281e+02  1.577638e+02  5.446355e-14  6.365779e+01 
  462.000  1.196836e+03  4.608071e-14  3.132833e+02  1.546974e+02  3.047796e-14  6.235365e+01 
  463.000  1.208987e+03  3.901242e-13  3.145685e+02  1.562679e+02  6.963315e-14  6.254525e+01 
  464.000  1.201666e+03 -1.469937e-13  3.121039e+02  1.553216e+02 -1.439056e-14  6.213455e+01 
  465.000  1.162062e+03  4.708882e-14  3.014659e+02  1.502026e+02  1.082938e-14  6.009839e+01 
  466.000  1.211501e+03  3.015240e-13  3.135257e+02  1.565928e+02  2.822450e-14  6.257209e+01 
  467.000  1.157254e+03 -6.395477e-13  2.978117e+02  1.495811e+02 -9.298800e-14  5.939235e+01 
  468.000  1.207214e+03  1.795228e-13  3.099030e+02  1.560388e+02  6.284392e-15  6.184933e+01 
  469.000  1.211035e+03  3.079545e-13  3.100486e+02  1.565327e+02  2.811690e-14  6.194464e+01 
  470.000  1.176282e+03  3.692541e-14  3.000308e+02  1.520407e+02  1.742076e-14  5.997194e+01 
  471.000  1.175278e+03  3.206911e-13  2.986893e+02  1.519109e+02  3.189795e-14  5.971724e+01 
  472.000  1.215279e+03  4.023661e-14  3.071731e+02  1.570811e+02  1.943308e-14  6.140540e+01 
  473.000  1.181234e+03 -1.938813e-14  2.964443e+02  1.526807e+02 -4.868544e-15  5.924195e+01 
  474.000  1.178958e+03 -2.932523e-13  2.929592e+02  1.523865e+02 -2.718928e-14  5.845872e+01 
  475.000  1.229468e+03 -6.717192e-14  3.030300e+02  1.589152e+02 -1.341431e-15  6.047052e+01 
  476.000  1.225012e+03 -2.321507e-13  2.998353e+02  1.583392e+02 -4.058392e-14  5.985248e+01 
  477.000  1.212579e+03 -1.188529e-13  2.951250e+02  1.567322e+02 -3.093070e-14  5.890704e+01 
  478.000  1.260860e+03 -1.112000e-12  3.057623e+02  1.629727e+02 -1.612793e-13  6.102403e+01 
  479.000  1.187517e+03  1.892857e-13  2.874499e+02  1.534927e+02  3.504791e-14  5.735220e+01 
  480.000  1.228729e+03  3.249721e-13  2.973375e+02  1.588197e+02  5.115621e-14  5.931907e+01 
  481.000  1.204143e+03  8.968116e-14  2.919048e+02  1.556417e+02  7.446345e-15  5.828846e+01 
  482.000  1.240866e+03 -1.845718e-13  3.011187e+02  1.603884e+02 -1.976132e-14  6.018846e+01 
  483.000  1.215348e+03 -4.870497e-13  2.948888e+02  1.570900e+02 -6.006047e-14  5.899976e+01 
  484.000  1.177141e+03  3.099526e-14  2.849420e+02  1.521517e+02  1.772248e-14  5.701798e+01 
  485.000  1.152372e+03  3.875604e-13  2.777739e+02  1.489501e+02  4.502492e-14  5.557873e+01 
  486.000  1.016008e+03  2.799000e-13  2.443592e+02  1.313243e+02  4.361295e-14  4.891268e+01 
  487.000  1.035693e+03  3.459752e-13  2.486051e+02  1.338687e+02  7.293555e-14  4.980138e+01 
  488.000  1.134306e+03 -4.150736e-13  2.711335e+02  1.466150e+02 -3.461134e-14  5.429395e+01 
  489.000  1.081222e+03  6.601249e-14  2.572683e+02  1.397536e+02  7.701080e-15  5.149456e+01 
  490.000  1.229658e+03 -5.761810e-13  2.923275e+02  1.589397e+02 -7.686043e-14  5.859784e+01 
  491.000  1.141853e+03 -8.574979e-13  2.711021e+02  1.475905e+02 -1.170047e-13  5.440283e+01 
  492.000  1.069794e+03 -4.323095e-14  2.531490e+02  1.382765e+02 -1.482883e-14  5.080719e+01 
  493.000  1.177685e+03  3.197626e-13  2.776076e+02  1.522220e+02  3.902552e-14  5.571194e+01 
  494.000  1.131874e+03  3.672188e-13  2.656579e+02  1.463007e+02  4.610032e-14  5.329327e+01 
  495.000  1.249456e+03  1.572001e-14  2.922258e+02  1.614987e+02  2.394488e-14  5.862315e+01 
  496.000  1.183362e+03  1.171840e-12  2.756230e+02  1.529557e+02  1.875746e-13  5.526773e+01 
  497.000  1.176393e+03 -1.297042e-13  2.729960e+02  1.520549e+02 -4.416366e-15  5.473860e+01 
  498.000  1.115103e+03  1.830514e-14  2.579769e+02  1.441328e+02  1.504059e-15  5.172950e+01 
  499.000  1.151845e+03  3.414586e-13  2.652955e+02  1.488820e+02  4.296469e-14  5.318582e+01 
  500.000  1.132782e+03 -9.765945e-13  2.597367e+02  1.464180e+02 -1.960932e-13  5.204643e+01 
  501.000  1.119584e+03 -4.254966e-13  2.552891e+02  1.447121e+02 -5.644814e-14  5.110011e+01 
  502.000  1.082107e+03 -9.278314e-13  2.447196e+02  1.398680e+02 -1.270293e-13  4.892044e+01 
  503.000  1.150382e+03  4.103996e-13  2.577128e+02  1.486929e+02  7.646879e-14  5.145290e+01 
  504.000  1.133838e+03 -1.154888e-12  2.509986e+02  1.465545e+02 -1.631371e-13  5.007686e+01 
  505.000  1.153203e+03 -5.887901e-14  2.555533e+02  1.490575e+02 -4.762418e-15  5.091285e+01 
  506.000  1.220549e+03  4.790378e-13  2.699760e+02  1.577624e+02  7.086566e-14  5.384373e+01 
  507.000  1.155720e+03  4.247112e-13  2.547085e+02  1.493828e+02  5.883887e-14  5.084682e+01 
  508.000  1.091267e+03 -3.383961e-13  2.406730e+02  1.410520e+02 -7.792371e-14  4.805976e+01 
  509.000  1.179036e+03 -7.194485e-13  2.595558e+02  1.523965e+02 -1.140877e-13  5.183216e+01 
  510.000  1.161932e+03  4.852971e-13  2.556042e+02  1.501858e+02  6.757633e-14  5.105757e+01 
  511.000  1.158215e+03 -1.051112e-13  2.545510e+02  1.497054e+02 -5.712942e-15  5.087566e+01 
  512.000  1.189556e+03 -5.582452e-14  2.609510e+02  1.537564e+02 -4.771780e-15  5.217074e+01 
  513.000  1.110116e+03  2.155345e-13  2.431075e+02  1.434883e+02  3.873810e-14  4.862960e+01 
  514.000  1.097948e+03  7.762187e-13  2.400241e+02  1.419155e+02  1.020378e-13  4.804293e+01 
  515.000  1.083874e+03  9.814789e-13  2.364388e+02  1.400963e+02  1.326096e-13  4.734785e+01 
  516.000  1.161296e+03  5.668727e-13  2.524669e+02  1.501036e+02  8.139199e-14  5.055050e+01 
  517.000  9.449039e+02  3.749860e-13  2.046776e+02  1.221338e+02  6.523697e-14  4.097886e+01 
  518.000  1.041165e+03  5.980303e-13  2.246625e+02  1.345760e+02  1.014830e-13  4.495364e+01 
  519.000  9.899696e+02 -7.244934e-14  2.126909e+02  1.279587e+02  1.451003e-14  4.253572e+01 
  520.000  1.098606e+03 -4.463313e-13  2.352526e+02  1.420005e+02 -6.014702e-14  4.703588e+01 
  521.000  1.116151e+03 -3.533224e-13  2.380239e+02  1.442684e+02 -5.975557e-14  4.757285e+01 
  522.000  1.144744e+03  3.161751e-13  2.432284e+02  1.479642e+02  1.502089e-14  4.858918e+01 
  523.000  1.081836e+03 -3.986490e-13  2.288338e+02  1.398329e+02 -8.475069e-14  4.568343e+01 
  524.000  1.167176e+03 -1.587972e-13  2.456776e+02  1.508636e+02 -4.382277e-14  4.901228e+01 
  525.000  1.158977e+03 -4.037315e-13  2.424547e+02  1.498038e+02 -4.972701e-14  4.830180e+01 
  526.000  1.095879e+03 -6.593447e-13  2.281248e+02  1.416480e+02 -1.005328e-13  4.538687e+01 
  527.000  1.004819e+03 -5.214409e-13  2.078246e+02  1.298781e+02 -1.027041e-13  4.130247e+01 
  528.000  1.150521e+03 -1.834097e-13  2.367141e+02  1.487109e+02 -3.201426e-14  4.698610e+01 
  529.000  1.156026e+03  7.005447e-13  2.365029e+02  1.494224e+02  9.849803e-14  4.689242e+01 
  530.000  1.144442e+03  1.606058e-13  2.329724e+02  1.479252e+02  3.251485e-14  4.613752e+01 
  531.000  1.210861e+03 -6.304735e-13  2.454828e+02  1.565101e+02 -9.960465e-14  4.858814e+01 
  532.000  1.147189e+03  6.087525e-13  2.317226e+02  1.482801e+02  8.993235e-14  4.584415e+01 
  533.000  9.994314e+02  3.490657e-13  2.012602e+02  1.291817e+02  4.752745e-14  3.981099e+01 
  534.000  1.068123e+03 -6.604181e-13  2.145011e+02  1.380605e+02 -8.174964e-14  4.242741e+01 
  535.000  1.117380e+03 -1.391683e-13  2.238765e+02  1.444272e+02 -4.814134e-14  4.428085e+01 
  536.000  1.180276e+03  1.130370e-13  2.357990e+02  1.525569e+02  2.013343e-14  4.663651e+01 
  537.000  1.121344e+03  6.340833e-13  2.234532e+02  1.449396e+02  7.832268e-14  4.419082e+01 
  538.000  1.164445e+03 -1.118731e-12  2.313262e+02  1.505106e+02 -1.578503e-13  4.573394e+01 
  539.000  1.142603e+03 -2.304077e-13  2.260281e+02  1.476874e+02 -4.836020e-14  4.467261e+01 
  540.000  1.062360e+03 -1.339653e-13  2.097326e+02  1.373156e+02 -1.255273e-14  4.145681e+01 
  541.000  1.051662e+03  1.425147e-13  2.059288e+02  1.359328e+02  2.747693e-14  4.069191e+01 
  542.000  1.121265e+03  2.477416e-13  2.189758e+02  1.449293e+02  4.192494e-14  4.323509e+01 
  543.000  1.130224e+03 -1.151369e-13  2.204591e+02  1.460874e+02 -1.919941e-14  4.350800e+01 
  544.000  1.149999e+03 -2.342980e-13  2.234458e+02  1.486434e+02 -5.520621e-14  4.408961e+01 
  545.000  1.151345e+03 -1.332285e-12  2.230560e+02  1.488174e+02 -2.215010e-13  4.398838e+01 
  546.000  1.093340e+03  4.065000e-13  2.109462e+02  1.413199e+02  3.796035e-14  4.160512e+01 
  547.000  1.133525e+03 -6.465543e-13  2.183099e+02  1.465141e+02 -8.276498e-14  4.305458e+01 
  548.000  1.091058e+03  5.415105e-13  2.099179e+02  1.410249e+02  9.677509e-14  4.139366e+01 
  549.000  1.111213e+03  2.275200e-13  2.133545e+02  1.436301e+02  3.577037e-14  4.206886e+01 
  550.000  1.116882e+03  6.274444e-13  2.138494e+02  1.443628e+02  8.285310e-14  4.216583e+01 
  551.000  1.109846e+03  5.560075e-15  2.122849e+02  1.434534e+02 -5.579874e-15  4.185353e+01 
  552.000  1.142924e+03 -2.883197e-13  2.178074e+02  1.477289e+02 -5.111966e-14  4.292053e+01 
  553.000  1.092157e+03 -3.895994e-13  2.074693e+02  1.411670e+02 -4.355892e-14  4.086239e+01 
  554.000  1.124119e+03  1.043144e-14  2.129169e+02  1.452983e+02  1.150902e-14  4.192466e+01 
  555.000  1.131828e+03 -7.170132e-13  2.136796e+02  1.462948e+02 -9.231531e-14  4.205736e+01 
  556.000  1.113849e+03  5.930164e-13  2.093633e+02  1.439708e+02  9.814409e-14  4.116023e+01 
  557.000  1.089980e+03  1.469766e-13  2.037398e+02  1.408856e+02  1.455255e-14  3.998962e+01 
  558.000  1.107471e+03  5.018208e-13  2.059162e+02  1.431465e+02  8.234539e-14  4.035563e+01 
  559.000  1.074370e+03  2.322144e-13  1.988697e+02  1.388679e+02  2.613111e-14  3.892555e+01 
  560.000  1.089763e+03 -6.579410e-13  2.005862e+02  1.408575e+02 -8.589151e-14  3.919927e+01 
  561.000  1.125010e+03 -5.805758e-13  2.060429e+02  1.454134e+02 -1.012765e-13  4.021047e+01 
  562.000  1.056792e+03  8.169057e-14  1.925532e+02  1.365958e+02 -7.317683e-15  3.752697e+01 
  563.000  1.127009e+03 -1.415668e-13  2.042884e+02  1.456718e+02 -1.196276e-14  3.975579e+01 
  564.000  1.104319e+03 -2.631172e-13  1.990760e+02  1.427390e+02 -3.182125e-14  3.868322e+01 
  565.000  1.118474e+03 -4.577236e-13  2.006534e+02  1.445687e+02 -6.430715e-14  3.894348e+01 
  566.000  1.040904e+03 -1.271243e-12  1.857828e+02  1.345423e+02 -1.635799e-13  3.602440e+01 
  567.000  1.089467e+03  7.526809e-14  1.932651e+02  1.408193e+02  6.425200e-15  3.743017e+01 
  568.000  1.115036e+03  2.168820e-13  1.960186e+02  1.441243e+02  4.665242e-14  3.790046e+01 
  569.000  1.095591e+03  2.741610e-13  1.893364e+02  1.416108e+02  4.204466e-14  3.653682e+01 
  570.000  1.099004e+03  6.899945e-14  1.892467e+02  1.420520e+02  7.888363e-16  3.645081e+01 
  571.000  1.070971e+03 -7.243469e-14  1.835656e+02  1.384285e+02 -3.264938e-15  3.531714e+01 
  572.000  1.107582e+03 -1.101928e-12  1.879220e+02  1.431608e+02 -1.853753e-13  3.612152e+01 
  573.000  1.131428e+03  1.485008e-13  1.912794e+02  1.462430e+02  3.808385e-14  3.674428e+01 
  574.000  1.118043e+03 -1.348536e-13  1.873470e+02  1.445129e+02 -5.674875e-14  3.595539e+01 
  575.000  1.099476e+03 -1.301199e-12  1.833621e+02  1.421130e+02 -1.859621e-13  3.516517e+01 
  576.000  1.112657e+03  8.437764e-13  1.849489e+02  1.438167e+02  1.446782e-13  3.547798e+01 
  577.000  1.113043e+03  1.504913e-13  1.847565e+02  1.438666e+02  6.121834e-14  3.545852e+01 
  578.000  1.096057e+03 -5.020397e-13  1.822928e+02  1.416712e+02 -4.084753e-14  3.501873e+01 
  579.000  1.067028e+03 -6.936985e-14  1.779570e+02  1.379190e+02 -2.770071e-14  3.422460e+01 
  580.000  1.095954e+03  4.678238e-13  1.833933e+02  1.416577e+02  5.883625e-14  3.531216e+01 
  581.000  1.094653e+03  5.101061e-14  1.839433e+02  1.414896e+02  2.102254e-14  3.547695e+01 
  582.000  1.118184e+03 -2.528339e-14  1.886558e+02  1.445311e+02 -4.398051e-14  3.644806e+01 
  583.000  1.113886e+03  2.472519e-13  1.888571e+02  1.439756e+02  2.889334e-14  3.654929e+01 
  584.000  1.105670e+03  4.502198e-13  1.883909e+02  1.429136e+02  4.329466e-14  3.653640e+01 
  585.000  1.096042e+03 -6.581547e-14  1.870657e+02  1.416692e+02  3.796809e-15  3.631544e+01 
  586.000  1.058790e+03  2.018803e-13  1.810338e+02  1.368541e+02  1.909291e-14  3.517308e+01 
  587.000  1.085126e+03 -6.544242e-13  1.847580e+02  1.402582e+02 -9.144665e-14  3.590784e+01 
  588.000  1.085845e+03 -1.233698e-13  1.813250e+02  1.403511e+02  4.967475e-15  3.521339e+01 
  589.000  1.017729e+03  5.671044e-13  1.640313e+02  1.315467e+02  1.078571e-13  3.183333e+01 
  590.000  1.033342e+03  1.588664e-13  1.652382e+02  1.335649e+02  3.648322e-14  3.204877e+01 
  591.000  1.078407e+03  2.850990e-13  1.753783e+02  1.393898e+02  4.648495e-14  3.401942e+01 
  592.000  1.062775e+03  2.006664e-13  1.693493e+02  1.373692e+02  2.725928e-14  3.282738e+01 
  593.000  1.055053e+03  2.705819e-13  1.734019e+02  1.363711e+02  3.395832e-14  3.362517e+01 
  594.000  1.076209e+03 -1.818220e-13  1.738124e+02  1.391056e+02 -4.088750e-14  3.369521e+01 
  595.000  1.066030e+03 -1.357996e-12  1.706151e+02  1.377900e+02 -2.098033e-13  3.304529e+01 
  596.000  1.067546e+03 -9.514805e-13  1.755292e+02  1.379859e+02 -1.474437e-13  3.400121e+01 
  597.000  1.080438e+03 -1.268525e-12  1.773051e+02  1.396522e+02 -1.798935e-13  3.432583e+01 
  598.000  1.063014e+03 -7.415594e-15  1.744600e+02  1.374001e+02  5.696490e-15  3.375289e+01 
  599.000  1.051875e+03  1.862514e-13  1.728682e+02  1.359604e+02  4.632987e-14  3.342479e+01 
  600.000  1.060536e+03 -1.014676e-12  1.746976e+02  1.370798e+02 -1.344183e-13  3.375320e+01 
  601.000  1.030773e+03 -3.302391e-13  1.704825e+02  1.332327e+02 -5.868662e-14  3.295637e+01 
  602.000  1.030096e+03  6.163416e-13  1.703983e+02  1.331453e+02  8.105802e-14  3.295839e+01 
  603.000  1.031681e+03  2.998061e-15  1.707680e+02  1.333502e+02 -2.448960e-14  3.304400e+01 
  604.000  1.067471e+03  5.056409e-14  1.768462e+02  1.379762e+02  5.653440e-15  3.423675e+01 
  605.000  1.068518e+03 -1.237489e-13  1.769076e+02  1.381115e+02 -8.903002e-15  3.426341e+01 
  606.000  1.059859e+03  4.316505e-14  1.755406e+02  1.369923e+02  2.116750e-14  3.403566e+01 
  607.000  1.045694e+03  2.141837e-13  1.733060e+02  1.351614e+02  4.693954e-14  3.363512e+01 
  608.000  1.055515e+03  7.664446e-13  1.749958e+02  1.364308e+02  1.187944e-13  3.400046e+01 
  609.000  1.046287e+03 -1.061676e-12  1.735486e+02  1.352381e+02 -1.357404e-13  3.375416e+01 
  610.000  1.029021e+03  6.242946e-13  1.707467e+02  1.330064e+02  8.951844e-14  3.324332e+01 
  611.000  1.028391e+03  5.044179e-13  1.706777e+02  1.329249e+02  1.051557e-13  3.325830e+01 
  612.000  1.042432e+03  2.242370e-13  1.730062e+02  1.347398e+02  3.818514e-14  3.374622e+01 
  613.000  1.020074e+03 -4.337240e-13  1.693562e+02  1.318499e+02 -7.799183e-14  3.307043e+01 
  614.000  1.008621e+03  5.757046e-13  1.675188e+02  1.303695e+02  7.639323e-14  3.274924e+01 
  615.000  1.015364e+03  2.910099e-13  1.686715e+02  1.312411e+02  2.746933e-14  3.300714e+01 
  616.000  9.802424e+02 -1.028261e-13  1.628439e+02  1.267015e+02 -2.238926e-14  3.190150e+01 
  617.000  9.611523e+02 -1.306372e-13  1.596558e+02  1.242340e+02 -3.859141e-14  3.130397e+01 
  618.000  1.024364e+03 -8.013111e-13  1.700870e+02  1.324043e+02 -7.789068e-14  3.338945e+01 
  619.000  1.033405e+03 -1.016883e-12  1.714932e+02  1.335730e+02 -1.460744e-13  3.369587e+01 
  620.000  1.021932e+03 -1.351731e-13  1.693819e+02  1.320900e+02 -2.792019e-14  3.330619e+01 
  621.000  1.042309e+03 -3.509331e-13  1.724870e+02  1.347239e+02 -7.135601e-14  3.393576e+01 
  622.000  1.018005e+03 -9.652712e-13  1.681878e+02  1.315824e+02 -1.528122e-13  3.310824e+01 
  623.000  1.010804e+03 -8.509313e-13  1.665101e+02  1.306517e+02 -1.527138e-13  3.279488e+01 
  624.000  9.835110e+02 -2.752155e-13  1.616923e+02  1.271239e+02 -2.852826e-14  3.185526e+01 
  625.000  9.848442e+02  6.351979e-13  1.613549e+02  1.272963e+02  9.480035e-14  3.180065e+01 
  626.000  9.705469e+02 -1.828392e-13  1.582933e+02  1.254483e+02 -5.202406e-14  3.119767e+01 
  627.000  1.006131e+03  9.561677e-14  1.626461e+02  1.300477e+02 -6.322010e-15  3.203752e+01 
  628.000  1.007200e+03 -2.832780e-13  1.545316e+02  1.301858e+02 -4.256184e-14  3.017735e+01 
  629.000  1.023166e+03 -2.341685e-13  1.606786e+02  1.322496e+02 -5.570060e-14  3.154078e+01 
  630.000  9.998845e+02 -7.515310e-14  1.581837e+02  1.292403e+02 -2.141026e-14  3.104799e+01 
  631.000  9.936228e+02  6.720961e-13  1.594319e+02  1.284309e+02  8.957124e-14  3.141427e+01 
  632.000  9.645731e+02 -1.135775e-13  1.554966e+02  1.246761e+02 -1.008375e-14  3.072975e+01 
  633.000  9.975995e+02 -4.399985e-13  1.617150e+02  1.289449e+02 -6.753829e-14  3.200999e+01 
  634.000  9.737645e+02 -4.245525e-13  1.585489e+02  1.258642e+02 -4.432870e-14  3.144345e+01 
  635.000  9.926503e+02  3.182880e-13  1.622620e+02  1.283052e+02  3.288786e-14  3.222987e+01 
  636.000  9.704172e+02  4.205242e-13  1.591427e+02  1.254315e+02  5.657889e-14  3.167896e+01 
  637.000  9.873871e+02 -2.250583e-13  1.627594e+02  1.276249e+02  3.017727e-16  3.247750e+01 
  638.000  1.000851e+03  1.573217e-13  1.661056e+02  1.293652e+02  3.960511e-14  3.323613e+01 
  639.000  9.813992e+02  2.269555e-13  1.633808e+02  1.268510e+02  3.713272e-14  3.274680e+01 
  640.000  9.530825e+02 -4.283938e-13  1.592356e+02  1.231909e+02 -3.615207e-14  3.197161e+01 
  641.000  9.612169e+02 -2.588642e-13  1.606692e+02  1.242423e+02 -2.633183e-14  3.230140e+01 
  642.000  9.745086e+02  3.960073e-13  1.633657e+02  1.259603e+02  5.982585e-14  3.287048e+01 
  643.000  9.765792e+02 -1.279774e-13  1.635909e+02  1.262280e+02 -4.049532e-14  3.293848e+01 
  644.000  9.583249e+02  4.833440e-14  1.606462e+02  1.238685e+02  9.438488e-15  3.236912e+01 
  645.000  9.562169e+02  5.780643e-13  1.597707e+02  1.235960e+02  8.977172e-14  3.220990e+01 
  646.000  9.604978e+02 -1.642513e-13  1.585341e+02  1.241494e+02 -9.197229e-15  3.194732e+01 
  647.000  9.543342e+02 -5.680544e-13  1.545717e+02  1.233527e+02 -1.140994e-13  3.113350e+01 
  648.000  9.615353e+02  2.519567e-13  1.513972e+02  1.242835e+02  2.146705e-14  3.047268e+01 
  649.000  9.485093e+02 -3.617708e-14  1.515172e+02  1.225998e+02 -1.981603e-14  3.053230e+01 
  650.000  9.309976e+02  2.586894e-13  1.519220e+02  1.203363e+02  2.568922e-14  3.069776e+01 
  651.000  9.584020e+02 -1.574375e-13  1.577170e+02  1.238785e+02 -2.308697e-14  3.191588e+01 
  652.000  9.522380e+02 -9.041170e-14  1.537210e+02  1.230817e+02 -1.212604e-14  3.108461e+01 
  653.000  9.559184e+02 -4.108909e-13  1.586212e+02  1.235575e+02 -3.665918e-14  3.215981e+01 
  654.000  9.484115e+02 -2.358418e-13  1.568265e+02  1.225871e+02 -2.282861e-14  3.182152e+01 
  655.000  9.371248e+02 -6.182057e-13  1.523762e+02  1.211283e+02 -1.176454e-13  3.090912e+01 
  656.000  8.142844e+02 -3.400829e-13  1.339142e+02  1.052505e+02 -5.911046e-14  2.718986e+01 
  657.000  8.453692e+02 -3.840867e-13  1.383310e+02  1.092684e+02 -5.845508e-14  2.810744e+01 
  658.000  9.207918e+02 -8.559653e-14  1.529993e+02  1.190172e+02  4.718052e-15  3.114653e+01 
  659.000  9.236099e+02  3.207492e-13  1.543898e+02  1.193814e+02  7.060835e-14  3.146657e+01 
  660.000  9.183528e+02 -6.400940e-13  1.541927e+02  1.187019e+02 -7.670721e-14  3.146661e+01 
  661.000  9.406819e+02  3.003955e-13  1.581876e+02  1.215881e+02  4.586647e-14  3.230981e+01 
  662.000  9.408995e+02 -2.615041e-13  1.584501e+02  1.216162e+02 -4.782296e-14  3.238461e+01 
  663.000  9.355807e+02 -1.181523e-13  1.573237e+02  1.209287e+02  2.045052e-15  3.216929e+01 
  664.000  9.259271e+02  4.049418e-13  1.558733e+02  1.196809e+02  5.565662e-14  3.190003e+01 
  665.000  9.225900e+02  3.567750e-13  1.552716e+02  1.192496e+02  3.264292e-14  3.179382e+01 
  666.000  9.204652e+02  1.042418e-13  1.550664e+02  1.189749e+02 -4.676097e-15  3.177941e+01 
  667.000  9.096143e+02 -4.542241e-13  1.532891e+02  1.175724e+02 -9.041026e-14  3.143981e+01 
  668.000  9.295344e+02 -4.169667e-14  1.567198e+02  1.201472e+02 -8.268642e-15  3.216575e+01 
  669.000  9.260696e+02  3.181248e-13  1.561304e+02  1.196993e+02  4.973230e-14  3.206485e+01 
  670.000  9.180661e+02 -5.433457e-13  1.548343e+02  1.186648e+02 -6.141227e-14  3.182124e+01 
  671.000  9.132147e+02 -2.626189e-13  1.539974e+02  1.180378e+02 -2.338065e-14  3.167116e+01 
  672.000  8.992272e+02  8.819726e-13  1.515902e+02  1.162298e+02  1.129196e-13  3.118761e+01 
  673.000  9.040600e+02 -6.540103e-13  1.523575e+02  1.168545e+02 -9.303748e-14  3.136166e+01 
  674.000  9.095140e+02 -1.200265e-13  1.532288e+02  1.175594e+02 -2.499384e-14  3.155607e+01 
  675.000  9.047717e+02 -2.419830e-13  1.523969e+02  1.169465e+02 -1.780131e-14  3.140243e+01 
  676.000  9.035071e+02 -7.591897e-13  1.521252e+02  1.167830e+02 -1.273849e-13  3.136030e+01 
  677.000  9.002100e+02  1.777551e-14  1.515480e+02  1.163568e+02  1.524681e-15  3.125860e+01 
  678.000  8.961559e+02 -9.807499e-13  1.508237e+02  1.158328e+02 -1.153675e-13  3.112439e+01 
  679.000  8.947711e+02  9.844648e-13  1.505516e+02  1.156538e+02  1.674164e-13  3.108600e+01 
  680.000  8.913965e+02  2.652778e-13  1.498990e+02  1.152177e+02  1.605478e-14  3.096627e+01 
  681.000  8.856184e+02 -7.274131e-13  1.488220e+02  1.144708e+02 -1.035796e-13  3.075933e+01 
  682.000  8.861423e+02  8.021989e-14  1.489803e+02  1.145385e+02  9.490505e-15  3.081571e+01 
  683.000  8.826015e+02 -3.492764e-14  1.481407e+02  1.140809e+02  2.965167e-14  3.065350e+01 
  684.000  8.832483e+02  9.613746e-13  1.482573e+02  1.141645e+02  9.090194e-14  3.070056e+01 
  685.000  8.796630e+02  4.311468e-13  1.477771e+02  1.137010e+02  3.060003e-14  3.062033e+01 
  686.000  8.571154e+02  3.747890e-13  1.434370e+02  1.107866e+02  4.471646e-14  2.971929e+01 
  687.000  8.781967e+02  4.832246e-13  9.660170e+01  1.135115e+02  6.379362e-14  1.935501e+01 
  688.000  8.755135e+02 -4.336818e-13  1.080145e+02  1.131647e+02 -6.880473e-14  2.139327e+01 
  689.000  8.690317e+02 -4.190938e-13  1.200771e+02  1.123269e+02 -8.272036e-14  2.413405e+01 
  690.000  8.759612e+02 -1.144650e-14  1.206439e+02  1.132226e+02  9.923690e-15  2.422235e+01 
  691.000  8.655502e+02  1.506314e-13  1.284900e+02  1.118769e+02 -5.042027e-16  2.620855e+01 
  692.000  8.574161e+02  5.238090e-13  1.324057e+02  1.108255e+02  8.656586e-14  2.720550e+01 
  693.000  8.578981e+02 -8.189354e-14  1.294633e+02  1.108878e+02 -1.012330e-14  2.667109e+01 
  694.000  8.584397e+02  1.546733e-13  1.260856e+02  1.109578e+02  4.831313e-14  2.598519e+01 
  695.000  8.564019e+02 -4.708738e-13  1.293436e+02  1.106944e+02 -9.521959e-14  2.676503e+01 
  696.000  8.543348e+02 -1.532655e-12  1.308199e+02  1.104272e+02 -1.978197e-13  2.708012e+01 
  697.000  8.541556e+02 -5.088108e-13  1.380621e+02  1.104041e+02 -5.864626e-14  2.866610e+01 
  698.000  8.427617e+02 -6.640192e-13  1.372000e+02  1.089314e+02 -1.114793e-13  2.849539e+01 
  699.000  8.494525e+02 -1.439878e-13  1.306408e+02  1.097962e+02 -1.930540e-14  2.703550e+01 
  700.000  8.408954e+02  2.429460e-13  1.301180e+02  1.086901e+02 -7.327792e-15  2.694777e+01 
  701.000  8.344293e+02  6.788449e-13  1.266515e+02  1.078544e+02  1.101785e-13  2.615265e+01 
  702.000  8.312187e+02 -6.626740e-13  1.281758e+02  1.074394e+02 -9.899457e-14  2.653403e+01 
  703.000  8.356133e+02  8.093543e-14  1.300478e+02  1.080074e+02 -3.561812e-15  2.698635e+01 
  704.000  8.382403e+02 -5.074604e-13  1.327272e+02  1.083469e+02 -7.877016e-14  2.759333e+01 
  705.000  8.452866e+02  1.983388e-13  1.347755e+02  1.092577e+02  1.132521e-14  2.801659e+01 
  706.000  8.383427e+02  3.090992e-13  1.332108e+02  1.083602e+02  5.475340e-14  2.768379e+01 
  707.000  8.204461e+02 -4.786787e-13  1.322437e+02  1.060470e+02 -7.172750e-14  2.752368e+01 
  708.000  8.363020e+02 -2.207135e-13  1.356528e+02  1.080964e+02 -2.167892e-14  2.827175e+01 
  709.000  8.292191e+02 -7.055754e-14  1.345089e+02  1.071809e+02 -1.496585e-14  2.804102e+01 
  710.000  8.344982e+02 -3.158767e-13  1.348709e+02  1.078633e+02  2.542398e-15  2.810809e+01 
  711.000  8.281950e+02  6.061595e-13  1.347323e+02  1.070485e+02  1.294956e-13  2.812132e+01 
  712.000  8.205933e+02  4.623207e-13  1.334788e+02  1.060660e+02  9.398129e-14  2.786148e+01 
  713.000  8.113467e+02  2.479991e-13  1.322621e+02  1.048708e+02  3.693474e-14  2.762863e+01 
  714.000  8.223506e+02 -9.673022e-13  1.335541e+02  1.062931e+02 -1.237240e-13  2.787494e+01 
  715.000  8.080248e+02 -3.353899e-13  1.279203e+02  1.044414e+02 -7.281814e-14  2.665607e+01 
  716.000  8.063342e+02 -6.750213e-13  1.251121e+02  1.042229e+02 -9.183308e-14  2.603683e+01 
  717.000  8.216666e+02 -6.480702e-13  1.100159e+02  1.062047e+02 -1.111449e-13  2.276735e+01 
  718.000  8.058530e+02 -5.531019e-13  9.806352e+01  1.041607e+02 -1.204938e-13  2.043104e+01 
  719.000  7.860564e+02  1.094326e-13  8.919981e+01  1.016019e+02  1.703339e-14  1.855760e+01 
  720.000  7.975613e+02  2.792708e-13  9.194053e+01  1.030890e+02  2.526969e-14  1.903378e+01 
  721.000  8.093606e+02 -5.593314e-13  1.054930e+02  1.046141e+02 -6.389598e-14  2.191847e+01 
  722.000  7.945242e+02 -2.879330e-13  1.184663e+02  1.026964e+02 -1.200577e-14  2.462102e+01 
  723.000  7.972444e+02  4.493704e-13  1.134814e+02  1.030480e+02  9.289268e-14  2.359219e+01 
  724.000  8.121328e+02  6.728687e-13  9.857501e+01  1.049724e+02  1.051888e-13  2.047316e+01 
  725.000  8.061223e+02  4.965545e-13  9.777382e+01  1.041955e+02  4.082129e-14  2.030005e+01 
  726.000  8.061215e+02  1.647429e-13  1.065772e+02  1.041954e+02  2.781585e-14  2.205469e+01 
  727.000  8.031420e+02 -2.843856e-14  1.016716e+02  1.038103e+02  5.492893e-15  2.107200e+01 
  728.000  7.923115e+02 -2.259115e-13  1.020362e+02  1.024104e+02 -1.177570e-14  2.120061e+01 
  729.000  7.753613e+02 -1.059619e-12  1.001155e+02  1.002195e+02 -1.564527e-13  2.072224e+01 
  730.000  7.896185e+02 -3.874604e-13  1.055875e+02  1.020623e+02 -3.411620e-14  2.188413e+01 
  731.000  7.795456e+02 -2.538540e-13  1.005582e+02  1.007603e+02 -3.036278e-14  2.080013e+01 
  732.000  7.888011e+02 -5.729702e-13  1.101924e+02  1.019567e+02 -9.346763e-14  2.289728e+01 
  733.000  7.816537e+02 -7.887472e-13  1.161777e+02  1.010328e+02 -1.033651e-13  2.423035e+01 
  734.000  7.919323e+02 -1.145834e-12  1.225773e+02  1.023614e+02 -1.583566e-13  2.562315e+01 
  735.000  7.883784e+02 -5.768856e-13  1.189676e+02  1.019020e+02 -1.015623e-13  2.482833e+01 
  736.000  7.783160e+02  2.251955e-13  1.194930e+02  1.006014e+02 -1.988836e-15  2.494780e+01 
  737.000  7.825359e+02  5.093155e-13  1.197643e+02  1.011469e+02  7.384115e-14  2.500503e+01 
  738.000  7.768080e+02 -7.529785e-14  1.212502e+02  1.004065e+02 -4.723025e-15  2.535453e+01 
  739.000  7.660538e+02  2.095998e-13  1.204936e+02  9.901646e+01  2.278122e-14  2.524568e+01 
  740.000  7.671294e+02  1.023984e-12  1.236168e+02  9.915549e+01  1.126963e-13  2.596782e+01 
  741.000  7.584221e+02  7.425852e-13  1.229471e+02  9.803002e+01  5.428623e-14  2.585361e+01 
  742.000  7.486377e+02 -5.102724e-13  1.216180e+02  9.676534e+01 -4.019353e-14  2.558414e+01 
  743.000  7.666817e+02  3.272410e-13  1.247605e+02  9.909762e+01  4.679942e-14  2.625578e+01 
  744.000  7.713969e+02  2.690390e-13  1.259103e+02  9.970708e+01  5.594408e-14  2.651600e+01 
  745.000  7.593237e+02  4.970322e-13  1.243004e+02  9.814657e+01  8.433482e-14  2.618754e+01 
  746.000  7.612303e+02 -5.677477e-13  1.246630e+02  9.839300e+01 -5.018137e-14  2.627102e+01 
  747.000  7.658760e+02 -4.767181e-14  1.254006e+02  9.899348e+01  2.213207e-14  2.643289e+01 
  748.000  7.638076e+02  3.354424e-13  1.250437e+02  9.872613e+01  3.451507e-14  2.636263e+01 
  749.000  7.503592e+02 -6.641215e-13  1.228169e+02  9.698785e+01 -7.924022e-14  2.589648e+01 
  750.000  7.469829e+02 -5.659689e-13  1.222126e+02  9.655145e+01 -5.656760e-14  2.577366e+01 
  751.000  7.602925e+02  3.228731e-13  1.243441e+02  9.827178e+01  4.571908e-14  2.622813e+01 
  752.000  7.557953e+02 -1.786452e-13  1.236091e+02  9.769049e+01 -8.532507e-15  2.608126e+01 
  753.000  7.496519e+02  1.170976e-12  1.225768e+02  9.689642e+01  1.404282e-13  2.586825e+01 
  754.000  7.582803e+02 -1.193113e-12  1.239009e+02  9.801170e+01 -1.849815e-13  2.615131e+01 
  755.000  7.561698e+02 -4.156465e-13  1.234537e+02  9.773890e+01 -6.244591e-14  2.606015e+01 
  756.000  7.474920e+02 -3.163530e-13  1.220063e+02  9.661725e+01 -7.550921e-14  2.575816e+01 
  757.000  7.440415e+02 -7.787488e-13  1.214607e+02  9.617126e+01 -1.284946e-13  2.564988e+01 
  758.000  7.375022e+02  9.939523e-14  1.203203e+02  9.532601e+01 -4.230899e-15  2.541226e+01 
  759.000  7.333591e+02 -7.418147e-13  1.133418e+02  9.479049e+01 -1.061239e-13  2.381143e+01 
  760.000  7.442901e+02  1.014241e-13  2.659630e+01  9.620339e+01  3.177331e-15  5.309099e+00 
  761.000  7.376541e+02  6.378085e-13  1.763255e+01  9.534565e+01  1.073060e-13  3.468916e+00 
  762.000  7.186765e+02  2.519548e-13  4.849349e+01  9.289268e+01  4.246057e-14  9.331361e+00 
  763.000  7.332904e+02 -3.298934e-13  3.480562e+01  9.478162e+01 -3.121295e-14  6.397245e+00 
  764.000  7.453607e+02 -3.332576e-13  4.050971e+01  9.634176e+01 -7.944198e-14  7.591069e+00 
  765.000  7.324891e+02 -3.173288e-13  6.002134e+01  9.467804e+01 -6.622634e-14  1.168424e+01 
  766.000  7.093383e+02 -8.795406e-13  8.247340e+01  9.168569e+01 -7.447391e-14  1.675007e+01 
  767.000  7.023604e+02 -3.676720e-13  9.157206e+01  9.078375e+01 -6.941190e-14  1.878508e+01 
  768.000  7.251528e+02  4.808428e-13  1.096490e+02  9.372980e+01  3.721283e-14  2.293502e+01 
  769.000  7.251498e+02  1.161126e-12  1.133625e+02  9.372940e+01  1.161157e-13  2.377358e+01 
  770.000  7.213121e+02  7.668481e-14  1.140575e+02  9.323336e+01  1.448528e-15  2.400131e+01 
  771.000  7.144412e+02  4.532489e-13  1.149810e+02  9.234526e+01  6.395148e-14  2.426854e+01 
  772.000  7.064371e+02  3.418718e-13  1.141151e+02  9.131068e+01  2.782677e-14  2.410950e+01 
  773.000  7.105574e+02  5.750512e-13  1.147041e+02  9.184326e+01  3.844884e-14  2.423395e+01 
  774.000  7.195573e+02 -7.008745e-13  1.160633e+02  9.300653e+01 -1.197670e-13  2.451950e+01 
  775.000  6.957645e+02 -2.774127e-13  1.121967e+02  8.993119e+01 -1.146848e-14  2.370284e+01 
  776.000  7.086436e+02 -1.218714e-12  1.142058e+02  9.159589e+01 -1.501950e-13  2.412735e+01 
  777.000  7.131727e+02 -1.737937e-12  1.148583e+02  9.218130e+01 -2.129653e-13  2.426547e+01 
  778.000  7.083515e+02 -2.951117e-13  1.140149e+02  9.155814e+01 -2.966372e-14  2.408704e+01 
  779.000  7.142802e+02 -5.943710e-13  1.148809e+02  9.232446e+01 -9.860111e-14  2.426918e+01 
  780.000  7.054348e+02  2.198383e-13  1.133821e+02  9.118114e+01  6.145247e-14  2.395230e+01 
  781.000  7.033839e+02  3.080550e-13  1.130042e+02  9.091604e+01  8.095506e-14  2.387461e+01 
  782.000  7.095404e+02  7.527885e-13  1.138949e+02  9.171181e+01  1.184694e-13  2.406488e+01 
  783.000  7.028878e+02 -5.778904e-13  1.127841e+02  9.085191e+01 -1.075186e-13  2.383316e+01 
  784.000  6.958032e+02 -1.422163e-12  1.113670e+02  8.993620e+01 -1.793499e-13  2.352861e+01 
  785.000  7.054875e+02 -1.073389e-13  1.125890e+02  9.118795e+01 -4.537712e-14  2.377769e+01 
  786.000  6.993445e+02 -4.956390e-13  1.106075e+02  9.039394e+01 -9.388077e-14  2.332146e+01 
  787.000  7.015574e+02 -9.295217e-13  1.099116e+02  9.067996e+01 -1.223245e-13  2.316279e+01 
  788.000  7.031982e+02 -2.135452e-13  1.085529e+02  9.089205e+01  5.995761e-15  2.283925e+01 
  789.000  7.008891e+02  5.489264e-13  1.074828e+02  9.059357e+01  1.060134e-13  2.259718e+01 
  790.000  6.987195e+02 -1.200856e-14  1.045666e+02  9.031314e+01  4.166265e-15  2.194017e+01 
  791.000  6.938783e+02  3.681956e-13  1.046609e+02  8.968739e+01  7.727896e-14  2.196976e+01 
  792.000  6.900464e+02 -2.738529e-13  1.052659e+02  8.919212e+01 -1.295099e-14  2.213695e+01 
  793.000  6.788959e+02 -2.225427e-13  1.043181e+02  8.775085e+01 -2.093977e-14  2.195730e+01 
  794.000  6.666004e+02 -3.029982e-13  1.042435e+02  8.616158e+01 -4.195194e-14  2.198742e+01 
  795.000  6.670990e+02 -2.891368e-13  1.047368e+02  8.622604e+01 -6.044220e-14  2.210399e+01 
  796.000  6.811696e+02  6.215743e-14  1.009063e+02  8.804472e+01  2.104212e-14  2.115435e+01 
  797.000  6.869675e+02  8.367696e-13  1.028408e+02  8.879414e+01  1.170922e-13  2.158338e+01 
  798.000  6.875435e+02 -7.322092e-13  1.051526e+02  8.886860e+01 -1.050039e-13  2.211705e+01 
  799.000  6.823000e+02  6.099778e-13  1.053087e+02  8.819085e+01  7.862219e-14  2.216978e+01 
  800.000  6.727538e+02  9.150928e-14  1.018352e+02  8.695695e+01  6.749668e-15  2.139170e+01 
