  400.000  3.076551e+02  4.447375e+02  8.161086e+01  4.264902e+01  7.237247e+01  1.438627e+01 
  401.000  3.082459e+02  4.427439e+02  8.143375e+01  4.272646e+01  7.208598e+01  1.435181e+01 
  402.000  3.211207e+02  4.576600e+02  8.441590e+01  4.450536e+01  7.456273e+01  1.487331e+01 
  403.000  3.043216e+02  4.305422e+02  7.962763e+01  4.217197e+01  7.018726e+01  1.402602e+01 
  404.000  3.277457e+02  4.599633e+02  8.532098e+01  4.541198e+01  7.503212e+01  1.502459e+01 
  405.000  3.191975e+02  4.445135e+02  8.269117e+01  4.422186e+01  7.255733e+01  1.455749e+01 
  406.000  3.022522e+02  4.178670e+02  7.794439e+01  4.186908e+01  6.824942e+01  1.371830e+01 
  407.000  3.077274e+02  4.221422e+02  7.897070e+01  4.262189e+01  6.899257e+01  1.389510e+01 
  408.000  3.195811e+02  4.352710e+02  8.164597e+01  4.425832e+01  7.117899e+01  1.436214e+01 
  409.000  3.456908e+02  4.673509e+02  8.790897e+01  4.786812e+01  7.647118e+01  1.545975e+01 
  410.000  2.787429e+02  3.741423e+02  7.056837e+01  3.859297e+01  6.125642e+01  1.240703e+01 
  411.000  3.415768e+02  4.548022e+02  8.604555e+01  4.728589e+01  7.451252e+01  1.512380e+01 
  412.000  3.516168e+02  4.650724e+02  8.821250e+01  4.867004e+01  7.623817e+01  1.550099e+01 
  413.000  3.334008e+02  4.378497e+02  8.327664e+01  4.614287e+01  7.181686e+01  1.462989e+01 
  414.000  3.522398e+02  4.593156e+02  8.759945e+01  4.874401e+01  7.538253e+01  1.538539e+01 
  415.000  3.461495e+02  4.481782e+02  8.571145e+01  4.789507e+01  7.359936e+01  1.504995e+01 
  416.000  3.639272e+02  4.679182e+02  8.973058e+01  5.034850e+01  7.688698e+01  1.575170e+01 
  417.000  3.415337e+02  4.362073e+02  8.386822e+01  4.724467e+01  7.171597e+01  1.471904e+01 
  418.000  3.436314e+02  4.357927e+02  8.402212e+01  4.752870e+01  7.169022e+01  1.474229e+01 
  419.000  3.526172e+02  4.439574e+02  8.584207e+01  4.876503e+01  7.307806e+01  1.505766e+01 
  420.000  3.162095e+02  3.955770e+02  7.668221e+01  4.372486e+01  6.514932e+01  1.344780e+01 
  421.000  3.720773e+02  4.623351e+02  8.986489e+01  5.144366e+01  7.618755e+01  1.575579e+01 
  422.000  3.714016e+02  4.584381e+02  8.934499e+01  5.134382e+01  7.558774e+01  1.566086e+01 
  423.000  3.331546e+02  4.085341e+02  7.983003e+01  4.605067e+01  6.739733e+01  1.398968e+01 
  424.000  3.265014e+02  3.977358e+02  7.792793e+01  4.512535e+01  6.565224e+01  1.365306e+01 
  425.000  3.306040e+02  4.000829e+02  7.859815e+01  4.568655e+01  6.607745e+01  1.376717e+01 
  426.000  3.592965e+02  4.322359e+02  8.512013e+01  4.964586e+01  7.142532e+01  1.490634e+01 
  427.000  3.358284e+02  4.013401e+02  7.924992e+01  4.639721e+01  6.635680e+01  1.387498e+01 
  428.000  3.372409e+02  4.004271e+02  7.928011e+01  4.658650e+01  6.624155e+01  1.387697e+01 
  429.000  3.038401e+02  3.585970e+02  7.117525e+01  4.196746e+01  5.935359e+01  1.245558e+01 
  430.000  2.603695e+02  3.054485e+02  6.077747e+01  3.595885e+01  5.058307e+01  1.063364e+01 
  431.000  2.184216e+02  2.545762e+02  5.079208e+01  3.016168e+01  4.218108e+01  8.884458e+00 
  432.000  3.908254e+02  4.526795e+02  9.055288e+01  5.396197e+01  7.504689e+01  1.583572e+01 
  433.000  3.732054e+02  4.295227e+02  8.615054e+01  5.152253e+01  7.124697e+01  1.506232e+01 
  434.000  3.509384e+02  4.014661e+02  8.072764e+01  4.844257e+01  6.662685e+01  1.411105e+01 
  435.000  3.865280e+02  4.395938e+02  8.861345e+01  5.334892e+01  7.299009e+01  1.548611e+01 
  436.000  4.276872e+02  4.833865e+02  9.769859e+01  5.902214e+01  8.030595e+01  1.706993e+01 
  437.000  4.238307e+02  4.762684e+02  9.649693e+01  5.848289e+01  7.916470e+01  1.685640e+01 
  438.000  3.869461e+02  4.323545e+02  8.781247e+01  5.338698e+01  7.190135e+01  1.533615e+01 
  439.000  3.489828e+02  3.874644e+02  7.890945e+01  4.814291e+01  6.446822e+01  1.377798e+01 
  440.000  3.778084e+02  4.171539e+02  8.515827e+01  5.211336e+01  6.944211e+01  1.486601e+01 
  441.000  4.035928e+02  4.430527e+02  9.066908e+01  5.566319e+01  7.378402e+01  1.582438e+01 
  442.000  4.275764e+02  4.666192e+02  9.573359e+01  5.896372e+01  7.774018e+01  1.670433e+01 
  443.000  4.186032e+02  4.541065e+02  9.339668e+01  5.771959e+01  7.565510e+01  1.629165e+01 
  444.000  4.248443e+02  4.582019e+02  9.448751e+01  5.857248e+01  7.640192e+01  1.647932e+01 
  445.000  4.229020e+02  4.533661e+02  9.373386e+01  5.829739e+01  7.562143e+01  1.634382e+01 
  446.000  3.942593e+02  4.203332e+02  8.711407e+01  5.434251e+01  7.014072e+01  1.518631e+01 
  447.000  4.441874e+02  4.712697e+02  9.788414e+01  6.121757e+01  7.868835e+01  1.706120e+01 
  448.000  4.681079e+02  4.937294e+02  1.028196e+02  6.450586e+01  8.248883e+01  1.791782e+01 
  449.000  4.547445e+02  4.771054e+02  9.959318e+01  6.265673e+01  7.975928e+01  1.735241e+01 
  450.000  4.725162e+02  4.931970e+02  1.031912e+02  6.509769e+01  8.249593e+01  1.797607e+01 
  451.000  5.040124e+02  5.233661e+02  1.097573e+02  6.942873e+01  8.758794e+01  1.911638e+01 
  452.000  4.744131e+02  4.900019e+02  1.030077e+02  6.534344e+01  8.204636e+01  1.793732e+01 
  453.000  4.253207e+02  4.368657e+02  9.206660e+01  5.857434e+01  7.318515e+01  1.602876e+01 
  454.000  4.541038e+02  4.638645e+02  9.800006e+01  6.253041e+01  7.774741e+01  1.705829e+01 
  455.000  4.740683e+02  4.817386e+02  1.020169e+02  6.527177e+01  8.078097e+01  1.775404e+01 
  456.000  4.798129e+02  4.850938e+02  1.029658e+02  6.605499e+01  8.138078e+01  1.791576e+01 
  457.000  4.990265e+02  5.018459e+02  1.067793e+02  6.869170e+01  8.423026e+01  1.857560e+01 
  458.000  4.748646e+02  4.750209e+02  1.013165e+02  6.535785e+01  7.976324e+01  1.762174e+01 
  459.000  4.872638e+02  4.849782e+02  1.036789e+02  6.705654e+01  8.147217e+01  1.802924e+01 
  460.000  4.829885e+02  4.783323e+02  1.024923e+02  6.646049e+01  8.039009e+01  1.781955e+01 
  461.000  4.877148e+02  4.806501e+02  1.032218e+02  6.710309e+01  8.081487e+01  1.794307e+01 
  462.000  4.804441e+02  4.708491e+02  1.013781e+02  6.609397e+01  7.920724e+01  1.761890e+01 
  463.000  4.863835e+02  4.744063e+02  1.023692e+02  6.690359e+01  7.983715e+01  1.778793e+01 
  464.000  4.855316e+02  4.711684e+02  1.019117e+02  6.677824e+01  7.932938e+01  1.770504e+01 
  465.000  4.714208e+02  4.554053e+02  9.871066e+01  6.483038e+01  7.670769e+01  1.714602e+01 
  466.000  4.935990e+02  4.742537e+02  1.030562e+02  6.787150e+01  7.992025e+01  1.789715e+01 
  467.000  4.726898e+02  4.519158e+02  9.843057e+01  6.498870e+01  7.618781e+01  1.709062e+01 
  468.000  4.948058e+02  4.708943e+02  1.027853e+02  6.802178e+01  7.941901e+01  1.784361e+01 
  469.000  4.981792e+02  4.716581e+02  1.031991e+02  6.847716e+01  7.957024e+01  1.791149e+01 
  470.000  4.852600e+02  4.571736e+02  1.002570e+02  6.669370e+01  7.714166e+01  1.739701e+01 
  471.000  4.865572e+02  4.561295e+02  1.002676e+02  6.686369e+01  7.701085e+01  1.739605e+01 
  472.000  5.040676e+02  4.701933e+02  1.035976e+02  6.926218e+01  7.939202e+01  1.796963e+01 
  473.000  4.905303e+02  4.550193e+02  1.005093e+02  6.739400e+01  7.681835e+01  1.742891e+01 
  474.000  4.894420e+02  4.514841e+02  9.998064e+01  6.723678e+01  7.619803e+01  1.733196e+01 
  475.000  5.106028e+02  4.681543e+02  1.039539e+02  7.013522e+01  7.896947e+01  1.801428e+01 
  476.000  5.093010e+02  4.642139e+02  1.033558e+02  6.994778e+01  7.827796e+01  1.790481e+01 
  477.000  5.049206e+02  4.579567e+02  1.021974e+02  6.933842e+01  7.722207e+01  1.769990e+01 
  478.000  5.266065e+02  4.755066e+02  1.063446e+02  7.230811e+01  8.022074e+01  1.841529e+01 
  479.000  4.980443e+02  4.480266e+02  1.003940e+02  6.837844e+01  7.565821e+01  1.738372e+01 
  480.000  5.179960e+02  4.643459e+02  1.042467e+02  7.110937e+01  7.851398e+01  1.805054e+01 
  481.000  5.107456e+02  4.562386e+02  1.026216e+02  7.010561e+01  7.724662e+01  1.776894e+01 
  482.000  5.293060e+02  4.710149e+02  1.061587e+02  7.264436e+01  7.984050e+01  1.838050e+01 
  483.000  5.209293e+02  4.616723e+02  1.042707e+02  7.148606e+01  7.832582e+01  1.805190e+01 
  484.000  5.062075e+02  4.468404e+02  1.011226e+02  6.945816e+01  7.585445e+01  1.750473e+01 
  485.000  4.968047e+02  4.364981e+02  9.900472e+01  6.815987e+01  7.411832e+01  1.713464e+01 
  486.000  4.393087e+02  3.844874e+02  8.737696e+01  6.026532e+01  6.531708e+01  1.512026e+01 
  487.000  4.495433e+02  3.916409e+02  8.920842e+01  6.166160e+01  6.657226e+01  1.543488e+01 
  488.000  4.934263e+02  4.280804e+02  9.770999e+01  6.767342e+01  7.279203e+01  1.690310e+01 
  489.000  4.714870e+02  4.071920e+02  9.315249e+01  6.465666e+01  6.926968e+01  1.611196e+01 
  490.000  5.382881e+02  4.628141e+02  1.061124e+02  7.380850e+01  7.876506e+01  1.835045e+01 
  491.000  5.014850e+02  4.294281e+02  9.865658e+01  6.875471e+01  7.310981e+01  1.705844e+01 
  492.000  4.711697e+02  4.016890e+02  9.248868e+01  6.459073e+01  6.841702e+01  1.598937e+01 
  493.000  5.200510e+02  4.413745e+02  1.018553e+02  7.128307e+01  7.520696e+01  1.760567e+01 
  494.000  5.009537e+02  4.233272e+02  9.790337e+01  6.865743e+01  7.215939e+01  1.691979e+01 
  495.000  5.543826e+02  4.664909e+02  1.081168e+02  7.597134e+01  7.954713e+01  1.868185e+01 
  496.000  5.260745e+02  4.409302e+02  1.023958e+02  7.208442e+01  7.521403e+01  1.769064e+01 
  497.000  5.242463e+02  4.375236e+02  1.018241e+02  7.182561e+01  7.466028e+01  1.758898e+01 
  498.000  4.980815e+02  4.140924e+02  9.655922e+01  6.823367e+01  7.068743e+01  1.667714e+01 
  499.000  5.158188e+02  4.267789e+02  9.976051e+01  7.065433e+01  7.288242e+01  1.722683e+01 
  500.000  5.082327e+02  4.187597e+02  9.809157e+01  6.960744e+01  7.153416e+01  1.693580e+01 
  501.000  5.029534e+02  4.127456e+02  9.687955e+01  6.887697e+01  7.052518e+01  1.672378e+01 
  502.000  4.860749e+02  3.969156e+02  9.338216e+01  6.655780e+01  6.778993e+01  1.611501e+01 
  503.000  5.162601e+02  4.193108e+02  9.889298e+01  7.068283e+01  7.155243e+01  1.705942e+01 
  504.000  5.072371e+02  4.093866e+02  9.680383e+01  6.943972e+01  6.970147e+01  1.668845e+01 
  505.000  5.190215e+02  4.181361e+02  9.902859e+01  7.104501e+01  7.139838e+01  1.707740e+01 
  506.000  5.509382e+02  4.419529e+02  1.048991e+02  7.540505e+01  7.548540e+01  1.808662e+01 
  507.000  5.225694e+02  4.171782e+02  9.924428e+01  7.151392e+01  7.122131e+01  1.710623e+01 
  508.000  4.957656e+02  3.946508e+02  9.405383e+01  6.783833e+01  6.748266e+01  1.621288e+01 
  509.000  5.375452e+02  4.262694e+02  1.018029e+02  7.354626e+01  7.295336e+01  1.754728e+01 
  510.000  5.315244e+02  4.202036e+02  1.005285e+02  7.271512e+01  7.197991e+01  1.732704e+01 
  511.000  5.317461e+02  4.188436e+02  1.004057e+02  7.273701e+01  7.180698e+01  1.730466e+01 
  512.000  5.475869e+02  4.298138e+02  1.032286e+02  7.489603e+01  7.372575e+01  1.778930e+01 
  513.000  5.126002e+02  4.007858e+02  9.645831e+01  7.010255e+01  6.878595e+01  1.662061e+01 
  514.000  5.083619e+02  3.959802e+02  9.549075e+01  6.951535e+01  6.798779e+01  1.645164e+01 
  515.000  5.031882e+02  3.904204e+02  9.434438e+01  6.880006e+01  6.705985e+01  1.625181e+01 
  516.000  5.402601e+02  4.175459e+02  1.011073e+02  7.386051e+01  7.174416e+01  1.741420e+01 
  517.000  4.406443e+02  3.390713e+02  8.229444e+01  6.023417e+01  5.828333e+01  1.417161e+01 
  518.000  4.862330e+02  3.728765e+02  9.066238e+01  6.645941e+01  6.411311e+01  1.561058e+01 
  519.000  4.632044e+02  3.537378e+02  8.619895e+01  6.330418e+01  6.084446e+01  1.483968e+01 
  520.000  5.149325e+02  3.918584e+02  9.566667e+01  7.036647e+01  6.742213e+01  1.646739e+01 
  521.000  5.242296e+02  3.972292e+02  9.719852e+01  7.162804e+01  6.837132e+01  1.672832e+01 
  522.000  5.384242e+02  4.066124e+02  9.967281e+01  7.356035e+01  7.000572e+01  1.715191e+01 
  523.000  5.096348e+02  3.833517e+02  9.416875e+01  6.961914e+01  6.602154e+01  1.620226e+01 
  524.000  5.503793e+02  4.124097e+02  1.015093e+02  7.517713e+01  7.103050e+01  1.746205e+01 
  525.000  5.467675e+02  4.081486e+02  1.006604e+02  7.467594e+01  7.030317e+01  1.731300e+01 
  526.000  5.177748e+02  3.850926e+02  9.516732e+01  7.070821e+01  6.637126e+01  1.636658e+01 
  527.000  4.752129e+02  3.517935e+02  8.715074e+01  6.488750e+01  6.063799e+01  1.498467e+01 
  528.000  5.445020e+02  4.017068e+02  9.969912e+01  7.434121e+01  6.925741e+01  1.713990e+01 
  529.000  5.476597e+02  4.023838e+02  1.000857e+02  7.476357e+01  6.938917e+01  1.720340e+01 
  530.000  5.427257e+02  3.973652e+02  9.902626e+01  7.408230e+01  6.854807e+01  1.701919e+01 
  531.000  5.750511e+02  4.194655e+02  1.047441e+02  7.848618e+01  7.238015e+01  1.799922e+01 
  532.000  5.457011e+02  3.966102e+02  9.923308e+01  7.447222e+01  6.845905e+01  1.704988e+01 
  533.000  4.763307e+02  3.449297e+02  8.647456e+01  6.499803e+01  5.955962e+01  1.485574e+01 
  534.000  5.100880e+02  3.680561e+02  9.245290e+01  6.959684e+01  6.357596e+01  1.588069e+01 
  535.000  5.346559e+02  3.845344e+02  9.676466e+01  7.294160e+01  6.644759e+01  1.661945e+01 
  536.000  5.661304e+02  4.055304e+02  1.022757e+02  7.722592e+01  7.010938e+01  1.756350e+01 
  537.000  5.389876e+02  3.847369e+02  9.721958e+01  7.351536e+01  6.654241e+01  1.669320e+01 
  538.000  5.607776e+02  3.988488e+02  1.009864e+02  7.647887e+01  6.901063e+01  1.733774e+01 
  539.000  5.510732e+02  3.903120e+02  9.904568e+01  7.514632e+01  6.753987e+01  1.700120e+01 
  540.000  5.132320e+02  3.624328e+02  9.212061e+01  6.997985e+01  6.273112e+01  1.581066e+01 
  541.000  5.072847e+02  3.564487e+02  9.081095e+01  6.916157e+01  6.160276e+01  1.557899e+01 
  542.000  5.420036e+02  3.797093e+02  9.690798e+01  7.388737e+01  6.567613e+01  1.662425e+01 
  543.000  5.483258e+02  3.828647e+02  9.791671e+01  7.473973e+01  6.631474e+01  1.679760e+01 
  544.000  5.584355e+02  3.885092e+02  9.955066e+01  7.611002e+01  6.728452e+01  1.707454e+01 
  545.000  5.600812e+02  3.884231e+02  9.971042e+01  7.632646e+01  6.730763e+01  1.710057e+01 
  546.000  5.323003e+02  3.676748e+02  9.458057e+01  7.253277e+01  6.369001e+01  1.621680e+01 
  547.000  5.533661e+02  3.809062e+02  9.818363e+01  7.539439e+01  6.603427e+01  1.683344e+01 
  548.000  5.343773e+02  3.666402e+02  9.469380e+01  7.279852e+01  6.363051e+01  1.623473e+01 
  549.000  5.449978e+02  3.729283e+02  9.646191e+01  7.423920e+01  6.473768e+01  1.653619e+01 
  550.000  5.489768e+02  3.742072e+02  9.700482e+01  7.477240e+01  6.499004e+01  1.662716e+01 
  551.000  5.465273e+02  3.717928e+02  9.649368e+01  7.443463e+01  6.460599e+01  1.653900e+01 
  552.000  5.635500e+02  3.821527e+02  9.935863e+01  7.674744e+01  6.642194e+01  1.702789e+01 
  553.000  5.391765e+02  3.646137e+02  9.494649e+01  7.342333e+01  6.339121e+01  1.627011e+01 
  554.000  5.557045e+02  3.747076e+02  9.773244e+01  7.566901e+01  6.516065e+01  1.674560e+01 
  555.000  5.602037e+02  3.766417e+02  9.839725e+01  7.627650e+01  6.551154e+01  1.685756e+01 
  556.000  5.515396e+02  3.698673e+02  9.676609e+01  7.509238e+01  6.434457e+01  1.657640e+01 
  557.000  5.398325e+02  3.609755e+02  9.459213e+01  7.349359e+01  6.280962e+01  1.620212e+01 
  558.000  5.486218e+02  3.658288e+02  9.601405e+01  7.468537e+01  6.366529e+01  1.644380e+01 
  559.000  5.323586e+02  3.541252e+02  9.306889e+01  7.246735e+01  6.163853e+01  1.593785e+01 
  560.000  5.401191e+02  3.582101e+02  9.430109e+01  7.351866e+01  6.236063e+01  1.614686e+01 
  561.000  5.577310e+02  3.688846e+02  9.725964e+01  7.591114e+01  6.422884e+01  1.665157e+01 
  562.000  5.241039e+02  3.456252e+02  9.127785e+01  7.132938e+01  6.018912e+01  1.562554e+01 
  563.000  5.589554e+02  3.676391e+02  9.723497e+01  7.606799e+01  6.403011e+01  1.664345e+01 
  564.000  5.477162e+02  3.592279e+02  9.516089e+01  7.453365e+01  6.257083e+01  1.628641e+01 
  565.000  5.547629e+02  3.628982e+02  9.627327e+01  7.548815e+01  6.321206e+01  1.647480e+01 
  566.000  5.163993e+02  3.367340e+02  8.948814e+01  7.026303e+01  5.865055e+01  1.531126e+01 
  567.000  5.401164e+02  3.511463e+02  9.346667e+01  7.348567e+01  6.113799e+01  1.598900e+01 
  568.000  5.513489e+02  3.572495e+02  9.524719e+01  7.500993e+01  6.212954e+01  1.628879e+01 
  569.000  5.379689e+02  3.465483e+02  9.262663e+01  7.318471e+01  6.005689e+01  1.582930e+01 
  570.000  5.406068e+02  3.474674e+02  9.302173e+01  7.353836e+01  6.029735e+01  1.589830e+01 
  571.000  5.271136e+02  3.378202e+02  9.059045e+01  7.169791e+01  5.863931e+01  1.548123e+01 
  572.000  5.431741e+02  3.467205e+02  9.314886e+01  7.387849e+01  6.006504e+01  1.591163e+01 
  573.000  5.551869e+02  3.535017e+02  9.510946e+01  7.550790e+01  6.125182e+01  1.624512e+01 
  574.000  5.472841e+02  3.471241e+02  9.357431e+01  7.442843e+01  6.006865e+01  1.597766e+01 
  575.000  5.383745e+02  3.404213e+02  9.193009e+01  7.321163e+01  5.891217e+01  1.569492e+01 
  576.000  5.452004e+02  3.436657e+02  9.296577e+01  7.413488e+01  5.946053e+01  1.586904e+01 
  577.000  5.460740e+02  3.433974e+02  9.301833e+01  7.424953e+01  5.941508e+01  1.587624e+01 
  578.000  5.397817e+02  3.386823e+02  9.187595e+01  7.338865e+01  5.865996e+01  1.568152e+01 
  579.000  5.275650e+02  3.303695e+02  8.973720e+01  7.172286e+01  5.727882e+01  1.531680e+01 
  580.000  5.438128e+02  3.400988e+02  9.246412e+01  7.392805e+01  5.902098e+01  1.578289e+01 
  581.000  5.454832e+02  3.405904e+02  9.269838e+01  7.415068e+01  5.916427e+01  1.582328e+01 
  582.000  5.595213e+02  3.487598e+02  9.502705e+01  7.605438e+01  6.063653e+01  1.622088e+01 
  583.000  5.599507e+02  3.485330e+02  9.506026e+01  7.610826e+01  6.066766e+01  1.622741e+01 
  584.000  5.587928e+02  3.469995e+02  9.478522e+01  7.594465e+01  6.047083e+01  1.618051e+01 
  585.000  5.553018e+02  3.442921e+02  9.413520e+01  7.546657e+01  6.002542e+01  1.606899e+01 
  586.000  5.380892e+02  3.330093e+02  9.115547e+01  7.312291e+01  5.810139e+01  1.556010e+01 
  587.000  5.513365e+02  3.400600e+02  9.323958e+01  7.491836e+01  5.926870e+01  1.591093e+01 
  588.000  5.466366e+02  3.348621e+02  9.206683e+01  7.427502e+01  5.804605e+01  1.569515e+01 
  589.000  5.015549e+02  3.043734e+02  8.394842e+01  6.814532e+01  5.228527e+01  1.428731e+01 
  590.000  5.083224e+02  3.072504e+02  8.491077e+01  6.906010e+01  5.269902e+01  1.444578e+01 
  591.000  5.378047e+02  3.256334e+02  9.001832e+01  7.306126e+01  5.615663e+01  1.532698e+01 
  592.000  5.237114e+02  3.154162e+02  8.736701e+01  7.114256e+01  5.418446e+01  1.486346e+01 
  593.000  5.322682e+02  3.219841e+02  8.916119e+01  7.230019e+01  5.583272e+01  1.519068e+01 
  594.000  5.377259e+02  3.235259e+02  8.977612e+01  7.303691e+01  5.588620e+01  1.528320e+01 
  595.000  5.315744e+02  3.183478e+02  8.853517e+01  7.219614e+01  5.486452e+01  1.506450e+01 
  596.000  5.433574e+02  3.266779e+02  9.082805e+01  7.379202e+01  5.677451e+01  1.547453e+01 
  597.000  5.504680e+02  3.303419e+02  9.195134e+01  7.475379e+01  5.743258e+01  1.566522e+01 
  598.000  5.429510e+02  3.253620e+02  9.066461e+01  7.372864e+01  5.664018e+01  1.544737e+01 
  599.000  5.390420e+02  3.226518e+02  9.000208e+01  7.319342e+01  5.626691e+01  1.533697e+01 
  600.000  5.456068e+02  3.263536e+02  9.112044e+01  7.408044e+01  5.704923e+01  1.553184e+01 
  601.000  5.325803e+02  3.182735e+02  8.894130e+01  7.230759e+01  5.573640e+01  1.516282e+01 
  602.000  5.336221e+02  3.180934e+02  8.903121e+01  7.244360e+01  5.574101e+01  1.517742e+01 
  603.000  5.356221e+02  3.187450e+02  8.931341e+01  7.271114e+01  5.589344e+01  1.522554e+01 
  604.000  5.557012e+02  3.300424e+02  9.260123e+01  7.543196e+01  5.792575e+01  1.578621e+01 
  605.000  5.572499e+02  3.301792e+02  9.277297e+01  7.563725e+01  5.796958e+01  1.581432e+01 
  606.000  5.539363e+02  3.274149e+02  9.213039e+01  7.518255e+01  5.749807e+01  1.570335e+01 
  607.000  5.476182e+02  3.230399e+02  9.100874e+01  7.432093e+01  5.674605e+01  1.551120e+01 
  608.000  5.538963e+02  3.259676e+02  9.196335e+01  7.516822e+01  5.727126e+01  1.567243e+01 
  609.000  5.501210e+02  3.230546e+02  9.125815e+01  7.465157e+01  5.677129e+01  1.555100e+01 
  610.000  5.420675e+02  3.176308e+02  8.984281e+01  7.355443e+01  5.582808e+01  1.530851e+01 
  611.000  5.426301e+02  3.173382e+02  8.986504e+01  7.362688e+01  5.578578e+01  1.531113e+01 
  612.000  5.511834e+02  3.214914e+02  9.118442e+01  7.478220e+01  5.652732e+01  1.553430e+01 
  613.000  5.404118e+02  3.144845e+02  8.931942e+01  7.331626e+01  5.530455e+01  1.521518e+01 
  614.000  5.353929e+02  3.108354e+02  8.840610e+01  7.263084e+01  5.467105e+01  1.505815e+01 
  615.000  5.398741e+02  3.127767e+02  8.906973e+01  7.323471e+01  5.501854e+01  1.516984e+01 
  616.000  5.221545e+02  3.017693e+02  8.606013e+01  7.082650e+01  5.308737e+01  1.465570e+01 
  617.000  5.126968e+02  2.957112e+02  8.443199e+01  6.954005e+01  5.202369e+01  1.437713e+01 
  618.000  5.474232e+02  3.148220e+02  9.004230e+01  7.424474e+01  5.538550e+01  1.533034e+01 
  619.000  5.529611e+02  3.172798e+02  9.086639e+01  7.499162e+01  5.581417e+01  1.546887e+01 
  620.000  5.474181e+02  3.133044e+02  8.985961e+01  7.423535e+01  5.510704e+01  1.529543e+01 
  621.000  5.587676e+02  3.190398e+02  9.162998e+01  7.577021e+01  5.610492e+01  1.559472e+01 
  622.000  5.460984e+02  3.110823e+02  8.946349e+01  7.404826e+01  5.469256e+01  1.522396e+01 
  623.000  5.425480e+02  3.080630e+02  8.875829e+01  7.356145e+01  5.413995e+01  1.510105e+01 
  624.000  5.280294e+02  2.992134e+02  8.630728e+01  7.158973e+01  5.256906e+01  1.468220e+01 
  625.000  5.289454e+02  2.987283e+02  8.633183e+01  7.170850e+01  5.245950e+01  1.468337e+01 
  626.000  5.210468e+02  2.933155e+02  8.491794e+01  7.063293e+01  5.146955e+01  1.443946e+01 
  627.000  5.382983e+02  3.019910e+02  8.758044e+01  7.296739e+01  5.291143e+01  1.488719e+01 
  628.000  5.241909e+02  2.915822e+02  8.486594e+01  7.105181e+01  5.068378e+01  1.440778e+01 
  629.000  5.404092e+02  3.007632e+02  8.756987e+01  7.324522e+01  5.246630e+01  1.487288e+01 
  630.000  5.318419e+02  2.957283e+02  8.617575e+01  7.208092e+01  5.164954e+01  1.463786e+01 
  631.000  5.333008e+02  2.964843e+02  8.644936e+01  7.227392e+01  5.192857e+01  1.468858e+01 
  632.000  5.197670e+02  2.882538e+02  8.416872e+01  7.043472e+01  5.049405e+01  1.429919e+01 
  633.000  5.397828e+02  2.991607e+02  8.740998e+01  7.314380e+01  5.247736e+01  1.485164e+01 
  634.000  5.290156e+02  2.926717e+02  8.561785e+01  7.167999e+01  5.138712e+01  1.454725e+01 
  635.000  5.411668e+02  2.989964e+02  8.755401e+01  7.332243e+01  5.254957e+01  1.487692e+01 
  636.000  5.306463e+02  2.925976e+02  8.578461e+01  7.189271e+01  5.143901e+01  1.457513e+01 
  637.000  5.421783e+02  2.984453e+02  8.760223e+01  7.345038e+01  5.251408e+01  1.488412e+01 
  638.000  5.524165e+02  3.036139e+02  8.922396e+01  7.483224e+01  5.349744e+01  1.516080e+01 
  639.000  5.431764e+02  2.980955e+02  8.768780e+01  7.357689e+01  5.255253e+01  1.489956e+01 
  640.000  5.290938e+02  2.899766e+02  8.537804e+01  7.166577e+01  5.115511e+01  1.450716e+01 
  641.000  5.346320e+02  2.922696e+02  8.618198e+01  7.241104e+01  5.155867e+01  1.464183e+01 
  642.000  5.436187e+02  2.968668e+02  8.761259e+01  7.362455e+01  5.242809e+01  1.488603e+01 
  643.000  5.454841e+02  2.971593e+02  8.782615e+01  7.387249e+01  5.247778e+01  1.492047e+01 
  644.000  5.362739e+02  2.916194e+02  8.628718e+01  7.262121e+01  5.151882e+01  1.465835e+01 
  645.000  5.350840e+02  2.900533e+02  8.597030e+01  7.245525e+01  5.119625e+01  1.460072e+01 
  646.000  5.347223e+02  2.884366e+02  8.567951e+01  7.240201e+01  5.072190e+01  1.454168e+01 
  647.000  5.260025e+02  2.821249e+02  8.399361e+01  7.121745e+01  4.936124e+01  1.424263e+01 
  648.000  5.213223e+02  2.776133e+02  8.286650e+01  7.057961e+01  4.823442e+01  1.403389e+01 
  649.000  5.202012e+02  2.770803e+02  8.278688e+01  7.042303e+01  4.833981e+01  1.402857e+01 
  650.000  5.177543e+02  2.762958e+02  8.255712e+01  7.008751e+01  4.847867e+01  1.400021e+01 
  651.000  5.363152e+02  2.861421e+02  8.555817e+01  7.259600e+01  5.033933e+01  1.451357e+01 
  652.000  5.275879e+02  2.798599e+02  8.387131e+01  7.141129e+01  4.895693e+01  1.421388e+01 
  653.000  5.392101e+02  2.869980e+02  8.597984e+01  7.298048e+01  5.058722e+01  1.458712e+01 
  654.000  5.348201e+02  2.837151e+02  8.515180e+01  7.238102e+01  4.996799e+01  1.444288e+01 
  655.000  5.236938e+02  2.764310e+02  8.314828e+01  7.087070e+01  4.851617e+01  1.409357e+01 
  656.000  4.590522e+02  2.423703e+02  7.294293e+01  6.212005e+01  4.265553e+01  1.236844e+01 
  657.000  4.755895e+02  2.503721e+02  7.546143e+01  6.435396e+01  4.402441e+01  1.279185e+01 
  658.000  5.236478e+02  2.758650e+02  8.318861e+01  7.085261e+01  4.870958e+01  1.410946e+01 
  659.000  5.278867e+02  2.778553e+02  8.386436e+01  7.142218e+01  4.914289e+01  1.422635e+01 
  660.000  5.269718e+02  2.770171e+02  8.370109e+01  7.129387e+01  4.906843e+01  1.420015e+01 
  661.000  5.410884e+02  2.839223e+02  8.589542e+01  7.319917e+01  5.032876e+01  1.457243e+01 
  662.000  5.422026e+02  2.841768e+02  8.604388e+01  7.334681e+01  5.040411e+01  1.459785e+01 
  663.000  5.395398e+02  2.821063e+02  8.553877e+01  7.298225e+01  5.002725e+01  1.451024e+01 
  664.000  5.351262e+02  2.792535e+02  8.478431e+01  7.238072e+01  4.954920e+01  1.438187e+01 
  665.000  5.337335e+02  2.780528e+02  8.450723e+01  7.218901e+01  4.933704e+01  1.433370e+01 
  666.000  5.336362e+02  2.774335e+02  8.443342e+01  7.217120e+01  4.925267e+01  1.432065e+01 
  667.000  5.282925e+02  2.740482e+02  8.352118e+01  7.144385e+01  4.866696e+01  1.416494e+01 
  668.000  5.407115e+02  2.799890e+02  8.543072e+01  7.311942e+01  4.973752e+01  1.448809e+01 
  669.000  5.394218e+02  2.787785e+02  8.516560e+01  7.294099e+01  4.953088e+01  1.444209e+01 
  670.000  5.355828e+02  2.762720e+02  8.450208e+01  7.241786e+01  4.909843e+01  1.432872e+01 
  671.000  5.335954e+02  2.746060e+02  8.411616e+01  7.214436e+01  4.881255e+01  1.426205e+01 
  672.000  5.259581e+02  2.702281e+02  8.286156e+01  7.110843e+01  4.804101e+01  1.404845e+01 
  673.000  5.294812e+02  2.714716e+02  8.335244e+01  7.158053e+01  4.827044e+01  1.413057e+01 
  674.000  5.333372e+02  2.729079e+02  8.389828e+01  7.209778e+01  4.853393e+01  1.422205e+01 
  675.000  5.312722e+02  2.712851e+02  8.350936e+01  7.181438e+01  4.825378e+01  1.415501e+01 
  676.000  5.311449e+02  2.706952e+02  8.342960e+01  7.179326e+01  4.815562e+01  1.414043e+01 
  677.000  5.299114e+02  2.695257e+02  8.317495e+01  7.162242e+01  4.795653e+01  1.409624e+01 
  678.000  5.281791e+02  2.681148e+02  8.284312e+01  7.138429e+01  4.771339e+01  1.403897e+01 
  679.000  5.280841e+02  2.674855e+02  8.276228e+01  7.136707e+01  4.760949e+01  1.402411e+01 
  680.000  5.267178e+02  2.662114e+02  8.248073e+01  7.117813e+01  4.738706e+01  1.397511e+01 
  681.000  5.237646e+02  2.641900e+02  8.195441e+01  7.077533e+01  4.702386e+01  1.388451e+01 
  682.000  5.249179e+02  2.642543e+02  8.207845e+01  7.092709e+01  4.704876e+01  1.390470e+01 
  683.000  5.230876e+02  2.627219e+02  8.171596e+01  7.067576e+01  4.676281e+01  1.384140e+01 
  684.000  5.241211e+02  2.627321e+02  8.181726e+01  7.081163e+01  4.676657e+01  1.385732e+01 
  685.000  5.227952e+02  2.616841e+02  8.157124e+01  7.062919e+01  4.659834e+01  1.381531e+01 
  686.000  5.093850e+02  2.541229e+02  7.937106e+01  6.881213e+01  4.522633e+01  1.343985e+01 
  687.000  3.810028e+02  1.842662e+02  5.811424e+01  5.146687e+01  3.149033e+01  9.777350e+00 
  688.000  4.321497e+02  2.089290e+02  6.605323e+01  5.837279e+01  3.584963e+01  1.112363e+01 
  689.000  4.620478e+02  2.252873e+02  7.104481e+01  6.240862e+01  3.919136e+01  1.198707e+01 
  690.000  4.678251e+02  2.270121e+02  7.175690e+01  6.318537e+01  3.933831e+01  1.209976e+01 
  691.000  4.823978e+02  2.352563e+02  7.426128e+01  6.514902e+01  4.116381e+01  1.253727e+01 
  692.000  4.903534e+02  2.392204e+02  7.552024e+01  6.622041e+01  4.194460e+01  1.275224e+01 
  693.000  4.832112e+02  2.340178e+02  7.404347e+01  6.525195e+01  4.069346e+01  1.248383e+01 
  694.000  4.756464e+02  2.287396e+02  7.256329e+01  6.422625e+01  3.949186e+01  1.221890e+01 
  695.000  4.821776e+02  2.327195e+02  7.378343e+01  6.510567e+01  4.050053e+01  1.243799e+01 
  696.000  4.861325e+02  2.348626e+02  7.449844e+01  6.563784e+01  4.102800e+01  1.256595e+01 
  697.000  5.043712e+02  2.452601e+02  7.771241e+01  6.809869e+01  4.334146e+01  1.313200e+01 
  698.000  5.008038e+02  2.434207e+02  7.718891e+01  6.761499e+01  4.308936e+01  1.304648e+01 
  699.000  4.877272e+02  2.346468e+02  7.464384e+01  6.584804e+01  4.097721e+01  1.258883e+01 
  700.000  4.854462e+02  2.333592e+02  7.429898e+01  6.553780e+01  4.080910e+01  1.253247e+01 
  701.000  4.778542e+02  2.285339e+02  7.292939e+01  6.451097e+01  3.975383e+01  1.229181e+01 
  702.000  4.806414e+02  2.301608e+02  7.344416e+01  6.488538e+01  4.019111e+01  1.238441e+01 
  703.000  4.855727e+02  2.326716e+02  7.425370e+01  6.554906e+01  4.075939e+01  1.252517e+01 
  704.000  4.926036e+02  2.364218e+02  7.545233e+01  6.649623e+01  4.160680e+01  1.273536e+01 
  705.000  4.999161e+02  2.398337e+02  7.659592e+01  6.748179e+01  4.225606e+01  1.293084e+01 
  706.000  4.956208e+02  2.372651e+02  7.586973e+01  6.689979e+01  4.177447e+01  1.280612e+01 
  707.000  4.898784e+02  2.346783e+02  7.506876e+01  6.612260e+01  4.145312e+01  1.267646e+01 
  708.000  5.013354e+02  2.401993e+02  7.685036e+01  6.766763e+01  4.249728e+01  1.297950e+01 
  709.000  4.976744e+02  2.381265e+02  7.625787e+01  6.717141e+01  4.214503e+01  1.287919e+01 
  710.000  5.004398e+02  2.389785e+02  7.661590e+01  6.754271e+01  4.226449e+01  1.293750e+01 
  711.000  4.988707e+02  2.381753e+02  7.639597e+01  6.732879e+01  4.220332e+01  1.290276e+01 
  712.000  4.946168e+02  2.359752e+02  7.574063e+01  6.675297e+01  4.185474e+01  1.279317e+01 
  713.000  4.902478e+02  2.335779e+02  7.503816e+01  6.616125e+01  4.143890e+01  1.267400e+01 
  714.000  4.963714e+02  2.361832e+02  7.593706e+01  6.698643e+01  4.188263e+01  1.282479e+01 
  715.000  4.810941e+02  2.274981e+02  7.330839e+01  6.492288e+01  4.004811e+01  1.236615e+01 
  716.000  4.749386e+02  2.235106e+02  7.216752e+01  6.408986e+01  3.917172e+01  1.216434e+01 
  717.000  4.398581e+02  2.021849e+02  6.562907e+01  5.935471e+01  3.418172e+01  1.099648e+01 
  718.000  3.924099e+02  1.793533e+02  5.812760e+01  5.295050e+01  3.005303e+01  9.716804e+00 
  719.000  3.587666e+02  1.629362e+02  5.296415e+01  4.840932e+01  2.707928e+01  8.844625e+00 
  720.000  3.789625e+02  1.711856e+02  5.577256e+01  5.113320e+01  2.827782e+01  9.304701e+00 
  721.000  4.171259e+02  1.914633e+02  6.228144e+01  5.628035e+01  3.258802e+01  1.044274e+01 
  722.000  4.596938e+02  2.132938e+02  6.934435e+01  6.202186e+01  3.705722e+01  1.166789e+01 
  723.000  4.445144e+02  2.050608e+02  6.674452e+01  5.997232e+01  3.535952e+01  1.121422e+01 
  724.000  3.959601e+02  1.798274e+02  5.868830e+01  5.342043e+01  3.024048e+01  9.818920e+00 
  725.000  3.984485e+02  1.802322e+02  5.889640e+01  5.375453e+01  3.020043e+01  9.845543e+00 
  726.000  4.324777e+02  1.964047e+02  6.428632e+01  5.834321e+01  3.326053e+01  1.076856e+01 
  727.000  4.161597e+02  1.881615e+02  6.160660e+01  5.614095e+01  3.166473e+01  1.030589e+01 
  728.000  4.136912e+02  1.873790e+02  6.134916e+01  5.580576e+01  3.171258e+01  1.027027e+01 
  729.000  4.104007e+02  1.851761e+02  6.077328e+01  5.536064e+01  3.121281e+01  1.016983e+01 
  730.000  4.287234e+02  1.940528e+02  6.369654e+01  5.783043e+01  3.296161e+01  1.067193e+01 
  731.000  4.139855e+02  1.862910e+02  6.126016e+01  5.584111e+01  3.140500e+01  1.025095e+01 
  732.000  4.413724e+02  2.005590e+02  6.584956e+01  5.953361e+01  3.442268e+01  1.105005e+01 
  733.000  4.555868e+02  2.086188e+02  6.840659e+01  6.144942e+01  3.630837e+01  1.150423e+01 
  734.000  4.741263e+02  2.181806e+02  7.151154e+01  6.394775e+01  3.837391e+01  1.204581e+01 
  735.000  4.653207e+02  2.129782e+02  6.993701e+01  6.275838e+01  3.722086e+01  1.176807e+01 
  736.000  4.650838e+02  2.132187e+02  7.003200e+01  6.272500e+01  3.742821e+01  1.179237e+01 
  737.000  4.671524e+02  2.138026e+02  7.028908e+01  6.300227e+01  3.750727e+01  1.183375e+01 
  738.000  4.697354e+02  2.154072e+02  7.081552e+01  6.334882e+01  3.798403e+01  1.193112e+01 
  739.000  4.653792e+02  2.133985e+02  7.017819e+01  6.275946e+01  3.770327e+01  1.182578e+01 
  740.000  4.728717e+02  2.175081e+02  7.148973e+01  6.376845e+01  3.867156e+01  1.205755e+01 
  741.000  4.693936e+02  2.159060e+02  7.099172e+01  6.329762e+01  3.846505e+01  1.197615e+01 
  742.000  4.645212e+02  2.134030e+02  7.024407e+01  6.263796e+01  3.806786e+01  1.185117e+01 
  743.000  4.766465e+02  2.187613e+02  7.206632e+01  6.427094e+01  3.905836e+01  1.215931e+01 
  744.000  4.807510e+02  2.205167e+02  7.268710e+01  6.482257e+01  3.941613e+01  1.226515e+01 
  745.000  4.743330e+02  2.175027e+02  7.172933e+01  6.395564e+01  3.892968e+01  1.210525e+01 
  746.000  4.759575e+02  2.180576e+02  7.195631e+01  6.417326e+01  3.903971e+01  1.214341e+01 
  747.000  4.793345e+02  2.192869e+02  7.243280e+01  6.462646e+01  3.926846e+01  1.222331e+01 
  748.000  4.783472e+02  2.186172e+02  7.225934e+01  6.449190e+01  3.915278e+01  1.219361e+01 
  749.000  4.702261e+02  2.146921e+02  7.100981e+01  6.339556e+01  3.845567e+01  1.198242e+01 
  750.000  4.684521e+02  2.135972e+02  7.070982e+01  6.315455e+01  3.826344e+01  1.193119e+01 
  751.000  4.771002e+02  2.172816e+02  7.198537e+01  6.431879e+01  3.892569e+01  1.214581e+01 
  752.000  4.747839e+02  2.159138e+02  7.160221e+01  6.400439e+01  3.868967e+01  1.208064e+01 
  753.000  4.712408e+02  2.140658e+02  7.104156e+01  6.352521e+01  3.836281e+01  1.198558e+01 
  754.000  4.769134e+02  2.163556e+02  7.186266e+01  6.428812e+01  3.877247e+01  1.212333e+01 
  755.000  4.758248e+02  2.155581e+02  7.166234e+01  6.413953e+01  3.862801e+01  1.208870e+01 
  756.000  4.706530e+02  2.129950e+02  7.085902e+01  6.344091e+01  3.817292e+01  1.195275e+01 
  757.000  4.689825e+02  2.119610e+02  7.057864e+01  6.321375e+01  3.799857e+01  1.190509e+01 
  758.000  4.651636e+02  2.099432e+02  6.997044e+01  6.269714e+01  3.763927e+01  1.180182e+01 
  759.000  4.453325e+02  1.998826e+02  6.675927e+01  6.002260e+01  3.561478e+01  1.124904e+01 
  760.000  1.342835e+02  5.591957e+01  1.886019e+01  1.809858e+01  8.764961e+00  3.108953e+00 
  761.000  9.643011e+01  3.948860e+01  1.333577e+01  1.299617e+01  6.002666e+00  2.186466e+00 
  762.000  2.403515e+02  1.023507e+02  3.476534e+01  3.239219e+01  1.692589e+01  5.792786e+00 
  763.000  1.948462e+02  8.098628e+01  2.769156e+01  2.625879e+01  1.287224e+01  4.587184e+00 
  764.000  2.174404e+02  9.078961e+01  3.101036e+01  2.930290e+01  1.457560e+01  5.143235e+00 
  765.000  2.897612e+02  1.234988e+02  4.202922e+01  3.904821e+01  2.058016e+01  7.011118e+00 
  766.000  3.569911e+02  1.554577e+02  5.254232e+01  4.810686e+01  2.682600e+01  8.807035e+00 
  767.000  3.889261e+02  1.698286e+02  5.740467e+01  5.240867e+01  2.949746e+01  9.631538e+00 
  768.000  4.413738e+02  1.951569e+02  6.574921e+01  5.947462e+01  3.459641e+01  1.106497e+01 
  769.000  4.522272e+02  2.001486e+02  6.746503e+01  6.093498e+01  3.561752e+01  1.136031e+01 
  770.000  4.521350e+02  2.004166e+02  6.752271e+01  6.092176e+01  3.577836e+01  1.137422e+01 
  771.000  4.525706e+02  2.008499e+02  6.766792e+01  6.097876e+01  3.598756e+01  1.140391e+01 
  772.000  4.488563e+02  1.990006e+02  6.710498e+01  6.047588e+01  3.570246e+01  1.131000e+01 
  773.000  4.518057e+02  2.000101e+02  6.751279e+01  6.087122e+01  3.588898e+01  1.137813e+01 
  774.000  4.576509e+02  2.023932e+02  6.836185e+01  6.165744e+01  3.631581e+01  1.152066e+01 
  775.000  4.427018e+02  1.956372e+02  6.611315e+01  5.964238e+01  3.510730e+01  1.114145e+01 
  776.000  4.511913e+02  1.991233e+02  6.735150e+01  6.078430e+01  3.573769e+01  1.134960e+01 
  777.000  4.544332e+02  2.002371e+02  6.780032e+01  6.121885e+01  3.594354e+01  1.142460e+01 
  778.000  4.516047e+02  1.987549e+02  6.735187e+01  6.083620e+01  3.568098e+01  1.134853e+01 
  779.000  4.556206e+02  2.002595e+02  6.792076e+01  6.137543e+01  3.595348e+01  1.144378e+01 
  780.000  4.501551e+02  1.976415e+02  6.708088e+01  6.063776e+01  3.548421e+01  1.130172e+01 
  781.000  4.490820e+02  1.969525e+02  6.689616e+01  6.049175e+01  3.536273e+01  1.127010e+01 
  782.000  4.532732e+02  1.984779e+02  6.748359e+01  6.105427e+01  3.563631e+01  1.136823e+01 
  783.000  4.493067e+02  1.965001e+02  6.686590e+01  6.051834e+01  3.528445e+01  1.126365e+01 
  784.000  4.445338e+02  1.941211e+02  6.611283e+01  5.987407e+01  3.483530e+01  1.113525e+01 
  785.000  4.503997e+02  1.963829e+02  6.694215e+01  6.066274e+01  3.521878e+01  1.127342e+01 
  786.000  4.448568e+02  1.934609e+02  6.603204e+01  5.991475e+01  3.461767e+01  1.111634e+01 
  787.000  4.444921e+02  1.926048e+02  6.584828e+01  5.986351e+01  3.435363e+01  1.107934e+01 
  788.000  4.420181e+02  1.909956e+02  6.537171e+01  5.952935e+01  3.396124e+01  1.099372e+01 
  789.000  4.394490e+02  1.894122e+02  6.492062e+01  5.918116e+01  3.364238e+01  1.091527e+01 
  790.000  4.321370e+02  1.853987e+02  6.364923e+01  5.819516e+01  3.274028e+01  1.069161e+01 
  791.000  4.317188e+02  1.851838e+02  6.362416e+01  5.813681e+01  3.278051e+01  1.069070e+01 
  792.000  4.322060e+02  1.855443e+02  6.375336e+01  5.820100e+01  3.294373e+01  1.071634e+01 
  793.000  4.272150e+02  1.834613e+02  6.305376e+01  5.752772e+01  3.264130e+01  1.060148e+01 
  794.000  4.241463e+02  1.823785e+02  6.269101e+01  5.711269e+01  3.258858e+01  1.054649e+01 
  795.000  4.259360e+02  1.829632e+02  6.294462e+01  5.735188e+01  3.271401e+01  1.058953e+01 
  796.000  4.212458e+02  1.791591e+02  6.184994e+01  5.671884e+01  3.160087e+01  1.038416e+01 
  797.000  4.278700e+02  1.820287e+02  6.286467e+01  5.760924e+01  3.218421e+01  1.055772e+01 
  798.000  4.338991e+02  1.849969e+02  6.387967e+01  5.841946e+01  3.288724e+01  1.073626e+01 
  799.000  4.331549e+02  1.847759e+02  6.381282e+01  5.831834e+01  3.291248e+01  1.072791e+01 
  800.000  4.226122e+02  1.796495e+02  6.212616e+01  5.689793e+01  3.186613e+01  1.043759e+01 
