  400.000  4.275121e+02  4.574387e+02  1.950628e+01  5.980471e+01  7.393366e+01  3.104521e+00 
  401.000  4.262385e+02  4.554466e+02  1.957779e+01  5.961830e+01  7.362687e+01  3.115902e+00 
  402.000  4.412570e+02  4.706953e+02  2.043204e+01  6.170849e+01  7.611124e+01  3.251860e+00 
  403.000  4.157946e+02  4.428195e+02  1.940001e+01  5.813829e+01  7.162099e+01  3.087607e+00 
  404.000  4.454644e+02  4.735798e+02  2.095651e+01  6.227589e+01  7.661636e+01  3.335332e+00 
  405.000  4.316248e+02  4.580779e+02  2.046706e+01  6.033081e+01  7.412724e+01  3.257434e+00 
  406.000  4.063297e+02  4.305171e+02  1.941265e+01  5.678593e+01  6.968286e+01  3.089619e+00 
  407.000  4.111617e+02  4.348561e+02  1.980136e+01  5.745114e+01  7.040197e+01  3.151484e+00 
  408.000  4.252662e+02  4.490339e+02  2.063000e+01  5.941241e+01  7.271321e+01  3.283366e+00 
  409.000  4.578165e+02  4.825694e+02  2.237741e+01  6.394915e+01  7.816164e+01  3.561476e+00 
  410.000  3.672324e+02  3.864326e+02  1.809109e+01  5.128763e+01  6.260485e+01  2.879286e+00 
  411.000  4.474394e+02  4.699507e+02  2.231276e+01  6.247771e+01  7.615782e+01  3.551185e+00 
  412.000  4.582068e+02  4.805083e+02  2.309270e+01  6.397127e+01  7.788839e+01  3.675318e+00 
  413.000  4.327939e+02  4.531038e+02  2.205580e+01  6.041335e+01  7.346593e+01  3.510289e+00 
  414.000  4.550220e+02  4.755702e+02  2.344840e+01  6.350553e+01  7.712967e+01  3.731929e+00 
  415.000  4.446890e+02  4.639727e+02  2.317315e+01  6.205288e+01  7.526956e+01  3.688122e+00 
  416.000  4.650116e+02  4.843498e+02  2.449801e+01  6.487786e+01  7.859649e+01  3.898979e+00 
  417.000  4.345439e+02  4.518779e+02  2.312954e+01  6.061736e+01  7.334608e+01  3.681181e+00 
  418.000  4.353105e+02  4.518867e+02  2.342329e+01  6.071394e+01  7.336768e+01  3.727932e+00 
  419.000  4.445688e+02  4.606639e+02  2.418868e+01  6.199429e+01  7.481409e+01  3.849748e+00 
  420.000  3.970914e+02  4.108047e+02  2.180631e+01  5.536499e+01  6.673335e+01  3.470582e+00 
  421.000  4.651648e+02  4.803882e+02  2.572343e+01  6.484541e+01  7.805575e+01  4.094012e+00 
  422.000  4.623507e+02  4.766528e+02  2.573271e+01  6.444251e+01  7.746706e+01  4.095488e+00 
  423.000  4.128925e+02  4.249253e+02  2.312691e+01  5.753957e+01  6.907646e+01  3.680762e+00 
  424.000  4.030779e+02  4.140975e+02  2.272152e+01  5.616254e+01  6.733231e+01  3.616242e+00 
  425.000  4.062094e+02  4.165729e+02  2.304536e+01  5.658939e+01  6.775143e+01  3.667783e+00 
  426.000  4.393509e+02  4.498355e+02  2.507042e+01  6.119704e+01  7.317860e+01  3.990081e+00 
  427.000  4.091420e+02  4.181599e+02  2.349584e+01  5.697966e+01  6.804369e+01  3.739480e+00 
  428.000  4.094888e+02  4.177810e+02  2.366233e+01  5.701852e+01  6.799983e+01  3.765977e+00 
  429.000  3.671701e+02  3.739775e+02  2.134232e+01  5.111786e+01  6.088540e+01  3.396735e+00 
  430.000  3.133921e+02  3.186676e+02  1.831668e+01  4.362396e+01  5.189346e+01  2.915190e+00 
  431.000  2.621260e+02  2.660501e+02  1.536892e+01  3.648161e+01  4.333538e+01  2.446039e+00 
  432.000  4.667812e+02  4.729094e+02  2.743921e+01  6.495388e+01  7.704747e+01  4.367086e+00 
  433.000  4.439974e+02  4.489938e+02  2.616858e+01  6.177302e+01  7.316850e+01  4.164859e+00 
  434.000  4.162311e+02  4.201767e+02  2.459291e+01  5.790066e+01  6.848789e+01  3.914083e+00 
  435.000  4.572051e+02  4.607470e+02  2.707894e+01  6.359053e+01  7.511713e+01  4.309748e+00 
  436.000  5.035724e+02  5.065215e+02  2.990267e+01  7.002769e+01  8.259833e+01  4.759158e+00 
  437.000  4.967693e+02  4.987977e+02  2.957025e+01  6.907073e+01  8.135564e+01  4.706252e+00 
  438.000  4.518111e+02  4.528676e+02  2.695805e+01  6.280996e+01  7.387932e+01  4.290508e+00 
  439.000  4.068136e+02  4.069870e+02  2.433633e+01  5.654485e+01  6.640955e+01  3.873248e+00 
  440.000  4.386362e+02  4.380684e+02  2.630118e+01  6.095866e+01  7.149576e+01  4.185963e+00 
  441.000  4.664971e+02  4.650637e+02  2.803929e+01  6.482027e+01  7.591833e+01  4.462591e+00 
  442.000  4.924926e+02  4.900898e+02  2.967419e+01  6.842130e+01  8.002187e+01  4.722794e+00 
  443.000  4.813253e+02  4.781598e+02  2.906792e+01  6.685966e+01  7.809091e+01  4.626303e+00 
  444.000  4.868448e+02  4.827113e+02  2.947697e+01  6.761481e+01  7.885332e+01  4.691406e+00 
  445.000  4.836052e+02  4.786130e+02  2.935275e+01  6.715387e+01  7.820202e+01  4.671634e+00 
  446.000  4.490622e+02  4.436458e+02  2.731955e+01  6.234748e+01  7.250486e+01  4.348041e+00 
  447.000  5.042215e+02  4.973257e+02  3.074123e+01  6.999567e+01  8.129449e+01  4.892619e+00 
  448.000  5.304916e+02  5.222248e+02  3.242484e+01  7.362991e+01  8.538564e+01  5.160574e+00 
  449.000  5.127573e+02  5.038528e+02  3.141478e+01  7.115714e+01  8.240057e+01  4.999818e+00 
  450.000  5.307427e+02  5.206063e+02  3.259098e+01  7.364165e+01  8.515945e+01  5.187015e+00 
  451.000  5.644331e+02  5.526805e+02  3.473766e+01  7.830429e+01  9.042496e+01  5.528671e+00 
  452.000  5.296877e+02  5.177115e+02  3.267490e+01  7.347240e+01  8.472172e+01  5.200371e+00 
  453.000  4.734098e+02  4.618293e+02  2.927310e+01  6.565540e+01  7.559333e+01  4.658958e+00 
  454.000  5.036649e+02  4.904082e+02  3.121848e+01  6.983988e+01  8.028910e+01  4.968576e+00 
  455.000  5.244640e+02  5.097356e+02  3.258070e+01  7.271268e+01  8.346995e+01  5.185379e+00 
  456.000  5.292072e+02  5.133978e+02  3.294697e+01  7.335909e+01  8.408014e+01  5.243673e+00 
  457.000  5.487935e+02  5.313704e+02  3.424355e+01  7.606205e+01  8.703403e+01  5.450030e+00 
  458.000  5.211879e+02  5.036702e+02  3.259383e+01  7.222453e+01  8.250686e+01  5.187469e+00 
  459.000  5.330229e+02  5.141459e+02  3.340596e+01  7.385329e+01  8.423270e+01  5.316725e+00 
  460.000  5.271422e+02  5.075393e+02  3.309848e+01  7.302747e+01  8.316070e+01  5.267787e+00 
  461.000  5.309039e+02  5.102507e+02  3.331695e+01  7.353755e+01  8.362218e+01  5.302557e+00 
  462.000  5.211898e+02  4.998907e+02  3.267458e+01  7.217956e+01  8.194482e+01  5.200320e+00 
  463.000  5.269925e+02  5.045848e+02  3.301048e+01  7.297259e+01  8.273154e+01  5.253780e+00 
  464.000  5.243644e+02  5.011179e+02  3.281543e+01  7.259712e+01  8.218216e+01  5.222739e+00 
  465.000  5.075672e+02  4.842399e+02  3.173783e+01  7.026157e+01  7.943050e+01  5.051232e+00 
  466.000  5.297344e+02  5.043539e+02  3.309083e+01  7.331770e+01  8.274846e+01  5.266569e+00 
  467.000  5.065105e+02  4.813422e+02  3.161129e+01  7.009257e+01  7.898901e+01  5.031093e+00 
  468.000  5.288606e+02  5.016993e+02  3.297792e+01  7.317487e+01  8.234521e+01  5.248599e+00 
  469.000  5.310713e+02  5.028237e+02  3.308464e+01  7.346908e+01  8.254709e+01  5.265584e+00 
  470.000  5.163099e+02  4.879566e+02  3.213653e+01  7.141631e+01  8.012161e+01  5.114687e+00 
  471.000  5.163408e+02  4.870118e+02  3.210728e+01  7.140910e+01  7.998038e+01  5.110034e+00 
  472.000  5.343544e+02  5.030835e+02  3.319802e+01  7.388954e+01  8.263264e+01  5.283628e+00 
  473.000  5.198373e+02  4.884661e+02  3.226571e+01  7.187096e+01  8.024483e+01  5.135247e+00 
  474.000  5.192708e+02  4.870266e+02  3.220152e+01  7.178197e+01  8.002104e+01  5.125031e+00 
  475.000  5.419639e+02  5.073000e+02  3.357644e+01  7.490719e+01  8.336419e+01  5.343857e+00 
  476.000  5.403123e+02  5.046950e+02  3.344024e+01  7.466700e+01  8.294084e+01  5.322179e+00 
  477.000  5.350778e+02  4.988468e+02  3.308559e+01  7.393294e+01  8.198226e+01  5.265735e+00 
  478.000  5.566540e+02  5.179317e+02  3.438675e+01  7.690267e+01  8.512163e+01  5.472820e+00 
  479.000  5.245238e+02  4.870773e+02  3.237124e+01  7.245313e+01  8.005328e+01  5.152042e+00 
  480.000  5.430119e+02  5.032322e+02  3.349201e+01  7.499555e+01  8.271228e+01  5.330419e+00 
  481.000  5.325280e+02  4.925294e+02  3.290278e+01  7.353617e+01  8.096319e+01  5.236640e+00 
  482.000  5.491860e+02  5.069077e+02  3.400969e+01  7.582446e+01  8.333839e+01  5.412811e+00 
  483.000  5.382995e+02  4.958641e+02  3.341069e+01  7.430978e+01  8.153423e+01  5.317476e+00 
  484.000  5.217357e+02  4.797246e+02  3.244906e+01  7.201295e+01  7.889046e+01  5.164429e+00 
  485.000  5.111674e+02  4.690841e+02  3.186212e+01  7.054342e+01  7.715289e+01  5.071014e+00 
  486.000  4.511132e+02  4.132885e+02  2.817414e+01  6.224727e+01  6.799157e+01  4.484054e+00 
  487.000  4.604077e+02  4.209673e+02  2.882265e+01  6.351949e+01  6.927522e+01  4.587267e+00 
  488.000  5.047759e+02  4.607352e+02  3.166516e+01  6.963086e+01  7.583901e+01  5.039667e+00 
  489.000  4.817105e+02  4.388423e+02  3.028640e+01  6.643881e+01  7.225585e+01  4.820230e+00 
  490.000  5.484526e+02  4.986902e+02  3.457674e+01  7.563237e+01  8.213217e+01  5.503059e+00 
  491.000  5.097197e+02  4.626557e+02  3.227831e+01  7.028123e+01  7.621262e+01  5.137253e+00 
  492.000  4.779787e+02  4.330027e+02  3.042835e+01  6.589460e+01  7.134280e+01  4.842824e+00 
  493.000  5.266552e+02  4.761578e+02  3.370544e+01  7.259390e+01  7.846956e+01  5.364388e+00 
  494.000  5.066108e+02  4.571627e+02  3.258804e+01  6.982054e+01  7.535466e+01  5.186548e+00 
  495.000  5.596686e+02  5.040785e+02  3.618063e+01  7.712153e+01  8.310191e+01  5.758325e+00 
  496.000  5.302249e+02  4.766624e+02  3.443264e+01  7.305424e+01  7.858308e+01  5.480125e+00 
  497.000  5.272518e+02  4.730113e+02  3.440773e+01  7.263380e+01  7.798085e+01  5.476160e+00 
  498.000  4.998665e+02  4.475900e+02  3.276497e+01  6.885193e+01  7.378728e+01  5.214706e+00 
  499.000  5.164978e+02  4.613965e+02  3.404113e+01  7.113076e+01  7.606276e+01  5.417814e+00 
  500.000  5.080735e+02  4.529609e+02  3.368606e+01  6.996053e+01  7.467162e+01  5.361303e+00 
  501.000  5.021829e+02  4.468470e+02  3.367910e+01  6.913983e+01  7.366119e+01  5.360195e+00 
  502.000  4.853862e+02  4.310019e+02  3.298829e+01  6.681728e+01  7.104617e+01  5.250250e+00 
  503.000  5.160259e+02  4.572527e+02  3.553349e+01  7.102449e+01  7.537019e+01  5.655330e+00 
  504.000  5.086184e+02  4.497882e+02  3.545919e+01  6.999494e+01  7.413683e+01  5.643506e+00 
  505.000  5.173945e+02  4.566417e+02  3.651905e+01  7.119241e+01  7.526728e+01  5.812187e+00 
  506.000  5.482001e+02  4.829479e+02  3.919043e+01  7.541990e+01  7.962955e+01  6.237351e+00 
  507.000  5.197183e+02  4.570313e+02  3.762888e+01  7.149068e+01  7.538517e+01  5.988822e+00 
  508.000  4.912656e+02  4.312703e+02  3.598949e+01  6.756728e+01  7.115985e+01  5.727906e+00 
  509.000  5.314628e+02  4.656806e+02  3.943939e+01  7.308442e+01  7.686866e+01  6.276974e+00 
  510.000  5.243141e+02  4.587111e+02  3.943454e+01  7.209197e+01  7.574511e+01  6.276203e+00 
  511.000  5.232122e+02  4.570281e+02  4.072822e+01  7.192979e+01  7.550484e+01  6.482097e+00 
  512.000  5.378566e+02  4.691554e+02  4.324125e+01  7.393315e+01  7.754214e+01  6.882059e+00 
  513.000  5.024767e+02  4.376079e+02  4.182968e+01  6.905955e+01  7.236479e+01  6.657400e+00 
  514.000  4.974449e+02  4.325830e+02  4.273827e+01  6.835844e+01  7.156679e+01  6.802006e+00 
  515.000  4.915703e+02  4.268163e+02  4.359771e+01  6.754132e+01  7.064720e+01  6.938791e+00 
  516.000  5.270140e+02  4.568430e+02  4.818777e+01  7.240083e+01  7.564342e+01  7.669322e+00 
  517.000  4.291220e+02  3.713043e+02  4.055606e+01  5.894299e+01  6.150432e+01  6.454698e+00 
  518.000  4.730813e+02  4.087504e+02  4.584199e+01  6.497295e+01  6.772665e+01  7.295979e+00 
  519.000  4.501285e+02  3.882352e+02  4.493829e+01  6.181110e+01  6.435163e+01  7.152152e+00 
  520.000  4.997680e+02  4.303992e+02  5.117302e+01  6.861858e+01  7.136131e+01  8.144440e+00 
  521.000  5.079335e+02  4.366288e+02  5.381425e+01  6.972867e+01  7.241678e+01  8.564804e+00 
  522.000  5.210867e+02  4.472906e+02  5.669761e+01  7.152542e+01  7.420338e+01  9.023705e+00 
  523.000  4.926451e+02  4.221703e+02  5.525401e+01  6.761160e+01  7.005824e+01  8.793948e+00 
  524.000  5.316624e+02  4.548893e+02  6.128043e+01  7.295656e+01  7.550801e+01  9.753083e+00 
  525.000  5.280493e+02  4.510847e+02  6.248680e+01  7.245106e+01  7.489467e+01  9.945082e+00 
  526.000  4.992339e+02  4.256973e+02  6.072595e+01  6.848756e+01  7.068828e+01  9.664835e+00 
  527.000  4.576747e+02  3.894487e+02  5.739717e+01  6.277591e+01  6.467789e+01  9.135042e+00 
  528.000  5.239445e+02  4.451241e+02  6.721458e+01  7.185663e+01  7.393047e+01  1.069753e+01 
  529.000  5.263727e+02  4.463408e+02  6.932365e+01  7.217889e+01  7.414172e+01  1.103320e+01 
  530.000  5.210475e+02  4.410731e+02  7.011266e+01  7.143922e+01  7.327454e+01  1.115878e+01 
  531.000  5.515223e+02  4.660395e+02  7.537151e+01  7.560700e+01  7.743925e+01  1.199575e+01 
  532.000  5.228110e+02  4.409978e+02  7.243672e+01  7.166112e+01  7.329639e+01  1.152866e+01 
  533.000  4.557720e+02  3.837684e+02  6.402367e+01  6.246340e+01  6.380273e+01  1.018968e+01 
  534.000  4.873722e+02  4.096485e+02  6.938412e+01  6.678497e+01  6.812251e+01  1.104282e+01 
  535.000  5.101118e+02  4.280596e+02  7.350926e+01  6.989209e+01  7.120065e+01  1.169936e+01 
  536.000  5.392286e+02  4.515762e+02  7.887959e+01  7.386971e+01  7.513671e+01  1.255408e+01 
  537.000  5.126639e+02  4.285768e+02  7.596526e+01  7.022086e+01  7.133141e+01  1.209025e+01 
  538.000  5.327910e+02  4.446103e+02  7.998156e+01  7.296738e+01  7.402485e+01  1.272946e+01 
  539.000  5.231986e+02  4.357526e+02  7.963826e+01  7.164270e+01  7.257413e+01  1.267482e+01 
  540.000  4.867249e+02  4.047729e+02  7.480305e+01  6.664065e+01  6.743012e+01  1.190528e+01 
  541.000  4.820910e+02  4.001557e+02  7.452317e+01  6.599728e+01  6.667176e+01  1.186073e+01 
  542.000  5.142734e+02  4.260649e+02  7.987891e+01  7.039371e+01  7.099886e+01  1.271312e+01 
  543.000  5.187729e+02  4.288100e+02  8.104941e+01  7.099816e+01  7.147141e+01  1.289941e+01 
  544.000  5.281284e+02  4.357389e+02  8.289165e+01  7.226926e+01  7.263663e+01  1.319262e+01 
  545.000  5.290334e+02  4.356661e+02  8.342159e+01  7.238367e+01  7.263520e+01  1.327696e+01 
  546.000  5.027701e+02  4.132488e+02  7.966670e+01  6.878089e+01  6.891354e+01  1.267935e+01 
  547.000  5.217099e+02  4.279251e+02  8.310642e+01  7.136132e+01  7.137981e+01  1.322680e+01 
  548.000  5.026177e+02  4.113888e+02  8.049583e+01  6.873940e+01  6.864003e+01  1.281131e+01 
  549.000  5.122222e+02  4.186328e+02  8.233710e+01  7.004559e+01  6.986176e+01  1.310435e+01 
  550.000  5.152706e+02  4.202208e+02  8.321823e+01  7.045187e+01  7.014369e+01  1.324459e+01 
  551.000  5.121260e+02  4.171493e+02  8.270551e+01  7.001666e+01  6.963108e+01  1.316299e+01 
  552.000  5.275073e+02  4.289702e+02  8.512650e+01  7.211234e+01  7.160260e+01  1.354830e+01 
  553.000  5.042127e+02  4.094339e+02  8.131455e+01  6.892175e+01  6.834204e+01  1.294161e+01 
  554.000  5.190736e+02  4.208642e+02  8.365446e+01  7.094664e+01  7.024845e+01  1.331402e+01 
  555.000  5.226566e+02  4.231018e+02  8.417250e+01  7.142977e+01  7.061626e+01  1.339647e+01 
  556.000  5.140911e+02  4.155319e+02  8.273645e+01  7.025348e+01  6.933418e+01  1.316792e+01 
  557.000  5.027084e+02  4.056167e+02  8.084093e+01  6.869176e+01  6.765554e+01  1.286623e+01 
  558.000  5.104456e+02  4.111620e+02  8.202308e+01  6.974287e+01  6.855820e+01  1.305438e+01 
  559.000  4.948832e+02  3.980314e+02  7.946940e+01  6.761137e+01  6.634870e+01  1.264795e+01 
  560.000  5.016393e+02  4.027172e+02  8.037222e+01  6.852791e+01  6.710566e+01  1.279164e+01 
  561.000  5.176243e+02  4.147818e+02  8.205207e+01  7.070551e+01  6.908836e+01  1.305899e+01 
  562.000  4.860378e+02  3.886873e+02  7.604127e+01  6.638472e+01  6.471469e+01  1.210234e+01 
  563.000  5.181101e+02  4.135891e+02  8.011098e+01  7.075943e+01  6.883350e+01  1.275006e+01 
  564.000  5.074868e+02  4.043378e+02  7.747853e+01  6.930248e+01  6.726729e+01  1.233109e+01 
  565.000  5.137872e+02  4.086419e+02  7.752843e+01  7.015723e+01  6.795768e+01  1.233903e+01 
  566.000  4.780216e+02  3.794310e+02  7.113322e+01  6.526730e+01  6.307614e+01  1.132120e+01 
  567.000  5.002143e+02  3.963585e+02  7.353440e+01  6.829182e+01  6.586926e+01  1.170336e+01 
  568.000  5.118185e+02  4.049207e+02  7.442035e+01  6.987101e+01  6.727150e+01  1.184437e+01 
  569.000  5.027628e+02  3.969816e+02  7.208966e+01  6.862850e+01  6.592883e+01  1.147343e+01 
  570.000  5.042739e+02  3.973715e+02  7.123372e+01  6.882811e+01  6.597234e+01  1.133720e+01 
  571.000  4.915968e+02  3.866631e+02  6.842100e+01  6.709144e+01  6.418526e+01  1.088954e+01 
  572.000  5.086369e+02  3.995091e+02  6.997709e+01  6.941193e+01  6.631429e+01  1.113720e+01 
  573.000  5.198154e+02  4.076527e+02  7.059387e+01  7.093167e+01  6.766047e+01  1.123536e+01 
  574.000  5.139377e+02  4.023888e+02  6.883893e+01  7.012365e+01  6.678262e+01  1.095606e+01 
  575.000  5.057126e+02  3.952287e+02  6.668171e+01  6.899480e+01  6.559012e+01  1.061272e+01 
  576.000  5.123909e+02  3.998104e+02  6.653964e+01  6.989949e+01  6.636085e+01  1.059011e+01 
  577.000  5.131274e+02  3.998637e+02  6.578499e+01  6.999463e+01  6.638046e+01  1.047001e+01 
  578.000  5.060109e+02  3.936525e+02  6.378796e+01  6.901704e+01  6.536309e+01  1.015217e+01 
  579.000  4.932543e+02  3.831275e+02  6.120098e+01  6.727097e+01  6.362789e+01  9.740438e+00 
  580.000  5.071254e+02  3.934392e+02  6.218848e+01  6.915797e+01  6.535032e+01  9.897604e+00 
  581.000  5.071160e+02  3.929167e+02  6.160269e+01  6.915105e+01  6.527869e+01  9.804373e+00 
  582.000  5.186295e+02  4.013094e+02  6.243273e+01  7.071523e+01  6.668912e+01  9.936478e+00 
  583.000  5.172363e+02  3.997141e+02  6.170877e+01  7.051955e+01  6.643979e+01  9.821257e+00 
  584.000  5.142482e+02  3.966922e+02  6.058588e+01  7.010431e+01  6.595924e+01  9.642542e+00 
  585.000  5.102260e+02  3.931711e+02  5.966737e+01  6.955144e+01  6.538524e+01  9.496357e+00 
  586.000  4.932028e+02  3.794936e+02  5.713021e+01  6.722536e+01  6.311374e+01  9.092556e+00 
  587.000  5.057219e+02  3.885033e+02  5.798917e+01  6.892576e+01  6.461121e+01  9.229263e+00 
  588.000  5.063284e+02  3.883570e+02  5.747397e+01  6.900247e+01  6.458698e+01  9.147266e+00 
  589.000  4.747876e+02  3.636071e+02  5.336552e+01  6.469872e+01  6.046989e+01  8.493385e+00 
  590.000  4.823387e+02  3.687609e+02  5.365100e+01  6.572157e+01  6.132698e+01  8.538822e+00 
  591.000  5.034783e+02  3.843632e+02  5.576368e+01  6.859647e+01  6.391879e+01  8.875065e+00 
  592.000  4.962704e+02  3.783127e+02  5.476605e+01  6.760905e+01  6.290959e+01  8.716289e+00 
  593.000  4.928039e+02  3.750697e+02  5.416280e+01  6.713083e+01  6.236874e+01  8.620277e+00 
  594.000  5.027881e+02  3.820633e+02  5.503988e+01  6.848493e+01  6.352846e+01  8.759869e+00 
  595.000  4.981034e+02  3.778202e+02  5.428111e+01  6.784019e+01  6.281737e+01  8.639107e+00 
  596.000  4.987974e+02  3.777534e+02  5.414758e+01  6.792910e+01  6.279824e+01  8.617855e+00 
  597.000  5.048268e+02  3.818073e+02  5.462042e+01  6.874534e+01  6.346601e+01  8.693110e+00 
  598.000  4.966622e+02  3.750535e+02  5.353349e+01  6.762804e+01  6.233514e+01  8.520119e+00 
  599.000  4.914635e+02  3.705528e+02  5.276941e+01  6.691467e+01  6.158019e+01  8.398512e+00 
  600.000  4.955311e+02  3.730521e+02  5.298561e+01  6.746307e+01  6.198918e+01  8.432922e+00 
  601.000  4.818988e+02  3.622866e+02  5.121923e+01  6.560197e+01  6.020439e+01  8.151794e+00 
  602.000  4.820734e+02  3.617832e+02  5.078614e+01  6.561902e+01  6.013139e+01  8.082866e+00 
  603.000  4.831750e+02  3.621452e+02  5.057165e+01  6.576405e+01  6.019936e+01  8.048729e+00 
  604.000  5.003820e+02  3.744674e+02  5.196404e+01  6.809998e+01  6.225734e+01  8.270333e+00 
  605.000  5.013789e+02  3.746505e+02  5.165988e+01  6.822958e+01  6.230015e+01  8.221926e+00 
  606.000  4.980767e+02  3.716677e+02  5.091451e+01  6.777413e+01  6.182782e+01  8.103295e+00 
  607.000  4.920796e+02  3.667722e+02  4.996680e+01  6.695307e+01  6.103439e+01  7.952464e+00 
  608.000  4.974695e+02  3.703003e+02  5.012489e+01  6.768058e+01  6.164593e+01  7.977623e+00 
  609.000  4.938163e+02  3.671383e+02  4.940467e+01  6.717828e+01  6.114166e+01  7.862997e+00 
  610.000  4.863611e+02  3.611530e+02  4.829596e+01  6.615882e+01  6.016684e+01  7.686540e+00 
  611.000  4.866880e+02  3.609915e+02  4.795105e+01  6.619855e+01  6.015912e+01  7.631647e+00 
  612.000  4.941845e+02  3.659996e+02  4.815956e+01  6.721176e+01  6.101966e+01  7.664832e+00 
  613.000  4.843128e+02  3.582169e+02  4.674522e+01  6.586365e+01  5.974431e+01  7.439733e+00 
  614.000  4.796056e+02  3.542621e+02  4.583730e+01  6.521798e+01  5.910703e+01  7.295232e+00 
  615.000  4.834817e+02  3.567012e+02  4.579943e+01  6.574009e+01  5.953458e+01  7.289206e+00 
  616.000  4.675444e+02  3.444782e+02  4.383534e+01  6.356753e+01  5.751931e+01  6.976611e+00 
  617.000  4.590626e+02  3.378625e+02  4.268174e+01  6.240998e+01  5.643438e+01  6.793009e+00 
  618.000  4.901681e+02  3.601882e+02  4.502582e+01  6.663213e+01  6.019193e+01  7.166082e+00 
  619.000  4.952373e+02  3.634786e+02  4.506650e+01  6.731605e+01  6.076535e+01  7.172556e+00 
  620.000  4.905329e+02  3.595656e+02  4.423686e+01  6.667104e+01  6.013699e+01  7.040514e+00 
  621.000  5.010147e+02  3.668358e+02  4.504291e+01  6.809048e+01  6.137801e+01  7.168802e+00 
  622.000  4.899836e+02  3.583741e+02  4.395530e+01  6.658643e+01  5.998592e+01  6.995702e+00 
  623.000  4.874023e+02  3.559637e+02  4.359366e+01  6.622902e+01  5.961469e+01  6.938147e+00 
  624.000  4.747719e+02  3.464266e+02  4.238612e+01  6.450883e+01  5.803680e+01  6.745960e+00 
  625.000  4.762551e+02  3.469731e+02  4.238716e+01  6.470370e+01  5.815856e+01  6.746126e+00 
  626.000  4.699680e+02  3.418983e+02  4.171068e+01  6.384367e+01  5.732946e+01  6.638460e+00 
  627.000  4.877498e+02  3.543994e+02  4.318602e+01  6.625411e+01  5.944453e+01  6.873268e+00 
  628.000  4.887063e+02  3.547337e+02  4.318602e+01  6.637981e+01  5.951553e+01  6.873270e+00 
  629.000  4.971051e+02  3.603137e+02  4.380631e+01  6.751448e+01  6.047404e+01  6.971991e+00 
  630.000  4.861931e+02  3.520704e+02  4.275520e+01  6.602857e+01  5.910392e+01  6.804701e+00 
  631.000  4.838376e+02  3.498648e+02  4.228936e+01  6.570283e+01  5.875627e+01  6.730560e+00 
  632.000  4.704791e+02  3.396709e+02  4.079913e+01  6.388250e+01  5.707019e+01  6.493383e+00 
  633.000  4.871269e+02  3.513537e+02  4.203606e+01  6.613894e+01  5.905124e+01  6.690247e+00 
  634.000  4.762270e+02  3.429909e+02  4.079303e+01  6.465311e+01  5.767003e+01  6.492412e+00 
  635.000  4.860992e+02  3.496876e+02  4.138697e+01  6.598846e+01  5.881720e+01  6.586941e+00 
  636.000  4.760679e+02  3.420596e+02  4.026397e+01  6.462143e+01  5.756484e+01  6.408209e+00 
  637.000  4.853341e+02  3.482718e+02  4.075546e+01  6.587350e+01  5.864410e+01  6.486433e+00 
  638.000  4.929968e+02  3.532877e+02  4.108046e+01  6.690727e+01  5.952650e+01  6.538158e+00 
  639.000  4.841366e+02  3.465914e+02  4.011583e+01  6.570037e+01  5.842414e+01  6.384634e+00 
  640.000  4.708603e+02  3.367475e+02  3.876929e+01  6.389440e+01  5.678933e+01  6.170324e+00 
  641.000  4.755599e+02  3.395636e+02  3.862916e+01  6.452619e+01  5.728327e+01  6.148022e+00 
  642.000  4.825360e+02  3.441139e+02  3.875856e+01  6.546832e+01  5.805967e+01  6.168616e+00 
  643.000  4.841161e+02  3.446914e+02  3.832095e+01  6.567702e+01  5.817016e+01  6.098969e+00 
  644.000  4.755128e+02  3.380970e+02  3.716297e+01  6.450504e+01  5.706726e+01  5.914670e+00 
  645.000  4.750455e+02  3.372000e+02  3.654552e+01  6.443578e+01  5.692959e+01  5.816401e+00 
  646.000  4.777552e+02  3.386375e+02  3.624122e+01  6.479816e+01  5.718768e+01  5.767969e+00 
  647.000  4.752289e+02  3.363958e+02  3.557416e+01  6.445070e+01  5.682333e+01  5.661804e+00 
  648.000  4.793649e+02  3.388251e+02  3.536594e+01  6.500639e+01  5.724745e+01  5.628665e+00 
  649.000  4.735243e+02  3.341419e+02  3.435250e+01  6.420846e+01  5.647322e+01  5.467370e+00 
  650.000  4.653790e+02  3.279100e+02  3.331773e+01  6.309873e+01  5.543674e+01  5.302681e+00 
  651.000  4.796571e+02  3.375268e+02  3.404539e+01  6.502963e+01  5.708058e+01  5.418492e+00 
  652.000  4.770864e+02  3.353606e+02  3.365155e+01  6.467698e+01  5.673114e+01  5.355811e+00 
  653.000  4.794851e+02  3.366282e+02  3.357715e+01  6.499741e+01  5.696333e+01  5.343969e+00 
  654.000  4.764955e+02  3.339703e+02  3.303974e+01  6.458573e+01  5.653877e+01  5.258438e+00 
  655.000  4.714716e+02  3.299616e+02  3.240797e+01  6.389925e+01  5.588085e+01  5.157889e+00 
  656.000  4.100555e+02  2.866738e+02  2.801048e+01  5.557200e+01  4.856194e+01  4.458008e+00 
  657.000  4.262174e+02  2.975367e+02  2.886703e+01  5.775748e+01  5.041761e+01  4.594330e+00 
  658.000  4.648229e+02  3.240223e+02  3.121527e+01  6.298378e+01  5.492374e+01  4.968064e+00 
  659.000  4.667621e+02  3.249438e+02  3.110025e+01  6.324176e+01  5.509592e+01  4.949758e+00 
  660.000  4.647030e+02  3.230198e+02  3.066747e+01  6.295733e+01  5.478807e+01  4.880878e+00 
  661.000  4.765856e+02  3.307787e+02  3.108986e+01  6.456172e+01  5.612102e+01  4.948106e+00 
  662.000  4.771111e+02  3.308059e+02  3.087545e+01  6.462920e+01  5.613795e+01  4.913980e+00 
  663.000  4.749740e+02  3.288437e+02  3.038664e+01  6.433451e+01  5.582116e+01  4.836184e+00 
  664.000  4.706718e+02  3.253691e+02  2.974755e+01  6.374638e+01  5.524897e+01  4.734470e+00 
  665.000  4.693933e+02  3.241144e+02  2.939809e+01  6.356923e+01  5.504781e+01  4.678852e+00 
  666.000  4.689347e+02  3.232894e+02  2.899601e+01  6.350157e+01  5.492610e+01  4.614857e+00 
  667.000  4.640060e+02  3.193779e+02  2.831742e+01  6.282859e+01  5.427890e+01  4.506857e+00 
  668.000  4.746966e+02  3.263075e+02  2.865487e+01  6.427145e+01  5.547230e+01  4.560565e+00 
  669.000  4.734413e+02  3.249993e+02  2.825593e+01  6.409669e+01  5.526470e+01  4.497072e+00 
  670.000  4.698868e+02  3.221247e+02  2.777190e+01  6.361066e+01  5.479237e+01  4.420035e+00 
  671.000  4.679885e+02  3.203252e+02  2.759098e+01  6.334798e+01  5.450656e+01  4.391241e+00 
  672.000  4.611982e+02  3.153291e+02  2.717846e+01  6.242486e+01  5.366963e+01  4.325585e+00 
  673.000  4.641806e+02  3.169304e+02  2.733889e+01  6.282351e+01  5.396005e+01  4.351119e+00 
  674.000  4.674428e+02  3.187350e+02  2.751622e+01  6.326020e+01  5.428349e+01  4.379343e+00 
  675.000  4.655133e+02  3.169795e+02  2.738725e+01  6.299401e+01  5.400253e+01  4.358815e+00 
  676.000  4.653099e+02  3.164315e+02  2.736095e+01  6.296183e+01  5.392485e+01  4.354630e+00 
  677.000  4.641069e+02  3.151893e+02  2.727537e+01  6.279417e+01  5.373079e+01  4.341009e+00 
  678.000  4.624725e+02  3.136606e+02  2.716466e+01  6.256828e+01  5.348614e+01  4.323390e+00 
  679.000  4.622807e+02  3.130757e+02  2.713748e+01  6.253712e+01  5.340496e+01  4.319064e+00 
  680.000  4.610338e+02  3.117963e+02  2.717039e+01  6.236331e+01  5.320567e+01  4.324302e+00 
  681.000  4.585154e+02  3.097740e+02  2.753614e+01  6.201824e+01  5.288404e+01  4.382514e+00 
  682.000  4.593413e+02  3.099908e+02  2.820271e+01  6.212508e+01  5.294922e+01  4.488601e+00 
  683.000  4.580256e+02  3.087649e+02  2.872515e+01  6.194237e+01  5.276634e+01  4.571750e+00 
  684.000  4.588751e+02  3.090238e+02  2.934638e+01  6.205276e+01  5.283669e+01  4.670621e+00 
  685.000  4.574379e+02  3.077770e+02  2.975090e+01  6.185449e+01  5.264527e+01  4.735003e+00 
  686.000  4.463705e+02  2.998715e+02  2.983628e+01  6.035160e+01  5.132685e+01  4.748591e+00 
  687.000  4.577260e+02  3.072108e+02  3.109256e+01  6.188299e+01  5.260260e+01  4.948535e+00 
  688.000  4.567733e+02  3.062582e+02  3.157578e+01  6.174986e+01  5.246245e+01  5.025442e+00 
  689.000  4.537464e+02  3.039578e+02  3.183212e+01  6.133698e+01  5.208680e+01  5.066240e+00 
  690.000  4.578321e+02  3.063898e+02  3.295508e+01  6.188467e+01  5.253083e+01  5.244964e+00 
  691.000  4.529522e+02  3.029813e+02  3.577771e+01  6.121928e+01  5.200570e+01  5.694200e+00 
  692.000  4.490583e+02  3.003513e+02  3.822374e+01  6.068913e+01  5.160111e+01  6.083498e+00 
  693.000  4.497706e+02  3.007971e+02  4.179029e+01  6.078050e+01  5.173729e+01  6.651132e+00 
  694.000  4.505593e+02  3.013017e+02  4.577912e+01  6.088173e+01  5.189037e+01  7.285972e+00 
  695.000  4.498461e+02  3.009250e+02  4.921144e+01  6.078168e+01  5.188193e+01  7.832243e+00 
  696.000  4.490511e+02  3.005277e+02  5.232020e+01  6.067133e+01  5.186382e+01  8.327018e+00 
  697.000  4.492242e+02  3.007698e+02  5.529396e+01  6.069203e+01  5.195214e+01  8.800307e+00 
  698.000  4.435453e+02  2.971158e+02  5.805882e+01  5.992162e+01  5.137554e+01  9.240349e+00 
  699.000  4.472930e+02  2.997335e+02  6.105229e+01  6.042565e+01  5.186761e+01  9.716773e+00 
  700.000  4.431386e+02  2.971476e+02  6.466992e+01  5.986085e+01  5.148498e+01  1.029254e+01 
  701.000  4.400082e+02  2.953740e+02  6.912804e+01  5.943500e+01  5.124834e+01  1.100207e+01 
  702.000  4.385864e+02  2.947710e+02  7.402859e+01  5.923999e+01  5.121663e+01  1.178202e+01 
  703.000  4.411982e+02  2.969069e+02  8.001093e+01  5.958958e+01  5.166651e+01  1.273413e+01 
  704.000  4.428628e+02  2.983884e+02  8.556995e+01  5.981139e+01  5.199895e+01  1.361888e+01 
  705.000  4.468093e+02  3.013402e+02  9.059419e+01  6.034195e+01  5.257377e+01  1.441851e+01 
  706.000  4.434381e+02  2.994695e+02  9.580341e+01  5.988329e+01  5.233039e+01  1.524759e+01 
  707.000  4.342503e+02  2.936421e+02  9.934129e+01  5.863938e+01  5.138972e+01  1.581066e+01 
  708.000  4.428340e+02  2.997064e+02  1.051045e+02  5.979633e+01  5.250434e+01  1.672790e+01 
  709.000  4.393638e+02  2.977389e+02  1.098506e+02  5.932457e+01  5.223782e+01  1.748327e+01 
  710.000  4.424264e+02  3.001884e+02  1.159821e+02  5.973511e+01  5.274263e+01  1.845913e+01 
  711.000  4.393839e+02  2.985926e+02  1.215572e+02  5.932108e+01  5.255072e+01  1.934642e+01 
  712.000  4.355905e+02  2.964000e+02  1.256797e+02  5.880634e+01  5.223644e+01  2.000255e+01 
  713.000  4.309763e+02  2.937341e+02  1.307060e+02  5.818023e+01  5.185455e+01  2.080250e+01 
  714.000  4.369927e+02  2.981111e+02  1.362373e+02  5.899058e+01  5.267845e+01  2.168285e+01 
  715.000  4.296450e+02  2.935277e+02  1.397001e+02  5.799582e+01  5.194793e+01  2.223397e+01 
  716.000  4.290615e+02  2.936719e+02  1.468537e+02  5.791341e+01  5.207351e+01  2.337249e+01 
  717.000  4.374117e+02  2.997224e+02  1.542567e+02  5.903826e+01  5.320803e+01  2.455071e+01 
  718.000  4.292427e+02  2.945619e+02  1.572994e+02  5.793273e+01  5.237218e+01  2.503498e+01 
  719.000  4.189333e+02  2.879006e+02  1.591215e+02  5.653857e+01  5.126359e+01  2.532497e+01 
  720.000  4.252729e+02  2.926482e+02  1.667001e+02  5.739170e+01  5.217842e+01  2.653115e+01 
  721.000  4.318823e+02  2.979291e+02  1.783661e+02  5.827993e+01  5.323977e+01  2.838784e+01 
  722.000  4.242433e+02  2.933691e+02  1.837453e+02  5.724585e+01  5.253637e+01  2.924397e+01 
  723.000  4.259149e+02  2.950860e+02  1.912116e+02  5.746885e+01  5.293170e+01  3.043227e+01 
  724.000  4.340536e+02  3.011984e+02  2.005576e+02  5.856484e+01  5.410218e+01  3.191973e+01 
  725.000  4.310924e+02  2.997927e+02  2.069935e+02  5.816235e+01  5.395099e+01  3.294405e+01 
  726.000  4.313914e+02  3.008157e+02  2.169880e+02  5.819897e+01  5.426172e+01  3.453471e+01 
  727.000  4.299303e+02  3.001639e+02  2.206926e+02  5.800018e+01  5.420100e+01  3.512432e+01 
  728.000  4.244303e+02  2.971444e+02  2.277930e+02  5.725447e+01  5.378270e+01  3.625438e+01 
  729.000  4.155384e+02  2.914387e+02  2.293027e+02  5.605262e+01  5.283009e+01  3.649466e+01 
  730.000  4.234226e+02  2.976447e+02  2.418060e+02  5.711311e+01  5.405888e+01  3.848462e+01 
  731.000  4.182174e+02  2.945395e+02  2.454447e+02  5.640862e+01  5.357891e+01  3.906374e+01 
  732.000  4.233901e+02  2.987694e+02  2.554742e+02  5.710378e+01  5.443705e+01  4.065998e+01 
  733.000  4.197526e+02  2.967667e+02  2.600004e+02  5.661076e+01  5.415722e+01  4.138034e+01 
  734.000  4.255623e+02  3.016989e+02  2.734228e+02  5.739075e+01  5.518141e+01  4.351659e+01 
  735.000  4.238736e+02  3.011396e+02  2.799455e+02  5.716030e+01  5.517480e+01  4.455471e+01 
  736.000  4.186301e+02  2.979333e+02  2.827224e+02  5.645098e+01  5.466478e+01  4.499666e+01 
  737.000  4.210941e+02  3.003054e+02  2.918427e+02  5.678059e+01  5.519213e+01  4.644822e+01 
  738.000  4.182171e+02  2.989034e+02  2.976757e+02  5.638987e+01  5.503104e+01  4.737656e+01 
  739.000  4.126375e+02  2.955880e+02  3.018106e+02  5.563467e+01  5.452031e+01  4.803465e+01 
  740.000  4.133737e+02  2.965928e+02  3.081675e+02  5.573181e+01  5.477734e+01  4.904638e+01 
  741.000  4.088817e+02  2.938534e+02  3.111701e+02  5.512347e+01  5.435094e+01  4.952426e+01 
  742.000  4.038954e+02  2.908531e+02  3.155563e+02  5.444732e+01  5.389985e+01  5.022235e+01 
  743.000  4.138572e+02  2.984848e+02  3.297588e+02  5.578715e+01  5.539546e+01  5.248273e+01 
  744.000  4.166027e+02  3.008687e+02  3.376059e+02  5.615454e+01  5.590950e+01  5.373166e+01 
  745.000  4.102569e+02  2.966331e+02  3.373183e+02  5.529687e+01  5.518395e+01  5.368588e+01 
  746.000  4.114571e+02  2.978209e+02  3.427207e+02  5.545654e+01  5.546151e+01  5.454570e+01 
  747.000  4.142260e+02  3.003104e+02  3.517260e+02  5.582656e+01  5.601093e+01  5.597894e+01 
  748.000  4.132809e+02  2.999523e+02  3.554371e+02  5.569705e+01  5.600186e+01  5.656957e+01 
  749.000  4.061776e+02  2.951240e+02  3.538419e+02  5.473762e+01  5.515806e+01  5.631568e+01 
  750.000  4.045733e+02  2.943387e+02  3.578944e+02  5.451868e+01  5.508160e+01  5.696066e+01 
  751.000  4.119857e+02  2.998806e+02  3.676588e+02  5.551509e+01  5.616389e+01  5.851471e+01 
  752.000  4.098146e+02  2.984168e+02  3.692100e+02  5.521935e+01  5.594128e+01  5.876159e+01 
  753.000  4.066776e+02  2.962175e+02  3.689306e+02  5.479433e+01  5.556662e+01  5.871713e+01 
  754.000  4.115776e+02  2.998828e+02  3.762547e+02  5.545193e+01  5.629670e+01  5.988279e+01 
  755.000  4.106603e+02  2.993146e+02  3.784370e+02  5.532558e+01  5.623449e+01  6.023013e+01 
  756.000  4.061180e+02  2.960795e+02  3.766481e+02  5.471145e+01  5.566128e+01  5.994540e+01 
  757.000  4.044702e+02  2.949789e+02  3.783711e+02  5.448650e+01  5.550099e+01  6.021962e+01 
  758.000  4.011295e+02  2.926377e+02  3.783186e+02  5.403369e+01  5.510452e+01  6.021127e+01 
  759.000  3.990704e+02  2.912213e+02  3.791766e+02  5.375378e+01  5.487786e+01  6.034783e+01 
  760.000  4.052067e+02  2.957510e+02  3.874548e+02  5.457785e+01  5.576742e+01  6.166535e+01 
  761.000  4.017801e+02  2.931671e+02  3.856240e+02  5.411369e+01  5.530531e+01  6.137397e+01 
  762.000  3.916247e+02  2.856508e+02  3.770835e+02  5.274334e+01  5.390969e+01  6.001470e+01 
  763.000  3.997661e+02  2.914859e+02  3.860892e+02  5.383731e+01  5.503267e+01  6.144800e+01 
  764.000  4.065193e+02  2.963073e+02  3.937589e+02  5.474431e+01  5.596419e+01  6.266868e+01 
  765.000  3.996468e+02  2.912092e+02  3.880895e+02  5.381669e+01  5.501949e+01  6.176637e+01 
  766.000  3.871743e+02  2.820182e+02  3.770852e+02  5.213477e+01  5.330295e+01  6.001497e+01 
  767.000  3.835441e+02  2.792566e+02  3.748071e+02  5.164325e+01  5.280354e+01  5.965240e+01 
  768.000  3.961512e+02  2.883328e+02  3.882401e+02  5.333838e+01  5.453985e+01  6.179032e+01 
  769.000  3.963627e+02  2.883471e+02  3.899425e+02  5.336366e+01  5.456945e+01  6.206128e+01 
  770.000  3.943442e+02  2.868209e+02  3.884813e+02  5.309069e+01  5.429024e+01  6.182872e+01 
  771.000  3.907450e+02  2.840382e+02  3.856632e+02  5.260360e+01  5.377927e+01  6.138021e+01 
  772.000  3.865820e+02  2.807272e+02  3.821739e+02  5.203960e+01  5.316983e+01  6.082486e+01 
  773.000  3.890185e+02  2.822553e+02  3.851063e+02  5.236456e+01  5.347403e+01  6.129158e+01 
  774.000  3.940613e+02  2.857607e+02  3.904312e+02  5.304143e+01  5.414754e+01  6.213906e+01 
  775.000  3.811225e+02  2.762574e+02  3.778733e+02  5.129833e+01  5.235419e+01  6.014040e+01 
  776.000  3.883444e+02  2.812779e+02  3.855029e+02  5.226768e+01  5.331914e+01  6.135469e+01 
  777.000  3.910281e+02  2.829654e+02  3.887292e+02  5.262565e+01  5.365531e+01  6.186817e+01 
  778.000  3.885334e+02  2.809713e+02  3.866628e+02  5.228752e+01  5.328920e+01  6.153930e+01 
  779.000  3.919478e+02  2.832341e+02  3.905132e+02  5.274443e+01  5.373148e+01  6.215211e+01 
  780.000  3.872338e+02  2.796541e+02  3.860932e+02  5.210796e+01  5.306255e+01  6.144865e+01 
  781.000  3.862746e+02  2.787625e+02  3.851882e+02  5.197671e+01  5.290296e+01  6.130461e+01 
  782.000  3.898909e+02  2.810919e+02  3.887971e+02  5.246032e+01  5.335788e+01  6.187897e+01 
  783.000  3.864264e+02  2.783661e+02  3.853442e+02  5.199172e+01  5.285087e+01  6.132944e+01 
  784.000  3.826929e+02  2.754828e+02  3.816227e+02  5.148734e+01  5.231225e+01  6.073715e+01 
  785.000  3.881856e+02  2.792408e+02  3.871021e+02  5.222422e+01  5.303496e+01  6.160921e+01 
  786.000  3.849705e+02  2.767291e+02  3.838973e+02  5.178956e+01  5.256691e+01  6.109915e+01 
  787.000  3.864392e+02  2.774882e+02  3.853646e+02  5.198397e+01  5.272478e+01  6.133268e+01 
  788.000  3.874572e+02  2.780824e+02  3.863807e+02  5.211945e+01  5.284391e+01  6.149439e+01 
  789.000  3.864470e+02  2.770461e+02  3.853758e+02  5.198024e+01  5.266130e+01  6.133446e+01 
  790.000  3.854040e+02  2.761237e+02  3.844002e+02  5.183801e+01  5.249497e+01  6.117920e+01 
  791.000  3.829811e+02  2.741342e+02  3.822737e+02  5.150906e+01  5.213330e+01  6.084076e+01 
  792.000  3.810413e+02  2.725724e+02  3.805961e+02  5.124600e+01  5.184855e+01  6.057375e+01 
  793.000  3.750315e+02  2.681293e+02  3.748093e+02  5.043594e+01  5.101372e+01  5.965276e+01 
  794.000  3.684557e+02  2.632154e+02  3.685554e+02  4.954893e+01  5.009396e+01  5.865742e+01 
  795.000  3.689449e+02  2.633468e+02  3.693659e+02  4.961202e+01  5.013393e+01  5.878642e+01 
  796.000  3.768995e+02  2.688337e+02  3.776022e+02  5.067936e+01  5.119061e+01  6.009726e+01 
  797.000  3.802746e+02  2.710512e+02  3.812517e+02  5.113091e+01  5.162460e+01  6.067809e+01 
  798.000  3.807644e+02  2.712050e+02  3.820179e+02  5.119442e+01  5.166589e+01  6.080004e+01 
  799.000  3.796573e+02  2.703167e+02  3.810481e+02  5.104437e+01  5.150287e+01  6.064568e+01 
