  400.000  4.955782e+02  2.864266e+02  1.723714e+01  6.476653e+01  5.297294e+01  2.743376e+00 
  401.000  4.963232e+02  2.843705e+02  1.733532e+01  6.486200e+01  5.266494e+01  2.759002e+00 
  402.000  5.167897e+02  2.929773e+02  1.814266e+01  6.753426e+01  5.435057e+01  2.887494e+00 
  403.000  4.895168e+02  2.747491e+02  1.726829e+01  6.396806e+01  5.105003e+01  2.748334e+00 
  404.000  5.269157e+02  2.925042e+02  1.868485e+01  6.885265e+01  5.444139e+01  2.973786e+00 
  405.000  5.129083e+02  2.817274e+02  1.828012e+01  6.701989e+01  5.252181e+01  2.909372e+00 
  406.000  4.854398e+02  2.639937e+02  1.738494e+01  6.342851e+01  4.929435e+01  2.766899e+00 
  407.000  4.939710e+02  2.657771e+02  1.778221e+01  6.454083e+01  4.971217e+01  2.830127e+00 
  408.000  5.127491e+02  2.731687e+02  1.854453e+01  6.699207e+01  5.117149e+01  2.951453e+00 
  409.000  5.543572e+02  2.923248e+02  2.014767e+01  7.242573e+01  5.484694e+01  3.206602e+00 
  410.000  4.467738e+02  2.332643e+02  1.632376e+01  5.836813e+01  4.383473e+01  2.598007e+00 
  411.000  5.471745e+02  2.825302e+02  2.018015e+01  7.148206e+01  5.318708e+01  3.211771e+00 
  412.000  5.629907e+02  2.880469e+02  2.093586e+01  7.354588e+01  5.430667e+01  3.332046e+00 
  413.000  5.335553e+02  2.703129e+02  2.001355e+01  6.969819e+01  5.104067e+01  3.185256e+00 
  414.000  5.634155e+02  2.826462e+02  2.131856e+01  7.359624e+01  5.345350e+01  3.392954e+00 
  415.000  5.533865e+02  2.748920e+02  2.112324e+01  7.228363e+01  5.207073e+01  3.361867e+00 
  416.000  5.815085e+02  2.860722e+02  2.238773e+01  7.595428e+01  5.427438e+01  3.563117e+00 
  417.000  5.454586e+02  2.658572e+02  2.116982e+01  7.124321e+01  5.051308e+01  3.369282e+00 
  418.000  5.485210e+02  2.647233e+02  2.147086e+01  7.164063e+01  5.037638e+01  3.417194e+00 
  419.000  5.625586e+02  2.687591e+02  2.221365e+01  7.347133e+01  5.122724e+01  3.535411e+00 
  420.000  5.042310e+02  2.387393e+02  2.005390e+01  6.585148e+01  4.556987e+01  3.191678e+00 
  421.000  5.930135e+02  2.781100e+02  2.369864e+01  7.744357e+01  5.316471e+01  3.771756e+00 
  422.000  5.916351e+02  2.748636e+02  2.374579e+01  7.726091e+01  5.262155e+01  3.779260e+00 
  423.000  5.304382e+02  2.441450e+02  2.138142e+01  6.926691e+01  4.680953e+01  3.402959e+00 
  424.000  5.195783e+02  2.369079e+02  2.103408e+01  6.784644e+01  4.548801e+01  3.347678e+00 
  425.000  5.258331e+02  2.375154e+02  2.138072e+01  6.866077e+01  4.567323e+01  3.402848e+00 
  426.000  5.711987e+02  2.558344e+02  2.331804e+01  7.458203e+01  4.926384e+01  3.711181e+00 
  427.000  5.336094e+02  2.367491e+02  2.187863e+01  6.967152e+01  4.565523e+01  3.482092e+00 
  428.000  5.355775e+02  2.354286e+02  2.205305e+01  6.992606e+01  4.546469e+01  3.509851e+00 
  429.000  4.822950e+02  2.101792e+02  1.994076e+01  6.296733e+01  4.064592e+01  3.173670e+00 
  430.000  4.130897e+02  1.784688e+02  1.714299e+01  5.393027e+01  3.456070e+01  2.728391e+00 
  431.000  3.463541e+02  1.482321e+02  1.439152e+01  4.521613e+01  2.874524e+01  2.290482e+00 
  432.000  6.194143e+02  2.626990e+02  2.575796e+01  8.086102e+01  5.101653e+01  4.099507e+00 
  433.000  5.911746e+02  2.484044e+02  2.460337e+01  7.717178e+01  4.830914e+01  3.915748e+00 
  434.000  5.556231e+02  2.314198e+02  2.314145e+01  7.252848e+01  4.506500e+01  3.683076e+00 
  435.000  6.116699e+02  2.525886e+02  2.549503e+01  7.984198e+01  4.924915e+01  4.057659e+00 
  436.000  6.764423e+02  2.768034e+02  2.821977e+01  8.829369e+01  5.404802e+01  4.491316e+00 
  437.000  6.700077e+02  2.718575e+02  2.797523e+01  8.745092e+01  5.315403e+01  4.452396e+00 
  438.000  6.113980e+02  2.460126e+02  2.554954e+01  7.979848e+01  4.816290e+01  4.066336e+00 
  439.000  5.511157e+02  2.196898e+02  2.305059e+01  7.192800e+01  4.306453e+01  3.668616e+00 
  440.000  5.963467e+02  2.357894e+02  2.496415e+01  7.782877e+01  4.627888e+01  3.973168e+00 
  441.000  6.367245e+02  2.496198e+02  2.667832e+01  8.309571e+01  4.904817e+01  4.245987e+00 
  442.000  6.742166e+02  2.620272e+02  2.827475e+01  8.798565e+01  5.154224e+01  4.500066e+00 
  443.000  6.597527e+02  2.541756e+02  2.768778e+01  8.609539e+01  5.000767e+01  4.406647e+00 
  444.000  6.692184e+02  2.555818e+02  2.811628e+01  8.732753e+01  5.038296e+01  4.474844e+00 
  445.000  6.658112e+02  2.520191e+02  2.799869e+01  8.687997e+01  4.972572e+01  4.456131e+00 
  446.000  6.204076e+02  2.329142e+02  2.611422e+01  8.095276e+01  4.600538e+01  4.156208e+00 
  447.000  6.986497e+02  2.603848e+02  2.943636e+01  9.115931e+01  5.150761e+01  4.684942e+00 
  448.000  7.358694e+02  2.718416e+02  3.103864e+01  9.601233e+01  5.385442e+01  4.939953e+00 
  449.000  7.144957e+02  2.618623e+02  3.017097e+01  9.322053e+01  5.195641e+01  4.801858e+00 
  450.000  7.420488e+02  2.698589e+02  3.136834e+01  9.681229e+01  5.361935e+01  4.992426e+00 
  451.000  7.911205e+02  2.854827e+02  3.347797e+01  1.032112e+02  5.679812e+01  5.328186e+00 
  452.000  7.442794e+02  2.664260e+02  3.153020e+01  9.709705e+01  5.307509e+01  5.018188e+00 
  453.000  6.669081e+02  2.367433e+02  2.828442e+01  8.700042e+01  4.722063e+01  4.501605e+00 
  454.000  7.116611e+02  2.505372e+02  3.021749e+01  9.283544e+01  5.003561e+01  4.809263e+00 
  455.000  7.425754e+02  2.593672e+02  3.156451e+01  9.686507e+01  5.185933e+01  5.023648e+00 
  456.000  7.512009e+02  2.603609e+02  3.196600e+01  9.798713e+01  5.211742e+01  5.087547e+00 
  457.000  7.808777e+02  2.684764e+02  3.326681e+01  1.018549e+02  5.380403e+01  5.294578e+00 
  458.000  7.426863e+02  2.532970e+02  3.167553e+01  9.687013e+01  5.081741e+01  5.041317e+00 
  459.000  7.616981e+02  2.578023e+02  3.252333e+01  9.934675e+01  5.177971e+01  5.176249e+00 
  460.000  7.546431e+02  2.534813e+02  3.224894e+01  9.842352e+01  5.096545e+01  5.132579e+00 
  461.000  7.616534e+02  2.539162e+02  3.249823e+01  9.933475e+01  5.110760e+01  5.172254e+00 
  462.000  7.498749e+02  2.478503e+02  3.192721e+01  9.779511e+01  4.994910e+01  5.081372e+00 
  463.000  7.587841e+02  2.489594e+02  3.224779e+01  9.895405e+01  5.022032e+01  5.132395e+00 
  464.000  7.570592e+02  2.464467e+02  3.211219e+01  9.872587e+01  4.977052e+01  5.110814e+00 
  465.000  7.347125e+02  2.375013e+02  3.111084e+01  9.580888e+01  4.801348e+01  4.951444e+00 
  466.000  7.688475e+02  2.464601e+02  3.248985e+01  1.002567e+02  4.988228e+01  5.170920e+00 
  467.000  7.359039e+02  2.340897e+02  3.103980e+01  9.595785e+01  4.742597e+01  4.940137e+00 
  468.000  7.699669e+02  2.431867e+02  3.242091e+01  1.003965e+02  4.931653e+01  5.159949e+00 
  469.000  7.748105e+02  2.427638e+02  3.256238e+01  1.010247e+02  4.926594e+01  5.182463e+00 
  470.000  7.543474e+02  2.345600e+02  3.164503e+01  9.835361e+01  4.762547e+01  5.036464e+00 
  471.000  7.559572e+02  2.332403e+02  3.165432e+01  9.856025e+01  4.741989e+01  5.037941e+00 
  472.000  7.827836e+02  2.396540e+02  3.271801e+01  1.020547e+02  4.873206e+01  5.207232e+00 
  473.000  7.613704e+02  2.310923e+02  3.175881e+01  9.925986e+01  4.697123e+01  5.054572e+00 
  474.000  7.593078e+02  2.284825e+02  3.160929e+01  9.898793e+01  4.640059e+01  5.030775e+00 
  475.000  7.917255e+02  2.360135e+02  3.288765e+01  1.032108e+02  4.786336e+01  5.234232e+00 
  476.000  7.892891e+02  2.331405e+02  3.271775e+01  1.028898e+02  4.723575e+01  5.207191e+00 
  477.000  7.821232e+02  2.292479e+02  3.236388e+01  1.019526e+02  4.644237e+01  5.150871e+00 
  478.000  8.153051e+02  2.372977e+02  3.368329e+01  1.062747e+02  4.812831e+01  5.360862e+00 
  479.000  7.706989e+02  2.229633e+02  3.179719e+01  1.004573e+02  4.532744e+01  5.060680e+00 
  480.000  8.011597e+02  2.304655e+02  3.302406e+01  1.044245e+02  4.699841e+01  5.255942e+00 
  481.000  7.895269e+02  2.258401e+02  3.259177e+01  1.029050e+02  4.620704e+01  5.187141e+00 
  482.000  8.177776e+02  2.325012e+02  3.382249e+01  1.065836e+02  4.770452e+01  5.383016e+00 
  483.000  8.044084e+02  2.272258e+02  3.332900e+01  1.048378e+02  4.672202e+01  5.304476e+00 
  484.000  7.812971e+02  2.193123e+02  3.242150e+01  1.018228e+02  4.515883e+01  5.160043e+00 
  485.000  7.663884e+02  2.135593e+02  3.185225e+01  9.987667e+01  4.400434e+01  5.069444e+00 
  486.000  6.773818e+02  1.876035e+02  2.819318e+01  8.827480e+01  3.869693e+01  4.487084e+00 
  487.000  6.927802e+02  1.904770e+02  2.888420e+01  9.027847e+01  3.934362e+01  4.597064e+00 
  488.000  7.600424e+02  2.075965e+02  3.173494e+01  9.904078e+01  4.291430e+01  5.050773e+00 
  489.000  7.258640e+02  1.968398e+02  3.035718e+01  9.458401e+01  4.072999e+01  4.831496e+00 
  490.000  8.282692e+02  2.230327e+02  3.471411e+01  1.079246e+02  4.619523e+01  5.524922e+00 
  491.000  7.712714e+02  2.063680e+02  3.245307e+01  1.004948e+02  4.278001e+01  5.165066e+00 
  492.000  7.242662e+02  1.924481e+02  3.061987e+01  9.436718e+01  3.993403e+01  4.873303e+00 
  493.000  7.989792e+02  2.108045e+02  3.393974e+01  1.040985e+02  4.378358e+01  5.401678e+00 
  494.000  7.692435e+02  2.015769e+02  3.282632e+01  1.002212e+02  4.190316e+01  5.224471e+00 
  495.000  8.508545e+02  2.214738e+02  3.647251e+01  1.108506e+02  4.607881e+01  5.804780e+00 
  496.000  8.070281e+02  2.087624e+02  3.473713e+01  1.051379e+02  4.346701e+01  5.528585e+00 
  497.000  8.038107e+02  2.065297e+02  3.475441e+01  1.047156e+02  4.303744e+01  5.531337e+00 
  498.000  7.633362e+02  1.949400e+02  3.313915e+01  9.944005e+01  4.065502e+01  5.274260e+00 
  499.000  7.900596e+02  2.002316e+02  3.447271e+01  1.029178e+02  4.179590e+01  5.486502e+00 
  500.000  7.780530e+02  1.959008e+02  3.413894e+01  1.013508e+02  4.091882e+01  5.433381e+00 
  501.000  7.696015e+02  1.925712e+02  3.414553e+01  1.002470e+02  4.024707e+01  5.434430e+00 
  502.000  7.433983e+02  1.846086e+02  3.340649e+01  9.683090e+01  3.854770e+01  5.316808e+00 
  503.000  7.891665e+02  1.943807e+02  3.590813e+01  1.027893e+02  4.051163e+01  5.714956e+00 
  504.000  7.750221e+02  1.890900e+02  3.567042e+01  1.009440e+02  3.922024e+01  5.677123e+00 
  505.000  7.925927e+02  1.927795e+02  3.694439e+01  1.032295e+02  4.023632e+01  5.879881e+00 
  506.000  8.408913e+02  2.031769e+02  3.968154e+01  1.095167e+02  4.242995e+01  6.315513e+00 
  507.000  7.971868e+02  1.912031e+02  3.807705e+01  1.038215e+02  3.989702e+01  6.060151e+00 
  508.000  7.559055e+02  1.804777e+02  3.652983e+01  9.844246e+01  3.778736e+01  5.813904e+00 
  509.000  8.191533e+02  1.944123e+02  4.008890e+01  1.066759e+02  4.078780e+01  6.380346e+00 
  510.000  8.096011e+02  1.912383e+02  4.014935e+01  1.054291e+02  4.020237e+01  6.389968e+00 
  511.000  8.095093e+02  1.902445e+02  4.153925e+01  1.054140e+02  4.007206e+01  6.611177e+00 
  512.000  8.332288e+02  1.948754e+02  4.414711e+01  1.084998e+02  4.109914e+01  7.026230e+00 
  513.000  7.795775e+02  1.813491e+02  4.275731e+01  1.015105e+02  3.829983e+01  6.805037e+00 
  514.000  7.727491e+02  1.788283e+02  4.372867e+01  1.006185e+02  3.780538e+01  6.959634e+00 
  515.000  7.644905e+02  1.759623e+02  4.464532e+01  9.954022e+01  3.723748e+01  7.105523e+00 
  516.000  8.203940e+02  1.878053e+02  4.938015e+01  1.068160e+02  3.977958e+01  7.859096e+00 
  517.000  6.687424e+02  1.521618e+02  4.159372e+01  8.706799e+01  3.226245e+01  6.619846e+00 
  518.000  7.376002e+02  1.670331e+02  4.702732e+01  9.603060e+01  3.544220e+01  7.484631e+00 
  519.000  7.022811e+02  1.581128e+02  4.611930e+01  9.142944e+01  3.358048e+01  7.340114e+00 
  520.000  7.803446e+02  1.748320e+02  5.254906e+01  1.015898e+02  3.716066e+01  8.363442e+00 
  521.000  7.939836e+02  1.768615e+02  5.531178e+01  1.033621e+02  3.762832e+01  8.803144e+00 
  522.000  8.151188e+02  1.807467e+02  5.830714e+01  1.061108e+02  3.848300e+01  9.279869e+00 
  523.000  7.711312e+02  1.700825e+02  5.684850e+01  1.003816e+02  3.624218e+01  9.047720e+00 
  524.000  8.323810e+02  1.826320e+02  6.304815e+01  1.083519e+02  3.892675e+01  1.003442e+01 
  525.000  8.265221e+02  1.804064e+02  6.426070e+01  1.075863e+02  3.846372e+01  1.022741e+01 
  526.000  7.822847e+02  1.699113e+02  6.251612e+01  1.018251e+02  3.627665e+01  9.949750e+00 
  527.000  7.175556e+02  1.548599e+02  5.911090e+01  9.339659e+01  3.307401e+01  9.407793e+00 
  528.000  8.218062e+02  1.765293e+02  6.924462e+01  1.069631e+02  3.772330e+01  1.102062e+01 
  529.000  8.261265e+02  1.764649e+02  7.145315e+01  1.075221e+02  3.773093e+01  1.137212e+01 
  530.000  8.182889e+02  1.739494e+02  7.230746e+01  1.064992e+02  3.722432e+01  1.150809e+01 
  531.000  8.665899e+02  1.832128e+02  7.775968e+01  1.127824e+02  3.923135e+01  1.237584e+01 
  532.000  8.219465e+02  1.728396e+02  7.476492e+01  1.069693e+02  3.703819e+01  1.189921e+01 
  533.000  7.170930e+02  1.499779e+02  6.612325e+01  9.332087e+01  3.216590e+01  1.052384e+01 
  534.000  7.675260e+02  1.596795e+02  7.171897e+01  9.988132e+01  3.427617e+01  1.141443e+01 
  535.000  8.041190e+02  1.664939e+02  7.605134e+01  1.046406e+02  3.577129e+01  1.210395e+01 
  536.000  8.509608e+02  1.751458e+02  8.169012e+01  1.107327e+02  3.767345e+01  1.300139e+01 
  537.000  8.097510e+02  1.658042e+02  7.873480e+01  1.053672e+02  3.569994e+01  1.253103e+01 
  538.000  8.420497e+02  1.714997e+02  8.293961e+01  1.095669e+02  3.696151e+01  1.320025e+01 
  539.000  8.270162e+02  1.673893e+02  8.258266e+01  1.076075e+02  3.608573e+01  1.314344e+01 
  540.000  7.699031e+02  1.551393e+02  7.761767e+01  1.001739e+02  3.346507e+01  1.235324e+01 
  541.000  7.606230e+02  1.520376e+02  7.709208e+01  9.896375e+01  3.268630e+01  1.226959e+01 
  542.000  8.122806e+02  1.615944e+02  8.272794e+01  1.056821e+02  3.480215e+01  1.316656e+01 
  543.000  8.212530e+02  1.625237e+02  8.414514e+01  1.068460e+02  3.510830e+01  1.339212e+01 
  544.000  8.360043e+02  1.644774e+02  8.604057e+01  1.087623e+02  3.552055e+01  1.369378e+01 
  545.000  8.380575e+02  1.640464e+02  8.665613e+01  1.090266e+02  3.546802e+01  1.379175e+01 
  546.000  7.960953e+02  1.548225e+02  8.270201e+01  1.035647e+02  3.344743e+01  1.316243e+01 
  547.000  8.271378e+02  1.599727e+02  8.638615e+01  1.075999e+02  3.461790e+01  1.374878e+01 
  548.000  7.982963e+02  1.536012e+02  8.383288e+01  1.038448e+02  3.331934e+01  1.334242e+01 
  549.000  8.138443e+02  1.559207e+02  8.577884e+01  1.058651e+02  3.383963e+01  1.365213e+01 
  550.000  8.193240e+02  1.559819e+02  8.676003e+01  1.065747e+02  3.388367e+01  1.380829e+01 
  551.000  8.154401e+02  1.546706e+02  8.633986e+01  1.060676e+02  3.364090e+01  1.374142e+01 
  552.000  8.405305e+02  1.584820e+02  8.891211e+01  1.093287e+02  3.448697e+01  1.415080e+01 
  553.000  8.039144e+02  1.507929e+02  8.496895e+01  1.045638e+02  3.283308e+01  1.352323e+01 
  554.000  8.282794e+02  1.545252e+02  8.746961e+01  1.077306e+02  3.366152e+01  1.392122e+01 
  555.000  8.347016e+02  1.548738e+02  8.807220e+01  1.085636e+02  3.375296e+01  1.401713e+01 
  556.000  8.215477e+02  1.516999e+02  8.661903e+01  1.068507e+02  3.307239e+01  1.378585e+01 
  557.000  8.038407e+02  1.476270e+02  8.468063e+01  1.045455e+02  3.219577e+01  1.347734e+01 
  558.000  8.166630e+02  1.491935e+02  8.596124e+01  1.062110e+02  3.254789e+01  1.368116e+01 
  559.000  7.922290e+02  1.440695e+02  8.333057e+01  1.030314e+02  3.143940e+01  1.326247e+01 
  560.000  8.034962e+02  1.452800e+02  8.431989e+01  1.044944e+02  3.171304e+01  1.341993e+01 
  561.000  8.294317e+02  1.491160e+02  8.611249e+01  1.078651e+02  3.255532e+01  1.370523e+01 
  562.000  7.791534e+02  1.392036e+02  7.983427e+01  1.013244e+02  3.039560e+01  1.270602e+01 
  563.000  8.307104e+02  1.475866e+02  8.411762e+01  1.080270e+02  3.222719e+01  1.338774e+01 
  564.000  8.137407e+02  1.437043e+02  8.135494e+01  1.058181e+02  3.137791e+01  1.294804e+01 
  565.000  8.239645e+02  1.447038e+02  8.141473e+01  1.071456e+02  3.159041e+01  1.295756e+01 
  566.000  7.667161e+02  1.337509e+02  7.470167e+01  9.969900e+01  2.918554e+01  1.188914e+01 
  567.000  8.016901e+02  1.389804e+02  7.715122e+01  1.042448e+02  3.029187e+01  1.227900e+01 
  568.000  8.181510e+02  1.408734e+02  7.785371e+01  1.063835e+02  3.061334e+01  1.239080e+01 
  569.000  7.980606e+02  1.358608e+02  7.482741e+01  1.037689e+02  2.927790e+01  1.190915e+01 
  570.000  8.016601e+02  1.357559e+02  7.406030e+01  1.042346e+02  2.931993e+01  1.178706e+01 
  571.000  7.813731e+02  1.314979e+02  7.111769e+01  1.015946e+02  2.840715e+01  1.131873e+01 
  572.000  8.049785e+02  1.343959e+02  7.238347e+01  1.046621e+02  2.888956e+01  1.152019e+01 
  573.000  8.225302e+02  1.365826e+02  7.300272e+01  1.069421e+02  2.936036e+01  1.161874e+01 
  574.000  8.105706e+02  1.335376e+02  7.092666e+01  1.053851e+02  2.860279e+01  1.128833e+01 
  575.000  7.970858e+02  1.304464e+02  6.864965e+01  1.036296e+02  2.792876e+01  1.092593e+01 
  576.000  8.069158e+02  1.311870e+02  6.842896e+01  1.049054e+02  2.806163e+01  1.089081e+01 
  577.000  8.079775e+02  1.306926e+02  6.763554e+01  1.050416e+02  2.795014e+01  1.076453e+01 
  578.000  7.983623e+02  1.284817e+02  6.571471e+01  1.037892e+02  2.753721e+01  1.045882e+01 
  579.000  7.800191e+02  1.249692e+02  6.319840e+01  1.014024e+02  2.684616e+01  1.005834e+01 
  580.000  8.038284e+02  1.283924e+02  6.437438e+01  1.044960e+02  2.764206e+01  1.024550e+01 
  581.000  8.060457e+02  1.282947e+02  6.395066e+01  1.047823e+02  2.768754e+01  1.017806e+01 
  582.000  8.265305e+02  1.310780e+02  6.498895e+01  1.074432e+02  2.835096e+01  1.034331e+01 
  583.000  8.269087e+02  1.307308e+02  6.444679e+01  1.074904e+02  2.835826e+01  1.025703e+01 
  584.000  8.248468e+02  1.297567e+02  6.348972e+01  1.072196e+02  2.822931e+01  1.010470e+01 
  585.000  8.194907e+02  1.284933e+02  6.261214e+01  1.065218e+02  2.798593e+01  9.965032e+00 
  586.000  7.938408e+02  1.239889e+02  6.008485e+01  1.031858e+02  2.705511e+01  9.562800e+00 
  587.000  8.131355e+02  1.261680e+02  6.091262e+01  1.056917e+02  2.746899e+01  9.694545e+00 
  588.000  8.059977e+02  1.234867e+02  5.971076e+01  1.047618e+02  2.654931e+01  9.503263e+00 
  589.000  7.393962e+02  1.114169e+02  5.415565e+01  9.610331e+01  2.348189e+01  8.619140e+00 
  590.000  7.491171e+02  1.119982e+02  5.428095e+01  9.736474e+01  2.351265e+01  8.639082e+00 
  591.000  7.922612e+02  1.187066e+02  5.721576e+01  1.029704e+02  2.522199e+01  9.106170e+00 
  592.000  7.713159e+02  1.144833e+02  5.546964e+01  1.002464e+02  2.412375e+01  8.828267e+00 
  593.000  7.835449e+02  1.170629e+02  5.620550e+01  1.018337e+02  2.517831e+01  8.945383e+00 
  594.000  7.913737e+02  1.170921e+02  5.651007e+01  1.028492e+02  2.498197e+01  8.993858e+00 
  595.000  7.820552e+02  1.147034e+02  5.557080e+01  1.016358e+02  2.433971e+01  8.844368e+00 
  596.000  7.990413e+02  1.178812e+02  5.664166e+01  1.038414e+02  2.547803e+01  9.014800e+00 
  597.000  8.092736e+02  1.189473e+02  5.718213e+01  1.051695e+02  2.572749e+01  9.100819e+00 
  598.000  7.979636e+02  1.169225e+02  5.618448e+01  1.036978e+02  2.536077e+01  8.942039e+00 
  599.000  7.919510e+02  1.157403e+02  5.556550e+01  1.029146e+02  2.519910e+01  8.843525e+00 
  600.000  8.013127e+02  1.168837e+02  5.601202e+01  1.041293e+02  2.557339e+01  8.914590e+00 
  601.000  7.819323e+02  1.138104e+02  5.434731e+01  1.016090e+02  2.500393e+01  8.649642e+00 
  602.000  7.831494e+02  1.133917e+02  5.395663e+01  1.017649e+02  2.494559e+01  8.587464e+00 
  603.000  7.858524e+02  1.133750e+02  5.379663e+01  1.021144e+02  2.497678e+01  8.561999e+00 
  604.000  8.150225e+02  1.170899e+02  5.536530e+01  1.059027e+02  2.584188e+01  8.811661e+00 
  605.000  8.170103e+02  1.168030e+02  5.506740e+01  1.061589e+02  2.579401e+01  8.764249e+00 
  606.000  8.118706e+02  1.154885e+02  5.428724e+01  1.054890e+02  2.551444e+01  8.640082e+00 
  607.000  8.023760e+02  1.136726e+02  5.329443e+01  1.042535e+02  2.512651e+01  8.482073e+00 
  608.000  8.113035e+02  1.143790e+02  5.347008e+01  1.054115e+02  2.529033e+01  8.510028e+00 
  609.000  8.055276e+02  1.130673e+02  5.271228e+01  1.046592e+02  2.500912e+01  8.389420e+00 
  610.000  7.934900e+02  1.108789e+02  5.153585e+01  1.030934e+02  2.453187e+01  8.202185e+00 
  611.000  7.940926e+02  1.105126e+02  5.117119e+01  1.031701e+02  2.445682e+01  8.144148e+00 
  612.000  8.063089e+02  1.115981e+02  5.139132e+01  1.047550e+02  2.470399e+01  8.179183e+00 
  613.000  7.902945e+02  1.088591e+02  4.988682e+01  1.026725e+02  2.410299e+01  7.939734e+00 
  614.000  7.826968e+02  1.072883e+02  4.892204e+01  1.016836e+02  2.375937e+01  7.786185e+00 
  615.000  7.890157e+02  1.076807e+02  4.888007e+01  1.025028e+02  2.384840e+01  7.779506e+00 
  616.000  7.628600e+02  1.035808e+02  4.677300e+01  9.910292e+01  2.294084e+01  7.444155e+00 
  617.000  7.488383e+02  1.012551e+02  4.552934e+01  9.727987e+01  2.242384e+01  7.246220e+00 
  618.000  7.992471e+02  1.074191e+02  4.800742e+01  1.038261e+02  2.378210e+01  7.640618e+00 
  619.000  8.070909e+02  1.079596e+02  4.802306e+01  1.048433e+02  2.389250e+01  7.643107e+00 
  620.000  7.987414e+02  1.062876e+02  4.709532e+01  1.037568e+02  2.350842e+01  7.495453e+00 
  621.000  8.150590e+02  1.079485e+02  4.790566e+01  1.058746e+02  2.385946e+01  7.624423e+00 
  622.000  7.963514e+02  1.049889e+02  4.670045e+01  1.034429e+02  2.318709e+01  7.432607e+00 
  623.000  7.908661e+02  1.036040e+02  4.623526e+01  1.027282e+02  2.285190e+01  7.358571e+00 
  624.000  7.695187e+02  1.004067e+02  4.490117e+01  9.995391e+01  2.212647e+01  7.146243e+00 
  625.000  7.705446e+02  9.987709e+01  4.481713e+01  1.000849e+02  2.197775e+01  7.132869e+00 
  626.000  7.587706e+02  9.773008e+01  4.400385e+01  9.855366e+01  2.146107e+01  7.003431e+00 
  627.000  7.836658e+02  1.002753e+02  4.532932e+01  1.017855e+02  2.193658e+01  7.214386e+00 
  628.000  7.629724e+02  9.606324e+01  4.398546e+01  9.909637e+01  2.058039e+01  7.000504e+00 
  629.000  7.862878e+02  9.906685e+01  4.523351e+01  1.021226e+02  2.142255e+01  7.199137e+00 
  630.000  7.736248e+02  9.726283e+01  4.441906e+01  1.004767e+02  2.107734e+01  7.069513e+00 
  631.000  7.754562e+02  9.742329e+01  4.427638e+01  1.007126e+02  2.126507e+01  7.046805e+00 
  632.000  7.554911e+02  9.445856e+01  4.280349e+01  9.811750e+01  2.063652e+01  6.812387e+00 
  633.000  7.843842e+02  9.791869e+01  4.423286e+01  1.018686e+02  2.146272e+01  7.039878e+00 
  634.000  7.684586e+02  9.557269e+01  4.302437e+01  9.979833e+01  2.099766e+01  6.847542e+00 
  635.000  7.858689e+02  9.745651e+01  4.374104e+01  1.020577e+02  2.145985e+01  6.961603e+00 
  636.000  7.703444e+02  9.514455e+01  4.259474e+01  1.000399e+02  2.096777e+01  6.779163e+00 
  637.000  7.868080e+02  9.682796e+01  4.320148e+01  1.021760e+02  2.138477e+01  6.875730e+00 
  638.000  8.013575e+02  9.828794e+01  4.367064e+01  1.040633e+02  2.177769e+01  6.950397e+00 
  639.000  7.877374e+02  9.631963e+01  4.269106e+01  1.022932e+02  2.136704e+01  6.794493e+00 
  640.000  7.671061e+02  9.352898e+01  4.131486e+01  9.961261e+01  2.078047e+01  6.575463e+00 
  641.000  7.748541e+02  9.397359e+01  4.117415e+01  1.006167e+02  2.087811e+01  6.553070e+00 
  642.000  7.876552e+02  9.528206e+01  4.139762e+01  1.022775e+02  2.121970e+01  6.588636e+00 
  643.000  7.900849e+02  9.508197e+01  4.092677e+01  1.025911e+02  2.117003e+01  6.513698e+00 
  644.000  7.765107e+02  9.308420e+01  3.972033e+01  1.008269e+02  2.074081e+01  6.321686e+00 
  645.000  7.745176e+02  9.224521e+01  3.899853e+01  1.005662e+02  2.051022e+01  6.206808e+00 
  646.000  7.737834e+02  9.129000e+01  3.840248e+01  1.004691e+02  2.012351e+01  6.111946e+00 
  647.000  7.609975e+02  8.883836e+01  3.725148e+01  9.880743e+01  1.936276e+01  5.928757e+00 
  648.000  7.540694e+02  8.688654e+01  3.635152e+01  9.790621e+01  1.864740e+01  5.785523e+00 
  649.000  7.521013e+02  8.657531e+01  3.566777e+01  9.764877e+01  1.873439e+01  5.676702e+00 
  650.000  7.482680e+02  8.634708e+01  3.505188e+01  9.714937e+01  1.893170e+01  5.578681e+00 
  651.000  7.748263e+02  8.931807e+01  3.600318e+01  1.005959e+02  1.969852e+01  5.730084e+00 
  652.000  7.620792e+02  8.692372e+01  3.516525e+01  9.893955e+01  1.892720e+01  5.596724e+00 
  653.000  7.785565e+02  8.925755e+01  3.570429e+01  1.010772e+02  1.976278e+01  5.682515e+00 
  654.000  7.719187e+02  8.791000e+01  3.505215e+01  1.002134e+02  1.942657e+01  5.578723e+00 
  655.000  7.556216e+02  8.525087e+01  3.400216e+01  9.809580e+01  1.868884e+01  5.411612e+00 
  656.000  6.621587e+02  7.468342e+01  2.962364e+01  8.596122e+01  1.646539e+01  4.714748e+00 
  657.000  6.857993e+02  7.691367e+01  3.042153e+01  8.902866e+01  1.692720e+01  4.841737e+00 
  658.000  7.547988e+02  8.468413e+01  3.321870e+01  9.798430e+01  1.880700e+01  5.286921e+00 
  659.000  7.606580e+02  8.515249e+01  3.322500e+01  9.874334e+01  1.897944e+01  5.287922e+00 
  660.000  7.590631e+02  8.471999e+01  3.285004e+01  9.853451e+01  1.894624e+01  5.228247e+00 
  661.000  7.791199e+02  8.661138e+01  3.333724e+01  1.011363e+02  1.939697e+01  5.305787e+00 
  662.000  7.805349e+02  8.654377e+01  3.313638e+01  1.013188e+02  1.940489e+01  5.273819e+00 
  663.000  7.764454e+02  8.566193e+01  3.259022e+01  1.007862e+02  1.919415e+01  5.186895e+00 
  664.000  7.698202e+02  8.457089e+01  3.192806e+01  9.992448e+01  1.896959e+01  5.081509e+00 
  665.000  7.676210e+02  8.402853e+01  3.155212e+01  9.963772e+01  1.884751e+01  5.021676e+00 
  666.000  7.672009e+02  8.361013e+01  3.114033e+01  9.958137e+01  1.877156e+01  4.956137e+00 
  667.000  7.592404e+02  8.235123e+01  3.042145e+01  9.854630e+01  1.849859e+01  4.841725e+00 
  668.000  7.768526e+02  8.393729e+01  3.079362e+01  1.008308e+02  1.886481e+01  4.900958e+00 
  669.000  7.747595e+02  8.336485e+01  3.036807e+01  1.005575e+02  1.874016e+01  4.833228e+00 
  670.000  7.690048e+02  8.241412e+01  2.985501e+01  9.980904e+01  1.853448e+01  4.751573e+00 
  671.000  7.658653e+02  8.169049e+01  2.966445e+01  9.939972e+01  1.837799e+01  4.721244e+00 
  672.000  7.547043e+02  8.023248e+01  2.922279e+01  9.794987e+01  1.805401e+01  4.650951e+00 
  673.000  7.595067e+02  8.040497e+01  2.939691e+01  9.857153e+01  1.809789e+01  4.678663e+00 
  674.000  7.647957e+02  8.064272e+01  2.959034e+01  9.925639e+01  1.815630e+01  4.709449e+00 
  675.000  7.615799e+02  7.996703e+01  2.945414e+01  9.883740e+01  1.800931e+01  4.687772e+00 
  676.000  7.611628e+02  7.961183e+01  2.942711e+01  9.878178e+01  1.793315e+01  4.683471e+00 
  677.000  7.591489e+02  7.908045e+01  2.933803e+01  9.851884e+01  1.781906e+01  4.669292e+00 
  678.000  7.564271e+02  7.848345e+01  2.922187e+01  9.816406e+01  1.768926e+01  4.650805e+00 
  679.000  7.560278e+02  7.809908e+01  2.919444e+01  9.811058e+01  1.760736e+01  4.646440e+00 
  680.000  7.538146e+02  7.753625e+01  2.922779e+01  9.782173e+01  1.748276e+01  4.651747e+00 
  681.000  7.493674e+02  7.680396e+01  2.961070e+01  9.724321e+01  1.731560e+01  4.712690e+00 
  682.000  7.507690e+02  7.668098e+01  3.033322e+01  9.742352e+01  1.729949e+01  4.827682e+00 
  683.000  7.479126e+02  7.607341e+01  3.086779e+01  9.705133e+01  1.715120e+01  4.912762e+00 
  684.000  7.491658e+02  7.594135e+01  3.153250e+01  9.721252e+01  1.712510e+01  5.018553e+00 
  685.000  7.470690e+02  7.553236e+01  3.198206e+01  9.693919e+01  1.704863e+01  5.090102e+00 
  686.000  7.275878e+02  7.312126e+01  3.201352e+01  9.440929e+01  1.648069e+01  5.095109e+00 
  687.000  5.442812e+02  5.175261e+01  2.420491e+01  7.062319e+01  1.059866e+01  3.852331e+00 
  688.000  6.170554e+02  5.845808e+01  2.795036e+01  8.006482e+01  1.199536e+01  4.448437e+00 
  689.000  6.595370e+02  6.349054e+01  3.035518e+01  8.557593e+01  1.350111e+01  4.831177e+00 
  690.000  6.675961e+02  6.370427e+01  3.154713e+01  8.662026e+01  1.341332e+01  5.020881e+00 
  691.000  6.880962e+02  6.646333e+01  3.573484e+01  8.927840e+01  1.438242e+01  5.687376e+00 
  692.000  6.992916e+02  6.774117e+01  3.908014e+01  9.072984e+01  1.476695e+01  6.219798e+00 
  693.000  6.889993e+02  6.608498e+01  4.206522e+01  8.939297e+01  1.418832e+01  6.694887e+00 
  694.000  6.780361e+02  6.437648e+01  4.523702e+01  8.796902e+01  1.361906e+01  7.199696e+00 
  695.000  6.870944e+02  6.581661e+01  4.938051e+01  8.914317e+01  1.419716e+01  7.859152e+00 
  696.000  6.925413e+02  6.655540e+01  5.302198e+01  8.984895e+01  1.447457e+01  8.438709e+00 
  697.000  7.182695e+02  6.995196e+01  5.812476e+01  9.318605e+01  1.559975e+01  9.250843e+00 
  698.000  7.130189e+02  6.951629e+01  6.133631e+01  9.250387e+01  1.556286e+01  9.761976e+00 
  699.000  6.944401e+02  6.651472e+01  6.217953e+01  9.009286e+01  1.446267e+01  9.896180e+00 
  700.000  6.910184e+02  6.625227e+01  6.619156e+01  8.964785e+01  1.446204e+01  1.053471e+01 
  701.000  6.801097e+02  6.472131e+01  7.003768e+01  8.823174e+01  1.395096e+01  1.114684e+01 
  702.000  6.839307e+02  6.548253e+01  7.562560e+01  8.872654e+01  1.426770e+01  1.203619e+01 
  703.000  6.907825e+02  6.650655e+01  8.211420e+01  8.961447e+01  1.462990e+01  1.306888e+01 
  704.000  7.005955e+02  6.791389e+01  8.874556e+01  9.088657e+01  1.511069e+01  1.412429e+01 
  705.000  7.108593e+02  6.901290e+01  9.440089e+01  9.221733e+01  1.539320e+01  1.502437e+01 
  706.000  7.045985e+02  6.837501e+01  9.967918e+01  9.140409e+01  1.524124e+01  1.586443e+01 
  707.000  6.962584e+02  6.792583e+01  1.042984e+02  9.032120e+01  1.526808e+01  1.659960e+01 
  708.000  7.124387e+02  6.972844e+01  1.107127e+02  9.241949e+01  1.575220e+01  1.762047e+01 
  709.000  7.070801e+02  6.927997e+01  1.157012e+02  9.172338e+01  1.567875e+01  1.841441e+01 
  710.000  7.108730e+02  6.961175e+01  1.218979e+02  9.221449e+01  1.573969e+01  1.940066e+01 
  711.000  7.084833e+02  6.968490e+01  1.281812e+02  9.190348e+01  1.585406e+01  2.040067e+01 
  712.000  7.022979e+02  6.923101e+01  1.324813e+02  9.110030e+01  1.579876e+01  2.108505e+01 
  713.000  6.959510e+02  6.872622e+01  1.379156e+02  9.027602e+01  1.571402e+01  2.194995e+01 
  714.000  7.045440e+02  6.953391e+01  1.434603e+02  9.139011e+01  1.588200e+01  2.283242e+01 
  715.000  6.828165e+02  6.671906e+01  1.447718e+02  8.857086e+01  1.501123e+01  2.304115e+01 
  716.000  6.739495e+02  6.547585e+01  1.502661e+02  8.741959e+01  1.460422e+01  2.391559e+01 
  717.000  6.245346e+02  5.770947e+01  1.426738e+02  8.100925e+01  1.190827e+01  2.270723e+01 
  718.000  5.573365e+02  5.117525e+01  1.320308e+02  7.229218e+01  1.044455e+01  2.101336e+01 
  719.000  5.094937e+02  4.619297e+01  1.251972e+02  6.608581e+01  9.223102e+00  1.992575e+01 
  720.000  5.380453e+02  4.829306e+01  1.360883e+02  6.978864e+01  9.504101e+00  2.165912e+01 
  721.000  5.917395e+02  5.542524e+01  1.586237e+02  7.675215e+01  1.168111e+01  2.524575e+01 
  722.000  6.516423e+02  6.289972e+01  1.830593e+02  8.452100e+01  1.385767e+01  2.913479e+01 
  723.000  6.301519e+02  6.029098e+01  1.831371e+02  8.173288e+01  1.310287e+01  2.914718e+01 
  724.000  5.615525e+02  5.185537e+01  1.671796e+02  7.283480e+01  1.065816e+01  2.660746e+01 
  725.000  5.649852e+02  5.201431e+01  1.747959e+02  7.327928e+01  1.066329e+01  2.781962e+01 
  726.000  6.128711e+02  5.720779e+01  1.987055e+02  7.948912e+01  1.197366e+01  3.162496e+01 
  727.000  5.897777e+02  5.467524e+01  1.947530e+02  7.649351e+01  1.133425e+01  3.099590e+01 
  728.000  5.860944e+02  5.494708e+01  2.026221e+02  7.601478e+01  1.156647e+01  3.224831e+01 
  729.000  5.813419e+02  5.405696e+01  2.059417e+02  7.539781e+01  1.124315e+01  3.277665e+01 
  730.000  6.070886e+02  5.724094e+01  2.228501e+02  7.873623e+01  1.213852e+01  3.546769e+01 
  731.000  5.861692e+02  5.459727e+01  2.204983e+02  7.602248e+01  1.137774e+01  3.509339e+01 
  732.000  6.246372e+02  6.006324e+01  2.425069e+02  8.101080e+01  1.306702e+01  3.859618e+01 
  733.000  6.445065e+02  6.356676e+01  2.569499e+02  8.358704e+01  1.428405e+01  4.089484e+01 
  734.000  6.704270e+02  6.749173e+01  2.774586e+02  8.694765e+01  1.553732e+01  4.415891e+01 
  735.000  6.579381e+02  6.558263e+01  2.793299e+02  8.532719e+01  1.490594e+01  4.445673e+01 
  736.000  6.574203e+02  6.609446e+01  2.854471e+02  8.525938e+01  1.516556e+01  4.543032e+01 
  737.000  6.602255e+02  6.641032e+01  2.939318e+02  8.562239e+01  1.523582e+01  4.678069e+01 
  738.000  6.636909e+02  6.752571e+01  3.034596e+02  8.607098e+01  1.568822e+01  4.829708e+01 
  739.000  6.573969e+02  6.735049e+01  3.088172e+02  8.525388e+01  1.576063e+01  4.914978e+01 
  740.000  6.678175e+02  6.939952e+01  3.200047e+02  8.660463e+01  1.649184e+01  5.093033e+01 
  741.000  6.627635e+02  6.925994e+01  3.241321e+02  8.594839e+01  1.656173e+01  5.158723e+01 
  742.000  6.556706e+02  6.875005e+01  3.290414e+02  8.502738e+01  1.650957e+01  5.236856e+01 
  743.000  6.726221e+02  7.070223e+01  3.441010e+02  8.722473e+01  1.703095e+01  5.476537e+01 
  744.000  6.782767e+02  7.152756e+01  3.528219e+02  8.795721e+01  1.729616e+01  5.615335e+01 
  745.000  6.690881e+02  7.079019e+01  3.530594e+02  8.676494e+01  1.718416e+01  5.619115e+01 
  746.000  6.712747e+02  7.109974e+01  3.587141e+02  8.704785e+01  1.728371e+01  5.709112e+01 
  747.000  6.758784e+02  7.166654e+01  3.679724e+02  8.764388e+01  1.744842e+01  5.856464e+01 
  748.000  6.743807e+02  7.155765e+01  3.717356e+02  8.744903e+01  1.743909e+01  5.916356e+01 
  749.000  6.628242e+02  7.038271e+01  3.699393e+02  8.594983e+01  1.717053e+01  5.887767e+01 
  750.000  6.601880e+02  7.014023e+01  3.739814e+02  8.560715e+01  1.713008e+01  5.952099e+01 
  751.000  6.722548e+02  7.137465e+01  3.840636e+02  8.717112e+01  1.744304e+01  6.112562e+01 
  752.000  6.688323e+02  7.094449e+01  3.856548e+02  8.672638e+01  1.735778e+01  6.137887e+01 
  753.000  6.637256e+02  7.034290e+01  3.852926e+02  8.606350e+01  1.722221e+01  6.132123e+01 
  754.000  6.715860e+02  7.108421e+01  3.927596e+02  8.708195e+01  1.741058e+01  6.250964e+01 
  755.000  6.699175e+02  7.080705e+01  3.948274e+02  8.686478e+01  1.734879e+01  6.283873e+01 
  756.000  6.625274e+02  6.997092e+01  3.929011e+02  8.590589e+01  1.715510e+01  6.253217e+01 
  757.000  6.600275e+02  6.965717e+01  3.947268e+02  8.558086e+01  1.709964e+01  6.282273e+01 
  758.000  6.545144e+02  6.899163e+01  3.945353e+02  8.486519e+01  1.694716e+01  6.279225e+01 
  759.000  6.265406e+02  6.498364e+01  3.797770e+02  8.123736e+01  1.573969e+01  6.044339e+01 
  760.000  1.892473e+02  1.548170e+01  1.129794e+02  2.453768e+01  2.826320e+00  1.798123e+01 
  761.000  1.358496e+02  1.052013e+01  8.129881e+01  1.761392e+01  1.762358e+00  1.293911e+01 
  762.000  3.381398e+02  2.923582e+01  2.045872e+02  4.384204e+01  5.807339e+00  3.256107e+01 
  763.000  2.741634e+02  2.170417e+01  1.652296e+02  3.554681e+01  3.796966e+00  2.629710e+01 
  764.000  3.058969e+02  2.471913e+01  1.852597e+02  3.966086e+01  4.485229e+00  2.948500e+01 
  765.000  4.074328e+02  3.549242e+01  2.488247e+02  5.282505e+01  7.180573e+00  3.960169e+01 
  766.000  5.017593e+02  4.741433e+01  3.094529e+02  6.505425e+01  1.059485e+01  4.925096e+01 
  767.000  5.464932e+02  5.237430e+01  3.386854e+02  7.085340e+01  1.193241e+01  5.390345e+01 
  768.000  6.199418e+02  6.225316e+01  3.869484e+02  8.037543e+01  1.491542e+01  6.158474e+01 
  769.000  6.349961e+02  6.407529e+01  3.981197e+02  8.232629e+01  1.546066e+01  6.336272e+01 
  770.000  6.347860e+02  6.456909e+01  3.988529e+02  8.229869e+01  1.573357e+01  6.347941e+01 
  771.000  6.352462e+02  6.504108e+01  4.002404e+02  8.235762e+01  1.599340e+01  6.370024e+01 
  772.000  6.298447e+02  6.445284e+01  3.976304e+02  8.165628e+01  1.590701e+01  6.328485e+01 
  773.000  6.338307e+02  6.466590e+01  4.007240e+02  8.217216e+01  1.596755e+01  6.377720e+01 
  774.000  6.419350e+02  6.535020e+01  4.062037e+02  8.322227e+01  1.613670e+01  6.464932e+01 
  775.000  6.208895e+02  6.311533e+01  3.931778e+02  8.049343e+01  1.558992e+01  6.257619e+01 
  776.000  6.326593e+02  6.413860e+01  4.011480e+02  8.201850e+01  1.584963e+01  6.384469e+01 
  777.000  6.370410e+02  6.437698e+01  4.045464e+02  8.258559e+01  1.591706e+01  6.438555e+01 
  778.000  6.329553e+02  6.380915e+01  4.024063e+02  8.205524e+01  1.578190e+01  6.404495e+01 
  779.000  6.384523e+02  6.418789e+01  4.063946e+02  8.276711e+01  1.587964e+01  6.467971e+01 
  780.000  6.306878e+02  6.325754e+01  4.017581e+02  8.175993e+01  1.565125e+01  6.394179e+01 
  781.000  6.290744e+02  6.293767e+01  4.008121e+02  8.155015e+01  1.557504e+01  6.379122e+01 
  782.000  6.347942e+02  6.327451e+01  4.044918e+02  8.229076e+01  1.565842e+01  6.437687e+01 
  783.000  6.291155e+02  6.253350e+01  4.009116e+02  8.155389e+01  1.547904e+01  6.380705e+01 
  784.000  6.223349e+02  6.160527e+01  3.965614e+02  8.067430e+01  1.522556e+01  6.311471e+01 
  785.000  6.304449e+02  6.214098e+01  4.016943e+02  8.172501e+01  1.533155e+01  6.393164e+01 
  786.000  6.225925e+02  6.084041e+01  3.965062e+02  8.070650e+01  1.491893e+01  6.310591e+01 
  787.000  6.219692e+02  6.012054e+01  3.959065e+02  8.062481e+01  1.463504e+01  6.301048e+01 
  788.000  6.184548e+02  5.925314e+01  3.934444e+02  8.016882e+01  1.432500e+01  6.261863e+01 
  789.000  6.146998e+02  5.848800e+01  3.910069e+02  7.968114e+01  1.410094e+01  6.223068e+01 
  790.000  6.044385e+02  5.667292e+01  3.841599e+02  7.835044e+01  1.349344e+01  6.114096e+01 
  791.000  6.036672e+02  5.665578e+01  3.841445e+02  7.824960e+01  1.355466e+01  6.113849e+01 
  792.000  6.042216e+02  5.698162e+01  3.850151e+02  7.832088e+01  1.373816e+01  6.127706e+01 
  793.000  5.971333e+02  5.645341e+01  3.808848e+02  7.740157e+01  1.367680e+01  6.061970e+01 
  794.000  5.926722e+02  5.639733e+01  3.787093e+02  7.682256e+01  1.379819e+01  6.027345e+01 
  795.000  5.950385e+02  5.651596e+01  3.806178e+02  7.712852e+01  1.384330e+01  6.057721e+01 
  796.000  5.884844e+02  5.402826e+01  3.757177e+02  7.627835e+01  1.282062e+01  5.979734e+01 
  797.000  5.976060e+02  5.500711e+01  3.820116e+02  7.746003e+01  1.312521e+01  6.079904e+01 
  798.000  6.058571e+02  5.628527e+01  3.879811e+02  7.852887e+01  1.359711e+01  6.174911e+01 
  799.000  6.068281e+02  5.649338e+01  3.888738e+02  7.865439e+01  1.369341e+01  6.189120e+01 
