  400.000  5.003357e+02  2.821712e+02  1.724820e+01  6.531835e+01  5.247694e+01  2.745137e+00 
  401.000  5.011073e+02  2.801031e+02  1.734679e+01  6.541738e+01  5.216672e+01  2.760828e+00 
  402.000  5.217957e+02  2.885272e+02  1.815511e+01  6.811597e+01  5.382996e+01  2.889476e+00 
  403.000  4.942799e+02  2.705278e+02  1.728053e+01  6.452206e+01  5.055519e+01  2.750282e+00 
  404.000  5.320669e+02  2.879529e+02  1.869853e+01  6.945235e+01  5.390658e+01  2.975963e+00 
  405.000  5.179448e+02  2.772903e+02  1.829391e+01  6.760677e+01  5.199920e+01  2.911566e+00 
  406.000  4.902269e+02  2.597888e+02  1.739844e+01  6.398681e+01  4.879808e+01  2.769048e+00 
  407.000  4.988638e+02  2.614925e+02  1.779645e+01  6.511198e+01  4.920536e+01  2.832392e+00 
  408.000  5.178470e+02  2.687151e+02  1.855973e+01  6.758763e+01  5.064342e+01  2.953873e+00 
  409.000  5.598904e+02  2.875034e+02  2.016461e+01  7.307267e+01  5.427389e+01  3.209297e+00 
  410.000  4.512501e+02  2.293739e+02  1.633783e+01  5.889193e+01  4.337130e+01  2.600246e+00 
  411.000  5.526796e+02  2.777594e+02  2.019801e+01  7.212680e+01  5.261732e+01  3.214613e+00 
  412.000  5.686744e+02  2.831335e+02  2.095481e+01  7.421201e+01  5.371866e+01  3.335061e+00 
  413.000  5.389598e+02  2.656508e+02  2.003204e+01  7.033207e+01  5.048133e+01  3.188198e+00 
  414.000  5.691421e+02  2.777180e+02  2.133868e+01  7.426838e+01  5.286084e+01  3.396156e+00 
  415.000  5.590304e+02  2.700470e+02  2.114361e+01  7.294656e+01  5.148671e+01  3.365110e+00 
  416.000  5.874589e+02  2.809763e+02  2.240978e+01  7.665369e+01  5.365871e+01  3.566627e+00 
  417.000  5.510565e+02  2.610728e+02  2.119105e+01  7.190162e+01  4.993364e+01  3.372660e+00 
  418.000  5.541677e+02  2.599076e+02  2.149280e+01  7.230525e+01  4.979170e+01  3.420686e+00 
  419.000  5.683679e+02  2.638159e+02  2.223679e+01  7.415556e+01  5.062553e+01  3.539095e+00 
  420.000  5.094519e+02  2.343053e+02  2.007514e+01  6.646677e+01  4.502886e+01  3.195058e+00 
  421.000  5.991705e+02  2.728914e+02  2.372417e+01  7.816967e+01  5.252640e+01  3.775819e+00 
  422.000  5.977941e+02  2.696533e+02  2.377179e+01  7.798768e+01  5.198269e+01  3.783397e+00 
  423.000  5.359744e+02  2.394706e+02  2.140521e+01  6.992059e+01  4.623499e+01  3.406745e+00 
  424.000  5.250146e+02  2.323260e+02  2.105784e+01  6.848869e+01  4.492340e+01  3.351459e+00 
  425.000  5.313486e+02  2.328758e+02  2.140526e+01  6.931277e+01  4.510010e+01  3.406753e+00 
  426.000  5.772036e+02  2.507923e+02  2.334519e+01  7.529227e+01  4.863967e+01  3.715503e+00 
  427.000  5.392320e+02  2.320363e+02  2.190446e+01  7.033691e+01  4.507026e+01  3.486203e+00 
  428.000  5.412327e+02  2.306957e+02  2.207943e+01  7.059568e+01  4.487567e+01  3.514050e+00 
  429.000  4.873985e+02  2.059157e+02  1.996494e+01  6.357193e+01  4.011413e+01  3.177520e+00 
  430.000  4.174695e+02  1.748157e+02  1.716405e+01  5.444942e+01  3.410398e+01  2.731743e+00 
  431.000  3.500334e+02  1.451677e+02  1.440942e+01  4.565246e+01  2.836104e+01  2.293330e+00 
  432.000  6.260077e+02  2.572173e+02  2.579042e+01  8.164335e+01  5.032762e+01  4.104673e+00 
  433.000  5.974792e+02  2.431709e+02  2.463476e+01  7.792023e+01  4.764970e+01  3.920744e+00 
  434.000  5.615583e+02  2.264996e+02  2.317129e+01  7.323341e+01  4.444342e+01  3.687826e+00 
  435.000  6.182137e+02  2.471704e+02  2.552823e+01  8.061955e+01  4.856290e+01  4.062944e+00 
  436.000  6.836920e+02  2.708108e+02  2.825699e+01  8.915556e+01  5.328711e+01  4.497239e+00 
  437.000  6.772002e+02  2.659215e+02  2.801255e+01  8.830640e+01  5.239859e+01  4.458336e+00 
  438.000  6.179711e+02  2.405954e+02  2.558399e+01  8.058062e+01  4.747186e+01  4.071818e+00 
  439.000  5.570478e+02  2.148052e+02  2.308192e+01  7.263419e+01  4.243947e+01  3.673601e+00 
  440.000  6.027742e+02  2.305037e+02  2.499841e+01  7.859425e+01  4.560093e+01  3.978621e+00 
  441.000  6.435897e+02  2.439721e+02  2.671497e+01  8.391358e+01  4.832125e+01  4.251819e+00 
  442.000  6.814868e+02  2.560420e+02  2.831355e+01  8.885207e+01  5.076897e+01  4.506242e+00 
  443.000  6.668381e+02  2.482967e+02  2.772433e+01  8.693970e+01  4.924203e+01  4.412464e+00 
  444.000  6.764423e+02  2.496362e+02  2.815514e+01  8.818903e+01  4.960980e+01  4.481030e+00 
  445.000  6.729953e+02  2.460981e+02  2.803723e+01  8.773696e+01  4.895254e+01  4.462264e+00 
  446.000  6.271053e+02  2.273961e+02  2.615033e+01  8.175200e+01  4.528278e+01  4.161953e+00 
  447.000  7.062119e+02  2.541797e+02  2.947802e+01  9.206218e+01  5.069469e+01  4.691572e+00 
  448.000  7.438506e+02  2.653123e+02  3.108336e+01  9.696570e+01  5.299759e+01  4.947070e+00 
  449.000  7.222592e+02  2.555283e+02  3.021514e+01  9.414832e+01  5.112403e+01  4.808889e+00 
  450.000  7.501245e+02  2.632860e+02  3.141493e+01  9.777781e+01  5.275422e+01  4.999841e+00 
  451.000  7.997410e+02  2.784797e+02  3.352827e+01  1.042423e+02  5.587463e+01  5.336191e+00 
  452.000  7.523979e+02  2.598412e+02  3.157805e+01  9.806847e+01  5.220486e+01  5.025802e+00 
  453.000  6.741876e+02  2.308451e+02  2.832765e+01  8.787175e+01  4.643911e+01  4.508485e+00 
  454.000  7.194351e+02  2.442462e+02  3.026406e+01  9.376632e+01  4.920001e+01  4.816675e+00 
  455.000  7.506925e+02  2.528061e+02  3.161353e+01  9.783736e+01  5.098579e+01  5.031449e+00 
  456.000  7.594172e+02  2.537268e+02  3.201600e+01  9.897163e+01  5.123209e+01  5.095504e+00 
  457.000  7.894228e+02  2.615835e+02  3.331918e+01  1.028791e+02  5.288183e+01  5.302913e+00 
  458.000  7.508161e+02  2.467440e+02  3.172568e+01  9.784492e+01  4.993836e+01  5.049299e+00 
  459.000  7.700399e+02  2.510854e+02  3.257516e+01  1.003473e+02  5.087654e+01  5.184498e+00 
  460.000  7.629100e+02  2.468299e+02  3.230062e+01  9.941537e+01  5.006891e+01  5.140804e+00 
  461.000  7.699996e+02  2.472068e+02  3.255061e+01  1.003364e+02  5.020111e+01  5.180590e+00 
  462.000  7.580948e+02  2.412493e+02  3.197901e+01  9.878196e+01  4.905493e+01  5.089618e+00 
  463.000  7.671021e+02  2.422834e+02  3.230034e+01  9.995295e+01  4.931378e+01  5.140759e+00 
  464.000  7.653604e+02  2.397907e+02  3.216484e+01  9.972306e+01  4.886454e+01  5.119193e+00 
  465.000  7.427703e+02  2.310462e+02  3.116213e+01  9.677711e+01  4.713299e+01  4.959607e+00 
  466.000  7.772795e+02  2.397098e+02  3.254366e+01  1.012702e+02  4.895899e+01  5.179484e+00 
  467.000  7.439741e+02  2.276330e+02  3.109143e+01  9.692812e+01  4.654059e+01  4.948354e+00 
  468.000  7.784097e+02  2.364355e+02  3.247505e+01  1.014118e+02  4.838861e+01  5.168565e+00 
  469.000  7.832930e+02  2.359693e+02  3.261639e+01  1.020450e+02  4.832854e+01  5.191061e+00 
  470.000  7.625872e+02  2.279415e+02  3.169692e+01  9.934477e+01  4.670850e+01  5.044721e+00 
  471.000  7.642284e+02  2.266208e+02  3.170718e+01  9.955562e+01  4.650191e+01  5.046354e+00 
  472.000  7.913254e+02  2.327955e+02  3.277187e+01  1.030827e+02  4.777673e+01  5.215805e+00 
  473.000  7.696390e+02  2.244105e+02  3.180959e+01  1.002549e+02  4.603484e+01  5.062653e+00 
  474.000  7.675077e+02  2.218054e+02  3.165802e+01  9.997447e+01  4.545880e+01  5.038531e+00 
  475.000  8.002083e+02  2.290306e+02  3.293565e+01  1.042310e+02  4.687057e+01  5.241871e+00 
  476.000  7.976923e+02  2.261652e+02  3.276344e+01  1.039002e+02  4.623754e+01  5.214464e+00 
  477.000  7.904213e+02  2.223323e+02  3.240812e+01  1.029504e+02  4.544853e+01  5.157912e+00 
  478.000  8.239590e+02  2.300996e+02  3.372987e+01  1.073156e+02  4.709224e+01  5.368277e+00 
  479.000  7.789147e+02  2.161826e+02  3.184311e+01  1.014461e+02  4.435246e+01  5.067989e+00 
  480.000  8.097562e+02  2.234494e+02  3.307465e+01  1.054599e+02  4.599221e+01  5.263994e+00 
  481.000  7.980563e+02  2.189594e+02  3.264469e+01  1.039332e+02  4.522312e+01  5.195564e+00 
  482.000  8.266579e+02  2.254034e+02  3.387989e+01  1.076549e+02  4.669140e+01  5.392152e+00 
  483.000  8.131699e+02  2.202651e+02  3.338718e+01  1.058953e+02  4.572878e+01  5.313735e+00 
  484.000  7.898163e+02  2.125646e+02  3.247890e+01  1.028514e+02  4.419506e+01  5.169178e+00 
  485.000  7.747249e+02  2.069417e+02  3.190812e+01  1.008833e+02  4.305561e+01  5.078335e+00 
  486.000  6.847543e+02  1.817642e+02  2.824315e+01  8.916528e+01  3.785883e+01  4.495036e+00 
  487.000  7.003268e+02  1.845177e+02  2.893611e+01  9.119035e+01  3.848726e+01  4.605325e+00 
  488.000  7.683149e+02  2.010657e+02  3.179206e+01  1.000406e+02  4.197368e+01  5.059864e+00 
  489.000  7.337604e+02  1.906114e+02  3.041206e+01  9.553855e+01  3.983098e+01  4.840230e+00 
  490.000  8.372733e+02  2.159352e+02  3.477706e+01  1.090133e+02  4.516850e+01  5.534941e+00 
  491.000  7.796492e+02  1.997665e+02  3.251204e+01  1.015080e+02  4.182303e+01  5.174451e+00 
  492.000  7.321298e+02  1.862584e+02  3.067578e+01  9.531839e+01  3.903491e+01  4.882201e+00 
  493.000  8.076470e+02  2.039859e+02  3.400190e+01  1.051472e+02  4.279084e+01  5.411570e+00 
  494.000  7.775812e+02  1.950210e+02  3.288657e+01  1.012302e+02  4.094652e+01  5.234060e+00 
  495.000  8.600687e+02  2.142322e+02  3.653961e+01  1.119659e+02  4.501978e+01  5.815459e+00 
  496.000  8.157601e+02  2.019025e+02  3.480115e+01  1.061950e+02  4.246170e+01  5.538775e+00 
  497.000  8.124990e+02  1.997065e+02  3.481857e+01  1.057676e+02  4.203520e+01  5.541547e+00 
  498.000  7.715815e+02  1.884695e+02  3.320052e+01  1.004386e+02  3.970279e+01  5.284028e+00 
  499.000  7.985823e+02  1.935449e+02  3.453662e+01  1.039502e+02  4.080925e+01  5.496674e+00 
  500.000  7.864329e+02  1.893232e+02  3.420211e+01  1.023660e+02  3.994580e+01  5.443435e+00 
  501.000  7.778761e+02  1.860717e+02  3.420852e+01  1.012496e+02  3.928309e+01  5.444456e+00 
  502.000  7.513164e+02  1.783149e+02  3.346496e+01  9.778989e+01  3.760718e+01  5.326114e+00 
  503.000  7.974614e+02  1.876729e+02  3.596606e+01  1.037932e+02  3.949983e+01  5.724175e+00 
  504.000  7.829371e+02  1.824319e+02  3.571694e+01  1.019001e+02  3.819845e+01  5.684527e+00 
  505.000  8.009014e+02  1.860621e+02  3.700407e+01  1.042354e+02  3.921864e+01  5.889380e+00 
  506.000  8.496920e+02  1.960610e+02  3.974557e+01  1.105824e+02  4.134963e+01  6.325705e+00 
  507.000  8.054390e+02  1.844394e+02  3.813438e+01  1.048202e+02  3.886243e+01  6.069274e+00 
  508.000  7.638260e+02  1.741118e+02  3.659049e+01  9.940211e+01  3.681894e+01  5.823557e+00 
  509.000  8.277609e+02  1.875385e+02  4.015747e+01  1.077193e+02  3.974216e+01  6.391259e+00 
  510.000  8.181463e+02  1.844714e+02  4.022070e+01  1.064656e+02  3.917442e+01  6.401322e+00 
  511.000  8.180817e+02  1.835030e+02  4.161533e+01  1.064543e+02  3.904847e+01  6.623286e+00 
  512.000  8.420581e+02  1.879519e+02  4.422895e+01  1.095716e+02  4.004704e+01  7.039256e+00 
  513.000  7.878439e+02  1.748878e+02  4.283763e+01  1.025143e+02  3.731701e+01  6.817821e+00 
  514.000  7.809357e+02  1.724344e+02  4.381106e+01  1.016128e+02  3.683106e+01  6.972746e+00 
  515.000  7.725809e+02  1.696476e+02  4.472961e+01  1.005230e+02  3.627334e+01  7.118939e+00 
  516.000  8.290635e+02  1.810394e+02  4.947340e+01  1.078693e+02  3.874430e+01  7.873935e+00 
  517.000  6.757979e+02  1.466564e+02  4.167226e+01  8.792535e+01  3.141801e+01  6.632346e+00 
  518.000  7.453717e+02  1.609692e+02  4.711610e+01  9.697510e+01  3.451030e+01  7.498759e+00 
  519.000  7.096680e+02  1.523493e+02  4.620631e+01  9.232735e+01  3.269265e+01  7.353963e+00 
  520.000  7.885409e+02  1.684371e+02  5.264816e+01  1.025862e+02  3.617363e+01  8.379215e+00 
  521.000  8.023082e+02  1.703661e+02  5.541600e+01  1.043743e+02  3.662332e+01  8.819731e+00 
  522.000  8.236522e+02  1.740876e+02  5.841687e+01  1.071485e+02  3.745060e+01  9.297334e+00 
  523.000  7.791888e+02  1.637925e+02  5.695527e+01  1.013616e+02  3.526472e+01  9.064713e+00 
  524.000  8.410436e+02  1.758459e+02  6.316470e+01  1.094054e+02  3.786858e+01  1.005297e+01 
  525.000  8.350939e+02  1.736732e+02  6.437804e+01  1.086288e+02  3.741063e+01  1.024608e+01 
  526.000  7.904071e+02  1.635571e+02  6.263221e+01  1.028132e+02  3.528211e+01  9.968225e+00 
  527.000  7.249717e+02  1.490366e+02  5.921882e+01  9.429883e+01  3.215901e+01  9.424968e+00 
  528.000  8.302847e+02  1.698695e+02  6.937077e+01  1.079947e+02  3.667478e+01  1.104070e+01 
  529.000  8.346253e+02  1.697796e+02  7.158240e+01  1.085563e+02  3.667546e+01  1.139269e+01 
  530.000  8.266998e+02  1.673407e+02  7.243878e+01  1.075229e+02  3.617928e+01  1.152899e+01 
  531.000  8.754780e+02  1.762257e+02  7.790048e+01  1.138642e+02  3.812406e+01  1.239825e+01 
  532.000  8.303630e+02  1.662251e+02  7.490034e+01  1.079939e+02  3.598798e+01  1.192076e+01 
  533.000  7.244240e+02  1.442186e+02  6.624310e+01  9.421346e+01  3.124977e+01  1.054292e+01 
  534.000  7.753602e+02  1.535273e+02  7.184908e+01  1.008353e+02  3.329573e+01  1.143514e+01 
  535.000  8.123181e+02  1.600611e+02  7.618973e+01  1.056393e+02  3.474461e+01  1.212597e+01 
  536.000  8.596256e+02  1.683552e+02  8.183934e+01  1.117882e+02  3.658763e+01  1.302514e+01 
  537.000  8.179861e+02  1.593565e+02  7.887907e+01  1.063706e+02  3.466726e+01  1.255399e+01 
  538.000  8.506000e+02  1.648092e+02  8.309179e+01  1.106089e+02  3.588800e+01  1.322447e+01 
  539.000  8.353718e+02  1.608250e+02  8.273142e+01  1.086257e+02  3.502882e+01  1.316711e+01 
  540.000  7.776652e+02  1.490372e+02  7.775696e+01  1.011198e+02  3.248079e+01  1.237540e+01 
  541.000  7.681367e+02  1.459796e+02  7.721503e+01  9.987839e+01  3.169966e+01  1.228916e+01 
  542.000  8.203295e+02  1.551501e+02  8.286426e+01  1.066623e+02  3.375291e+01  1.318826e+01 
  543.000  8.294578e+02  1.560505e+02  8.429324e+01  1.078461e+02  3.405694e+01  1.341569e+01 
  544.000  8.443026e+02  1.578900e+02  8.618769e+01  1.097736e+02  3.444670e+01  1.371720e+01 
  545.000  8.463861e+02  1.574646e+02  8.680718e+01  1.100419e+02  3.439481e+01  1.381579e+01 
  546.000  8.039340e+02  1.485674e+02  8.283974e+01  1.045200e+02  3.242265e+01  1.318435e+01 
  547.000  8.353014e+02  1.535005e+02  8.653419e+01  1.085952e+02  3.355758e+01  1.377234e+01 
  548.000  8.062124e+02  1.473859e+02  8.398267e+01  1.048105e+02  3.230202e+01  1.336626e+01 
  549.000  8.219007e+02  1.495951e+02  8.593192e+01  1.068480e+02  3.280281e+01  1.367649e+01 
  550.000  8.274301e+02  1.496336e+02  8.691638e+01  1.075639e+02  3.284193e+01  1.383317e+01 
  551.000  8.235284e+02  1.483653e+02  8.649855e+01  1.070550e+02  3.260613e+01  1.376667e+01 
  552.000  8.488610e+02  1.519901e+02  8.907575e+01  1.103458e+02  3.341961e+01  1.417685e+01 
  553.000  8.118821e+02  1.445920e+02  8.512620e+01  1.055368e+02  3.181220e+01  1.354825e+01 
  554.000  8.364829e+02  1.481435e+02  8.763175e+01  1.087326e+02  3.260913e+01  1.394703e+01 
  555.000  8.429627e+02  1.484498e+02  8.823572e+01  1.095727e+02  3.269184e+01  1.404315e+01 
  556.000  8.296730e+02  1.453834e+02  8.678002e+01  1.078434e+02  3.202745e+01  1.381147e+01 
  557.000  8.117844e+02  1.414536e+02  8.483819e+01  1.055162e+02  3.117275e+01  1.350242e+01 
  558.000  8.247262e+02  1.429283e+02  8.612125e+01  1.071963e+02  3.150790e+01  1.370662e+01 
  559.000  8.000457e+02  1.379976e+02  8.348585e+01  1.039867e+02  3.043008e+01  1.328719e+01 
  560.000  8.114152e+02  1.391290e+02  8.447701e+01  1.054624e+02  3.068871e+01  1.344493e+01 
  561.000  8.375976e+02  1.427740e+02  8.627300e+01  1.088634e+02  3.149758e+01  1.373077e+01 
  562.000  7.868157e+02  1.332543e+02  7.998318e+01  1.022612e+02  2.940176e+01  1.272972e+01 
  563.000  8.388693e+02  1.412510e+02  8.427439e+01  1.090247e+02  3.116721e+01  1.341269e+01 
  564.000  8.217197e+02  1.375054e+02  8.150620e+01  1.067938e+02  3.033907e+01  1.297211e+01 
  565.000  8.320285e+02  1.384331e+02  8.156545e+01  1.081318e+02  3.053782e+01  1.298155e+01 
  566.000  7.741957e+02  1.279211e+02  7.483855e+01  1.006137e+02  2.820481e+01  1.191092e+01 
  567.000  8.094657e+02  1.328838e+02  7.728893e+01  1.051955e+02  2.926332e+01  1.230092e+01 
  568.000  8.259865e+02  1.346381e+02  7.798363e+01  1.073409e+02  2.955668e+01  1.241148e+01 
  569.000  8.054082e+02  1.297241e+02  7.492440e+01  1.046646e+02  2.822640e+01  1.192459e+01 
  570.000  8.091582e+02  1.296316e+02  7.416883e+01  1.051498e+02  2.827349e+01  1.180434e+01 
  571.000  7.886810e+02  1.255408e+02  7.122294e+01  1.024868e+02  2.738813e+01  1.133548e+01 
  572.000  8.123431e+02  1.282330e+02  7.247607e+01  1.055600e+02  2.782888e+01  1.153492e+01 
  573.000  8.300559e+02  1.302974e+02  7.309716e+01  1.078599e+02  2.827777e+01  1.163377e+01 
  574.000  8.178814e+02  1.273351e+02  7.100994e+01  1.062760e+02  2.753059e+01  1.130158e+01 
  575.000  8.042672e+02  1.243601e+02  6.873070e+01  1.045049e+02  2.687576e+01  1.093883e+01 
  576.000  8.141508e+02  1.250319e+02  6.850773e+01  1.057871e+02  2.699492e+01  1.090334e+01 
  577.000  8.152052e+02  1.245371e+02  6.771281e+01  1.059224e+02  2.688225e+01  1.077683e+01 
  578.000  8.055563e+02  1.224240e+02  6.579526e+01  1.046666e+02  2.648701e+01  1.047164e+01 
  579.000  7.870934e+02  1.190718e+02  6.328059e+01  1.022657e+02  2.582420e+01  1.007142e+01 
  580.000  8.111639e+02  1.223330e+02  6.446251e+01  1.053917e+02  2.659267e+01  1.025953e+01 
  581.000  8.134419e+02  1.222365e+02  6.404224e+01  1.056859e+02  2.663859e+01  1.019264e+01 
  582.000  8.341454e+02  1.248818e+02  6.508523e+01  1.083739e+02  2.727796e+01  1.035864e+01 
  583.000  8.345781e+02  1.245516e+02  6.454708e+01  1.084283e+02  2.728864e+01  1.027299e+01 
  584.000  8.325359e+02  1.236142e+02  6.359258e+01  1.081605e+02  2.716580e+01  1.012107e+01 
  585.000  8.271356e+02  1.223997e+02  6.271459e+01  1.074574e+02  2.693022e+01  9.981338e+00 
  586.000  8.012637e+02  1.180989e+02  6.018520e+01  1.040945e+02  2.603401e+01  9.578773e+00 
  587.000  8.206143e+02  1.201193e+02  6.100538e+01  1.066065e+02  2.641482e+01  9.709308e+00 
  588.000  8.129590e+02  1.174166e+02  5.976806e+01  1.056101e+02  2.547806e+01  9.512383e+00 
  589.000  7.449709e+02  1.057410e+02  5.414921e+01  9.677626e+01  2.247272e+01  8.618114e+00 
  590.000  7.546449e+02  1.062396e+02  5.426633e+01  9.803110e+01  2.248536e+01  8.636755e+00 
  591.000  7.985803e+02  1.126946e+02  5.723503e+01  1.037368e+02  2.415187e+01  9.109237e+00 
  592.000  7.770385e+02  1.085951e+02  5.545931e+01  1.009368e+02  2.307783e+01  8.826624e+00 
  593.000  7.901807e+02  1.112103e+02  5.625438e+01  1.026421e+02  2.414413e+01  8.953162e+00 
  594.000  7.976534e+02  1.111358e+02  5.653025e+01  1.036110e+02  2.392637e+01  8.997069e+00 
  595.000  7.880753e+02  1.087854e+02  5.557707e+01  1.023647e+02  2.328033e+01  8.845366e+00 
  596.000  8.059334e+02  1.119539e+02  5.670127e+01  1.046826e+02  2.442329e+01  9.024287e+00 
  597.000  8.162633e+02  1.129557e+02  5.724361e+01  1.060228e+02  2.466077e+01  9.110602e+00 
  598.000  8.049323e+02  1.110403e+02  5.625120e+01  1.045493e+02  2.431476e+01  8.952657e+00 
  599.000  7.989839e+02  1.099353e+02  5.564067e+01  1.037750e+02  2.416914e+01  8.855489e+00 
  600.000  8.086156e+02  1.110591e+02  5.610219e+01  1.050243e+02  2.454539e+01  8.928942e+00 
  601.000  7.891590e+02  1.081553e+02  5.444266e+01  1.024956e+02  2.400778e+01  8.664819e+00 
  602.000  7.904038e+02  1.077447e+02  5.405336e+01  1.026552e+02  2.395028e+01  8.602859e+00 
  603.000  7.931627e+02  1.077248e+02  5.389595e+01  1.030119e+02  2.398121e+01  8.577806e+00 
  604.000  8.226485e+02  1.112514e+02  5.547147e+01  1.068395e+02  2.481374e+01  8.828559e+00 
  605.000  8.246561e+02  1.109636e+02  5.517393e+01  1.070983e+02  2.476496e+01  8.781203e+00 
  606.000  8.194583e+02  1.096968e+02  5.439237e+01  1.064213e+02  2.449263e+01  8.656816e+00 
  607.000  8.098742e+02  1.079592e+02  5.339828e+01  1.051751e+02  2.411786e+01  8.498599e+00 
  608.000  8.188727e+02  1.086123e+02  5.357420e+01  1.063418e+02  2.427110e+01  8.526599e+00 
  609.000  8.130344e+02  1.073514e+02  5.281504e+01  1.055820e+02  2.399793e+01  8.405776e+00 
  610.000  8.008736e+02  1.052578e+02  5.163628e+01  1.040011e+02  2.353643e+01  8.218169e+00 
  611.000  8.014722e+02  1.048958e+02  5.127090e+01  1.040773e+02  2.346125e+01  8.160018e+00 
  612.000  8.137878e+02  1.059067e+02  5.149140e+01  1.056746e+02  2.369395e+01  8.195110e+00 
  613.000  7.976120e+02  1.032906e+02  4.998386e+01  1.035723e+02  2.311372e+01  7.955178e+00 
  614.000  7.899300e+02  1.017832e+02  4.901703e+01  1.025731e+02  2.278028e+01  7.801303e+00 
  615.000  7.962932e+02  1.021399e+02  4.897474e+01  1.033978e+02  2.286197e+01  7.794572e+00 
  616.000  7.698786e+02  9.823314e+01  4.686320e+01  9.996611e+01  2.198765e+01  7.458510e+00 
  617.000  7.557119e+02  9.601288e+01  4.561672e+01  9.812524e+01  2.148853e+01  7.260127e+00 
  618.000  8.065554e+02  1.018347e+02  4.809870e+01  1.047249e+02  2.278423e+01  7.655145e+00 
  619.000  8.144452e+02  1.023282e+02  4.811348e+01  1.057477e+02  2.288500e+01  7.657497e+00 
  620.000  8.059882e+02  1.007221e+02  4.718282e+01  1.046479e+02  2.251133e+01  7.509377e+00 
  621.000  8.224203e+02  1.022758e+02  4.799331e+01  1.067799e+02  2.284175e+01  7.638371e+00 
  622.000  8.035095e+02  9.945200e+01  4.678445e+01  1.043230e+02  2.219238e+01  7.445976e+00 
  623.000  7.979236e+02  9.811237e+01  4.631620e+01  1.035957e+02  2.186342e+01  7.371452e+00 
  624.000  7.763515e+02  9.506715e+01  4.497824e+01  1.007938e+02  2.116417e+01  7.158509e+00 
  625.000  7.773317e+02  9.453743e+01  4.489166e+01  1.009190e+02  2.101353e+01  7.144730e+00 
  626.000  7.653777e+02  9.247368e+01  4.407325e+01  9.936523e+01  2.050950e+01  7.014475e+00 
  627.000  7.903562e+02  9.484065e+01  4.539372e+01  1.026065e+02  2.095033e+01  7.224635e+00 
  628.000  7.689634e+02  9.073067e+01  4.401920e+01  9.982799e+01  1.961106e+01  7.005873e+00 
  629.000  7.926741e+02  9.359445e+01  4.528019e+01  1.029043e+02  2.042319e+01  7.206567e+00 
  630.000  7.800027e+02  9.190070e+01  4.447087e+01  1.012581e+02  2.009898e+01  7.077758e+00 
  631.000  7.820015e+02  9.208108e+01  4.433740e+01  1.015158e+02  2.029180e+01  7.056517e+00 
  632.000  7.618218e+02  8.925890e+01  4.286045e+01  9.889428e+01  1.968697e+01  6.821453e+00 
  633.000  7.910323e+02  9.253993e+01  4.429649e+01  1.026850e+02  2.048126e+01  7.050006e+00 
  634.000  7.749950e+02  9.031860e+01  4.308823e+01  1.006013e+02  2.003817e+01  6.857705e+00 
  635.000  7.926003e+02  9.210167e+01  4.380921e+01  1.028852e+02  2.048236e+01  6.972453e+00 
  636.000  7.769239e+02  8.990376e+01  4.266062e+01  1.008486e+02  2.000975e+01  6.789649e+00 
  637.000  7.935574e+02  9.149223e+01  4.327060e+01  1.030060e+02  2.040916e+01  6.886730e+00 
  638.000  8.082958e+02  9.287701e+01  4.374477e+01  1.049172e+02  2.078878e+01  6.962197e+00 
  639.000  7.945717e+02  9.101301e+01  4.276483e+01  1.031344e+02  2.039699e+01  6.806233e+00 
  640.000  7.737803e+02  8.837375e+01  4.138778e+01  1.004344e+02  1.983783e+01  6.587070e+00 
  641.000  7.815585e+02  8.877472e+01  4.124550e+01  1.014422e+02  1.992591e+01  6.564425e+00 
  642.000  7.945311e+02  9.001722e+01  4.147316e+01  1.031246e+02  2.025629e+01  6.600658e+00 
  643.000  7.969501e+02  8.981026e+01  4.100045e+01  1.034369e+02  2.020407e+01  6.525424e+00 
  644.000  7.832584e+02  8.791485e+01  3.979243e+01  1.016584e+02  1.979304e+01  6.333162e+00 
  645.000  7.811478e+02  8.708868e+01  3.906483e+01  1.013826e+02  1.956189e+01  6.217361e+00 
  646.000  7.801100e+02  8.610962e+01  3.845338e+01  1.012464e+02  1.916461e+01  6.120046e+00 
  647.000  7.667631e+02  8.370663e+01  3.727938e+01  9.951273e+01  1.841033e+01  5.933197e+00 
  648.000  7.591124e+02  8.175228e+01  3.634762e+01  9.851826e+01  1.769497e+01  5.784904e+00 
  649.000  7.575258e+02  8.150686e+01  3.568276e+01  9.831062e+01  1.779298e+01  5.679088e+00 
  650.000  7.540548e+02  8.135817e+01  3.508533e+01  9.785860e+01  1.800609e+01  5.584003e+00 
  651.000  7.810038e+02  8.418583e+01  3.604679e+01  1.013545e+02  1.874732e+01  5.737024e+00 
  652.000  7.676930e+02  8.183146e+01  3.518684e+01  9.962582e+01  1.797820e+01  5.600159e+00 
  653.000  7.849028e+02  8.413072e+01  3.575447e+01  1.018578e+02  1.880937e+01  5.690500e+00 
  654.000  7.781072e+02  8.283102e+01  3.509739e+01  1.009740e+02  1.848040e+01  5.585922e+00 
  655.000  7.613548e+02  8.026775e+01  3.403247e+01  9.879841e+01  1.776200e+01  5.416435e+00 
  656.000  6.673935e+02  7.034363e+01  2.965964e+01  8.660435e+01  1.565730e+01  4.720479e+00 
  657.000  6.910840e+02  7.242042e+01  3.045313e+01  8.967712e+01  1.609101e+01  4.846766e+00 
  658.000  7.609381e+02  7.978329e+01  3.326770e+01  9.874005e+01  1.789512e+01  5.294718e+00 
  659.000  7.669570e+02  8.023578e+01  3.327927e+01  9.951963e+01  1.806406e+01  5.296560e+00 
  660.000  7.654208e+02  7.983601e+01  3.290743e+01  9.931867e+01  1.803729e+01  5.237380e+00 
  661.000  7.856758e+02  8.161666e+01  3.339735e+01  1.019453e+02  1.846757e+01  5.315353e+00 
  662.000  7.871304e+02  8.155339e+01  3.319773e+01  1.021329e+02  1.847654e+01  5.283582e+00 
  663.000  7.829699e+02  8.070667e+01  3.264955e+01  1.015915e+02  1.827129e+01  5.196337e+00 
  664.000  7.763042e+02  7.967404e+01  3.198738e+01  1.007250e+02  1.805744e+01  5.090949e+00 
  665.000  7.740637e+02  7.915263e+01  3.161016e+01  1.004331e+02  1.793832e+01  5.030914e+00 
  666.000  7.736500e+02  7.875269e+01  3.119858e+01  1.003778e+02  1.786551e+01  4.965408e+00 
  667.000  7.656157e+02  7.755767e+01  3.047863e+01  9.933370e+01  1.760378e+01  4.850824e+00 
  668.000  7.833757e+02  7.904482e+01  3.085196e+01  1.016366e+02  1.795113e+01  4.910242e+00 
  669.000  7.812526e+02  7.849651e+01  3.042557e+01  1.013597e+02  1.783032e+01  4.842380e+00 
  670.000  7.754439e+02  7.759364e+01  2.991177e+01  1.006046e+02  1.763303e+01  4.760606e+00 
  671.000  7.722637e+02  7.690223e+01  2.972081e+01  1.001903e+02  1.748171e+01  4.730213e+00 
  672.000  7.609988e+02  7.552262e+01  2.927825e+01  9.872771e+01  1.717179e+01  4.659779e+00 
  673.000  7.658275e+02  7.567608e+01  2.945263e+01  9.935267e+01  1.721133e+01  4.687531e+00 
  674.000  7.711476e+02  7.589144e+01  2.964637e+01  1.000414e+02  1.726480e+01  4.718365e+00 
  675.000  7.678914e+02  7.524678e+01  2.950984e+01  9.961750e+01  1.712286e+01  4.696636e+00 
  676.000  7.674567e+02  7.490421e+01  2.948263e+01  9.955973e+01  1.704835e+01  4.692307e+00 
  677.000  7.654140e+02  7.439617e+01  2.939335e+01  9.929330e+01  1.693793e+01  4.678097e+00 
  678.000  7.626566e+02  7.382647e+01  2.927691e+01  9.893420e+01  1.681255e+01  4.659564e+00 
  679.000  7.622388e+02  7.345596e+01  2.924932e+01  9.887846e+01  1.673247e+01  4.655173e+00 
  680.000  7.599866e+02  7.291698e+01  2.928238e+01  9.858480e+01  1.661144e+01  4.660435e+00 
  681.000  7.554738e+02  7.221870e+01  2.966522e+01  9.799812e+01  1.644963e+01  4.721367e+00 
  682.000  7.568819e+02  7.209803e+01  3.038930e+01  9.817935e+01  1.643328e+01  4.836608e+00 
  683.000  7.539606e+02  7.151440e+01  3.092357e+01  9.779902e+01  1.628835e+01  4.921639e+00 
  684.000  7.551990e+02  7.138193e+01  3.158882e+01  9.795835e+01  1.626107e+01  5.027515e+00 
  685.000  7.530915e+02  7.099559e+01  3.203982e+01  9.768383e+01  1.618846e+01  5.099295e+00 
  686.000  7.333892e+02  6.871107e+01  3.206912e+01  9.512639e+01  1.564297e+01  5.103959e+00 
  687.000  5.460908e+02  4.832177e+01  2.413865e+01  7.083153e+01  9.970976e+00  3.841785e+00 
  688.000  6.198226e+02  5.462318e+01  2.790606e+01  8.039394e+01  1.128659e+01  4.441388e+00 
  689.000  6.633102e+02  5.944194e+01  3.034325e+01  8.603355e+01  1.274487e+01  4.829278e+00 
  690.000  6.711916e+02  5.959685e+01  3.152524e+01  8.705458e+01  1.264496e+01  5.017397e+00 
  691.000  6.923120e+02  6.225690e+01  3.573549e+01  8.979237e+01  1.358700e+01  5.687480e+00 
  692.000  7.036343e+02  6.345678e+01  3.908141e+01  9.125981e+01  1.394929e+01  6.220000e+00 
  693.000  6.924230e+02  6.180125e+01  4.201802e+01  8.980440e+01  1.337112e+01  6.687376e+00 
  694.000  6.807805e+02  6.012039e+01  4.514645e+01  8.829298e+01  1.280752e+01  7.185281e+00 
  695.000  6.904273e+02  6.155227e+01  4.932053e+01  8.954311e+01  1.338382e+01  7.849606e+00 
  696.000  6.962853e+02  6.228257e+01  5.298623e+01  9.030205e+01  1.365577e+01  8.433020e+00 
  697.000  7.232100e+02  6.559130e+01  5.816802e+01  9.379319e+01  1.475716e+01  9.257729e+00 
  698.000  7.180941e+02  6.519745e+01  6.139538e+01  9.312881e+01  1.472551e+01  9.771378e+00 
  699.000  6.982651e+02  6.222799e+01  6.214129e+01  9.055658e+01  1.363504e+01  9.890094e+00 
  700.000  6.949319e+02  6.199208e+01  6.616280e+01  9.012331e+01  1.363708e+01  1.053014e+01 
  701.000  6.836622e+02  6.049931e+01  6.997544e+01  8.866098e+01  1.313108e+01  1.113694e+01 
  702.000  6.877187e+02  6.124631e+01  7.557957e+01  8.918623e+01  1.344194e+01  1.202886e+01 
  703.000  6.947543e+02  6.224133e+01  8.208339e+01  9.009776e+01  1.379912e+01  1.306398e+01 
  704.000  7.049704e+02  6.361249e+01  8.875531e+01  9.142175e+01  1.427126e+01  1.412585e+01 
  705.000  7.154659e+02  6.464929e+01  9.442878e+01  9.278217e+01  1.453635e+01  1.502881e+01 
  706.000  7.091199e+02  6.404109e+01  9.970329e+01  9.195825e+01  1.438807e+01  1.586827e+01 
  707.000  7.009818e+02  6.365059e+01  1.043597e+02  9.090203e+01  1.442107e+01  1.660937e+01 
  708.000  7.173506e+02  6.535577e+01  1.107889e+02  9.302409e+01  1.488416e+01  1.763260e+01 
  709.000  7.119749e+02  6.493921e+01  1.157838e+02  9.232607e+01  1.481587e+01  1.842757e+01 
  710.000  7.157418e+02  6.523899e+01  1.219753e+02  9.281371e+01  1.486868e+01  1.941298e+01 
  711.000  7.134321e+02  6.532967e+01  1.282792e+02  9.251329e+01  1.498480e+01  2.041627e+01 
  712.000  7.072725e+02  6.492495e+01  1.325967e+02  9.171382e+01  1.494134e+01  2.110341e+01 
  713.000  7.008800e+02  6.444727e+01  1.380329e+02  9.088399e+01  1.485788e+01  2.196862e+01 
  714.000  7.095340e+02  6.520297e+01  1.435824e+02  9.200565e+01  1.501570e+01  2.285185e+01 
  715.000  6.870676e+02  6.246539e+01  1.447702e+02  8.909163e+01  1.415805e+01  2.304090e+01 
  716.000  6.777894e+02  6.125014e+01  1.501884e+02  8.788751e+01  1.375762e+01  2.390324e+01 
  717.000  6.250035e+02  5.359501e+01  1.419074e+02  8.104234e+01  1.110550e+01  2.258527e+01 
  718.000  5.560776e+02  4.739641e+01  1.309319e+02  7.210429e+01  9.715937e+00  2.083847e+01 
  719.000  5.080971e+02  4.271959e+01  1.241045e+02  6.588224e+01  8.557500e+00  1.975184e+01 
  720.000  5.363531e+02  4.462410e+01  1.348423e+02  6.954554e+01  8.804232e+00  2.146082e+01 
  721.000  5.924420e+02  5.152183e+01  1.578487e+02  7.681728e+01  1.091145e+01  2.512240e+01 
  722.000  6.545943e+02  5.872228e+01  1.827498e+02  8.487526e+01  1.301275e+01  2.908553e+01 
  723.000  6.321315e+02  5.619918e+01  1.825811e+02  8.196207e+01  1.228341e+01  2.905868e+01 
  724.000  5.611799e+02  4.806099e+01  1.660419e+02  7.276203e+01  9.909994e+00  2.642639e+01 
  725.000  5.642527e+02  4.819963e+01  1.735088e+02  7.315977e+01  9.921167e+00  2.761478e+01 
  726.000  6.134510e+02  5.313300e+01  1.976739e+02  7.953780e+01  1.116471e+01  3.146078e+01 
  727.000  5.895425e+02  5.072501e+01  1.934861e+02  7.643753e+01  1.056186e+01  3.079427e+01 
  728.000  5.861387e+02  5.101763e+01  2.014041e+02  7.599530e+01  1.078916e+01  3.205445e+01 
  729.000  5.814126e+02  5.015520e+01  2.046933e+02  7.538202e+01  1.047084e+01  3.257794e+01 
  730.000  6.078081e+02  5.319080e+01  2.217360e+02  7.880352e+01  1.132800e+01  3.529038e+01 
  731.000  5.863159e+02  5.066197e+01  2.191881e+02  7.601646e+01  1.059725e+01  3.488487e+01 
  732.000  6.262473e+02  5.593656e+01  2.416283e+02  8.119292e+01  1.223165e+01  3.845634e+01 
  733.000  6.473210e+02  5.936049e+01  2.564452e+02  8.392453e+01  1.341832e+01  4.081451e+01 
  734.000  6.742726e+02  6.316734e+01  2.772802e+02  8.741781e+01  1.463881e+01  4.413051e+01 
  735.000  6.611694e+02  6.129360e+01  2.789199e+02  8.571830e+01  1.401626e+01  4.439148e+01 
  736.000  6.610873e+02  6.182641e+01  2.852090e+02  8.570705e+01  1.427397e+01  4.539242e+01 
  737.000  6.638456e+02  6.211414e+01  2.936573e+02  8.606396e+01  1.433760e+01  4.673702e+01 
  738.000  6.677263e+02  6.322301e+01  3.033457e+02  8.656631e+01  1.478326e+01  4.827897e+01 
  739.000  6.614614e+02  6.308640e+01  3.087304e+02  8.575333e+01  1.486213e+01  4.913598e+01 
  740.000  6.724048e+02  6.508840e+01  3.201250e+02  8.717148e+01  1.557737e+01  5.094947e+01 
  741.000  6.674232e+02  6.498671e+01  3.243030e+02  8.652492e+01  1.565404e+01  5.161443e+01 
  742.000  6.603638e+02  6.453056e+01  3.292570e+02  8.560864e+01  1.561312e+01  5.240288e+01 
  743.000  6.774907e+02  6.637743e+01  3.443527e+02  8.782810e+01  1.611156e+01  5.480544e+01 
  744.000  6.832393e+02  6.716792e+01  3.531057e+02  8.857259e+01  1.636819e+01  5.619852e+01 
  745.000  6.740737e+02  6.650109e+01  3.533918e+02  8.738375e+01  1.627199e+01  5.624405e+01 
  746.000  6.762845e+02  6.679429e+01  3.590545e+02  8.766978e+01  1.636696e+01  5.714530e+01 
  747.000  6.809265e+02  6.732756e+01  3.683215e+02  8.827067e+01  1.652294e+01  5.862018e+01 
  748.000  6.794153e+02  6.722449e+01  3.720852e+02  8.807417e+01  1.651357e+01  5.921919e+01 
  749.000  6.677759e+02  6.612137e+01  3.702876e+02  8.656474e+01  1.625933e+01  5.893310e+01 
  750.000  6.651161e+02  6.589179e+01  3.743294e+02  8.621919e+01  1.622014e+01  5.957638e+01 
  751.000  6.772661e+02  6.704723e+01  3.844168e+02  8.779352e+01  1.651503e+01  6.118183e+01 
  752.000  6.738196e+02  6.664018e+01  3.860108e+02  8.734589e+01  1.643354e+01  6.143554e+01 
  753.000  6.686729e+02  6.607197e+01  3.856476e+02  8.667810e+01  1.630426e+01  6.137772e+01 
  754.000  6.765805e+02  6.676194e+01  3.931151e+02  8.770242e+01  1.648045e+01  6.256622e+01 
  755.000  6.748868e+02  6.649469e+01  3.951775e+02  8.748212e+01  1.641960e+01  6.289446e+01 
  756.000  6.674401e+02  6.570661e+01  3.932489e+02  8.651624e+01  1.623544e+01  6.258752e+01 
  757.000  6.649271e+02  6.541053e+01  3.950800e+02  8.618969e+01  1.618273e+01  6.287893e+01 
  758.000  6.593660e+02  6.478045e+01  3.948846e+02  8.546809e+01  1.603679e+01  6.284783e+01 
  759.000  6.307286e+02  6.093396e+01  3.798520e+02  8.175542e+01  1.486839e+01  6.045532e+01 
  760.000  1.868613e+02  1.418285e+01  1.109424e+02  2.422093e+01  2.607267e+00  1.765703e+01 
  761.000  1.335595e+02  9.583906e+00  7.950918e+01  1.731173e+01  1.613441e+00  1.265428e+01 
  762.000  3.376152e+02  2.702610e+01  2.030651e+02  4.376078e+01  5.383638e+00  3.231882e+01 
  763.000  2.725507e+02  1.990575e+01  1.633245e+02  3.532704e+01  3.474999e+00  2.599390e+01 
  764.000  3.043366e+02  2.270285e+01  1.832562e+02  3.944668e+01  4.114591e+00  2.916613e+01 
  765.000  4.072564e+02  3.282485e+01  2.472274e+02  5.278633e+01  6.654001e+00  3.934745e+01 
  766.000  5.031688e+02  4.412777e+01  3.083951e+02  6.521747e+01  9.908257e+00  4.908259e+01 
  767.000  5.485209e+02  4.881747e+01  3.378213e+02  7.109506e+01  1.118503e+01  5.376592e+01 
  768.000  6.236883e+02  5.825143e+01  3.868036e+02  8.083708e+01  1.405073e+01  6.156172e+01 
  769.000  6.391823e+02  5.997545e+01  3.981689e+02  8.284443e+01  1.456460e+01  6.337054e+01 
  770.000  6.391172e+02  6.049446e+01  3.989992e+02  8.283569e+01  1.484568e+01  6.350269e+01 
  771.000  6.398024e+02  6.097749e+01  4.005219e+02  8.292380e+01  1.510474e+01  6.374505e+01 
  772.000  6.344182e+02  6.043733e+01  3.979500e+02  8.222501e+01  1.502860e+01  6.333571e+01 
  773.000  6.384297e+02  6.063081e+01  4.010475e+02  8.274413e+01  1.508419e+01  6.382869e+01 
  774.000  6.465836e+02  6.126628e+01  4.065280e+02  8.380040e+01  1.524214e+01  6.470094e+01 
  775.000  6.253858e+02  5.916850e+01  3.934937e+02  8.105266e+01  1.472509e+01  6.262646e+01 
  776.000  6.372380e+02  6.012226e+01  4.014717e+02  8.258803e+01  1.496899e+01  6.389621e+01 
  777.000  6.416481e+02  6.033926e+01  4.048748e+02  8.315873e+01  1.503104e+01  6.443782e+01 
  778.000  6.375292e+02  5.980190e+01  4.027336e+02  8.262428e+01  1.490206e+01  6.409703e+01 
  779.000  6.430594e+02  6.015054e+01  4.067241e+02  8.334032e+01  1.499259e+01  6.473215e+01 
  780.000  6.352315e+02  5.927296e+01  4.020818e+02  8.232526e+01  1.477530e+01  6.399330e+01 
  781.000  6.336013e+02  5.896786e+01  4.011347e+02  8.211341e+01  1.470191e+01  6.384258e+01 
  782.000  6.393495e+02  5.927438e+01  4.048135e+02  8.285757e+01  1.477797e+01  6.442806e+01 
  783.000  6.336254e+02  5.857457e+01  4.012309e+02  8.211510e+01  1.460720e+01  6.385788e+01 
  784.000  6.267488e+02  5.768778e+01  3.968492e+02  8.122337e+01  1.436181e+01  6.316051e+01 
  785.000  6.348741e+02  5.817329e+01  4.019620e+02  8.227583e+01  1.445613e+01  6.397425e+01 
  786.000  6.268423e+02  5.691573e+01  3.966948e+02  8.123441e+01  1.405216e+01  6.313594e+01 
  787.000  6.259723e+02  5.617579e+01  3.959403e+02  8.112083e+01  1.376016e+01  6.301585e+01 
  788.000  6.222178e+02  5.533552e+01  3.933546e+02  8.063390e+01  1.346158e+01  6.260433e+01 
  789.000  6.183583e+02  5.460057e+01  3.908739e+02  8.013289e+01  1.324493e+01  6.220951e+01 
  790.000  6.076004e+02  5.283512e+01  3.837673e+02  7.873828e+01  1.265265e+01  6.107847e+01 
  791.000  6.070134e+02  5.283982e+01  3.838714e+02  7.866143e+01  1.271633e+01  6.109503e+01 
  792.000  6.077392e+02  5.317616e+01  3.848475e+02  7.875494e+01  1.290040e+01  6.125039e+01 
  793.000  6.007412e+02  5.270572e+01  3.808033e+02  7.784763e+01  1.285089e+01  6.060673e+01 
  794.000  5.965318e+02  5.269589e+01  3.788016e+02  7.730146e+01  1.297898e+01  6.028815e+01 
  795.000  5.989488e+02  5.279688e+01  3.807295e+02  7.761398e+01  1.301619e+01  6.059498e+01 
  796.000  5.914592e+02  5.031697e+01  3.752870e+02  7.664288e+01  1.200453e+01  5.972879e+01 
  797.000  6.007827e+02  5.124881e+01  3.816714e+02  7.785044e+01  1.229643e+01  6.074490e+01 
  798.000  6.094530e+02  5.249771e+01  3.878689e+02  7.897337e+01  1.275766e+01  6.173125e+01 
  799.000  6.105502e+02  5.270245e+01  3.888336e+02  7.911526e+01  1.285007e+01  6.188478e+01 
