  291.000  3.625937e+02  1.915896e+02  3.412539e+02  3.397420e+01  3.072957e+01  5.431225e+01 
  292.000  3.985537e+02  2.111630e+02  3.759475e+02  3.733772e+01  3.393503e+01  5.983390e+01 
  293.000  3.091476e+02  1.642436e+02  2.922789e+02  2.895734e+01  2.644658e+01  4.651762e+01 
  294.000  3.281786e+02  1.748385e+02  3.109865e+02  3.073512e+01  2.820810e+01  4.949504e+01 
  295.000  2.908288e+02  1.553204e+02  2.761533e+02  2.723343e+01  2.510254e+01  4.395116e+01 
  296.000  4.006159e+02  2.145596e+02  3.812914e+02  3.750809e+01  3.474577e+01  6.068441e+01 
  297.000  2.171297e+02  1.165803e+02  2.070829e+02  2.032621e+01  1.891210e+01  3.295827e+01 
  298.000  3.556967e+02  1.915312e+02  3.400457e+02  3.329267e+01  3.113351e+01  5.411996e+01 
  299.000  3.515206e+02  1.898359e+02  3.368604e+02  3.289663e+01  3.092045e+01  5.361299e+01 
  300.000  2.836875e+02  1.535938e+02  2.724282e+02  2.654491e+01  2.506171e+01  4.335830e+01 
  301.000  4.140628e+02  2.237961e+02  3.977519e+02  3.874158e+01  3.653994e+01  6.330418e+01 
  302.000  2.925883e+02  1.578274e+02  2.811621e+02  2.737370e+01  2.578804e+01  4.474833e+01 
  303.000  4.242736e+02  2.284610e+02  4.078315e+02  3.969103e+01  3.735348e+01  6.490839e+01 
  304.000  3.792530e+02  2.038589e+02  3.646693e+02  3.547684e+01  3.335292e+01  5.803891e+01 
  305.000  4.266428e+02  2.289253e+02  4.103651e+02  3.990708e+01  3.747880e+01  6.531164e+01 
  306.000  3.664892e+02  1.962465e+02  3.526331e+02  3.427770e+01  3.215327e+01  5.612329e+01 
  307.000  4.003005e+02  2.139650e+02  3.852874e+02  3.743742e+01  3.507991e+01  6.132040e+01 
  308.000  4.206427e+02  2.244294e+02  4.049947e+02  3.933710e+01  3.682056e+01  6.445691e+01 
  309.000  3.853322e+02  2.052131e+02  3.711154e+02  3.603242e+01  3.369094e+01  5.906485e+01 
  310.000  3.159911e+02  1.679731e+02  3.044213e+02  2.954623e+01  2.759599e+01  4.845015e+01 
  311.000  5.490109e+02  2.912701e+02  5.288055e+02  5.133068e+01  4.788220e+01  8.416201e+01 
  312.000  3.972152e+02  2.103812e+02  3.825317e+02  3.713601e+01  3.460350e+01  6.088181e+01 
  313.000  4.449744e+02  2.352088e+02  4.284401e+02  4.159805e+01  3.871176e+01  6.818837e+01 
  314.000  4.379006e+02  2.310067e+02  4.215447e+02  4.093381e+01  3.804455e+01  6.709092e+01 
  315.000  4.455716e+02  2.345794e+02  4.288423e+02  4.164785e+01  3.865795e+01  6.825238e+01 
  316.000  3.346268e+02  1.758637e+02  3.220068e+02  3.127582e+01  2.899799e+01  5.124898e+01 
  317.000  4.519620e+02  2.370432e+02  4.348275e+02  4.223944e+01  3.911152e+01  6.920495e+01 
  318.000  4.185335e+02  2.190577e+02  4.025829e+02  3.911242e+01  3.616794e+01  6.407306e+01 
  319.000  4.072090e+02  2.127507e+02  3.916200e+02  3.805174e+01  3.514674e+01  6.232826e+01 
  320.000  4.488126e+02  2.339965e+02  4.315494e+02  4.193630e+01  3.868275e+01  6.868322e+01 
  321.000  4.482186e+02  2.332973e+02  4.312361e+02  4.187815e+01  3.859375e+01  6.863335e+01 
  322.000  4.359315e+02  2.264573e+02  4.197082e+02  4.072710e+01  3.749258e+01  6.679864e+01 
  323.000  3.504446e+02  1.817406e+02  3.376061e+02  3.273837e+01  3.011029e+01  5.373168e+01 
  324.000  4.052330e+02  2.097356e+02  3.906627e+02  3.785385e+01  3.477705e+01  6.217590e+01 
  325.000  4.923367e+02  2.543797e+02  4.749225e+02  4.598747e+01  4.220966e+01  7.558627e+01 
  326.000  6.146219e+02  3.170118e+02  5.932433e+02  5.740602e+01  5.264003e+01  9.441761e+01 
  327.000  6.105944e+02  3.143852e+02  5.897159e+02  5.702617e+01  5.224158e+01  9.385619e+01 
  328.000  5.497582e+02  2.824813e+02  5.313397e+02  5.134053e+01  4.697996e+01  8.456535e+01 
  329.000  5.854569e+02  3.002912e+02  5.661904e+02  5.467079e+01  4.997863e+01  9.011201e+01 
  330.000  6.104532e+02  3.125532e+02  5.907267e+02  5.700126e+01  5.205789e+01  9.401708e+01 
  331.000  5.230105e+02  2.672761e+02  5.061741e+02  4.883309e+01  4.454684e+01  8.056011e+01 
  332.000  5.456157e+02  2.782972e+02  5.281190e+02  5.094038e+01  4.641539e+01  8.405276e+01 
  333.000  6.150906e+02  3.131317e+02  5.954420e+02  5.742300e+01  5.226115e+01  9.476753e+01 
  334.000  5.321867e+02  2.704030e+02  5.152520e+02  4.968007e+01  4.516110e+01  8.200489e+01 
  335.000  5.537224e+02  2.807974e+02  5.361708e+02  5.168703e+01  4.692990e+01  8.533423e+01 
  336.000  4.146801e+02  2.098752e+02  4.015870e+02  3.870562e+01  3.510133e+01  6.391455e+01 
  337.000  4.060583e+02  2.051053e+02  3.932876e+02  3.789836e+01  3.432794e+01  6.259366e+01 
  338.000  4.918611e+02  2.479443e+02  4.764486e+02  4.590405e+01  4.151795e+01  7.582915e+01 
  339.000  4.914007e+02  2.472082e+02  4.760590e+02  4.585865e+01  4.141406e+01  7.576714e+01 
  340.000  5.626472e+02  2.825666e+02  5.451348e+02  5.250521e+01  4.735614e+01  8.676091e+01 
  341.000  4.719263e+02  2.365602e+02  4.577352e+02  4.403696e+01  3.966998e+01  7.285081e+01 
  342.000  4.942994e+02  2.473088e+02  4.799905e+02  4.612220e+01  4.149833e+01  7.639286e+01 
  343.000  4.995531e+02  2.494633e+02  4.856554e+02  4.660991e+01  4.188613e+01  7.729446e+01 
  344.000  4.571115e+02  2.279056e+02  4.448258e+02  4.264806e+01  3.828664e+01  7.079623e+01 
  345.000  5.836257e+02  2.904227e+02  5.686029e+02  5.444877e+01  4.882014e+01  9.049596e+01 
  346.000  6.476922e+02  3.217824e+02  6.316362e+02  6.042305e+01  5.412060e+01  1.005280e+02 
  347.000  6.178317e+02  3.063477e+02  6.032235e+02  5.763424e+01  5.155787e+01  9.600600e+01 
  348.000  5.835793e+02  2.888892e+02  5.703401e+02  5.443653e+01  4.864593e+01  9.077245e+01 
  349.000  6.411934e+02  3.167805e+02  6.273873e+02  5.980751e+01  5.337741e+01  9.985178e+01 
  350.000  6.576915e+02  3.243903e+02  6.441653e+02  6.134357e+01  5.468964e+01  1.025221e+02 
  351.000  6.265840e+02  3.083651e+02  6.138086e+02  5.843891e+01  5.201498e+01  9.769068e+01 
  352.000  6.451874e+02  3.169281e+02  6.320895e+02  6.017119e+01  5.348231e+01  1.006002e+02 
  353.000  5.896692e+02  2.890034e+02  5.777607e+02  5.499042e+01  4.879521e+01  9.195347e+01 
  354.000  6.827987e+02  3.340135e+02  6.690694e+02  6.367238e+01  5.641923e+01  1.064857e+02 
  355.000  6.945000e+02  3.390899e+02  6.805964e+02  6.476054e+01  5.730178e+01  1.083203e+02 
  356.000  6.592453e+02  3.211349e+02  6.461165e+02  6.146965e+01  5.429634e+01  1.028326e+02 
  357.000  4.233417e+02  2.058212e+02  4.149478e+02  3.947157e+01  3.481497e+01  6.604099e+01 
  358.000  4.618587e+02  2.241099e+02  4.527412e+02  4.306079e+01  3.792549e+01  7.205602e+01 
  359.000  4.664671e+02  2.259018e+02  4.572992e+02  4.348840e+01  3.824596e+01  7.278143e+01 
  360.000  6.943934e+02  3.356179e+02  6.808060e+02  6.473473e+01  5.684704e+01  1.083536e+02 
  361.000  5.512349e+02  2.658878e+02  5.404166e+02  5.138634e+01  4.505577e+01  8.600997e+01 
  362.000  6.052786e+02  2.912425e+02  5.933497e+02  5.642109e+01  4.937815e+01  9.443454e+01 
  363.000  6.448575e+02  3.096500e+02  6.321036e+02  6.010756e+01  5.252216e+01  1.006024e+02 
  364.000  6.451493e+02  3.091498e+02  6.323441e+02  6.013187e+01  5.246062e+01  1.006407e+02 
  365.000  6.057674e+02  2.896742e+02  5.937006e+02  5.645851e+01  4.917774e+01  9.449037e+01 
  366.000  8.335620e+02  3.977685e+02  8.168971e+02  7.768558e+01  6.755923e+01  1.300132e+02 
  367.000  7.479804e+02  3.561761e+02  7.329715e+02  6.970623e+01  6.052240e+01  1.166560e+02 
  368.000  7.073475e+02  3.361111e+02  6.931014e+02  6.591633e+01  5.713901e+01  1.103105e+02 
  369.000  6.821667e+02  3.235908e+02  6.683868e+02  6.356730e+01  5.503080e+01  1.063771e+02 
  370.000  7.867214e+02  3.723831e+02  7.707698e+02  7.330659e+01  6.335790e+01  1.226718e+02 
  371.000  6.300231e+02  2.975651e+02  6.172003e+02  5.870257e+01  5.065185e+01  9.823047e+01 
  372.000  6.649408e+02  3.133706e+02  6.513557e+02  6.195299e+01  5.336734e+01  1.036665e+02 
  373.000  6.643245e+02  3.123908e+02  6.506995e+02  6.189249e+01  5.322565e+01  1.035620e+02 
  374.000  5.157334e+02  2.419797e+02  5.051148e+02  4.804647e+01  4.124855e+01  8.039152e+01 
  375.000  4.734259e+02  2.217323e+02  4.636477e+02  4.410328e+01  3.781164e+01  7.379183e+01 
  376.000  6.788063e+02  3.172091e+02  6.647308e+02  6.323289e+01  5.411927e+01  1.057952e+02 
  377.000  6.962255e+02  3.246124e+02  6.817312e+02  6.485229e+01  5.540931e+01  1.085009e+02 
  378.000  9.025735e+02  4.200538e+02  8.837230e+02  8.406991e+01  7.172867e+01  1.406489e+02 
  379.000  6.963319e+02  3.233261e+02  6.817301e+02  6.485634e+01  5.523863e+01  1.085007e+02 
  380.000  6.530733e+02  3.025374e+02  6.393081e+02  6.082415e+01  5.171250e+01  1.017490e+02 
  381.000  7.331682e+02  3.389807e+02  7.173658e+02  6.828105e+01  5.796147e+01  1.141723e+02 
  382.000  5.476696e+02  2.525956e+02  5.355381e+02  5.100269e+01  4.320920e+01  8.523354e+01 
  383.000  3.816023e+02  1.755681e+02  3.729200e+02  3.553557e+01  3.004580e+01  5.935207e+01 
  384.000  4.197291e+02  1.927259e+02  4.099767e+02  3.908442e+01  3.299356e+01  6.524981e+01 
  385.000  6.313017e+02  2.891484e+02  6.162503e+02  5.878265e+01  4.952224e+01  9.807928e+01 
  386.000  4.896406e+02  2.238132e+02  4.777278e+02  4.559023e+01  3.834585e+01  7.603274e+01 
  387.000  5.615553e+02  2.560346e+02  5.475489e+02  5.228349e+01  4.388584e+01  8.714511e+01 
  388.000  5.555264e+02  2.527685e+02  5.413967e+02  5.172001e+01  4.334153e+01  8.616597e+01 
  389.000  6.320247e+02  2.869849e+02  6.156368e+02  5.883963e+01  4.922626e+01  9.798164e+01 
  390.000  7.651205e+02  3.465222e+02  7.448125e+02  7.122676e+01  5.946569e+01  1.185406e+02 
  391.000  8.544163e+02  3.861690e+02  8.314325e+02  7.953619e+01  6.629501e+01  1.323266e+02 
  392.000  7.579007e+02  3.418388e+02  7.372407e+02  7.054875e+01  5.870755e+01  1.173355e+02 
  393.000  4.056159e+02  1.824704e+02  3.943758e+02  3.775454e+01  3.135291e+01  6.276685e+01 
  394.000  4.479918e+02  2.011110e+02  4.354146e+02  4.169712e+01  3.456948e+01  6.929839e+01 
  395.000  7.505621e+02  3.362288e+02  7.292162e+02  6.985609e+01  5.781820e+01  1.160584e+02 
  396.000  7.711856e+02  3.445134e+02  7.488852e+02  7.177159e+01  5.927368e+01  1.191888e+02 
  397.000  3.132583e+02  1.396374e+02  3.040820e+02  2.915261e+01  2.403455e+01  4.839615e+01 
  398.000  8.747214e+02  3.890864e+02  8.487784e+02  8.140038e+01  6.699680e+01  1.350873e+02 
  399.000  1.046712e+03  4.646540e+02  1.015306e+03  9.740172e+01  8.003912e+01  1.615910e+02 
  400.000  1.026429e+03  4.545449e+02  9.952050e+02  9.550979e+01  7.833361e+01  1.583918e+02 
  401.000  1.017598e+03  4.494433e+02  9.860148e+02  9.468325e+01  7.749055e+01  1.569291e+02 
  402.000  1.075510e+03  4.740076e+02  1.041590e+03  1.000676e+02  8.175651e+01  1.657742e+02 
  403.000  1.004657e+03  4.417335e+02  9.724147e+02  9.347104e+01  7.622165e+01  1.547646e+02 
  404.000  1.076704e+03  4.723981e+02  1.041611e+03  1.001701e+02  8.154363e+01  1.657775e+02 
  405.000  9.848906e+02  4.310119e+02  9.522028e+02  9.162386e+01  7.443320e+01  1.515478e+02 
  406.000  9.747838e+02  4.257657e+02  9.419936e+02  9.068034e+01  7.355224e+01  1.499229e+02 
  407.000  9.470331e+02  4.125255e+02  9.145809e+02  8.809432e+01  7.129898e+01  1.455601e+02 
  408.000  1.023230e+03  4.448062e+02  9.876819e+02  9.517861e+01  7.690593e+01  1.571945e+02 
  409.000  1.129759e+03  4.898882e+02  1.089857e+03  1.050828e+02  8.473787e+01  1.734561e+02 
  410.000  9.420925e+02  4.076191e+02  9.083433e+02  8.762375e+01  7.053467e+01  1.445673e+02 
  411.000  1.103647e+03  4.762648e+02  1.063954e+03  1.026447e+02  8.245900e+01  1.693335e+02 
  412.000  1.140713e+03  4.911505e+02  1.099588e+03  1.060874e+02  8.507744e+01  1.750049e+02 
  413.000  1.074810e+03  4.618416e+02  1.035978e+03  9.995454e+01  8.003517e+01  1.648811e+02 
  414.000  1.052620e+03  4.511457e+02  1.014487e+03  9.788616e+01  7.822472e+01  1.614606e+02 
  415.000  1.119783e+03  4.788856e+02  1.079123e+03  1.041276e+02  8.307344e+01  1.717477e+02 
  416.000  1.110237e+03  4.736685e+02  1.069820e+03  1.032352e+02  8.221058e+01  1.702672e+02 
  417.000  1.073667e+03  4.572464e+02  1.034507e+03  9.983135e+01  7.939085e+01  1.646469e+02 
  418.000  1.047817e+03  4.452242e+02  1.009507e+03  9.742361e+01  7.734115e+01  1.606680e+02 
  419.000  1.071189e+03  4.538895e+02  1.031908e+03  9.959154e+01  7.889352e+01  1.642333e+02 
  420.000  9.045820e+02  3.824322e+02  8.713139e+02  8.409811e+01  6.650491e+01  1.386739e+02 
  421.000  1.130781e+03  4.768876e+02  1.088563e+03  1.051230e+02  8.296683e+01  1.732502e+02 
  422.000  1.080959e+03  4.549222e+02  1.040089e+03  1.004877e+02  7.917473e+01  1.655354e+02 
  423.000  9.109127e+02  3.823980e+02  8.759562e+02  8.467609e+01  6.658217e+01  1.394128e+02 
  424.000  9.997723e+02  4.186480e+02  9.608403e+02  9.293217e+01  7.292637e+01  1.529225e+02 
  425.000  1.033358e+03  4.315201e+02  9.924775e+02  9.604943e+01  7.520536e+01  1.579577e+02 
  426.000  9.910952e+02  4.130938e+02  9.514688e+02  9.211817e+01  7.201801e+01  1.514310e+02 
  427.000  9.514525e+02  3.954716e+02  9.128203e+02  8.842930e+01  6.897972e+01  1.452799e+02 
  428.000  9.615231e+02  3.986321e+02  9.219307e+02  8.936132e+01  6.956267e+01  1.467298e+02 
  429.000  8.729807e+02  3.611135e+02  8.365984e+02  8.112933e+01  6.304060e+01  1.331488e+02 
  430.000  6.952905e+02  2.868791e+02  6.659109e+02  6.461311e+01  5.010380e+01  1.059830e+02 
  431.000  6.238219e+02  2.568946e+02  5.971257e+02  5.796968e+01  4.488134e+01  9.503551e+01 
  432.000  1.120879e+03  4.602833e+02  1.072028e+03  1.041546e+02  8.045253e+01  1.706186e+02 
  433.000  9.959661e+02  4.078607e+02  9.517946e+02  9.254315e+01  7.132231e+01  1.514828e+02 
  434.000  9.448042e+02  3.860533e+02  9.023214e+02  8.778608e+01  6.753368e+01  1.436089e+02 
  435.000  1.026178e+03  4.181029e+02  9.792225e+02  9.534238e+01  7.317505e+01  1.558481e+02 
  436.000  1.135737e+03  4.617506e+02  1.083097e+03  1.055178e+02  8.084291e+01  1.723802e+02 
  437.000  1.144874e+03  4.640614e+02  1.090858e+03  1.063614e+02  8.128828e+01  1.736154e+02 
  438.000  1.023626e+03  4.141325e+02  9.748002e+02  9.509429e+01  7.256514e+01  1.551443e+02 
  439.000  9.889917e+02  3.989452e+02  9.410212e+02  9.187239e+01  6.993819e+01  1.497682e+02 
  440.000  1.106589e+03  4.453389e+02  1.052216e+03  1.027927e+02  7.810189e+01  1.674654e+02 
  441.000  1.100974e+03  4.423286e+02  1.046474e+03  1.022683e+02  7.759737e+01  1.665515e+02 
  442.000  1.157913e+03  4.638243e+02  1.099851e+03  1.075521e+02  8.141136e+01  1.750467e+02 
  443.000  1.163884e+03  4.650743e+02  1.104908e+03  1.081024e+02  8.166641e+01  1.758515e+02 
  444.000  1.154847e+03  4.600272e+02  1.095556e+03  1.072577e+02  8.082498e+01  1.743631e+02 
  445.000  1.212975e+03  4.820989e+02  1.150115e+03  1.126523e+02  8.473676e+01  1.830465e+02 
  446.000  1.078221e+03  4.275729e+02  1.021823e+03  1.001337e+02  7.518318e+01  1.626282e+02 
  447.000  1.227968e+03  4.857014e+02  1.163062e+03  1.140360e+02  8.544359e+01  1.851070e+02 
  448.000  1.246427e+03  4.916351e+02  1.179808e+03  1.157451e+02  8.653026e+01  1.877722e+02 
  449.000  1.252659e+03  4.929832e+02  1.185109e+03  1.163197e+02  8.680231e+01  1.886159e+02 
  450.000  1.277985e+03  5.014977e+02  1.208269e+03  1.186661e+02  8.834682e+01  1.923020e+02 
  451.000  1.378911e+03  5.398348e+02  1.302829e+03  1.280328e+02  9.513778e+01  2.073516e+02 
  452.000  1.279781e+03  5.000308e+02  1.208493e+03  1.188249e+02  8.815221e+01  1.923376e+02 
  453.000  1.186398e+03  4.622376e+02  1.119424e+03  1.101497e+02  8.152798e+01  1.781618e+02 
  454.000  1.263462e+03  4.905848e+02  1.190998e+03  1.172985e+02  8.657717e+01  1.895532e+02 
  455.000  1.270553e+03  4.922983e+02  1.196976e+03  1.179531e+02  8.691023e+01  1.905046e+02 
  456.000  1.299923e+03  5.024119e+02  1.223785e+03  1.206751e+02  8.873306e+01  1.947715e+02 
  457.000  1.305748e+03  5.034290e+02  1.228431e+03  1.212114e+02  8.894914e+01  1.955109e+02 
  458.000  1.281818e+03  4.924159e+02  1.204705e+03  1.189836e+02  8.705606e+01  1.917348e+02 
  459.000  1.280104e+03  4.908464e+02  1.202475e+03  1.188212e+02  8.680553e+01  1.913799e+02 
  460.000  1.267708e+03  4.848293e+02  1.189973e+03  1.176660e+02  8.577882e+01  1.893900e+02 
  461.000  1.312375e+03  5.006324e+02  1.231032e+03  1.218073e+02  8.861271e+01  1.959249e+02 
  462.000  1.289921e+03  4.906164e+02  1.208985e+03  1.197180e+02  8.688284e+01  1.924159e+02 
  463.000  1.288868e+03  4.891823e+02  1.207296e+03  1.196167e+02  8.665956e+01  1.921472e+02 
  464.000  1.291284e+03  4.887661e+02  1.208654e+03  1.198360e+02  8.662540e+01  1.923632e+02 
  465.000  1.270434e+03  4.798808e+02  1.188464e+03  1.178975e+02  8.508013e+01  1.891498e+02 
  466.000  1.309369e+03  4.926286e+02  1.223556e+03  1.215038e+02  8.739845e+01  1.947350e+02 
  467.000  1.261516e+03  4.733294e+02  1.177960e+03  1.170587e+02  8.401310e+01  1.874782e+02 
  468.000  1.334105e+03  4.993285e+02  1.244902e+03  1.237900e+02  8.866462e+01  1.981322e+02 
  469.000  1.321218e+03  4.934255e+02  1.232143e+03  1.225904e+02  8.764861e+01  1.961016e+02 
  470.000  1.302311e+03  4.849041e+02  1.213536e+03  1.208309e+02  8.617873e+01  1.931404e+02 
  471.000  1.299369e+03  4.824673e+02  1.210071e+03  1.205532e+02  8.578828e+01  1.925887e+02 
  472.000  1.314836e+03  4.869142e+02  1.223775e+03  1.219835e+02  8.662022e+01  1.947698e+02 
  473.000  1.300473e+03  4.803475e+02  1.209733e+03  1.206466e+02  8.549178e+01  1.925350e+02 
  474.000  1.310996e+03  4.830576e+02  1.218886e+03  1.216187e+02  8.601160e+01  1.939918e+02 
  475.000  1.364901e+03  5.014651e+02  1.268218e+03  1.266142e+02  8.933555e+01  2.018432e+02 
  476.000  1.324593e+03  4.851280e+02  1.229940e+03  1.228696e+02  8.647384e+01  1.957510e+02 
  477.000  1.313281e+03  4.798547e+02  1.218825e+03  1.218163e+02  8.556996e+01  1.939820e+02 
  478.000  1.375978e+03  5.018336e+02  1.276510e+03  1.276287e+02  8.951904e+01  2.031629e+02 
  479.000  1.310142e+03  4.766679e+02  1.214808e+03  1.215179e+02  8.506679e+01  1.933428e+02 
  480.000  1.332358e+03  4.833213e+02  1.234635e+03  1.235735e+02  8.629987e+01  1.964983e+02 
  481.000  1.321222e+03  4.777896e+02  1.223328e+03  1.225355e+02  8.535739e+01  1.946986e+02 
  482.000  1.346063e+03  4.853700e+02  1.245374e+03  1.248345e+02  8.675388e+01  1.982075e+02 
  483.000  1.345277e+03  4.835754e+02  1.243620e+03  1.247564e+02  8.647864e+01  1.979282e+02 
  484.000  1.291733e+03  4.631072e+02  1.193291e+03  1.197867e+02  8.285509e+01  1.899182e+02 
  485.000  1.299779e+03  4.647158e+02  1.199857e+03  1.205285e+02  8.318141e+01  1.909631e+02 
  486.000  1.052329e+03  3.755977e+02  9.709901e+02  9.758022e+01  6.724931e+01  1.545379e+02 
  487.000  1.181492e+03  4.203401e+02  1.089246e+03  1.095526e+02  7.530129e+01  1.733589e+02 
  488.000  1.281498e+03  4.545342e+02  1.180502e+03  1.188208e+02  8.146883e+01  1.878827e+02 
  489.000  1.190029e+03  4.208430e+02  1.095393e+03  1.103355e+02  7.546793e+01  1.743372e+02 
  490.000  1.353439e+03  4.771865e+02  1.244825e+03  1.254814e+02  8.561553e+01  1.981201e+02 
  491.000  1.265311e+03  4.452460e+02  1.163179e+03  1.173078e+02  7.991119e+01  1.851257e+02 
  492.000  1.215302e+03  4.263380e+02  1.116315e+03  1.126670e+02  7.655739e+01  1.776671e+02 
  493.000  1.308246e+03  4.575042e+02  1.200710e+03  1.212787e+02  8.219759e+01  1.910990e+02 
  494.000  1.263207e+03  4.404465e+02  1.158485e+03  1.170991e+02  7.917262e+01  1.843786e+02 
  495.000  1.349465e+03  4.694252e+02  1.236846e+03  1.250915e+02  8.441505e+01  1.968501e+02 
  496.000  1.314229e+03  4.558977e+02  1.203687e+03  1.218209e+02  8.202110e+01  1.915727e+02 
  497.000  1.274940e+03  4.409120e+02  1.166779e+03  1.181745e+02  7.936628e+01  1.856987e+02 
  498.000  1.244645e+03  4.294447e+02  1.138381e+03  1.153631e+02  7.733230e+01  1.811790e+02 
  499.000  1.241870e+03  4.270306e+02  1.134853e+03  1.151010e+02  7.694196e+01  1.806174e+02 
  500.000  1.236529e+03  4.238932e+02  1.129104e+03  1.146017e+02  7.641658e+01  1.797025e+02 
  501.000  1.208694e+03  4.134970e+02  1.103224e+03  1.120190e+02  7.457009e+01  1.755836e+02 
  502.000  1.201106e+03  4.094722e+02  1.095525e+03  1.113109e+02  7.389056e+01  1.743582e+02 
  503.000  1.272846e+03  4.326996e+02  1.160293e+03  1.179553e+02  7.812193e+01  1.846664e+02 
  504.000  1.184082e+03  4.018071e+02  1.078989e+03  1.097270e+02  7.256772e+01  1.717264e+02 
  505.000  1.277589e+03  4.319892e+02  1.163358e+03  1.183869e+02  7.806898e+01  1.851541e+02 
  506.000  1.367119e+03  4.606552e+02  1.244012e+03  1.266778e+02  8.330170e+01  1.979907e+02 
  507.000  1.271032e+03  4.272794e+02  1.156036e+03  1.177710e+02  7.729875e+01  1.839888e+02 
  508.000  1.218312e+03  4.082007e+02  1.107351e+03  1.128816e+02  7.389136e+01  1.762403e+02 
  509.000  1.312813e+03  4.387753e+02  1.192654e+03  1.216339e+02  7.946134e+01  1.898168e+02 
  510.000  1.271283e+03  4.236882e+02  1.154271e+03  1.177821e+02  7.676841e+01  1.837080e+02 
  511.000  1.271187e+03  4.222474e+02  1.153419e+03  1.177685e+02  7.655326e+01  1.835724e+02 
  512.000  1.333285e+03  4.419667e+02  1.209272e+03  1.235185e+02  8.015800e+01  1.924616e+02 
  513.000  1.220031e+03  4.028378e+02  1.105691e+03  1.130212e+02  7.311308e+01  1.759762e+02 
  514.000  1.193599e+03  3.933593e+02  1.081328e+03  1.105701e+02  7.141734e+01  1.720987e+02 
  515.000  1.218188e+03  4.000750e+02  1.102851e+03  1.128434e+02  7.268197e+01  1.755242e+02 
  516.000  1.279243e+03  4.190498e+02  1.157540e+03  1.184955e+02  7.616435e+01  1.842282e+02 
  517.000  9.426312e+02  3.075332e+02  8.522729e+02  8.731126e+01  5.593656e+01  1.356434e+02 
  518.000  1.166712e+03  3.799996e+02  1.054526e+03  1.080647e+02  6.913829e+01  1.678331e+02 
  519.000  1.105719e+03  3.586800e+02  9.986074e+02  1.024105e+02  6.530694e+01  1.589333e+02 
  520.000  1.217103e+03  3.940730e+02  1.098800e+03  1.127244e+02  7.177539e+01  1.748795e+02 
  521.000  1.218236e+03  3.928489e+02  1.098958e+03  1.128242e+02  7.160459e+01  1.749046e+02 
  522.000  1.266501e+03  4.076346e+02  1.142074e+03  1.172917e+02  7.432514e+01  1.817668e+02 
  523.000  1.180187e+03  3.787045e+02  1.063615e+03  1.092943e+02  6.908797e+01  1.692795e+02 
  524.000  1.280936e+03  4.096632e+02  1.153667e+03  1.186200e+02  7.478086e+01  1.836118e+02 
  525.000  1.270926e+03  4.054990e+02  1.144127e+03  1.176899e+02  7.405238e+01  1.820935e+02 
  526.000  1.211699e+03  3.852058e+02  1.090049e+03  1.122010e+02  7.039236e+01  1.734867e+02 
  527.000  1.059048e+03  3.355427e+02  9.521060e+02  9.806213e+01  6.135427e+01  1.515324e+02 
  528.000  1.272558e+03  4.019998e+02  1.143407e+03  1.178281e+02  7.354522e+01  1.819789e+02 
  529.000  1.309442e+03  4.123061e+02  1.175815e+03  1.212390e+02  7.547508e+01  1.871368e+02 
  530.000  1.237657e+03  3.888768e+02  1.110905e+03  1.145899e+02  7.121347e+01  1.768061e+02 
  531.000  1.348008e+03  4.220880e+02  1.209345e+03  1.248021e+02  7.734594e+01  1.924732e+02 
  532.000  1.286452e+03  4.016775e+02  1.153662e+03  1.190995e+02  7.364539e+01  1.836110e+02 
  533.000  1.129805e+03  3.517676e+02  1.012780e+03  1.045939e+02  6.452950e+01  1.611889e+02 
  534.000  1.228503e+03  3.810765e+02  1.100679e+03  1.137265e+02  6.995557e+01  1.751786e+02 
  535.000  1.252630e+03  3.878323e+02  1.122001e+03  1.159577e+02  7.122118e+01  1.785720e+02 
  536.000  1.328840e+03  4.100632e+02  1.189710e+03  1.230082e+02  7.535128e+01  1.893483e+02 
  537.000  1.232826e+03  3.789378e+02  1.103142e+03  1.141157e+02  6.968408e+01  1.755705e+02 
  538.000  1.290189e+03  3.955433e+02  1.154054e+03  1.194222e+02  7.277358e+01  1.836734e+02 
  539.000  1.285808e+03  3.930261e+02  1.149659e+03  1.190129e+02  7.235152e+01  1.829738e+02 
  540.000  1.258307e+03  3.834309e+02  1.124587e+03  1.164637e+02  7.062675e+01  1.789835e+02 
  541.000  1.153758e+03  3.506033e+02  1.030753e+03  1.067840e+02  6.461394e+01  1.640495e+02 
  542.000  1.287028e+03  3.899412e+02  1.149344e+03  1.191150e+02  7.190427e+01  1.829237e+02 
  543.000  1.231256e+03  3.717885e+02  1.099026e+03  1.139492e+02  6.860090e+01  1.749155e+02 
  544.000  1.298943e+03  3.909810e+02  1.158936e+03  1.202095e+02  7.218589e+01  1.844504e+02 
  545.000  1.279930e+03  3.841198e+02  1.141509e+03  1.184465e+02  7.095902e+01  1.816767e+02 
  546.000  1.251727e+03  3.746555e+02  1.115948e+03  1.158334e+02  6.924577e+01  1.776086e+02 
  547.000  1.305381e+03  3.894072e+02  1.163248e+03  1.207944e+02  7.201813e+01  1.851367e+02 
  548.000  1.212047e+03  3.598639e+02  1.079381e+03  1.121523e+02  6.661395e+01  1.717888e+02 
  549.000  1.275564e+03  3.781051e+02  1.135694e+03  1.180278e+02  7.001228e+01  1.807513e+02 
  550.000  1.248469e+03  3.686759e+02  1.111011e+03  1.155163e+02  6.831574e+01  1.768229e+02 
  551.000  1.241180e+03  3.660280e+02  1.104410e+03  1.148400e+02  6.784489e+01  1.757724e+02 
  552.000  1.295407e+03  3.812869e+02  1.152494e+03  1.198546e+02  7.070252e+01  1.834251e+02 
  553.000  1.245600e+03  3.656637e+02  1.107961e+03  1.152427e+02  6.784403e+01  1.763375e+02 
  554.000  1.287065e+03  3.771283e+02  1.144682e+03  1.190765e+02  6.999948e+01  1.821817e+02 
  555.000  1.291483e+03  3.777047e+02  1.148445e+03  1.194825e+02  7.013520e+01  1.827808e+02 
  556.000  1.256665e+03  3.668937e+02  1.117339e+03  1.162590e+02  6.815286e+01  1.778301e+02 
  557.000  1.220253e+03  3.556187e+02  1.084816e+03  1.128880e+02  6.608427e+01  1.726538e+02 
  558.000  1.267523e+03  3.687460e+02  1.126690e+03  1.172587e+02  6.854967e+01  1.793183e+02 
  559.000  1.199158e+03  3.480221e+02  1.065727e+03  1.109311e+02  6.473051e+01  1.696158e+02 
  560.000  1.205453e+03  3.491442e+02  1.071138e+03  1.115109e+02  6.496718e+01  1.704769e+02 
  561.000  1.325991e+03  3.833225e+02  1.177905e+03  1.226587e+02  7.135416e+01  1.874693e+02 
  562.000  1.218491e+03  3.515894e+02  1.082105e+03  1.127122e+02  6.547150e+01  1.722224e+02 
  563.000  1.275983e+03  3.674905e+02  1.132843e+03  1.180278e+02  6.845808e+01  1.802975e+02 
  564.000  1.259374e+03  3.619448e+02  1.117743e+03  1.164888e+02  6.745326e+01  1.778943e+02 
  565.000  1.275832e+03  3.660526e+02  1.132061e+03  1.180089e+02  6.824191e+01  1.801731e+02 
  566.000  1.177603e+03  3.371500e+02  1.044567e+03  1.089206e+02  6.288039e+01  1.662480e+02 
  567.000  1.265503e+03  3.616774e+02  1.122240e+03  1.170484e+02  6.747860e+01  1.786100e+02 
  568.000  1.267340e+03  3.616394e+02  1.123607e+03  1.172164e+02  6.749241e+01  1.788276e+02 
  569.000  1.251519e+03  3.561234e+02  1.109114e+03  1.157495e+02  6.650013e+01  1.765210e+02 
  570.000  1.258034e+03  3.570322e+02  1.114448e+03  1.163487e+02  6.670491e+01  1.773699e+02 
  571.000  1.208839e+03  3.424135e+02  1.070563e+03  1.117967e+02  6.399809e+01  1.703853e+02 
  572.000  1.284410e+03  3.633410e+02  1.137267e+03  1.187840e+02  6.792728e+01  1.810016e+02 
  573.000  1.297676e+03  3.662628e+02  1.148626e+03  1.200079e+02  6.850436e+01  1.828094e+02 
  574.000  1.291234e+03  3.637598e+02  1.142605e+03  1.194098e+02  6.806167e+01  1.818512e+02 
  575.000  1.261082e+03  3.544609e+02  1.115548e+03  1.166186e+02  6.635166e+01  1.775450e+02 
  576.000  1.238846e+03  3.473863e+02  1.095494e+03  1.145594e+02  6.505799e+01  1.743533e+02 
  577.000  1.288926e+03  3.608095e+02  1.139490e+03  1.191882e+02  6.759492e+01  1.813555e+02 
  578.000  1.249338e+03  3.488877e+02  1.104100e+03  1.155246e+02  6.539266e+01  1.757230e+02 
  579.000  1.238067e+03  3.450227e+02  1.093805e+03  1.144798e+02  6.469490e+01  1.740844e+02 
  580.000  1.278864e+03  3.558935e+02  1.129616e+03  1.182505e+02  6.675182e+01  1.797839e+02 
  581.000  1.253181e+03  3.479916e+02  1.106750e+03  1.158731e+02  6.529993e+01  1.761448e+02 
  582.000  1.270391e+03  3.520263e+02  1.121774e+03  1.174617e+02  6.608683e+01  1.785359e+02 
  583.000  1.278430e+03  3.536323e+02  1.128727e+03  1.182029e+02  6.641323e+01  1.796425e+02 
  584.000  1.274049e+03  3.514001e+02  1.124618e+03  1.177943e+02  6.603488e+01  1.789886e+02 
  585.000  1.265197e+03  3.484921e+02  1.116694e+03  1.169742e+02  6.550710e+01  1.777274e+02 
  586.000  1.210672e+03  3.327681e+02  1.068403e+03  1.119306e+02  6.257968e+01  1.700416e+02 
  587.000  1.260479e+03  3.461166e+02  1.112276e+03  1.165343e+02  6.510366e+01  1.770242e+02 
  588.000  1.259699e+03  3.450390e+02  1.111383e+03  1.164591e+02  6.493553e+01  1.768820e+02 
  589.000  1.133546e+03  3.098947e+02  9.999426e+02  1.047942e+02  5.834509e+01  1.591458e+02 
  590.000  1.185272e+03  3.232027e+02  1.045357e+03  1.095733e+02  6.088381e+01  1.663737e+02 
  591.000  1.247404e+03  3.394340e+02  1.099678e+03  1.153148e+02  6.396611e+01  1.750192e+02 
  592.000  1.230525e+03  3.342191e+02  1.084368e+03  1.137524e+02  6.300483e+01  1.725825e+02 
  593.000  1.229940e+03  3.332752e+02  1.083308e+03  1.136957e+02  6.285395e+01  1.724138e+02 
  594.000  1.244954e+03  3.365735e+02  1.095999e+03  1.150810e+02  6.350254e+01  1.744336e+02 
  595.000  1.231696e+03  3.320968e+02  1.083708e+03  1.138525e+02  6.268868e+01  1.724776e+02 
  596.000  1.249141e+03  3.360749e+02  1.098555e+03  1.154626e+02  6.346463e+01  1.748404e+02 
  597.000  1.257106e+03  3.378964e+02  1.105336e+03  1.161978e+02  6.381971e+01  1.759198e+02 
  598.000  1.226976e+03  3.290553e+02  1.078330e+03  1.134104e+02  6.217548e+01  1.716215e+02 
  599.000  1.226294e+03  3.281321e+02  1.077217e+03  1.133448e+02  6.202658e+01  1.714444e+02 
  600.000  1.222647e+03  3.264727e+02  1.073540e+03  1.130056e+02  6.173651e+01  1.708592e+02 
  601.000  1.213605e+03  3.233813e+02  1.065132e+03  1.121677e+02  6.117529e+01  1.695210e+02 
  602.000  1.200748e+03  3.188969e+02  1.053114e+03  1.109758e+02  6.036347e+01  1.676083e+02 
  603.000  1.207244e+03  3.200259e+02  1.058398e+03  1.115743e+02  6.059778e+01  1.684493e+02 
  604.000  1.244205e+03  3.293490e+02  1.090473e+03  1.149887e+02  6.237954e+01  1.735542e+02 
  605.000  1.240569e+03  3.276243e+02  1.086758e+03  1.146502e+02  6.207919e+01  1.729629e+02 
  606.000  1.226126e+03  3.229662e+02  1.073521e+03  1.133126e+02  6.122569e+01  1.708561e+02 
  607.000  1.219072e+03  3.204627e+02  1.066898e+03  1.126587e+02  6.077341e+01  1.698021e+02 
  608.000  1.214675e+03  3.184251e+02  1.062438e+03  1.122495e+02  6.041744e+01  1.690923e+02 
  609.000  1.201911e+03  3.147257e+02  1.051029e+03  1.110688e+02  5.972774e+01  1.672765e+02 
  610.000  1.182610e+03  3.089661e+02  1.033662e+03  1.092829e+02  5.865908e+01  1.645124e+02 
  611.000  1.201527e+03  3.133248e+02  1.049793e+03  1.110292e+02  5.950678e+01  1.670797e+02 
  612.000  1.185938e+03  3.083011e+02  1.035508e+03  1.095855e+02  5.858579e+01  1.648062e+02 
  613.000  1.168475e+03  3.031016e+02  1.019803e+03  1.079698e+02  5.762054e+01  1.623067e+02 
  614.000  1.126076e+03  2.916039e+02  9.824525e+02  1.040504e+02  5.545206e+01  1.563622e+02 
  615.000  1.179850e+03  3.049265e+02  1.028950e+03  1.090173e+02  5.800635e+01  1.637625e+02 
  616.000  1.121910e+03  2.890972e+02  9.778282e+02  1.036609e+02  5.502469e+01  1.556262e+02 
  617.000  1.128220e+03  2.900843e+02  9.828852e+02  1.042419e+02  5.523467e+01  1.564310e+02 
  618.000  1.181405e+03  3.032504e+02  1.028866e+03  1.091543e+02  5.775921e+01  1.637491e+02 
  619.000  1.170802e+03  2.998301e+02  1.019148e+03  1.081724e+02  5.713192e+01  1.622024e+02 
  620.000  1.188447e+03  3.035411e+02  1.033963e+03  1.098002e+02  5.786715e+01  1.645603e+02 
  621.000  1.209269e+03  3.081072e+02  1.051725e+03  1.117215e+02  5.876564e+01  1.673872e+02 
  622.000  1.145574e+03  2.915580e+02  9.961777e+02  1.058359e+02  5.562113e+01  1.585466e+02 
  623.000  1.155277e+03  2.930465e+02  1.004154e+03  1.067291e+02  5.594160e+01  1.598160e+02 
  624.000  1.156834e+03  2.929835e+02  1.005292e+03  1.068716e+02  5.594665e+01  1.599972e+02 
  625.000  1.125870e+03  2.846302e+02  9.781434e+02  1.040093e+02  5.437059e+01  1.556763e+02 
  626.000  1.132815e+03  2.854965e+02  9.837590e+02  1.046482e+02  5.456919e+01  1.565701e+02 
  627.000  1.157308e+03  2.908737e+02  1.004655e+03  1.069083e+02  5.562661e+01  1.598958e+02 
  628.000  1.175077e+03  2.947021e+02  1.019779e+03  1.085476e+02  5.638249e+01  1.623029e+02 
  629.000  1.184426e+03  2.966185e+02  1.027691e+03  1.094099e+02  5.676509e+01  1.635622e+02 
  630.000  1.141953e+03  2.854586e+02  9.905927e+02  1.054849e+02  5.464887e+01  1.576577e+02 
  631.000  1.178564e+03  2.936895e+02  1.021917e+03  1.088639e+02  5.625892e+01  1.626432e+02 
  632.000  1.098413e+03  2.731540e+02  9.521543e+02  1.014586e+02  5.234611e+01  1.515401e+02 
  633.000  1.172474e+03  2.910251e+02  1.016096e+03  1.082978e+02  5.579120e+01  1.617167e+02 
  634.000  1.134758e+03  2.806989e+02  9.829558e+02  1.048111e+02  5.384753e+01  1.564423e+02 
  635.000  1.154228e+03  2.853054e+02  9.997220e+02  1.066087e+02  5.473902e+01  1.591107e+02 
  636.000  1.112103e+03  2.741077e+02  9.628654e+02  1.027154e+02  5.261984e+01  1.532448e+02 
  637.000  1.147891e+03  2.820519e+02  9.934370e+02  1.060181e+02  5.417752e+01  1.581104e+02 
  638.000  1.162827e+03  2.852858e+02  1.006158e+03  1.073963e+02  5.481495e+01  1.601350e+02 
  639.000  1.152620e+03  2.821442e+02  9.970251e+02  1.064517e+02  5.423507e+01  1.586815e+02 
  640.000  1.114634e+03  2.725313e+02  9.640184e+02  1.029424e+02  5.239896e+01  1.534283e+02 
  641.000  1.130510e+03  2.754889e+02  9.773123e+02  1.044058e+02  5.300200e+01  1.555441e+02 
  642.000  1.115934e+03  2.713492e+02  9.644340e+02  1.030579e+02  5.222745e+01  1.534944e+02 
  643.000  1.136740e+03  2.758777e+02  9.821644e+02  1.049777e+02  5.311884e+01  1.563163e+02 
  644.000  1.123562e+03  2.720435e+02  9.704775e+02  1.037588e+02  5.240426e+01  1.544563e+02 
  645.000  1.135511e+03  2.741351e+02  9.804194e+02  1.048598e+02  5.283701e+01  1.560386e+02 
  646.000  1.100651e+03  2.652326e+02  9.500909e+02  1.016392e+02  5.113928e+01  1.512116e+02 
  647.000  1.121864e+03  2.696621e+02  9.680787e+02  1.035960e+02  5.201871e+01  1.540745e+02 
  648.000  1.126540e+03  2.703577e+02  9.719114e+02  1.040265e+02  5.216886e+01  1.546845e+02 
  649.000  1.143165e+03  2.733601e+02  9.857870e+02  1.055587e+02  5.278496e+01  1.568929e+02 
  650.000  1.048868e+03  2.500029e+02  9.041656e+02  9.684896e+01  4.830573e+01  1.439024e+02 
  651.000  1.129726e+03  2.689701e+02  9.737932e+02  1.043141e+02  5.198278e+01  1.549840e+02 
  652.000  1.118075e+03  2.656025e+02  9.636053e+02  1.032366e+02  5.135558e+01  1.533625e+02 
  653.000  1.128903e+03  2.677225e+02  9.728256e+02  1.042349e+02  5.178350e+01  1.548300e+02 
  654.000  1.115878e+03  2.636180e+02  9.613522e+02  1.030293e+02  5.103003e+01  1.530040e+02 
  655.000  1.090429e+03  2.573079e+02  9.393536e+02  1.006786e+02  4.982042e+01  1.495028e+02 
  656.000  9.246815e+02  2.176920e+02  7.964457e+02  8.537375e+01  4.217003e+01  1.267583e+02 
  657.000  9.850308e+02  2.313783e+02  8.482972e+02  9.094409e+01  4.484202e+01  1.350107e+02 
  658.000  1.093635e+03  2.560995e+02  9.416310e+02  1.009687e+02  4.966449e+01  1.498652e+02 
  659.000  1.094344e+03  2.554413e+02  9.420370e+02  1.010317e+02  4.956964e+01  1.499299e+02 
  660.000  1.101844e+03  2.568867e+02  9.484177e+02  1.017232e+02  4.986228e+01  1.509454e+02 
  661.000  1.104199e+03  2.565459e+02  9.502248e+02  1.019380e+02  4.983154e+01  1.512330e+02 
  662.000  1.118574e+03  2.596699e+02  9.625417e+02  1.032644e+02  5.044694e+01  1.531933e+02 
  663.000  1.106825e+03  2.560196e+02  9.522023e+02  1.021771e+02  4.977447e+01  1.515477e+02 
  664.000  1.088651e+03  2.514859e+02  9.364852e+02  1.004983e+02  4.890618e+01  1.490462e+02 
  665.000  1.093160e+03  2.519161e+02  9.402116e+02  1.009128e+02  4.901416e+01  1.496393e+02 
  666.000  1.105840e+03  2.543129e+02  9.509859e+02  1.020817e+02  4.950138e+01  1.513541e+02 
  667.000  1.083825e+03  2.483961e+02  9.318410e+02  1.000470e+02  4.838363e+01  1.483071e+02 
  668.000  1.089410e+03  2.492687e+02  9.365411e+02  1.005613e+02  4.856981e+01  1.490552e+02 
  669.000  1.105062e+03  2.520831e+02  9.498049e+02  1.020039e+02  4.914865e+01  1.511661e+02 
  670.000  1.091587e+03  2.486609e+02  9.381351e+02  1.007589e+02  4.849528e+01  1.493088e+02 
  671.000  1.080251e+03  2.451091e+02  9.279481e+02  9.970981e+01  4.783885e+01  1.476875e+02 
  672.000  1.076451e+03  2.439911e+02  9.245618e+02  9.935838e+01  4.763017e+01  1.471486e+02 
  673.000  1.084400e+03  2.449087e+02  9.309653e+02  1.000895e+02  4.784216e+01  1.481677e+02 
  674.000  1.086313e+03  2.449856e+02  9.324380e+02  1.002651e+02  4.787040e+01  1.484021e+02 
  675.000  1.069954e+03  2.404237e+02  9.179780e+02  9.875266e+01  4.701144e+01  1.461008e+02 
  676.000  1.089965e+03  2.445962e+02  9.349910e+02  1.005986e+02  4.783936e+01  1.488084e+02 
  677.000  1.068244e+03  2.392928e+02  9.161529e+02  9.859268e+01  4.681805e+01  1.458103e+02 
  678.000  1.086176e+03  2.424961e+02  9.311418e+02  1.002454e+02  4.747502e+01  1.481958e+02 
  679.000  1.070827e+03  2.386827e+02  9.177981e+02  9.882771e+01  4.674282e+01  1.460721e+02 
  680.000  1.063373e+03  2.361302e+02  9.110135e+02  9.813728e+01  4.627640e+01  1.449923e+02 
  681.000  1.065039e+03  2.361206e+02  9.123446e+02  9.828991e+01  4.628957e+01  1.452042e+02 
  682.000  1.063216e+03  2.348994e+02  9.105760e+02  9.811931e+01  4.608253e+01  1.449227e+02 
  683.000  1.070644e+03  2.361146e+02  9.168303e+02  9.880365e+01  4.633782e+01  1.459181e+02 
  684.000  1.052502e+03  2.313388e+02  9.010983e+02  9.712723e+01  4.543124e+01  1.434142e+02 
  685.000  1.063674e+03  2.335498e+02  9.106003e+02  9.815743e+01  4.587514e+01  1.449265e+02 
  686.000  1.021104e+03  2.235302e+02  8.739864e+02  9.422718e+01  4.393367e+01  1.390993e+02 
  687.000  1.069850e+03  2.335399e+02  9.155406e+02  9.872353e+01  4.592722e+01  1.457128e+02 
  688.000  1.055429e+03  2.299600e+02  9.030900e+02  9.739160e+01  4.524031e+01  1.437312e+02 
  689.000  1.062871e+03  2.309513e+02  9.092968e+02  9.807652e+01  4.546027e+01  1.447191e+02 
  690.000  1.060429e+03  2.299948e+02  9.070990e+02  9.784998e+01  4.528885e+01  1.443693e+02 
  691.000  1.053986e+03  2.280570e+02  9.020311e+02  9.725387e+01  4.493494e+01  1.435627e+02 
  692.000  1.039666e+03  2.243243e+02  8.905637e+02  9.593053e+01  4.423479e+01  1.417376e+02 
  693.000  1.041972e+03  2.244518e+02  8.929989e+02  9.614220e+01  4.428055e+01  1.421252e+02 
  694.000  1.051246e+03  2.255976e+02  9.020621e+02  9.699537e+01  4.455457e+01  1.435677e+02 
  695.000  1.030433e+03  2.208958e+02  8.848683e+02  9.507410e+01  4.364294e+01  1.408311e+02 
  696.000  1.041238e+03  2.229875e+02  8.948458e+02  9.607021e+01  4.407302e+01  1.424191e+02 
  697.000  1.039385e+03  2.222466e+02  8.943239e+02  9.589806e+01  4.395235e+01  1.423361e+02 
  698.000  1.020811e+03  2.180837e+02  8.789364e+02  9.418362e+01  4.314339e+01  1.398871e+02 
  699.000  1.043089e+03  2.227640e+02  8.983629e+02  9.623874e+01  4.407519e+01  1.429789e+02 
  700.000  1.030709e+03  2.196506e+02  8.890927e+02  9.509488e+01  4.349357e+01  1.415035e+02 
  701.000  1.008421e+03  2.146880e+02  8.701821e+02  9.303775e+01  4.252316e+01  1.384938e+02 
  702.000  1.003121e+03  2.133336e+02  8.659438e+02  9.254804e+01  4.226787e+01  1.378192e+02 
  703.000  1.014806e+03  2.153971e+02  8.766549e+02  9.362473e+01  4.270090e+01  1.395240e+02 
  704.000  1.017760e+03  2.158076e+02  8.795271e+02  9.389655e+01  4.279470e+01  1.399811e+02 
  705.000  1.026933e+03  2.174155e+02  8.879514e+02  9.474165e+01  4.313287e+01  1.413218e+02 
  706.000  1.016043e+03  2.148102e+02  8.789781e+02  9.373603e+01  4.263319e+01  1.398937e+02 
  707.000  1.000489e+03  2.112937e+02  8.658585e+02  9.230030e+01  4.194834e+01  1.378056e+02 
  708.000  1.029311e+03  2.170783e+02  8.912475e+02  9.495827e+01  4.311407e+01  1.418464e+02 
  709.000  9.920131e+02  2.089294e+02  8.593685e+02  9.151645e+01  4.151180e+01  1.367728e+02 
  710.000  1.016034e+03  2.138139e+02  8.804341e+02  9.373184e+01  4.249226e+01  1.401254e+02 
  711.000  1.005109e+03  2.110428e+02  8.712759e+02  9.272251e+01  4.196447e+01  1.386679e+02 
  712.000  9.903990e+02  2.077504e+02  8.586325e+02  9.136486e+01  4.131944e+01  1.366556e+02 
  713.000  9.870267e+02  2.067471e+02  8.558658e+02  9.105286e+01  4.113387e+01  1.362153e+02 
  714.000  1.003980e+03  2.102188e+02  8.706086e+02  9.261656e+01  4.182835e+01  1.385617e+02 
  715.000  9.700714e+02  2.026903e+02  8.414307e+02  8.948714e+01  4.035058e+01  1.339178e+02 
  716.000  9.964994e+02  2.078809e+02  8.645290e+02  9.192406e+01  4.139954e+01  1.375941e+02 
  717.000  9.732822e+02  2.028850e+02  8.444669e+02  8.978185e+01  4.041180e+01  1.344011e+02 
  718.000  9.694521e+02  2.016434e+02  8.413774e+02  8.942717e+01  4.018538e+01  1.339094e+02 
  719.000  9.586913e+02  1.992045e+02  8.321437e+02  8.843392e+01  3.970881e+01  1.324398e+02 
  720.000  9.662559e+02  2.006112e+02  8.387967e+02  8.913120e+01  3.999699e+01  1.334986e+02 
  721.000  9.625252e+02  1.992885e+02  8.360300e+02  8.878535e+01  3.976099e+01  1.330583e+02 
  722.000  9.752692e+02  2.016700e+02  8.473511e+02  8.996007e+01  4.024945e+01  1.348601e+02 
  723.000  9.737072e+02  2.011554e+02  8.461816e+02  8.981538e+01  4.015667e+01  1.346740e+02 
  724.000  9.810601e+02  2.025567e+02  8.526868e+02  9.049326e+01  4.044250e+01  1.357093e+02 
  725.000  9.703689e+02  1.998981e+02  8.438356e+02  8.950566e+01  3.993502e+01  1.343006e+02 
  726.000  9.689054e+02  1.992455e+02  8.429059e+02  8.936959e+01  3.982281e+01  1.341526e+02 
  727.000  9.829709e+02  2.021067e+02  8.551727e+02  9.066686e+01  4.039629e+01  1.361050e+02 
  728.000  9.666018e+02  1.983458e+02  8.413176e+02  8.915578e+01  3.966500e+01  1.338998e+02 
  729.000  9.278890e+02  1.900450e+02  8.079702e+02  8.558395e+01  3.802343e+01  1.285924e+02 
  730.000  9.623984e+02  1.968756e+02  8.383356e+02  8.876617e+01  3.940321e+01  1.334252e+02 
  731.000  9.467153e+02  1.934955e+02  8.251006e+02  8.731907e+01  3.873823e+01  1.313188e+02 
  732.000  9.636088e+02  1.967914e+02  8.402128e+02  8.887669e+01  3.940862e+01  1.337240e+02 
  733.000  9.481048e+02  1.932683e+02  8.275781e+02  8.744551e+01  3.872701e+01  1.317132e+02 
  734.000  9.672615e+02  1.968515e+02  8.450961e+02  8.921131e+01  3.946656e+01  1.345012e+02 
  735.000  9.598980e+02  1.951637e+02  8.391302e+02  8.853154e+01  3.914084e+01  1.335517e+02 
  736.000  9.426590e+02  1.915066e+02  8.244360e+02  8.694108e+01  3.841756e+01  1.312131e+02 
  737.000  9.550113e+02  1.936272e+02  8.361988e+02  8.807903e+01  3.886895e+01  1.330852e+02 
  738.000  9.520379e+02  1.927984e+02  8.341522e+02  8.780405e+01  3.871766e+01  1.327594e+02 
  739.000  9.211549e+02  1.863171e+02  8.076527e+02  8.495504e+01  3.743126e+01  1.285419e+02 
  740.000  9.293788e+02  1.878456e+02  8.151953e+02  8.571306e+01  3.774733e+01  1.297424e+02 
  741.000  9.217819e+02  1.861133e+02  8.088615e+02  8.501180e+01  3.741077e+01  1.287343e+02 
  742.000  9.069401e+02  1.824928e+02  7.961539e+02  8.364116e+01  3.671213e+01  1.267118e+02 
  743.000  9.334214e+02  1.875954e+02  8.195147e+02  8.608270e+01  3.774918e+01  1.304298e+02 
  744.000  9.422058e+02  1.891320e+02  8.273427e+02  8.689214e+01  3.806905e+01  1.316757e+02 
  745.000  9.177025e+02  1.839920e+02  8.059383e+02  8.463174e+01  3.704479e+01  1.282691e+02 
  746.000  9.306260e+02  1.862270e+02  8.174675e+02  8.582250e+01  3.751139e+01  1.301040e+02 
  747.000  9.453069e+02  1.888508e+02  8.305214e+02  8.717546e+01  3.805452e+01  1.321816e+02 
  748.000  9.277685e+02  1.852047e+02  8.151840e+02  8.555766e+01  3.732644e+01  1.297406e+02 
  749.000  9.279731e+02  1.850688e+02  8.154526e+02  8.557601e+01  3.730730e+01  1.297833e+02 
  750.000  9.146030e+02  1.821480e+02  8.038314e+02  8.434229e+01  3.673034e+01  1.279337e+02 
  751.000  9.123231e+02  1.815061e+02  8.019219e+02  8.413148e+01  3.660964e+01  1.276298e+02 
  752.000  9.264908e+02  1.837785e+02  8.146488e+02  8.543641e+01  3.709338e+01  1.296554e+02 
  753.000  9.177372e+02  1.818824e+02  8.070317e+02  8.462872e+01  3.671811e+01  1.284431e+02 
  754.000  9.321893e+02  1.845039e+02  8.198618e+02  8.596070e+01  3.725861e+01  1.304850e+02 
  755.000  9.269614e+02  1.832169e+02  8.153898e+02  8.547789e+01  3.701044e+01  1.297733e+02 
  756.000  9.088815e+02  1.794559e+02  7.995795e+02  8.381015e+01  3.625941e+01  1.272570e+02 
  757.000  9.156268e+02  1.805974e+02  8.056085e+02  8.443159e+01  3.649889e+01  1.282166e+02 
  758.000  9.155944e+02  1.800751e+02  8.058368e+02  8.442712e+01  3.641725e+01  1.282529e+02 
  759.000  9.013645e+02  1.770116e+02  7.934442e+02  8.311421e+01  3.580998e+01  1.262806e+02 
  760.000  9.096241e+02  1.784236e+02  8.007897e+02  8.387523e+01  3.610508e+01  1.274496e+02 
  761.000  9.102885e+02  1.782993e+02  8.013057e+02  8.393578e+01  3.608978e+01  1.275318e+02 
  762.000  8.856619e+02  1.732452e+02  7.795482e+02  8.166437e+01  3.507552e+01  1.240690e+02 
  763.000  9.129952e+02  1.783293e+02  8.035165e+02  8.418399e+01  3.611481e+01  1.278836e+02 
  764.000  9.147075e+02  1.782159e+02  8.048693e+02  8.434064e+01  3.610884e+01  1.280989e+02 
  765.000  9.148571e+02  1.780522e+02  8.049346e+02  8.435392e+01  3.608297e+01  1.281093e+02 
  766.000  8.628953e+02  1.677076e+02  7.591364e+02  7.956218e+01  3.399537e+01  1.208203e+02 
  767.000  8.696602e+02  1.687462e+02  7.649926e+02  8.018515e+01  3.421637e+01  1.217524e+02 
  768.000  8.994276e+02  1.743295e+02  7.911111e+02  8.292928e+01  3.535579e+01  1.259092e+02 
  769.000  8.929944e+02  1.726982e+02  7.853203e+02  8.233509e+01  3.503950e+01  1.249876e+02 
  770.000  8.857462e+02  1.712216e+02  7.789202e+02  8.166660e+01  3.474274e+01  1.239690e+02 
  771.000  8.852134e+02  1.709119e+02  7.783970e+02  8.161691e+01  3.468789e+01  1.238857e+02 
  772.000  8.819194e+02  1.695992e+02  7.755439e+02  8.131133e+01  3.444976e+01  1.234317e+02 
  773.000  8.783041e+02  1.686857e+02  7.723787e+02  8.097740e+01  3.427333e+01  1.229279e+02 
  774.000  8.874392e+02  1.702640e+02  7.804233e+02  8.181915e+01  3.460137e+01  1.242082e+02 
  775.000  8.539972e+02  1.637161e+02  7.510223e+02  7.873553e+01  3.327621e+01  1.195289e+02 
  776.000  8.892367e+02  1.702073e+02  7.820292e+02  8.198376e+01  3.460663e+01  1.244638e+02 
  777.000  8.833260e+02  1.687279e+02  7.768530e+02  8.143788e+01  3.432038e+01  1.236400e+02 
  778.000  8.788123e+02  1.676443e+02  7.728972e+02  8.102113e+01  3.410922e+01  1.230104e+02 
  779.000  8.819448e+02  1.679768e+02  7.756685e+02  8.130920e+01  3.418793e+01  1.234515e+02 
  780.000  8.712711e+02  1.657251e+02  7.662945e+02  8.032456e+01  3.373877e+01  1.219596e+02 
  781.000  8.700074e+02  1.650840e+02  7.653544e+02  8.020695e+01  3.362639e+01  1.218099e+02 
  782.000  8.808406e+02  1.668016e+02  7.750491e+02  8.120473e+01  3.399174e+01  1.233529e+02 
  783.000  8.604673e+02  1.627612e+02  7.572114e+02  7.932602e+01  3.317673e+01  1.205139e+02 
  784.000  8.656186e+02  1.635326e+02  7.618433e+02  7.980035e+01  3.334327e+01  1.212511e+02 
  785.000  8.686874e+02  1.639064e+02  7.646443e+02  8.008270e+01  3.342891e+01  1.216969e+02 
  786.000  8.547195e+02  1.610785e+02  7.524428e+02  7.879449e+01  3.286095e+01  1.197550e+02 
  787.000  8.694322e+02  1.635004e+02  7.655650e+02  8.014985e+01  3.337107e+01  1.218435e+02 
  788.000  8.573773e+02  1.611479e+02  7.549916e+02  7.903831e+01  3.289483e+01  1.201607e+02 
  789.000  8.658085e+02  1.623560e+02  7.625981e+02  7.981451e+01  3.315865e+01  1.213713e+02 
  790.000  8.574304e+02  1.606316e+02  7.552928e+02  7.904176e+01  3.281347e+01  1.202086e+02 
  791.000  8.527513e+02  1.594404e+02  7.513230e+02  7.860956e+01  3.258448e+01  1.195768e+02 
  792.000  8.389827e+02  1.566333e+02  7.393042e+02  7.733968e+01  3.202142e+01  1.176639e+02 
  793.000  8.371858e+02  1.561212e+02  7.378058e+02  7.717357e+01  3.192478e+01  1.174254e+02 
  794.000  8.265472e+02  1.536113e+02  7.286829e+02  7.619144e+01  3.143549e+01  1.159735e+02 
  795.000  8.237581e+02  1.528904e+02  7.263212e+02  7.593380e+01  3.129718e+01  1.155976e+02 
  796.000  8.419873e+02  1.560307e+02  7.425108e+02  7.761352e+01  3.195108e+01  1.181743e+02 
  797.000  8.463522e+02  1.566208e+02  7.464646e+02  7.801526e+01  3.208187e+01  1.188035e+02 
  798.000  8.445130e+02  1.560416e+02  7.449565e+02  7.784509e+01  3.197409e+01  1.185635e+02 
  799.000  8.445327e+02  1.559341e+02  7.450271e+02  7.784660e+01  3.195710e+01  1.185748e+02 
