  291.000  3.625937e+02  1.995030e+02  4.248750e+02  3.397420e+01  3.300500e+01  6.762096e+01 
  292.000  3.985537e+02  2.199407e+02  4.680722e+02  3.733772e+01  3.645742e+01  7.449600e+01 
  293.000  3.091476e+02  1.711149e+02  3.639031e+02  2.895734e+01  2.841991e+01  5.791697e+01 
  294.000  3.281786e+02  1.822006e+02  3.871980e+02  3.073512e+01  3.032103e+01  6.162447e+01 
  295.000  2.908288e+02  1.618980e+02  3.438311e+02  2.723343e+01  2.698927e+01  5.472242e+01 
  296.000  4.006159e+02  2.237056e+02  4.747404e+02  3.750809e+01  3.736757e+01  7.555729e+01 
  297.000  2.171297e+02  1.215785e+02  2.578385e+02  2.032621e+01  2.034409e+01  4.103627e+01 
  298.000  3.556967e+02  1.997974e+02  4.233957e+02  3.329267e+01  3.350030e+01  6.738551e+01 
  299.000  3.515206e+02  1.980838e+02  4.194354e+02  3.289663e+01  3.328049e+01  6.675523e+01 
  300.000  2.836875e+02  1.603059e+02  3.392113e+02  2.654491e+01  2.698125e+01  5.398716e+01 
  301.000  4.140628e+02  2.335504e+02  4.948384e+02  3.874158e+01  3.933039e+01  7.875598e+01 
  302.000  2.925883e+02  1.646855e+02  3.494507e+02  2.737370e+01  2.775070e+01  5.561681e+01 
  303.000  4.242736e+02  2.383615e+02  5.064525e+02  3.969103e+01  4.018778e+01  8.060442e+01 
  304.000  3.792530e+02  2.126693e+02  4.524638e+02  3.547684e+01  3.587598e+01  7.201186e+01 
  305.000  4.266428e+02  2.387918e+02  5.087213e+02  3.990708e+01  4.030525e+01  8.096549e+01 
  306.000  3.664892e+02  2.046776e+02  4.367180e+02  3.427770e+01  3.456949e+01  6.950582e+01 
  307.000  4.003005e+02  2.231314e+02  4.767417e+02  3.743742e+01  3.770777e+01  7.587580e+01 
  308.000  4.206427e+02  2.340167e+02  5.006866e+02  3.933710e+01  3.957005e+01  7.968675e+01 
  309.000  3.853322e+02  2.139543e+02  4.583970e+02  3.603242e+01  3.619866e+01  7.295615e+01 
  310.000  3.159911e+02  1.751089e+02  3.757020e+02  2.954623e+01  2.964388e+01  5.979483e+01 
  311.000  5.490109e+02  3.036637e+02  6.526597e+02  5.133068e+01  5.144034e+01  1.038740e+02 
  312.000  3.972152e+02  2.193455e+02  4.721473e+02  3.713601e+01  3.717790e+01  7.514458e+01 
  313.000  4.449744e+02  2.452474e+02  5.288381e+02  4.159805e+01  4.159575e+01  8.416720e+01 
  314.000  4.379006e+02  2.408822e+02  5.203539e+02  4.093381e+01  4.088275e+01  8.281689e+01 
  315.000  4.455716e+02  2.446243e+02  5.293899e+02  4.164785e+01  4.154593e+01  8.425502e+01 
  316.000  3.346268e+02  1.834051e+02  3.975233e+02  3.127582e+01  3.116690e+01  6.326780e+01 
  317.000  4.519620e+02  2.472251e+02  5.368309e+02  4.223944e+01  4.204099e+01  8.543929e+01 
  318.000  4.185335e+02  2.284830e+02  4.970487e+02  3.911242e+01  3.888078e+01  7.910776e+01 
  319.000  4.072090e+02  2.219179e+02  4.835353e+02  3.805174e+01  3.778619e+01  7.695704e+01 
  320.000  4.488126e+02  2.440958e+02  5.328572e+02  4.193630e+01  4.159174e+01  8.480686e+01 
  321.000  4.482186e+02  2.433601e+02  5.322183e+02  4.187815e+01  4.149323e+01  8.470517e+01 
  322.000  4.359315e+02  2.362178e+02  5.177036e+02  4.072710e+01  4.030611e+01  8.239509e+01 
  323.000  3.504446e+02  1.895688e+02  4.162330e+02  3.273837e+01  3.236760e+01  6.624554e+01 
  324.000  4.052330e+02  2.187628e+02  4.813767e+02  3.785385e+01  3.738120e+01  7.661349e+01 
  325.000  4.923367e+02  2.653213e+02  5.849202e+02  4.598747e+01  4.536720e+01  9.309295e+01 
  326.000  6.146219e+02  3.306384e+02  7.302921e+02  5.740602e+01  5.657384e+01  1.162296e+02 
  327.000  6.105944e+02  3.278899e+02  7.255971e+02  5.702617e+01  5.614164e+01  1.154824e+02 
  328.000  5.497582e+02  2.946060e+02  6.533980e+02  5.134053e+01  5.048301e+01  1.039915e+02 
  329.000  5.854569e+02  3.131716e+02  6.959133e+02  5.467079e+01  5.370141e+01  1.107580e+02 
  330.000  6.104532e+02  3.259507e+02  7.257184e+02  5.700126e+01  5.593162e+01  1.155017e+02 
  331.000  5.230105e+02  2.787845e+02  6.221840e+02  4.883309e+01  4.787564e+01  9.902366e+01 
  332.000  5.456157e+02  2.903344e+02  6.495146e+02  5.094038e+01  4.989849e+01  1.033735e+02 
  333.000  6.150906e+02  3.267371e+02  7.327162e+02  5.742300e+01  5.619956e+01  1.166154e+02 
  334.000  5.321867e+02  2.822054e+02  6.343898e+02  4.968007e+01  4.857894e+01  1.009663e+02 
  335.000  5.537224e+02  2.931094e+02  6.605122e+02  5.168703e+01  5.049675e+01  1.051238e+02 
  336.000  4.146801e+02  2.191197e+02  4.949934e+02  3.870562e+01  3.778059e+01  7.878065e+01 
  337.000  4.060583e+02  2.141812e+02  4.850350e+02  3.789836e+01  3.695940e+01  7.719572e+01 
  338.000  4.918611e+02  2.589596e+02  5.879210e+02  4.590405e+01  4.471291e+01  9.357053e+01 
  339.000  4.914007e+02  2.582342e+02  5.877657e+02  4.585865e+01  4.461329e+01  9.354581e+01 
  340.000  5.626472e+02  2.952111e+02  6.733620e+02  5.250521e+01  5.102613e+01  1.071689e+02 
  341.000  4.719263e+02  2.471124e+02  5.648669e+02  4.403696e+01  4.273381e+01  8.990135e+01 
  342.000  4.942994e+02  2.582996e+02  5.917054e+02  4.612220e+01  4.469071e+01  9.417284e+01 
  343.000  4.995531e+02  2.605084e+02  5.980540e+02  4.660991e+01  4.509551e+01  9.518325e+01 
  344.000  4.571115e+02  2.379645e+02  5.472894e+02  4.264806e+01  4.121039e+01  8.710382e+01 
  345.000  5.836257e+02  3.031920e+02  6.988315e+02  5.444877e+01  5.253314e+01  1.112225e+02 
  346.000  6.476922e+02  3.358852e+02  7.756085e+02  6.042305e+01  5.822268e+01  1.234419e+02 
  347.000  6.178317e+02  3.197219e+02  7.399238e+02  5.763424e+01  5.544955e+01  1.177625e+02 
  348.000  5.835793e+02  3.014600e+02  6.989599e+02  5.443653e+01  5.230505e+01  1.112429e+02 
  349.000  6.411934e+02  3.305104e+02  7.680403e+02  5.980751e+01  5.737552e+01  1.222374e+02 
  350.000  6.576915e+02  3.384032e+02  7.878665e+02  6.134357e+01  5.877153e+01  1.253929e+02 
  351.000  6.265840e+02  3.216845e+02  7.505693e+02  5.843891e+01  5.589643e+01  1.194568e+02 
  352.000  6.451874e+02  3.306196e+02  7.728185e+02  6.017119e+01  5.747353e+01  1.229979e+02 
  353.000  5.896692e+02  3.014909e+02  7.062783e+02  5.499042e+01  5.243696e+01  1.124077e+02 
  354.000  6.827987e+02  3.484482e+02  8.177858e+02  6.367238e+01  6.063029e+01  1.301547e+02 
  355.000  6.945000e+02  3.537463e+02  8.317606e+02  6.476054e+01  6.157901e+01  1.323788e+02 
  356.000  6.592453e+02  3.350179e+02  7.894916e+02  6.146965e+01  5.834959e+01  1.256515e+02 
  357.000  4.233417e+02  2.147205e+02  5.069554e+02  3.947157e+01  3.741412e+01  8.068446e+01 
  358.000  4.618587e+02  2.338015e+02  5.530519e+02  4.306079e+01  4.075706e+01  8.802094e+01 
  359.000  4.664671e+02  2.356725e+02  5.585414e+02  4.348840e+01  4.110167e+01  8.889463e+01 
  360.000  6.943934e+02  3.501364e+02  8.314139e+02  6.473473e+01  6.109195e+01  1.323236e+02 
  361.000  5.512349e+02  2.774077e+02  6.600535e+02  5.138634e+01  4.842517e+01  1.050508e+02 
  362.000  6.052786e+02  3.038858e+02  7.248346e+02  5.642109e+01  5.307779e+01  1.153610e+02 
  363.000  6.448575e+02  3.231145e+02  7.722919e+02  6.010756e+01  5.646360e+01  1.229141e+02 
  364.000  6.451493e+02  3.226150e+02  7.727017e+02  6.013187e+01  5.640371e+01  1.229793e+02 
  365.000  6.057674e+02  3.023121e+02  7.255901e+02  5.645851e+01  5.287999e+01  1.154813e+02 
  366.000  8.335620e+02  4.151514e+02  9.985204e+02  7.768558e+01  7.265347e+01  1.589195e+02 
  367.000  7.479804e+02  3.717675e+02  8.960716e+02  6.970623e+01  6.509339e+01  1.426142e+02 
  368.000  7.073475e+02  3.508490e+02  8.474589e+02  6.591633e+01  6.146146e+01  1.348773e+02 
  369.000  6.821667e+02  3.377989e+02  8.173403e+02  6.356730e+01  5.919917e+01  1.300837e+02 
  370.000  7.867214e+02  3.887614e+02  9.426844e+02  7.330659e+01  6.816486e+01  1.500329e+02 
  371.000  6.300231e+02  3.106658e+02  7.548813e+02  5.870257e+01  5.449837e+01  1.201431e+02 
  372.000  6.649408e+02  3.271803e+02  7.966680e+02  6.195299e+01  5.742366e+01  1.267936e+02 
  373.000  6.643245e+02  3.261704e+02  7.958774e+02  6.189249e+01  5.727479e+01  1.266678e+02 
  374.000  5.157334e+02  2.526637e+02  6.178207e+02  4.804647e+01  4.438932e+01  9.832922e+01 
  375.000  4.734259e+02  2.315299e+02  5.671080e+02  4.410328e+01  4.069278e+01  9.025805e+01 
  376.000  6.788063e+02  3.312390e+02  8.130739e+02  6.323289e+01  5.824670e+01  1.294047e+02 
  377.000  6.962255e+02  3.389836e+02  8.338808e+02  6.485229e+01  5.963894e+01  1.327162e+02 
  378.000  9.025735e+02  4.386649e+02  1.080967e+03  8.406991e+01  7.720801e+01  1.720412e+02 
  379.000  6.963319e+02  3.376656e+02  8.339022e+02  6.485634e+01  5.946214e+01  1.327196e+02 
  380.000  6.530733e+02  3.159686e+02  7.820306e+02  6.082415e+01  5.567018e+01  1.244640e+02 
  381.000  7.331682e+02  3.540518e+02  8.776854e+02  6.828105e+01  6.240389e+01  1.396880e+02 
  382.000  5.476696e+02  2.638466e+02  6.553823e+02  5.100269e+01  4.652703e+01  1.043073e+02 
  383.000  3.816023e+02  1.834026e+02  4.564853e+02  3.553557e+01  3.235714e+01  7.265189e+01 
  384.000  4.197291e+02  2.013387e+02  5.019448e+02  3.908442e+01  3.553543e+01  7.988699e+01 
  385.000  6.313017e+02  3.020942e+02  7.546777e+02  5.878265e+01  5.334460e+01  1.201107e+02 
  386.000  4.896406e+02  2.338487e+02  5.851556e+02  4.559023e+01  4.130999e+01  9.313041e+01 
  387.000  5.615553e+02  2.675363e+02  6.708452e+02  5.228349e+01  4.728460e+01  1.067683e+02 
  388.000  5.555264e+02  2.641406e+02  6.634410e+02  5.172001e+01  4.670319e+01  1.055899e+02 
  389.000  6.320247e+02  2.999158e+02  7.545687e+02  5.883963e+01  5.305013e+01  1.200933e+02 
  390.000  7.651205e+02  3.621676e+02  9.131517e+02  7.122676e+01  6.409445e+01  1.453326e+02 
  391.000  8.544163e+02  4.036770e+02  1.020031e+03  7.953619e+01  7.147675e+01  1.623429e+02 
  392.000  7.579007e+02  3.574015e+02  9.050793e+02  7.054875e+01  6.331527e+01  1.440479e+02 
  393.000  4.056159e+02  1.908210e+02  4.845659e+02  3.775454e+01  3.382647e+01  7.712106e+01 
  394.000  4.479918e+02  2.103530e+02  5.353514e+02  4.169712e+01  3.730815e+01  8.520383e+01 
  395.000  7.505621e+02  3.517446e+02  8.971946e+02  6.985609e+01  6.241775e+01  1.427930e+02 
  396.000  7.711856e+02  3.604979e+02  9.222094e+02  7.177159e+01  6.401458e+01  1.467742e+02 
  397.000  3.132583e+02  1.461438e+02  3.747201e+02  2.915261e+01  2.596508e+01  5.963856e+01 
  398.000  8.747214e+02  4.072907e+02  1.046656e+03  8.140038e+01  7.240034e+01  1.665804e+02 
  399.000  1.046712e+03  4.864784e+02  1.252804e+03  9.740172e+01  8.651958e+01  1.993900e+02 
  400.000  1.026429e+03  4.759942e+02  1.228943e+03  9.550979e+01  8.470551e+01  1.955924e+02 
  401.000  1.017598e+03  4.707579e+02  1.218631e+03  9.468325e+01  8.382549e+01  1.939511e+02 
  402.000  1.075510e+03  4.965772e+02  1.288199e+03  1.000676e+02  8.846706e+01  2.050232e+02 
  403.000  1.004657e+03  4.628594e+02  1.203557e+03  9.347104e+01  8.250565e+01  1.915520e+02 
  404.000  1.076704e+03  4.950805e+02  1.290082e+03  1.001701e+02  8.829322e+01  2.053230e+02 
  405.000  9.848906e+02  4.518048e+02  1.180306e+03  9.162386e+01  8.062344e+01  1.878515e+02 
  406.000  9.747838e+02  4.463784e+02  1.168366e+03  9.068034e+01  7.969098e+01  1.859512e+02 
  407.000  9.470331e+02  4.325961e+02  1.135338e+03  8.809432e+01  7.727924e+01  1.806946e+02 
  408.000  1.023230e+03  4.665277e+02  1.226874e+03  9.517861e+01  8.338050e+01  1.952631e+02 
  409.000  1.129759e+03  5.139195e+02  1.354858e+03  1.050828e+02  9.190417e+01  2.156324e+02 
  410.000  9.420925e+02  4.276933e+02  1.129983e+03  8.762375e+01  7.652335e+01  1.798424e+02 
  411.000  1.103647e+03  4.996831e+02  1.322918e+03  1.026447e+02  8.944881e+01  2.105490e+02 
  412.000  1.140713e+03  5.152568e+02  1.366516e+03  1.060874e+02  9.227567e+01  2.174878e+02 
  413.000  1.074810e+03  4.844723e+02  1.286868e+03  9.995454e+01  8.679539e+01  2.048113e+02 
  414.000  1.052620e+03  4.732062e+02  1.259429e+03  9.788616e+01  8.481788e+01  2.004443e+02 
  415.000  1.119783e+03  5.022612e+02  1.339003e+03  1.041276e+02  9.006255e+01  2.131090e+02 
  416.000  1.110237e+03  4.967446e+02  1.326737e+03  1.032352e+02  8.911331e+01  2.111567e+02 
  417.000  1.073667e+03  4.794901e+02  1.282420e+03  9.983135e+01  8.604687e+01  2.041035e+02 
  418.000  1.047817e+03  4.668431e+02  1.250784e+03  9.742361e+01  8.381304e+01  1.990684e+02 
  419.000  1.071189e+03  4.758795e+02  1.277734e+03  9.959154e+01  8.548002e+01  2.033577e+02 
