  291.000  3.625937e+02  1.602355e+02  9.933754e+00  3.397420e+01  2.171394e+01  1.581006e+00 
  292.000  3.985537e+02  1.763833e+02  1.092380e+01  3.733772e+01  2.394064e+01  1.738577e+00 
  293.000  3.091476e+02  1.370167e+02  8.477121e+00  2.895734e+01  1.862750e+01  1.349176e+00 
  294.000  3.281786e+02  1.456667e+02  9.003061e+00  3.073512e+01  1.983574e+01  1.432882e+00 
  295.000  2.908288e+02  1.292569e+02  7.981627e+00  2.723343e+01  1.762641e+01  1.270316e+00 
  296.000  4.006159e+02  1.783188e+02  1.099976e+01  3.750809e+01  2.435689e+01  1.750666e+00 
  297.000  2.171297e+02  9.677509e+01  5.964192e+00  2.032621e+01  1.323785e+01  9.492307e-01 
  298.000  3.556967e+02  1.587768e+02  9.774997e+00  3.329267e+01  2.175524e+01  1.555739e+00 
  299.000  3.515206e+02  1.571545e+02  9.664826e+00  3.289663e+01  2.156904e+01  1.538205e+00 
  300.000  2.836875e+02  1.269972e+02  7.803009e+00  2.654491e+01  1.745559e+01  1.241888e+00 
  301.000  4.140628e+02  1.849776e+02  1.138177e+01  3.874158e+01  2.543494e+01  1.811465e+00 
  302.000  2.925883e+02  1.303981e+02  8.036742e+00  2.737370e+01  1.793827e+01  1.279087e+00 
  303.000  4.242736e+02  1.886880e+02  1.164627e+01  3.969103e+01  2.596736e+01  1.853561e+00 
  304.000  3.792530e+02  1.683077e+02  1.040365e+01  3.547684e+01  2.317199e+01  1.655793e+00 
  305.000  4.266428e+02  1.889335e+02  1.169595e+01  3.990708e+01  2.602228e+01  1.861468e+00 
  306.000  3.664892e+02  1.618950e+02  1.003930e+01  3.427770e+01  2.230869e+01  1.597804e+00 
  307.000  4.003005e+02  1.764462e+02  1.095819e+01  3.743742e+01  2.432390e+01  1.744050e+00 
  308.000  4.206427e+02  1.850061e+02  1.150733e+01  3.933710e+01  2.551459e+01  1.831448e+00 
  309.000  3.853322e+02  1.691013e+02  1.053424e+01  3.603242e+01  2.333096e+01  1.676576e+00 
  310.000  3.159911e+02  1.383626e+02  8.635151e+00  2.954623e+01  1.909808e+01  1.374327e+00 
  311.000  5.490109e+02  2.398627e+02  1.507271e+01  5.133068e+01  3.312345e+01  2.398896e+00 
  312.000  3.972152e+02  1.732116e+02  1.094874e+01  3.713601e+01  2.392897e+01  1.742547e+00 
  313.000  4.449744e+02  1.936019e+02  1.232226e+01  4.159805e+01  2.675850e+01  1.961149e+00 
  314.000  4.379006e+02  1.900929e+02  1.218285e+01  4.093381e+01  2.628601e+01  1.938961e+00 
  315.000  4.455716e+02  1.929815e+02  1.245402e+01  4.164785e+01  2.669826e+01  1.982119e+00 
  316.000  3.346268e+02  1.446446e+02  9.390402e+00  3.127582e+01  2.001932e+01  1.494529e+00 
  317.000  4.519620e+02  1.949108e+02  1.274225e+01  4.223944e+01  2.698950e+01  2.027993e+00 
  318.000  4.185335e+02  1.800731e+02  1.185486e+01  3.911242e+01  2.494715e+01  1.886759e+00 
  319.000  4.072090e+02  1.748473e+02  1.158023e+01  3.805174e+01  2.423347e+01  1.843052e+00 
  320.000  4.488126e+02  1.922540e+02  1.282297e+01  4.193630e+01  2.665931e+01  2.040840e+00 
  321.000  4.482186e+02  1.916062e+02  1.285728e+01  4.187815e+01  2.658095e+01  2.046300e+00 
  322.000  4.359315e+02  1.859048e+02  1.256328e+01  4.072710e+01  2.580310e+01  1.999509e+00 
  323.000  3.504446e+02  1.491376e+02  1.014009e+01  3.273837e+01  2.070900e+01  1.613845e+00 
  324.000  4.052330e+02  1.720319e+02  1.178027e+01  3.785385e+01  2.390038e+01  1.874887e+00 
  325.000  4.923367e+02  2.085680e+02  1.436983e+01  4.598747e+01  2.898925e+01  2.287029e+00 
  326.000  6.146219e+02  2.598173e+02  1.801098e+01  5.740602e+01  3.612870e+01  2.866537e+00 
  327.000  6.105944e+02  2.575612e+02  1.796483e+01  5.702617e+01  3.583120e+01  2.859191e+00 
  328.000  5.497582e+02  2.313147e+02  1.625078e+01  5.134053e+01  3.219699e+01  2.586391e+00 
  329.000  5.854569e+02  2.457986e+02  1.737561e+01  5.467079e+01  3.422876e+01  2.765415e+00 
  330.000  6.104532e+02  2.557305e+02  1.818986e+01  5.700126e+01  3.562834e+01  2.895006e+00 
  331.000  5.230105e+02  2.186074e+02  1.557398e+01  4.883309e+01  3.046950e+01  2.478675e+00 
  332.000  5.456157e+02  2.275404e+02  1.623628e+01  5.094038e+01  3.172837e+01  2.584084e+00 
  333.000  6.150906e+02  2.559296e+02  1.829143e+01  5.742300e+01  3.570263e+01  2.911170e+00 
  334.000  5.321867e+02  2.209264e+02  1.581537e+01  4.968007e+01  3.083324e+01  2.517095e+00 
  335.000  5.537224e+02  2.293351e+02  1.644421e+01  5.168703e+01  3.202104e+01  2.617177e+00 
  336.000  4.146801e+02  1.713479e+02  1.230659e+01  3.870562e+01  2.393528e+01  1.958655e+00 
  337.000  4.060583e+02  1.673915e+02  1.204245e+01  3.789836e+01  2.339320e+01  1.916615e+00 
  338.000  4.918611e+02  2.023036e+02  1.457746e+01  4.590405e+01  2.828003e+01  2.320075e+00 
  339.000  4.914007e+02  2.016555e+02  1.455418e+01  4.585865e+01  2.819679e+01  2.316370e+00 
  340.000  5.626472e+02  2.304528e+02  1.665510e+01  5.250521e+01  3.223050e+01  2.650741e+00 
  341.000  4.719263e+02  1.928561e+02  1.402538e+01  4.403696e+01  2.698045e+01  2.232208e+00 
  342.000  4.942994e+02  2.015377e+02  1.475359e+01  4.612220e+01  2.820361e+01  2.348107e+00 
  343.000  4.995531e+02  2.032109e+02  1.497468e+01  4.660991e+01  2.844653e+01  2.383294e+00 
  344.000  4.571115e+02  1.855870e+02  1.375167e+01  4.264806e+01  2.598616e+01  2.188646e+00 
  345.000  5.836257e+02  2.363984e+02  1.763346e+01  5.444877e+01  3.311120e+01  2.806452e+00 
  346.000  6.476922e+02  2.618344e+02  1.963950e+01  6.042305e+01  3.668352e+01  3.125723e+00 
  347.000  6.178317e+02  2.491714e+02  1.881495e+01  5.763424e+01  3.492049e+01  2.994493e+00 
  348.000  5.835793e+02  2.348894e+02  1.783581e+01  5.443653e+01  3.292768e+01  2.838658e+00 
  349.000  6.411934e+02  2.574587e+02  1.968135e+01  5.980751e+01  3.610315e+01  3.132384e+00 
  350.000  6.576915e+02  2.635504e+02  2.026047e+01  6.134357e+01  3.696736e+01  3.224554e+00 
  351.000  6.265840e+02  2.504728e+02  1.938569e+01  5.843891e+01  3.514447e+01  3.085328e+00 
  352.000  6.451874e+02  2.573813e+02  2.003321e+01  6.017119e+01  3.612373e+01  3.188385e+00 
  353.000  5.896692e+02  2.346516e+02  1.838863e+01  5.499042e+01  3.294452e+01  2.926642e+00 
  354.000  6.827987e+02  2.711469e+02  2.136968e+01  6.367238e+01  3.807895e+01  3.401091e+00 
  355.000  6.945000e+02  2.752167e+02  2.181437e+01  6.476054e+01  3.866133e+01  3.471865e+00 
  356.000  6.592453e+02  2.605854e+02  2.079679e+01  6.146965e+01  3.661838e+01  3.309912e+00 
  357.000  4.233417e+02  1.669825e+02  1.340315e+01  3.947157e+01  2.347165e+01  2.133177e+00 
  358.000  4.618587e+02  1.817857e+02  1.467547e+01  4.306079e+01  2.555975e+01  2.335674e+00 
  359.000  4.664671e+02  1.832043e+02  1.487551e+01  4.348840e+01  2.576664e+01  2.367512e+00 
  360.000  6.943934e+02  2.721310e+02  2.222415e+01  6.473473e+01  3.828478e+01  3.537084e+00 
  361.000  5.512349e+02  2.155561e+02  1.770621e+01  5.138634e+01  3.033440e+01  2.818031e+00 
  362.000  6.052786e+02  2.360650e+02  1.952669e+01  5.642109e+01  3.323230e+01  3.107768e+00 
  363.000  6.448575e+02  2.509439e+02  2.087892e+01  6.010756e+01  3.533737e+01  3.322983e+00 
  364.000  6.451493e+02  2.504973e+02  2.096410e+01  6.013187e+01  3.528502e+01  3.336540e+00 
  365.000  6.057674e+02  2.346777e+02  1.975579e+01  5.645851e+01  3.306662e+01  3.144232e+00 
  366.000  8.335620e+02  3.221957e+02  2.728348e+01  7.768558e+01  4.541188e+01  4.342301e+00 
  367.000  7.479804e+02  2.884571e+02  2.457119e+01  6.970623e+01  4.066900e+01  3.910626e+00 
  368.000  7.073475e+02  2.721610e+02  2.332081e+01  6.591633e+01  3.838325e+01  3.711622e+00 
  369.000  6.821667e+02  2.619872e+02  2.255599e+01  6.356730e+01  3.695758e+01  3.589897e+00 
  370.000  7.867214e+02  3.014392e+02  2.610771e+01  7.330659e+01  4.253618e+01  4.155170e+00 
  371.000  6.300231e+02  2.408336e+02  2.098367e+01  5.870257e+01  3.399476e+01  3.339654e+00 
  372.000  6.649408e+02  2.535818e+02  2.222726e+01  6.195299e+01  3.580555e+01  3.537579e+00 
  373.000  6.643245e+02  2.527449e+02  2.228753e+01  6.189249e+01  3.569874e+01  3.547171e+00 
  374.000  5.157334e+02  1.957433e+02  1.736548e+01  4.804647e+01  2.765647e+01  2.763802e+00 
  375.000  4.734259e+02  1.793395e+02  1.598740e+01  4.410328e+01  2.534532e+01  2.544474e+00 
  376.000  6.788063e+02  2.565166e+02  2.300663e+01  6.323289e+01  3.626423e+01  3.661618e+00 
  377.000  6.962255e+02  2.624566e+02  2.368313e+01  6.485229e+01  3.711613e+01  3.769287e+00 
  378.000  9.025735e+02  3.395743e+02  3.079201e+01  8.406991e+01  4.803465e+01  4.900700e+00 
  379.000  6.963319e+02  2.613319e+02  2.384270e+01  6.485634e+01  3.697909e+01  3.794684e+00 
  380.000  6.530733e+02  2.444859e+02  2.244325e+01  6.082415e+01  3.460690e+01  3.571954e+00 
  381.000  7.331682e+02  2.739191e+02  2.526945e+01  6.828105e+01  3.878359e+01  4.021757e+00 
  382.000  5.476696e+02  2.040978e+02  1.894510e+01  5.100269e+01  2.890755e+01  3.015207e+00 
  383.000  3.816023e+02  1.418480e+02  1.324879e+01  3.553557e+01  2.009762e+01  2.108611e+00 
  384.000  4.197291e+02  1.557004e+02  1.461520e+01  3.908442e+01  2.206634e+01  2.326082e+00 
  385.000  6.313017e+02  2.335797e+02  2.206285e+01  5.878265e+01  3.311510e+01  3.511412e+00 
  386.000  4.896406e+02  1.807887e+02  1.716223e+01  4.559023e+01  2.563796e+01  2.731453e+00 
  387.000  5.615553e+02  2.067991e+02  1.975511e+01  5.228349e+01  2.933682e+01  3.144123e+00 
  388.000  5.555264e+02  2.041475e+02  1.960038e+01  5.172001e+01  2.896885e+01  3.119498e+00 
  389.000  6.320247e+02  2.317668e+02  2.236494e+01  5.883963e+01  3.289743e+01  3.559490e+00 
  390.000  7.651205e+02  2.798257e+02  2.718543e+01  7.122676e+01  3.973339e+01  4.326695e+00 
  391.000  8.544163e+02  3.118314e+02  3.066135e+01  7.953619e+01  4.429380e+01  4.879905e+00 
  392.000  7.579007e+02  2.760256e+02  2.746768e+01  7.054875e+01  3.922191e+01  4.371617e+00 
  393.000  4.056159e+02  1.473338e+02  1.488151e+01  3.775454e+01  2.094490e+01  2.368466e+00 
  394.000  4.479918e+02  1.623795e+02  1.659702e+01  4.169712e+01  2.309222e+01  2.641498e+00 
  395.000  7.505621e+02  2.714661e+02  2.807688e+01  6.985609e+01  3.861974e+01  4.468575e+00 
  396.000  7.711856e+02  2.781427e+02  2.921083e+01  7.177159e+01  3.958859e+01  4.649048e+00 
  397.000  3.132583e+02  1.127322e+02  1.198139e+01  2.915261e+01  1.605148e+01  1.906898e+00 
  398.000  8.747214e+02  3.141071e+02  3.377001e+01  8.140038e+01  4.474094e+01  5.374664e+00 
  399.000  1.046712e+03  3.751004e+02  4.076475e+01  9.740172e+01  5.344740e+01  6.487911e+00 
  400.000  1.026429e+03  3.669256e+02  4.039358e+01  9.550979e+01  5.230462e+01  6.428837e+00 
  401.000  1.017598e+03  3.628052e+02  4.049085e+01  9.468325e+01  5.174071e+01  6.444319e+00 
  402.000  1.075510e+03  3.826326e+02  4.317331e+01  1.000676e+02  5.458832e+01  6.871246e+00 
  403.000  1.004657e+03  3.565785e+02  4.071953e+01  9.347104e+01  5.089192e+01  6.480714e+00 
  404.000  1.076704e+03  3.813301e+02  4.401731e+01  1.001701e+02  5.444452e+01  7.005572e+00 
  405.000  9.848906e+02  3.479205e+02  4.067477e+01  9.162386e+01  4.969620e+01  6.473590e+00 
  406.000  9.747838e+02  3.436845e+02  4.056366e+01  9.068034e+01  4.910736e+01  6.455906e+00 
  407.000  9.470331e+02  3.329951e+02  3.982510e+01  8.809432e+01  4.760206e+01  6.338361e+00 
  408.000  1.023230e+03  3.590510e+02  4.336771e+01  9.517861e+01  5.134473e+01  6.902185e+00 
  409.000  1.129759e+03  3.954397e+02  4.833843e+01  1.050828e+02  5.657257e+01  7.693300e+00 
  410.000  9.420925e+02  3.290303e+02  4.064014e+01  8.762375e+01  4.708950e+01  6.468078e+00 
  411.000  1.103647e+03  3.843999e+02  4.809270e+01  1.026447e+02  5.503950e+01  7.654191e+00 
  412.000  1.140713e+03  3.963748e+02  5.013632e+01  1.060874e+02  5.677692e+01  7.979444e+00 
  413.000  1.074810e+03  3.726882e+02  4.759996e+01  9.995454e+01  5.340326e+01  7.575768e+00 
  414.000  1.052620e+03  3.640156e+02  4.706488e+01  9.788616e+01  5.218444e+01  7.490608e+00 
  415.000  1.119783e+03  3.863609e+02  5.047070e+01  1.041276e+02  5.540934e+01  8.032661e+00 
  416.000  1.110237e+03  3.821115e+02  5.047703e+01  1.032352e+02  5.482326e+01  8.033669e+00 
  417.000  1.073667e+03  3.688346e+02  4.912975e+01  9.983135e+01  5.293526e+01  7.819243e+00 
  418.000  1.047817e+03  3.591011e+02  4.833623e+01  9.742361e+01  5.155917e+01  7.692951e+00 
  419.000  1.071189e+03  3.660455e+02  4.990036e+01  9.959154e+01  5.258229e+01  7.941889e+00 
  420.000  9.045820e+02  3.083890e+02  4.247420e+01  8.409811e+01  4.431776e+01  6.759978e+00 
  421.000  1.130781e+03  3.845687e+02  5.368353e+01  1.051230e+02  5.529075e+01  8.544000e+00 
  422.000  1.080959e+03  3.668652e+02  5.179542e+01  1.004877e+02  5.276609e+01  8.243497e+00 
  423.000  9.109127e+02  3.083888e+02  4.412719e+01  8.467609e+01  4.437622e+01  7.023061e+00 
  424.000  9.997723e+02  3.376337e+02  4.895776e+01  9.293217e+01  4.860726e+01  7.791869e+00 
  425.000  1.033358e+03  3.480268e+02  5.119721e+01  9.604943e+01  5.012930e+01  8.148289e+00 
  426.000  9.910952e+02  3.331736e+02  4.949135e+01  9.211817e+01  4.800671e+01  7.876792e+00 
  427.000  9.514525e+02  3.189717e+02  4.805953e+01  8.842930e+01  4.598418e+01  7.648912e+00 
  428.000  9.615231e+02  3.215312e+02  4.907897e+01  8.936132e+01  4.637537e+01  7.811161e+00 
  429.000  8.729807e+02  2.912773e+02  4.496289e+01  8.112933e+01  4.202934e+01  7.156066e+00 
  430.000  6.952905e+02  2.314056e+02  3.615788e+01  6.461311e+01  3.340588e+01  5.754706e+00 
  431.000  6.238219e+02  2.072179e+02  3.255495e+01  5.796968e+01  2.992295e+01  5.181282e+00 
  432.000  1.120879e+03  3.712730e+02  5.879293e+01  1.041546e+02  5.363626e+01  9.357185e+00 
  433.000  9.959661e+02  3.289849e+02  5.249892e+01  9.254315e+01  4.754716e+01  8.355464e+00 
  434.000  9.448042e+02  3.113924e+02  4.999783e+01  8.778608e+01  4.501983e+01  7.957402e+00 
  435.000  1.026178e+03  3.372404e+02  5.457829e+01  9.534238e+01  4.877822e+01  8.686404e+00 
  436.000  1.135737e+03  3.724438e+02  6.063152e+01  1.055178e+02  5.388768e+01  9.649805e+00 
  437.000  1.144874e+03  3.743037e+02  6.143961e+01  1.063614e+02  5.418182e+01  9.778418e+00 
  438.000  1.023626e+03  3.340298e+02  5.511122e+01  9.509429e+01  4.836599e+01  8.771224e+00 
  439.000  9.889917e+02  3.217768e+02  5.351429e+01  9.187239e+01  4.661277e+01  8.517064e+00 
  440.000  1.106589e+03  3.591927e+02  6.011521e+01  1.027927e+02  5.205153e+01  9.567633e+00 
  441.000  1.100974e+03  3.567549e+02  5.998322e+01  1.022683e+02  5.171183e+01  9.546628e+00 
  442.000  1.157913e+03  3.740736e+02  6.340323e+01  1.075521e+02  5.424716e+01  1.009094e+01 
  443.000  1.163884e+03  3.750668e+02  6.399292e+01  1.081024e+02  5.441185e+01  1.018479e+01 
  444.000  1.154847e+03  3.709774e+02  6.382639e+01  1.072577e+02  5.384459e+01  1.015829e+01 
  445.000  1.212975e+03  3.887623e+02  6.728778e+01  1.126523e+02  5.644555e+01  1.070918e+01 
  446.000  1.078221e+03  3.447800e+02  6.003478e+01  1.001337e+02  5.007717e+01  9.554832e+00 
  447.000  1.227968e+03  3.916362e+02  6.866035e+01  1.140360e+02  5.690547e+01  1.092763e+01 
  448.000  1.246427e+03  3.964027e+02  7.000594e+01  1.157451e+02  5.762284e+01  1.114179e+01 
  449.000  1.252659e+03  3.974749e+02  7.061035e+01  1.163197e+02  5.779884e+01  1.123799e+01 
  450.000  1.277985e+03  4.043233e+02  7.238558e+01  1.186661e+02  5.882121e+01  1.152052e+01 
  451.000  1.378911e+03  4.352423e+02  7.855418e+01  1.280328e+02  6.334428e+01  1.250229e+01 
  452.000  1.279781e+03  4.031585e+02  7.326172e+01  1.188249e+02  5.869447e+01  1.165996e+01 
  453.000  1.186398e+03  3.726978e+02  6.838147e+01  1.101497e+02  5.428555e+01  1.088325e+01 
  454.000  1.263462e+03  3.955676e+02  7.342065e+01  1.172985e+02  5.764971e+01  1.168526e+01 
  455.000  1.270553e+03  3.969577e+02  7.420251e+01  1.179531e+02  5.787281e+01  1.180970e+01 
  456.000  1.299923e+03  4.051230e+02  7.636802e+01  1.206751e+02  5.908821e+01  1.215435e+01 
  457.000  1.305748e+03  4.059532e+02  7.714871e+01  1.212114e+02  5.923363e+01  1.227860e+01 
  458.000  1.281818e+03  3.970869e+02  7.636928e+01  1.189836e+02  5.797518e+01  1.215455e+01 
  459.000  1.280104e+03  3.958286e+02  7.659038e+01  1.188212e+02  5.780946e+01  1.218974e+01 
  460.000  1.267708e+03  3.909865e+02  7.629669e+01  1.176660e+02  5.712724e+01  1.214300e+01 
  461.000  1.312375e+03  4.037130e+02  7.910580e+01  1.218073e+02  5.900753e+01  1.259008e+01 
  462.000  1.289921e+03  3.956157e+02  7.788646e+01  1.197180e+02  5.784758e+01  1.239602e+01 
  463.000  1.288868e+03  3.944449e+02  7.791851e+01  1.196167e+02  5.769319e+01  1.240112e+01 
  464.000  1.291284e+03  3.940907e+02  7.818763e+01  1.198360e+02  5.766306e+01  1.244395e+01 
  465.000  1.270434e+03  3.869126e+02  7.701684e+01  1.178975e+02  5.662892e+01  1.225761e+01 
  466.000  1.309369e+03  3.971633e+02  7.955782e+01  1.215038e+02  5.816108e+01  1.266202e+01 
  467.000  1.261516e+03  3.815860e+02  7.676962e+01  1.170587e+02  5.590100e+01  1.221827e+01 
  468.000  1.334105e+03  4.025285e+02  8.130083e+01  1.237900e+02  5.898914e+01  1.293943e+01 
  469.000  1.321218e+03  3.977548e+02  8.061471e+01  1.225904e+02  5.830714e+01  1.283023e+01 
  470.000  1.302311e+03  3.908653e+02  7.961176e+01  1.208309e+02  5.732125e+01  1.267060e+01 
  471.000  1.299369e+03  3.888835e+02  7.973412e+01  1.205532e+02  5.705510e+01  1.269008e+01 
  472.000  1.314836e+03  3.924510e+02  8.097506e+01  1.219835e+02  5.760216e+01  1.288758e+01 
  473.000  1.300473e+03  3.871421e+02  8.037123e+01  1.206466e+02  5.684573e+01  1.279148e+01 
  474.000  1.310996e+03  3.893110e+02  8.128618e+01  1.216187e+02  5.718570e+01  1.293710e+01 
  475.000  1.364901e+03  4.041273e+02  8.495525e+01  1.266142e+02  5.938863e+01  1.352105e+01 
  476.000  1.324593e+03  3.909415e+02  8.278932e+01  1.228696e+02  5.747883e+01  1.317633e+01 
  477.000  1.313281e+03  3.866772e+02  8.233576e+01  1.218163e+02  5.687254e+01  1.310414e+01 
  478.000  1.375978e+03  4.043762e+02  8.647496e+01  1.276287e+02  5.949271e+01  1.376292e+01 
  479.000  1.310142e+03  3.840828e+02  8.259593e+01  1.215179e+02  5.652822e+01  1.314555e+01 
  480.000  1.332358e+03  3.894253e+02  8.431647e+01  1.235735e+02  5.734067e+01  1.341938e+01 
  481.000  1.321222e+03  3.849615e+02  8.394192e+01  1.225355e+02  5.671041e+01  1.335977e+01 
  482.000  1.346063e+03  3.910645e+02  8.582989e+01  1.248345e+02  5.763486e+01  1.366025e+01 
  483.000  1.345277e+03  3.896137e+02  8.611322e+01  1.247564e+02  5.744836e+01  1.370534e+01 
  484.000  1.291733e+03  3.731186e+02  8.295492e+01  1.197867e+02  5.503827e+01  1.320269e+01 
  485.000  1.299779e+03  3.744103e+02  8.375278e+01  1.205285e+02  5.525193e+01  1.332967e+01 
  486.000  1.052329e+03  3.026079e+02  6.795026e+01  9.758022e+01  4.466771e+01  1.081462e+01 
  487.000  1.181492e+03  3.386509e+02  7.658938e+01  1.095526e+02  5.001260e+01  1.218958e+01 
  488.000  1.281498e+03  3.661951e+02  8.337663e+01  1.188208e+02  5.410547e+01  1.326980e+01 
  489.000  1.190029e+03  3.390477e+02  7.769958e+01  1.103355e+02  5.011705e+01  1.236627e+01 
  490.000  1.353439e+03  3.844375e+02  8.871359e+01  1.254814e+02  5.685301e+01  1.411921e+01 
  491.000  1.265311e+03  3.587113e+02  8.324133e+01  1.173078e+02  5.306570e+01  1.324827e+01 
  492.000  1.215302e+03  3.434874e+02  8.040988e+01  1.126670e+02  5.083957e+01  1.279763e+01 
  493.000  1.308246e+03  3.686072e+02  8.706290e+01  1.212787e+02  5.458612e+01  1.385649e+01 
  494.000  1.263207e+03  3.548731e+02  8.452233e+01  1.170991e+02  5.257824e+01  1.345215e+01 
  495.000  1.349465e+03  3.782293e+02  9.067700e+01  1.250915e+02  5.606050e+01  1.443169e+01 
  496.000  1.314229e+03  3.673387e+02  8.875265e+01  1.218209e+02  5.447156e+01  1.412542e+01 
  497.000  1.274940e+03  3.552733e+02  8.657241e+01  1.181745e+02  5.270939e+01  1.377843e+01 
  498.000  1.244645e+03  3.460403e+02  8.486042e+01  1.153631e+02  5.135924e+01  1.350595e+01 
  499.000  1.241870e+03  3.441051e+02  8.517844e+01  1.151010e+02  5.110098e+01  1.355657e+01 
  500.000  1.236529e+03  3.415872e+02  8.529672e+01  1.146017e+02  5.075338e+01  1.357540e+01 
  501.000  1.208694e+03  3.332254e+02  8.390302e+01  1.120190e+02  4.953108e+01  1.335358e+01 
  502.000  1.201106e+03  3.300083e+02  8.425667e+01  1.113109e+02  4.908651e+01  1.340987e+01 
  503.000  1.272846e+03  3.487507e+02  9.004634e+01  1.179553e+02  5.190327e+01  1.433132e+01 
  504.000  1.184082e+03  3.238649e+02  8.420806e+01  1.097270e+02  4.821651e+01  1.340213e+01 
  505.000  1.277589e+03  3.482207e+02  9.181012e+01  1.183869e+02  5.187903e+01  1.461203e+01 
  506.000  1.367119e+03  3.713573e+02  9.923103e+01  1.266778e+02  5.536386e+01  1.579311e+01 
  507.000  1.271032e+03  3.444696e+02  9.286989e+01  1.177710e+02  5.137886e+01  1.478070e+01 
  508.000  1.218312e+03  3.291133e+02  8.984958e+01  1.128816e+02  4.912036e+01  1.430000e+01 
  509.000  1.312813e+03  3.537838e+02  9.748621e+01  1.216339e+02  5.282814e+01  1.551541e+01 
  510.000  1.271283e+03  3.416410e+02  9.514182e+01  1.177821e+02  5.104340e+01  1.514229e+01 
  511.000  1.271187e+03  3.405610e+02  9.672601e+01  1.177685e+02  5.092454e+01  1.539442e+01 
  512.000  1.333285e+03  3.565191e+02  1.024866e+02  1.235185e+02  5.333830e+01  1.631125e+01 
  513.000  1.220031e+03  3.250485e+02  9.559047e+01  1.130212e+02  4.867814e+01  1.521370e+01 
  514.000  1.193599e+03  3.174445e+02  9.437493e+01  1.105701e+02  4.756218e+01  1.502024e+01 
  515.000  1.218188e+03  3.229455e+02  9.789985e+01  1.128434e+02  4.842850e+01  1.558124e+01 
  516.000  1.279243e+03  3.383253e+02  1.040320e+02  1.184955e+02  5.076752e+01  1.655721e+01 
  517.000  9.426312e+02  2.483640e+02  7.807993e+01  8.731126e+01  3.730629e+01  1.242681e+01 
  518.000  1.166712e+03  3.069253e+02  9.736829e+01  1.080647e+02  4.612212e+01  1.549665e+01 
  519.000  1.105719e+03  2.897901e+02  9.392979e+01  1.024105e+02  4.359133e+01  1.494939e+01 
  520.000  1.217103e+03  3.184284e+02  1.042303e+02  1.127244e+02  4.792167e+01  1.658876e+01 
  521.000  1.218236e+03  3.175029e+02  1.057523e+02  1.128242e+02  4.782593e+01  1.683100e+01 
  522.000  1.266501e+03  3.294822e+02  1.106190e+02  1.172917e+02  4.965151e+01  1.760555e+01 
  523.000  1.180187e+03  3.061422e+02  1.040782e+02  1.092943e+02  4.616539e+01  1.656456e+01 
  524.000  1.280936e+03  3.312208e+02  1.141523e+02  1.186200e+02  4.998427e+01  1.816790e+01 
  525.000  1.270926e+03  3.278903e+02  1.140954e+02  1.176899e+02  4.950776e+01  1.815885e+01 
  526.000  1.211699e+03  3.115336e+02  1.099890e+02  1.122010e+02  4.707592e+01  1.750529e+01 
  527.000  1.059048e+03  2.714113e+02  9.711518e+01  9.806213e+01  4.104378e+01  1.545636e+01 
  528.000  1.272558e+03  3.252114e+02  1.177240e+02  1.178281e+02  4.921187e+01  1.873636e+01 
  529.000  1.309442e+03  3.335993e+02  1.222999e+02  1.212390e+02  5.051764e+01  1.946463e+01 
  530.000  1.237657e+03  3.146735e+02  1.163093e+02  1.145899e+02  4.767408e+01  1.851120e+01 
  531.000  1.348008e+03  3.415380e+02  1.272451e+02  1.248021e+02  5.177541e+01  2.025169e+01 
  532.000  1.286452e+03  3.250101e+02  1.218181e+02  1.190995e+02  4.929351e+01  1.938796e+01 
  533.000  1.129805e+03  2.846155e+02  1.073215e+02  1.045939e+02  4.318774e+01  1.708075e+01 
  534.000  1.228503e+03  3.083137e+02  1.171757e+02  1.137265e+02  4.681330e+01  1.864910e+01 
  535.000  1.252630e+03  3.137716e+02  1.197222e+02  1.159577e+02  4.765718e+01  1.905437e+01 
  536.000  1.328840e+03  3.317422e+02  1.274653e+02  1.230082e+02  5.041507e+01  2.028673e+01 
  537.000  1.232826e+03  3.065453e+02  1.187585e+02  1.141157e+02  4.661704e+01  1.890100e+01 
  538.000  1.290189e+03  3.199672e+02  1.246288e+02  1.194222e+02  4.867952e+01  1.983530e+01 
  539.000  1.285808e+03  3.179181e+02  1.245995e+02  1.190129e+02  4.839223e+01  1.983063e+01 
  540.000  1.258307e+03  3.101436e+02  1.223332e+02  1.164637e+02  4.723361e+01  1.946993e+01 
  541.000  1.153758e+03  2.835800e+02  1.124934e+02  1.067840e+02  4.320827e+01  1.790389e+01 
  542.000  1.287028e+03  3.153850e+02  1.258759e+02  1.191150e+02  4.807850e+01  2.003377e+01 
  543.000  1.231256e+03  3.006894e+02  1.208407e+02  1.139492e+02  4.586440e+01  1.923240e+01 
  544.000  1.298943e+03  3.161981e+02  1.279000e+02  1.202095e+02  4.825591e+01  2.035592e+01 
  545.000  1.279930e+03  3.106367e+02  1.264079e+02  1.184465e+02  4.743091e+01  2.011843e+01 
  546.000  1.251727e+03  3.029721e+02  1.239560e+02  1.158334e+02  4.628146e+01  1.972821e+01 
  547.000  1.305381e+03  3.148871e+02  1.297050e+02  1.207944e+02  4.812884e+01  2.064319e+01 
  548.000  1.212047e+03  2.909789e+02  1.209971e+02  1.121523e+02  4.451003e+01  1.925729e+01 
  549.000  1.275564e+03  3.057216e+02  1.275434e+02  1.180278e+02  4.677807e+01  2.029916e+01 
  550.000  1.248469e+03  2.980857e+02  1.253628e+02  1.155163e+02  4.563982e+01  1.995211e+01 
  551.000  1.241180e+03  2.959626e+02  1.252508e+02  1.148400e+02  4.533204e+01  1.993429e+01 
  552.000  1.295407e+03  3.083271e+02  1.316403e+02  1.198546e+02  4.725146e+01  2.095120e+01 
  553.000  1.245600e+03  2.957282e+02  1.277834e+02  1.152427e+02  4.535425e+01  2.033737e+01 
  554.000  1.287065e+03  3.050257e+02  1.329225e+02  1.190765e+02  4.680485e+01  2.115528e+01 
  555.000  1.291483e+03  3.055178e+02  1.342760e+02  1.194825e+02  4.690540e+01  2.137069e+01 
  556.000  1.256665e+03  2.967956e+02  1.314410e+02  1.162590e+02  4.558820e+01  2.091948e+01 
  557.000  1.220253e+03  2.876980e+02  1.284366e+02  1.128880e+02  4.421327e+01  2.044131e+01 
  558.000  1.267523e+03  2.983414e+02  1.342214e+02  1.172587e+02  4.587156e+01  2.136201e+01 
  559.000  1.199158e+03  2.816043e+02  1.280238e+02  1.109311e+02  4.332723e+01  2.037562e+01 
  560.000  1.205453e+03  2.825317e+02  1.294742e+02  1.115109e+02  4.349327e+01  2.060647e+01 
  561.000  1.325991e+03  3.101689e+02  1.425254e+02  1.226587e+02  4.776346e+01  2.268363e+01 
  562.000  1.218491e+03  2.844735e+02  1.310642e+02  1.127122e+02  4.382061e+01  2.085952e+01 
  563.000  1.275983e+03  2.973203e+02  1.373460e+02  1.180278e+02  4.581424e+01  2.185930e+01 
  564.000  1.259374e+03  2.928124e+02  1.356666e+02  1.164888e+02  4.513589e+01  2.159201e+01 
  565.000  1.275832e+03  2.961185e+02  1.375280e+02  1.180089e+02  4.565880e+01  2.188826e+01 
  566.000  1.177603e+03  2.727178e+02  1.270415e+02  1.089206e+02  4.206599e+01  2.021929e+01 
  567.000  1.265503e+03  2.925402e+02  1.366149e+02  1.170484e+02  4.513717e+01  2.174293e+01 
  568.000  1.267340e+03  2.924940e+02  1.368931e+02  1.172164e+02  4.514206e+01  2.178721e+01 
  569.000  1.251519e+03  2.880051e+02  1.353260e+02  1.157495e+02  4.447063e+01  2.153781e+01 
  570.000  1.258034e+03  2.887000e+02  1.359610e+02  1.163487e+02  4.459568e+01  2.163886e+01 
  571.000  1.208839e+03  2.768214e+02  1.301685e+02  1.117967e+02  4.276810e+01  2.071696e+01 
  572.000  1.284410e+03  2.936980e+02  1.379595e+02  1.187840e+02  4.538081e+01  2.195694e+01 
  573.000  1.297676e+03  2.959869e+02  1.387833e+02  1.200079e+02  4.574371e+01  2.208805e+01 
  574.000  1.291234e+03  2.939043e+02  1.375992e+02  1.194098e+02  4.542944e+01  2.189959e+01 
  575.000  1.261082e+03  2.863207e+02  1.338045e+02  1.166186e+02  4.426615e+01  2.129565e+01 
  576.000  1.238846e+03  2.805341e+02  1.308496e+02  1.145594e+02  4.338066e+01  2.082536e+01 
  577.000  1.288926e+03  2.913200e+02  1.356917e+02  1.191882e+02  4.505543e+01  2.159601e+01 
  578.000  1.249338e+03  2.816210e+02  1.309179e+02  1.155246e+02  4.356469e+01  2.083623e+01 
  579.000  1.238067e+03  2.784388e+02  1.292194e+02  1.144798e+02  4.308036e+01  2.056591e+01 
  580.000  1.278864e+03  2.871682e+02  1.331180e+02  1.182505e+02  4.443651e+01  2.118639e+01 
  581.000  1.253181e+03  2.807383e+02  1.302201e+02  1.158731e+02  4.345386e+01  2.072517e+01 
  582.000  1.270391e+03  2.839402e+02  1.317903e+02  1.174617e+02  4.396165e+01  2.097508e+01 
  583.000  1.278430e+03  2.851913e+02  1.324423e+02  1.182029e+02  4.416554e+01  2.107884e+01 
  584.000  1.274049e+03  2.833185e+02  1.316898e+02  1.177943e+02  4.389223e+01  2.095909e+01 
  585.000  1.265197e+03  2.809408e+02  1.306384e+02  1.169742e+02  4.353150e+01  2.079175e+01 
  586.000  1.210672e+03  2.682147e+02  1.248022e+02  1.119306e+02  4.157114e+01  1.986288e+01 
  587.000  1.260479e+03  2.789496e+02  1.298367e+02  1.165343e+02  4.324055e+01  2.066416e+01 
  588.000  1.259699e+03  2.780199e+02  1.295041e+02  1.164591e+02  4.311055e+01  2.061122e+01 
  589.000  1.133546e+03  2.496601e+02  1.163625e+02  1.047942e+02  3.872266e+01  1.851966e+01 
  590.000  1.185272e+03  2.603248e+02  1.214462e+02  1.095733e+02  4.039055e+01  1.932877e+01 
  591.000  1.247404e+03  2.733862e+02  1.278973e+02  1.153148e+02  4.243167e+01  2.035549e+01 
  592.000  1.230525e+03  2.691773e+02  1.262553e+02  1.137524e+02  4.179133e+01  2.009416e+01 
  593.000  1.229940e+03  2.684060e+02  1.263069e+02  1.136957e+02  4.168787e+01  2.010237e+01 
  594.000  1.244954e+03  2.710515e+02  1.279583e+02  1.150810e+02  4.211473e+01  2.036519e+01 
  595.000  1.231696e+03  2.674337e+02  1.267224e+02  1.138525e+02  4.157113e+01  2.016850e+01 
  596.000  1.249141e+03  2.706270e+02  1.286202e+02  1.154626e+02  4.208256e+01  2.047054e+01 
  597.000  1.257106e+03  2.720893e+02  1.294859e+02  1.161978e+02  4.231661e+01  2.060833e+01 
  598.000  1.226976e+03  2.649596e+02  1.264879e+02  1.134104e+02  4.122317e+01  2.013117e+01 
  599.000  1.226294e+03  2.642058e+02  1.265224e+02  1.133448e+02  4.112124e+01  2.013667e+01 
  600.000  1.222647e+03  2.628602e+02  1.262431e+02  1.130056e+02  4.092597e+01  2.009221e+01 
  601.000  1.213605e+03  2.603536e+02  1.252865e+02  1.121677e+02  4.054839e+01  1.993997e+01 
  602.000  1.200748e+03  2.567134e+02  1.238842e+02  1.109758e+02  4.000077e+01  1.971678e+01 
  603.000  1.207244e+03  2.576055e+02  1.245122e+02  1.115743e+02  4.015068e+01  1.981674e+01 
  604.000  1.244205e+03  2.650968e+02  1.282907e+02  1.149887e+02  4.132695e+01  2.041809e+01 
  605.000  1.240569e+03  2.636871e+02  1.278618e+02  1.146502e+02  4.112111e+01  2.034983e+01 
  606.000  1.226126e+03  2.599142e+02  1.263134e+02  1.133126e+02  4.054816e+01  2.010340e+01 
  607.000  1.219072e+03  2.578814e+02  1.255411e+02  1.126587e+02  4.024282e+01  1.998048e+01 
  608.000  1.214675e+03  2.562169e+02  1.250258e+02  1.122495e+02  3.999917e+01  1.989847e+01 
  609.000  1.201911e+03  2.532304e+02  1.236870e+02  1.110688e+02  3.953937e+01  1.968540e+01 
  610.000  1.182610e+03  2.485764e+02  1.216508e+02  1.092829e+02  3.882558e+01  1.936133e+01 
  611.000  1.201527e+03  2.520599e+02  1.234503e+02  1.110292e+02  3.937912e+01  1.964772e+01 
  612.000  1.185938e+03  2.479783e+02  1.215773e+02  1.095855e+02  3.875661e+01  1.934963e+01 
  613.000  1.168475e+03  2.437683e+02  1.196004e+02  1.079698e+02  3.810908e+01  1.903500e+01 
  614.000  1.126076e+03  2.345004e+02  1.151193e+02  1.040504e+02  3.666809e+01  1.832181e+01 
  615.000  1.179850e+03  2.451889e+02  1.204464e+02  1.090173e+02  3.834894e+01  1.916963e+01 
  616.000  1.121910e+03  2.324249e+02  1.142898e+02  1.036609e+02  3.636609e+01  1.818979e+01 
  617.000  1.128220e+03  2.331918e+02  1.147522e+02  1.042419e+02  3.649617e+01  1.826337e+01 
  618.000  1.181405e+03  2.437545e+02  1.200180e+02  1.091543e+02  3.815734e+01  1.910146e+01 
  619.000  1.170802e+03  2.409761e+02  1.187436e+02  1.081724e+02  3.773345e+01  1.889863e+01 
  620.000  1.188447e+03  2.439261e+02  1.203335e+02  1.098002e+02  3.820845e+01  1.915168e+01 
  621.000  1.209269e+03  2.475755e+02  1.225506e+02  1.117215e+02  3.879580e+01  1.950453e+01 
  622.000  1.145574e+03  2.342691e+02  1.161419e+02  1.058359e+02  3.671735e+01  1.848456e+01 
  623.000  1.155277e+03  2.354393e+02  1.172672e+02  1.067291e+02  3.692122e+01  1.866366e+01 
  624.000  1.156834e+03  2.353766e+02  1.174914e+02  1.068716e+02  3.692095e+01  1.869934e+01 
  625.000  1.125870e+03  2.286524e+02  1.144203e+02  1.040093e+02  3.587686e+01  1.821056e+01 
  626.000  1.132815e+03  2.293249e+02  1.152544e+02  1.046482e+02  3.600093e+01  1.834330e+01 
  627.000  1.157308e+03  2.336233e+02  1.178610e+02  1.069083e+02  3.669231e+01  1.875815e+01 
  628.000  1.175077e+03  2.366815e+02  1.197622e+02  1.085476e+02  3.718591e+01  1.906074e+01 
  629.000  1.184426e+03  2.382094e+02  1.207767e+02  1.094099e+02  3.743489e+01  1.922220e+01 
  630.000  1.141953e+03  2.292333e+02  1.165210e+02  1.054849e+02  3.603521e+01  1.854489e+01 
  631.000  1.178564e+03  2.358083e+02  1.202217e+02  1.088639e+02  3.708609e+01  1.913388e+01 
  632.000  1.098413e+03  2.192975e+02  1.120054e+02  1.014586e+02  3.449977e+01  1.782622e+01 
  633.000  1.172474e+03  2.336233e+02  1.195183e+02  1.082978e+02  3.676356e+01  1.902192e+01 
  634.000  1.134758e+03  2.252955e+02  1.156046e+02  1.048111e+02  3.547082e+01  1.839904e+01 
  635.000  1.154228e+03  2.289844e+02  1.175731e+02  1.066087e+02  3.605547e+01  1.871233e+01 
  636.000  1.112103e+03  2.199661e+02  1.132259e+02  1.027154e+02  3.464989e+01  1.802045e+01 
  637.000  1.147891e+03  2.263064e+02  1.168067e+02  1.060181e+02  3.566476e+01  1.859037e+01 
  638.000  1.162827e+03  2.288838e+02  1.182954e+02  1.073963e+02  3.607897e+01  1.882730e+01 
  639.000  1.152620e+03  2.263382e+02  1.172115e+02  1.064517e+02  3.568941e+01  1.865478e+01 
  640.000  1.114634e+03  2.186142e+02  1.133261e+02  1.029424e+02  3.447726e+01  1.803641e+01 
  641.000  1.130510e+03  2.209327e+02  1.145972e+02  1.044058e+02  3.485681e+01  1.823871e+01 
  642.000  1.115934e+03  2.175736e+02  1.128249e+02  1.030579e+02  3.433485e+01  1.795664e+01 
  643.000  1.136740e+03  2.211694e+02  1.146625e+02  1.049777e+02  3.490950e+01  1.824910e+01 
  644.000  1.123562e+03  2.180533e+02  1.130145e+02  1.037588e+02  3.442630e+01  1.798682e+01 
  645.000  1.135511e+03  2.196765e+02  1.138150e+02  1.048598e+02  3.469346e+01  1.811421e+01 
  646.000  1.100651e+03  2.125104e+02  1.100773e+02  1.016392e+02  3.356833e+01  1.751935e+01 
  647.000  1.121864e+03  2.160142e+02  1.118574e+02  1.035960e+02  3.413104e+01  1.780266e+01 
  648.000  1.126540e+03  2.165430e+02  1.121094e+02  1.040265e+02  3.422042e+01  1.784276e+01 
  649.000  1.143165e+03  2.188828e+02  1.132703e+02  1.055587e+02  3.460353e+01  1.802753e+01 
  650.000  1.048868e+03  2.001274e+02  1.035938e+02  9.684896e+01  3.165028e+01  1.648747e+01 
  651.000  1.129726e+03  2.152908e+02  1.114917e+02  1.043141e+02  3.405331e+01  1.774445e+01 
  652.000  1.118075e+03  2.125567e+02  1.101705e+02  1.032366e+02  3.363042e+01  1.753419e+01 
  653.000  1.128903e+03  2.142240e+02  1.111070e+02  1.042349e+02  3.390150e+01  1.768323e+01 
  654.000  1.115878e+03  2.108740e+02  1.095323e+02  1.030293e+02  3.338770e+01  1.743262e+01 
  655.000  1.090429e+03  2.058072e+02  1.069485e+02  1.006786e+02  3.259026e+01  1.702138e+01 
  656.000  9.246815e+02  1.740880e+02  9.054679e+01  8.537375e+01  2.757553e+01  1.441097e+01 
  657.000  9.850308e+02  1.849993e+02  9.630623e+01  9.094409e+01  2.931227e+01  1.532761e+01 
  658.000  1.093635e+03  2.047144e+02  1.066973e+02  1.009687e+02  3.244870e+01  1.698140e+01 
  659.000  1.094344e+03  2.041353e+02  1.065295e+02  1.010317e+02  3.237015e+01  1.695469e+01 
  660.000  1.101844e+03  2.052694e+02  1.071486e+02  1.017232e+02  3.255463e+01  1.705323e+01 
  661.000  1.104199e+03  2.049164e+02  1.067348e+02  1.019380e+02  3.250872e+01  1.698737e+01 
  662.000  1.118574e+03  2.073922e+02  1.079684e+02  1.032644e+02  3.290393e+01  1.718371e+01 
  663.000  1.106825e+03  2.043933e+02  1.061684e+02  1.021771e+02  3.243857e+01  1.689722e+01 
  664.000  1.088651e+03  2.007441e+02  1.041872e+02  1.004983e+02  3.186314e+01  1.658191e+01 
  665.000  1.093160e+03  2.010324e+02  1.041780e+02  1.009128e+02  3.191580e+01  1.658045e+01 
  666.000  1.105840e+03  2.028977e+02  1.050079e+02  1.020817e+02  3.221786e+01  1.671253e+01 
  667.000  1.083825e+03  1.981004e+02  1.023025e+02  1.000470e+02  3.146572e+01  1.628195e+01 
  668.000  1.089410e+03  1.987597e+02  1.025365e+02  1.005613e+02  3.157504e+01  1.631919e+01 
  669.000  1.105062e+03  2.009351e+02  1.034580e+02  1.020039e+02  3.192924e+01  1.646586e+01 
  670.000  1.091587e+03  1.981761e+02  1.019462e+02  1.007589e+02  3.149474e+01  1.622523e+01 
  671.000  1.080251e+03  1.953155e+02  1.009585e+02  9.970981e+01  3.105900e+01  1.606805e+01 
  672.000  1.076451e+03  1.944180e+02  1.006413e+02  9.935838e+01  3.092148e+01  1.601756e+01 
  673.000  1.084400e+03  1.951268e+02  1.015153e+02  1.000895e+02  3.105210e+01  1.615665e+01 
  674.000  1.086313e+03  1.951791e+02  1.017469e+02  1.002651e+02  3.106760e+01  1.619352e+01 
  675.000  1.069954e+03  1.915226e+02  1.003436e+02  9.875266e+01  3.050323e+01  1.597019e+01 
  676.000  1.089965e+03  1.948383e+02  1.022681e+02  1.005986e+02  3.103786e+01  1.627648e+01 
  677.000  1.068244e+03  1.906029e+02  1.002935e+02  9.859268e+01  3.037183e+01  1.596220e+01 
  678.000  1.086176e+03  1.931339e+02  1.020971e+02  1.002454e+02  3.079157e+01  1.624925e+01 
  679.000  1.070827e+03  1.900870e+02  1.007113e+02  9.882771e+01  3.031362e+01  1.602871e+01 
  680.000  1.063373e+03  1.880444e+02  1.003798e+02  9.813728e+01  3.000843e+01  1.597594e+01 
  681.000  1.065039e+03  1.880619e+02  1.012522e+02  9.828991e+01  3.002597e+01  1.611480e+01 
  682.000  1.063216e+03  1.871434e+02  1.026180e+02  9.811931e+01  2.991103e+01  1.633216e+01 
  683.000  1.070644e+03  1.881397e+02  1.041371e+02  9.880365e+01  3.008682e+01  1.657394e+01 
  684.000  1.052502e+03  1.843854e+02  1.038309e+02  9.712723e+01  2.951649e+01  1.652520e+01 
  685.000  1.063674e+03  1.861637e+02  1.053928e+02  9.815743e+01  2.981066e+01  1.677378e+01 
  686.000  1.021104e+03  1.782214e+02  1.024399e+02  9.422718e+01  2.856492e+01  1.630383e+01 
  687.000  1.069850e+03  1.862457e+02  1.085727e+02  9.872353e+01  2.987665e+01  1.727988e+01 
  688.000  1.055429e+03  1.834191e+02  1.079208e+02  9.739160e+01  2.943997e+01  1.717613e+01 
  689.000  1.062871e+03  1.842510e+02  1.098650e+02  9.807652e+01  2.959791e+01  1.748556e+01 
  690.000  1.060429e+03  1.835159e+02  1.104119e+02  9.784998e+01  2.949630e+01  1.757260e+01 
  691.000  1.053986e+03  1.820970e+02  1.128310e+02  9.725387e+01  2.931148e+01  1.795761e+01 
  692.000  1.039666e+03  1.793082e+02  1.158834e+02  9.593053e+01  2.892356e+01  1.844342e+01 
  693.000  1.041972e+03  1.795218e+02  1.188162e+02  9.614220e+01  2.899360e+01  1.891018e+01 
  694.000  1.051246e+03  1.807044e+02  1.262472e+02  9.699537e+01  2.926868e+01  2.009286e+01 
  695.000  1.030433e+03  1.770715e+02  1.268539e+02  9.507410e+01  2.871796e+01  2.018942e+01 
  696.000  1.041238e+03  1.788860e+02  1.313875e+02  9.607021e+01  2.905074e+01  2.091096e+01 
  697.000  1.039385e+03  1.785025e+02  1.360606e+02  9.589806e+01  2.904737e+01  2.165472e+01 
  698.000  1.020811e+03  1.752760e+02  1.363553e+02  9.418362e+01  2.855504e+01  2.170162e+01 
  699.000  1.043089e+03  1.790859e+02  1.404568e+02  9.623874e+01  2.918922e+01  2.235439e+01 
  700.000  1.030709e+03  1.768733e+02  1.454841e+02  9.509488e+01  2.890867e+01  2.315452e+01 
  701.000  1.008421e+03  1.730259e+02  1.453981e+02  9.303775e+01  2.831596e+01  2.314082e+01 
  702.000  1.003121e+03  1.720923e+02  1.478884e+02  9.254804e+01  2.820157e+01  2.353717e+01 
  703.000  1.014806e+03  1.740510e+02  1.556770e+02  9.362473e+01  2.859401e+01  2.477676e+01 
  704.000  1.017760e+03  1.745337e+02  1.592451e+02  9.389655e+01  2.870996e+01  2.534464e+01 
  705.000  1.026933e+03  1.760688e+02  1.655269e+02  9.474165e+01  2.901945e+01  2.634442e+01 
  706.000  1.016043e+03  1.741677e+02  1.680834e+02  9.373603e+01  2.875673e+01  2.675131e+01 
  707.000  1.000489e+03  1.714751e+02  1.687889e+02  9.230030e+01  2.835062e+01  2.686359e+01 
  708.000  1.029311e+03  1.763797e+02  1.779971e+02  9.495827e+01  2.921242e+01  2.832912e+01 
  709.000  9.920131e+02  1.699550e+02  1.756119e+02  9.151645e+01  2.819592e+01  2.794950e+01 
  710.000  1.016034e+03  1.740494e+02  1.823728e+02  9.373184e+01  2.890453e+01  2.902554e+01 
  711.000  1.005109e+03  1.720854e+02  1.862378e+02  9.272251e+01  2.864751e+01  2.964067e+01 
  712.000  9.903990e+02  1.695243e+02  1.859634e+02  9.136486e+01  2.825031e+01  2.959699e+01 
  713.000  9.870267e+02  1.688849e+02  1.888915e+02  9.105286e+01  2.818608e+01  3.006302e+01 
  714.000  1.003980e+03  1.717690e+02  1.930923e+02  9.261656e+01  2.867878e+01  3.073160e+01 
  715.000  9.700714e+02  1.658767e+02  1.917253e+02  8.948714e+01  2.775615e+01  3.051404e+01 
  716.000  9.964994e+02  1.703250e+02  2.009350e+02  9.192406e+01  2.854772e+01  3.197980e+01 
  717.000  9.732822e+02  1.663238e+02  1.980880e+02  8.978185e+01  2.789882e+01  3.152668e+01 
  718.000  9.694521e+02  1.655735e+02  2.026396e+02  8.942717e+01  2.783603e+01  3.225111e+01 
  719.000  9.586913e+02  1.636920e+02  2.028028e+02  8.843392e+01  2.754822e+01  3.227707e+01 
  720.000  9.662559e+02  1.649475e+02  2.063896e+02  8.913120e+01  2.778299e+01  3.284792e+01 
  721.000  9.625252e+02  1.641973e+02  2.124720e+02  8.878535e+01  2.773741e+01  3.381598e+01 
  722.000  9.752692e+02  1.663187e+02  2.185601e+02  8.996007e+01  2.813415e+01  3.478492e+01 
  723.000  9.737072e+02  1.660130e+02  2.206507e+02  8.981538e+01  2.811101e+01  3.511765e+01 
  724.000  9.810601e+02  1.672424e+02  2.238164e+02  9.049326e+01  2.833673e+01  3.562149e+01 
  725.000  9.703689e+02  1.653263e+02  2.271224e+02  8.950566e+01  2.807921e+01  3.614766e+01 
  726.000  9.689054e+02  1.650034e+02  2.312492e+02  8.936959e+01  2.807653e+01  3.680445e+01 
  727.000  9.829709e+02  1.673922e+02  2.350031e+02  9.066686e+01  2.848763e+01  3.740191e+01 
  728.000  9.666018e+02  1.645211e+02  2.361211e+02  8.915578e+01  2.805765e+01  3.757984e+01 
  729.000  9.278890e+02  1.578558e+02  2.312065e+02  8.558395e+01  2.697381e+01  3.679766e+01 
  730.000  9.623984e+02  1.636662e+02  2.427302e+02  8.876617e+01  2.800098e+01  3.863170e+01 
  731.000  9.467153e+02  1.609332e+02  2.406713e+02  8.731907e+01  2.755637e+01  3.830403e+01 
  732.000  9.636088e+02  1.637447e+02  2.466955e+02  8.887669e+01  2.805871e+01  3.926281e+01 
  733.000  9.481048e+02  1.609725e+02  2.466605e+02  8.744551e+01  2.763128e+01  3.925723e+01 
  734.000  9.672615e+02  1.641005e+02  2.551908e+02  8.921131e+01  2.821105e+01  4.061487e+01 
  735.000  9.598980e+02  1.627778e+02  2.553317e+02  8.853154e+01  2.800883e+01  4.063731e+01 
  736.000  9.426590e+02  1.597953e+02  2.524214e+02  8.694108e+01  2.751586e+01  4.017411e+01 
  737.000  9.550113e+02  1.617376e+02  2.600080e+02  8.807903e+01  2.790190e+01  4.138155e+01 
  738.000  9.520379e+02  1.611456e+02  2.616834e+02  8.780405e+01  2.782971e+01  4.164820e+01 
  739.000  9.211549e+02  1.558291e+02  2.556911e+02  8.495504e+01  2.694162e+01  4.069451e+01 
  740.000  9.293788e+02  1.571673e+02  2.594561e+02  8.571306e+01  2.719082e+01  4.129373e+01 
  741.000  9.217819e+02  1.557903e+02  2.590937e+02  8.501180e+01  2.697457e+01  4.123604e+01 
  742.000  9.069401e+02  1.529189e+02  2.585876e+02  8.364116e+01  2.652799e+01  4.115549e+01 
  743.000  9.334214e+02  1.572522e+02  2.674647e+02  8.608270e+01  2.729804e+01  4.256832e+01 
  744.000  9.422058e+02  1.585986e+02  2.713259e+02  8.689214e+01  2.755030e+01  4.318285e+01 
  745.000  9.177025e+02  1.543448e+02  2.655691e+02  8.463174e+01  2.682929e+01  4.226664e+01 
  746.000  9.306260e+02  1.563102e+02  2.713983e+02  8.582250e+01  2.719974e+01  4.319439e+01 
  747.000  9.453069e+02  1.585923e+02  2.775216e+02  8.717546e+01  2.762223e+01  4.416894e+01 
  748.000  9.277685e+02  1.555665e+02  2.732074e+02  8.555766e+01  2.710673e+01  4.348231e+01 
  749.000  9.279731e+02  1.554973e+02  2.743036e+02  8.557601e+01  2.710893e+01  4.365678e+01 
  750.000  9.146030e+02  1.531076e+02  2.718424e+02  8.434229e+01  2.671286e+01  4.326507e+01 
  751.000  9.123231e+02  1.526000e+02  2.719794e+02  8.413148e+01  2.663679e+01  4.328687e+01 
  752.000  9.264908e+02  1.545762e+02  2.780716e+02  8.543641e+01  2.701336e+01  4.425647e+01 
  753.000  9.177372e+02  1.530006e+02  2.759904e+02  8.462872e+01  2.674727e+01  4.392523e+01 
  754.000  9.321893e+02  1.552349e+02  2.811662e+02  8.596070e+01  2.715191e+01  4.474899e+01 
  755.000  9.269614e+02  1.541823e+02  2.804512e+02  8.547789e+01  2.698241e+01  4.463519e+01 
  756.000  9.088815e+02  1.510397e+02  2.756216e+02  8.381015e+01  2.644329e+01  4.386654e+01 
  757.000  9.156268e+02  1.520233e+02  2.783169e+02  8.443159e+01  2.662649e+01  4.429551e+01 
  758.000  9.155944e+02  1.516452e+02  2.800683e+02  8.442712e+01  2.659005e+01  4.457426e+01 
  759.000  9.013645e+02  1.490970e+02  2.766188e+02  8.311421e+01  2.615851e+01  4.402526e+01 
  760.000  9.096241e+02  1.503088e+02  2.797964e+02  8.387523e+01  2.638253e+01  4.453099e+01 
  761.000  9.102885e+02  1.502176e+02  2.803830e+02  8.393578e+01  2.637645e+01  4.462434e+01 
  762.000  8.856619e+02  1.459701e+02  2.731015e+02  8.166437e+01  2.563924e+01  4.346546e+01 
  763.000  9.129952e+02  1.502660e+02  2.818763e+02  8.418399e+01  2.640359e+01  4.486201e+01 
  764.000  9.147075e+02  1.501913e+02  2.829951e+02  8.434064e+01  2.640712e+01  4.504007e+01 
  765.000  9.148571e+02  1.500621e+02  2.832955e+02  8.435392e+01  2.639161e+01  4.508789e+01 
  766.000  8.628953e+02  1.413544e+02  2.675100e+02  7.956218e+01  2.486879e+01  4.257555e+01 
  767.000  8.696602e+02  1.422425e+02  2.699709e+02  8.018515e+01  2.503532e+01  4.296720e+01 
  768.000  8.994276e+02  1.469579e+02  2.794653e+02  8.292928e+01  2.587240e+01  4.447828e+01 
  769.000  8.929944e+02  1.456004e+02  2.779722e+02  8.233509e+01  2.564770e+01  4.424065e+01 
  770.000  8.857462e+02  1.443590e+02  2.758143e+02  8.166660e+01  2.543180e+01  4.389721e+01 
  771.000  8.852134e+02  1.441057e+02  2.759054e+02  8.161691e+01  2.539476e+01  4.391171e+01 
  772.000  8.819194e+02  1.430038e+02  2.755198e+02  8.131133e+01  2.522379e+01  4.385033e+01 
  773.000  8.783041e+02  1.422351e+02  2.745970e+02  8.097740e+01  2.509569e+01  4.370348e+01 
  774.000  8.874392e+02  1.435671e+02  2.776198e+02  8.181915e+01  2.533677e+01  4.418457e+01 
  775.000  8.539972e+02  1.380469e+02  2.672826e+02  7.873553e+01  2.436707e+01  4.253935e+01 
  776.000  8.892367e+02  1.435222e+02  2.785619e+02  8.198376e+01  2.534260e+01  4.433450e+01 
  777.000  8.833260e+02  1.422772e+02  2.770394e+02  8.143788e+01  2.513469e+01  4.409219e+01 
  778.000  8.788123e+02  1.413651e+02  2.758329e+02  8.102113e+01  2.498114e+01  4.390018e+01 
  779.000  8.819448e+02  1.416474e+02  2.770665e+02  8.130920e+01  2.504009e+01  4.409650e+01 
  780.000  8.712711e+02  1.397502e+02  2.739199e+02  8.032456e+01  2.471220e+01  4.359571e+01 
  781.000  8.700074e+02  1.392133e+02  2.740471e+02  8.020695e+01  2.463248e+01  4.361595e+01 
  782.000  8.808406e+02  1.406650e+02  2.779220e+02  8.120473e+01  2.490238e+01  4.423267e+01 
  783.000  8.604673e+02  1.372595e+02  2.717433e+02  7.932602e+01  2.430652e+01  4.324928e+01 
  784.000  8.656186e+02  1.379120e+02  2.736476e+02  7.980035e+01  2.442989e+01  4.355238e+01 
  785.000  8.686874e+02  1.382292e+02  2.748994e+02  8.008270e+01  2.449402e+01  4.375159e+01 
  786.000  8.547195e+02  1.358461e+02  2.707421e+02  7.879449e+01  2.407916e+01  4.308995e+01 
  787.000  8.694322e+02  1.378920e+02  2.758817e+02  8.014985e+01  2.445529e+01  4.390793e+01 
  788.000  8.573773e+02  1.359088e+02  2.721732e+02  7.903831e+01  2.410686e+01  4.331771e+01 
  789.000  8.658085e+02  1.369314e+02  2.753634e+02  7.981451e+01  2.430271e+01  4.382545e+01 
  790.000  8.574304e+02  1.354785e+02  2.729080e+02  7.904176e+01  2.405075e+01  4.343465e+01 
  791.000  8.527513e+02  1.344673e+02  2.716651e+02  7.860956e+01  2.388169e+01  4.323684e+01 
  792.000  8.389827e+02  1.320924e+02  2.674079e+02  7.733968e+01  2.346715e+01  4.255930e+01 
  793.000  8.371858e+02  1.316548e+02  2.669332e+02  7.717357e+01  2.339492e+01  4.248373e+01 
  794.000  8.265472e+02  1.295213e+02  2.638327e+02  7.619144e+01  2.303217e+01  4.199027e+01 
  795.000  8.237581e+02  1.289069e+02  2.630546e+02  7.593380e+01  2.292922e+01  4.186644e+01 
  796.000  8.419873e+02  1.315468e+02  2.690104e+02  7.761352e+01  2.340635e+01  4.281433e+01 
  797.000  8.463522e+02  1.320373e+02  2.705260e+02  7.801526e+01  2.350042e+01  4.305555e+01 
  798.000  8.445130e+02  1.315414e+02  2.700701e+02  7.784509e+01  2.341957e+01  4.298300e+01 
  799.000  8.445327e+02  1.314471e+02  2.701379e+02  7.784660e+01  2.340625e+01  4.299379e+01 
